[05/09/18, 22:02:17:203] info: ╔════════════════════════════════════════════════════════════════════════════╗
[05/09/18, 22:02:17:204] info: ║      Slack 3.1.1, linux 4.16.7-1-zen on x64 at 05/09/18, 22:02:17:191      ║
[05/09/18, 22:02:17:204] info: ╚════════════════════════════════════════════════════════════════════════════╝
[05/09/18, 22:02:17:451] info: Initializing local storage instance at path: /home/nitoli/.config/Slack/local-settings.json
[05/09/18, 22:02:18:304] error: Calls failed to load, bailing
[05/09/18, 22:02:18:315] info: cld3::loadModule: loading cld3 module
[05/09/18, 22:02:18:377] info: cld3Loader::loadModule: running environment is NODE
[05/09/18, 22:02:18:377] info: cld3Loader::loadModule: constructed module object for runtime
[05/09/18, 22:02:19:046] info: cld3Loader::initializeRuntime: successfully initialized module
[05/09/18, 22:02:19:046] info: cld3Loader::loadModule: initialized wasm binary Runtime
[05/09/18, 22:02:19:055] warn: updateSpellcheckerLanguage: Tried to update language, but spellchecker not initialized
[05/09/18, 22:02:19:056] info: SSBIntegration: Main window preload script loaded 2666.02183
[05/09/18, 22:02:19:099] info: Store: UPSERT_WEB_CONTENTS
{
  "id": 4,
  "state": "loaded",
  "teamId": "T5YEC6G73"
}
[05/09/18, 22:02:19:109] info: Store: UPSERT_WEB_CONTENTS
{
  "id": 4,
  "state": "empty-page",
  "teamId": "T5YEC6G73"
}
[05/09/18, 22:02:19:109] info: Store: UPSERT_WEB_CONTENTS
{
  "id": 4,
  "state": "page-will-navigate",
  "teamId": "T5YEC6G73"
}
[05/09/18, 22:02:19:127] info: Store: UPSERT_WEB_CONTENTS
{
  "id": 3,
  "state": "loaded",
  "teamId": "T02R0MMHK"
}
[05/09/18, 22:02:19:132] info: Store: UPSERT_WEB_CONTENTS
{
  "id": 3,
  "state": "empty-page",
  "teamId": "T02R0MMHK"
}
[05/09/18, 22:02:19:136] info: Store: UPSERT_WEB_CONTENTS
{
  "id": 3,
  "state": "page-will-navigate",
  "teamId": "T02R0MMHK"
}
[05/09/18, 22:02:19:149] info: Window is unloading, winssb is no longer accessible
[05/09/18, 22:02:19:498] info: Store: UPSERT_WEB_CONTENTS
{
  "id": 6,
  "state": "loaded",
  "teamId": "T5LFW0CUB"
}
[05/09/18, 22:02:19:517] info: Store: UPSERT_WEB_CONTENTS
{
  "id": 6,
  "state": "empty-page",
  "teamId": "T5LFW0CUB"
}
[05/09/18, 22:02:19:530] info: Store: UPSERT_WEB_CONTENTS
{
  "id": 6,
  "state": "page-will-navigate",
  "teamId": "T5LFW0CUB"
}
[05/09/18, 22:02:19:541] info: Store: UPSERT_WEB_CONTENTS
{
  "id": 7,
  "state": "loaded",
  "teamId": "T0GFBAM8C"
}
[05/09/18, 22:02:19:564] info: Store: UPSERT_WEB_CONTENTS
{
  "id": 7,
  "state": "empty-page",
  "teamId": "T0GFBAM8C"
}
[05/09/18, 22:02:19:574] info: Store: UPSERT_WEB_CONTENTS
{
  "id": 7,
  "state": "page-will-navigate",
  "teamId": "T0GFBAM8C"
}
[05/09/18, 22:02:19:697] info: Store: UPSERT_WEB_CONTENTS
{
  "id": 5,
  "state": "loaded",
  "teamId": "T4HEMM0UR"
}
[05/09/18, 22:02:19:714] info: Store: UPSERT_WEB_CONTENTS
{
  "id": 5,
  "state": "empty-page",
  "teamId": "T4HEMM0UR"
}
[05/09/18, 22:02:19:718] info: Store: UPSERT_WEB_CONTENTS
{
  "id": 5,
  "state": "page-will-navigate",
  "teamId": "T4HEMM0UR"
}
[05/09/18, 22:02:19:920] info: Store: SET_NETWORK_STATUS offline
