[05/01/18, 17:59:05:992] info: ╔════════════════════════════════════════════════════════════════════════════╗
[05/01/18, 17:59:05:997] info: ║      Slack 3.1.1, linux 4.16.5-1-zen on x64 at 05/01/18, 17:59:05:987      ║
[05/01/18, 17:59:05:997] info: ╚════════════════════════════════════════════════════════════════════════════╝
[05/01/18, 17:59:06:343] info: Initializing local storage instance at path: /home/nitoli/.config/Slack/local-settings.json
[05/01/18, 17:59:07:285] error: Calls failed to load, bailing
[05/01/18, 17:59:07:310] info: cld3::loadModule: loading cld3 module
[05/01/18, 17:59:07:506] info: cld3Loader::loadModule: running environment is NODE
[05/01/18, 17:59:07:507] info: cld3Loader::loadModule: constructed module object for runtime
[05/01/18, 17:59:08:833] info: cld3Loader::initializeRuntime: successfully initialized module
[05/01/18, 17:59:08:833] info: cld3Loader::loadModule: initialized wasm binary Runtime
[05/01/18, 17:59:08:858] warn: updateSpellcheckerLanguage: Tried to update language, but spellchecker not initialized
[05/01/18, 17:59:08:861] info: SSBIntegration: Main window preload script loaded 4284.787869
[05/01/18, 17:59:08:881] info: Store: UPSERT_WEB_CONTENTS
{
  "id": 3,
  "state": "loaded",
  "teamId": "T5YEC6G73"
}
[05/01/18, 17:59:08:884] info: Store: UPSERT_WEB_CONTENTS
{
  "id": 3,
  "state": "empty-page",
  "teamId": "T5YEC6G73"
}
[05/01/18, 17:59:08:885] info: Store: UPSERT_WEB_CONTENTS
{
  "id": 3,
  "state": "page-will-navigate",
  "teamId": "T5YEC6G73"
}
[05/01/18, 17:59:08:900] info: Store: UPSERT_WEB_CONTENTS
{
  "id": 5,
  "state": "loaded",
  "teamId": "T4HEMM0UR"
}
[05/01/18, 17:59:08:936] info: Store: UPSERT_WEB_CONTENTS
{
  "id": 5,
  "state": "empty-page",
  "teamId": "T4HEMM0UR"
}
[05/01/18, 17:59:08:967] info: Store: UPSERT_WEB_CONTENTS
{
  "id": 5,
  "state": "page-will-navigate",
  "teamId": "T4HEMM0UR"
}
[05/01/18, 17:59:08:973] info: Window is unloading, winssb is no longer accessible
[05/01/18, 17:59:09:054] info: Store: UPSERT_WEB_CONTENTS
{
  "id": 4,
  "state": "loaded",
  "teamId": "T02R0MMHK"
}
[05/01/18, 17:59:09:079] info: Store: UPSERT_WEB_CONTENTS
{
  "id": 4,
  "state": "empty-page",
  "teamId": "T02R0MMHK"
}
[05/01/18, 17:59:09:089] info: Store: UPSERT_WEB_CONTENTS
{
  "id": 4,
  "state": "page-will-navigate",
  "teamId": "T02R0MMHK"
}
[05/01/18, 17:59:09:486] info: Store: SET_NETWORK_STATUS offline
[05/01/18, 17:59:09:905] info: Store: UPDATE_SESSION_STATUS
{
  "hasValidSession": true,
  "teamId": "T5YEC6G73"
}
[05/01/18, 17:59:09:929] info: Store: UPDATE_SESSION_STATUS
{
  "hasValidSession": true,
  "teamId": "T4HEMM0UR"
}
[05/01/18, 17:59:09:936] info: Store: UPDATE_SESSION_STATUS
{
  "hasValidSession": true,
  "teamId": "T02R0MMHK"
}
[05/01/18, 17:59:10:174] info: Store: SET_NETWORK_STATUS online
[05/01/18, 17:59:10:188] info: Store: MAIN_WINDOW_SHOWN
