[05/07/18, 19:44:48:120] info: ╔════════════════════════════════════════════════════════════════════════════╗
[05/07/18, 19:44:48:121] info: ║      Slack 3.1.1, linux 4.16.6-1-zen on x64 at 05/07/18, 19:44:48:116      ║
[05/07/18, 19:44:48:121] info: ╚════════════════════════════════════════════════════════════════════════════╝
[05/07/18, 19:44:48:286] info: Initializing local storage instance at path: /home/nitoli/.config/Slack/local-settings.json
[05/07/18, 19:44:49:145] error: Calls failed to load, bailing
[05/07/18, 19:44:49:147] info: cld3::loadModule: loading cld3 module
[05/07/18, 19:44:49:215] info: cld3Loader::loadModule: running environment is NODE
[05/07/18, 19:44:49:222] info: cld3Loader::loadModule: constructed module object for runtime
[05/07/18, 19:44:49:774] info: cld3Loader::initializeRuntime: successfully initialized module
[05/07/18, 19:44:49:774] info: cld3Loader::loadModule: initialized wasm binary Runtime
[05/07/18, 19:44:49:789] warn: updateSpellcheckerLanguage: Tried to update language, but spellchecker not initialized
[05/07/18, 19:44:49:790] info: SSBIntegration: Main window preload script loaded 2389.862417
[05/07/18, 19:44:49:804] info: Store: SET_NETWORK_STATUS online
[05/07/18, 19:44:49:829] info: Store: UPSERT_WEB_CONTENTS
{
  "id": 6,
  "state": "loaded",
  "teamId": "T5LFW0CUB"
}
[05/07/18, 19:44:49:842] info: Store: UPSERT_WEB_CONTENTS
{
  "id": 6,
  "state": "empty-page",
  "teamId": "T5LFW0CUB"
}
[05/07/18, 19:44:49:845] info: Store: UPSERT_WEB_CONTENTS
{
  "id": 6,
  "state": "page-will-navigate",
  "teamId": "T5LFW0CUB"
}
[05/07/18, 19:44:49:857] info: Window is unloading, winssb is no longer accessible
[05/07/18, 19:44:49:902] info: Store: UPSERT_WEB_CONTENTS
{
  "id": 4,
  "state": "loaded",
  "teamId": "T02R0MMHK"
}
[05/07/18, 19:44:49:927] info: Store: UPSERT_WEB_CONTENTS
{
  "id": 4,
  "state": "empty-page",
  "teamId": "T02R0MMHK"
}
[05/07/18, 19:44:49:942] info: Store: UPSERT_WEB_CONTENTS
{
  "id": 4,
  "state": "page-will-navigate",
  "teamId": "T02R0MMHK"
}
[05/07/18, 19:44:50:291] info: Store: UPSERT_WEB_CONTENTS
{
  "id": 7,
  "state": "loaded",
  "teamId": "T0GFBAM8C"
}
[05/07/18, 19:44:50:306] info: Store: UPSERT_WEB_CONTENTS
{
  "id": 7,
  "state": "empty-page",
  "teamId": "T0GFBAM8C"
}
[05/07/18, 19:44:50:308] info: Store: UPDATE_SESSION_STATUS
{
  "hasValidSession": true,
  "teamId": "T5LFW0CUB"
}
[05/07/18, 19:44:50:312] info: Store: UPDATE_SESSION_STATUS
{
  "hasValidSession": true,
  "teamId": "T02R0MMHK"
}
[05/07/18, 19:44:50:335] info: Store: UPSERT_WEB_CONTENTS
{
  "id": 7,
  "state": "page-will-navigate",
  "teamId": "T0GFBAM8C"
}
[05/07/18, 19:44:50:480] info: Store: UPSERT_WEB_CONTENTS
{
  "id": 3,
  "state": "loaded",
  "teamId": "T5YEC6G73"
}
[05/07/18, 19:44:50:492] info: Store: MAIN_WINDOW_SHOWN
[05/07/18, 19:44:50:515] info: Store: UPSERT_WEB_CONTENTS
{
  "id": 3,
  "state": "empty-page",
  "teamId": "T5YEC6G73"
}
[05/07/18, 19:44:50:527] info: Store: UPSERT_WEB_CONTENTS
{
  "id": 3,
  "state": "page-will-navigate",
  "teamId": "T5YEC6G73"
}
[05/07/18, 19:44:50:668] info: Store: UPDATE_SESSION_STATUS
{
  "hasValidSession": true,
  "teamId": "T0GFBAM8C"
}
[05/07/18, 19:44:50:889] info: Store: UPDATE_SESSION_STATUS
{
  "hasValidSession": true,
  "teamId": "T5YEC6G73"
}
