[05/09/18, 21:48:05:552] info: ╔════════════════════════════════════════════════════════════════════════════╗
[05/09/18, 21:48:05:556] info: ║      Slack 3.1.1, linux 4.16.7-1-zen on x64 at 05/09/18, 21:48:05:548      ║
[05/09/18, 21:48:05:556] info: ╚════════════════════════════════════════════════════════════════════════════╝
[05/09/18, 21:48:05:717] info: Initializing local storage instance at path: /home/nitoli/.config/Slack/local-settings.json
[05/09/18, 21:48:06:250] error: Calls failed to load, bailing
[05/09/18, 21:48:06:253] info: cld3::loadModule: loading cld3 module
[05/09/18, 21:48:06:282] info: cld3Loader::loadModule: running environment is NODE
[05/09/18, 21:48:06:282] info: cld3Loader::loadModule: constructed module object for runtime
[05/09/18, 21:48:06:691] info: cld3Loader::initializeRuntime: successfully initialized module
[05/09/18, 21:48:06:691] info: cld3Loader::loadModule: initialized wasm binary Runtime
[05/09/18, 21:48:06:696] warn: updateSpellcheckerLanguage: Tried to update language, but spellchecker not initialized
[05/09/18, 21:48:06:697] info: SSBIntegration: Main window preload script loaded 1726.09487
[05/09/18, 21:48:06:709] info: Store: SET_NETWORK_STATUS online
[05/09/18, 21:48:06:712] info: Store: MAIN_WINDOW_SHOWN
[05/09/18, 21:48:06:713] info: Store: SAVE_WINDOW_SETTINGS
{
  "isMaximized": false,
  "position": [
    12,
    44
  ],
  "size": [
    942,
    1024
  ]
}
[05/09/18, 21:48:06:728] info: Store: UPSERT_WEB_CONTENTS
{
  "id": 5,
  "state": "loaded",
  "teamId": "T4HEMM0UR"
}
[05/09/18, 21:48:06:761] info: Store: UPSERT_WEB_CONTENTS
{
  "id": 5,
  "state": "empty-page",
  "teamId": "T4HEMM0UR"
}
[05/09/18, 21:48:06:767] info: Store: UPSERT_WEB_CONTENTS
{
  "id": 5,
  "state": "page-will-navigate",
  "teamId": "T4HEMM0UR"
}
[05/09/18, 21:48:06:768] info: Window is unloading, winssb is no longer accessible
[05/09/18, 21:48:07:073] info: Store: UPSERT_WEB_CONTENTS
{
  "id": 4,
  "state": "loaded",
  "teamId": "T5YEC6G73"
}
[05/09/18, 21:48:07:095] info: Store: UPSERT_WEB_CONTENTS
{
  "id": 6,
  "state": "loaded",
  "teamId": "T5LFW0CUB"
}
[05/09/18, 21:48:07:107] info: Store: UPSERT_WEB_CONTENTS
{
  "id": 4,
  "state": "empty-page",
  "teamId": "T5YEC6G73"
}
[05/09/18, 21:48:07:114] info: Store: UPSERT_WEB_CONTENTS
{
  "id": 4,
  "state": "page-will-navigate",
  "teamId": "T5YEC6G73"
}
[05/09/18, 21:48:07:122] info: Store: UPSERT_WEB_CONTENTS
{
  "id": 7,
  "state": "loaded",
  "teamId": "T0GFBAM8C"
}
[05/09/18, 21:48:07:131] info: Store: UPSERT_WEB_CONTENTS
{
  "id": 6,
  "state": "empty-page",
  "teamId": "T5LFW0CUB"
}
[05/09/18, 21:48:07:138] info: Store: UPSERT_WEB_CONTENTS
{
  "id": 6,
  "state": "page-will-navigate",
  "teamId": "T5LFW0CUB"
}
[05/09/18, 21:48:07:156] info: Store: UPSERT_WEB_CONTENTS
{
  "id": 7,
  "state": "empty-page",
  "teamId": "T0GFBAM8C"
}
[05/09/18, 21:48:07:159] info: Store: UPSERT_WEB_CONTENTS
{
  "id": 7,
  "state": "page-will-navigate",
  "teamId": "T0GFBAM8C"
}
[05/09/18, 21:48:07:209] info: Store: UPSERT_WEB_CONTENTS
{
  "id": 3,
  "state": "loaded",
  "teamId": "T02R0MMHK"
}
[05/09/18, 21:48:07:223] info: Store: UPSERT_WEB_CONTENTS
{
  "id": 3,
  "state": "empty-page",
  "teamId": "T02R0MMHK"
}
[05/09/18, 21:48:07:225] info: Store: UPSERT_WEB_CONTENTS
{
  "id": 3,
  "state": "page-will-navigate",
  "teamId": "T02R0MMHK"
}
[05/09/18, 21:48:07:253] info: Store: UPDATE_SESSION_STATUS
{
  "hasValidSession": true,
  "teamId": "T4HEMM0UR"
}
[05/09/18, 21:48:07:480] info: Store: UPDATE_SESSION_STATUS
{
  "hasValidSession": true,
  "teamId": "T5YEC6G73"
}
[05/09/18, 21:48:07:524] info: Store: UPDATE_SESSION_STATUS
{
  "hasValidSession": true,
  "teamId": "T5LFW0CUB"
}
[05/09/18, 21:48:07:548] info: Store: UPDATE_SESSION_STATUS
{
  "hasValidSession": true,
  "teamId": "T0GFBAM8C"
}
[05/09/18, 21:48:07:579] info: Store: UPDATE_SESSION_STATUS
{
  "hasValidSession": true,
  "teamId": "T02R0MMHK"
}
