[05/01/18, 22:37:33:034] info: ╔════════════════════════════════════════════════════════════════════════════╗
[05/01/18, 22:37:33:035] info: ║      Slack 3.1.1, linux 4.16.5-1-zen on x64 at 05/01/18, 22:37:33:027      ║
[05/01/18, 22:37:33:035] info: ╚════════════════════════════════════════════════════════════════════════════╝
[05/01/18, 22:37:33:421] info: Initializing local storage instance at path: /home/nitoli/.config/Slack/local-settings.json
[05/01/18, 22:37:34:472] error: Calls failed to load, bailing
[05/01/18, 22:37:34:474] info: cld3::loadModule: loading cld3 module
[05/01/18, 22:37:34:574] info: cld3Loader::loadModule: running environment is NODE
[05/01/18, 22:37:34:580] info: cld3Loader::loadModule: constructed module object for runtime
[05/01/18, 22:37:35:562] info: cld3Loader::initializeRuntime: successfully initialized module
[05/01/18, 22:37:35:562] info: cld3Loader::loadModule: initialized wasm binary Runtime
[05/01/18, 22:37:35:569] warn: updateSpellcheckerLanguage: Tried to update language, but spellchecker not initialized
[05/01/18, 22:37:35:575] info: SSBIntegration: Main window preload script loaded 3713.947092
[05/01/18, 22:37:35:599] info: Store: UPSERT_WEB_CONTENTS
{
  "id": 5,
  "state": "loaded",
  "teamId": "T4HEMM0UR"
}
[05/01/18, 22:37:35:607] info: Store: UPSERT_WEB_CONTENTS
{
  "id": 5,
  "state": "empty-page",
  "teamId": "T4HEMM0UR"
}
[05/01/18, 22:37:35:608] info: Store: UPSERT_WEB_CONTENTS
{
  "id": 5,
  "state": "page-will-navigate",
  "teamId": "T4HEMM0UR"
}
[05/01/18, 22:37:35:608] info: Store: UPSERT_WEB_CONTENTS
{
  "id": 4,
  "state": "loaded",
  "teamId": "T5YEC6G73"
}
[05/01/18, 22:37:35:609] info: Store: UPSERT_WEB_CONTENTS
{
  "id": 4,
  "state": "empty-page",
  "teamId": "T5YEC6G73"
}
[05/01/18, 22:37:35:609] info: Store: UPSERT_WEB_CONTENTS
{
  "id": 4,
  "state": "page-will-navigate",
  "teamId": "T5YEC6G73"
}
[05/01/18, 22:37:35:613] info: Store: UPSERT_WEB_CONTENTS
{
  "id": 3,
  "state": "loaded",
  "teamId": "T02R0MMHK"
}
[05/01/18, 22:37:35:643] info: Store: UPSERT_WEB_CONTENTS
{
  "id": 3,
  "state": "empty-page",
  "teamId": "T02R0MMHK"
}
[05/01/18, 22:37:35:649] info: Store: UPSERT_WEB_CONTENTS
{
  "id": 3,
  "state": "page-will-navigate",
  "teamId": "T02R0MMHK"
}
[05/01/18, 22:37:35:662] info: Window is unloading, winssb is no longer accessible
