[05/05/18, 02:37:53:340] info: ╔════════════════════════════════════════════════════════════════════════════╗
[05/05/18, 02:37:53:351] info: ║      Slack 3.1.1, linux 4.16.6-1-zen on x64 at 05/05/18, 02:37:53:331      ║
[05/05/18, 02:37:53:351] info: ╚════════════════════════════════════════════════════════════════════════════╝
[05/05/18, 02:37:53:950] info: Initializing local storage instance at path: /home/nitoli/.config/Slack/local-settings.json
[05/05/18, 02:37:55:254] error: Calls failed to load, bailing
[05/05/18, 02:37:55:259] info: cld3::loadModule: loading cld3 module
[05/05/18, 02:37:55:415] info: cld3Loader::loadModule: running environment is NODE
[05/05/18, 02:37:55:415] info: cld3Loader::loadModule: constructed module object for runtime
[05/05/18, 02:37:56:693] info: cld3Loader::initializeRuntime: successfully initialized module
[05/05/18, 02:37:56:693] info: cld3Loader::loadModule: initialized wasm binary Runtime
[05/05/18, 02:37:56:698] warn: updateSpellcheckerLanguage: Tried to update language, but spellchecker not initialized
[05/05/18, 02:37:56:699] info: SSBIntegration: Main window preload script loaded 4653.396011
[05/05/18, 02:37:56:742] info: Store: UPSERT_WEB_CONTENTS
{
  "id": 7,
  "state": "loaded",
  "teamId": "T0GFBAM8C"
}
[05/05/18, 02:37:56:827] info: Store: UPSERT_WEB_CONTENTS
{
  "id": 7,
  "state": "empty-page",
  "teamId": "T0GFBAM8C"
}
[05/05/18, 02:37:56:871] info: Store: UPSERT_WEB_CONTENTS
{
  "id": 7,
  "state": "page-will-navigate",
  "teamId": "T0GFBAM8C"
}
[05/05/18, 02:37:56:885] info: Window is unloading, winssb is no longer accessible
[05/05/18, 02:37:56:897] info: Store: UPSERT_WEB_CONTENTS
{
  "id": 3,
  "state": "loaded",
  "teamId": "T02R0MMHK"
}
[05/05/18, 02:37:56:956] info: Store: UPSERT_WEB_CONTENTS
{
  "id": 3,
  "state": "empty-page",
  "teamId": "T02R0MMHK"
}
[05/05/18, 02:37:56:967] info: Store: UPSERT_WEB_CONTENTS
{
  "id": 3,
  "state": "page-will-navigate",
  "teamId": "T02R0MMHK"
}
[05/05/18, 02:37:58:284] info: Store: UPSERT_WEB_CONTENTS
{
  "id": 5,
  "state": "loaded",
  "teamId": "T4HEMM0UR"
}
[05/05/18, 02:37:58:399] info: Store: UPSERT_WEB_CONTENTS
{
  "id": 6,
  "state": "loaded",
  "teamId": "T5LFW0CUB"
}
[05/05/18, 02:37:58:414] info: Store: UPSERT_WEB_CONTENTS
{
  "id": 5,
  "state": "empty-page",
  "teamId": "T4HEMM0UR"
}
[05/05/18, 02:37:58:442] info: Store: UPSERT_WEB_CONTENTS
{
  "id": 5,
  "state": "page-will-navigate",
  "teamId": "T4HEMM0UR"
}
[05/05/18, 02:37:58:472] info: Store: UPSERT_WEB_CONTENTS
{
  "id": 6,
  "state": "empty-page",
  "teamId": "T5LFW0CUB"
}
[05/05/18, 02:37:58:498] info: Store: SET_NETWORK_STATUS offline
[05/05/18, 02:37:58:515] info: Store: UPSERT_WEB_CONTENTS
{
  "id": 4,
  "state": "loaded",
  "teamId": "T5YEC6G73"
}
[05/05/18, 02:37:58:533] info: Store: UPSERT_WEB_CONTENTS
{
  "id": 6,
  "state": "page-will-navigate",
  "teamId": "T5LFW0CUB"
}
[05/05/18, 02:37:58:552] info: Store: UPSERT_WEB_CONTENTS
{
  "id": 4,
  "state": "empty-page",
  "teamId": "T5YEC6G73"
}
