[05/08/18, 11:25:46:798] info: ╔════════════════════════════════════════════════════════════════════════════╗
[05/08/18, 11:25:46:799] info: ║      Slack 3.1.1, linux 4.16.6-1-zen on x64 at 05/08/18, 11:25:46:794      ║
[05/08/18, 11:25:46:799] info: ╚════════════════════════════════════════════════════════════════════════════╝
[05/08/18, 11:25:46:949] info: Initializing local storage instance at path: /home/nitoli/.config/Slack/local-settings.json
[05/08/18, 11:25:47:560] error: Calls failed to load, bailing
[05/08/18, 11:25:47:567] info: cld3::loadModule: loading cld3 module
[05/08/18, 11:25:47:630] info: cld3Loader::loadModule: running environment is NODE
[05/08/18, 11:25:47:631] info: cld3Loader::loadModule: constructed module object for runtime
[05/08/18, 11:25:48:083] info: cld3Loader::initializeRuntime: successfully initialized module
[05/08/18, 11:25:48:084] info: cld3Loader::loadModule: initialized wasm binary Runtime
[05/08/18, 11:25:48:092] warn: updateSpellcheckerLanguage: Tried to update language, but spellchecker not initialized
[05/08/18, 11:25:48:093] info: TranslationLookup: locale set to ja-JP for renderer
[05/08/18, 11:25:48:094] info: SSBIntegration: Main window preload script loaded 1932.142947
[05/08/18, 11:25:48:126] info: Store: UPSERT_WEB_CONTENTS
{
  "id": 7,
  "state": "loaded",
  "teamId": "T0GFBAM8C"
}
[05/08/18, 11:25:48:133] info: Store: UPSERT_WEB_CONTENTS
{
  "id": 7,
  "state": "empty-page",
  "teamId": "T0GFBAM8C"
}
[05/08/18, 11:25:48:141] info: Store: UPSERT_WEB_CONTENTS
{
  "id": 7,
  "state": "page-will-navigate",
  "teamId": "T0GFBAM8C"
}
[05/08/18, 11:25:48:146] info: Window is unloading, winssb is no longer accessible
