[05/03/18, 02:26:46:647] info: ╔════════════════════════════════════════════════════════════════════════════╗
[05/03/18, 02:26:46:656] info: ║      Slack 3.1.1, linux 4.16.5-1-zen on x64 at 05/03/18, 02:26:46:636      ║
[05/03/18, 02:26:46:656] info: ╚════════════════════════════════════════════════════════════════════════════╝
[05/03/18, 02:26:47:135] info: Initializing local storage instance at path: /home/nitoli/.config/Slack/local-settings.json
[05/03/18, 02:26:48:851] info: Store: UPSERT_WEB_CONTENTS
{
  "id": 3,
  "state": "loaded",
  "teamId": "T5YEC6G73"
}
[05/03/18, 02:26:48:857] info: Store: UPSERT_WEB_CONTENTS
{
  "id": 3,
  "state": "empty-page",
  "teamId": "T5YEC6G73"
}
[05/03/18, 02:26:48:864] info: Store: UPSERT_WEB_CONTENTS
{
  "id": 3,
  "state": "page-will-navigate",
  "teamId": "T5YEC6G73"
}
[05/03/18, 02:26:50:139] info: Store: UPSERT_WEB_CONTENTS
{
  "id": 5,
  "state": "loaded",
  "teamId": "T4HEMM0UR"
}
[05/03/18, 02:26:50:210] info: Store: UPSERT_WEB_CONTENTS
{
  "id": 5,
  "state": "empty-page",
  "teamId": "T4HEMM0UR"
}
[05/03/18, 02:26:50:248] info: Store: UPSERT_WEB_CONTENTS
{
  "id": 5,
  "state": "page-will-navigate",
  "teamId": "T4HEMM0UR"
}
[05/03/18, 02:26:50:322] info: Store: UPSERT_WEB_CONTENTS
{
  "id": 6,
  "state": "loaded",
  "teamId": "T5LFW0CUB"
}
[05/03/18, 02:26:50:475] info: Store: UPSERT_WEB_CONTENTS
{
  "id": 4,
  "state": "loaded",
  "teamId": "T02R0MMHK"
}
[05/03/18, 02:26:50:512] info: Store: UPSERT_WEB_CONTENTS
{
  "id": 4,
  "state": "empty-page",
  "teamId": "T02R0MMHK"
}
[05/03/18, 02:26:50:525] info: Store: UPSERT_WEB_CONTENTS
{
  "id": 6,
  "state": "empty-page",
  "teamId": "T5LFW0CUB"
}
[05/03/18, 02:26:50:543] info: Store: UPSERT_WEB_CONTENTS
{
  "id": 4,
  "state": "page-will-navigate",
  "teamId": "T02R0MMHK"
}
[05/03/18, 02:26:50:592] info: Store: UPSERT_WEB_CONTENTS
{
  "id": 6,
  "state": "page-will-navigate",
  "teamId": "T5LFW0CUB"
}
[05/03/18, 02:26:51:119] info: Store: UPDATE_SESSION_STATUS
{
  "hasValidSession": true,
  "teamId": "T5YEC6G73"
}
[05/03/18, 02:26:51:157] info: Store: UPDATE_SESSION_STATUS
{
  "hasValidSession": true,
  "teamId": "T4HEMM0UR"
}
[05/03/18, 02:26:51:166] info: Store: UPDATE_SESSION_STATUS
{
  "hasValidSession": true,
  "teamId": "T02R0MMHK"
}
[05/03/18, 02:26:51:180] info: Store: UPDATE_SESSION_STATUS
{
  "hasValidSession": true,
  "teamId": "T5LFW0CUB"
}
[05/03/18, 02:26:51:289] info: Store: SET_NETWORK_STATUS online
[05/03/18, 02:26:51:307] info: Store: MAIN_WINDOW_SHOWN
