[05/09/18, 23:47:53:854] info: ╔════════════════════════════════════════════════════════════════════════════╗
[05/09/18, 23:47:53:861] info: ║      Slack 3.1.1, linux 4.16.7-1-zen on x64 at 05/09/18, 23:47:53:850      ║
[05/09/18, 23:47:53:861] info: ╚════════════════════════════════════════════════════════════════════════════╝
[05/09/18, 23:47:54:136] info: Initializing local storage instance at path: /home/nitoli/.config/Slack/local-settings.json
[05/09/18, 23:47:55:128] error: Calls failed to load, bailing
[05/09/18, 23:47:55:132] info: cld3::loadModule: loading cld3 module
[05/09/18, 23:47:55:190] info: cld3Loader::loadModule: running environment is NODE
[05/09/18, 23:47:55:190] info: cld3Loader::loadModule: constructed module object for runtime
[05/09/18, 23:47:56:052] info: cld3Loader::initializeRuntime: successfully initialized module
[05/09/18, 23:47:56:052] info: cld3Loader::loadModule: initialized wasm binary Runtime
[05/09/18, 23:47:56:062] warn: updateSpellcheckerLanguage: Tried to update language, but spellchecker not initialized
[05/09/18, 23:47:56:063] info: SSBIntegration: Main window preload script loaded 3156.780558
[05/09/18, 23:47:56:075] info: Store: UPSERT_WEB_CONTENTS
{
  "id": 7,
  "state": "loaded",
  "teamId": "T0GFBAM8C"
}
[05/09/18, 23:47:56:079] info: Store: UPSERT_WEB_CONTENTS
{
  "id": 7,
  "state": "empty-page",
  "teamId": "T0GFBAM8C"
}
[05/09/18, 23:47:56:080] info: Store: UPSERT_WEB_CONTENTS
{
  "id": 7,
  "state": "page-will-navigate",
  "teamId": "T0GFBAM8C"
}
[05/09/18, 23:47:56:080] info: Store: UPSERT_WEB_CONTENTS
{
  "id": 5,
  "state": "loaded",
  "teamId": "T4HEMM0UR"
}
[05/09/18, 23:47:56:081] info: Store: UPSERT_WEB_CONTENTS
{
  "id": 5,
  "state": "empty-page",
  "teamId": "T4HEMM0UR"
}
[05/09/18, 23:47:56:081] info: Store: UPSERT_WEB_CONTENTS
{
  "id": 5,
  "state": "page-will-navigate",
  "teamId": "T4HEMM0UR"
}
[05/09/18, 23:47:56:086] info: Store: UPSERT_WEB_CONTENTS
{
  "id": 4,
  "state": "loaded",
  "teamId": "T5YEC6G73"
}
[05/09/18, 23:47:56:089] info: Store: UPSERT_WEB_CONTENTS
{
  "id": 3,
  "state": "loaded",
  "teamId": "T02R0MMHK"
}
[05/09/18, 23:47:56:098] info: Store: UPSERT_WEB_CONTENTS
{
  "id": 4,
  "state": "empty-page",
  "teamId": "T5YEC6G73"
}
[05/09/18, 23:47:56:103] info: Store: UPSERT_WEB_CONTENTS
{
  "id": 4,
  "state": "page-will-navigate",
  "teamId": "T5YEC6G73"
}
[05/09/18, 23:47:56:108] info: Window is unloading, winssb is no longer accessible
[05/09/18, 23:47:56:114] info: Store: UPSERT_WEB_CONTENTS
{
  "id": 3,
  "state": "empty-page",
  "teamId": "T02R0MMHK"
}
[05/09/18, 23:47:56:124] info: Store: UPSERT_WEB_CONTENTS
{
  "id": 3,
  "state": "page-will-navigate",
  "teamId": "T02R0MMHK"
}
[05/09/18, 23:47:56:145] info: Store: UPSERT_WEB_CONTENTS
{
  "id": 6,
  "state": "loaded",
  "teamId": "T5LFW0CUB"
}
[05/09/18, 23:47:56:176] info: Store: UPSERT_WEB_CONTENTS
{
  "id": 6,
  "state": "empty-page",
  "teamId": "T5LFW0CUB"
}
[05/09/18, 23:47:56:189] info: Store: UPSERT_WEB_CONTENTS
{
  "id": 6,
  "state": "page-will-navigate",
  "teamId": "T5LFW0CUB"
}
[05/09/18, 23:47:56:222] info: Store: SET_NETWORK_STATUS offline
[05/09/18, 23:47:56:653] info: Store: UPDATE_SESSION_STATUS
{
  "hasValidSession": true,
  "teamId": "T0GFBAM8C"
}
[05/09/18, 23:47:56:664] info: Store: UPDATE_SESSION_STATUS
{
  "hasValidSession": true,
  "teamId": "T4HEMM0UR"
}
[05/09/18, 23:47:56:731] info: Store: UPDATE_SESSION_STATUS
{
  "hasValidSession": true,
  "teamId": "T5LFW0CUB"
}
[05/09/18, 23:47:56:736] info: Store: UPDATE_SESSION_STATUS
{
  "hasValidSession": true,
  "teamId": "T02R0MMHK"
}
[05/09/18, 23:47:56:750] info: Store: UPDATE_SESSION_STATUS
{
  "hasValidSession": true,
  "teamId": "T5YEC6G73"
}
[05/09/18, 23:47:56:927] info: Store: SET_NETWORK_STATUS online
[05/09/18, 23:47:56:940] info: Store: MAIN_WINDOW_SHOWN
[05/10/18, 16:42:23:208] info: ╔════════════════════════════════════════════════════════════════════════════╗
[05/10/18, 16:42:23:209] info: ║      Slack 3.1.1, linux 4.16.7-1-zen on x64 at 05/10/18, 16:42:23:200      ║
[05/10/18, 16:42:23:209] info: ╚════════════════════════════════════════════════════════════════════════════╝
[05/10/18, 16:42:23:456] info: Initializing local storage instance at path: /home/nitoli/.config/Slack/local-settings.json
[05/10/18, 16:42:24:324] error: Calls failed to load, bailing
[05/10/18, 16:42:24:327] info: cld3::loadModule: loading cld3 module
[05/10/18, 16:42:24:395] info: cld3Loader::loadModule: running environment is NODE
[05/10/18, 16:42:24:395] info: cld3Loader::loadModule: constructed module object for runtime
[05/10/18, 16:42:25:055] info: cld3Loader::initializeRuntime: successfully initialized module
[05/10/18, 16:42:25:056] info: cld3Loader::loadModule: initialized wasm binary Runtime
[05/10/18, 16:42:25:081] warn: updateSpellcheckerLanguage: Tried to update language, but spellchecker not initialized
[05/10/18, 16:42:25:082] info: SSBIntegration: Main window preload script loaded 2674.172616
[05/10/18, 16:42:25:126] info: Store: UPSERT_WEB_CONTENTS
{
  "id": 4,
  "state": "loaded",
  "teamId": "T02R0MMHK"
}
[05/10/18, 16:42:25:148] info: Store: UPSERT_WEB_CONTENTS
{
  "id": 4,
  "state": "empty-page",
  "teamId": "T02R0MMHK"
}
[05/10/18, 16:42:25:175] info: Store: UPSERT_WEB_CONTENTS
{
  "id": 5,
  "state": "loaded",
  "teamId": "T4HEMM0UR"
}
[05/10/18, 16:42:25:180] info: Store: UPSERT_WEB_CONTENTS
{
  "id": 7,
  "state": "loaded",
  "teamId": "T0GFBAM8C"
}
[05/10/18, 16:42:25:187] info: Store: UPSERT_WEB_CONTENTS
{
  "id": 4,
  "state": "page-will-navigate",
  "teamId": "T02R0MMHK"
}
[05/10/18, 16:42:25:195] info: Window is unloading, winssb is no longer accessible
[05/10/18, 16:42:25:222] info: Store: UPSERT_WEB_CONTENTS
{
  "id": 5,
  "state": "empty-page",
  "teamId": "T4HEMM0UR"
}
[05/10/18, 16:42:25:231] info: Store: UPSERT_WEB_CONTENTS
{
  "id": 7,
  "state": "empty-page",
  "teamId": "T0GFBAM8C"
}
[05/10/18, 16:42:25:240] info: Store: UPSERT_WEB_CONTENTS
{
  "id": 5,
  "state": "page-will-navigate",
  "teamId": "T4HEMM0UR"
}
[05/10/18, 16:42:25:254] info: Store: UPSERT_WEB_CONTENTS
{
  "id": 7,
  "state": "page-will-navigate",
  "teamId": "T0GFBAM8C"
}
[05/10/18, 16:42:25:264] info: Store: UPSERT_WEB_CONTENTS
{
  "id": 3,
  "state": "loaded",
  "teamId": "T5YEC6G73"
}
[05/10/18, 16:42:25:292] info: Store: UPSERT_WEB_CONTENTS
{
  "id": 6,
  "state": "loaded",
  "teamId": "T5LFW0CUB"
}
[05/10/18, 23:19:31:071] info: ╔════════════════════════════════════════════════════════════════════════════╗
[05/10/18, 23:19:31:073] info: ║      Slack 3.1.1, linux 4.16.7-1-zen on x64 at 05/10/18, 23:19:31:066      ║
[05/10/18, 23:19:31:073] info: ╚════════════════════════════════════════════════════════════════════════════╝
[05/10/18, 23:19:31:305] info: Initializing local storage instance at path: /home/nitoli/.config/Slack/local-settings.json
[05/10/18, 23:19:32:276] error: Calls failed to load, bailing
[05/10/18, 23:19:32:278] info: cld3::loadModule: loading cld3 module
[05/10/18, 23:19:32:357] info: cld3Loader::loadModule: running environment is NODE
[05/10/18, 23:19:32:357] info: cld3Loader::loadModule: constructed module object for runtime
[05/10/18, 23:19:33:150] info: cld3Loader::initializeRuntime: successfully initialized module
[05/10/18, 23:19:33:150] info: cld3Loader::loadModule: initialized wasm binary Runtime
[05/10/18, 23:19:33:188] warn: updateSpellcheckerLanguage: Tried to update language, but spellchecker not initialized
[05/10/18, 23:19:33:189] info: SSBIntegration: Main window preload script loaded 2993.755551
[05/10/18, 23:19:33:217] info: Store: UPSERT_WEB_CONTENTS
{
  "id": 5,
  "state": "loaded",
  "teamId": "T4HEMM0UR"
}
[05/10/18, 23:19:33:228] info: Store: UPSERT_WEB_CONTENTS
{
  "id": 5,
  "state": "empty-page",
  "teamId": "T4HEMM0UR"
}
[05/10/18, 23:19:33:256] info: Store: UPSERT_WEB_CONTENTS
{
  "id": 4,
  "state": "loaded",
  "teamId": "T02R0MMHK"
}
[05/10/18, 23:19:33:270] info: Store: UPSERT_WEB_CONTENTS
{
  "id": 5,
  "state": "page-will-navigate",
  "teamId": "T4HEMM0UR"
}
[05/10/18, 23:19:33:272] info: Store: UPSERT_WEB_CONTENTS
{
  "id": 4,
  "state": "empty-page",
  "teamId": "T02R0MMHK"
}
[05/10/18, 23:19:33:292] info: Store: UPSERT_WEB_CONTENTS
{
  "id": 4,
  "state": "page-will-navigate",
  "teamId": "T02R0MMHK"
}
[05/10/18, 23:19:33:301] info: Window is unloading, winssb is no longer accessible
[05/10/18, 23:19:33:310] info: Store: UPSERT_WEB_CONTENTS
{
  "id": 6,
  "state": "loaded",
  "teamId": "T5LFW0CUB"
}
[05/10/18, 23:19:33:319] info: Store: UPSERT_WEB_CONTENTS
{
  "id": 7,
  "state": "loaded",
  "teamId": "T0GFBAM8C"
}
[05/10/18, 23:19:33:341] info: Store: UPSERT_WEB_CONTENTS
{
  "id": 7,
  "state": "empty-page",
  "teamId": "T0GFBAM8C"
}
[05/10/18, 23:19:33:359] info: Store: UPSERT_WEB_CONTENTS
{
  "id": 6,
  "state": "empty-page",
  "teamId": "T5LFW0CUB"
}
[05/10/18, 23:19:33:368] info: Store: UPSERT_WEB_CONTENTS
{
  "id": 7,
  "state": "page-will-navigate",
  "teamId": "T0GFBAM8C"
}
[05/10/18, 23:19:33:380] info: Store: UPSERT_WEB_CONTENTS
{
  "id": 6,
  "state": "page-will-navigate",
  "teamId": "T5LFW0CUB"
}
[05/10/18, 23:19:33:464] info: Store: UPSERT_WEB_CONTENTS
{
  "id": 3,
  "state": "loaded",
  "teamId": "T5YEC6G73"
}
[05/10/18, 23:19:33:490] info: Store: UPSERT_WEB_CONTENTS
{
  "id": 3,
  "state": "empty-page",
  "teamId": "T5YEC6G73"
}
[05/10/18, 23:19:33:498] info: Store: UPSERT_WEB_CONTENTS
{
  "id": 3,
  "state": "page-will-navigate",
  "teamId": "T5YEC6G73"
}
[05/10/18, 23:19:33:524] info: Store: SET_NETWORK_STATUS offline
[05/10/18, 23:19:33:988] info: Store: UPDATE_SESSION_STATUS
{
  "hasValidSession": true,
  "teamId": "T4HEMM0UR"
}
[05/10/18, 23:19:33:999] info: Store: UPDATE_SESSION_STATUS
{
  "hasValidSession": true,
  "teamId": "T5LFW0CUB"
}
[05/10/18, 23:19:34:004] info: Store: UPDATE_SESSION_STATUS
{
  "hasValidSession": true,
  "teamId": "T0GFBAM8C"
}
[05/10/18, 23:19:34:012] info: Store: UPDATE_SESSION_STATUS
{
  "hasValidSession": true,
  "teamId": "T02R0MMHK"
}
[05/10/18, 23:19:34:016] info: Store: UPDATE_SESSION_STATUS
{
  "hasValidSession": true,
  "teamId": "T5YEC6G73"
}
[05/10/18, 23:19:34:260] info: Store: SET_NETWORK_STATUS online
[05/10/18, 23:19:34:278] info: Store: MAIN_WINDOW_SHOWN
