[05/04/18, 06:18:56:648] info: ╔════════════════════════════════════════════════════════════════════════════╗
[05/04/18, 06:18:56:649] info: ║      Slack 3.1.1, linux 4.16.5-1-zen on x64 at 05/04/18, 06:18:56:643      ║
[05/04/18, 06:18:56:649] info: ╚════════════════════════════════════════════════════════════════════════════╝
[05/04/18, 06:18:56:917] info: Initializing local storage instance at path: /home/nitoli/.config/Slack/local-settings.json
[05/04/18, 06:18:57:830] error: Calls failed to load, bailing
[05/04/18, 06:18:57:832] info: cld3::loadModule: loading cld3 module
[05/04/18, 06:18:57:936] info: cld3Loader::loadModule: running environment is NODE
[05/04/18, 06:18:57:937] info: cld3Loader::loadModule: constructed module object for runtime
[05/04/18, 06:18:58:778] info: cld3Loader::initializeRuntime: successfully initialized module
[05/04/18, 06:18:58:778] info: cld3Loader::loadModule: initialized wasm binary Runtime
[05/04/18, 06:18:58:888] warn: updateSpellcheckerLanguage: Tried to update language, but spellchecker not initialized
[05/04/18, 06:18:58:899] info: SSBIntegration: Main window preload script loaded 3396.146722
[05/04/18, 06:18:58:931] info: Store: UPSERT_WEB_CONTENTS
{
  "id": 4,
  "state": "loaded",
  "teamId": "T02R0MMHK"
}
[05/04/18, 06:18:58:938] info: Store: UPSERT_WEB_CONTENTS
{
  "id": 4,
  "state": "empty-page",
  "teamId": "T02R0MMHK"
}
[05/04/18, 06:18:58:938] info: Store: UPSERT_WEB_CONTENTS
{
  "id": 4,
  "state": "page-will-navigate",
  "teamId": "T02R0MMHK"
}
[05/04/18, 06:18:58:939] info: Store: UPSERT_WEB_CONTENTS
{
  "id": 7,
  "state": "loaded",
  "teamId": "T0GFBAM8C"
}
[05/04/18, 06:18:58:939] info: Store: UPSERT_WEB_CONTENTS
{
  "id": 7,
  "state": "empty-page",
  "teamId": "T0GFBAM8C"
}
[05/04/18, 06:18:58:939] info: Store: UPSERT_WEB_CONTENTS
{
  "id": 7,
  "state": "page-will-navigate",
  "teamId": "T0GFBAM8C"
}
[05/04/18, 06:18:58:947] info: Store: SET_NETWORK_STATUS offline
[05/04/18, 06:18:58:949] info: Store: UPDATE_SESSION_STATUS
{
  "hasValidSession": null,
  "teamId": "T5LFW0CUB"
}
[05/04/18, 06:18:58:952] info: Store: UPDATE_SESSION_STATUS
{
  "hasValidSession": null,
  "teamId": "T4HEMM0UR"
}
[05/04/18, 06:18:58:953] info: Store: UPDATE_SESSION_STATUS
{
  "hasValidSession": null,
  "teamId": "T02R0MMHK"
}
[05/04/18, 06:18:58:954] info: Store: UPDATE_SESSION_STATUS
{
  "hasValidSession": null,
  "teamId": "T5YEC6G73"
}
[05/04/18, 06:18:58:954] info: Store: UPDATE_SESSION_STATUS
{
  "hasValidSession": null,
  "teamId": "T0GFBAM8C"
}
[05/04/18, 06:18:58:961] info: Store: UPSERT_WEB_CONTENTS
{
  "id": 6,
  "state": "loaded",
  "teamId": "T5LFW0CUB"
}
[05/04/18, 06:18:58:961] info: Store: UPSERT_WEB_CONTENTS
{
  "id": 6,
  "state": "empty-page",
  "teamId": "T5LFW0CUB"
}
[05/04/18, 06:18:58:962] info: Store: UPDATE_SESSION_STATUS
{
  "hasValidSession": null,
  "teamId": "T5LFW0CUB"
}
[05/04/18, 06:18:58:962] info: Store: UPSERT_WEB_CONTENTS
{
  "id": 3,
  "state": "loaded",
  "teamId": "T5YEC6G73"
}
[05/04/18, 06:18:58:976] info: Store: UPSERT_WEB_CONTENTS
{
  "id": 5,
  "state": "loaded",
  "teamId": "T4HEMM0UR"
}
[05/04/18, 06:18:58:986] info: Store: UPSERT_WEB_CONTENTS
{
  "id": 3,
  "state": "empty-page",
  "teamId": "T5YEC6G73"
}
[05/04/18, 06:18:58:987] info: Store: UPSERT_WEB_CONTENTS
{
  "id": 5,
  "state": "empty-page",
  "teamId": "T4HEMM0UR"
}
[05/04/18, 06:18:59:029] info: Store: UPDATE_SESSION_STATUS
{
  "hasValidSession": null,
  "teamId": "T5YEC6G73"
}
[05/04/18, 06:18:59:100] info: Store: UPDATE_SESSION_STATUS
{
  "hasValidSession": null,
  "teamId": "T4HEMM0UR"
}
[05/04/18, 06:18:59:243] info: Store: UPSERT_WEB_CONTENTS
{
  "id": 7,
  "state": "loaded",
  "teamId": "T0GFBAM8C"
}
[05/04/18, 06:18:59:313] info: Store: UPSERT_WEB_CONTENTS
{
  "id": 7,
  "state": "empty-page",
  "teamId": "T0GFBAM8C"
}
[05/04/18, 06:18:59:368] info: Store: UPDATE_SESSION_STATUS
{
  "hasValidSession": null,
  "teamId": "T0GFBAM8C"
}
[05/04/18, 06:18:59:806] info: Store: UPSERT_WEB_CONTENTS
{
  "id": 4,
  "state": "loaded",
  "teamId": "T02R0MMHK"
}
[05/04/18, 06:18:59:828] info: Store: UPSERT_WEB_CONTENTS
{
  "id": 4,
  "state": "empty-page",
  "teamId": "T02R0MMHK"
}
[05/04/18, 06:18:59:918] info: Store: UPDATE_SESSION_STATUS
{
  "hasValidSession": null,
  "teamId": "T02R0MMHK"
}
