[05/07/18, 14:39:11:937] info: ╔════════════════════════════════════════════════════════════════════════════╗
[05/07/18, 14:39:11:939] info: ║      Slack 3.1.1, linux 4.16.6-1-zen on x64 at 05/07/18, 14:39:11:927      ║
[05/07/18, 14:39:11:939] info: ╚════════════════════════════════════════════════════════════════════════════╝
[05/07/18, 14:39:12:188] info: Initializing local storage instance at path: /home/nitoli/.config/Slack/local-settings.json
[05/07/18, 14:39:13:015] error: Calls failed to load, bailing
[05/07/18, 14:39:13:016] info: cld3::loadModule: loading cld3 module
[05/07/18, 14:39:13:097] info: cld3Loader::loadModule: running environment is NODE
[05/07/18, 14:39:13:097] info: cld3Loader::loadModule: constructed module object for runtime
[05/07/18, 14:39:13:834] info: cld3Loader::initializeRuntime: successfully initialized module
[05/07/18, 14:39:13:835] info: cld3Loader::loadModule: initialized wasm binary Runtime
[05/07/18, 14:39:13:862] warn: updateSpellcheckerLanguage: Tried to update language, but spellchecker not initialized
[05/07/18, 14:39:13:864] info: SSBIntegration: Main window preload script loaded 2858.681625
[05/07/18, 14:39:13:883] info: Store: UPSERT_WEB_CONTENTS
{
  "id": 4,
  "state": "loaded",
  "teamId": "T02R0MMHK"
}
[05/07/18, 14:39:13:892] info: Store: UPSERT_WEB_CONTENTS
{
  "id": 7,
  "state": "loaded",
  "teamId": "T0GFBAM8C"
}
[05/07/18, 14:39:13:892] info: Store: UPSERT_WEB_CONTENTS
{
  "id": 4,
  "state": "empty-page",
  "teamId": "T02R0MMHK"
}
[05/07/18, 14:39:13:893] info: Store: UPSERT_WEB_CONTENTS
{
  "id": 4,
  "state": "page-will-navigate",
  "teamId": "T02R0MMHK"
}
[05/07/18, 14:39:13:897] info: Store: UPSERT_WEB_CONTENTS
{
  "id": 7,
  "state": "empty-page",
  "teamId": "T0GFBAM8C"
}
[05/07/18, 14:39:13:915] info: Store: UPSERT_WEB_CONTENTS
{
  "id": 5,
  "state": "loaded",
  "teamId": "T4HEMM0UR"
}
[05/07/18, 14:39:13:931] info: Store: UPSERT_WEB_CONTENTS
{
  "id": 7,
  "state": "page-will-navigate",
  "teamId": "T0GFBAM8C"
}
[05/07/18, 14:39:13:937] info: Store: UPSERT_WEB_CONTENTS
{
  "id": 5,
  "state": "empty-page",
  "teamId": "T4HEMM0UR"
}
[05/07/18, 14:39:13:948] info: Store: UPSERT_WEB_CONTENTS
{
  "id": 5,
  "state": "page-will-navigate",
  "teamId": "T4HEMM0UR"
}
[05/07/18, 14:39:13:955] info: Window is unloading, winssb is no longer accessible
[05/07/18, 14:39:14:047] info: Store: UPSERT_WEB_CONTENTS
{
  "id": 6,
  "state": "loaded",
  "teamId": "T5LFW0CUB"
}
[05/07/18, 14:39:14:071] info: Store: UPSERT_WEB_CONTENTS
{
  "id": 6,
  "state": "empty-page",
  "teamId": "T5LFW0CUB"
}
[05/07/18, 14:39:14:081] info: Store: UPSERT_WEB_CONTENTS
{
  "id": 6,
  "state": "page-will-navigate",
  "teamId": "T5LFW0CUB"
}
[05/07/18, 14:39:14:149] info: Store: UPSERT_WEB_CONTENTS
{
  "id": 3,
  "state": "loaded",
  "teamId": "T5YEC6G73"
}
[05/07/18, 14:39:14:163] info: Store: UPSERT_WEB_CONTENTS
{
  "id": 3,
  "state": "empty-page",
  "teamId": "T5YEC6G73"
}
[05/07/18, 14:39:14:168] info: Store: UPSERT_WEB_CONTENTS
{
  "id": 3,
  "state": "page-will-navigate",
  "teamId": "T5YEC6G73"
}
[05/07/18, 14:39:14:376] info: Store: SET_NETWORK_STATUS offline
[05/07/18, 14:39:14:740] info: Store: UPDATE_SESSION_STATUS
{
  "hasValidSession": true,
  "teamId": "T02R0MMHK"
}
[05/07/18, 14:39:14:758] info: Store: UPDATE_SESSION_STATUS
{
  "hasValidSession": true,
  "teamId": "T5LFW0CUB"
}
[05/07/18, 14:39:14:763] info: Store: UPDATE_SESSION_STATUS
{
  "hasValidSession": true,
  "teamId": "T0GFBAM8C"
}
[05/07/18, 14:39:14:783] info: Store: UPDATE_SESSION_STATUS
{
  "hasValidSession": true,
  "teamId": "T5YEC6G73"
}
[05/07/18, 14:39:14:785] info: Store: UPDATE_SESSION_STATUS
{
  "hasValidSession": true,
  "teamId": "T4HEMM0UR"
}
[05/07/18, 14:39:15:046] info: Store: SET_NETWORK_STATUS online
[05/07/18, 14:39:15:055] info: Store: MAIN_WINDOW_SHOWN
