[05/05/18, 02:02:47:618] info: ╔════════════════════════════════════════════════════════════════════════════╗
[05/05/18, 02:02:47:624] info: ║      Slack 3.1.1, linux 4.16.6-1-zen on x64 at 05/05/18, 02:02:47:606      ║
[05/05/18, 02:02:47:624] info: ╚════════════════════════════════════════════════════════════════════════════╝
[05/05/18, 02:02:48:262] info: Initializing local storage instance at path: /home/nitoli/.config/Slack/local-settings.json
[05/05/18, 02:02:50:407] error: Calls failed to load, bailing
[05/05/18, 02:02:50:416] info: cld3::loadModule: loading cld3 module
[05/05/18, 02:02:50:512] info: cld3Loader::loadModule: running environment is NODE
[05/05/18, 02:02:50:513] info: cld3Loader::loadModule: constructed module object for runtime
[05/05/18, 02:02:51:359] info: cld3Loader::initializeRuntime: successfully initialized module
[05/05/18, 02:02:51:368] info: cld3Loader::loadModule: initialized wasm binary Runtime
[05/05/18, 02:02:51:383] warn: updateSpellcheckerLanguage: Tried to update language, but spellchecker not initialized
[05/05/18, 02:02:51:388] info: SSBIntegration: Main window preload script loaded 5379.57271
[05/05/18, 02:02:51:408] info: Store: UPSERT_WEB_CONTENTS
{
  "id": 5,
  "state": "loaded",
  "teamId": "T4HEMM0UR"
}
[05/05/18, 02:02:51:415] info: Store: UPSERT_WEB_CONTENTS
{
  "id": 5,
  "state": "empty-page",
  "teamId": "T4HEMM0UR"
}
[05/05/18, 02:02:51:426] info: Store: UPSERT_WEB_CONTENTS
{
  "id": 5,
  "state": "page-will-navigate",
  "teamId": "T4HEMM0UR"
}
[05/05/18, 02:02:51:427] info: Store: UPSERT_WEB_CONTENTS
{
  "id": 3,
  "state": "loaded",
  "teamId": "T02R0MMHK"
}
[05/05/18, 02:02:51:427] info: Store: UPSERT_WEB_CONTENTS
{
  "id": 3,
  "state": "empty-page",
  "teamId": "T02R0MMHK"
}
[05/05/18, 02:02:51:431] info: Store: UPSERT_WEB_CONTENTS
{
  "id": 3,
  "state": "page-will-navigate",
  "teamId": "T02R0MMHK"
}
[05/05/18, 02:02:51:431] info: Store: UPSERT_WEB_CONTENTS
{
  "id": 7,
  "state": "loaded",
  "teamId": "T0GFBAM8C"
}
[05/05/18, 02:02:51:432] info: Store: UPSERT_WEB_CONTENTS
{
  "id": 7,
  "state": "empty-page",
  "teamId": "T0GFBAM8C"
}
[05/05/18, 02:02:51:432] info: Store: UPSERT_WEB_CONTENTS
{
  "id": 7,
  "state": "page-will-navigate",
  "teamId": "T0GFBAM8C"
}
[05/05/18, 02:02:51:433] info: Store: UPSERT_WEB_CONTENTS
{
  "id": 4,
  "state": "loaded",
  "teamId": "T5YEC6G73"
}
[05/05/18, 02:02:51:433] info: Store: UPSERT_WEB_CONTENTS
{
  "id": 4,
  "state": "empty-page",
  "teamId": "T5YEC6G73"
}
[05/05/18, 02:02:51:440] info: Store: UPSERT_WEB_CONTENTS
{
  "id": 4,
  "state": "page-will-navigate",
  "teamId": "T5YEC6G73"
}
[05/05/18, 02:02:51:445] info: Store: UPSERT_WEB_CONTENTS
{
  "id": 6,
  "state": "loaded",
  "teamId": "T5LFW0CUB"
}
[05/05/18, 02:02:51:456] info: Store: UPSERT_WEB_CONTENTS
{
  "id": 6,
  "state": "empty-page",
  "teamId": "T5LFW0CUB"
}
[05/05/18, 02:02:51:471] info: Store: UPSERT_WEB_CONTENTS
{
  "id": 6,
  "state": "page-will-navigate",
  "teamId": "T5LFW0CUB"
}
[05/05/18, 02:02:51:475] info: Window is unloading, winssb is no longer accessible
[05/05/18, 02:02:51:579] info: Store: SET_NETWORK_STATUS offline
[05/05/18, 02:02:51:957] info: Store: UPDATE_SESSION_STATUS
{
  "hasValidSession": true,
  "teamId": "T02R0MMHK"
}
[05/05/18, 02:02:51:989] info: Store: UPDATE_SESSION_STATUS
{
  "hasValidSession": true,
  "teamId": "T4HEMM0UR"
}
[05/05/18, 02:02:52:097] info: Store: UPDATE_SESSION_STATUS
{
  "hasValidSession": true,
  "teamId": "T0GFBAM8C"
}
[05/05/18, 02:02:52:127] info: Store: UPDATE_SESSION_STATUS
{
  "hasValidSession": true,
  "teamId": "T5LFW0CUB"
}
[05/05/18, 02:02:52:140] info: Store: UPDATE_SESSION_STATUS
{
  "hasValidSession": true,
  "teamId": "T5YEC6G73"
}
[05/05/18, 02:02:52:360] info: Store: SET_NETWORK_STATUS online
[05/05/18, 02:02:52:376] info: Store: MAIN_WINDOW_SHOWN
