[05/07/18, 19:35:15:839] info: ╔════════════════════════════════════════════════════════════════════════════╗
[05/07/18, 19:35:15:840] info: ║      Slack 3.1.1, linux 4.16.6-1-zen on x64 at 05/07/18, 19:35:15:827      ║
[05/07/18, 19:35:15:840] info: ╚════════════════════════════════════════════════════════════════════════════╝
[05/07/18, 19:35:16:115] info: Initializing local storage instance at path: /home/nitoli/.config/Slack/local-settings.json
[05/07/18, 19:35:17:007] error: Calls failed to load, bailing
[05/07/18, 19:35:17:009] info: cld3::loadModule: loading cld3 module
[05/07/18, 19:35:17:070] info: cld3Loader::loadModule: running environment is NODE
[05/07/18, 19:35:17:071] info: cld3Loader::loadModule: constructed module object for runtime
[05/07/18, 19:35:17:681] info: cld3Loader::initializeRuntime: successfully initialized module
[05/07/18, 19:35:17:690] info: cld3Loader::loadModule: initialized wasm binary Runtime
[05/07/18, 19:35:17:706] warn: updateSpellcheckerLanguage: Tried to update language, but spellchecker not initialized
[05/07/18, 19:35:17:707] info: SSBIntegration: Main window preload script loaded 2747.238006
[05/07/18, 19:35:17:760] info: Store: UPSERT_WEB_CONTENTS
{
  "id": 4,
  "state": "loaded",
  "teamId": "T02R0MMHK"
}
[05/07/18, 19:35:17:794] info: Store: UPSERT_WEB_CONTENTS
{
  "id": 5,
  "state": "loaded",
  "teamId": "T4HEMM0UR"
}
[05/07/18, 19:35:17:799] info: Store: UPSERT_WEB_CONTENTS
{
  "id": 4,
  "state": "empty-page",
  "teamId": "T02R0MMHK"
}
[05/07/18, 19:35:17:817] info: Store: UPSERT_WEB_CONTENTS
{
  "id": 5,
  "state": "empty-page",
  "teamId": "T4HEMM0UR"
}
[05/07/18, 19:35:17:830] info: Store: UPSERT_WEB_CONTENTS
{
  "id": 4,
  "state": "page-will-navigate",
  "teamId": "T02R0MMHK"
}
[05/07/18, 19:35:17:840] info: Window is unloading, winssb is no longer accessible
[05/07/18, 19:35:17:843] info: Store: UPSERT_WEB_CONTENTS
{
  "id": 5,
  "state": "page-will-navigate",
  "teamId": "T4HEMM0UR"
}
[05/07/18, 19:35:18:032] info: Store: UPSERT_WEB_CONTENTS
{
  "id": 7,
  "state": "loaded",
  "teamId": "T0GFBAM8C"
}
[05/07/18, 19:35:18:064] info: Store: UPSERT_WEB_CONTENTS
{
  "id": 7,
  "state": "empty-page",
  "teamId": "T0GFBAM8C"
}
[05/07/18, 19:35:18:075] info: Store: UPSERT_WEB_CONTENTS
{
  "id": 7,
  "state": "page-will-navigate",
  "teamId": "T0GFBAM8C"
}
[05/07/18, 19:35:18:231] info: Store: UPSERT_WEB_CONTENTS
{
  "id": 6,
  "state": "loaded",
  "teamId": "T5LFW0CUB"
}
[05/07/18, 19:35:18:254] info: Store: UPSERT_WEB_CONTENTS
{
  "id": 6,
  "state": "empty-page",
  "teamId": "T5LFW0CUB"
}
