[05/09/18, 21:50:55:464] info: ╔════════════════════════════════════════════════════════════════════════════╗
[05/09/18, 21:50:55:465] info: ║      Slack 3.1.1, linux 4.16.7-1-zen on x64 at 05/09/18, 21:50:55:461      ║
[05/09/18, 21:50:55:465] info: ╚════════════════════════════════════════════════════════════════════════════╝
[05/09/18, 21:50:55:570] info: Initializing local storage instance at path: /home/nitoli/.config/Slack/local-settings.json
[05/09/18, 21:50:55:996] error: Calls failed to load, bailing
[05/09/18, 21:50:55:998] info: cld3::loadModule: loading cld3 module
[05/09/18, 21:50:56:026] info: cld3Loader::loadModule: running environment is NODE
[05/09/18, 21:50:56:027] info: cld3Loader::loadModule: constructed module object for runtime
[05/09/18, 21:50:56:391] info: cld3Loader::initializeRuntime: successfully initialized module
[05/09/18, 21:50:56:392] info: cld3Loader::loadModule: initialized wasm binary Runtime
[05/09/18, 21:50:56:400] warn: updateSpellcheckerLanguage: Tried to update language, but spellchecker not initialized
[05/09/18, 21:50:56:401] info: SSBIntegration: Main window preload script loaded 1242.760863
[05/09/18, 21:51:10:448] info: Store: SELECT_CHANNEL DA0493S4S
[05/09/18, 21:51:10:454] info: Store: UPDATE_TEAM_LOCALE
{
  "locale": "en-US"
}
[05/09/18, 21:51:10:457] info: Store: UPDATE_SETTINGS
{
  "locale": "en-US"
}
[05/09/18, 21:51:10:497] info: Store: UPSERT_WEB_CONTENTS
{
  "id": 4,
  "state": "loaded",
  "teamId": "T5YEC6G73"
}
[05/09/18, 21:51:10:613] info: Store: UPDATE_SESSION_STATUS
{
  "hasValidSession": true,
  "teamId": "T5YEC6G73"
}
[05/09/18, 21:51:10:621] info: Store: UPDATE_TEAM_LOCALE
{
  "locale": "en-US"
}
[05/09/18, 21:51:10:622] info: Store: UPSERT_WEB_CONTENTS
{
  "id": 4,
  "state": "webapp-loaded",
  "teamId": "T5YEC6G73"
}
[05/09/18, 21:51:10:624] info: Store: SELECT_CHANNEL C4JRHEQB1
[05/09/18, 21:51:10:624] info: Store: UPDATE_TEAM_LOCALE
{
  "locale": "ja-JP"
}
[05/09/18, 21:51:10:691] info: Store: UPDATE_TEAM_THEME
{
  "teamId": "T5YEC6G73",
  "theme": {
    "active_item": "#4C9689",
    "active_item_text": "#FFFFFF",
    "active_presence": "#38978D",
    "badge": "#EB4D5C",
    "column_bg": "#4D394B",
    "hover_item": "#3E313C",
    "menu_bg": "#3E313C",
    "text_color": "#FFFFFF"
  }
}
[05/09/18, 21:51:10:692] info: Store: STORE_API_TOKEN
{
  "teamId": "T5YEC6G73",
  "token": "xoxs-⋯"
}
[05/09/18, 21:51:10:692] info: Store: UPDATE_TEAM_ICONS
{
  "icons": {
    "image_102": "https://slack-files2.s3-us-west-2.amazonaws.com/avatars/2017-06-28/205110093367_6705e64b9b4a8299bd1f_102.png",
    "image_132": "https://slack-files2.s3-us-west-2.amazonaws.com/avatars/2017-06-28/205110093367_6705e64b9b4a8299bd1f_132.png",
    "image_230": "https://slack-files2.s3-us-west-2.amazonaws.com/avatars/2017-06-28/205110093367_6705e64b9b4a8299bd1f_230.png",
    "image_34": "https://slack-files2.s3-us-west-2.amazonaws.com/avatars/2017-06-28/205110093367_6705e64b9b4a8299bd1f_34.png",
    "image_44": "https://slack-files2.s3-us-west-2.amazonaws.com/avatars/2017-06-28/205110093367_6705e64b9b4a8299bd1f_44.png",
    "image_68": "https://slack-files2.s3-us-west-2.amazonaws.com/avatars/2017-06-28/205110093367_6705e64b9b4a8299bd1f_68.png",
    "image_88": "https://slack-files2.s3-us-west-2.amazonaws.com/avatars/2017-06-28/205110093367_6705e64b9b4a8299bd1f_88.png",
    "image_original": "https://slack-files2.s3-us-west-2.amazonaws.com/avatars/2017-06-28/205110093367_6705e64b9b4a8299bd1f_original.png"
  },
  "teamId": "T5YEC6G73"
}
[05/09/18, 21:51:11:516] info: Store: SELECT_CHANNEL C0GFH3RHU
[05/09/18, 21:51:11:545] info: Store: UPDATE_TEAM_LOCALE
{
  "locale": "ja-JP"
}
[05/09/18, 21:51:11:876] info: Store: UPSERT_WEB_CONTENTS
{
  "id": 5,
  "state": "loaded",
  "teamId": "T4HEMM0UR"
}
[05/09/18, 21:51:12:325] info: Store: UPDATE_SESSION_STATUS
{
  "hasValidSession": true,
  "teamId": "T4HEMM0UR"
}
[05/09/18, 21:51:13:191] info: Store: UPSERT_WEB_CONTENTS
{
  "id": 7,
  "state": "loaded",
  "teamId": "T0GFBAM8C"
}
[05/09/18, 21:51:13:680] info: Store: UPDATE_SESSION_STATUS
{
  "hasValidSession": true,
  "teamId": "T0GFBAM8C"
}
[05/09/18, 21:51:13:709] info: Store: SELECT_CHANNEL C02TQ0GUS
[05/09/18, 21:51:13:710] info: Store: UPDATE_TEAM_LOCALE
{
  "locale": "en-US"
}
[05/09/18, 21:51:13:854] info: Store: UPDATE_TEAM_LOCALE
{
  "locale": "ja-JP"
}
[05/09/18, 21:51:13:892] info: Store: UPSERT_WEB_CONTENTS
{
  "id": 5,
  "state": "webapp-loaded",
  "teamId": "T4HEMM0UR"
}
[05/09/18, 21:51:14:224] info: Store: STORE_API_TOKEN
{
  "teamId": "T4HEMM0UR",
  "token": "xoxs-⋯"
}
[05/09/18, 21:51:14:240] info: Store: UPDATE_TEAM_ICONS
{
  "icons": {
    "image_102": "https://slack-files2.s3-us-west-2.amazonaws.com/avatars/2017-03-15/154610708258_f98e05c23845866960a5_102.png",
    "image_132": "https://slack-files2.s3-us-west-2.amazonaws.com/avatars/2017-03-15/154610708258_f98e05c23845866960a5_132.png",
    "image_230": "https://slack-files2.s3-us-west-2.amazonaws.com/avatars/2017-03-15/154610708258_f98e05c23845866960a5_230.png",
    "image_34": "https://slack-files2.s3-us-west-2.amazonaws.com/avatars/2017-03-15/154610708258_f98e05c23845866960a5_34.png",
    "image_44": "https://slack-files2.s3-us-west-2.amazonaws.com/avatars/2017-03-15/154610708258_f98e05c23845866960a5_44.png",
    "image_68": "https://slack-files2.s3-us-west-2.amazonaws.com/avatars/2017-03-15/154610708258_f98e05c23845866960a5_68.png",
    "image_88": "https://slack-files2.s3-us-west-2.amazonaws.com/avatars/2017-03-15/154610708258_f98e05c23845866960a5_88.png",
    "image_original": "https://slack-files2.s3-us-west-2.amazonaws.com/avatars/2017-03-15/154610708258_f98e05c23845866960a5_original.png"
  },
  "teamId": "T4HEMM0UR"
}
[05/09/18, 21:51:14:529] info: Store: UPDATE_TEAM_LOCALE
{
  "locale": "ja-JP"
}
[05/09/18, 21:51:14:546] info: Store: UPSERT_WEB_CONTENTS
{
  "id": 7,
  "state": "webapp-loaded",
  "teamId": "T0GFBAM8C"
}
[05/09/18, 21:51:14:665] info: Store: UPDATE_TEAM_THEME
{
  "teamId": "T0GFBAM8C",
  "theme": {
    "active_item": "#4C9689",
    "active_item_text": "#FFFFFF",
    "active_presence": "#38978D",
    "badge": "#EB4D5C",
    "column_bg": "#4D394B",
    "hover_item": "#3E313C",
    "menu_bg": "#3E313C",
    "text_color": "#FFFFFF"
  }
}
[05/09/18, 21:51:14:694] info: Store: STORE_API_TOKEN
{
  "teamId": "T0GFBAM8C",
  "token": "xoxs-⋯"
}
[05/09/18, 21:51:14:702] info: Store: UPDATE_TEAM_ICONS
{
  "icons": {
    "image_102": "https://slack-files2.s3-us-west-2.amazonaws.com/avatars/2015-12-19/17054493216_07addcfb3fb1718cbba4_102.png",
    "image_132": "https://slack-files2.s3-us-west-2.amazonaws.com/avatars/2015-12-19/17054493216_07addcfb3fb1718cbba4_132.png",
    "image_230": "https://slack-files2.s3-us-west-2.amazonaws.com/avatars/2015-12-19/17054493216_07addcfb3fb1718cbba4_132.png",
    "image_34": "https://slack-files2.s3-us-west-2.amazonaws.com/avatars/2015-12-19/17054493216_07addcfb3fb1718cbba4_34.png",
    "image_44": "https://slack-files2.s3-us-west-2.amazonaws.com/avatars/2015-12-19/17054493216_07addcfb3fb1718cbba4_44.png",
    "image_68": "https://slack-files2.s3-us-west-2.amazonaws.com/avatars/2015-12-19/17054493216_07addcfb3fb1718cbba4_68.png",
    "image_88": "https://slack-files2.s3-us-west-2.amazonaws.com/avatars/2015-12-19/17054493216_07addcfb3fb1718cbba4_88.png",
    "image_original": "https://slack-files2.s3-us-west-2.amazonaws.com/avatars/2015-12-19/17054493216_07addcfb3fb1718cbba4_original.png"
  },
  "teamId": "T0GFBAM8C"
}
[05/09/18, 21:51:14:708] info: Store: UPSERT_WEB_CONTENTS
{
  "id": 3,
  "state": "loaded",
  "teamId": "T02R0MMHK"
}
[05/09/18, 21:51:14:869] info: Store: UPDATE_TEAM_THEME
{
  "teamId": "T4HEMM0UR",
  "theme": {
    "active_item": "#4C9689",
    "active_item_text": "#FFFFFF",
    "active_presence": "#38978D",
    "badge": "#EB4D5C",
    "column_bg": "#4D394B",
    "hover_item": "#3E313C",
    "menu_bg": "#3E313C",
    "text_color": "#FFFFFF"
  }
}
[05/09/18, 21:51:15:012] info: Store: SELECT_CHANNEL G80MPJULU
[05/09/18, 21:51:15:080] info: Store: UPDATE_SESSION_STATUS
{
  "hasValidSession": true,
  "teamId": "T02R0MMHK"
}
[05/09/18, 21:51:15:249] info: Store: UPDATE_TEAM_LOCALE
{
  "locale": "ja-JP"
}
[05/09/18, 21:51:15:389] info: Store: UPDATE_TEAM_LOCALE
{
  "locale": "en-US"
}
[05/09/18, 21:51:15:394] info: Store: UPSERT_WEB_CONTENTS
{
  "id": 3,
  "state": "webapp-loaded",
  "teamId": "T02R0MMHK"
}
[05/09/18, 21:51:15:460] info: Store: UPSERT_WEB_CONTENTS
{
  "id": 6,
  "state": "loaded",
  "teamId": "T5LFW0CUB"
}
[05/09/18, 21:51:15:785] info: Store: UPDATE_TEAM_LOCALE
{
  "locale": "ja-JP"
}
[05/09/18, 21:51:15:791] info: Store: UPSERT_WEB_CONTENTS
{
  "id": 6,
  "state": "webapp-loaded",
  "teamId": "T5LFW0CUB"
}
[05/09/18, 21:51:15:803] info: Store: UPDATE_SESSION_STATUS
{
  "hasValidSession": true,
  "teamId": "T5LFW0CUB"
}
[05/09/18, 21:51:15:871] info: Store: STORE_API_TOKEN
{
  "teamId": "T5LFW0CUB",
  "token": "xoxs-⋯"
}
[05/09/18, 21:51:15:882] info: Store: UPDATE_TEAM_THEME
{
  "teamId": "T5LFW0CUB",
  "theme": {
    "active_item": "#4C9689",
    "active_item_text": "#FFFFFF",
    "active_presence": "#38978D",
    "badge": "#EB4D5C",
    "column_bg": "#4D394B",
    "hover_item": "#3E313C",
    "menu_bg": "#3E313C",
    "text_color": "#FFFFFF"
  }
}
[05/09/18, 21:51:16:094] info: Store: STORE_API_TOKEN
{
  "teamId": "T02R0MMHK",
  "token": "xoxs-⋯"
}
[05/09/18, 21:51:16:114] info: Store: UPDATE_TEAM_ICONS
{
  "icons": {
    "image_102": "https://slack-files2.s3-us-west-2.amazonaws.com/avatars/2015-01-14/3400695805_06e3ed8a8ae7228d7c54_102.jpg",
    "image_132": "https://slack-files2.s3-us-west-2.amazonaws.com/avatars/2015-01-14/3400695805_06e3ed8a8ae7228d7c54_132.jpg",
    "image_230": "https://slack-files2.s3-us-west-2.amazonaws.com/avatars/2015-01-14/3400695805_06e3ed8a8ae7228d7c54_132.jpg",
    "image_34": "https://slack-files2.s3-us-west-2.amazonaws.com/avatars/2015-01-14/3400695805_06e3ed8a8ae7228d7c54_34.jpg",
    "image_44": "https://slack-files2.s3-us-west-2.amazonaws.com/avatars/2015-01-14/3400695805_06e3ed8a8ae7228d7c54_44.jpg",
    "image_68": "https://slack-files2.s3-us-west-2.amazonaws.com/avatars/2015-01-14/3400695805_06e3ed8a8ae7228d7c54_68.jpg",
    "image_88": "https://slack-files2.s3-us-west-2.amazonaws.com/avatars/2015-01-14/3400695805_06e3ed8a8ae7228d7c54_88.jpg",
    "image_original": "https://slack-files2.s3-us-west-2.amazonaws.com/avatars/2015-01-14/3400695805_06e3ed8a8ae7228d7c54_original.jpg"
  },
  "teamId": "T02R0MMHK"
}
[05/09/18, 21:51:16:687] info: Store: UPDATE_TEAM_THEME
{
  "teamId": "T02R0MMHK",
  "theme": {
    "active_item": "#4C9689",
    "active_item_text": "#FFFFFF",
    "active_presence": "#38978D",
    "badge": "#EB4D5C",
    "column_bg": "#4D394B",
    "hover_item": "#3E313C",
    "menu_bg": "#3E313C",
    "text_color": "#FFFFFF"
  }
}
[05/09/18, 21:51:16:869] info: Store: UPDATE_TEAM_ICONS
{
  "icons": {
    "image_102": "https://slack-files2.s3-us-west-2.amazonaws.com/avatars/2017-08-21/229801110004_7754c1684d8336d012c4_102.jpg",
    "image_132": "https://slack-files2.s3-us-west-2.amazonaws.com/avatars/2017-08-21/229801110004_7754c1684d8336d012c4_132.jpg",
    "image_230": "https://slack-files2.s3-us-west-2.amazonaws.com/avatars/2017-08-21/229801110004_7754c1684d8336d012c4_230.jpg",
    "image_34": "https://slack-files2.s3-us-west-2.amazonaws.com/avatars/2017-08-21/229801110004_7754c1684d8336d012c4_34.jpg",
    "image_44": "https://slack-files2.s3-us-west-2.amazonaws.com/avatars/2017-08-21/229801110004_7754c1684d8336d012c4_44.jpg",
    "image_68": "https://slack-files2.s3-us-west-2.amazonaws.com/avatars/2017-08-21/229801110004_7754c1684d8336d012c4_68.jpg",
    "image_88": "https://slack-files2.s3-us-west-2.amazonaws.com/avatars/2017-08-21/229801110004_7754c1684d8336d012c4_88.jpg",
    "image_original": "https://slack-files2.s3-us-west-2.amazonaws.com/avatars/2017-08-21/229801110004_7754c1684d8336d012c4_original.jpg"
  },
  "teamId": "T5LFW0CUB"
}
