[05/01/18, 17:57:59:009] info: ╔════════════════════════════════════════════════════════════════════════════╗
[05/01/18, 17:57:59:010] info: ║      Slack 3.1.1, linux 4.16.5-1-zen on x64 at 05/01/18, 17:57:58:998      ║
[05/01/18, 17:57:59:012] info: ╚════════════════════════════════════════════════════════════════════════════╝
[05/01/18, 17:57:59:366] info: Initializing local storage instance at path: /home/nitoli/.config/Slack/local-settings.json
[05/01/18, 17:58:00:645] error: Calls failed to load, bailing
[05/01/18, 17:58:00:649] info: cld3::loadModule: loading cld3 module
[05/01/18, 17:58:00:777] info: cld3Loader::loadModule: running environment is NODE
[05/01/18, 17:58:00:778] info: cld3Loader::loadModule: constructed module object for runtime
[05/01/18, 17:58:01:733] info: cld3Loader::initializeRuntime: successfully initialized module
[05/01/18, 17:58:01:733] info: cld3Loader::loadModule: initialized wasm binary Runtime
[05/01/18, 17:58:01:739] warn: updateSpellcheckerLanguage: Tried to update language, but spellchecker not initialized
[05/01/18, 17:58:01:740] info: SSBIntegration: Main window preload script loaded 3905.636673
[05/01/18, 17:58:01:774] info: Store: SET_NETWORK_STATUS offline
[05/01/18, 17:58:01:791] info: Store: UPSERT_WEB_CONTENTS
{
  "id": 5,
  "state": "loaded",
  "teamId": "T4HEMM0UR"
}
[05/01/18, 17:58:01:799] info: Store: UPSERT_WEB_CONTENTS
{
  "id": 3,
  "state": "loaded",
  "teamId": "T5YEC6G73"
}
[05/01/18, 17:58:01:812] info: Store: UPSERT_WEB_CONTENTS
{
  "id": 3,
  "state": "empty-page",
  "teamId": "T5YEC6G73"
}
[05/01/18, 17:58:01:817] info: Store: UPSERT_WEB_CONTENTS
{
  "id": 5,
  "state": "empty-page",
  "teamId": "T4HEMM0UR"
}
[05/01/18, 17:58:02:129] info: Store: UPDATE_SESSION_STATUS
{
  "hasValidSession": null,
  "teamId": "T4HEMM0UR"
}
[05/01/18, 17:58:02:131] info: Store: UPDATE_SESSION_STATUS
{
  "hasValidSession": null,
  "teamId": "T5YEC6G73"
}
[05/01/18, 17:58:02:267] info: Store: UPSERT_WEB_CONTENTS
{
  "id": 4,
  "state": "loaded",
  "teamId": "T02R0MMHK"
}
[05/01/18, 17:58:02:279] info: Store: UPSERT_WEB_CONTENTS
{
  "id": 4,
  "state": "empty-page",
  "teamId": "T02R0MMHK"
}
[05/01/18, 17:58:02:376] info: Store: UPDATE_SESSION_STATUS
{
  "hasValidSession": null,
  "teamId": "T02R0MMHK"
}
[05/01/18, 17:58:07:620] info: Store: SET_NETWORK_STATUS online
[05/01/18, 17:58:07:642] info: Store: MAIN_WINDOW_SHOWN
[05/01/18, 17:58:07:687] info: Store: UPSERT_WEB_CONTENTS
{
  "id": 5,
  "state": "page-will-navigate",
  "teamId": "T4HEMM0UR"
}
[05/01/18, 17:58:07:719] info: Window is unloading, winssb is no longer accessible
[05/01/18, 17:58:07:720] info: Store: UPSERT_WEB_CONTENTS
{
  "id": 3,
  "state": "page-will-navigate",
  "teamId": "T5YEC6G73"
}
[05/01/18, 17:58:07:724] info: Store: UPSERT_WEB_CONTENTS
{
  "id": 4,
  "state": "page-will-navigate",
  "teamId": "T02R0MMHK"
}
[05/01/18, 17:58:08:073] info: Store: UPDATE_SESSION_STATUS
{
  "hasValidSession": true,
  "teamId": "T4HEMM0UR"
}
[05/01/18, 17:58:08:079] info: Store: UPDATE_SESSION_STATUS
{
  "hasValidSession": true,
  "teamId": "T5YEC6G73"
}
[05/01/18, 17:58:08:085] info: Store: UPDATE_SESSION_STATUS
{
  "hasValidSession": true,
  "teamId": "T02R0MMHK"
}
[05/01/18, 17:58:08:679] info: Store: SAVE_WINDOW_SETTINGS
{
  "isMaximized": false,
  "position": [
    10,
    42
  ],
  "size": [
    1900,
    1028
  ]
}
