[05/01/18, 22:37:36:562] info: ╔════════════════════════════════════════════════════════════════════════════╗
[05/01/18, 22:37:36:563] info: ║      Slack 3.1.1, linux 4.16.5-1-zen on x64 at 05/01/18, 22:37:36:557      ║
[05/01/18, 22:37:36:564] info: ╚════════════════════════════════════════════════════════════════════════════╝
[05/01/18, 22:37:36:749] info: Initializing local storage instance at path: /home/nitoli/.config/Slack/local-settings.json
[05/01/18, 22:37:37:667] error: Calls failed to load, bailing
[05/01/18, 22:37:37:669] info: cld3::loadModule: loading cld3 module
[05/01/18, 22:37:37:724] info: cld3Loader::loadModule: running environment is NODE
[05/01/18, 22:37:37:725] info: cld3Loader::loadModule: constructed module object for runtime
[05/01/18, 22:37:38:356] info: cld3Loader::initializeRuntime: successfully initialized module
[05/01/18, 22:37:38:356] info: cld3Loader::loadModule: initialized wasm binary Runtime
[05/01/18, 22:37:38:379] warn: updateSpellcheckerLanguage: Tried to update language, but spellchecker not initialized
[05/01/18, 22:37:38:380] info: SSBIntegration: Main window preload script loaded 2558.126743
[05/01/18, 22:37:38:403] info: Store: UPSERT_WEB_CONTENTS
{
  "id": 3,
  "state": "loaded",
  "teamId": "T02R0MMHK"
}
[05/01/18, 22:37:38:409] info: Store: UPSERT_WEB_CONTENTS
{
  "id": 3,
  "state": "empty-page",
  "teamId": "T02R0MMHK"
}
[05/01/18, 22:37:38:410] info: Store: UPSERT_WEB_CONTENTS
{
  "id": 3,
  "state": "page-will-navigate",
  "teamId": "T02R0MMHK"
}
[05/01/18, 22:37:38:414] info: Store: SET_NETWORK_STATUS offline
[05/01/18, 22:37:38:415] info: Store: UPDATE_SESSION_STATUS
{
  "hasValidSession": null,
  "teamId": "T4HEMM0UR"
}
[05/01/18, 22:37:38:415] info: Store: UPDATE_SESSION_STATUS
{
  "hasValidSession": null,
  "teamId": "T5YEC6G73"
}
[05/01/18, 22:37:38:416] info: Store: UPDATE_SESSION_STATUS
{
  "hasValidSession": null,
  "teamId": "T02R0MMHK"
}
[05/01/18, 22:37:38:417] info: Store: UPSERT_WEB_CONTENTS
{
  "id": 5,
  "state": "loaded",
  "teamId": "T4HEMM0UR"
}
[05/01/18, 22:37:38:418] info: Store: UPSERT_WEB_CONTENTS
{
  "id": 5,
  "state": "empty-page",
  "teamId": "T4HEMM0UR"
}
[05/01/18, 22:37:38:424] info: Store: UPSERT_WEB_CONTENTS
{
  "id": 4,
  "state": "loaded",
  "teamId": "T5YEC6G73"
}
[05/01/18, 22:37:38:447] info: Store: UPSERT_WEB_CONTENTS
{
  "id": 4,
  "state": "empty-page",
  "teamId": "T5YEC6G73"
}
[05/01/18, 22:37:38:521] info: Store: UPDATE_SESSION_STATUS
{
  "hasValidSession": true,
  "teamId": "T4HEMM0UR"
}
[05/01/18, 22:37:38:559] info: Store: UPSERT_WEB_CONTENTS
{
  "id": 3,
  "state": "loaded",
  "teamId": "T02R0MMHK"
}
[05/01/18, 22:37:38:581] info: Store: UPSERT_WEB_CONTENTS
{
  "id": 3,
  "state": "empty-page",
  "teamId": "T02R0MMHK"
}
[05/01/18, 22:37:38:722] info: Store: UPDATE_SESSION_STATUS
{
  "hasValidSession": true,
  "teamId": "T5YEC6G73"
}
[05/01/18, 22:37:38:920] info: Store: UPDATE_SESSION_STATUS
{
  "hasValidSession": true,
  "teamId": "T02R0MMHK"
}
[05/01/18, 22:37:42:052] info: Store: SET_NETWORK_STATUS online
[05/01/18, 22:37:42:065] info: Store: MAIN_WINDOW_SHOWN
[05/01/18, 22:37:42:101] info: Store: UPSERT_WEB_CONTENTS
{
  "id": 5,
  "state": "page-will-navigate",
  "teamId": "T4HEMM0UR"
}
[05/01/18, 22:37:42:118] info: Store: UPSERT_WEB_CONTENTS
{
  "id": 3,
  "state": "page-will-navigate",
  "teamId": "T02R0MMHK"
}
[05/01/18, 22:37:42:131] info: Store: UPSERT_WEB_CONTENTS
{
  "id": 4,
  "state": "page-will-navigate",
  "teamId": "T5YEC6G73"
}
[05/01/18, 22:37:42:133] info: Window is unloading, winssb is no longer accessible
[05/01/18, 22:37:42:414] info: Store: UPDATE_SESSION_STATUS
{
  "hasValidSession": true,
  "teamId": "T4HEMM0UR"
}
[05/01/18, 22:37:42:431] info: Store: UPDATE_SESSION_STATUS
{
  "hasValidSession": true,
  "teamId": "T02R0MMHK"
}
[05/01/18, 22:37:42:446] info: Store: UPDATE_SESSION_STATUS
{
  "hasValidSession": true,
  "teamId": "T5YEC6G73"
}
[05/01/18, 22:37:43:117] info: Store: SAVE_WINDOW_SETTINGS
{
  "isMaximized": false,
  "position": [
    10,
    42
  ],
  "size": [
    1900,
    1002
  ]
}
