[05/07/18, 17:33:48:505] info: ╔════════════════════════════════════════════════════════════════════════════╗
[05/07/18, 17:33:48:508] info: ║      Slack 3.1.1, linux 4.16.6-1-zen on x64 at 05/07/18, 17:33:48:496      ║
[05/07/18, 17:33:48:508] info: ╚════════════════════════════════════════════════════════════════════════════╝
[05/07/18, 17:33:48:767] info: Initializing local storage instance at path: /home/nitoli/.config/Slack/local-settings.json
[05/07/18, 17:33:49:733] error: Calls failed to load, bailing
[05/07/18, 17:33:49:735] info: cld3::loadModule: loading cld3 module
[05/07/18, 17:33:49:862] info: cld3Loader::loadModule: running environment is NODE
[05/07/18, 17:33:49:867] info: cld3Loader::loadModule: constructed module object for runtime
[05/07/18, 17:33:50:742] info: cld3Loader::initializeRuntime: successfully initialized module
[05/07/18, 17:33:50:743] info: cld3Loader::loadModule: initialized wasm binary Runtime
[05/07/18, 17:33:50:750] warn: updateSpellcheckerLanguage: Tried to update language, but spellchecker not initialized
[05/07/18, 17:33:50:751] info: SSBIntegration: Main window preload script loaded 3008.258845
[05/07/18, 17:33:50:775] info: Store: UPSERT_WEB_CONTENTS
{
  "id": 3,
  "state": "loaded",
  "teamId": "T5YEC6G73"
}
[05/07/18, 17:33:50:787] info: Store: UPSERT_WEB_CONTENTS
{
  "id": 5,
  "state": "loaded",
  "teamId": "T4HEMM0UR"
}
[05/07/18, 17:33:50:787] info: Store: UPSERT_WEB_CONTENTS
{
  "id": 4,
  "state": "loaded",
  "teamId": "T02R0MMHK"
}
[05/07/18, 17:33:50:793] info: Store: UPSERT_WEB_CONTENTS
{
  "id": 3,
  "state": "empty-page",
  "teamId": "T5YEC6G73"
}
[05/07/18, 17:33:50:793] info: Store: UPSERT_WEB_CONTENTS
{
  "id": 5,
  "state": "empty-page",
  "teamId": "T4HEMM0UR"
}
[05/07/18, 17:33:50:793] info: Store: UPSERT_WEB_CONTENTS
{
  "id": 4,
  "state": "empty-page",
  "teamId": "T02R0MMHK"
}
[05/07/18, 17:33:50:794] info: Store: UPSERT_WEB_CONTENTS
{
  "id": 3,
  "state": "page-will-navigate",
  "teamId": "T5YEC6G73"
}
[05/07/18, 17:33:50:794] info: Store: UPSERT_WEB_CONTENTS
{
  "id": 5,
  "state": "page-will-navigate",
  "teamId": "T4HEMM0UR"
}
[05/07/18, 17:33:50:795] info: Store: UPSERT_WEB_CONTENTS
{
  "id": 4,
  "state": "page-will-navigate",
  "teamId": "T02R0MMHK"
}
[05/07/18, 17:33:50:806] info: Store: UPSERT_WEB_CONTENTS
{
  "id": 6,
  "state": "loaded",
  "teamId": "T5LFW0CUB"
}
[05/07/18, 17:33:50:816] info: Store: UPSERT_WEB_CONTENTS
{
  "id": 6,
  "state": "empty-page",
  "teamId": "T5LFW0CUB"
}
[05/07/18, 17:33:50:826] info: Store: UPSERT_WEB_CONTENTS
{
  "id": 6,
  "state": "page-will-navigate",
  "teamId": "T5LFW0CUB"
}
[05/07/18, 17:33:50:832] info: Window is unloading, winssb is no longer accessible
[05/07/18, 17:33:50:881] info: Store: UPSERT_WEB_CONTENTS
{
  "id": 7,
  "state": "loaded",
  "teamId": "T0GFBAM8C"
}
[05/07/18, 17:33:50:911] info: Store: UPSERT_WEB_CONTENTS
{
  "id": 7,
  "state": "empty-page",
  "teamId": "T0GFBAM8C"
}
[05/07/18, 17:33:50:924] info: Store: UPSERT_WEB_CONTENTS
{
  "id": 7,
  "state": "page-will-navigate",
  "teamId": "T0GFBAM8C"
}
