[04/20/18, 14:09:45:638] info: ╔════════════════════════════════════════════════════════════════════════════╗
[04/20/18, 14:09:45:639] info: ║      Slack 3.1.1, linux 4.16.2-2-zen on x64 at 04/20/18, 14:09:45:632      ║
[04/20/18, 14:09:45:639] info: ╚════════════════════════════════════════════════════════════════════════════╝
[04/20/18, 14:09:45:787] info: Initializing local storage instance at path: /home/nitoli/.config/Slack/local-settings.json
[04/20/18, 14:09:46:266] error: Calls failed to load, bailing
[04/20/18, 14:09:46:270] info: cld3::loadModule: loading cld3 module
[04/20/18, 14:09:46:302] info: cld3Loader::loadModule: running environment is NODE
[04/20/18, 14:09:46:302] info: cld3Loader::loadModule: constructed module object for runtime
[04/20/18, 14:09:46:706] info: cld3Loader::initializeRuntime: successfully initialized module
[04/20/18, 14:09:46:707] info: cld3Loader::loadModule: initialized wasm binary Runtime
[04/20/18, 14:09:46:731] warn: updateSpellcheckerLanguage: Tried to update language, but spellchecker not initialized
[04/20/18, 14:09:46:732] info: SSBIntegration: Main window preload script loaded 1635.779974
[04/20/18, 14:09:53:705] info: Store: UPSERT_WEB_CONTENTS
{
  "id": 3,
  "state": "loaded",
  "teamId": "T5YEC6G73"
}
[04/20/18, 14:09:53:976] info: Store: UPDATE_SESSION_STATUS
{
  "hasValidSession": true,
  "teamId": "T5YEC6G73"
}
[04/20/18, 14:09:53:978] info: Store: SELECT_CHANNEL DA8987TBK
[04/20/18, 14:09:53:979] info: Store: UPDATE_TEAM_LOCALE
{
  "locale": "ja-JP"
}
[04/20/18, 14:09:53:987] info: Store: UPDATE_SETTINGS
{
  "locale": "en-US"
}
[04/20/18, 14:09:53:993] info: Store: UPSERT_WEB_CONTENTS
{
  "id": 5,
  "state": "loaded",
  "teamId": "T4HEMM0UR"
}
[04/20/18, 14:09:53:995] info: Store: SELECT_CHANNEL C8Y1H7TEE
[04/20/18, 14:09:53:995] info: Store: UPDATE_TEAM_LOCALE
{
  "locale": "en-US"
}
[04/20/18, 14:09:53:996] info: Store: SELECT_CHANNEL DA894LSFK
[04/20/18, 14:09:53:996] info: Store: UPDATE_TEAM_LOCALE
{
  "locale": "en-US"
}
[04/20/18, 14:09:53:997] info: Store: UPDATE_SESSION_STATUS
{
  "hasValidSession": true,
  "teamId": "T4HEMM0UR"
}
[04/20/18, 14:09:54:007] info: Store: UPDATE_TEAM_LOCALE
{
  "locale": "ja-JP"
}
[04/20/18, 14:09:54:008] info: Store: UPSERT_WEB_CONTENTS
{
  "id": 5,
  "state": "webapp-loaded",
  "teamId": "T4HEMM0UR"
}
[04/20/18, 14:09:54:017] info: Store: UPSERT_WEB_CONTENTS
{
  "id": 4,
  "state": "loaded",
  "teamId": "T02R0MMHK"
}
[04/20/18, 14:09:54:018] info: Store: UPDATE_TEAM_THEME
{
  "teamId": "T4HEMM0UR",
  "theme": {
    "active_item": "#4C9689",
    "active_item_text": "#FFFFFF",
    "active_presence": "#38978D",
    "badge": "#EB4D5C",
    "column_bg": "#4D394B",
    "hover_item": "#3E313C",
    "menu_bg": "#3E313C",
    "text_color": "#FFFFFF"
  }
}
[04/20/18, 14:09:54:018] info: Store: STORE_API_TOKEN
{
  "teamId": "T4HEMM0UR",
  "token": "xoxs-⋯"
}
[04/20/18, 14:09:54:026] info: Store: UPDATE_TEAM_ICONS
{
  "icons": {
    "image_102": "https://slack-files2.s3-us-west-2.amazonaws.com/avatars/2017-03-15/154610708258_f98e05c23845866960a5_102.png",
    "image_132": "https://slack-files2.s3-us-west-2.amazonaws.com/avatars/2017-03-15/154610708258_f98e05c23845866960a5_132.png",
    "image_230": "https://slack-files2.s3-us-west-2.amazonaws.com/avatars/2017-03-15/154610708258_f98e05c23845866960a5_230.png",
    "image_34": "https://slack-files2.s3-us-west-2.amazonaws.com/avatars/2017-03-15/154610708258_f98e05c23845866960a5_34.png",
    "image_44": "https://slack-files2.s3-us-west-2.amazonaws.com/avatars/2017-03-15/154610708258_f98e05c23845866960a5_44.png",
    "image_68": "https://slack-files2.s3-us-west-2.amazonaws.com/avatars/2017-03-15/154610708258_f98e05c23845866960a5_68.png",
    "image_88": "https://slack-files2.s3-us-west-2.amazonaws.com/avatars/2017-03-15/154610708258_f98e05c23845866960a5_88.png",
    "image_original": "https://slack-files2.s3-us-west-2.amazonaws.com/avatars/2017-03-15/154610708258_f98e05c23845866960a5_original.png"
  },
  "teamId": "T4HEMM0UR"
}
[04/20/18, 14:09:54:201] info: Store: UPDATE_TEAM_THEME
{
  "teamId": "T5YEC6G73",
  "theme": {
    "active_item": "#4C9689",
    "active_item_text": "#FFFFFF",
    "active_presence": "#38978D",
    "badge": "#EB4D5C",
    "column_bg": "#4D394B",
    "hover_item": "#3E313C",
    "menu_bg": "#3E313C",
    "text_color": "#FFFFFF"
  }
}
[04/20/18, 14:09:54:201] info: Store: UPDATE_TEAM_LOCALE
{
  "locale": "en-US"
}
[04/20/18, 14:09:54:202] info: Store: UPSERT_WEB_CONTENTS
{
  "id": 4,
  "state": "webapp-loaded",
  "teamId": "T02R0MMHK"
}
[04/20/18, 14:09:54:204] info: Store: UPDATE_SESSION_STATUS
{
  "hasValidSession": true,
  "teamId": "T02R0MMHK"
}
[04/20/18, 14:09:54:319] info: postLoadTaskSetup: Desktop client fully loaded
{
  "loadedTime": 19228.66017
}
[04/20/18, 14:09:54:554] info: Store: STORE_API_TOKEN
{
  "teamId": "T02R0MMHK",
  "token": "xoxs-⋯"
}
[04/20/18, 14:09:54:555] info: Store: UPDATE_TEAM_THEME
{
  "teamId": "T02R0MMHK",
  "theme": {
    "active_item": "#4C9689",
    "active_item_text": "#FFFFFF",
    "active_presence": "#38978D",
    "badge": "#EB4D5C",
    "column_bg": "#4D394B",
    "hover_item": "#3E313C",
    "menu_bg": "#3E313C",
    "text_color": "#FFFFFF"
  }
}
[04/20/18, 14:09:54:841] info: Store: UPDATE_TEAM_ICONS
{
  "icons": {
    "image_102": "https://slack-files2.s3-us-west-2.amazonaws.com/avatars/2017-06-28/205110093367_6705e64b9b4a8299bd1f_102.png",
    "image_132": "https://slack-files2.s3-us-west-2.amazonaws.com/avatars/2017-06-28/205110093367_6705e64b9b4a8299bd1f_132.png",
    "image_230": "https://slack-files2.s3-us-west-2.amazonaws.com/avatars/2017-06-28/205110093367_6705e64b9b4a8299bd1f_230.png",
    "image_34": "https://slack-files2.s3-us-west-2.amazonaws.com/avatars/2017-06-28/205110093367_6705e64b9b4a8299bd1f_34.png",
    "image_44": "https://slack-files2.s3-us-west-2.amazonaws.com/avatars/2017-06-28/205110093367_6705e64b9b4a8299bd1f_44.png",
    "image_68": "https://slack-files2.s3-us-west-2.amazonaws.com/avatars/2017-06-28/205110093367_6705e64b9b4a8299bd1f_68.png",
    "image_88": "https://slack-files2.s3-us-west-2.amazonaws.com/avatars/2017-06-28/205110093367_6705e64b9b4a8299bd1f_88.png",
    "image_original": "https://slack-files2.s3-us-west-2.amazonaws.com/avatars/2017-06-28/205110093367_6705e64b9b4a8299bd1f_original.png"
  },
  "teamId": "T5YEC6G73"
}
[04/20/18, 14:09:54:842] info: Store: UPDATE_TEAM_LOCALE
{
  "locale": "en-US",
  "teamId": "T5YEC6G73"
}
[04/20/18, 14:09:54:843] info: Store: UPSERT_WEB_CONTENTS
{
  "id": 3,
  "state": "webapp-loaded",
  "teamId": "T5YEC6G73"
}
[04/20/18, 14:09:54:846] info: Store: UPDATE_TEAM_ICONS
{
  "icons": {
    "image_102": "https://slack-files2.s3-us-west-2.amazonaws.com/avatars/2015-01-14/3400695805_06e3ed8a8ae7228d7c54_102.jpg",
    "image_132": "https://slack-files2.s3-us-west-2.amazonaws.com/avatars/2015-01-14/3400695805_06e3ed8a8ae7228d7c54_132.jpg",
    "image_230": "https://slack-files2.s3-us-west-2.amazonaws.com/avatars/2015-01-14/3400695805_06e3ed8a8ae7228d7c54_132.jpg",
    "image_34": "https://slack-files2.s3-us-west-2.amazonaws.com/avatars/2015-01-14/3400695805_06e3ed8a8ae7228d7c54_34.jpg",
    "image_44": "https://slack-files2.s3-us-west-2.amazonaws.com/avatars/2015-01-14/3400695805_06e3ed8a8ae7228d7c54_44.jpg",
    "image_68": "https://slack-files2.s3-us-west-2.amazonaws.com/avatars/2015-01-14/3400695805_06e3ed8a8ae7228d7c54_68.jpg",
    "image_88": "https://slack-files2.s3-us-west-2.amazonaws.com/avatars/2015-01-14/3400695805_06e3ed8a8ae7228d7c54_88.jpg",
    "image_original": "https://slack-files2.s3-us-west-2.amazonaws.com/avatars/2015-01-14/3400695805_06e3ed8a8ae7228d7c54_original.jpg"
  },
  "teamId": "T02R0MMHK"
}
[04/20/18, 14:09:55:008] info: Store: STORE_API_TOKEN
{
  "teamId": "T5YEC6G73",
  "token": "xoxs-⋯"
}
[04/20/18, 14:09:55:711] info: Couldn't detect language for text of length '1009': Not enough reliable text, ignoring sample
[04/20/18, 14:12:04:382] info: Unloading spellchecker
[04/20/18, 14:12:04:383] info: Unloading spellchecker
[04/20/18, 14:16:25:801] info: Unloading spellchecker
[04/20/18, 14:16:25:801] info: Unloading spellchecker
[04/20/18, 14:18:37:854] info: Unloading spellchecker
[04/20/18, 14:18:37:891] info: Unloading spellchecker
[04/20/18, 14:20:55:804] info: Unloading spellchecker
[04/20/18, 14:20:55:806] info: Unloading spellchecker
[04/20/18, 14:21:04:165] info: Unloading spellchecker
[04/20/18, 14:21:04:165] info: Unloading spellchecker
[04/20/18, 14:21:13:611] info: Unloading spellchecker
[04/20/18, 14:21:13:612] info: Unloading spellchecker
[04/20/18, 14:23:41:072] info: Unloading spellchecker
[04/20/18, 14:23:41:100] info: Unloading spellchecker
[04/20/18, 14:24:02:111] info: Unloading spellchecker
[04/20/18, 14:24:02:113] info: Unloading spellchecker
[04/20/18, 14:24:21:851] info: Unloading spellchecker
[04/20/18, 14:24:21:901] info: Store: MAIN_WINDOW_FOCUSED
[04/20/18, 14:24:21:966] info: Store: SELECT_TEAM T4HEMM0UR
[04/20/18, 14:24:21:998] info: Unloading spellchecker
[04/20/18, 14:24:21:998] info: Unloading spellchecker
[04/20/18, 14:24:21:999] info: Store: UPDATE_SETTINGS
{
  "locale": "ja-JP"
}
[04/20/18, 14:24:21:999] info: TranslationLookup: locale set to ja-JP for renderer
[04/20/18, 14:24:24:520] info: Store: SELECT_CHANNEL C4JRHEQB1
[04/20/18, 14:24:54:646] info: Store: MAIN_WINDOW_FOCUSED
[04/20/18, 14:24:54:805] info: Store: SELECT_TEAM T02R0MMHK
[04/20/18, 14:24:54:812] info: Store: UPDATE_SETTINGS
{
  "locale": "en-US"
}
[04/20/18, 14:24:54:812] info: TranslationLookup: locale set to en-US for renderer
[04/20/18, 14:25:00:875] info: Store: MAIN_WINDOW_FOCUSED
[04/20/18, 14:25:02:139] info: Store: MAIN_WINDOW_FOCUSED
[04/20/18, 14:25:02:261] info: Store: SELECT_TEAM T5YEC6G73
[04/20/18, 14:25:03:292] info: Unloading spellchecker
[04/20/18, 14:25:03:311] info: Unloading spellchecker
[04/20/18, 14:26:58:032] info: Unloading spellchecker
[04/20/18, 14:26:58:075] info: Unloading spellchecker
[04/20/18, 14:31:57:713] info: Unloading spellchecker
[04/20/18, 14:31:57:715] info: Unloading spellchecker
[04/20/18, 14:32:11:409] info: Unloading spellchecker
[04/20/18, 14:32:11:410] info: Unloading spellchecker
[04/20/18, 14:33:49:214] info: Unloading spellchecker
[04/20/18, 14:33:49:216] info: Unloading spellchecker
[04/20/18, 14:33:56:234] info: Unloading spellchecker
[04/20/18, 14:33:56:235] info: Unloading spellchecker
[04/20/18, 14:35:01:409] info: Unloading spellchecker
[04/20/18, 14:35:01:419] info: Unloading spellchecker
[04/20/18, 14:35:15:738] info: Unloading spellchecker
[04/20/18, 14:35:15:832] info: Unloading spellchecker
[04/20/18, 14:36:36:772] info: Unloading spellchecker
[04/20/18, 14:36:36:779] info: Unloading spellchecker
[04/20/18, 14:36:40:207] info: Unloading spellchecker
[04/20/18, 14:36:40:246] info: Unloading spellchecker
[04/20/18, 14:37:12:081] info: Unloading spellchecker
[04/20/18, 14:37:12:082] info: Unloading spellchecker
[04/20/18, 14:38:02:238] info: Unloading spellchecker
[04/20/18, 14:38:02:275] info: Unloading spellchecker
[04/20/18, 14:39:07:706] info: Unloading spellchecker
[04/20/18, 14:39:07:733] info: Unloading spellchecker
[04/20/18, 14:39:49:653] info: Store: SET_NETWORK_STATUS offline
[04/20/18, 14:39:54:891] info: Store: SET_NETWORK_STATUS online
[04/20/18, 14:40:45:481] error: Apr-20 14:40:45.480 T5YEC6G73 SOCKET-MANAGER: Closing socket due to unknown error
[04/20/18, 14:40:53:717] error: 2018/4/20 14:40:53.716 logging error: {"subtype":"api_call_error","message":"{\"ok\":false,\"error\":\"_http_error\",\"status\":0,\"retry_after\":null}","stack":"Error\n    at Object.n [as logError] (https://a.slack-edge.com/bv1-3/rollup-core_required_ts.d813f6b6978917ee3831.min.js:1:74027)\n    at e (https://a.slack-edge.com/bv1-3/rollup-secondary_a_required.a1c8ef16cb5340d573d1.min.js:1:140426)\n    at e (https://a.slack-edge.com/bv1-3/rollup-secondary_a_required.a1c8ef16cb5340d573d1.min.js:1:135621)\n    at e (https://a.slack-edge.com/bv1-3/rollup-secondary_a_required.a1c8ef16cb5340d573d1.min.js:1:137548)\n    at XMLHttpRequest.d.onreadystatechange (https://a.slack-edge.com/bv1-3/rollup-secondary_a_required.a1c8ef16cb5340d573d1.min.js:1:138923)"}
[04/20/18, 14:41:01:261] info: Unloading spellchecker
[04/20/18, 14:41:01:264] info: Unloading spellchecker
[04/20/18, 14:41:03:357] info: Unloading spellchecker
[04/20/18, 14:41:03:359] info: Unloading spellchecker
[04/20/18, 14:41:15:547] error: Apr-20 14:41:15.547 T5YEC6G73 SOCKET-MANAGER: Closing socket due to unknown error
[04/20/18, 14:41:51:258] info: Unloading spellchecker
[04/20/18, 14:41:51:259] info: Unloading spellchecker
[04/20/18, 14:42:05:949] info: Unloading spellchecker
[04/20/18, 14:42:05:977] info: Unloading spellchecker
[04/20/18, 14:43:21:191] info: Unloading spellchecker
[04/20/18, 14:43:21:192] info: Unloading spellchecker
[04/20/18, 14:43:39:966] info: Unloading spellchecker
[04/20/18, 14:43:39:969] info: Unloading spellchecker
[04/20/18, 14:44:55:995] info: Unloading spellchecker
[04/20/18, 14:44:55:998] info: Unloading spellchecker
[04/20/18, 14:44:58:021] info: Unloading spellchecker
[04/20/18, 14:44:58:023] info: Unloading spellchecker
[04/20/18, 14:48:39:934] info: Unloading spellchecker
[04/20/18, 14:48:39:935] info: Unloading spellchecker
[04/20/18, 14:49:19:356] info: Unloading spellchecker
[04/20/18, 14:49:19:357] info: Store: SET_FULL_SCREEN
[04/20/18, 14:59:41:211] info: Store: SET_NETWORK_STATUS offline
[04/20/18, 15:00:09:753] error: Apr-20 15:00:09.753 T5YEC6G73 SOCKET-MANAGER: Closing socket due to unknown error
[04/20/18, 15:00:41:753] error: Apr-20 15:00:41.752 T5YEC6G73 SOCKET-MANAGER: Closing socket due to unknown error
[04/20/18, 15:00:51:754] info: Store: SET_NETWORK_STATUS online
[04/20/18, 15:01:13:145] info: Store: UPDATE_TEAM_ICONS
{
  "icons": {
    "image_102": "https://slack-files2.s3-us-west-2.amazonaws.com/avatars/2017-03-15/154610708258_f98e05c23845866960a5_102.png",
    "image_132": "https://slack-files2.s3-us-west-2.amazonaws.com/avatars/2017-03-15/154610708258_f98e05c23845866960a5_132.png",
    "image_230": "https://slack-files2.s3-us-west-2.amazonaws.com/avatars/2017-03-15/154610708258_f98e05c23845866960a5_230.png",
    "image_34": "https://slack-files2.s3-us-west-2.amazonaws.com/avatars/2017-03-15/154610708258_f98e05c23845866960a5_34.png",
    "image_44": "https://slack-files2.s3-us-west-2.amazonaws.com/avatars/2017-03-15/154610708258_f98e05c23845866960a5_44.png",
    "image_68": "https://slack-files2.s3-us-west-2.amazonaws.com/avatars/2017-03-15/154610708258_f98e05c23845866960a5_68.png",
    "image_88": "https://slack-files2.s3-us-west-2.amazonaws.com/avatars/2017-03-15/154610708258_f98e05c23845866960a5_88.png",
    "image_original": "https://slack-files2.s3-us-west-2.amazonaws.com/avatars/2017-03-15/154610708258_f98e05c23845866960a5_original.png"
  },
  "teamId": "T4HEMM0UR"
}
[04/20/18, 15:01:13:345] info: Store: UPDATE_TEAM_LOCALE
{
  "locale": "ja-JP",
  "teamId": "T4HEMM0UR"
}
[04/20/18, 15:01:14:317] info: Store: UPDATE_TEAM_ICONS
{
  "icons": {
    "image_102": "https://slack-files2.s3-us-west-2.amazonaws.com/avatars/2017-06-28/205110093367_6705e64b9b4a8299bd1f_102.png",
    "image_132": "https://slack-files2.s3-us-west-2.amazonaws.com/avatars/2017-06-28/205110093367_6705e64b9b4a8299bd1f_132.png",
    "image_230": "https://slack-files2.s3-us-west-2.amazonaws.com/avatars/2017-06-28/205110093367_6705e64b9b4a8299bd1f_230.png",
    "image_34": "https://slack-files2.s3-us-west-2.amazonaws.com/avatars/2017-06-28/205110093367_6705e64b9b4a8299bd1f_34.png",
    "image_44": "https://slack-files2.s3-us-west-2.amazonaws.com/avatars/2017-06-28/205110093367_6705e64b9b4a8299bd1f_44.png",
    "image_68": "https://slack-files2.s3-us-west-2.amazonaws.com/avatars/2017-06-28/205110093367_6705e64b9b4a8299bd1f_68.png",
    "image_88": "https://slack-files2.s3-us-west-2.amazonaws.com/avatars/2017-06-28/205110093367_6705e64b9b4a8299bd1f_88.png",
    "image_original": "https://slack-files2.s3-us-west-2.amazonaws.com/avatars/2017-06-28/205110093367_6705e64b9b4a8299bd1f_original.png"
  },
  "teamId": "T5YEC6G73"
}
[04/20/18, 15:01:14:318] info: Store: UPDATE_TEAM_LOCALE
{
  "locale": "en-US",
  "teamId": "T5YEC6G73"
}
[04/20/18, 15:01:16:166] info: Store: UPDATE_TEAM_ICONS
{
  "icons": {
    "image_102": "https://slack-files2.s3-us-west-2.amazonaws.com/avatars/2015-01-14/3400695805_06e3ed8a8ae7228d7c54_102.jpg",
    "image_132": "https://slack-files2.s3-us-west-2.amazonaws.com/avatars/2015-01-14/3400695805_06e3ed8a8ae7228d7c54_132.jpg",
    "image_230": "https://slack-files2.s3-us-west-2.amazonaws.com/avatars/2015-01-14/3400695805_06e3ed8a8ae7228d7c54_132.jpg",
    "image_34": "https://slack-files2.s3-us-west-2.amazonaws.com/avatars/2015-01-14/3400695805_06e3ed8a8ae7228d7c54_34.jpg",
    "image_44": "https://slack-files2.s3-us-west-2.amazonaws.com/avatars/2015-01-14/3400695805_06e3ed8a8ae7228d7c54_44.jpg",
    "image_68": "https://slack-files2.s3-us-west-2.amazonaws.com/avatars/2015-01-14/3400695805_06e3ed8a8ae7228d7c54_68.jpg",
    "image_88": "https://slack-files2.s3-us-west-2.amazonaws.com/avatars/2015-01-14/3400695805_06e3ed8a8ae7228d7c54_88.jpg",
    "image_original": "https://slack-files2.s3-us-west-2.amazonaws.com/avatars/2015-01-14/3400695805_06e3ed8a8ae7228d7c54_original.jpg"
  },
  "teamId": "T02R0MMHK"
}
[04/20/18, 15:01:16:283] info: Store: UPDATE_TEAM_LOCALE
{
  "locale": "en-US",
  "teamId": "T02R0MMHK"
}
[04/20/18, 15:24:33:209] info: Store: SET_NETWORK_STATUS offline
[04/20/18, 15:24:36:215] info: Store: SET_NETWORK_STATUS online
[04/20/18, 15:24:37:740] info: Store: UPDATE_TEAM_ICONS
{
  "icons": {
    "image_102": "https://slack-files2.s3-us-west-2.amazonaws.com/avatars/2017-03-15/154610708258_f98e05c23845866960a5_102.png",
    "image_132": "https://slack-files2.s3-us-west-2.amazonaws.com/avatars/2017-03-15/154610708258_f98e05c23845866960a5_132.png",
    "image_230": "https://slack-files2.s3-us-west-2.amazonaws.com/avatars/2017-03-15/154610708258_f98e05c23845866960a5_230.png",
    "image_34": "https://slack-files2.s3-us-west-2.amazonaws.com/avatars/2017-03-15/154610708258_f98e05c23845866960a5_34.png",
    "image_44": "https://slack-files2.s3-us-west-2.amazonaws.com/avatars/2017-03-15/154610708258_f98e05c23845866960a5_44.png",
    "image_68": "https://slack-files2.s3-us-west-2.amazonaws.com/avatars/2017-03-15/154610708258_f98e05c23845866960a5_68.png",
    "image_88": "https://slack-files2.s3-us-west-2.amazonaws.com/avatars/2017-03-15/154610708258_f98e05c23845866960a5_88.png",
    "image_original": "https://slack-files2.s3-us-west-2.amazonaws.com/avatars/2017-03-15/154610708258_f98e05c23845866960a5_original.png"
  },
  "teamId": "T4HEMM0UR"
}
[04/20/18, 15:24:37:994] info: Store: UPDATE_TEAM_LOCALE
{
  "locale": "ja-JP",
  "teamId": "T4HEMM0UR"
}
[04/20/18, 15:27:38:288] error: Apr-20 15:27:38.288 T5YEC6G73 SOCKET-MANAGER: Closing socket due to unknown error
[04/20/18, 15:27:39:013] info: Store: SET_NETWORK_STATUS offline
[04/20/18, 15:27:42:014] info: Store: SET_NETWORK_STATUS online
[04/20/18, 15:27:42:637] info: Store: UPDATE_TEAM_ICONS
{
  "icons": {
    "image_102": "https://slack-files2.s3-us-west-2.amazonaws.com/avatars/2017-06-28/205110093367_6705e64b9b4a8299bd1f_102.png",
    "image_132": "https://slack-files2.s3-us-west-2.amazonaws.com/avatars/2017-06-28/205110093367_6705e64b9b4a8299bd1f_132.png",
    "image_230": "https://slack-files2.s3-us-west-2.amazonaws.com/avatars/2017-06-28/205110093367_6705e64b9b4a8299bd1f_230.png",
    "image_34": "https://slack-files2.s3-us-west-2.amazonaws.com/avatars/2017-06-28/205110093367_6705e64b9b4a8299bd1f_34.png",
    "image_44": "https://slack-files2.s3-us-west-2.amazonaws.com/avatars/2017-06-28/205110093367_6705e64b9b4a8299bd1f_44.png",
    "image_68": "https://slack-files2.s3-us-west-2.amazonaws.com/avatars/2017-06-28/205110093367_6705e64b9b4a8299bd1f_68.png",
    "image_88": "https://slack-files2.s3-us-west-2.amazonaws.com/avatars/2017-06-28/205110093367_6705e64b9b4a8299bd1f_88.png",
    "image_original": "https://slack-files2.s3-us-west-2.amazonaws.com/avatars/2017-06-28/205110093367_6705e64b9b4a8299bd1f_original.png"
  },
  "teamId": "T5YEC6G73"
}
[04/20/18, 15:27:42:641] info: Store: UPDATE_TEAM_ICONS
{
  "icons": {
    "image_102": "https://slack-files2.s3-us-west-2.amazonaws.com/avatars/2015-01-14/3400695805_06e3ed8a8ae7228d7c54_102.jpg",
    "image_132": "https://slack-files2.s3-us-west-2.amazonaws.com/avatars/2015-01-14/3400695805_06e3ed8a8ae7228d7c54_132.jpg",
    "image_230": "https://slack-files2.s3-us-west-2.amazonaws.com/avatars/2015-01-14/3400695805_06e3ed8a8ae7228d7c54_132.jpg",
    "image_34": "https://slack-files2.s3-us-west-2.amazonaws.com/avatars/2015-01-14/3400695805_06e3ed8a8ae7228d7c54_34.jpg",
    "image_44": "https://slack-files2.s3-us-west-2.amazonaws.com/avatars/2015-01-14/3400695805_06e3ed8a8ae7228d7c54_44.jpg",
    "image_68": "https://slack-files2.s3-us-west-2.amazonaws.com/avatars/2015-01-14/3400695805_06e3ed8a8ae7228d7c54_68.jpg",
    "image_88": "https://slack-files2.s3-us-west-2.amazonaws.com/avatars/2015-01-14/3400695805_06e3ed8a8ae7228d7c54_88.jpg",
    "image_original": "https://slack-files2.s3-us-west-2.amazonaws.com/avatars/2015-01-14/3400695805_06e3ed8a8ae7228d7c54_original.jpg"
  },
  "teamId": "T02R0MMHK"
}
[04/20/18, 15:27:42:642] info: Store: UPDATE_TEAM_LOCALE
{
  "locale": "en-US",
  "teamId": "T5YEC6G73"
}
[04/20/18, 15:27:42:701] info: Store: UPDATE_TEAM_LOCALE
{
  "locale": "en-US",
  "teamId": "T02R0MMHK"
}
[04/20/18, 16:30:39:016] info: Store: SET_NETWORK_STATUS offline
[04/20/18, 16:31:09:016] error: Apr-20 16:31:09.150 T5YEC6G73 SOCKET-MANAGER: Closing socket due to unknown error
[04/20/18, 16:31:41:017] error: Apr-20 16:31:41.160 T5YEC6G73 SOCKET-MANAGER: Closing socket due to unknown error
[05/05/18, 00:50:50:970] info: ╔════════════════════════════════════════════════════════════════════════════╗
[05/05/18, 00:50:50:971] info: ║      Slack 3.1.1, linux 4.16.6-1-zen on x64 at 05/05/18, 00:50:50:966      ║
[05/05/18, 00:50:50:971] info: ╚════════════════════════════════════════════════════════════════════════════╝
[05/05/18, 00:50:51:063] info: Initializing local storage instance at path: /home/nitoli/.config/Slack/local-settings.json
[05/05/18, 00:50:51:425] error: Calls failed to load, bailing
[05/05/18, 00:50:51:427] info: cld3::loadModule: loading cld3 module
[05/05/18, 00:50:51:455] info: cld3Loader::loadModule: running environment is NODE
[05/05/18, 00:50:51:456] info: cld3Loader::loadModule: constructed module object for runtime
[05/05/18, 00:50:51:953] info: cld3Loader::initializeRuntime: successfully initialized module
[05/05/18, 00:50:51:959] info: cld3Loader::loadModule: initialized wasm binary Runtime
[05/05/18, 00:50:51:971] warn: updateSpellcheckerLanguage: Tried to update language, but spellchecker not initialized
[05/05/18, 00:50:51:973] info: SSBIntegration: Main window preload script loaded 1315.166119
[05/05/18, 00:51:05:572] info: Store: SELECT_CHANNEL C4JRHEQB1
[05/05/18, 00:51:05:573] info: Store: UPDATE_TEAM_LOCALE
{
  "locale": "ja-JP"
}
[05/05/18, 00:51:05:574] info: Store: UPDATE_SETTINGS
{
  "locale": "en-US"
}
[05/05/18, 00:51:05:575] info: Store: SELECT_CHANNEL DAHC8TMSR
[05/05/18, 00:51:05:582] info: Store: UPDATE_TEAM_LOCALE
{
  "locale": "en-US"
}
[05/05/18, 00:51:05:592] info: Store: UPSERT_WEB_CONTENTS
{
  "id": 5,
  "state": "loaded",
  "teamId": "T4HEMM0UR"
}
[05/05/18, 00:51:05:668] info: Store: UPSERT_WEB_CONTENTS
{
  "id": 4,
  "state": "loaded",
  "teamId": "T02R0MMHK"
}
[05/05/18, 00:51:05:669] info: Store: SELECT_CHANNEL C8Y1H7TEE
[05/05/18, 00:51:05:669] info: Store: UPDATE_TEAM_LOCALE
{
  "locale": "en-US"
}
[05/05/18, 00:51:05:670] info: Store: UPDATE_TEAM_LOCALE
{
  "locale": "en-US"
}
[05/05/18, 00:51:05:670] info: Store: UPSERT_WEB_CONTENTS
{
  "id": 4,
  "state": "webapp-loaded",
  "teamId": "T02R0MMHK"
}
[05/05/18, 00:51:05:671] info: Store: SELECT_CHANNEL DAGCR0QAV
[05/05/18, 00:51:05:673] info: Store: UPDATE_TEAM_LOCALE
{
  "locale": "ja-JP"
}
[05/05/18, 00:51:05:674] info: Store: UPDATE_SESSION_STATUS
{
  "hasValidSession": true,
  "teamId": "T4HEMM0UR"
}
[05/05/18, 00:51:05:674] info: Store: UPDATE_TEAM_LOCALE
{
  "locale": "ja-JP"
}
[05/05/18, 00:51:05:675] info: Store: UPSERT_WEB_CONTENTS
{
  "id": 5,
  "state": "webapp-loaded",
  "teamId": "T4HEMM0UR"
}
[05/05/18, 00:51:05:683] info: Store: UPDATE_SESSION_STATUS
{
  "hasValidSession": true,
  "teamId": "T02R0MMHK"
}
[05/05/18, 00:51:05:684] info: Store: UPSERT_WEB_CONTENTS
{
  "id": 3,
  "state": "loaded",
  "teamId": "T5YEC6G73"
}
[05/05/18, 00:51:05:708] info: Store: UPDATE_TEAM_THEME
{
  "teamId": "T02R0MMHK",
  "theme": {
    "active_item": "#4C9689",
    "active_item_text": "#FFFFFF",
    "active_presence": "#38978D",
    "badge": "#EB4D5C",
    "column_bg": "#4D394B",
    "hover_item": "#3E313C",
    "menu_bg": "#3E313C",
    "text_color": "#FFFFFF"
  }
}
[05/05/18, 00:51:05:713] info: Store: STORE_API_TOKEN
{
  "teamId": "T02R0MMHK",
  "token": "xoxs-⋯"
}
[05/05/18, 00:51:05:714] info: Store: UPDATE_TEAM_ICONS
{
  "icons": {
    "image_102": "https://slack-files2.s3-us-west-2.amazonaws.com/avatars/2015-01-14/3400695805_06e3ed8a8ae7228d7c54_102.jpg",
    "image_132": "https://slack-files2.s3-us-west-2.amazonaws.com/avatars/2015-01-14/3400695805_06e3ed8a8ae7228d7c54_132.jpg",
    "image_230": "https://slack-files2.s3-us-west-2.amazonaws.com/avatars/2015-01-14/3400695805_06e3ed8a8ae7228d7c54_132.jpg",
    "image_34": "https://slack-files2.s3-us-west-2.amazonaws.com/avatars/2015-01-14/3400695805_06e3ed8a8ae7228d7c54_34.jpg",
    "image_44": "https://slack-files2.s3-us-west-2.amazonaws.com/avatars/2015-01-14/3400695805_06e3ed8a8ae7228d7c54_44.jpg",
    "image_68": "https://slack-files2.s3-us-west-2.amazonaws.com/avatars/2015-01-14/3400695805_06e3ed8a8ae7228d7c54_68.jpg",
    "image_88": "https://slack-files2.s3-us-west-2.amazonaws.com/avatars/2015-01-14/3400695805_06e3ed8a8ae7228d7c54_88.jpg",
    "image_original": "https://slack-files2.s3-us-west-2.amazonaws.com/avatars/2015-01-14/3400695805_06e3ed8a8ae7228d7c54_original.jpg"
  },
  "teamId": "T02R0MMHK"
}
[05/05/18, 00:51:05:715] info: Store: UPDATE_TEAM_THEME
{
  "teamId": "T4HEMM0UR",
  "theme": {
    "active_item": "#4C9689",
    "active_item_text": "#FFFFFF",
    "active_presence": "#38978D",
    "badge": "#EB4D5C",
    "column_bg": "#4D394B",
    "hover_item": "#3E313C",
    "menu_bg": "#3E313C",
    "text_color": "#FFFFFF"
  }
}
[05/05/18, 00:51:05:715] info: Store: STORE_API_TOKEN
{
  "teamId": "T4HEMM0UR",
  "token": "xoxs-⋯"
}
[05/05/18, 00:51:05:716] info: Store: UPDATE_TEAM_ICONS
{
  "icons": {
    "image_102": "https://slack-files2.s3-us-west-2.amazonaws.com/avatars/2017-03-15/154610708258_f98e05c23845866960a5_102.png",
    "image_132": "https://slack-files2.s3-us-west-2.amazonaws.com/avatars/2017-03-15/154610708258_f98e05c23845866960a5_132.png",
    "image_230": "https://slack-files2.s3-us-west-2.amazonaws.com/avatars/2017-03-15/154610708258_f98e05c23845866960a5_230.png",
    "image_34": "https://slack-files2.s3-us-west-2.amazonaws.com/avatars/2017-03-15/154610708258_f98e05c23845866960a5_34.png",
    "image_44": "https://slack-files2.s3-us-west-2.amazonaws.com/avatars/2017-03-15/154610708258_f98e05c23845866960a5_44.png",
    "image_68": "https://slack-files2.s3-us-west-2.amazonaws.com/avatars/2017-03-15/154610708258_f98e05c23845866960a5_68.png",
    "image_88": "https://slack-files2.s3-us-west-2.amazonaws.com/avatars/2017-03-15/154610708258_f98e05c23845866960a5_88.png",
    "image_original": "https://slack-files2.s3-us-west-2.amazonaws.com/avatars/2017-03-15/154610708258_f98e05c23845866960a5_original.png"
  },
  "teamId": "T4HEMM0UR"
}
[05/05/18, 00:51:05:824] info: Store: UPSERT_WEB_CONTENTS
{
  "id": 6,
  "state": "loaded",
  "teamId": "T5LFW0CUB"
}
[05/05/18, 00:51:05:918] info: Store: SELECT_CHANNEL C0GFH3RHU
[05/05/18, 00:51:05:925] info: Store: UPDATE_TEAM_LOCALE
{
  "locale": "ja-JP"
}
[05/05/18, 00:51:06:290] info: Store: UPDATE_TEAM_LOCALE
{
  "locale": "ja-JP"
}
[05/05/18, 00:51:06:305] info: Store: UPSERT_WEB_CONTENTS
{
  "id": 6,
  "state": "webapp-loaded",
  "teamId": "T5LFW0CUB"
}
[05/05/18, 00:51:06:377] info: Store: UPDATE_SESSION_STATUS
{
  "hasValidSession": true,
  "teamId": "T5YEC6G73"
}
[05/05/18, 00:51:06:394] info: Store: UPSERT_WEB_CONTENTS
{
  "id": 7,
  "state": "loaded",
  "teamId": "T0GFBAM8C"
}
[05/05/18, 00:51:06:593] info: Store: UPDATE_TEAM_THEME
{
  "teamId": "T5LFW0CUB",
  "theme": {
    "active_item": "#4C9689",
    "active_item_text": "#FFFFFF",
    "active_presence": "#38978D",
    "badge": "#EB4D5C",
    "column_bg": "#4D394B",
    "hover_item": "#3E313C",
    "menu_bg": "#3E313C",
    "text_color": "#FFFFFF"
  }
}
[05/05/18, 00:51:06:608] info: Store: STORE_API_TOKEN
{
  "teamId": "T5LFW0CUB",
  "token": "xoxs-⋯"
}
[05/05/18, 00:51:06:637] info: Store: UPDATE_SESSION_STATUS
{
  "hasValidSession": true,
  "teamId": "T5LFW0CUB"
}
[05/05/18, 00:51:06:802] info: Store: UPDATE_TEAM_LOCALE
{
  "locale": "en-US"
}
[05/05/18, 00:51:06:808] info: Store: UPSERT_WEB_CONTENTS
{
  "id": 3,
  "state": "webapp-loaded",
  "teamId": "T5YEC6G73"
}
[05/05/18, 00:51:06:873] info: Store: UPDATE_TEAM_LOCALE
{
  "locale": "ja-JP"
}
[05/05/18, 00:51:06:880] info: Store: UPSERT_WEB_CONTENTS
{
  "id": 7,
  "state": "webapp-loaded",
  "teamId": "T0GFBAM8C"
}
[05/05/18, 00:51:07:005] info: Store: UPDATE_TEAM_ICONS
{
  "icons": {
    "image_102": "https://slack-files2.s3-us-west-2.amazonaws.com/avatars/2017-08-21/229801110004_7754c1684d8336d012c4_102.jpg",
    "image_132": "https://slack-files2.s3-us-west-2.amazonaws.com/avatars/2017-08-21/229801110004_7754c1684d8336d012c4_132.jpg",
    "image_230": "https://slack-files2.s3-us-west-2.amazonaws.com/avatars/2017-08-21/229801110004_7754c1684d8336d012c4_230.jpg",
    "image_34": "https://slack-files2.s3-us-west-2.amazonaws.com/avatars/2017-08-21/229801110004_7754c1684d8336d012c4_34.jpg",
    "image_44": "https://slack-files2.s3-us-west-2.amazonaws.com/avatars/2017-08-21/229801110004_7754c1684d8336d012c4_44.jpg",
    "image_68": "https://slack-files2.s3-us-west-2.amazonaws.com/avatars/2017-08-21/229801110004_7754c1684d8336d012c4_68.jpg",
    "image_88": "https://slack-files2.s3-us-west-2.amazonaws.com/avatars/2017-08-21/229801110004_7754c1684d8336d012c4_88.jpg",
    "image_original": "https://slack-files2.s3-us-west-2.amazonaws.com/avatars/2017-08-21/229801110004_7754c1684d8336d012c4_original.jpg"
  },
  "teamId": "T5LFW0CUB"
}
[05/05/18, 00:51:07:027] info: Store: STORE_API_TOKEN
{
  "teamId": "T0GFBAM8C",
  "token": "xoxs-⋯"
}
[05/05/18, 00:51:07:033] info: Store: UPDATE_TEAM_THEME
{
  "teamId": "T0GFBAM8C",
  "theme": {
    "active_item": "#4C9689",
    "active_item_text": "#FFFFFF",
    "active_presence": "#38978D",
    "badge": "#EB4D5C",
    "column_bg": "#4D394B",
    "hover_item": "#3E313C",
    "menu_bg": "#3E313C",
    "text_color": "#FFFFFF"
  }
}
[05/05/18, 00:51:07:042] info: Store: UPDATE_TEAM_ICONS
{
  "icons": {
    "image_102": "https://slack-files2.s3-us-west-2.amazonaws.com/avatars/2015-12-19/17054493216_07addcfb3fb1718cbba4_102.png",
    "image_132": "https://slack-files2.s3-us-west-2.amazonaws.com/avatars/2015-12-19/17054493216_07addcfb3fb1718cbba4_132.png",
    "image_230": "https://slack-files2.s3-us-west-2.amazonaws.com/avatars/2015-12-19/17054493216_07addcfb3fb1718cbba4_132.png",
    "image_34": "https://slack-files2.s3-us-west-2.amazonaws.com/avatars/2015-12-19/17054493216_07addcfb3fb1718cbba4_34.png",
    "image_44": "https://slack-files2.s3-us-west-2.amazonaws.com/avatars/2015-12-19/17054493216_07addcfb3fb1718cbba4_44.png",
    "image_68": "https://slack-files2.s3-us-west-2.amazonaws.com/avatars/2015-12-19/17054493216_07addcfb3fb1718cbba4_68.png",
    "image_88": "https://slack-files2.s3-us-west-2.amazonaws.com/avatars/2015-12-19/17054493216_07addcfb3fb1718cbba4_88.png",
    "image_original": "https://slack-files2.s3-us-west-2.amazonaws.com/avatars/2015-12-19/17054493216_07addcfb3fb1718cbba4_original.png"
  },
  "teamId": "T0GFBAM8C"
}
[05/05/18, 00:51:07:136] info: Store: UPDATE_TEAM_THEME
{
  "teamId": "T5YEC6G73",
  "theme": {
    "active_item": "#4C9689",
    "active_item_text": "#FFFFFF",
    "active_presence": "#38978D",
    "badge": "#EB4D5C",
    "column_bg": "#4D394B",
    "hover_item": "#3E313C",
    "menu_bg": "#3E313C",
    "text_color": "#FFFFFF"
  }
}
[05/05/18, 00:51:07:297] info: Store: UPDATE_SESSION_STATUS
{
  "hasValidSession": true,
  "teamId": "T0GFBAM8C"
}
[05/05/18, 00:51:07:567] info: Store: STORE_API_TOKEN
{
  "teamId": "T5YEC6G73",
  "token": "xoxs-⋯"
}
[05/05/18, 00:51:07:582] info: Store: UPDATE_TEAM_ICONS
{
  "icons": {
    "image_102": "https://slack-files2.s3-us-west-2.amazonaws.com/avatars/2017-06-28/205110093367_6705e64b9b4a8299bd1f_102.png",
    "image_132": "https://slack-files2.s3-us-west-2.amazonaws.com/avatars/2017-06-28/205110093367_6705e64b9b4a8299bd1f_132.png",
    "image_230": "https://slack-files2.s3-us-west-2.amazonaws.com/avatars/2017-06-28/205110093367_6705e64b9b4a8299bd1f_230.png",
    "image_34": "https://slack-files2.s3-us-west-2.amazonaws.com/avatars/2017-06-28/205110093367_6705e64b9b4a8299bd1f_34.png",
    "image_44": "https://slack-files2.s3-us-west-2.amazonaws.com/avatars/2017-06-28/205110093367_6705e64b9b4a8299bd1f_44.png",
    "image_68": "https://slack-files2.s3-us-west-2.amazonaws.com/avatars/2017-06-28/205110093367_6705e64b9b4a8299bd1f_68.png",
    "image_88": "https://slack-files2.s3-us-west-2.amazonaws.com/avatars/2017-06-28/205110093367_6705e64b9b4a8299bd1f_88.png",
    "image_original": "https://slack-files2.s3-us-west-2.amazonaws.com/avatars/2017-06-28/205110093367_6705e64b9b4a8299bd1f_original.png"
  },
  "teamId": "T5YEC6G73"
}
[05/05/18, 01:02:11:638] info: Store: MAIN_WINDOW_FOCUSED
[05/05/18, 01:02:12:205] info: Store: MAIN_WINDOW_FOCUSED
[05/05/18, 01:02:12:312] info: Store: SELECT_TEAM T02R0MMHK
[05/05/18, 01:02:43:804] info: Store: MAIN_WINDOW_FOCUSED
[05/05/18, 01:02:43:878] info: Store: SELECT_TEAM T5LFW0CUB
[05/05/18, 01:02:43:890] info: Store: UPDATE_SETTINGS
{
  "locale": "ja-JP"
}
[05/05/18, 01:02:43:890] info: TranslationLookup: locale set to ja-JP for renderer
[05/05/18, 01:02:46:822] info: Store: SELECT_CHANNEL G7GGG2GPN
[05/05/18, 01:03:04:855] info: Store: MAIN_WINDOW_FOCUSED
[05/05/18, 01:03:04:986] info: Store: SELECT_TEAM T02R0MMHK
[05/05/18, 01:03:04:993] info: Store: UPDATE_SETTINGS
{
  "locale": "en-US"
}
[05/05/18, 01:03:04:993] info: TranslationLookup: locale set to en-US for renderer
[05/05/18, 01:20:21:485] info: Store: SET_FULL_SCREEN
