[04/24/18, 22:18:20:828] info: ╔════════════════════════════════════════════════════════════════════════════╗
[04/24/18, 22:18:20:829] info: ║      Slack 3.1.1, linux 4.16.3-1-zen on x64 at 04/24/18, 22:18:20:820      ║
[04/24/18, 22:18:20:829] info: ╚════════════════════════════════════════════════════════════════════════════╝
[04/24/18, 22:18:20:978] info: Initializing local storage instance at path: /home/nitoli/.config/Slack/local-settings.json
[04/24/18, 22:18:22:009] error: Calls failed to load, bailing
[04/24/18, 22:18:22:016] info: cld3::loadModule: loading cld3 module
[04/24/18, 22:18:22:061] info: cld3Loader::loadModule: running environment is NODE
[04/24/18, 22:18:22:061] info: cld3Loader::loadModule: constructed module object for runtime
[04/24/18, 22:18:22:843] info: cld3Loader::initializeRuntime: successfully initialized module
[04/24/18, 22:18:22:843] info: cld3Loader::loadModule: initialized wasm binary Runtime
[04/24/18, 22:18:22:859] warn: updateSpellcheckerLanguage: Tried to update language, but spellchecker not initialized
[04/24/18, 22:18:22:860] info: SSBIntegration: Main window preload script loaded 2538.818892
[04/24/18, 22:18:23:413] info: Store: SET_FULL_SCREEN
[04/24/18, 22:18:28:083] info: Store: SELECT_CHANNEL C04Q8GKJA
[04/24/18, 22:18:28:084] info: Store: UPDATE_TEAM_LOCALE
{
  "locale": "en-US"
}
[04/24/18, 22:18:28:085] info: Store: UPDATE_SETTINGS
{
  "locale": "en-US"
}
[04/24/18, 22:18:28:376] info: Store: UPSERT_WEB_CONTENTS
{
  "id": 4,
  "state": "loaded",
  "teamId": "T02R0MMHK"
}
[04/24/18, 22:18:28:377] info: Store: SELECT_CHANNEL DA0493S4S
[04/24/18, 22:18:28:378] info: Store: UPDATE_TEAM_LOCALE
{
  "locale": "en-US"
}
[04/24/18, 22:18:28:378] info: Store: UPDATE_TEAM_LOCALE
{
  "locale": "en-US"
}
[04/24/18, 22:18:28:378] info: Store: UPSERT_WEB_CONTENTS
{
  "id": 4,
  "state": "webapp-loaded",
  "teamId": "T02R0MMHK"
}
[04/24/18, 22:18:28:379] info: Store: STORE_API_TOKEN
{
  "teamId": "T02R0MMHK",
  "token": "xoxs-⋯"
}
[04/24/18, 22:18:28:380] info: Store: UPDATE_TEAM_THEME
{
  "teamId": "T02R0MMHK",
  "theme": {
    "active_item": "#4C9689",
    "active_item_text": "#FFFFFF",
    "active_presence": "#38978D",
    "badge": "#EB4D5C",
    "column_bg": "#4D394B",
    "hover_item": "#3E313C",
    "menu_bg": "#3E313C",
    "text_color": "#FFFFFF"
  }
}
[04/24/18, 22:18:28:383] info: Store: UPSERT_WEB_CONTENTS
{
  "id": 3,
  "state": "loaded",
  "teamId": "T5YEC6G73"
}
[04/24/18, 22:18:28:395] info: Store: SELECT_CHANNEL C4JRHEQB1
[04/24/18, 22:18:28:396] info: Store: UPDATE_TEAM_LOCALE
{
  "locale": "ja-JP"
}
[04/24/18, 22:18:28:397] info: Store: UPDATE_TEAM_ICONS
{
  "icons": {
    "image_102": "https://slack-files2.s3-us-west-2.amazonaws.com/avatars/2015-01-14/3400695805_06e3ed8a8ae7228d7c54_102.jpg",
    "image_132": "https://slack-files2.s3-us-west-2.amazonaws.com/avatars/2015-01-14/3400695805_06e3ed8a8ae7228d7c54_132.jpg",
    "image_230": "https://slack-files2.s3-us-west-2.amazonaws.com/avatars/2015-01-14/3400695805_06e3ed8a8ae7228d7c54_132.jpg",
    "image_34": "https://slack-files2.s3-us-west-2.amazonaws.com/avatars/2015-01-14/3400695805_06e3ed8a8ae7228d7c54_34.jpg",
    "image_44": "https://slack-files2.s3-us-west-2.amazonaws.com/avatars/2015-01-14/3400695805_06e3ed8a8ae7228d7c54_44.jpg",
    "image_68": "https://slack-files2.s3-us-west-2.amazonaws.com/avatars/2015-01-14/3400695805_06e3ed8a8ae7228d7c54_68.jpg",
    "image_88": "https://slack-files2.s3-us-west-2.amazonaws.com/avatars/2015-01-14/3400695805_06e3ed8a8ae7228d7c54_88.jpg",
    "image_original": "https://slack-files2.s3-us-west-2.amazonaws.com/avatars/2015-01-14/3400695805_06e3ed8a8ae7228d7c54_original.jpg"
  },
  "teamId": "T02R0MMHK"
}
[04/24/18, 22:18:28:397] info: Store: UPDATE_TEAM_LOCALE
{
  "locale": "en-US"
}
[04/24/18, 22:18:28:398] info: Store: UPSERT_WEB_CONTENTS
{
  "id": 3,
  "state": "webapp-loaded",
  "teamId": "T5YEC6G73"
}
[04/24/18, 22:18:28:400] info: Store: UPSERT_WEB_CONTENTS
{
  "id": 5,
  "state": "loaded",
  "teamId": "T4HEMM0UR"
}
[04/24/18, 22:18:28:401] info: Store: STORE_API_TOKEN
{
  "teamId": "T5YEC6G73",
  "token": "xoxs-⋯"
}
[04/24/18, 22:18:28:735] info: Store: UPDATE_SESSION_STATUS
{
  "hasValidSession": true,
  "teamId": "T02R0MMHK"
}
[04/24/18, 22:18:28:750] info: Store: UPDATE_TEAM_LOCALE
{
  "locale": "ja-JP"
}
[04/24/18, 22:18:28:765] info: Store: UPSERT_WEB_CONTENTS
{
  "id": 5,
  "state": "webapp-loaded",
  "teamId": "T4HEMM0UR"
}
[04/24/18, 22:18:28:889] info: Store: STORE_API_TOKEN
{
  "teamId": "T4HEMM0UR",
  "token": "xoxs-⋯"
}
[04/24/18, 22:18:28:894] info: Store: UPDATE_TEAM_THEME
{
  "teamId": "T4HEMM0UR",
  "theme": {
    "active_item": "#4C9689",
    "active_item_text": "#FFFFFF",
    "active_presence": "#38978D",
    "badge": "#EB4D5C",
    "column_bg": "#4D394B",
    "hover_item": "#3E313C",
    "menu_bg": "#3E313C",
    "text_color": "#FFFFFF"
  }
}
[04/24/18, 22:18:28:948] info: Store: UPDATE_TEAM_ICONS
{
  "icons": {
    "image_102": "https://slack-files2.s3-us-west-2.amazonaws.com/avatars/2017-03-15/154610708258_f98e05c23845866960a5_102.png",
    "image_132": "https://slack-files2.s3-us-west-2.amazonaws.com/avatars/2017-03-15/154610708258_f98e05c23845866960a5_132.png",
    "image_230": "https://slack-files2.s3-us-west-2.amazonaws.com/avatars/2017-03-15/154610708258_f98e05c23845866960a5_230.png",
    "image_34": "https://slack-files2.s3-us-west-2.amazonaws.com/avatars/2017-03-15/154610708258_f98e05c23845866960a5_34.png",
    "image_44": "https://slack-files2.s3-us-west-2.amazonaws.com/avatars/2017-03-15/154610708258_f98e05c23845866960a5_44.png",
    "image_68": "https://slack-files2.s3-us-west-2.amazonaws.com/avatars/2017-03-15/154610708258_f98e05c23845866960a5_68.png",
    "image_88": "https://slack-files2.s3-us-west-2.amazonaws.com/avatars/2017-03-15/154610708258_f98e05c23845866960a5_88.png",
    "image_original": "https://slack-files2.s3-us-west-2.amazonaws.com/avatars/2017-03-15/154610708258_f98e05c23845866960a5_original.png"
  },
  "teamId": "T4HEMM0UR"
}
[04/24/18, 22:18:29:076] info: Store: UPDATE_TEAM_THEME
{
  "teamId": "T5YEC6G73",
  "theme": {
    "active_item": "#4C9689",
    "active_item_text": "#FFFFFF",
    "active_presence": "#38978D",
    "badge": "#EB4D5C",
    "column_bg": "#4D394B",
    "hover_item": "#3E313C",
    "menu_bg": "#3E313C",
    "text_color": "#FFFFFF"
  }
}
[04/24/18, 22:18:29:082] info: Store: UPDATE_TEAM_ICONS
{
  "icons": {
    "image_102": "https://slack-files2.s3-us-west-2.amazonaws.com/avatars/2017-06-28/205110093367_6705e64b9b4a8299bd1f_102.png",
    "image_132": "https://slack-files2.s3-us-west-2.amazonaws.com/avatars/2017-06-28/205110093367_6705e64b9b4a8299bd1f_132.png",
    "image_230": "https://slack-files2.s3-us-west-2.amazonaws.com/avatars/2017-06-28/205110093367_6705e64b9b4a8299bd1f_230.png",
    "image_34": "https://slack-files2.s3-us-west-2.amazonaws.com/avatars/2017-06-28/205110093367_6705e64b9b4a8299bd1f_34.png",
    "image_44": "https://slack-files2.s3-us-west-2.amazonaws.com/avatars/2017-06-28/205110093367_6705e64b9b4a8299bd1f_44.png",
    "image_68": "https://slack-files2.s3-us-west-2.amazonaws.com/avatars/2017-06-28/205110093367_6705e64b9b4a8299bd1f_68.png",
    "image_88": "https://slack-files2.s3-us-west-2.amazonaws.com/avatars/2017-06-28/205110093367_6705e64b9b4a8299bd1f_88.png",
    "image_original": "https://slack-files2.s3-us-west-2.amazonaws.com/avatars/2017-06-28/205110093367_6705e64b9b4a8299bd1f_original.png"
  },
  "teamId": "T5YEC6G73"
}
[04/24/18, 22:18:29:375] info: Couldn't detect language for text of length '16': Failed to identify language, ignoring sample
[04/24/18, 22:18:29:711] info: Store: UPDATE_SESSION_STATUS
{
  "hasValidSession": true,
  "teamId": "T5YEC6G73"
}
[04/24/18, 22:18:29:764] info: Store: UPDATE_SESSION_STATUS
{
  "hasValidSession": true,
  "teamId": "T4HEMM0UR"
}
[04/24/18, 22:18:31:012] info: Couldn't detect language for text of length '16': Failed to identify language, ignoring sample
[05/05/18, 11:15:03:608] info: ╔════════════════════════════════════════════════════════════════════════════╗
[05/05/18, 11:15:03:609] info: ║      Slack 3.1.1, linux 4.16.6-1-zen on x64 at 05/05/18, 11:15:03:604      ║
[05/05/18, 11:15:03:609] info: ╚════════════════════════════════════════════════════════════════════════════╝
[05/05/18, 11:15:03:852] info: Initializing local storage instance at path: /home/nitoli/.config/Slack/local-settings.json
[05/05/18, 11:15:05:105] error: Calls failed to load, bailing
[05/05/18, 11:15:05:108] info: cld3::loadModule: loading cld3 module
[05/05/18, 11:15:05:266] info: cld3Loader::loadModule: running environment is NODE
[05/05/18, 11:15:05:306] info: cld3Loader::loadModule: constructed module object for runtime
[05/05/18, 11:15:06:277] info: cld3Loader::initializeRuntime: successfully initialized module
[05/05/18, 11:15:06:277] info: cld3Loader::loadModule: initialized wasm binary Runtime
[05/05/18, 11:15:06:285] warn: updateSpellcheckerLanguage: Tried to update language, but spellchecker not initialized
[05/05/18, 11:15:06:285] info: TranslationLookup: locale set to ja-JP for renderer
[05/05/18, 11:15:06:287] info: SSBIntegration: Main window preload script loaded 3398.563963
[05/05/18, 11:15:06:300] info: Store: SET_NETWORK_STATUS offline
[05/05/18, 11:15:06:305] info: Store: UPSERT_WEB_CONTENTS
{
  "id": 7,
  "state": "loaded",
  "teamId": "T0GFBAM8C"
}
[05/05/18, 11:15:06:306] info: Store: UPSERT_WEB_CONTENTS
{
  "id": 7,
  "state": "empty-page",
  "teamId": "T0GFBAM8C"
}
[05/05/18, 11:15:06:308] info: Store: UPDATE_SESSION_STATUS
{
  "hasValidSession": true,
  "teamId": "T5YEC6G73"
}
[05/05/18, 11:15:06:309] info: Store: UPDATE_SESSION_STATUS
{
  "hasValidSession": true,
  "teamId": "T02R0MMHK"
}
[05/05/18, 11:15:06:316] info: Store: UPDATE_SESSION_STATUS
{
  "hasValidSession": true,
  "teamId": "T0GFBAM8C"
}
[05/05/18, 11:15:06:316] info: Store: SET_NETWORK_STATUS online
[05/05/18, 11:15:06:319] info: Store: MAIN_WINDOW_SHOWN
[05/05/18, 11:15:06:320] info: Store: UPSERT_WEB_CONTENTS
{
  "id": 7,
  "state": "page-will-navigate",
  "teamId": "T0GFBAM8C"
}
[05/05/18, 11:15:06:320] info: Store: UPDATE_SESSION_STATUS
{
  "hasValidSession": true,
  "teamId": "T5LFW0CUB"
}
[05/05/18, 11:15:06:321] info: Store: UPDATE_SESSION_STATUS
{
  "hasValidSession": true,
  "teamId": "T4HEMM0UR"
}
[05/05/18, 11:15:06:321] info: Store: UPDATE_SESSION_STATUS
{
  "hasValidSession": true,
  "teamId": "T0GFBAM8C"
}
[05/05/18, 11:15:06:322] info: Store: UPSERT_WEB_CONTENTS
{
  "id": 4,
  "state": "loaded",
  "teamId": "T5YEC6G73"
}
[05/05/18, 11:15:06:322] info: Store: UPSERT_WEB_CONTENTS
{
  "id": 4,
  "state": "empty-page",
  "teamId": "T5YEC6G73"
}
[05/05/18, 11:15:06:323] info: Store: UPSERT_WEB_CONTENTS
{
  "id": 4,
  "state": "page-will-navigate",
  "teamId": "T5YEC6G73"
}
[05/05/18, 11:15:06:324] info: Store: UPSERT_WEB_CONTENTS
{
  "id": 5,
  "state": "loaded",
  "teamId": "T02R0MMHK"
}
[05/05/18, 11:15:06:324] info: Store: UPSERT_WEB_CONTENTS
{
  "id": 5,
  "state": "empty-page",
  "teamId": "T02R0MMHK"
}
[05/05/18, 11:15:06:325] info: Store: UPSERT_WEB_CONTENTS
{
  "id": 6,
  "state": "loaded",
  "teamId": "T4HEMM0UR"
}
[05/05/18, 11:15:06:325] info: Store: UPSERT_WEB_CONTENTS
{
  "id": 5,
  "state": "page-will-navigate",
  "teamId": "T02R0MMHK"
}
[05/05/18, 11:15:06:325] info: Store: UPDATE_SESSION_STATUS
{
  "hasValidSession": true,
  "teamId": "T5YEC6G73"
}
[05/05/18, 11:15:06:326] info: Store: UPSERT_WEB_CONTENTS
{
  "id": 6,
  "state": "empty-page",
  "teamId": "T4HEMM0UR"
}
[05/05/18, 11:15:06:329] info: Store: UPSERT_WEB_CONTENTS
{
  "id": 6,
  "state": "page-will-navigate",
  "teamId": "T4HEMM0UR"
}
[05/05/18, 11:15:06:332] info: Store: UPSERT_WEB_CONTENTS
{
  "id": 3,
  "state": "loaded",
  "teamId": "T5LFW0CUB"
}
[05/05/18, 11:15:06:348] info: Store: UPDATE_SESSION_STATUS
{
  "hasValidSession": true,
  "teamId": "T5YEC6G73"
}
[05/05/18, 11:15:06:349] info: Store: UPSERT_WEB_CONTENTS
{
  "id": 3,
  "state": "empty-page",
  "teamId": "T5LFW0CUB"
}
[05/05/18, 11:15:06:357] info: Store: UPSERT_WEB_CONTENTS
{
  "id": 3,
  "state": "page-will-navigate",
  "teamId": "T5LFW0CUB"
}
[05/05/18, 11:15:06:364] info: Window is unloading, winssb is no longer accessible
[05/05/18, 11:15:06:444] info: Store: UPDATE_SESSION_STATUS
{
  "hasValidSession": true,
  "teamId": "T02R0MMHK"
}
[05/05/18, 11:15:06:545] info: Store: UPDATE_SESSION_STATUS
{
  "hasValidSession": true,
  "teamId": "T4HEMM0UR"
}
[05/05/18, 11:15:06:715] info: Store: UPDATE_SESSION_STATUS
{
  "hasValidSession": true,
  "teamId": "T5LFW0CUB"
}
[05/05/18, 11:15:07:227] info: Store: UPSERT_WEB_CONTENTS
{
  "id": 7,
  "state": "loaded",
  "teamId": "T0GFBAM8C"
}
[05/05/18, 11:15:07:243] info: Store: UPSERT_WEB_CONTENTS
{
  "id": 7,
  "state": "empty-page",
  "teamId": "T0GFBAM8C"
}
[05/05/18, 11:15:07:246] info: Store: UPSERT_WEB_CONTENTS
{
  "id": 7,
  "state": "page-will-navigate",
  "teamId": "T0GFBAM8C"
}
[05/05/18, 11:15:07:566] info: Store: UPDATE_SESSION_STATUS
{
  "hasValidSession": true,
  "teamId": "T0GFBAM8C"
}
