[05/11/18, 13:30:53:129] info: ╔════════════════════════════════════════════════════════════════════════════╗
[05/11/18, 13:30:53:136] info: ║      Slack 3.1.1, linux 4.16.7-1-zen on x64 at 05/11/18, 13:30:53:124      ║
[05/11/18, 13:30:53:136] info: ╚════════════════════════════════════════════════════════════════════════════╝
[05/11/18, 13:30:53:516] info: Initializing local storage instance at path: /home/nitoli/.config/Slack/local-settings.json
[05/11/18, 13:30:54:710] error: Calls failed to load, bailing
[05/11/18, 13:30:54:714] info: cld3::loadModule: loading cld3 module
[05/11/18, 13:30:54:844] info: cld3Loader::loadModule: running environment is NODE
[05/11/18, 13:30:54:845] info: cld3Loader::loadModule: constructed module object for runtime
[05/11/18, 13:30:56:235] info: cld3Loader::initializeRuntime: successfully initialized module
[05/11/18, 13:30:56:235] info: cld3Loader::loadModule: initialized wasm binary Runtime
[05/11/18, 13:30:56:275] warn: updateSpellcheckerLanguage: Tried to update language, but spellchecker not initialized
[05/11/18, 13:30:56:287] info: SSBIntegration: Main window preload script loaded 4398.394149
[05/11/18, 13:30:56:327] info: Store: SET_NETWORK_STATUS offline
[05/11/18, 13:30:56:332] info: Store: UPDATE_SESSION_STATUS
{
  "hasValidSession": null,
  "teamId": "T0GFBAM8C"
}
[05/11/18, 13:30:56:339] info: Store: UPDATE_SESSION_STATUS
{
  "hasValidSession": null,
  "teamId": "T5YEC6G73"
}
[05/11/18, 13:30:56:340] info: Store: UPDATE_SESSION_STATUS
{
  "hasValidSession": null,
  "teamId": "T5LFW0CUB"
}
[05/11/18, 13:30:56:341] info: Store: UPDATE_SESSION_STATUS
{
  "hasValidSession": null,
  "teamId": "T4HEMM0UR"
}
[05/11/18, 13:30:56:342] info: Store: UPDATE_SESSION_STATUS
{
  "hasValidSession": null,
  "teamId": "T02R0MMHK"
}
[05/11/18, 13:30:56:343] info: Store: UPSERT_WEB_CONTENTS
{
  "id": 4,
  "state": "loaded",
  "teamId": "T5YEC6G73"
}
[05/11/18, 13:30:56:344] info: Store: UPSERT_WEB_CONTENTS
{
  "id": 4,
  "state": "empty-page",
  "teamId": "T5YEC6G73"
}
[05/11/18, 13:30:56:345] info: Store: UPSERT_WEB_CONTENTS
{
  "id": 6,
  "state": "loaded",
  "teamId": "T5LFW0CUB"
}
[05/11/18, 13:30:56:346] info: Store: UPSERT_WEB_CONTENTS
{
  "id": 7,
  "state": "loaded",
  "teamId": "T0GFBAM8C"
}
[05/11/18, 13:30:56:347] info: Store: UPSERT_WEB_CONTENTS
{
  "id": 7,
  "state": "empty-page",
  "teamId": "T0GFBAM8C"
}
[05/11/18, 13:30:56:354] info: Store: UPSERT_WEB_CONTENTS
{
  "id": 6,
  "state": "empty-page",
  "teamId": "T5LFW0CUB"
}
[05/11/18, 13:30:56:360] info: Store: UPSERT_WEB_CONTENTS
{
  "id": 5,
  "state": "loaded",
  "teamId": "T4HEMM0UR"
}
[05/11/18, 13:30:56:395] info: Store: UPSERT_WEB_CONTENTS
{
  "id": 5,
  "state": "empty-page",
  "teamId": "T4HEMM0UR"
}
[05/11/18, 13:30:56:444] info: Store: UPDATE_SESSION_STATUS
{
  "hasValidSession": null,
  "teamId": "T5YEC6G73"
}
[05/11/18, 13:30:56:461] info: Store: UPSERT_WEB_CONTENTS
{
  "id": 3,
  "state": "loaded",
  "teamId": "T02R0MMHK"
}
[05/11/18, 13:30:56:504] info: Store: UPSERT_WEB_CONTENTS
{
  "id": 3,
  "state": "empty-page",
  "teamId": "T02R0MMHK"
}
[05/11/18, 13:30:57:193] info: Store: UPDATE_SESSION_STATUS
{
  "hasValidSession": null,
  "teamId": "T5LFW0CUB"
}
[05/11/18, 13:30:57:206] info: Store: UPDATE_SESSION_STATUS
{
  "hasValidSession": null,
  "teamId": "T0GFBAM8C"
}
[05/11/18, 13:30:57:213] info: Store: UPDATE_SESSION_STATUS
{
  "hasValidSession": null,
  "teamId": "T4HEMM0UR"
}
[05/11/18, 13:30:57:241] info: Store: UPDATE_SESSION_STATUS
{
  "hasValidSession": null,
  "teamId": "T02R0MMHK"
}
[05/11/18, 13:31:12:475] info: Store: QUIT_APP
[05/11/18, 13:31:12:504] info: Store: REMOVE_WINDOW 2
[05/11/18, 13:31:12:521] info: Store: QUIT_APP
[05/11/18, 20:10:46:190] info: ╔════════════════════════════════════════════════════════════════════════════╗
[05/11/18, 20:10:46:191] info: ║      Slack 3.1.1, linux 4.16.7-1-zen on x64 at 05/11/18, 20:10:46:185      ║
[05/11/18, 20:10:46:191] info: ╚════════════════════════════════════════════════════════════════════════════╝
[05/11/18, 20:10:46:433] info: Initializing local storage instance at path: /home/nitoli/.config/Slack/local-settings.json
[05/11/18, 20:10:47:399] error: Calls failed to load, bailing
[05/11/18, 20:10:47:401] info: cld3::loadModule: loading cld3 module
[05/11/18, 20:10:47:479] info: cld3Loader::loadModule: running environment is NODE
[05/11/18, 20:10:47:486] info: cld3Loader::loadModule: constructed module object for runtime
[05/11/18, 20:10:48:028] info: cld3Loader::initializeRuntime: successfully initialized module
[05/11/18, 20:10:48:029] info: cld3Loader::loadModule: initialized wasm binary Runtime
[05/11/18, 20:10:48:040] warn: updateSpellcheckerLanguage: Tried to update language, but spellchecker not initialized
[05/11/18, 20:10:48:042] info: SSBIntegration: Main window preload script loaded 2725.992268
