[05/03/18, 02:27:29:229] info: ╔════════════════════════════════════════════════════════════════════════════╗
[05/03/18, 02:27:29:239] info: ║      Slack 3.1.1, linux 4.16.5-1-zen on x64 at 05/03/18, 02:27:29:209      ║
[05/03/18, 02:27:29:239] info: ╚════════════════════════════════════════════════════════════════════════════╝
[05/03/18, 02:27:30:346] info: Initializing local storage instance at path: /home/nitoli/.config/Slack/local-settings.json
[05/03/18, 02:27:31:098] info: NetworkStatus: Waiting for network online…
[05/03/18, 02:27:33:386] info: Store: UPSERT_WEB_CONTENTS
{
  "id": 5,
  "state": "loaded",
  "teamId": "T4HEMM0UR"
}
[05/03/18, 02:27:33:402] info: Store: UPSERT_WEB_CONTENTS
{
  "id": 4,
  "state": "loaded",
  "teamId": "T02R0MMHK"
}
[05/03/18, 02:27:33:406] info: Store: UPSERT_WEB_CONTENTS
{
  "id": 5,
  "state": "empty-page",
  "teamId": "T4HEMM0UR"
}
[05/03/18, 02:27:33:409] info: Store: UPSERT_WEB_CONTENTS
{
  "id": 5,
  "state": "page-will-navigate",
  "teamId": "T4HEMM0UR"
}
[05/03/18, 02:27:33:412] info: Store: UPSERT_WEB_CONTENTS
{
  "id": 4,
  "state": "empty-page",
  "teamId": "T02R0MMHK"
}
[05/03/18, 02:27:33:415] info: Store: UPSERT_WEB_CONTENTS
{
  "id": 4,
  "state": "page-will-navigate",
  "teamId": "T02R0MMHK"
}
[05/03/18, 02:27:33:418] info: Store: UPSERT_WEB_CONTENTS
{
  "id": 3,
  "state": "loaded",
  "teamId": "T5YEC6G73"
}
[05/03/18, 02:27:33:428] info: Store: UPSERT_WEB_CONTENTS
{
  "id": 3,
  "state": "empty-page",
  "teamId": "T5YEC6G73"
}
[05/03/18, 02:27:33:432] info: Store: UPSERT_WEB_CONTENTS
{
  "id": 3,
  "state": "page-will-navigate",
  "teamId": "T5YEC6G73"
}
[05/03/18, 02:27:33:435] info: Store: UPSERT_WEB_CONTENTS
{
  "id": 6,
  "state": "loaded",
  "teamId": "T5LFW0CUB"
}
[05/03/18, 02:27:33:476] info: Store: UPSERT_WEB_CONTENTS
{
  "id": 6,
  "state": "empty-page",
  "teamId": "T5LFW0CUB"
}
[05/03/18, 02:27:33:478] info: Store: UPSERT_WEB_CONTENTS
{
  "id": 6,
  "state": "page-will-navigate",
  "teamId": "T5LFW0CUB"
}
[05/03/18, 02:27:33:623] info: NetworkStatus: Response from api.test
{
  "status": "online"
}
[05/03/18, 02:27:33:722] info: Store: UPDATE_SESSION_STATUS
{
  "hasValidSession": true,
  "teamId": "T02R0MMHK"
}
[05/03/18, 02:27:33:735] info: Store: UPDATE_SESSION_STATUS
{
  "hasValidSession": true,
  "teamId": "T4HEMM0UR"
}
[05/03/18, 02:27:33:747] info: Store: UPDATE_SESSION_STATUS
{
  "hasValidSession": true,
  "teamId": "T5YEC6G73"
}
[05/03/18, 02:27:33:789] info: Store: UPDATE_SESSION_STATUS
{
  "hasValidSession": true,
  "teamId": "T5LFW0CUB"
}
[05/03/18, 02:27:34:027] info: Store: SET_NETWORK_STATUS online
[05/03/18, 02:27:34:046] info: Store: MAIN_WINDOW_SHOWN
[05/03/18, 02:27:35:068] info: Store: SAVE_WINDOW_SETTINGS
{
  "isMaximized": false,
  "position": [
    10,
    42
  ],
  "size": [
    1900,
    1028
  ]
}
[05/03/18, 02:27:47:344] info: Store: UPSERT_WEB_CONTENTS
{
  "id": 5,
  "state": "loaded",
  "teamId": "T4HEMM0UR"
}
[05/03/18, 02:27:47:710] info: Store: UPDATE_SESSION_STATUS
{
  "hasValidSession": true,
  "teamId": "T4HEMM0UR"
}
[05/03/18, 02:27:48:060] info: Store: SELECT_CHANNEL C02TQ0GUS
[05/03/18, 02:27:48:067] info: Store: UPDATE_TEAM_LOCALE
{
  "locale": "en-US"
}
[05/03/18, 02:27:48:075] info: Store: UPDATE_SETTINGS
{
  "locale": "en-US"
}
[05/03/18, 02:27:50:234] info: Store: SELECT_CHANNEL C8Y1H7TEE
[05/03/18, 02:27:50:251] info: Store: UPDATE_TEAM_LOCALE
{
  "locale": "en-US"
}
[05/03/18, 02:27:50:411] info: Store: UPSERT_WEB_CONTENTS
{
  "id": 4,
  "state": "loaded",
  "teamId": "T02R0MMHK"
}
[05/03/18, 02:27:50:814] info: Store: UPDATE_SESSION_STATUS
{
  "hasValidSession": true,
  "teamId": "T02R0MMHK"
}
[05/03/18, 02:27:51:032] info: Store: SELECT_CHANNEL C4JRHEQB1
[05/03/18, 02:27:51:070] info: Store: UPDATE_TEAM_LOCALE
{
  "locale": "ja-JP",
  "teamId": "T4HEMM0UR"
}
[05/03/18, 02:27:51:103] info: Store: UPDATE_TEAM_THEME
{
  "teamId": "T4HEMM0UR",
  "theme": {
    "active_item": "#4C9689",
    "active_item_text": "#FFFFFF",
    "active_presence": "#38978D",
    "badge": "#EB4D5C",
    "column_bg": "#4D394B",
    "hover_item": "#3E313C",
    "menu_bg": "#3E313C",
    "text_color": "#FFFFFF"
  }
}
[05/03/18, 02:27:51:856] info: Store: UPDATE_TEAM_LOCALE
{
  "locale": "en-US"
}
[05/03/18, 02:27:51:897] info: Store: UPSERT_WEB_CONTENTS
{
  "id": 4,
  "state": "webapp-loaded",
  "teamId": "T02R0MMHK"
}
[05/03/18, 02:27:52:282] info: Store: UPSERT_WEB_CONTENTS
{
  "id": 3,
  "state": "loaded",
  "teamId": "T5YEC6G73"
}
[05/03/18, 02:27:52:678] info: Store: UPDATE_SESSION_STATUS
{
  "hasValidSession": true,
  "teamId": "T5YEC6G73"
}
[05/03/18, 02:27:52:979] info: Store: UPDATE_TEAM_ICONS
{
  "icons": {
    "image_102": "https://slack-files2.s3-us-west-2.amazonaws.com/avatars/2017-03-15/154610708258_f98e05c23845866960a5_102.png",
    "image_132": "https://slack-files2.s3-us-west-2.amazonaws.com/avatars/2017-03-15/154610708258_f98e05c23845866960a5_132.png",
    "image_230": "https://slack-files2.s3-us-west-2.amazonaws.com/avatars/2017-03-15/154610708258_f98e05c23845866960a5_230.png",
    "image_34": "https://slack-files2.s3-us-west-2.amazonaws.com/avatars/2017-03-15/154610708258_f98e05c23845866960a5_34.png",
    "image_44": "https://slack-files2.s3-us-west-2.amazonaws.com/avatars/2017-03-15/154610708258_f98e05c23845866960a5_44.png",
    "image_68": "https://slack-files2.s3-us-west-2.amazonaws.com/avatars/2017-03-15/154610708258_f98e05c23845866960a5_68.png",
    "image_88": "https://slack-files2.s3-us-west-2.amazonaws.com/avatars/2017-03-15/154610708258_f98e05c23845866960a5_88.png",
    "image_original": "https://slack-files2.s3-us-west-2.amazonaws.com/avatars/2017-03-15/154610708258_f98e05c23845866960a5_original.png"
  },
  "teamId": "T4HEMM0UR"
}
[05/03/18, 02:27:53:079] info: Store: SELECT_CHANNEL G80MPJULU
[05/03/18, 02:27:53:508] info: Store: UPDATE_TEAM_LOCALE
{
  "locale": "ja-JP"
}
[05/03/18, 02:27:53:846] info: Store: UPDATE_TEAM_LOCALE
{
  "locale": "ja-JP",
  "teamId": "T4HEMM0UR"
}
[05/03/18, 02:27:53:862] info: Store: UPSERT_WEB_CONTENTS
{
  "id": 5,
  "state": "webapp-loaded",
  "teamId": "T4HEMM0UR"
}
[05/03/18, 02:27:53:948] info: Store: UPDATE_TEAM_THEME
{
  "teamId": "T02R0MMHK",
  "theme": {
    "active_item": "#4C9689",
    "active_item_text": "#FFFFFF",
    "active_presence": "#38978D",
    "badge": "#EB4D5C",
    "column_bg": "#4D394B",
    "hover_item": "#3E313C",
    "menu_bg": "#3E313C",
    "text_color": "#FFFFFF"
  }
}
[05/03/18, 02:27:53:980] info: Store: STORE_API_TOKEN
{
  "teamId": "T02R0MMHK",
  "token": "xoxs-⋯"
}
[05/03/18, 02:27:53:990] info: Store: UPSERT_WEB_CONTENTS
{
  "id": 6,
  "state": "loaded",
  "teamId": "T5LFW0CUB"
}
[05/03/18, 02:27:53:996] info: Store: UPDATE_TEAM_ICONS
{
  "icons": {
    "image_102": "https://slack-files2.s3-us-west-2.amazonaws.com/avatars/2015-01-14/3400695805_06e3ed8a8ae7228d7c54_102.jpg",
    "image_132": "https://slack-files2.s3-us-west-2.amazonaws.com/avatars/2015-01-14/3400695805_06e3ed8a8ae7228d7c54_132.jpg",
    "image_230": "https://slack-files2.s3-us-west-2.amazonaws.com/avatars/2015-01-14/3400695805_06e3ed8a8ae7228d7c54_132.jpg",
    "image_34": "https://slack-files2.s3-us-west-2.amazonaws.com/avatars/2015-01-14/3400695805_06e3ed8a8ae7228d7c54_34.jpg",
    "image_44": "https://slack-files2.s3-us-west-2.amazonaws.com/avatars/2015-01-14/3400695805_06e3ed8a8ae7228d7c54_44.jpg",
    "image_68": "https://slack-files2.s3-us-west-2.amazonaws.com/avatars/2015-01-14/3400695805_06e3ed8a8ae7228d7c54_68.jpg",
    "image_88": "https://slack-files2.s3-us-west-2.amazonaws.com/avatars/2015-01-14/3400695805_06e3ed8a8ae7228d7c54_88.jpg",
    "image_original": "https://slack-files2.s3-us-west-2.amazonaws.com/avatars/2015-01-14/3400695805_06e3ed8a8ae7228d7c54_original.jpg"
  },
  "teamId": "T02R0MMHK"
}
[05/03/18, 02:27:54:362] info: Store: STORE_API_TOKEN
{
  "teamId": "T4HEMM0UR",
  "token": "xoxs-⋯"
}
[05/03/18, 02:27:54:411] info: Store: UPDATE_SESSION_STATUS
{
  "hasValidSession": true,
  "teamId": "T5LFW0CUB"
}
[05/03/18, 02:27:54:438] info: Store: UPDATE_TEAM_LOCALE
{
  "locale": "en-US"
}
[05/03/18, 02:27:54:479] info: Store: UPSERT_WEB_CONTENTS
{
  "id": 3,
  "state": "webapp-loaded",
  "teamId": "T5YEC6G73"
}
[05/03/18, 02:27:54:872] info: Store: UPDATE_TEAM_THEME
{
  "teamId": "T5YEC6G73",
  "theme": {
    "active_item": "#4C9689",
    "active_item_text": "#FFFFFF",
    "active_presence": "#38978D",
    "badge": "#EB4D5C",
    "column_bg": "#4D394B",
    "hover_item": "#3E313C",
    "menu_bg": "#3E313C",
    "text_color": "#FFFFFF"
  }
}
[05/03/18, 02:27:54:893] info: Store: UPDATE_TEAM_LOCALE
{
  "locale": "ja-JP"
}
[05/03/18, 02:27:54:905] info: Store: UPSERT_WEB_CONTENTS
{
  "id": 6,
  "state": "webapp-loaded",
  "teamId": "T5LFW0CUB"
}
[05/03/18, 02:27:55:061] info: Store: STORE_API_TOKEN
{
  "teamId": "T5LFW0CUB",
  "token": "xoxs-⋯"
}
[05/03/18, 02:27:55:081] info: Store: UPDATE_TEAM_THEME
{
  "teamId": "T5LFW0CUB",
  "theme": {
    "active_item": "#4C9689",
    "active_item_text": "#FFFFFF",
    "active_presence": "#38978D",
    "badge": "#EB4D5C",
    "column_bg": "#4D394B",
    "hover_item": "#3E313C",
    "menu_bg": "#3E313C",
    "text_color": "#FFFFFF"
  }
}
[05/03/18, 02:27:55:087] info: Store: UPDATE_TEAM_ICONS
{
  "icons": {
    "image_102": "https://slack-files2.s3-us-west-2.amazonaws.com/avatars/2017-08-21/229801110004_7754c1684d8336d012c4_102.jpg",
    "image_132": "https://slack-files2.s3-us-west-2.amazonaws.com/avatars/2017-08-21/229801110004_7754c1684d8336d012c4_132.jpg",
    "image_230": "https://slack-files2.s3-us-west-2.amazonaws.com/avatars/2017-08-21/229801110004_7754c1684d8336d012c4_230.jpg",
    "image_34": "https://slack-files2.s3-us-west-2.amazonaws.com/avatars/2017-08-21/229801110004_7754c1684d8336d012c4_34.jpg",
    "image_44": "https://slack-files2.s3-us-west-2.amazonaws.com/avatars/2017-08-21/229801110004_7754c1684d8336d012c4_44.jpg",
    "image_68": "https://slack-files2.s3-us-west-2.amazonaws.com/avatars/2017-08-21/229801110004_7754c1684d8336d012c4_68.jpg",
    "image_88": "https://slack-files2.s3-us-west-2.amazonaws.com/avatars/2017-08-21/229801110004_7754c1684d8336d012c4_88.jpg",
    "image_original": "https://slack-files2.s3-us-west-2.amazonaws.com/avatars/2017-08-21/229801110004_7754c1684d8336d012c4_original.jpg"
  },
  "teamId": "T5LFW0CUB"
}
[05/03/18, 02:27:55:218] info: Store: STORE_API_TOKEN
{
  "teamId": "T5YEC6G73",
  "token": "xoxs-⋯"
}
[05/03/18, 02:27:55:243] info: Store: UPDATE_TEAM_ICONS
{
  "icons": {
    "image_102": "https://slack-files2.s3-us-west-2.amazonaws.com/avatars/2017-06-28/205110093367_6705e64b9b4a8299bd1f_102.png",
    "image_132": "https://slack-files2.s3-us-west-2.amazonaws.com/avatars/2017-06-28/205110093367_6705e64b9b4a8299bd1f_132.png",
    "image_230": "https://slack-files2.s3-us-west-2.amazonaws.com/avatars/2017-06-28/205110093367_6705e64b9b4a8299bd1f_230.png",
    "image_34": "https://slack-files2.s3-us-west-2.amazonaws.com/avatars/2017-06-28/205110093367_6705e64b9b4a8299bd1f_34.png",
    "image_44": "https://slack-files2.s3-us-west-2.amazonaws.com/avatars/2017-06-28/205110093367_6705e64b9b4a8299bd1f_44.png",
    "image_68": "https://slack-files2.s3-us-west-2.amazonaws.com/avatars/2017-06-28/205110093367_6705e64b9b4a8299bd1f_68.png",
    "image_88": "https://slack-files2.s3-us-west-2.amazonaws.com/avatars/2017-06-28/205110093367_6705e64b9b4a8299bd1f_88.png",
    "image_original": "https://slack-files2.s3-us-west-2.amazonaws.com/avatars/2017-06-28/205110093367_6705e64b9b4a8299bd1f_original.png"
  },
  "teamId": "T5YEC6G73"
}
[05/03/18, 02:59:31:307] info: Store: MAIN_WINDOW_FOCUSED
[05/03/18, 02:59:31:403] info: Store: SHOW_LOGIN_DIALOG
[05/03/18, 02:59:55:075] info: Store: ADD_NEW_TEAM
{
  "id": "UAGGQQLQY",
  "name": "[REDACTED]",
  "team_id": "T0GFBAM8C",
  "team_name": "[REDACTED]",
  "team_url": "[REDACTED]"
}
[05/03/18, 02:59:55:143] info: Store: UPSERT_WEB_CONTENTS
{
  "id": 14,
  "state": "unloaded",
  "teamId": "T0GFBAM8C"
}
[05/03/18, 02:59:55:257] info: Store: MAIN_WINDOW_FOCUSED
[05/03/18, 02:59:55:259] info: Store: MAIN_WINDOW_FOCUSED
[05/03/18, 03:00:10:859] info: Store: UPSERT_WEB_CONTENTS
{
  "id": 14,
  "state": "loaded",
  "teamId": "T0GFBAM8C"
}
[05/03/18, 03:00:11:298] info: Store: UPDATE_SESSION_STATUS
{
  "hasValidSession": true,
  "teamId": "T0GFBAM8C"
}
[05/03/18, 03:00:13:076] info: Store: UPDATE_TEAM_ICONS
{
  "icons": {
    "image_102": "https://slack-files2.s3-us-west-2.amazonaws.com/avatars/2015-12-19/17054493216_07addcfb3fb1718cbba4_102.png",
    "image_132": "https://slack-files2.s3-us-west-2.amazonaws.com/avatars/2015-12-19/17054493216_07addcfb3fb1718cbba4_132.png",
    "image_230": "https://slack-files2.s3-us-west-2.amazonaws.com/avatars/2015-12-19/17054493216_07addcfb3fb1718cbba4_132.png",
    "image_34": "https://slack-files2.s3-us-west-2.amazonaws.com/avatars/2015-12-19/17054493216_07addcfb3fb1718cbba4_34.png",
    "image_44": "https://slack-files2.s3-us-west-2.amazonaws.com/avatars/2015-12-19/17054493216_07addcfb3fb1718cbba4_44.png",
    "image_68": "https://slack-files2.s3-us-west-2.amazonaws.com/avatars/2015-12-19/17054493216_07addcfb3fb1718cbba4_68.png",
    "image_88": "https://slack-files2.s3-us-west-2.amazonaws.com/avatars/2015-12-19/17054493216_07addcfb3fb1718cbba4_88.png",
    "image_original": "https://slack-files2.s3-us-west-2.amazonaws.com/avatars/2015-12-19/17054493216_07addcfb3fb1718cbba4_original.png"
  },
  "teamId": "T0GFBAM8C"
}
[05/03/18, 03:00:14:301] info: Store: SELECT_CHANNEL C0GFH3RHC
[05/03/18, 03:00:14:332] info: Store: UPDATE_TEAM_LOCALE
{
  "locale": "ja-JP",
  "teamId": "T0GFBAM8C"
}
[05/03/18, 03:00:14:342] info: Store: UPDATE_SETTINGS
{
  "locale": "ja-JP"
}
[05/03/18, 03:00:14:343] info: TranslationLookup: locale set to ja-JP for renderer
[05/03/18, 03:00:14:822] info: Store: UPDATE_TEAM_THEME
{
  "teamId": "T0GFBAM8C",
  "theme": {
    "active_item": "#4C9689",
    "active_item_text": "#FFFFFF",
    "active_presence": "#38978D",
    "badge": "#EB4D5C",
    "column_bg": "#4D394B",
    "hover_item": "#3E313C",
    "menu_bg": "#3E313C",
    "text_color": "#FFFFFF"
  }
}
[05/03/18, 03:00:14:866] info: Store: SELECT_CHANNEL DAHBUMLTX
[05/03/18, 03:00:15:003] info: Store: UPSERT_WEB_CONTENTS
{
  "id": 14,
  "state": "webapp-loaded",
  "teamId": "T0GFBAM8C"
}
[05/03/18, 03:00:15:611] info: Store: STORE_API_TOKEN
{
  "teamId": "T0GFBAM8C",
  "token": "xoxs-⋯"
}
[05/03/18, 03:00:23:484] info: Store: SELECT_CHANNEL C0GFH3RHC
[05/03/18, 03:00:31:087] info: Store: SELECT_CHANNEL C0GFH3RHU
[05/03/18, 03:01:08:677] info: Store: SELECT_CHANNEL DAGGSCRDW
[05/03/18, 03:01:29:777] info: Store: SELECT_CHANNEL C0GFH3RHU
[05/03/18, 03:01:34:681] info: Store: SET_FULL_SCREEN
[05/03/18, 03:17:50:869] info: Store: FOREGROUND_APP
[05/03/18, 03:17:50:895] info: Store: MAIN_WINDOW_FOCUSED
[05/03/18, 03:17:55:465] info: Store: MAIN_WINDOW_FOCUSED
[05/03/18, 03:17:55:573] info: Store: SELECT_TEAM T5YEC6G73
[05/03/18, 03:17:55:592] info: Store: UPDATE_SETTINGS
{
  "locale": "en-US"
}
[05/03/18, 03:17:55:593] info: TranslationLookup: locale set to en-US for renderer
[05/03/18, 03:17:56:847] info: Store: MAIN_WINDOW_FOCUSED
[05/03/18, 03:17:56:957] info: Store: SELECT_TEAM T02R0MMHK
[05/03/18, 03:18:31:474] info: Store: SELECT_CHANNEL DAHC8TMSR
[05/03/18, 03:22:44:701] info: Store: NEW_NOTIFICATION
{
  "avatarImage": "https://ca.slack-edge.com/T5LFW0CUB-U7Q4KGJHW-e0a9e71ac967-512",
  "channel": "G7GGG2GPN",
  "content": "[REDACTED]",
  "id": "LJ05fPhmnKE4w9J",
  "imageUri": null,
  "launchUri": "slack://channel?id=G7GGG2GPN&message=1525285364.000612&team=T5LFW0CUB",
  "msg": "1525285364.000612",
  "silent": true,
  "subtitle": "",
  "teamId": "T5LFW0CUB",
  "title": "[REDACTED]"
}
[05/03/18, 03:22:56:113] info: Store: NEW_NOTIFICATION
{
  "avatarImage": "https://ca.slack-edge.com/T5LFW0CUB-U7Q4KGJHW-e0a9e71ac967-512",
  "channel": "G7GGG2GPN",
  "content": "[REDACTED]",
  "id": "wr2RfviKrQDGKoM",
  "imageUri": null,
  "launchUri": "slack://channel?id=G7GGG2GPN&message=1525285376.000032&team=T5LFW0CUB",
  "msg": "1525285376.000032",
  "silent": true,
  "subtitle": "",
  "teamId": "T5LFW0CUB",
  "title": "[REDACTED]"
}
[05/03/18, 03:26:18:251] info: Store: NEW_NOTIFICATION
{
  "avatarImage": "https://ca.slack-edge.com/T5LFW0CUB-U7LV729FH-7abf48109563-512",
  "channel": "G7GGG2GPN",
  "content": "[REDACTED]",
  "id": "8EWBiOsMDR8xY5D",
  "imageUri": null,
  "launchUri": "slack://channel?id=G7GGG2GPN&message=1525285578.000148&team=T5LFW0CUB",
  "msg": "1525285578.000148",
  "silent": true,
  "subtitle": "",
  "teamId": "T5LFW0CUB",
  "title": "[REDACTED]"
}
[05/03/18, 03:29:42:803] info: Store: NEW_NOTIFICATION
{
  "avatarImage": "https://ca.slack-edge.com/T5LFW0CUB-U5LLUGFBP-09baf110cf7e-512",
  "channel": "G7GGG2GPN",
  "content": "[REDACTED]",
  "id": "R1k5HgtOw0k7l65",
  "imageUri": null,
  "launchUri": "slack://channel?id=G7GGG2GPN&message=1525285782.000626&team=T5LFW0CUB",
  "msg": "1525285782.000626",
  "silent": true,
  "subtitle": "",
  "teamId": "T5LFW0CUB",
  "title": "[REDACTED]"
}
[05/03/18, 03:33:47:982] info: Store: NEW_NOTIFICATION
{
  "avatarImage": "https://ca.slack-edge.com/T5LFW0CUB-U7LV729FH-7abf48109563-512",
  "channel": "G7GGG2GPN",
  "content": "[REDACTED]",
  "id": "nO7NimuZq0BgAzq",
  "imageUri": null,
  "launchUri": "slack://channel?id=G7GGG2GPN&message=1525286027.000784&team=T5LFW0CUB",
  "msg": "1525286027.000784",
  "silent": true,
  "subtitle": "",
  "teamId": "T5LFW0CUB",
  "title": "[REDACTED]"
}
[05/03/18, 03:34:00:679] info: Store: NEW_NOTIFICATION
{
  "avatarImage": "https://ca.slack-edge.com/T5LFW0CUB-U7Q4KGJHW-e0a9e71ac967-512",
  "channel": "G7GGG2GPN",
  "content": "[REDACTED]",
  "id": "0LEXtgCWvrygXy8",
  "imageUri": null,
  "launchUri": "slack://channel?id=G7GGG2GPN&message=1525286040.000550&team=T5LFW0CUB",
  "msg": "1525286040.000550",
  "silent": true,
  "subtitle": "",
  "teamId": "T5LFW0CUB",
  "title": "[REDACTED]"
}
[05/03/18, 03:34:15:738] info: Store: NEW_NOTIFICATION
{
  "avatarImage": "https://ca.slack-edge.com/T5LFW0CUB-U7LV729FH-7abf48109563-512",
  "channel": "G7GGG2GPN",
  "content": "[REDACTED]",
  "id": "x187H9FwJgOLYnQ",
  "imageUri": null,
  "launchUri": "slack://channel?id=G7GGG2GPN&message=1525286055.000567&team=T5LFW0CUB",
  "msg": "1525286055.000567",
  "silent": true,
  "subtitle": "",
  "teamId": "T5LFW0CUB",
  "title": "[REDACTED]"
}
[05/03/18, 03:34:20:208] info: Store: NEW_NOTIFICATION
{
  "avatarImage": "https://ca.slack-edge.com/T5LFW0CUB-U7LV729FH-7abf48109563-512",
  "channel": "G7GGG2GPN",
  "content": "[REDACTED]",
  "id": "p2BXCyHGlkmQJzB",
  "imageUri": null,
  "launchUri": "slack://channel?id=G7GGG2GPN&message=1525286060.000133&team=T5LFW0CUB",
  "msg": "1525286060.000133",
  "silent": true,
  "subtitle": "",
  "teamId": "T5LFW0CUB",
  "title": "[REDACTED]"
}
[05/03/18, 03:38:52:185] info: Store: NEW_NOTIFICATION
{
  "avatarImage": "https://ca.slack-edge.com/T5LFW0CUB-U7Q4KGJHW-e0a9e71ac967-512",
  "channel": "G7GGG2GPN",
  "content": "[REDACTED]",
  "id": "g28QC4I3wKWnP59",
  "imageUri": null,
  "launchUri": "slack://channel?id=G7GGG2GPN&message=1525286332.000033&team=T5LFW0CUB",
  "msg": "1525286332.000033",
  "silent": true,
  "subtitle": "",
  "teamId": "T5LFW0CUB",
  "title": "[REDACTED]"
}
[05/03/18, 03:39:32:304] info: Store: NEW_NOTIFICATION
{
  "avatarImage": "https://ca.slack-edge.com/T5LFW0CUB-U5LLUGFBP-09baf110cf7e-512",
  "channel": "G7GGG2GPN",
  "content": "[REDACTED]",
  "id": "WqpjIZSnkLYA4pw",
  "imageUri": null,
  "launchUri": "slack://channel?id=G7GGG2GPN&message=1525286372.000190&team=T5LFW0CUB",
  "msg": "1525286372.000190",
  "silent": true,
  "subtitle": "",
  "teamId": "T5LFW0CUB",
  "title": "[REDACTED]"
}
[05/03/18, 03:39:44:639] info: Store: NEW_NOTIFICATION
{
  "avatarImage": "https://ca.slack-edge.com/T5LFW0CUB-U5LLUGFBP-09baf110cf7e-512",
  "channel": "G7GGG2GPN",
  "content": "[REDACTED]",
  "id": "O8L5H3Tr1jxOgm1",
  "imageUri": null,
  "launchUri": "slack://channel?id=G7GGG2GPN&message=1525286384.000498&team=T5LFW0CUB",
  "msg": "1525286384.000498",
  "silent": true,
  "subtitle": "",
  "teamId": "T5LFW0CUB",
  "title": "[REDACTED]"
}
[05/03/18, 03:53:21:660] info: Store: NEW_NOTIFICATION
{
  "avatarImage": "https://ca.slack-edge.com/T5LFW0CUB-U7Q4KGJHW-e0a9e71ac967-512",
  "channel": "G7GGG2GPN",
  "content": "[REDACTED]",
  "id": "Q7j5cmUkWQpB112",
  "imageUri": null,
  "launchUri": "slack://channel?id=G7GGG2GPN&message=1525287201.000513&team=T5LFW0CUB",
  "msg": "1525287201.000513",
  "silent": true,
  "subtitle": "",
  "teamId": "T5LFW0CUB",
  "title": "[REDACTED]"
}
[05/03/18, 03:53:40:346] info: Store: NEW_NOTIFICATION
{
  "avatarImage": "https://ca.slack-edge.com/T5LFW0CUB-U7Q4KGJHW-e0a9e71ac967-512",
  "channel": "G7GGG2GPN",
  "content": "[REDACTED]",
  "id": "my8MfLc9X3gov3Q",
  "imageUri": null,
  "launchUri": "slack://channel?id=G7GGG2GPN&message=1525287220.000238&team=T5LFW0CUB",
  "msg": "1525287220.000238",
  "silent": true,
  "subtitle": "",
  "teamId": "T5LFW0CUB",
  "title": "[REDACTED]"
}
[05/03/18, 03:55:52:450] info: Store: NEW_NOTIFICATION
{
  "avatarImage": "https://ca.slack-edge.com/T5LFW0CUB-U7Q4KGJHW-e0a9e71ac967-512",
  "channel": "G7GGG2GPN",
  "content": "[REDACTED]",
  "id": "G8zQHyfQDY38PNZ",
  "imageUri": null,
  "launchUri": "slack://channel?id=G7GGG2GPN&message=1525287352.000191&team=T5LFW0CUB",
  "msg": "1525287352.000191",
  "silent": true,
  "subtitle": "",
  "teamId": "T5LFW0CUB",
  "title": "[REDACTED]"
}
[05/03/18, 05:11:34:919] info: Store: FOREGROUND_APP
[05/03/18, 05:11:34:980] info: Store: MAIN_WINDOW_FOCUSED
[05/03/18, 07:42:35:070] info: Store: FOREGROUND_APP
[05/03/18, 07:42:35:087] info: Store: MAIN_WINDOW_FOCUSED
[05/03/18, 07:43:26:757] info: Store: FOREGROUND_APP
[05/03/18, 07:43:26:792] info: Store: MAIN_WINDOW_FOCUSED
[05/03/18, 07:43:28:931] info: Store: MAIN_WINDOW_FOCUSED
[05/03/18, 07:43:29:092] info: Store: SELECT_TEAM T5YEC6G73
[05/03/18, 07:43:31:864] info: Store: SELECT_CHANNEL C611PHRBQ
[05/03/18, 07:44:17:881] info: Store: MAIN_WINDOW_FOCUSED
[05/03/18, 07:44:19:482] info: Store: MAIN_WINDOW_FOCUSED
[05/03/18, 07:44:19:586] info: Store: SELECT_TEAM T02R0MMHK
[05/03/18, 07:44:32:185] info: Store: MAIN_WINDOW_FOCUSED
[05/03/18, 07:44:32:341] info: Store: SELECT_TEAM T5LFW0CUB
[05/03/18, 07:44:32:352] info: Store: UPDATE_SETTINGS
{
  "locale": "ja-JP"
}
[05/03/18, 07:44:32:352] info: TranslationLookup: locale set to ja-JP for renderer
[05/03/18, 07:44:36:038] info: Store: SELECT_CHANNEL G7GGG2GPN
[05/03/18, 07:44:45:526] info: Store: MAIN_WINDOW_FOCUSED
[05/03/18, 07:44:45:640] info: Store: SELECT_TEAM T02R0MMHK
[05/03/18, 07:44:45:652] info: Store: UPDATE_SETTINGS
{
  "locale": "en-US"
}
[05/03/18, 07:44:45:652] info: TranslationLookup: locale set to en-US for renderer
[05/03/18, 07:44:47:709] info: Store: MAIN_WINDOW_FOCUSED
[05/03/18, 07:44:47:828] info: Store: SELECT_TEAM T5YEC6G73
[05/03/18, 07:46:36:959] info: Store: MAIN_WINDOW_FOCUSED
[05/03/18, 07:51:40:237] info: Store: MAIN_WINDOW_FOCUSED
[05/03/18, 08:27:54:519] info: Store: UNLOAD_WEB_CONTENTS T4HEMM0UR
[05/03/18, 09:17:56:513] info: Store: UNLOAD_WEB_CONTENTS T0GFBAM8C
