[05/08/18, 20:50:23:656] info: ╔════════════════════════════════════════════════════════════════════════════╗
[05/08/18, 20:50:23:657] info: ║      Slack 3.1.1, linux 4.16.7-1-zen on x64 at 05/08/18, 20:50:23:652      ║
[05/08/18, 20:50:23:657] info: ╚════════════════════════════════════════════════════════════════════════════╝
[05/08/18, 20:50:23:859] info: Initializing local storage instance at path: /home/nitoli/.config/Slack/local-settings.json
[05/08/18, 20:50:24:508] error: Calls failed to load, bailing
[05/08/18, 20:50:24:510] info: cld3::loadModule: loading cld3 module
[05/08/18, 20:50:24:610] info: cld3Loader::loadModule: running environment is NODE
[05/08/18, 20:50:24:610] info: cld3Loader::loadModule: constructed module object for runtime
[05/08/18, 20:50:25:366] info: cld3Loader::initializeRuntime: successfully initialized module
[05/08/18, 20:50:25:366] info: cld3Loader::loadModule: initialized wasm binary Runtime
[05/08/18, 20:50:25:387] warn: updateSpellcheckerLanguage: Tried to update language, but spellchecker not initialized
[05/08/18, 20:50:25:388] info: SSBIntegration: Main window preload script loaded 2604.337398
[05/08/18, 20:50:25:445] info: Store: UPSERT_WEB_CONTENTS
{
  "id": 7,
  "state": "loaded",
  "teamId": "T0GFBAM8C"
}
[05/08/18, 20:50:25:447] info: Store: UPSERT_WEB_CONTENTS
{
  "id": 7,
  "state": "empty-page",
  "teamId": "T0GFBAM8C"
}
[05/08/18, 20:50:25:447] info: Store: UPSERT_WEB_CONTENTS
{
  "id": 7,
  "state": "page-will-navigate",
  "teamId": "T0GFBAM8C"
}
[05/08/18, 20:50:25:459] info: Store: UPSERT_WEB_CONTENTS
{
  "id": 3,
  "state": "loaded",
  "teamId": "T02R0MMHK"
}
[05/08/18, 20:50:25:490] info: Store: UPSERT_WEB_CONTENTS
{
  "id": 3,
  "state": "empty-page",
  "teamId": "T02R0MMHK"
}
[05/08/18, 20:50:25:494] info: Store: UPSERT_WEB_CONTENTS
{
  "id": 3,
  "state": "page-will-navigate",
  "teamId": "T02R0MMHK"
}
[05/08/18, 20:50:25:502] info: Window is unloading, winssb is no longer accessible
[05/08/18, 20:50:25:591] info: Store: UPSERT_WEB_CONTENTS
{
  "id": 4,
  "state": "loaded",
  "teamId": "T5YEC6G73"
}
[05/08/18, 20:50:25:609] info: Store: UPSERT_WEB_CONTENTS
{
  "id": 4,
  "state": "empty-page",
  "teamId": "T5YEC6G73"
}
[05/08/18, 20:50:25:620] info: Store: UPSERT_WEB_CONTENTS
{
  "id": 4,
  "state": "page-will-navigate",
  "teamId": "T5YEC6G73"
}
