[05/03/18, 02:27:29:766] info: ╔════════════════════════════════════════════════════════════════════════════╗
[05/03/18, 02:27:29:767] info: ║      Slack 3.1.1, linux 4.16.5-1-zen on x64 at 05/03/18, 02:27:29:752      ║
[05/03/18, 02:27:29:767] info: ╚════════════════════════════════════════════════════════════════════════════╝
[05/03/18, 02:27:30:213] info: Initializing local storage instance at path: /home/nitoli/.config/Slack/local-settings.json
[05/03/18, 02:27:31:403] error: Calls failed to load, bailing
[05/03/18, 02:27:31:406] info: cld3::loadModule: loading cld3 module
[05/03/18, 02:27:31:582] info: cld3Loader::loadModule: running environment is NODE
[05/03/18, 02:27:31:583] info: cld3Loader::loadModule: constructed module object for runtime
[05/03/18, 02:27:32:644] info: cld3Loader::initializeRuntime: successfully initialized module
[05/03/18, 02:27:32:644] info: cld3Loader::loadModule: initialized wasm binary Runtime
[05/03/18, 02:27:32:692] warn: updateSpellcheckerLanguage: Tried to update language, but spellchecker not initialized
[05/03/18, 02:27:32:693] info: SSBIntegration: Main window preload script loaded 4807.03044
[05/03/18, 02:27:32:768] info: Store: UPSERT_WEB_CONTENTS
{
  "id": 5,
  "state": "loaded",
  "teamId": "T4HEMM0UR"
}
[05/03/18, 02:27:32:814] info: Store: UPSERT_WEB_CONTENTS
{
  "id": 4,
  "state": "loaded",
  "teamId": "T02R0MMHK"
}
[05/03/18, 02:27:32:818] info: Store: UPSERT_WEB_CONTENTS
{
  "id": 5,
  "state": "empty-page",
  "teamId": "T4HEMM0UR"
}
[05/03/18, 02:27:32:819] info: Store: UPSERT_WEB_CONTENTS
{
  "id": 5,
  "state": "page-will-navigate",
  "teamId": "T4HEMM0UR"
}
[05/03/18, 02:27:32:844] info: Store: UPSERT_WEB_CONTENTS
{
  "id": 4,
  "state": "empty-page",
  "teamId": "T02R0MMHK"
}
[05/03/18, 02:27:32:866] info: Store: UPSERT_WEB_CONTENTS
{
  "id": 4,
  "state": "page-will-navigate",
  "teamId": "T02R0MMHK"
}
[05/03/18, 02:27:32:875] info: Window is unloading, winssb is no longer accessible
[05/03/18, 02:27:33:013] info: Store: UPSERT_WEB_CONTENTS
{
  "id": 3,
  "state": "loaded",
  "teamId": "T5YEC6G73"
}
[05/03/18, 02:27:33:052] info: Store: UPSERT_WEB_CONTENTS
{
  "id": 3,
  "state": "empty-page",
  "teamId": "T5YEC6G73"
}
[05/03/18, 02:27:33:073] info: Store: UPSERT_WEB_CONTENTS
{
  "id": 3,
  "state": "page-will-navigate",
  "teamId": "T5YEC6G73"
}
[05/03/18, 02:27:33:103] info: Store: UPSERT_WEB_CONTENTS
{
  "id": 6,
  "state": "loaded",
  "teamId": "T5LFW0CUB"
}
[05/03/18, 02:27:33:164] info: Store: UPSERT_WEB_CONTENTS
{
  "id": 6,
  "state": "empty-page",
  "teamId": "T5LFW0CUB"
}
[05/03/18, 02:27:33:198] info: Store: UPSERT_WEB_CONTENTS
{
  "id": 6,
  "state": "page-will-navigate",
  "teamId": "T5LFW0CUB"
}
[05/03/18, 02:27:33:721] info: Store: UPDATE_SESSION_STATUS
{
  "hasValidSession": true,
  "teamId": "T02R0MMHK"
}
[05/03/18, 02:27:33:734] info: Store: UPDATE_SESSION_STATUS
{
  "hasValidSession": true,
  "teamId": "T4HEMM0UR"
}
[05/03/18, 02:27:33:747] info: Store: UPDATE_SESSION_STATUS
{
  "hasValidSession": true,
  "teamId": "T5YEC6G73"
}
[05/03/18, 02:27:33:787] info: Store: UPDATE_SESSION_STATUS
{
  "hasValidSession": true,
  "teamId": "T5LFW0CUB"
}
