[05/08/18, 11:12:01:575] info: ╔════════════════════════════════════════════════════════════════════════════╗
[05/08/18, 11:12:01:576] info: ║      Slack 3.1.1, linux 4.16.6-1-zen on x64 at 05/08/18, 11:12:01:571      ║
[05/08/18, 11:12:01:576] info: ╚════════════════════════════════════════════════════════════════════════════╝
[05/08/18, 11:12:01:820] info: Initializing local storage instance at path: /home/nitoli/.config/Slack/local-settings.json
[05/08/18, 11:12:02:668] error: Calls failed to load, bailing
[05/08/18, 11:12:02:670] info: cld3::loadModule: loading cld3 module
[05/08/18, 11:12:02:744] info: cld3Loader::loadModule: running environment is NODE
[05/08/18, 11:12:02:744] info: cld3Loader::loadModule: constructed module object for runtime
[05/08/18, 11:12:03:459] info: cld3Loader::initializeRuntime: successfully initialized module
[05/08/18, 11:12:03:459] info: cld3Loader::loadModule: initialized wasm binary Runtime
[05/08/18, 11:12:03:467] warn: updateSpellcheckerLanguage: Tried to update language, but spellchecker not initialized
[05/08/18, 11:12:03:467] info: TranslationLookup: locale set to ja-JP for renderer
[05/08/18, 11:12:03:468] info: SSBIntegration: Main window preload script loaded 2726.109768
[05/08/18, 11:12:03:519] info: Store: UPSERT_WEB_CONTENTS
{
  "id": 3,
  "state": "loaded",
  "teamId": "T5LFW0CUB"
}
[05/08/18, 11:12:03:525] info: Store: UPSERT_WEB_CONTENTS
{
  "id": 3,
  "state": "empty-page",
  "teamId": "T5LFW0CUB"
}
[05/08/18, 11:12:03:525] info: Store: UPSERT_WEB_CONTENTS
{
  "id": 3,
  "state": "page-will-navigate",
  "teamId": "T5LFW0CUB"
}
[05/08/18, 11:12:03:526] info: Store: UPSERT_WEB_CONTENTS
{
  "id": 7,
  "state": "loaded",
  "teamId": "T0GFBAM8C"
}
[05/08/18, 11:12:03:526] info: Store: UPSERT_WEB_CONTENTS
{
  "id": 7,
  "state": "empty-page",
  "teamId": "T0GFBAM8C"
}
[05/08/18, 11:12:03:526] info: Store: UPSERT_WEB_CONTENTS
{
  "id": 7,
  "state": "page-will-navigate",
  "teamId": "T0GFBAM8C"
}
[05/08/18, 11:12:03:530] info: Store: UPSERT_WEB_CONTENTS
{
  "id": 5,
  "state": "loaded",
  "teamId": "T02R0MMHK"
}
[05/08/18, 11:12:03:530] info: Store: UPSERT_WEB_CONTENTS
{
  "id": 5,
  "state": "empty-page",
  "teamId": "T02R0MMHK"
}
[05/08/18, 11:12:03:531] info: Store: UPSERT_WEB_CONTENTS
{
  "id": 5,
  "state": "page-will-navigate",
  "teamId": "T02R0MMHK"
}
[05/08/18, 11:12:03:533] info: Store: UPSERT_WEB_CONTENTS
{
  "id": 4,
  "state": "loaded",
  "teamId": "T5YEC6G73"
}
[05/08/18, 11:12:03:564] info: Store: UPSERT_WEB_CONTENTS
{
  "id": 4,
  "state": "empty-page",
  "teamId": "T5YEC6G73"
}
[05/08/18, 11:12:03:571] info: Store: UPSERT_WEB_CONTENTS
{
  "id": 4,
  "state": "page-will-navigate",
  "teamId": "T5YEC6G73"
}
[05/08/18, 11:12:03:571] info: Window is unloading, winssb is no longer accessible
[05/08/18, 11:12:03:603] info: Store: UPSERT_WEB_CONTENTS
{
  "id": 6,
  "state": "loaded",
  "teamId": "T4HEMM0UR"
}
[05/08/18, 11:12:03:625] info: Store: UPSERT_WEB_CONTENTS
{
  "id": 6,
  "state": "empty-page",
  "teamId": "T4HEMM0UR"
}
[05/08/18, 11:12:03:630] info: Store: UPSERT_WEB_CONTENTS
{
  "id": 6,
  "state": "page-will-navigate",
  "teamId": "T4HEMM0UR"
}
