[05/07/18, 21:11:35:365] info: ╔════════════════════════════════════════════════════════════════════════════╗
[05/07/18, 21:11:35:366] info: ║      Slack 3.1.1, linux 4.16.6-1-zen on x64 at 05/07/18, 21:11:35:351      ║
[05/07/18, 21:11:35:370] info: ╚════════════════════════════════════════════════════════════════════════════╝
[05/07/18, 21:11:35:656] info: Initializing local storage instance at path: /home/nitoli/.config/Slack/local-settings.json
[05/07/18, 21:11:36:610] error: Calls failed to load, bailing
[05/07/18, 21:11:36:612] info: cld3::loadModule: loading cld3 module
[05/07/18, 21:11:36:689] info: cld3Loader::loadModule: running environment is NODE
[05/07/18, 21:11:36:690] info: cld3Loader::loadModule: constructed module object for runtime
[05/07/18, 21:11:37:652] info: cld3Loader::initializeRuntime: successfully initialized module
[05/07/18, 21:11:37:652] info: cld3Loader::loadModule: initialized wasm binary Runtime
[05/07/18, 21:11:37:661] warn: updateSpellcheckerLanguage: Tried to update language, but spellchecker not initialized
[05/07/18, 21:11:37:662] info: SSBIntegration: Main window preload script loaded 3181.391498
[05/07/18, 21:11:37:673] info: Store: UPSERT_WEB_CONTENTS
{
  "id": 6,
  "state": "loaded",
  "teamId": "T5LFW0CUB"
}
[05/07/18, 21:11:37:677] info: Store: UPSERT_WEB_CONTENTS
{
  "id": 6,
  "state": "empty-page",
  "teamId": "T5LFW0CUB"
}
[05/07/18, 21:11:37:677] info: Store: UPSERT_WEB_CONTENTS
{
  "id": 6,
  "state": "page-will-navigate",
  "teamId": "T5LFW0CUB"
}
[05/07/18, 21:11:37:678] info: Store: UPSERT_WEB_CONTENTS
{
  "id": 7,
  "state": "loaded",
  "teamId": "T0GFBAM8C"
}
[05/07/18, 21:11:37:678] info: Store: UPSERT_WEB_CONTENTS
{
  "id": 7,
  "state": "empty-page",
  "teamId": "T0GFBAM8C"
}
[05/07/18, 21:11:37:679] info: Store: UPSERT_WEB_CONTENTS
{
  "id": 7,
  "state": "page-will-navigate",
  "teamId": "T0GFBAM8C"
}
[05/07/18, 21:11:37:679] info: Store: UPSERT_WEB_CONTENTS
{
  "id": 3,
  "state": "loaded",
  "teamId": "T5YEC6G73"
}
[05/07/18, 21:11:37:679] info: Store: UPSERT_WEB_CONTENTS
{
  "id": 3,
  "state": "empty-page",
  "teamId": "T5YEC6G73"
}
[05/07/18, 21:11:37:680] info: Store: UPSERT_WEB_CONTENTS
{
  "id": 3,
  "state": "page-will-navigate",
  "teamId": "T5YEC6G73"
}
[05/07/18, 21:11:37:687] info: Store: UPSERT_WEB_CONTENTS
{
  "id": 4,
  "state": "loaded",
  "teamId": "T02R0MMHK"
}
[05/07/18, 21:11:37:703] info: Store: UPSERT_WEB_CONTENTS
{
  "id": 4,
  "state": "empty-page",
  "teamId": "T02R0MMHK"
}
[05/07/18, 21:11:37:707] info: Store: UPSERT_WEB_CONTENTS
{
  "id": 4,
  "state": "page-will-navigate",
  "teamId": "T02R0MMHK"
}
[05/07/18, 21:11:37:711] info: Window is unloading, winssb is no longer accessible
[05/07/18, 21:11:37:753] info: Store: UPSERT_WEB_CONTENTS
{
  "id": 5,
  "state": "loaded",
  "teamId": "T4HEMM0UR"
}
[05/07/18, 21:11:37:765] info: Store: UPSERT_WEB_CONTENTS
{
  "id": 5,
  "state": "empty-page",
  "teamId": "T4HEMM0UR"
}
[05/07/18, 21:11:37:771] info: Store: UPSERT_WEB_CONTENTS
{
  "id": 5,
  "state": "page-will-navigate",
  "teamId": "T4HEMM0UR"
}
[05/07/18, 21:11:37:932] info: Store: SET_NETWORK_STATUS offline
