[04/24/18, 21:27:10:515] info: ╔════════════════════════════════════════════════════════════════════════════╗
[04/24/18, 21:27:10:517] info: ║      Slack 3.1.1, linux 4.16.3-1-zen on x64 at 04/24/18, 21:27:10:511      ║
[04/24/18, 21:27:10:517] info: ╚════════════════════════════════════════════════════════════════════════════╝
[04/24/18, 21:27:10:692] info: Initializing local storage instance at path: /home/nitoli/.config/Slack/local-settings.json
[04/24/18, 21:27:11:222] error: Calls failed to load, bailing
[04/24/18, 21:27:11:224] info: cld3::loadModule: loading cld3 module
[04/24/18, 21:27:11:257] info: cld3Loader::loadModule: running environment is NODE
[04/24/18, 21:27:11:257] info: cld3Loader::loadModule: constructed module object for runtime
[04/24/18, 21:27:11:727] info: cld3Loader::initializeRuntime: successfully initialized module
[04/24/18, 21:27:11:728] info: cld3Loader::loadModule: initialized wasm binary Runtime
[04/24/18, 21:27:11:736] warn: updateSpellcheckerLanguage: Tried to update language, but spellchecker not initialized
[04/24/18, 21:27:11:738] info: SSBIntegration: Main window preload script loaded 1994.295619
[04/24/18, 21:27:11:747] info: Store: UPSERT_WEB_CONTENTS
{
  "id": 3,
  "state": "loaded",
  "teamId": "T5YEC6G73"
}
[04/24/18, 21:27:11:749] info: Store: UPSERT_WEB_CONTENTS
{
  "id": 3,
  "state": "empty-page",
  "teamId": "T5YEC6G73"
}
[04/24/18, 21:27:11:750] info: Store: UPSERT_WEB_CONTENTS
{
  "id": 3,
  "state": "page-will-navigate",
  "teamId": "T5YEC6G73"
}
[04/24/18, 21:27:11:750] info: Store: UPSERT_WEB_CONTENTS
{
  "id": 5,
  "state": "loaded",
  "teamId": "T4HEMM0UR"
}
[04/24/18, 21:27:11:751] info: Store: UPSERT_WEB_CONTENTS
{
  "id": 5,
  "state": "empty-page",
  "teamId": "T4HEMM0UR"
}
[04/24/18, 21:27:11:751] info: Store: UPSERT_WEB_CONTENTS
{
  "id": 5,
  "state": "page-will-navigate",
  "teamId": "T4HEMM0UR"
}
[04/24/18, 21:27:11:751] info: Store: SET_NETWORK_STATUS offline
[04/24/18, 21:27:11:752] info: Store: UPDATE_SESSION_STATUS
{
  "hasValidSession": null,
  "teamId": "T5YEC6G73"
}
[04/24/18, 21:27:11:752] info: Store: UPDATE_SESSION_STATUS
{
  "hasValidSession": null,
  "teamId": "T4HEMM0UR"
}
[04/24/18, 21:27:11:753] info: Store: UPDATE_SESSION_STATUS
{
  "hasValidSession": null,
  "teamId": "T02R0MMHK"
}
[04/24/18, 21:27:11:760] info: Store: UPSERT_WEB_CONTENTS
{
  "id": 4,
  "state": "loaded",
  "teamId": "T02R0MMHK"
}
[04/24/18, 21:27:11:766] info: Store: UPSERT_WEB_CONTENTS
{
  "id": 4,
  "state": "empty-page",
  "teamId": "T02R0MMHK"
}
[04/24/18, 21:27:11:876] info: Store: UPDATE_SESSION_STATUS
{
  "hasValidSession": null,
  "teamId": "T02R0MMHK"
}
[04/24/18, 21:27:11:968] info: Store: UPSERT_WEB_CONTENTS
{
  "id": 3,
  "state": "loaded",
  "teamId": "T5YEC6G73"
}
[04/24/18, 21:27:11:996] info: Store: UPSERT_WEB_CONTENTS
{
  "id": 3,
  "state": "empty-page",
  "teamId": "T5YEC6G73"
}
[04/24/18, 21:27:12:098] info: Store: UPDATE_SESSION_STATUS
{
  "hasValidSession": null,
  "teamId": "T5YEC6G73"
}
[04/24/18, 21:27:12:128] info: Store: UPSERT_WEB_CONTENTS
{
  "id": 5,
  "state": "loaded",
  "teamId": "T4HEMM0UR"
}
[04/24/18, 21:27:12:143] info: Store: UPSERT_WEB_CONTENTS
{
  "id": 5,
  "state": "empty-page",
  "teamId": "T4HEMM0UR"
}
[04/24/18, 21:27:12:235] info: Store: UPDATE_SESSION_STATUS
{
  "hasValidSession": null,
  "teamId": "T4HEMM0UR"
}
[04/24/18, 21:27:28:123] info: Store: QUIT_APP
[04/24/18, 21:27:28:181] info: Store: REMOVE_WINDOW 2
[04/24/18, 21:27:28:236] info: Store: QUIT_APP
[05/01/18, 16:44:35:700] info: ╔════════════════════════════════════════════════════════════════════════════╗
[05/01/18, 16:44:35:701] info: ║      Slack 3.1.1, linux 4.16.5-1-zen on x64 at 05/01/18, 16:44:35:693      ║
[05/01/18, 16:44:35:701] info: ╚════════════════════════════════════════════════════════════════════════════╝
[05/01/18, 16:44:35:822] info: Initializing local storage instance at path: /home/nitoli/.config/Slack/local-settings.json
[05/01/18, 16:44:36:391] error: Calls failed to load, bailing
[05/01/18, 16:44:36:393] info: cld3::loadModule: loading cld3 module
[05/01/18, 16:44:36:422] info: cld3Loader::loadModule: running environment is NODE
[05/01/18, 16:44:36:422] info: cld3Loader::loadModule: constructed module object for runtime
[05/01/18, 16:44:36:833] info: cld3Loader::initializeRuntime: successfully initialized module
[05/01/18, 16:44:36:833] info: cld3Loader::loadModule: initialized wasm binary Runtime
[05/01/18, 16:44:36:838] warn: updateSpellcheckerLanguage: Tried to update language, but spellchecker not initialized
[05/01/18, 16:44:36:839] info: SSBIntegration: Main window preload script loaded 1840.91871
[05/01/18, 16:44:36:867] info: Store: UPSERT_WEB_CONTENTS
{
  "id": 5,
  "state": "loaded",
  "teamId": "T4HEMM0UR"
}
[05/01/18, 16:44:36:871] info: Store: UPSERT_WEB_CONTENTS
{
  "id": 3,
  "state": "loaded",
  "teamId": "T5YEC6G73"
}
[05/01/18, 16:44:36:872] info: Store: UPSERT_WEB_CONTENTS
{
  "id": 5,
  "state": "empty-page",
  "teamId": "T4HEMM0UR"
}
[05/01/18, 16:44:36:872] info: Store: UPSERT_WEB_CONTENTS
{
  "id": 5,
  "state": "page-will-navigate",
  "teamId": "T4HEMM0UR"
}
[05/01/18, 16:44:36:872] info: Store: UPSERT_WEB_CONTENTS
{
  "id": 3,
  "state": "empty-page",
  "teamId": "T5YEC6G73"
}
[05/01/18, 16:44:36:873] info: Store: UPSERT_WEB_CONTENTS
{
  "id": 3,
  "state": "page-will-navigate",
  "teamId": "T5YEC6G73"
}
[05/01/18, 16:44:36:873] info: Store: SET_NETWORK_STATUS offline
[05/01/18, 16:44:36:874] info: Store: UPDATE_SESSION_STATUS
{
  "hasValidSession": null,
  "teamId": "T02R0MMHK"
}
[05/01/18, 16:44:36:874] info: Store: UPDATE_SESSION_STATUS
{
  "hasValidSession": null,
  "teamId": "T4HEMM0UR"
}
[05/01/18, 16:44:36:874] info: Store: UPDATE_SESSION_STATUS
{
  "hasValidSession": null,
  "teamId": "T5YEC6G73"
}
[05/01/18, 16:44:36:882] info: Store: UPSERT_WEB_CONTENTS
{
  "id": 4,
  "state": "loaded",
  "teamId": "T02R0MMHK"
}
[05/01/18, 16:44:36:900] info: Store: UPSERT_WEB_CONTENTS
{
  "id": 4,
  "state": "empty-page",
  "teamId": "T02R0MMHK"
}
[05/01/18, 16:44:36:966] info: Store: UPDATE_SESSION_STATUS
{
  "hasValidSession": null,
  "teamId": "T02R0MMHK"
}
[05/01/18, 16:44:37:086] info: Store: UPSERT_WEB_CONTENTS
{
  "id": 5,
  "state": "loaded",
  "teamId": "T4HEMM0UR"
}
[05/01/18, 16:44:37:120] info: Store: UPSERT_WEB_CONTENTS
{
  "id": 5,
  "state": "empty-page",
  "teamId": "T4HEMM0UR"
}
[05/01/18, 16:44:37:200] info: Store: UPDATE_SESSION_STATUS
{
  "hasValidSession": null,
  "teamId": "T4HEMM0UR"
}
[05/01/18, 16:44:37:253] info: Store: UPSERT_WEB_CONTENTS
{
  "id": 3,
  "state": "loaded",
  "teamId": "T5YEC6G73"
}
[05/01/18, 16:44:37:268] info: Store: UPSERT_WEB_CONTENTS
{
  "id": 3,
  "state": "empty-page",
  "teamId": "T5YEC6G73"
}
[05/01/18, 16:44:37:359] info: Store: UPDATE_SESSION_STATUS
{
  "hasValidSession": null,
  "teamId": "T5YEC6G73"
}
[05/01/18, 17:42:01:730] info: Store: SET_NETWORK_STATUS online
[05/01/18, 17:42:01:747] info: Store: MAIN_WINDOW_SHOWN
[05/01/18, 17:42:01:803] info: Store: UPSERT_WEB_CONTENTS
{
  "id": 4,
  "state": "page-will-navigate",
  "teamId": "T02R0MMHK"
}
[05/01/18, 17:42:01:814] info: Window is unloading, winssb is no longer accessible
[05/01/18, 17:42:01:840] info: Store: UPSERT_WEB_CONTENTS
{
  "id": 5,
  "state": "page-will-navigate",
  "teamId": "T4HEMM0UR"
}
[05/01/18, 17:42:01:843] info: Store: UPSERT_WEB_CONTENTS
{
  "id": 3,
  "state": "page-will-navigate",
  "teamId": "T5YEC6G73"
}
[05/01/18, 17:42:02:256] info: Store: UPDATE_SESSION_STATUS
{
  "hasValidSession": true,
  "teamId": "T02R0MMHK"
}
[05/01/18, 17:42:02:274] info: Store: UPDATE_SESSION_STATUS
{
  "hasValidSession": true,
  "teamId": "T4HEMM0UR"
}
[05/01/18, 17:42:02:280] info: Store: UPDATE_SESSION_STATUS
{
  "hasValidSession": true,
  "teamId": "T5YEC6G73"
}
