[05/07/18, 19:29:32:558] info: ╔════════════════════════════════════════════════════════════════════════════╗
[05/07/18, 19:29:32:564] info: ║      Slack 3.1.1, linux 4.16.6-1-zen on x64 at 05/07/18, 19:29:32:554      ║
[05/07/18, 19:29:32:564] info: ╚════════════════════════════════════════════════════════════════════════════╝
[05/07/18, 19:29:32:749] info: Initializing local storage instance at path: /home/nitoli/.config/Slack/local-settings.json
[05/07/18, 19:29:33:535] error: Calls failed to load, bailing
[05/07/18, 19:29:33:542] info: cld3::loadModule: loading cld3 module
[05/07/18, 19:29:33:601] info: cld3Loader::loadModule: running environment is NODE
[05/07/18, 19:29:33:602] info: cld3Loader::loadModule: constructed module object for runtime
[05/07/18, 19:29:34:152] info: cld3Loader::initializeRuntime: successfully initialized module
[05/07/18, 19:29:34:152] info: cld3Loader::loadModule: initialized wasm binary Runtime
[05/07/18, 19:29:34:163] warn: updateSpellcheckerLanguage: Tried to update language, but spellchecker not initialized
[05/07/18, 19:29:34:164] info: SSBIntegration: Main window preload script loaded 2552.670263
[05/07/18, 19:29:34:189] info: Store: SET_NETWORK_STATUS online
[05/07/18, 19:29:34:222] info: Store: UPSERT_WEB_CONTENTS
{
  "id": 5,
  "state": "loaded",
  "teamId": "T4HEMM0UR"
}
[05/07/18, 19:29:34:238] info: Store: UPSERT_WEB_CONTENTS
{
  "id": 5,
  "state": "empty-page",
  "teamId": "T4HEMM0UR"
}
[05/07/18, 19:29:34:255] info: Store: UPSERT_WEB_CONTENTS
{
  "id": 5,
  "state": "page-will-navigate",
  "teamId": "T4HEMM0UR"
}
[05/07/18, 19:29:34:269] info: Window is unloading, winssb is no longer accessible
[05/07/18, 19:29:34:302] info: Store: UPSERT_WEB_CONTENTS
{
  "id": 3,
  "state": "loaded",
  "teamId": "T5YEC6G73"
}
[05/07/18, 19:29:34:313] info: Store: MAIN_WINDOW_SHOWN
[05/07/18, 19:29:34:435] info: Store: UPSERT_WEB_CONTENTS
{
  "id": 3,
  "state": "empty-page",
  "teamId": "T5YEC6G73"
}
[05/07/18, 19:29:34:466] info: Store: UPSERT_WEB_CONTENTS
{
  "id": 3,
  "state": "page-will-navigate",
  "teamId": "T5YEC6G73"
}
[05/07/18, 19:29:34:525] info: Store: UPSERT_WEB_CONTENTS
{
  "id": 4,
  "state": "loaded",
  "teamId": "T02R0MMHK"
}
[05/07/18, 19:29:34:572] info: Store: UPDATE_SESSION_STATUS
{
  "hasValidSession": true,
  "teamId": "T4HEMM0UR"
}
[05/07/18, 19:29:34:602] info: Store: UPSERT_WEB_CONTENTS
{
  "id": 4,
  "state": "empty-page",
  "teamId": "T02R0MMHK"
}
[05/07/18, 19:29:34:606] info: Store: UPSERT_WEB_CONTENTS
{
  "id": 4,
  "state": "page-will-navigate",
  "teamId": "T02R0MMHK"
}
[05/07/18, 19:29:34:645] info: Store: UPSERT_WEB_CONTENTS
{
  "id": 6,
  "state": "loaded",
  "teamId": "T5LFW0CUB"
}
[05/07/18, 19:29:34:655] info: Store: UPDATE_SESSION_STATUS
{
  "hasValidSession": true,
  "teamId": "T5YEC6G73"
}
[05/07/18, 19:29:34:679] info: Store: UPSERT_WEB_CONTENTS
{
  "id": 6,
  "state": "empty-page",
  "teamId": "T5LFW0CUB"
}
[05/07/18, 19:29:34:686] info: Store: UPSERT_WEB_CONTENTS
{
  "id": 6,
  "state": "page-will-navigate",
  "teamId": "T5LFW0CUB"
}
[05/07/18, 19:29:34:712] info: Store: UPSERT_WEB_CONTENTS
{
  "id": 7,
  "state": "loaded",
  "teamId": "T0GFBAM8C"
}
[05/07/18, 19:29:34:734] info: Store: UPSERT_WEB_CONTENTS
{
  "id": 7,
  "state": "empty-page",
  "teamId": "T0GFBAM8C"
}
[05/07/18, 19:29:34:743] info: Store: UPSERT_WEB_CONTENTS
{
  "id": 7,
  "state": "page-will-navigate",
  "teamId": "T0GFBAM8C"
}
[05/07/18, 19:29:34:870] info: Store: UPDATE_SESSION_STATUS
{
  "hasValidSession": true,
  "teamId": "T5YEC6G73"
}
[05/07/18, 19:29:34:934] info: Store: UPDATE_SESSION_STATUS
{
  "hasValidSession": true,
  "teamId": "T02R0MMHK"
}
[05/07/18, 19:29:35:023] info: Store: UPDATE_SESSION_STATUS
{
  "hasValidSession": true,
  "teamId": "T5LFW0CUB"
}
[05/07/18, 19:29:35:057] info: Store: UPDATE_SESSION_STATUS
{
  "hasValidSession": true,
  "teamId": "T0GFBAM8C"
}
