[05/07/18, 21:15:55:726] info: ╔════════════════════════════════════════════════════════════════════════════╗
[05/07/18, 21:15:55:727] info: ║      Slack 3.1.1, linux 4.16.6-1-zen on x64 at 05/07/18, 21:15:55:722      ║
[05/07/18, 21:15:55:727] info: ╚════════════════════════════════════════════════════════════════════════════╝
[05/07/18, 21:15:55:922] info: Initializing local storage instance at path: /home/nitoli/.config/Slack/local-settings.json
[05/07/18, 21:15:56:591] error: Calls failed to load, bailing
[05/07/18, 21:15:56:594] info: cld3::loadModule: loading cld3 module
[05/07/18, 21:15:56:659] info: cld3Loader::loadModule: running environment is NODE
[05/07/18, 21:15:56:659] info: cld3Loader::loadModule: constructed module object for runtime
[05/07/18, 21:15:57:362] info: cld3Loader::initializeRuntime: successfully initialized module
[05/07/18, 21:15:57:363] info: cld3Loader::loadModule: initialized wasm binary Runtime
[05/07/18, 21:15:57:368] warn: updateSpellcheckerLanguage: Tried to update language, but spellchecker not initialized
[05/07/18, 21:15:57:369] info: SSBIntegration: Main window preload script loaded 2276.803275
[05/07/18, 21:15:57:383] info: Store: UPSERT_WEB_CONTENTS
{
  "id": 6,
  "state": "empty-page",
  "teamId": "T5LFW0CUB"
}
[05/07/18, 21:15:57:385] info: Store: UPSERT_WEB_CONTENTS
{
  "id": 6,
  "state": "page-will-navigate",
  "teamId": "T5LFW0CUB"
}
[05/07/18, 21:15:57:386] info: Store: SET_NETWORK_STATUS offline
[05/07/18, 21:15:57:386] info: Store: UPDATE_SESSION_STATUS
{
  "hasValidSession": true,
  "teamId": "T4HEMM0UR"
}
[05/07/18, 21:15:57:388] info: Store: UPDATE_SESSION_STATUS
{
  "hasValidSession": true,
  "teamId": "T02R0MMHK"
}
[05/07/18, 21:15:57:390] info: Store: UPDATE_SESSION_STATUS
{
  "hasValidSession": true,
  "teamId": "T5YEC6G73"
}
[05/07/18, 21:15:57:392] info: Store: UPDATE_SESSION_STATUS
{
  "hasValidSession": true,
  "teamId": "T0GFBAM8C"
}
[05/07/18, 21:15:57:394] info: Store: UPDATE_SESSION_STATUS
{
  "hasValidSession": true,
  "teamId": "T5LFW0CUB"
}
[05/07/18, 21:15:57:396] info: Store: SET_NETWORK_STATUS online
[05/07/18, 21:15:57:400] info: Store: MAIN_WINDOW_SHOWN
[05/07/18, 21:15:57:401] info: Store: UPSERT_WEB_CONTENTS
{
  "id": 3,
  "state": "loaded",
  "teamId": "T5YEC6G73"
}
[05/07/18, 21:15:57:401] info: Store: UPSERT_WEB_CONTENTS
{
  "id": 3,
  "state": "empty-page",
  "teamId": "T5YEC6G73"
}
[05/07/18, 21:15:57:402] info: Store: UPSERT_WEB_CONTENTS
{
  "id": 3,
  "state": "page-will-navigate",
  "teamId": "T5YEC6G73"
}
[05/07/18, 21:15:57:418] info: Store: UPSERT_WEB_CONTENTS
{
  "id": 4,
  "state": "loaded",
  "teamId": "T02R0MMHK"
}
[05/07/18, 21:15:57:422] info: Store: UPSERT_WEB_CONTENTS
{
  "id": 4,
  "state": "empty-page",
  "teamId": "T02R0MMHK"
}
[05/07/18, 21:15:57:425] info: Store: UPSERT_WEB_CONTENTS
{
  "id": 4,
  "state": "page-will-navigate",
  "teamId": "T02R0MMHK"
}
[05/07/18, 21:15:57:440] info: Window is unloading, winssb is no longer accessible
[05/07/18, 21:15:57:517] info: Store: UPSERT_WEB_CONTENTS
{
  "id": 5,
  "state": "loaded",
  "teamId": "T4HEMM0UR"
}
[05/07/18, 21:15:57:549] info: Store: UPDATE_SESSION_STATUS
{
  "hasValidSession": true,
  "teamId": "T5YEC6G73"
}
[05/07/18, 21:15:57:573] info: Store: UPSERT_WEB_CONTENTS
{
  "id": 5,
  "state": "empty-page",
  "teamId": "T4HEMM0UR"
}
[05/07/18, 21:15:57:590] info: Store: UPSERT_WEB_CONTENTS
{
  "id": 5,
  "state": "page-will-navigate",
  "teamId": "T4HEMM0UR"
}
[05/07/18, 21:15:57:786] info: Store: UPDATE_SESSION_STATUS
{
  "hasValidSession": true,
  "teamId": "T02R0MMHK"
}
[05/07/18, 21:15:57:927] info: Store: UPDATE_SESSION_STATUS
{
  "hasValidSession": true,
  "teamId": "T4HEMM0UR"
}
