[05/07/18, 17:37:37:246] info: ╔════════════════════════════════════════════════════════════════════════════╗
[05/07/18, 17:37:37:247] info: ║      Slack 3.1.1, linux 4.16.6-1-zen on x64 at 05/07/18, 17:37:37:242      ║
[05/07/18, 17:37:37:248] info: ╚════════════════════════════════════════════════════════════════════════════╝
[05/07/18, 17:37:37:416] info: Initializing local storage instance at path: /home/nitoli/.config/Slack/local-settings.json
[05/07/18, 17:37:37:838] error: Calls failed to load, bailing
[05/07/18, 17:37:37:841] info: cld3::loadModule: loading cld3 module
[05/07/18, 17:37:37:869] info: cld3Loader::loadModule: running environment is NODE
[05/07/18, 17:37:37:869] info: cld3Loader::loadModule: constructed module object for runtime
[05/07/18, 17:37:38:287] info: cld3Loader::initializeRuntime: successfully initialized module
[05/07/18, 17:37:38:287] info: cld3Loader::loadModule: initialized wasm binary Runtime
[05/07/18, 17:37:38:295] warn: updateSpellcheckerLanguage: Tried to update language, but spellchecker not initialized
[05/07/18, 17:37:38:296] info: SSBIntegration: Main window preload script loaded 1764.647647
[05/07/18, 17:37:38:309] info: Store: SET_NETWORK_STATUS online
[05/07/18, 17:37:38:311] info: Store: MAIN_WINDOW_SHOWN
[05/07/18, 17:37:38:315] info: Store: UPSERT_WEB_CONTENTS
{
  "id": 4,
  "state": "loaded",
  "teamId": "T02R0MMHK"
}
[05/07/18, 17:37:38:315] info: Store: UPSERT_WEB_CONTENTS
{
  "id": 4,
  "state": "empty-page",
  "teamId": "T02R0MMHK"
}
[05/07/18, 17:37:38:316] info: Store: UPSERT_WEB_CONTENTS
{
  "id": 4,
  "state": "page-will-navigate",
  "teamId": "T02R0MMHK"
}
[05/07/18, 17:37:38:316] info: Store: UPDATE_SESSION_STATUS
{
  "hasValidSession": true,
  "teamId": "T02R0MMHK"
}
[05/07/18, 17:37:38:317] info: Store: UPSERT_WEB_CONTENTS
{
  "id": 7,
  "state": "loaded",
  "teamId": "T0GFBAM8C"
}
[05/07/18, 17:37:38:317] info: Store: UPSERT_WEB_CONTENTS
{
  "id": 7,
  "state": "empty-page",
  "teamId": "T0GFBAM8C"
}
[05/07/18, 17:37:38:318] info: Store: UPSERT_WEB_CONTENTS
{
  "id": 7,
  "state": "page-will-navigate",
  "teamId": "T0GFBAM8C"
}
[05/07/18, 17:37:38:318] info: Store: UPSERT_WEB_CONTENTS
{
  "id": 5,
  "state": "loaded",
  "teamId": "T4HEMM0UR"
}
[05/07/18, 17:37:38:318] info: Store: UPSERT_WEB_CONTENTS
{
  "id": 5,
  "state": "empty-page",
  "teamId": "T4HEMM0UR"
}
[05/07/18, 17:37:38:319] info: Store: UPSERT_WEB_CONTENTS
{
  "id": 5,
  "state": "page-will-navigate",
  "teamId": "T4HEMM0UR"
}
[05/07/18, 17:37:38:326] info: Store: UPSERT_WEB_CONTENTS
{
  "id": 3,
  "state": "loaded",
  "teamId": "T5YEC6G73"
}
[05/07/18, 17:37:38:334] info: Store: UPSERT_WEB_CONTENTS
{
  "id": 3,
  "state": "empty-page",
  "teamId": "T5YEC6G73"
}
[05/07/18, 17:37:38:342] info: Store: UPSERT_WEB_CONTENTS
{
  "id": 3,
  "state": "page-will-navigate",
  "teamId": "T5YEC6G73"
}
[05/07/18, 17:37:38:346] info: Window is unloading, winssb is no longer accessible
[05/07/18, 17:37:38:437] info: Store: UPSERT_WEB_CONTENTS
{
  "id": 6,
  "state": "loaded",
  "teamId": "T5LFW0CUB"
}
[05/07/18, 17:37:38:452] info: Store: UPDATE_SESSION_STATUS
{
  "hasValidSession": true,
  "teamId": "T0GFBAM8C"
}
[05/07/18, 17:37:38:455] info: Store: UPSERT_WEB_CONTENTS
{
  "id": 6,
  "state": "empty-page",
  "teamId": "T5LFW0CUB"
}
[05/07/18, 17:37:38:476] info: Store: UPSERT_WEB_CONTENTS
{
  "id": 6,
  "state": "page-will-navigate",
  "teamId": "T5LFW0CUB"
}
[05/07/18, 17:37:39:018] info: Store: UPDATE_SESSION_STATUS
{
  "hasValidSession": true,
  "teamId": "T4HEMM0UR"
}
[05/07/18, 17:37:39:132] info: Store: UPDATE_SESSION_STATUS
{
  "hasValidSession": true,
  "teamId": "T5YEC6G73"
}
