[05/07/18, 19:26:46:651] info: ╔════════════════════════════════════════════════════════════════════════════╗
[05/07/18, 19:26:46:652] info: ║      Slack 3.1.1, linux 4.16.6-1-zen on x64 at 05/07/18, 19:26:46:647      ║
[05/07/18, 19:26:46:652] info: ╚════════════════════════════════════════════════════════════════════════════╝
[05/07/18, 19:26:46:890] info: Initializing local storage instance at path: /home/nitoli/.config/Slack/local-settings.json
[05/07/18, 19:26:47:740] error: Calls failed to load, bailing
[05/07/18, 19:26:47:748] info: cld3::loadModule: loading cld3 module
[05/07/18, 19:26:47:809] info: cld3Loader::loadModule: running environment is NODE
[05/07/18, 19:26:47:809] info: cld3Loader::loadModule: constructed module object for runtime
[05/07/18, 19:26:48:544] info: cld3Loader::initializeRuntime: successfully initialized module
[05/07/18, 19:26:48:544] info: cld3Loader::loadModule: initialized wasm binary Runtime
[05/07/18, 19:26:48:562] warn: updateSpellcheckerLanguage: Tried to update language, but spellchecker not initialized
[05/07/18, 19:26:48:563] info: SSBIntegration: Main window preload script loaded 2703.317036
[05/07/18, 19:26:48:582] info: Store: SET_NETWORK_STATUS online
[05/07/18, 19:26:48:589] info: Store: UPSERT_WEB_CONTENTS
{
  "id": 7,
  "state": "loaded",
  "teamId": "T0GFBAM8C"
}
[05/07/18, 19:26:48:590] info: Store: UPSERT_WEB_CONTENTS
{
  "id": 7,
  "state": "empty-page",
  "teamId": "T0GFBAM8C"
}
[05/07/18, 19:26:48:590] info: Store: UPSERT_WEB_CONTENTS
{
  "id": 7,
  "state": "page-will-navigate",
  "teamId": "T0GFBAM8C"
}
[05/07/18, 19:26:48:594] info: Store: UPSERT_WEB_CONTENTS
{
  "id": 5,
  "state": "loaded",
  "teamId": "T4HEMM0UR"
}
[05/07/18, 19:26:48:595] info: Store: UPSERT_WEB_CONTENTS
{
  "id": 6,
  "state": "loaded",
  "teamId": "T5LFW0CUB"
}
[05/07/18, 19:26:48:595] info: Store: UPSERT_WEB_CONTENTS
{
  "id": 5,
  "state": "empty-page",
  "teamId": "T4HEMM0UR"
}
[05/07/18, 19:26:48:595] info: Store: UPSERT_WEB_CONTENTS
{
  "id": 6,
  "state": "empty-page",
  "teamId": "T5LFW0CUB"
}
[05/07/18, 19:26:48:598] info: Store: UPSERT_WEB_CONTENTS
{
  "id": 5,
  "state": "page-will-navigate",
  "teamId": "T4HEMM0UR"
}
[05/07/18, 19:26:48:607] info: Store: UPSERT_WEB_CONTENTS
{
  "id": 3,
  "state": "loaded",
  "teamId": "T5YEC6G73"
}
[05/07/18, 19:26:48:616] info: Store: MAIN_WINDOW_SHOWN
[05/07/18, 19:26:48:641] info: Store: UPSERT_WEB_CONTENTS
{
  "id": 6,
  "state": "page-will-navigate",
  "teamId": "T5LFW0CUB"
}
[05/07/18, 19:26:48:692] info: Store: UPSERT_WEB_CONTENTS
{
  "id": 3,
  "state": "empty-page",
  "teamId": "T5YEC6G73"
}
[05/07/18, 19:26:48:708] info: Store: UPDATE_SESSION_STATUS
{
  "hasValidSession": true,
  "teamId": "T0GFBAM8C"
}
[05/07/18, 19:26:48:750] info: Store: UPSERT_WEB_CONTENTS
{
  "id": 3,
  "state": "page-will-navigate",
  "teamId": "T5YEC6G73"
}
[05/07/18, 19:26:48:764] info: Window is unloading, winssb is no longer accessible
[05/07/18, 19:26:48:868] info: Store: UPDATE_SESSION_STATUS
{
  "hasValidSession": true,
  "teamId": "T0GFBAM8C"
}
[05/07/18, 19:26:48:917] info: Store: UPDATE_SESSION_STATUS
{
  "hasValidSession": true,
  "teamId": "T4HEMM0UR"
}
[05/07/18, 19:26:48:943] info: Store: UPSERT_WEB_CONTENTS
{
  "id": 4,
  "state": "loaded",
  "teamId": "T02R0MMHK"
}
[05/07/18, 19:26:48:952] info: Store: UPDATE_SESSION_STATUS
{
  "hasValidSession": true,
  "teamId": "T5YEC6G73"
}
[05/07/18, 19:26:48:966] info: Store: UPSERT_WEB_CONTENTS
{
  "id": 4,
  "state": "empty-page",
  "teamId": "T02R0MMHK"
}
[05/07/18, 19:26:48:971] info: Store: UPDATE_SESSION_STATUS
{
  "hasValidSession": true,
  "teamId": "T5LFW0CUB"
}
[05/07/18, 19:26:48:985] info: Store: UPSERT_WEB_CONTENTS
{
  "id": 4,
  "state": "page-will-navigate",
  "teamId": "T02R0MMHK"
}
[05/07/18, 19:26:49:227] info: Store: UPDATE_SESSION_STATUS
{
  "hasValidSession": true,
  "teamId": "T5YEC6G73"
}
[05/07/18, 19:26:49:297] info: Store: UPDATE_SESSION_STATUS
{
  "hasValidSession": true,
  "teamId": "T02R0MMHK"
}
