[05/07/18, 17:08:49:031] info: ╔════════════════════════════════════════════════════════════════════════════╗
[05/07/18, 17:08:49:032] info: ║      Slack 3.1.1, linux 4.16.6-1-zen on x64 at 05/07/18, 17:08:49:027      ║
[05/07/18, 17:08:49:032] info: ╚════════════════════════════════════════════════════════════════════════════╝
[05/07/18, 17:08:49:151] info: Initializing local storage instance at path: /home/nitoli/.config/Slack/local-settings.json
[05/07/18, 17:08:49:789] error: Calls failed to load, bailing
[05/07/18, 17:08:49:796] info: cld3::loadModule: loading cld3 module
[05/07/18, 17:08:49:851] info: cld3Loader::loadModule: running environment is NODE
[05/07/18, 17:08:49:851] info: cld3Loader::loadModule: constructed module object for runtime
[05/07/18, 17:08:50:326] info: cld3Loader::initializeRuntime: successfully initialized module
[05/07/18, 17:08:50:326] info: cld3Loader::loadModule: initialized wasm binary Runtime
[05/07/18, 17:08:50:331] warn: updateSpellcheckerLanguage: Tried to update language, but spellchecker not initialized
[05/07/18, 17:08:50:332] info: SSBIntegration: Main window preload script loaded 1798.064405
[05/07/18, 17:08:50:343] info: Store: UPSERT_WEB_CONTENTS
{
  "id": 4,
  "state": "loaded",
  "teamId": "T02R0MMHK"
}
[05/07/18, 17:08:50:354] info: Store: UPSERT_WEB_CONTENTS
{
  "id": 4,
  "state": "empty-page",
  "teamId": "T02R0MMHK"
}
[05/07/18, 17:08:50:360] info: Store: UPSERT_WEB_CONTENTS
{
  "id": 4,
  "state": "page-will-navigate",
  "teamId": "T02R0MMHK"
}
[05/07/18, 17:08:50:361] info: Window is unloading, winssb is no longer accessible
[05/07/18, 17:08:50:436] info: Store: UPSERT_WEB_CONTENTS
{
  "id": 3,
  "state": "loaded",
  "teamId": "T5YEC6G73"
}
[05/07/18, 17:08:50:447] info: Store: UPSERT_WEB_CONTENTS
{
  "id": 3,
  "state": "empty-page",
  "teamId": "T5YEC6G73"
}
[05/07/18, 17:08:50:466] info: Store: UPSERT_WEB_CONTENTS
{
  "id": 3,
  "state": "page-will-navigate",
  "teamId": "T5YEC6G73"
}
[05/07/18, 17:08:50:559] info: Store: UPSERT_WEB_CONTENTS
{
  "id": 5,
  "state": "loaded",
  "teamId": "T4HEMM0UR"
}
[05/07/18, 17:08:50:569] info: Store: UPSERT_WEB_CONTENTS
{
  "id": 5,
  "state": "empty-page",
  "teamId": "T4HEMM0UR"
}
[05/07/18, 17:08:50:572] info: Store: UPSERT_WEB_CONTENTS
{
  "id": 5,
  "state": "page-will-navigate",
  "teamId": "T4HEMM0UR"
}
[05/07/18, 17:08:50:672] info: Store: UPDATE_SESSION_STATUS
{
  "hasValidSession": true,
  "teamId": "T02R0MMHK"
}
[05/07/18, 17:08:50:798] info: Store: UPDATE_SESSION_STATUS
{
  "hasValidSession": true,
  "teamId": "T5YEC6G73"
}
[05/07/18, 17:08:50:907] info: Store: UPDATE_SESSION_STATUS
{
  "hasValidSession": true,
  "teamId": "T4HEMM0UR"
}
