[05/05/18, 11:17:11:044] info: ╔════════════════════════════════════════════════════════════════════════════╗
[05/05/18, 11:17:11:045] info: ║      Slack 3.1.1, linux 4.16.6-1-zen on x64 at 05/05/18, 11:17:11:029      ║
[05/05/18, 11:17:11:045] info: ╚════════════════════════════════════════════════════════════════════════════╝
[05/05/18, 11:17:11:688] info: Initializing local storage instance at path: /home/nitoli/.config/Slack/local-settings.json
[05/05/18, 11:17:13:678] error: Calls failed to load, bailing
[05/05/18, 11:17:13:684] info: cld3::loadModule: loading cld3 module
[05/05/18, 11:17:13:907] info: cld3Loader::loadModule: running environment is NODE
[05/05/18, 11:17:13:907] info: cld3Loader::loadModule: constructed module object for runtime
[05/05/18, 11:17:15:290] info: cld3Loader::initializeRuntime: successfully initialized module
[05/05/18, 11:17:15:290] info: cld3Loader::loadModule: initialized wasm binary Runtime
[05/05/18, 11:17:15:301] warn: updateSpellcheckerLanguage: Tried to update language, but spellchecker not initialized
[05/05/18, 11:17:15:301] info: TranslationLookup: locale set to ja-JP for renderer
[05/05/18, 11:17:15:302] info: SSBIntegration: Main window preload script loaded 6202.929322
[05/05/18, 11:17:15:319] info: Store: UPSERT_WEB_CONTENTS
{
  "id": 3,
  "state": "loaded",
  "teamId": "T5LFW0CUB"
}
[05/05/18, 11:17:15:328] info: Store: UPSERT_WEB_CONTENTS
{
  "id": 3,
  "state": "empty-page",
  "teamId": "T5LFW0CUB"
}
[05/05/18, 11:17:15:333] info: Store: UPSERT_WEB_CONTENTS
{
  "id": 3,
  "state": "page-will-navigate",
  "teamId": "T5LFW0CUB"
}
[05/05/18, 11:17:15:334] info: Store: UPSERT_WEB_CONTENTS
{
  "id": 7,
  "state": "loaded",
  "teamId": "T0GFBAM8C"
}
[05/05/18, 11:17:15:334] info: Store: UPSERT_WEB_CONTENTS
{
  "id": 7,
  "state": "empty-page",
  "teamId": "T0GFBAM8C"
}
[05/05/18, 11:17:15:334] info: Store: UPSERT_WEB_CONTENTS
{
  "id": 7,
  "state": "page-will-navigate",
  "teamId": "T0GFBAM8C"
}
[05/05/18, 11:17:15:335] info: Store: UPSERT_WEB_CONTENTS
{
  "id": 4,
  "state": "loaded",
  "teamId": "T5YEC6G73"
}
[05/05/18, 11:17:15:335] info: Store: UPSERT_WEB_CONTENTS
{
  "id": 4,
  "state": "empty-page",
  "teamId": "T5YEC6G73"
}
[05/05/18, 11:17:15:335] info: Store: UPSERT_WEB_CONTENTS
{
  "id": 4,
  "state": "page-will-navigate",
  "teamId": "T5YEC6G73"
}
[05/05/18, 11:17:15:354] info: Store: UPSERT_WEB_CONTENTS
{
  "id": 6,
  "state": "loaded",
  "teamId": "T4HEMM0UR"
}
[05/05/18, 11:17:15:361] info: Store: UPSERT_WEB_CONTENTS
{
  "id": 5,
  "state": "loaded",
  "teamId": "T02R0MMHK"
}
[05/05/18, 11:17:15:367] info: Store: UPSERT_WEB_CONTENTS
{
  "id": 6,
  "state": "empty-page",
  "teamId": "T4HEMM0UR"
}
[05/05/18, 11:17:15:400] info: Store: UPSERT_WEB_CONTENTS
{
  "id": 6,
  "state": "page-will-navigate",
  "teamId": "T4HEMM0UR"
}
[05/05/18, 11:17:15:401] info: Window is unloading, winssb is no longer accessible
[05/05/18, 11:17:15:401] info: Store: UPSERT_WEB_CONTENTS
{
  "id": 5,
  "state": "empty-page",
  "teamId": "T02R0MMHK"
}
[05/05/18, 11:17:15:413] info: Store: UPSERT_WEB_CONTENTS
{
  "id": 5,
  "state": "page-will-navigate",
  "teamId": "T02R0MMHK"
}
[05/05/18, 11:17:15:866] info: Store: UPDATE_SESSION_STATUS
{
  "hasValidSession": true,
  "teamId": "T0GFBAM8C"
}
[05/05/18, 11:17:15:891] info: Store: UPDATE_SESSION_STATUS
{
  "hasValidSession": true,
  "teamId": "T5LFW0CUB"
}
[05/05/18, 11:17:15:936] info: Store: UPDATE_SESSION_STATUS
{
  "hasValidSession": true,
  "teamId": "T4HEMM0UR"
}
[05/05/18, 11:17:15:958] info: Store: UPDATE_SESSION_STATUS
{
  "hasValidSession": true,
  "teamId": "T02R0MMHK"
}
[05/05/18, 11:17:16:044] info: Store: UPDATE_SESSION_STATUS
{
  "hasValidSession": true,
  "teamId": "T5YEC6G73"
}
[05/05/18, 11:17:16:151] info: Store: SET_NETWORK_STATUS online
[05/05/18, 11:17:16:156] info: Store: MAIN_WINDOW_SHOWN
