[04/19/18, 09:36:45:439] info: ╔═════════════════════════════════════════════════════════════════════════════╗
[04/19/18, 09:36:45:440] info: ║      Slack 3.1.1, linux 4.15.15-1-zen on x64 at 04/19/18, 09:36:45:435      ║
[04/19/18, 09:36:45:440] info: ╚═════════════════════════════════════════════════════════════════════════════╝
[04/19/18, 09:36:45:737] info: Initializing local storage instance at path: /home/nitoli/.config/Slack/local-settings.json
[04/19/18, 09:36:46:480] error: Calls failed to load, bailing
[04/19/18, 09:36:46:482] info: cld3::loadModule: loading cld3 module
[04/19/18, 09:36:46:528] info: cld3Loader::loadModule: running environment is NODE
[04/19/18, 09:36:46:529] info: cld3Loader::loadModule: constructed module object for runtime
[04/19/18, 09:36:47:034] info: cld3Loader::initializeRuntime: successfully initialized module
[04/19/18, 09:36:47:035] info: cld3Loader::loadModule: initialized wasm binary Runtime
[04/19/18, 09:36:47:053] warn: updateSpellcheckerLanguage: Tried to update language, but spellchecker not initialized
[04/19/18, 09:36:47:054] info: SSBIntegration: Main window preload script loaded 2502.395882
[04/19/18, 09:36:47:076] info: Store: UPSERT_WEB_CONTENTS
{
  "id": 4,
  "state": "loaded",
  "teamId": "T5YEC6G73"
}
[04/19/18, 09:36:47:078] info: Store: UPSERT_WEB_CONTENTS
{
  "id": 4,
  "state": "empty-page",
  "teamId": "T5YEC6G73"
}
[04/19/18, 09:36:47:079] info: Store: UPSERT_WEB_CONTENTS
{
  "id": 4,
  "state": "page-will-navigate",
  "teamId": "T5YEC6G73"
}
[04/19/18, 09:36:47:080] info: Store: UPSERT_WEB_CONTENTS
{
  "id": 5,
  "state": "loaded",
  "teamId": "T4HEMM0UR"
}
[04/19/18, 09:36:47:107] info: Store: UPSERT_WEB_CONTENTS
{
  "id": 5,
  "state": "empty-page",
  "teamId": "T4HEMM0UR"
}
[04/19/18, 09:36:47:113] info: Store: UPSERT_WEB_CONTENTS
{
  "id": 5,
  "state": "page-will-navigate",
  "teamId": "T4HEMM0UR"
}
[04/19/18, 09:36:47:114] info: Window is unloading, winssb is no longer accessible
[04/27/18, 12:51:14:223] info: ╔════════════════════════════════════════════════════════════════════════════╗
[04/27/18, 12:51:14:224] info: ║      Slack 3.1.1, linux 4.16.4-1-zen on x64 at 04/27/18, 12:51:14:217      ║
[04/27/18, 12:51:14:224] info: ╚════════════════════════════════════════════════════════════════════════════╝
[04/27/18, 12:51:14:871] info: Initializing local storage instance at path: /home/nitoli/.config/Slack/local-settings.json
[04/27/18, 12:51:15:813] error: Calls failed to load, bailing
[04/27/18, 12:51:15:818] info: cld3::loadModule: loading cld3 module
[04/27/18, 12:51:15:952] info: cld3Loader::loadModule: running environment is NODE
[04/27/18, 12:51:15:952] info: cld3Loader::loadModule: constructed module object for runtime
[04/27/18, 12:51:16:646] info: cld3Loader::initializeRuntime: successfully initialized module
[04/27/18, 12:51:16:647] info: cld3Loader::loadModule: initialized wasm binary Runtime
[04/27/18, 12:51:16:658] warn: updateSpellcheckerLanguage: Tried to update language, but spellchecker not initialized
[04/27/18, 12:51:16:659] info: SSBIntegration: Main window preload script loaded 3643.894477
[04/27/18, 12:51:16:691] info: Store: UPSERT_WEB_CONTENTS
{
  "id": 5,
  "state": "loaded",
  "teamId": "T4HEMM0UR"
}
[04/27/18, 12:51:16:696] info: Store: UPSERT_WEB_CONTENTS
{
  "id": 5,
  "state": "empty-page",
  "teamId": "T4HEMM0UR"
}
[04/27/18, 12:51:16:697] info: Store: SET_NETWORK_STATUS offline
[04/27/18, 12:51:16:698] info: Store: UPSERT_WEB_CONTENTS
{
  "id": 5,
  "state": "page-will-navigate",
  "teamId": "T4HEMM0UR"
}
[04/27/18, 12:51:16:699] info: Store: UPSERT_WEB_CONTENTS
{
  "id": 4,
  "state": "loaded",
  "teamId": "T02R0MMHK"
}
[04/27/18, 12:51:16:705] info: Store: UPSERT_WEB_CONTENTS
{
  "id": 3,
  "state": "loaded",
  "teamId": "T5YEC6G73"
}
[04/27/18, 12:51:16:707] info: Store: UPSERT_WEB_CONTENTS
{
  "id": 4,
  "state": "empty-page",
  "teamId": "T02R0MMHK"
}
[04/27/18, 12:51:16:722] info: Store: UPSERT_WEB_CONTENTS
{
  "id": 3,
  "state": "empty-page",
  "teamId": "T5YEC6G73"
}
[04/27/18, 12:51:16:968] info: Store: UPDATE_SESSION_STATUS
{
  "hasValidSession": null,
  "teamId": "T02R0MMHK"
}
[04/27/18, 12:51:16:972] info: Store: UPDATE_SESSION_STATUS
{
  "hasValidSession": null,
  "teamId": "T4HEMM0UR"
}
[04/27/18, 12:51:17:000] info: Store: UPDATE_SESSION_STATUS
{
  "hasValidSession": null,
  "teamId": "T5YEC6G73"
}
[04/27/18, 12:51:18:020] info: Store: UPSERT_WEB_CONTENTS
{
  "id": 5,
  "state": "loaded",
  "teamId": "T4HEMM0UR"
}
[04/27/18, 12:51:18:035] info: Store: UPSERT_WEB_CONTENTS
{
  "id": 5,
  "state": "empty-page",
  "teamId": "T4HEMM0UR"
}
[04/27/18, 12:51:18:129] info: Store: UPDATE_SESSION_STATUS
{
  "hasValidSession": null,
  "teamId": "T4HEMM0UR"
}
[04/27/18, 12:51:24:449] info: Store: SET_NETWORK_STATUS online
[04/27/18, 12:51:24:459] info: Store: MAIN_WINDOW_SHOWN
[04/27/18, 12:51:24:499] info: Store: UPSERT_WEB_CONTENTS
{
  "id": 4,
  "state": "page-will-navigate",
  "teamId": "T02R0MMHK"
}
[04/27/18, 12:51:24:502] info: Store: UPSERT_WEB_CONTENTS
{
  "id": 3,
  "state": "page-will-navigate",
  "teamId": "T5YEC6G73"
}
[04/27/18, 12:51:24:508] info: Window is unloading, winssb is no longer accessible
[04/27/18, 12:51:24:516] info: Store: UPSERT_WEB_CONTENTS
{
  "id": 5,
  "state": "page-will-navigate",
  "teamId": "T4HEMM0UR"
}
[04/27/18, 12:51:24:843] info: Store: UPDATE_SESSION_STATUS
{
  "hasValidSession": true,
  "teamId": "T02R0MMHK"
}
[04/27/18, 12:51:24:849] info: Store: UPDATE_SESSION_STATUS
{
  "hasValidSession": true,
  "teamId": "T4HEMM0UR"
}
[04/27/18, 12:51:25:442] info: Store: UPDATE_SESSION_STATUS
{
  "hasValidSession": true,
  "teamId": "T5YEC6G73"
}
[04/27/18, 12:51:25:493] info: Store: SAVE_WINDOW_SETTINGS
{
  "isMaximized": false,
  "position": [
    10,
    42
  ],
  "size": [
    1900,
    1002
  ]
}
[04/30/18, 23:51:03:012] info: ╔════════════════════════════════════════════════════════════════════════════╗
[04/30/18, 23:51:03:013] info: ║      Slack 3.1.1, linux 4.16.5-1-zen on x64 at 04/30/18, 23:51:03:008      ║
[04/30/18, 23:51:03:013] info: ╚════════════════════════════════════════════════════════════════════════════╝
[04/30/18, 23:51:03:291] info: Initializing local storage instance at path: /home/nitoli/.config/Slack/local-settings.json
[04/30/18, 23:51:04:344] error: Calls failed to load, bailing
[04/30/18, 23:51:04:348] info: cld3::loadModule: loading cld3 module
[04/30/18, 23:51:04:397] info: cld3Loader::loadModule: running environment is NODE
[04/30/18, 23:51:04:398] info: cld3Loader::loadModule: constructed module object for runtime
[04/30/18, 23:51:05:315] info: cld3Loader::initializeRuntime: successfully initialized module
[04/30/18, 23:51:05:315] info: cld3Loader::loadModule: initialized wasm binary Runtime
[04/30/18, 23:51:05:354] warn: updateSpellcheckerLanguage: Tried to update language, but spellchecker not initialized
[04/30/18, 23:51:05:356] info: SSBIntegration: Main window preload script loaded 3198.829203
[04/30/18, 23:51:05:391] info: Store: UPSERT_WEB_CONTENTS
{
  "id": 5,
  "state": "loaded",
  "teamId": "T4HEMM0UR"
}
[04/30/18, 23:51:05:394] info: Store: UPSERT_WEB_CONTENTS
{
  "id": 5,
  "state": "empty-page",
  "teamId": "T4HEMM0UR"
}
[04/30/18, 23:51:05:395] info: Store: UPSERT_WEB_CONTENTS
{
  "id": 5,
  "state": "page-will-navigate",
  "teamId": "T4HEMM0UR"
}
[04/30/18, 23:51:05:395] info: Store: UPSERT_WEB_CONTENTS
{
  "id": 4,
  "state": "loaded",
  "teamId": "T02R0MMHK"
}
[04/30/18, 23:51:05:412] info: Store: UPSERT_WEB_CONTENTS
{
  "id": 3,
  "state": "loaded",
  "teamId": "T5YEC6G73"
}
[04/30/18, 23:51:05:424] info: Store: UPSERT_WEB_CONTENTS
{
  "id": 4,
  "state": "empty-page",
  "teamId": "T02R0MMHK"
}
[04/30/18, 23:51:05:425] info: Store: UPSERT_WEB_CONTENTS
{
  "id": 4,
  "state": "page-will-navigate",
  "teamId": "T02R0MMHK"
}
[04/30/18, 23:51:05:426] info: Store: UPSERT_WEB_CONTENTS
{
  "id": 3,
  "state": "empty-page",
  "teamId": "T5YEC6G73"
}
[04/30/18, 23:51:05:443] info: Store: UPSERT_WEB_CONTENTS
{
  "id": 3,
  "state": "page-will-navigate",
  "teamId": "T5YEC6G73"
}
[04/30/18, 23:51:05:454] info: Window is unloading, winssb is no longer accessible
[04/30/18, 23:51:06:435] info: Store: UPDATE_SESSION_STATUS
{
  "hasValidSession": true,
  "teamId": "T02R0MMHK"
}
[04/30/18, 23:51:06:442] info: Store: UPDATE_SESSION_STATUS
{
  "hasValidSession": true,
  "teamId": "T4HEMM0UR"
}
[04/30/18, 23:51:06:443] info: Store: UPDATE_SESSION_STATUS
{
  "hasValidSession": true,
  "teamId": "T5YEC6G73"
}
[04/30/18, 23:51:06:837] info: Store: SET_NETWORK_STATUS online
[04/30/18, 23:51:06:841] info: Store: MAIN_WINDOW_SHOWN
[05/04/18, 19:31:42:582] info: ╔════════════════════════════════════════════════════════════════════════════╗
[05/04/18, 19:31:42:583] info: ║      Slack 3.1.1, linux 4.16.6-1-zen on x64 at 05/04/18, 19:31:42:577      ║
[05/04/18, 19:31:42:583] info: ╚════════════════════════════════════════════════════════════════════════════╝
[05/04/18, 19:31:43:009] info: Initializing local storage instance at path: /home/nitoli/.config/Slack/local-settings.json
[05/04/18, 19:31:43:251] info: NetworkStatus: Waiting for network online…
[05/04/18, 19:31:45:390] info: NetworkStatus: Response from api.test
{
  "status": "online"
}
[05/04/18, 19:31:45:809] info: Store: SET_NETWORK_STATUS online
[05/04/18, 19:31:48:237] info: Store: UPSERT_WEB_CONTENTS
{
  "id": 4,
  "state": "loaded",
  "teamId": "T5YEC6G73"
}
[05/04/18, 19:31:48:272] info: Store: UPSERT_WEB_CONTENTS
{
  "id": 4,
  "state": "empty-page",
  "teamId": "T5YEC6G73"
}
[05/04/18, 19:31:48:279] info: Store: UPSERT_WEB_CONTENTS
{
  "id": 4,
  "state": "page-will-navigate",
  "teamId": "T5YEC6G73"
}
[05/04/18, 19:31:48:657] info: Store: UPDATE_SESSION_STATUS
{
  "hasValidSession": true,
  "teamId": "T5YEC6G73"
}
[05/04/18, 19:31:48:796] info: Store: UPSERT_WEB_CONTENTS
{
  "id": 7,
  "state": "loaded",
  "teamId": "T0GFBAM8C"
}
[05/04/18, 19:31:48:877] info: Store: UPSERT_WEB_CONTENTS
{
  "id": 7,
  "state": "empty-page",
  "teamId": "T0GFBAM8C"
}
[05/04/18, 19:31:48:929] info: Store: UPSERT_WEB_CONTENTS
{
  "id": 7,
  "state": "page-will-navigate",
  "teamId": "T0GFBAM8C"
}
[05/04/18, 19:31:49:180] info: Store: UPSERT_WEB_CONTENTS
{
  "id": 6,
  "state": "loaded",
  "teamId": "T5LFW0CUB"
}
[05/04/18, 19:31:49:210] info: Store: UPSERT_WEB_CONTENTS
{
  "id": 6,
  "state": "empty-page",
  "teamId": "T5LFW0CUB"
}
[05/04/18, 19:31:49:222] info: Store: UPSERT_WEB_CONTENTS
{
  "id": 6,
  "state": "page-will-navigate",
  "teamId": "T5LFW0CUB"
}
[05/04/18, 19:31:49:326] info: Store: UPDATE_SESSION_STATUS
{
  "hasValidSession": true,
  "teamId": "T0GFBAM8C"
}
[05/04/18, 19:31:49:413] info: Store: UPSERT_WEB_CONTENTS
{
  "id": 3,
  "state": "loaded",
  "teamId": "T02R0MMHK"
}
[05/04/18, 19:31:49:438] info: Store: MAIN_WINDOW_SHOWN
[05/04/18, 19:31:49:480] info: Store: UPSERT_WEB_CONTENTS
{
  "id": 3,
  "state": "empty-page",
  "teamId": "T02R0MMHK"
}
[05/04/18, 19:31:49:510] info: Store: UPSERT_WEB_CONTENTS
{
  "id": 3,
  "state": "page-will-navigate",
  "teamId": "T02R0MMHK"
}
[05/04/18, 19:31:49:606] info: Store: UPDATE_SESSION_STATUS
{
  "hasValidSession": true,
  "teamId": "T5LFW0CUB"
}
[05/04/18, 19:31:49:942] info: Store: UPDATE_SESSION_STATUS
{
  "hasValidSession": true,
  "teamId": "T02R0MMHK"
}
[05/04/18, 19:32:03:423] info: Store: SELECT_CHANNEL C8Y1H7TEE
[05/04/18, 19:32:03:444] info: Store: UPDATE_TEAM_LOCALE
{
  "locale": "en-US"
}
[05/04/18, 19:32:03:463] info: Store: UPDATE_SETTINGS
{
  "locale": "en-US"
}
[05/04/18, 19:32:04:129] info: Store: UPSERT_WEB_CONTENTS
{
  "id": 4,
  "state": "loaded",
  "teamId": "T5YEC6G73"
}
[05/04/18, 19:32:04:273] info: Store: SELECT_CHANNEL C0GFH3RHU
[05/04/18, 19:32:04:280] info: Store: UPDATE_TEAM_LOCALE
{
  "locale": "ja-JP"
}
[05/04/18, 19:32:04:485] info: Store: UPDATE_SESSION_STATUS
{
  "hasValidSession": true,
  "teamId": "T5YEC6G73"
}
[05/04/18, 19:32:04:556] info: Store: UPDATE_TEAM_LOCALE
{
  "locale": "en-US"
}
[05/04/18, 19:32:04:573] info: Store: UPSERT_WEB_CONTENTS
{
  "id": 4,
  "state": "webapp-loaded",
  "teamId": "T5YEC6G73"
}
[05/04/18, 19:32:04:809] info: Store: SELECT_CHANNEL DAHC8TMSR
[05/04/18, 19:32:04:834] info: Store: UPDATE_TEAM_LOCALE
{
  "locale": "en-US"
}
[05/04/18, 19:32:04:957] info: Store: UPDATE_TEAM_THEME
{
  "teamId": "T5YEC6G73",
  "theme": {
    "active_item": "#4C9689",
    "active_item_text": "#FFFFFF",
    "active_presence": "#38978D",
    "badge": "#EB4D5C",
    "column_bg": "#4D394B",
    "hover_item": "#3E313C",
    "menu_bg": "#3E313C",
    "text_color": "#FFFFFF"
  }
}
[05/04/18, 19:32:04:992] info: Store: STORE_API_TOKEN
{
  "teamId": "T5YEC6G73",
  "token": "xoxs-⋯"
}
[05/04/18, 19:32:05:010] info: Store: SELECT_CHANNEL G7GGG2GPN
[05/04/18, 19:32:05:028] info: Store: UPDATE_TEAM_ICONS
{
  "icons": {
    "image_102": "https://slack-files2.s3-us-west-2.amazonaws.com/avatars/2017-06-28/205110093367_6705e64b9b4a8299bd1f_102.png",
    "image_132": "https://slack-files2.s3-us-west-2.amazonaws.com/avatars/2017-06-28/205110093367_6705e64b9b4a8299bd1f_132.png",
    "image_230": "https://slack-files2.s3-us-west-2.amazonaws.com/avatars/2017-06-28/205110093367_6705e64b9b4a8299bd1f_230.png",
    "image_34": "https://slack-files2.s3-us-west-2.amazonaws.com/avatars/2017-06-28/205110093367_6705e64b9b4a8299bd1f_34.png",
    "image_44": "https://slack-files2.s3-us-west-2.amazonaws.com/avatars/2017-06-28/205110093367_6705e64b9b4a8299bd1f_44.png",
    "image_68": "https://slack-files2.s3-us-west-2.amazonaws.com/avatars/2017-06-28/205110093367_6705e64b9b4a8299bd1f_68.png",
    "image_88": "https://slack-files2.s3-us-west-2.amazonaws.com/avatars/2017-06-28/205110093367_6705e64b9b4a8299bd1f_88.png",
    "image_original": "https://slack-files2.s3-us-west-2.amazonaws.com/avatars/2017-06-28/205110093367_6705e64b9b4a8299bd1f_original.png"
  },
  "teamId": "T5YEC6G73"
}
[05/04/18, 19:32:05:117] info: Store: UPSERT_WEB_CONTENTS
{
  "id": 7,
  "state": "loaded",
  "teamId": "T0GFBAM8C"
}
[05/04/18, 19:32:05:511] info: Store: UPDATE_SESSION_STATUS
{
  "hasValidSession": true,
  "teamId": "T0GFBAM8C"
}
[05/04/18, 19:32:05:542] info: Store: UPDATE_TEAM_LOCALE
{
  "locale": "ja-JP"
}
[05/04/18, 19:32:05:906] info: Store: UPSERT_WEB_CONTENTS
{
  "id": 3,
  "state": "loaded",
  "teamId": "T02R0MMHK"
}
[05/04/18, 19:32:06:039] info: Store: UPDATE_TEAM_LOCALE
{
  "locale": "ja-JP"
}
[05/04/18, 19:32:06:058] info: Store: UPSERT_WEB_CONTENTS
{
  "id": 7,
  "state": "webapp-loaded",
  "teamId": "T0GFBAM8C"
}
[05/04/18, 19:32:06:146] info: Store: UPSERT_WEB_CONTENTS
{
  "id": 6,
  "state": "loaded",
  "teamId": "T5LFW0CUB"
}
[05/04/18, 19:32:06:244] info: Store: UPDATE_SESSION_STATUS
{
  "hasValidSession": true,
  "teamId": "T02R0MMHK"
}
[05/04/18, 19:32:06:501] info: Store: STORE_API_TOKEN
{
  "teamId": "T0GFBAM8C",
  "token": "xoxs-⋯"
}
[05/04/18, 19:32:06:515] info: Store: UPDATE_TEAM_ICONS
{
  "icons": {
    "image_102": "https://slack-files2.s3-us-west-2.amazonaws.com/avatars/2015-12-19/17054493216_07addcfb3fb1718cbba4_102.png",
    "image_132": "https://slack-files2.s3-us-west-2.amazonaws.com/avatars/2015-12-19/17054493216_07addcfb3fb1718cbba4_132.png",
    "image_230": "https://slack-files2.s3-us-west-2.amazonaws.com/avatars/2015-12-19/17054493216_07addcfb3fb1718cbba4_132.png",
    "image_34": "https://slack-files2.s3-us-west-2.amazonaws.com/avatars/2015-12-19/17054493216_07addcfb3fb1718cbba4_34.png",
    "image_44": "https://slack-files2.s3-us-west-2.amazonaws.com/avatars/2015-12-19/17054493216_07addcfb3fb1718cbba4_44.png",
    "image_68": "https://slack-files2.s3-us-west-2.amazonaws.com/avatars/2015-12-19/17054493216_07addcfb3fb1718cbba4_68.png",
    "image_88": "https://slack-files2.s3-us-west-2.amazonaws.com/avatars/2015-12-19/17054493216_07addcfb3fb1718cbba4_88.png",
    "image_original": "https://slack-files2.s3-us-west-2.amazonaws.com/avatars/2015-12-19/17054493216_07addcfb3fb1718cbba4_original.png"
  },
  "teamId": "T0GFBAM8C"
}
[05/04/18, 19:32:06:983] info: Store: UPDATE_TEAM_LOCALE
{
  "locale": "ja-JP"
}
[05/04/18, 19:32:06:991] info: Store: UPSERT_WEB_CONTENTS
{
  "id": 6,
  "state": "webapp-loaded",
  "teamId": "T5LFW0CUB"
}
[05/04/18, 19:32:07:008] info: Store: UPDATE_SESSION_STATUS
{
  "hasValidSession": true,
  "teamId": "T5LFW0CUB"
}
[05/04/18, 19:32:07:030] info: Store: UPDATE_TEAM_THEME
{
  "teamId": "T0GFBAM8C",
  "theme": {
    "active_item": "#4C9689",
    "active_item_text": "#FFFFFF",
    "active_presence": "#38978D",
    "badge": "#EB4D5C",
    "column_bg": "#4D394B",
    "hover_item": "#3E313C",
    "menu_bg": "#3E313C",
    "text_color": "#FFFFFF"
  }
}
[05/04/18, 19:32:07:173] info: Store: UPDATE_TEAM_LOCALE
{
  "locale": "en-US"
}
[05/04/18, 19:32:07:180] info: Store: UPSERT_WEB_CONTENTS
{
  "id": 3,
  "state": "webapp-loaded",
  "teamId": "T02R0MMHK"
}
[05/04/18, 19:32:07:186] info: Store: UPDATE_TEAM_THEME
{
  "teamId": "T5LFW0CUB",
  "theme": {
    "active_item": "#4C9689",
    "active_item_text": "#FFFFFF",
    "active_presence": "#38978D",
    "badge": "#EB4D5C",
    "column_bg": "#4D394B",
    "hover_item": "#3E313C",
    "menu_bg": "#3E313C",
    "text_color": "#FFFFFF"
  }
}
[05/04/18, 19:32:07:199] info: Store: STORE_API_TOKEN
{
  "teamId": "T5LFW0CUB",
  "token": "xoxs-⋯"
}
[05/04/18, 19:32:07:207] info: Store: UPDATE_TEAM_ICONS
{
  "icons": {
    "image_102": "https://slack-files2.s3-us-west-2.amazonaws.com/avatars/2017-08-21/229801110004_7754c1684d8336d012c4_102.jpg",
    "image_132": "https://slack-files2.s3-us-west-2.amazonaws.com/avatars/2017-08-21/229801110004_7754c1684d8336d012c4_132.jpg",
    "image_230": "https://slack-files2.s3-us-west-2.amazonaws.com/avatars/2017-08-21/229801110004_7754c1684d8336d012c4_230.jpg",
    "image_34": "https://slack-files2.s3-us-west-2.amazonaws.com/avatars/2017-08-21/229801110004_7754c1684d8336d012c4_34.jpg",
    "image_44": "https://slack-files2.s3-us-west-2.amazonaws.com/avatars/2017-08-21/229801110004_7754c1684d8336d012c4_44.jpg",
    "image_68": "https://slack-files2.s3-us-west-2.amazonaws.com/avatars/2017-08-21/229801110004_7754c1684d8336d012c4_68.jpg",
    "image_88": "https://slack-files2.s3-us-west-2.amazonaws.com/avatars/2017-08-21/229801110004_7754c1684d8336d012c4_88.jpg",
    "image_original": "https://slack-files2.s3-us-west-2.amazonaws.com/avatars/2017-08-21/229801110004_7754c1684d8336d012c4_original.jpg"
  },
  "teamId": "T5LFW0CUB"
}
[05/04/18, 19:32:07:372] info: Store: UPDATE_TEAM_THEME
{
  "teamId": "T02R0MMHK",
  "theme": {
    "active_item": "#4C9689",
    "active_item_text": "#FFFFFF",
    "active_presence": "#38978D",
    "badge": "#EB4D5C",
    "column_bg": "#4D394B",
    "hover_item": "#3E313C",
    "menu_bg": "#3E313C",
    "text_color": "#FFFFFF"
  }
}
[05/04/18, 19:32:07:508] info: Store: STORE_API_TOKEN
{
  "teamId": "T02R0MMHK",
  "token": "xoxs-⋯"
}
[05/04/18, 19:32:07:527] info: Store: UPDATE_TEAM_ICONS
{
  "icons": {
    "image_102": "https://slack-files2.s3-us-west-2.amazonaws.com/avatars/2015-01-14/3400695805_06e3ed8a8ae7228d7c54_102.jpg",
    "image_132": "https://slack-files2.s3-us-west-2.amazonaws.com/avatars/2015-01-14/3400695805_06e3ed8a8ae7228d7c54_132.jpg",
    "image_230": "https://slack-files2.s3-us-west-2.amazonaws.com/avatars/2015-01-14/3400695805_06e3ed8a8ae7228d7c54_132.jpg",
    "image_34": "https://slack-files2.s3-us-west-2.amazonaws.com/avatars/2015-01-14/3400695805_06e3ed8a8ae7228d7c54_34.jpg",
    "image_44": "https://slack-files2.s3-us-west-2.amazonaws.com/avatars/2015-01-14/3400695805_06e3ed8a8ae7228d7c54_44.jpg",
    "image_68": "https://slack-files2.s3-us-west-2.amazonaws.com/avatars/2015-01-14/3400695805_06e3ed8a8ae7228d7c54_68.jpg",
    "image_88": "https://slack-files2.s3-us-west-2.amazonaws.com/avatars/2015-01-14/3400695805_06e3ed8a8ae7228d7c54_88.jpg",
    "image_original": "https://slack-files2.s3-us-west-2.amazonaws.com/avatars/2015-01-14/3400695805_06e3ed8a8ae7228d7c54_original.jpg"
  },
  "teamId": "T02R0MMHK"
}
[05/04/18, 19:34:49:513] info: Store: SET_FULL_SCREEN
[05/04/18, 19:34:55:011] info: Store: NEW_NOTIFICATION
{
  "avatarImage": "https://ca.slack-edge.com/T02R0MMHK-UAGT53ADQ-74ff4c1302cc-512",
  "channel": "DAHC8TMSR",
  "content": "[REDACTED]",
  "id": "7qlSmhNKADVVBz",
  "imageUri": null,
  "launchUri": "slack://channel?id=DAHC8TMSR&message=1525397710.000076&team=T02R0MMHK",
  "msg": "1525397710.000076",
  "silent": true,
  "subtitle": "",
  "teamId": "T02R0MMHK",
  "title": "[REDACTED]"
}
