[05/09/18, 13:21:10:223] info: ╔════════════════════════════════════════════════════════════════════════════╗
[05/09/18, 13:21:10:224] info: ║      Slack 3.1.1, linux 4.16.7-1-zen on x64 at 05/09/18, 13:21:10:219      ║
[05/09/18, 13:21:10:225] info: ╚════════════════════════════════════════════════════════════════════════════╝
[05/09/18, 13:21:10:390] info: Initializing local storage instance at path: /home/nitoli/.config/Slack/local-settings.json
[05/09/18, 13:21:11:121] error: Calls failed to load, bailing
[05/09/18, 13:21:11:124] info: cld3::loadModule: loading cld3 module
[05/09/18, 13:21:11:212] info: cld3Loader::loadModule: running environment is NODE
[05/09/18, 13:21:11:212] info: cld3Loader::loadModule: constructed module object for runtime
[05/09/18, 13:21:11:920] info: cld3Loader::initializeRuntime: successfully initialized module
[05/09/18, 13:21:11:920] info: cld3Loader::loadModule: initialized wasm binary Runtime
[05/09/18, 13:21:11:934] warn: updateSpellcheckerLanguage: Tried to update language, but spellchecker not initialized
[05/09/18, 13:21:11:934] info: TranslationLookup: locale set to ja-JP for renderer
[05/09/18, 13:21:11:935] info: SSBIntegration: Main window preload script loaded 2383.377168
[05/09/18, 13:21:11:981] info: Store: UPSERT_WEB_CONTENTS
{
  "id": 7,
  "state": "loaded",
  "teamId": "T5LFW0CUB"
}
[05/09/18, 13:21:12:032] info: Store: UPSERT_WEB_CONTENTS
{
  "id": 5,
  "state": "loaded",
  "teamId": "T02R0MMHK"
}
[05/09/18, 13:21:12:032] info: Store: UPSERT_WEB_CONTENTS
{
  "id": 5,
  "state": "empty-page",
  "teamId": "T02R0MMHK"
}
[05/09/18, 13:21:12:035] info: Store: UPSERT_WEB_CONTENTS
{
  "id": 7,
  "state": "empty-page",
  "teamId": "T5LFW0CUB"
}
[05/09/18, 13:21:12:040] info: Store: UPSERT_WEB_CONTENTS
{
  "id": 5,
  "state": "page-will-navigate",
  "teamId": "T02R0MMHK"
}
[05/09/18, 13:21:12:057] info: Store: UPSERT_WEB_CONTENTS
{
  "id": 7,
  "state": "page-will-navigate",
  "teamId": "T5LFW0CUB"
}
[05/09/18, 13:21:12:068] info: Window is unloading, winssb is no longer accessible
[05/09/18, 13:21:12:178] info: Store: UPSERT_WEB_CONTENTS
{
  "id": 4,
  "state": "loaded",
  "teamId": "T5YEC6G73"
}
