[05/07/18, 19:44:48:296] info: ╔════════════════════════════════════════════════════════════════════════════╗
[05/07/18, 19:44:48:297] info: ║      Slack 3.1.1, linux 4.16.6-1-zen on x64 at 05/07/18, 19:44:48:292      ║
[05/07/18, 19:44:48:298] info: ╚════════════════════════════════════════════════════════════════════════════╝
[05/07/18, 19:44:48:618] info: Initializing local storage instance at path: /home/nitoli/.config/Slack/local-settings.json
[05/07/18, 19:44:49:703] error: Calls failed to load, bailing
[05/07/18, 19:44:49:705] info: cld3::loadModule: loading cld3 module
[05/07/18, 19:44:49:779] info: cld3Loader::loadModule: running environment is NODE
[05/07/18, 19:44:49:779] info: cld3Loader::loadModule: constructed module object for runtime
[05/07/18, 19:44:50:274] info: cld3Loader::initializeRuntime: successfully initialized module
[05/07/18, 19:44:50:274] info: cld3Loader::loadModule: initialized wasm binary Runtime
[05/07/18, 19:44:50:279] warn: updateSpellcheckerLanguage: Tried to update language, but spellchecker not initialized
[05/07/18, 19:44:50:280] info: SSBIntegration: Main window preload script loaded 2802.614503
[05/07/18, 19:44:50:289] info: Store: SET_NETWORK_STATUS online
[05/07/18, 19:44:50:292] info: Store: UPSERT_WEB_CONTENTS
{
  "id": 6,
  "state": "loaded",
  "teamId": "T5LFW0CUB"
}
[05/07/18, 19:44:50:293] info: Store: UPSERT_WEB_CONTENTS
{
  "id": 6,
  "state": "empty-page",
  "teamId": "T5LFW0CUB"
}
[05/07/18, 19:44:50:293] info: Store: UPSERT_WEB_CONTENTS
{
  "id": 6,
  "state": "page-will-navigate",
  "teamId": "T5LFW0CUB"
}
[05/07/18, 19:44:50:293] info: Store: UPSERT_WEB_CONTENTS
{
  "id": 4,
  "state": "loaded",
  "teamId": "T02R0MMHK"
}
[05/07/18, 19:44:50:294] info: Store: UPSERT_WEB_CONTENTS
{
  "id": 4,
  "state": "empty-page",
  "teamId": "T02R0MMHK"
}
[05/07/18, 19:44:50:294] info: Store: UPSERT_WEB_CONTENTS
{
  "id": 4,
  "state": "page-will-navigate",
  "teamId": "T02R0MMHK"
}
[05/07/18, 19:44:50:300] info: Store: UPSERT_WEB_CONTENTS
{
  "id": 7,
  "state": "loaded",
  "teamId": "T0GFBAM8C"
}
[05/07/18, 19:44:50:315] info: Store: UPSERT_WEB_CONTENTS
{
  "id": 7,
  "state": "empty-page",
  "teamId": "T0GFBAM8C"
}
[05/07/18, 19:44:50:316] info: Store: UPDATE_SESSION_STATUS
{
  "hasValidSession": true,
  "teamId": "T5LFW0CUB"
}
[05/07/18, 19:44:50:316] info: Store: UPDATE_SESSION_STATUS
{
  "hasValidSession": true,
  "teamId": "T02R0MMHK"
}
[05/07/18, 19:44:50:335] info: Store: UPSERT_WEB_CONTENTS
{
  "id": 7,
  "state": "page-will-navigate",
  "teamId": "T0GFBAM8C"
}
[05/07/18, 19:44:50:338] info: Window is unloading, winssb is no longer accessible
[05/07/18, 19:44:50:480] info: Store: UPSERT_WEB_CONTENTS
{
  "id": 3,
  "state": "loaded",
  "teamId": "T5YEC6G73"
}
[05/07/18, 19:44:50:491] info: Store: MAIN_WINDOW_SHOWN
[05/07/18, 19:44:50:515] info: Store: UPSERT_WEB_CONTENTS
{
  "id": 3,
  "state": "empty-page",
  "teamId": "T5YEC6G73"
}
[05/07/18, 19:44:50:527] info: Store: UPSERT_WEB_CONTENTS
{
  "id": 3,
  "state": "page-will-navigate",
  "teamId": "T5YEC6G73"
}
[05/07/18, 19:44:50:668] info: Store: UPDATE_SESSION_STATUS
{
  "hasValidSession": true,
  "teamId": "T0GFBAM8C"
}
[05/07/18, 19:44:50:889] info: Store: UPDATE_SESSION_STATUS
{
  "hasValidSession": true,
  "teamId": "T5YEC6G73"
}
