[04/18/18, 21:10:18:651] info: ╔═════════════════════════════════════════════════════════════════════════════╗
[04/18/18, 21:10:18:652] info: ║      Slack 3.1.1, linux 4.15.15-1-zen on x64 at 04/18/18, 21:10:18:640      ║
[04/18/18, 21:10:18:652] info: ╚═════════════════════════════════════════════════════════════════════════════╝
[04/18/18, 21:10:18:876] info: Initializing local storage instance at path: /home/nitoli/.config/Slack/local-settings.json
[04/18/18, 21:10:19:356] error: Calls failed to load, bailing
[04/18/18, 21:10:19:358] info: cld3::loadModule: loading cld3 module
[04/18/18, 21:10:19:385] info: cld3Loader::loadModule: running environment is NODE
[04/18/18, 21:10:19:385] info: cld3Loader::loadModule: constructed module object for runtime
[04/18/18, 21:10:19:762] info: cld3Loader::initializeRuntime: successfully initialized module
[04/18/18, 21:10:19:762] info: cld3Loader::loadModule: initialized wasm binary Runtime
[04/18/18, 21:10:19:765] warn: updateSpellcheckerLanguage: Tried to update language, but spellchecker not initialized
[04/18/18, 21:10:19:766] info: SSBIntegration: Main window preload script loaded 1971.676583
[04/18/18, 21:10:24:007] info: Store: UPSERT_WEB_CONTENTS
{
  "id": 3,
  "state": "loaded",
  "teamId": "T5YEC6G73"
}
[04/18/18, 21:10:24:703] info: Store: UPDATE_SESSION_STATUS
{
  "hasValidSession": true,
  "teamId": "T5YEC6G73"
}
[04/18/18, 21:10:24:706] info: Store: UPSERT_WEB_CONTENTS
{
  "id": 4,
  "state": "loaded",
  "teamId": "T02R0MMHK"
}
[04/18/18, 21:10:24:707] info: Store: SELECT_CHANNEL C8Y1H7TEE
[04/18/18, 21:10:24:707] info: Store: UPDATE_TEAM_LOCALE
{
  "locale": "en-US"
}
[04/18/18, 21:10:24:708] info: Store: UPDATE_SETTINGS
{
  "locale": "en-US"
}
[04/18/18, 21:10:24:709] info: Store: UPDATE_SESSION_STATUS
{
  "hasValidSession": true,
  "teamId": "T02R0MMHK"
}
[04/18/18, 21:10:24:724] info: Store: SELECT_CHANNEL DA8987TBK
[04/18/18, 21:10:24:724] info: Store: UPDATE_TEAM_LOCALE
{
  "locale": "ja-JP"
}
[04/18/18, 21:10:24:725] info: Store: SELECT_CHANNEL C6B3BDRPV
[04/18/18, 21:10:24:726] info: Store: UPDATE_TEAM_LOCALE
{
  "locale": "en-US"
}
[04/18/18, 21:10:25:430] info: postLoadTaskSetup: Desktop client fully loaded
{
  "loadedTime": 17363.112617
}
[04/18/18, 21:10:25:611] info: Store: UPSERT_WEB_CONTENTS
{
  "id": 5,
  "state": "loaded",
  "teamId": "T4HEMM0UR"
}
[04/18/18, 21:10:25:915] info: Store: UPDATE_TEAM_THEME
{
  "teamId": "T5YEC6G73",
  "theme": {
    "active_item": "#4C9689",
    "active_item_text": "#FFFFFF",
    "active_presence": "#38978D",
    "badge": "#EB4D5C",
    "column_bg": "#4D394B",
    "hover_item": "#3E313C",
    "menu_bg": "#3E313C",
    "text_color": "#FFFFFF"
  }
}
[04/18/18, 21:10:25:917] info: Store: UPDATE_TEAM_THEME
{
  "teamId": "T4HEMM0UR",
  "theme": {
    "active_item": "#4C9689",
    "active_item_text": "#FFFFFF",
    "active_presence": "#38978D",
    "badge": "#EB4D5C",
    "column_bg": "#4D394B",
    "hover_item": "#3E313C",
    "menu_bg": "#3E313C",
    "text_color": "#FFFFFF"
  }
}
[04/18/18, 21:10:25:918] info: Store: UPDATE_TEAM_ICONS
{
  "icons": {
    "image_102": "https://slack-files2.s3-us-west-2.amazonaws.com/avatars/2015-01-14/3400695805_06e3ed8a8ae7228d7c54_102.jpg",
    "image_132": "https://slack-files2.s3-us-west-2.amazonaws.com/avatars/2015-01-14/3400695805_06e3ed8a8ae7228d7c54_132.jpg",
    "image_230": "https://slack-files2.s3-us-west-2.amazonaws.com/avatars/2015-01-14/3400695805_06e3ed8a8ae7228d7c54_132.jpg",
    "image_34": "https://slack-files2.s3-us-west-2.amazonaws.com/avatars/2015-01-14/3400695805_06e3ed8a8ae7228d7c54_34.jpg",
    "image_44": "https://slack-files2.s3-us-west-2.amazonaws.com/avatars/2015-01-14/3400695805_06e3ed8a8ae7228d7c54_44.jpg",
    "image_68": "https://slack-files2.s3-us-west-2.amazonaws.com/avatars/2015-01-14/3400695805_06e3ed8a8ae7228d7c54_68.jpg",
    "image_88": "https://slack-files2.s3-us-west-2.amazonaws.com/avatars/2015-01-14/3400695805_06e3ed8a8ae7228d7c54_88.jpg",
    "image_original": "https://slack-files2.s3-us-west-2.amazonaws.com/avatars/2015-01-14/3400695805_06e3ed8a8ae7228d7c54_original.jpg"
  },
  "teamId": "T02R0MMHK"
}
[04/18/18, 21:10:25:919] info: Store: UPDATE_TEAM_ICONS
{
  "icons": {
    "image_102": "https://slack-files2.s3-us-west-2.amazonaws.com/avatars/2017-06-28/205110093367_6705e64b9b4a8299bd1f_102.png",
    "image_132": "https://slack-files2.s3-us-west-2.amazonaws.com/avatars/2017-06-28/205110093367_6705e64b9b4a8299bd1f_132.png",
    "image_230": "https://slack-files2.s3-us-west-2.amazonaws.com/avatars/2017-06-28/205110093367_6705e64b9b4a8299bd1f_230.png",
    "image_34": "https://slack-files2.s3-us-west-2.amazonaws.com/avatars/2017-06-28/205110093367_6705e64b9b4a8299bd1f_34.png",
    "image_44": "https://slack-files2.s3-us-west-2.amazonaws.com/avatars/2017-06-28/205110093367_6705e64b9b4a8299bd1f_44.png",
    "image_68": "https://slack-files2.s3-us-west-2.amazonaws.com/avatars/2017-06-28/205110093367_6705e64b9b4a8299bd1f_68.png",
    "image_88": "https://slack-files2.s3-us-west-2.amazonaws.com/avatars/2017-06-28/205110093367_6705e64b9b4a8299bd1f_88.png",
    "image_original": "https://slack-files2.s3-us-west-2.amazonaws.com/avatars/2017-06-28/205110093367_6705e64b9b4a8299bd1f_original.png"
  },
  "teamId": "T5YEC6G73"
}
[04/18/18, 21:10:25:920] info: Store: UPDATE_TEAM_ICONS
{
  "icons": {
    "image_102": "https://slack-files2.s3-us-west-2.amazonaws.com/avatars/2017-03-15/154610708258_f98e05c23845866960a5_102.png",
    "image_132": "https://slack-files2.s3-us-west-2.amazonaws.com/avatars/2017-03-15/154610708258_f98e05c23845866960a5_132.png",
    "image_230": "https://slack-files2.s3-us-west-2.amazonaws.com/avatars/2017-03-15/154610708258_f98e05c23845866960a5_230.png",
    "image_34": "https://slack-files2.s3-us-west-2.amazonaws.com/avatars/2017-03-15/154610708258_f98e05c23845866960a5_34.png",
    "image_44": "https://slack-files2.s3-us-west-2.amazonaws.com/avatars/2017-03-15/154610708258_f98e05c23845866960a5_44.png",
    "image_68": "https://slack-files2.s3-us-west-2.amazonaws.com/avatars/2017-03-15/154610708258_f98e05c23845866960a5_68.png",
    "image_88": "https://slack-files2.s3-us-west-2.amazonaws.com/avatars/2017-03-15/154610708258_f98e05c23845866960a5_88.png",
    "image_original": "https://slack-files2.s3-us-west-2.amazonaws.com/avatars/2017-03-15/154610708258_f98e05c23845866960a5_original.png"
  },
  "teamId": "T4HEMM0UR"
}
[04/18/18, 21:10:25:921] info: Store: UPDATE_SESSION_STATUS
{
  "hasValidSession": true,
  "teamId": "T4HEMM0UR"
}
[04/18/18, 21:10:25:922] info: Store: UPDATE_TEAM_LOCALE
{
  "locale": "en-US",
  "teamId": "T02R0MMHK"
}
[04/18/18, 21:10:25:922] info: Store: UPSERT_WEB_CONTENTS
{
  "id": 4,
  "state": "webapp-loaded",
  "teamId": "T02R0MMHK"
}
[04/18/18, 21:10:25:924] info: Store: UPDATE_TEAM_LOCALE
{
  "locale": "en-US",
  "teamId": "T5YEC6G73"
}
[04/18/18, 21:10:25:925] info: Store: UPSERT_WEB_CONTENTS
{
  "id": 3,
  "state": "webapp-loaded",
  "teamId": "T5YEC6G73"
}
[04/18/18, 21:10:25:929] info: Store: STORE_API_TOKEN
{
  "teamId": "T02R0MMHK",
  "token": "xoxs-⋯"
}
[04/18/18, 21:10:25:945] info: Store: UPDATE_TEAM_THEME
{
  "teamId": "T02R0MMHK",
  "theme": {
    "active_item": "#4C9689",
    "active_item_text": "#FFFFFF",
    "active_presence": "#38978D",
    "badge": "#EB4D5C",
    "column_bg": "#4D394B",
    "hover_item": "#3E313C",
    "menu_bg": "#3E313C",
    "text_color": "#FFFFFF"
  }
}
[04/18/18, 21:10:25:946] info: Store: UPDATE_TEAM_LOCALE
{
  "locale": "ja-JP",
  "teamId": "T4HEMM0UR"
}
[04/18/18, 21:10:25:947] info: Store: UPSERT_WEB_CONTENTS
{
  "id": 5,
  "state": "webapp-loaded",
  "teamId": "T4HEMM0UR"
}
[04/18/18, 21:10:25:958] info: Store: STORE_API_TOKEN
{
  "teamId": "T4HEMM0UR",
  "token": "xoxs-⋯"
}
[04/18/18, 21:10:26:059] info: Store: STORE_API_TOKEN
{
  "teamId": "T5YEC6G73",
  "token": "xoxs-⋯"
}
[04/18/18, 21:10:26:761] info: Raw Locale list: ["C","en_US.utf8","POSIX",""]
[04/18/18, 21:10:26:762] info: Filtered Locale list: ["en_US"]
[04/18/18, 21:10:26:762] info: Counts: {"en":["en_US"]}
[04/18/18, 21:10:26:762] info: Setting en
[04/18/18, 21:10:26:763] info: Result: {"en":"en-US"}
[04/18/18, 21:10:26:765] info: Requesting to load ja-JP, alternatives are ["ja-JP","ja-JP","ja-JP"]
[04/18/18, 21:10:26:767] info: Loading dictionary for language ja-JP
[04/18/18, 21:10:26:767] info: Returning local copy: /home/nitoli/.config/Slack/dictionaries/ja-JP.bdic
[04/18/18, 21:10:26:769] info: Failed to read file /home/nitoli/.config/Slack/dictionaries/ja-JP.bdic: File exists but is most likely bogus
[04/18/18, 21:10:26:769] info: Actually downloading https://redirector.gvt1.com/edgedl/chrome/dict/ja-jp-3-0.bdic
[04/18/18, 21:10:27:470] info: Loading dictionary for language ja-JP
[04/18/18, 21:10:27:470] info: Returning local copy: /home/nitoli/.config/Slack/dictionaries/ja-JP.bdic
[04/18/18, 21:10:27:471] info: Failed to read file /home/nitoli/.config/Slack/dictionaries/ja-JP.bdic: File exists but is most likely bogus
[04/18/18, 21:10:27:471] info: Actually downloading https://redirector.gvt1.com/edgedl/chrome/dict/ja-jp-3-0.bdic
[04/18/18, 21:10:27:946] info: Loading dictionary for language ja-JP
[04/18/18, 21:10:27:947] info: Returning local copy: /home/nitoli/.config/Slack/dictionaries/ja-JP.bdic
[04/18/18, 21:10:27:948] info: Failed to read file /home/nitoli/.config/Slack/dictionaries/ja-JP.bdic: File exists but is most likely bogus
[04/18/18, 21:10:27:949] info: Actually downloading https://redirector.gvt1.com/edgedl/chrome/dict/ja-jp-3-0.bdic
[04/18/18, 21:10:28:435] info: dictionary for ja-JP_ja-JP is not available
[04/18/18, 21:10:28:436] info: Actually installing spell check provider to Electron
[05/01/18, 17:57:59:361] info: ╔════════════════════════════════════════════════════════════════════════════╗
[05/01/18, 17:57:59:362] info: ║      Slack 3.1.1, linux 4.16.5-1-zen on x64 at 05/01/18, 17:57:59:347      ║
[05/01/18, 17:57:59:362] info: ╚════════════════════════════════════════════════════════════════════════════╝
[05/01/18, 17:57:59:842] info: Initializing local storage instance at path: /home/nitoli/.config/Slack/local-settings.json
[05/01/18, 17:58:01:846] error: Calls failed to load, bailing
[05/01/18, 17:58:01:848] info: cld3::loadModule: loading cld3 module
[05/01/18, 17:58:01:876] info: cld3Loader::loadModule: running environment is NODE
[05/01/18, 17:58:01:876] info: cld3Loader::loadModule: constructed module object for runtime
[05/01/18, 17:58:02:256] info: cld3Loader::initializeRuntime: successfully initialized module
[05/01/18, 17:58:02:256] info: cld3Loader::loadModule: initialized wasm binary Runtime
[05/01/18, 17:58:02:261] warn: updateSpellcheckerLanguage: Tried to update language, but spellchecker not initialized
[05/01/18, 17:58:02:262] info: SSBIntegration: Main window preload script loaded 4303.6377
[05/01/18, 17:58:02:268] info: Store: SET_NETWORK_STATUS offline
[05/01/18, 17:58:02:270] info: Store: UPSERT_WEB_CONTENTS
{
  "id": 5,
  "state": "loaded",
  "teamId": "T4HEMM0UR"
}
[05/01/18, 17:58:02:271] info: Store: UPSERT_WEB_CONTENTS
{
  "id": 3,
  "state": "loaded",
  "teamId": "T5YEC6G73"
}
[05/01/18, 17:58:02:272] info: Store: UPSERT_WEB_CONTENTS
{
  "id": 3,
  "state": "empty-page",
  "teamId": "T5YEC6G73"
}
[05/01/18, 17:58:02:272] info: Store: UPSERT_WEB_CONTENTS
{
  "id": 5,
  "state": "empty-page",
  "teamId": "T4HEMM0UR"
}
[05/01/18, 17:58:02:273] info: Store: UPDATE_SESSION_STATUS
{
  "hasValidSession": null,
  "teamId": "T4HEMM0UR"
}
[05/01/18, 17:58:02:273] info: Store: UPDATE_SESSION_STATUS
{
  "hasValidSession": null,
  "teamId": "T5YEC6G73"
}
[05/01/18, 17:58:02:276] info: Store: UPSERT_WEB_CONTENTS
{
  "id": 4,
  "state": "loaded",
  "teamId": "T02R0MMHK"
}
[05/01/18, 17:58:02:279] info: Store: UPSERT_WEB_CONTENTS
{
  "id": 4,
  "state": "empty-page",
  "teamId": "T02R0MMHK"
}
[05/01/18, 17:58:02:377] info: Store: UPDATE_SESSION_STATUS
{
  "hasValidSession": null,
  "teamId": "T02R0MMHK"
}
[05/01/18, 17:58:07:618] info: Store: SET_NETWORK_STATUS online
[05/01/18, 17:58:07:638] info: Store: MAIN_WINDOW_SHOWN
[05/01/18, 17:58:07:686] info: Store: UPSERT_WEB_CONTENTS
{
  "id": 5,
  "state": "page-will-navigate",
  "teamId": "T4HEMM0UR"
}
[05/01/18, 17:58:07:718] info: Store: UPSERT_WEB_CONTENTS
{
  "id": 3,
  "state": "page-will-navigate",
  "teamId": "T5YEC6G73"
}
[05/01/18, 17:58:07:721] info: Store: UPSERT_WEB_CONTENTS
{
  "id": 4,
  "state": "page-will-navigate",
  "teamId": "T02R0MMHK"
}
[05/01/18, 17:58:07:723] info: Window is unloading, winssb is no longer accessible
[05/01/18, 17:58:08:073] info: Store: UPDATE_SESSION_STATUS
{
  "hasValidSession": true,
  "teamId": "T4HEMM0UR"
}
[05/01/18, 17:58:08:079] info: Store: UPDATE_SESSION_STATUS
{
  "hasValidSession": true,
  "teamId": "T5YEC6G73"
}
[05/01/18, 17:58:08:085] info: Store: UPDATE_SESSION_STATUS
{
  "hasValidSession": true,
  "teamId": "T02R0MMHK"
}
[05/01/18, 17:58:08:679] info: Store: SAVE_WINDOW_SETTINGS
{
  "isMaximized": false,
  "position": [
    10,
    42
  ],
  "size": [
    1900,
    1028
  ]
}
