[05/09/18, 22:20:36:686] info: ╔════════════════════════════════════════════════════════════════════════════╗
[05/09/18, 22:20:36:687] info: ║      Slack 3.1.1, linux 4.16.7-1-zen on x64 at 05/09/18, 22:20:36:675      ║
[05/09/18, 22:20:36:687] info: ╚════════════════════════════════════════════════════════════════════════════╝
[05/09/18, 22:20:36:961] info: Initializing local storage instance at path: /home/nitoli/.config/Slack/local-settings.json
[05/09/18, 22:20:37:905] error: Calls failed to load, bailing
[05/09/18, 22:20:37:910] info: cld3::loadModule: loading cld3 module
[05/09/18, 22:20:37:950] info: cld3Loader::loadModule: running environment is NODE
[05/09/18, 22:20:37:950] info: cld3Loader::loadModule: constructed module object for runtime
[05/09/18, 22:20:38:180] info: cld3Loader::initializeRuntime: successfully initialized module
[05/09/18, 22:20:38:180] info: cld3Loader::loadModule: initialized wasm binary Runtime
[05/09/18, 22:20:38:183] warn: updateSpellcheckerLanguage: Tried to update language, but spellchecker not initialized
[05/09/18, 22:20:38:183] info: SSBIntegration: Main window preload script loaded 2406.119813
[05/09/18, 22:20:38:188] info: Store: SET_NETWORK_STATUS offline
[05/09/18, 22:20:38:190] info: Store: UPDATE_SESSION_STATUS
{
  "hasValidSession": null,
  "teamId": "T5LFW0CUB"
}
[05/09/18, 22:20:38:191] info: Store: UPDATE_SESSION_STATUS
{
  "hasValidSession": null,
  "teamId": "T0GFBAM8C"
}
[05/09/18, 22:20:38:191] info: Store: UPDATE_SESSION_STATUS
{
  "hasValidSession": null,
  "teamId": "T4HEMM0UR"
}
[05/09/18, 22:20:38:191] info: Store: UPDATE_SESSION_STATUS
{
  "hasValidSession": null,
  "teamId": "T5YEC6G73"
}
[05/09/18, 22:20:38:192] info: Store: UPDATE_SESSION_STATUS
{
  "hasValidSession": null,
  "teamId": "T02R0MMHK"
}
[05/09/18, 22:20:38:192] info: Store: UPSERT_WEB_CONTENTS
{
  "id": 5,
  "state": "loaded",
  "teamId": "T4HEMM0UR"
}
[05/09/18, 22:20:38:193] info: Store: UPSERT_WEB_CONTENTS
{
  "id": 5,
  "state": "empty-page",
  "teamId": "T4HEMM0UR"
}
[05/09/18, 22:20:38:193] info: Store: UPSERT_WEB_CONTENTS
{
  "id": 7,
  "state": "loaded",
  "teamId": "T0GFBAM8C"
}
[05/09/18, 22:20:38:193] info: Store: UPDATE_SESSION_STATUS
{
  "hasValidSession": null,
  "teamId": "T4HEMM0UR"
}
[05/09/18, 22:20:38:194] info: Store: UPSERT_WEB_CONTENTS
{
  "id": 7,
  "state": "empty-page",
  "teamId": "T0GFBAM8C"
}
[05/09/18, 22:20:38:195] info: Store: UPSERT_WEB_CONTENTS
{
  "id": 6,
  "state": "loaded",
  "teamId": "T5LFW0CUB"
}
[05/09/18, 22:20:38:195] info: Store: UPSERT_WEB_CONTENTS
{
  "id": 6,
  "state": "empty-page",
  "teamId": "T5LFW0CUB"
}
[05/09/18, 22:20:38:195] info: Store: UPDATE_SESSION_STATUS
{
  "hasValidSession": null,
  "teamId": "T0GFBAM8C"
}
[05/09/18, 22:20:38:196] info: Store: UPDATE_SESSION_STATUS
{
  "hasValidSession": null,
  "teamId": "T5LFW0CUB"
}
[05/09/18, 22:20:38:196] info: Store: UPSERT_WEB_CONTENTS
{
  "id": 4,
  "state": "loaded",
  "teamId": "T5YEC6G73"
}
[05/09/18, 22:20:38:196] info: Store: UPSERT_WEB_CONTENTS
{
  "id": 4,
  "state": "empty-page",
  "teamId": "T5YEC6G73"
}
[05/09/18, 22:20:38:196] info: Store: UPDATE_SESSION_STATUS
{
  "hasValidSession": null,
  "teamId": "T5YEC6G73"
}
[05/09/18, 22:20:38:200] info: Store: UPSERT_WEB_CONTENTS
{
  "id": 3,
  "state": "loaded",
  "teamId": "T02R0MMHK"
}
[05/09/18, 22:20:38:207] info: Store: UPSERT_WEB_CONTENTS
{
  "id": 3,
  "state": "empty-page",
  "teamId": "T02R0MMHK"
}
[05/09/18, 22:20:38:307] info: Store: UPDATE_SESSION_STATUS
{
  "hasValidSession": null,
  "teamId": "T02R0MMHK"
}
[05/09/18, 22:20:46:938] info: Store: QUIT_APP
[05/09/18, 22:20:46:979] info: Store: REMOVE_WINDOW 2
[05/09/18, 22:20:46:994] info: Store: QUIT_APP
[05/10/18, 09:46:42:864] info: ╔════════════════════════════════════════════════════════════════════════════╗
[05/10/18, 09:46:42:865] info: ║      Slack 3.1.1, linux 4.16.7-1-zen on x64 at 05/10/18, 09:46:42:860      ║
[05/10/18, 09:46:42:865] info: ╚════════════════════════════════════════════════════════════════════════════╝
[05/10/18, 09:46:43:074] info: Initializing local storage instance at path: /home/nitoli/.config/Slack/local-settings.json
[05/10/18, 09:46:43:878] error: Calls failed to load, bailing
[05/10/18, 09:46:43:880] info: cld3::loadModule: loading cld3 module
[05/10/18, 09:46:43:921] info: cld3Loader::loadModule: running environment is NODE
[05/10/18, 09:46:43:921] info: cld3Loader::loadModule: constructed module object for runtime
[05/10/18, 09:46:44:380] info: cld3Loader::initializeRuntime: successfully initialized module
[05/10/18, 09:46:44:380] info: cld3Loader::loadModule: initialized wasm binary Runtime
[05/10/18, 09:46:44:387] warn: updateSpellcheckerLanguage: Tried to update language, but spellchecker not initialized
[05/10/18, 09:46:44:388] info: SSBIntegration: Main window preload script loaded 2266.735151
[05/10/18, 09:46:44:421] info: Store: UPSERT_WEB_CONTENTS
{
  "id": 7,
  "state": "loaded",
  "teamId": "T0GFBAM8C"
}
[05/10/18, 09:46:44:424] info: Store: UPSERT_WEB_CONTENTS
{
  "id": 7,
  "state": "empty-page",
  "teamId": "T0GFBAM8C"
}
[05/10/18, 09:46:44:433] info: Store: UPSERT_WEB_CONTENTS
{
  "id": 7,
  "state": "page-will-navigate",
  "teamId": "T0GFBAM8C"
}
[05/10/18, 09:46:44:435] info: Store: UPSERT_WEB_CONTENTS
{
  "id": 6,
  "state": "loaded",
  "teamId": "T5LFW0CUB"
}
[05/10/18, 09:46:44:435] info: Store: UPSERT_WEB_CONTENTS
{
  "id": 6,
  "state": "empty-page",
  "teamId": "T5LFW0CUB"
}
[05/10/18, 09:46:44:436] info: Store: UPSERT_WEB_CONTENTS
{
  "id": 6,
  "state": "page-will-navigate",
  "teamId": "T5LFW0CUB"
}
[05/10/18, 09:46:44:436] info: Store: UPSERT_WEB_CONTENTS
{
  "id": 3,
  "state": "loaded",
  "teamId": "T02R0MMHK"
}
[05/10/18, 09:46:44:436] info: Store: UPSERT_WEB_CONTENTS
{
  "id": 3,
  "state": "empty-page",
  "teamId": "T02R0MMHK"
}
[05/10/18, 09:46:44:437] info: Store: UPSERT_WEB_CONTENTS
{
  "id": 3,
  "state": "page-will-navigate",
  "teamId": "T02R0MMHK"
}
[05/10/18, 09:46:44:437] info: Store: SET_NETWORK_STATUS offline
[05/10/18, 09:46:44:438] info: Store: UPDATE_SESSION_STATUS
{
  "hasValidSession": null,
  "teamId": "T5YEC6G73"
}
[05/10/18, 09:46:44:438] info: Store: UPDATE_SESSION_STATUS
{
  "hasValidSession": null,
  "teamId": "T0GFBAM8C"
}
[05/10/18, 09:46:44:438] info: Store: UPDATE_SESSION_STATUS
{
  "hasValidSession": null,
  "teamId": "T4HEMM0UR"
}
[05/10/18, 09:46:44:439] info: Store: UPDATE_SESSION_STATUS
{
  "hasValidSession": null,
  "teamId": "T5LFW0CUB"
}
[05/10/18, 09:46:44:439] info: Store: UPDATE_SESSION_STATUS
{
  "hasValidSession": null,
  "teamId": "T02R0MMHK"
}
[05/10/18, 09:46:44:453] info: Store: UPSERT_WEB_CONTENTS
{
  "id": 5,
  "state": "loaded",
  "teamId": "T4HEMM0UR"
}
[05/10/18, 09:46:44:478] info: Store: UPSERT_WEB_CONTENTS
{
  "id": 5,
  "state": "empty-page",
  "teamId": "T4HEMM0UR"
}
[05/10/18, 09:46:44:519] info: Store: UPDATE_SESSION_STATUS
{
  "hasValidSession": null,
  "teamId": "T4HEMM0UR"
}
[05/10/18, 09:46:44:676] info: Store: UPSERT_WEB_CONTENTS
{
  "id": 4,
  "state": "loaded",
  "teamId": "T5YEC6G73"
}
[05/10/18, 09:46:44:716] info: Store: UPSERT_WEB_CONTENTS
{
  "id": 4,
  "state": "empty-page",
  "teamId": "T5YEC6G73"
}
[05/10/18, 09:46:44:786] info: Store: UPDATE_SESSION_STATUS
{
  "hasValidSession": null,
  "teamId": "T5YEC6G73"
}
[05/10/18, 09:46:44:859] info: Store: UPSERT_WEB_CONTENTS
{
  "id": 7,
  "state": "loaded",
  "teamId": "T0GFBAM8C"
}
[05/10/18, 09:46:44:910] info: Store: UPSERT_WEB_CONTENTS
{
  "id": 7,
  "state": "empty-page",
  "teamId": "T0GFBAM8C"
}
[05/10/18, 09:46:44:970] info: Store: UPDATE_SESSION_STATUS
{
  "hasValidSession": null,
  "teamId": "T0GFBAM8C"
}
[05/10/18, 09:46:45:000] info: Store: UPSERT_WEB_CONTENTS
{
  "id": 6,
  "state": "loaded",
  "teamId": "T5LFW0CUB"
}
[05/10/18, 09:46:45:020] info: Store: UPSERT_WEB_CONTENTS
{
  "id": 6,
  "state": "empty-page",
  "teamId": "T5LFW0CUB"
}
[05/10/18, 09:46:45:075] info: Store: UPSERT_WEB_CONTENTS
{
  "id": 3,
  "state": "loaded",
  "teamId": "T02R0MMHK"
}
[05/10/18, 09:46:45:089] info: Store: UPSERT_WEB_CONTENTS
{
  "id": 3,
  "state": "empty-page",
  "teamId": "T02R0MMHK"
}
[05/10/18, 09:46:45:110] info: Store: UPDATE_SESSION_STATUS
{
  "hasValidSession": null,
  "teamId": "T5LFW0CUB"
}
[05/10/18, 09:46:45:190] info: Store: UPDATE_SESSION_STATUS
{
  "hasValidSession": null,
  "teamId": "T02R0MMHK"
}
[05/10/18, 09:47:12:911] info: Store: QUIT_APP
[05/10/18, 09:47:12:921] info: Store: REMOVE_WINDOW 2
[05/10/18, 09:47:12:949] info: Store: QUIT_APP
[05/11/18, 09:26:49:768] info: ╔════════════════════════════════════════════════════════════════════════════╗
[05/11/18, 09:26:49:773] info: ║      Slack 3.1.1, linux 4.16.7-1-zen on x64 at 05/11/18, 09:26:49:754      ║
[05/11/18, 09:26:49:773] info: ╚════════════════════════════════════════════════════════════════════════════╝
[05/11/18, 09:26:50:048] info: Initializing local storage instance at path: /home/nitoli/.config/Slack/local-settings.json
[05/11/18, 09:26:50:949] error: Calls failed to load, bailing
[05/11/18, 09:26:50:952] info: cld3::loadModule: loading cld3 module
[05/11/18, 09:26:51:014] info: cld3Loader::loadModule: running environment is NODE
[05/11/18, 09:26:51:014] info: cld3Loader::loadModule: constructed module object for runtime
[05/11/18, 09:26:51:458] info: cld3Loader::initializeRuntime: successfully initialized module
[05/11/18, 09:26:51:458] info: cld3Loader::loadModule: initialized wasm binary Runtime
[05/11/18, 09:26:51:474] warn: updateSpellcheckerLanguage: Tried to update language, but spellchecker not initialized
[05/11/18, 09:26:51:475] info: SSBIntegration: Main window preload script loaded 2499.992074
[05/11/18, 09:26:51:482] info: Store: SET_NETWORK_STATUS offline
[05/11/18, 09:26:51:484] info: Store: UPDATE_SESSION_STATUS
{
  "hasValidSession": null,
  "teamId": "T02R0MMHK"
}
[05/11/18, 09:26:51:485] info: Store: UPDATE_SESSION_STATUS
{
  "hasValidSession": null,
  "teamId": "T5YEC6G73"
}
[05/11/18, 09:26:51:485] info: Store: UPDATE_SESSION_STATUS
{
  "hasValidSession": null,
  "teamId": "T0GFBAM8C"
}
[05/11/18, 09:26:51:486] info: Store: UPDATE_SESSION_STATUS
{
  "hasValidSession": null,
  "teamId": "T5LFW0CUB"
}
[05/11/18, 09:26:51:486] info: Store: UPDATE_SESSION_STATUS
{
  "hasValidSession": null,
  "teamId": "T4HEMM0UR"
}
[05/11/18, 09:26:51:487] info: Store: UPSERT_WEB_CONTENTS
{
  "id": 3,
  "state": "loaded",
  "teamId": "T02R0MMHK"
}
[05/11/18, 09:26:51:488] info: Store: UPSERT_WEB_CONTENTS
{
  "id": 3,
  "state": "empty-page",
  "teamId": "T02R0MMHK"
}
[05/11/18, 09:26:51:488] info: Store: UPDATE_SESSION_STATUS
{
  "hasValidSession": null,
  "teamId": "T02R0MMHK"
}
[05/11/18, 09:26:51:489] info: Store: UPSERT_WEB_CONTENTS
{
  "id": 4,
  "state": "loaded",
  "teamId": "T5YEC6G73"
}
[05/11/18, 09:26:51:489] info: Store: UPSERT_WEB_CONTENTS
{
  "id": 4,
  "state": "empty-page",
  "teamId": "T5YEC6G73"
}
[05/11/18, 09:26:51:489] info: Store: UPDATE_SESSION_STATUS
{
  "hasValidSession": null,
  "teamId": "T5YEC6G73"
}
[05/11/18, 09:26:51:494] info: Store: UPSERT_WEB_CONTENTS
{
  "id": 7,
  "state": "loaded",
  "teamId": "T0GFBAM8C"
}
[05/11/18, 09:26:51:499] info: Store: UPSERT_WEB_CONTENTS
{
  "id": 7,
  "state": "empty-page",
  "teamId": "T0GFBAM8C"
}
[05/11/18, 09:26:51:527] info: Store: UPSERT_WEB_CONTENTS
{
  "id": 6,
  "state": "loaded",
  "teamId": "T5LFW0CUB"
}
[05/11/18, 09:26:51:542] info: Store: UPSERT_WEB_CONTENTS
{
  "id": 6,
  "state": "empty-page",
  "teamId": "T5LFW0CUB"
}
[05/11/18, 09:26:51:598] info: Store: UPDATE_SESSION_STATUS
{
  "hasValidSession": null,
  "teamId": "T0GFBAM8C"
}
[05/11/18, 09:26:51:640] info: Store: UPDATE_SESSION_STATUS
{
  "hasValidSession": null,
  "teamId": "T5LFW0CUB"
}
[05/11/18, 09:26:51:663] info: Store: UPSERT_WEB_CONTENTS
{
  "id": 5,
  "state": "loaded",
  "teamId": "T4HEMM0UR"
}
[05/11/18, 09:26:51:678] info: Store: UPSERT_WEB_CONTENTS
{
  "id": 5,
  "state": "empty-page",
  "teamId": "T4HEMM0UR"
}
[05/11/18, 09:26:51:778] info: Store: UPDATE_SESSION_STATUS
{
  "hasValidSession": null,
  "teamId": "T4HEMM0UR"
}
[05/11/18, 09:27:01:870] info: Store: QUIT_APP
[05/11/18, 09:27:01:912] info: Store: REMOVE_WINDOW 2
[05/11/18, 09:27:01:932] info: Store: QUIT_APP
