[05/07/18, 19:50:23:920] info: ╔════════════════════════════════════════════════════════════════════════════╗
[05/07/18, 19:50:23:921] info: ║      Slack 3.1.1, linux 4.16.6-1-zen on x64 at 05/07/18, 19:50:23:907      ║
[05/07/18, 19:50:23:921] info: ╚════════════════════════════════════════════════════════════════════════════╝
[05/07/18, 19:50:24:093] info: Initializing local storage instance at path: /home/nitoli/.config/Slack/local-settings.json
[05/07/18, 19:50:24:771] error: Calls failed to load, bailing
[05/07/18, 19:50:24:776] info: cld3::loadModule: loading cld3 module
[05/07/18, 19:50:24:822] info: cld3Loader::loadModule: running environment is NODE
[05/07/18, 19:50:24:823] info: cld3Loader::loadModule: constructed module object for runtime
[05/07/18, 19:50:25:225] info: cld3Loader::initializeRuntime: successfully initialized module
[05/07/18, 19:50:25:226] info: cld3Loader::loadModule: initialized wasm binary Runtime
[05/07/18, 19:50:25:230] warn: updateSpellcheckerLanguage: Tried to update language, but spellchecker not initialized
[05/07/18, 19:50:25:231] info: SSBIntegration: Main window preload script loaded 1812.643069
[05/07/18, 19:50:30:556] info: Store: UPSERT_WEB_CONTENTS
{
  "id": 3,
  "state": "loaded",
  "teamId": "T5YEC6G73"
}
[05/07/18, 19:50:32:498] info: Store: UPDATE_SESSION_STATUS
{
  "hasValidSession": true,
  "teamId": "T5YEC6G73"
}
[05/07/18, 19:50:32:908] info: postLoadTaskSetup: Desktop client fully loaded
{
  "loadedTime": 16890.663998
}
[05/07/18, 19:50:33:879] info: Store: SELECT_CHANNEL C8Y1H7TEE
[05/07/18, 19:50:33:880] info: Store: UPDATE_TEAM_LOCALE
{
  "locale": "en-US",
  "teamId": "T5YEC6G73"
}
[05/07/18, 19:50:33:880] info: Store: UPDATE_SETTINGS
{
  "locale": "en-US"
}
[05/07/18, 19:50:33:881] info: Store: UPDATE_TEAM_THEME
{
  "teamId": "T5YEC6G73",
  "theme": {
    "active_item": "#4C9689",
    "active_item_text": "#FFFFFF",
    "active_presence": "#38978D",
    "badge": "#EB4D5C",
    "column_bg": "#4D394B",
    "hover_item": "#3E313C",
    "menu_bg": "#3E313C",
    "text_color": "#FFFFFF"
  }
}
[05/07/18, 19:50:34:289] info: Store: UPDATE_TEAM_ICONS
{
  "icons": {
    "image_102": "https://slack-files2.s3-us-west-2.amazonaws.com/avatars/2017-06-28/205110093367_6705e64b9b4a8299bd1f_102.png",
    "image_132": "https://slack-files2.s3-us-west-2.amazonaws.com/avatars/2017-06-28/205110093367_6705e64b9b4a8299bd1f_132.png",
    "image_230": "https://slack-files2.s3-us-west-2.amazonaws.com/avatars/2017-06-28/205110093367_6705e64b9b4a8299bd1f_230.png",
    "image_34": "https://slack-files2.s3-us-west-2.amazonaws.com/avatars/2017-06-28/205110093367_6705e64b9b4a8299bd1f_34.png",
    "image_44": "https://slack-files2.s3-us-west-2.amazonaws.com/avatars/2017-06-28/205110093367_6705e64b9b4a8299bd1f_44.png",
    "image_68": "https://slack-files2.s3-us-west-2.amazonaws.com/avatars/2017-06-28/205110093367_6705e64b9b4a8299bd1f_68.png",
    "image_88": "https://slack-files2.s3-us-west-2.amazonaws.com/avatars/2017-06-28/205110093367_6705e64b9b4a8299bd1f_88.png",
    "image_original": "https://slack-files2.s3-us-west-2.amazonaws.com/avatars/2017-06-28/205110093367_6705e64b9b4a8299bd1f_original.png"
  },
  "teamId": "T5YEC6G73"
}
[05/07/18, 19:50:34:303] info: Store: UPDATE_TEAM_LOCALE
{
  "locale": "en-US",
  "teamId": "T5YEC6G73"
}
[05/07/18, 19:50:34:304] info: Store: UPSERT_WEB_CONTENTS
{
  "id": 3,
  "state": "webapp-loaded",
  "teamId": "T5YEC6G73"
}
[05/07/18, 19:50:34:318] info: Store: SELECT_CHANNEL C4TEJ603W
[05/07/18, 19:50:34:318] info: Store: UPDATE_TEAM_LOCALE
{
  "locale": "en-US"
}
[05/07/18, 19:50:34:326] info: Store: SELECT_CHANNEL C4JRHEQB1
[05/07/18, 19:50:34:327] info: Store: UPDATE_TEAM_LOCALE
{
  "locale": "ja-JP"
}
[05/07/18, 19:50:34:333] info: Store: UPSERT_WEB_CONTENTS
{
  "id": 4,
  "state": "loaded",
  "teamId": "T02R0MMHK"
}
[05/07/18, 19:50:34:333] info: Store: SELECT_CHANNEL C0GFH3RHC
[05/07/18, 19:50:34:334] info: Store: UPDATE_TEAM_LOCALE
{
  "locale": "ja-JP"
}
[05/07/18, 19:50:34:392] info: Store: SELECT_CHANNEL G7GGG2GPN
[05/07/18, 19:50:34:393] info: Store: UPDATE_SESSION_STATUS
{
  "hasValidSession": true,
  "teamId": "T02R0MMHK"
}
[05/07/18, 19:50:34:393] info: Store: UPDATE_TEAM_LOCALE
{
  "locale": "en-US"
}
[05/07/18, 19:50:34:559] info: Store: UPSERT_WEB_CONTENTS
{
  "id": 4,
  "state": "webapp-loaded",
  "teamId": "T02R0MMHK"
}
[05/07/18, 19:50:34:579] info: Store: UPSERT_WEB_CONTENTS
{
  "id": 5,
  "state": "loaded",
  "teamId": "T4HEMM0UR"
}
[05/07/18, 19:50:34:580] info: Store: UPDATE_TEAM_THEME
{
  "teamId": "T02R0MMHK",
  "theme": {
    "active_item": "#4C9689",
    "active_item_text": "#FFFFFF",
    "active_presence": "#38978D",
    "badge": "#EB4D5C",
    "column_bg": "#4D394B",
    "hover_item": "#3E313C",
    "menu_bg": "#3E313C",
    "text_color": "#FFFFFF"
  }
}
[05/07/18, 19:50:34:646] info: Store: STORE_API_TOKEN
{
  "teamId": "T02R0MMHK",
  "token": "xoxs-⋯"
}
[05/07/18, 19:50:34:648] info: Store: STORE_API_TOKEN
{
  "teamId": "T5YEC6G73",
  "token": "xoxs-⋯"
}
[05/07/18, 19:50:34:648] info: Store: UPDATE_TEAM_LOCALE
{
  "locale": "ja-JP"
}
[05/07/18, 19:50:34:657] info: Store: UPDATE_TEAM_ICONS
{
  "icons": {
    "image_102": "https://slack-files2.s3-us-west-2.amazonaws.com/avatars/2015-01-14/3400695805_06e3ed8a8ae7228d7c54_102.jpg",
    "image_132": "https://slack-files2.s3-us-west-2.amazonaws.com/avatars/2015-01-14/3400695805_06e3ed8a8ae7228d7c54_132.jpg",
    "image_230": "https://slack-files2.s3-us-west-2.amazonaws.com/avatars/2015-01-14/3400695805_06e3ed8a8ae7228d7c54_132.jpg",
    "image_34": "https://slack-files2.s3-us-west-2.amazonaws.com/avatars/2015-01-14/3400695805_06e3ed8a8ae7228d7c54_34.jpg",
    "image_44": "https://slack-files2.s3-us-west-2.amazonaws.com/avatars/2015-01-14/3400695805_06e3ed8a8ae7228d7c54_44.jpg",
    "image_68": "https://slack-files2.s3-us-west-2.amazonaws.com/avatars/2015-01-14/3400695805_06e3ed8a8ae7228d7c54_68.jpg",
    "image_88": "https://slack-files2.s3-us-west-2.amazonaws.com/avatars/2015-01-14/3400695805_06e3ed8a8ae7228d7c54_88.jpg",
    "image_original": "https://slack-files2.s3-us-west-2.amazonaws.com/avatars/2015-01-14/3400695805_06e3ed8a8ae7228d7c54_original.jpg"
  },
  "teamId": "T02R0MMHK"
}
[05/07/18, 19:50:34:679] info: Store: UPSERT_WEB_CONTENTS
{
  "id": 7,
  "state": "loaded",
  "teamId": "T0GFBAM8C"
}
[05/07/18, 19:50:34:682] info: Store: UPDATE_SESSION_STATUS
{
  "hasValidSession": true,
  "teamId": "T4HEMM0UR"
}
[05/07/18, 19:50:34:830] info: Store: UPDATE_SESSION_STATUS
{
  "hasValidSession": true,
  "teamId": "T0GFBAM8C"
}
[05/07/18, 19:50:34:961] info: Store: UPSERT_WEB_CONTENTS
{
  "id": 6,
  "state": "loaded",
  "teamId": "T5LFW0CUB"
}
[05/07/18, 19:50:34:972] info: Store: UPDATE_TEAM_LOCALE
{
  "locale": "ja-JP"
}
[05/07/18, 19:50:34:972] info: Store: UPSERT_WEB_CONTENTS
{
  "id": 5,
  "state": "webapp-loaded",
  "teamId": "T4HEMM0UR"
}
[05/07/18, 19:50:35:020] info: Store: UPDATE_TEAM_THEME
{
  "teamId": "T4HEMM0UR",
  "theme": {
    "active_item": "#4C9689",
    "active_item_text": "#FFFFFF",
    "active_presence": "#38978D",
    "badge": "#EB4D5C",
    "column_bg": "#4D394B",
    "hover_item": "#3E313C",
    "menu_bg": "#3E313C",
    "text_color": "#FFFFFF"
  }
}
[05/07/18, 19:50:35:066] info: Store: STORE_API_TOKEN
{
  "teamId": "T4HEMM0UR",
  "token": "xoxs-⋯"
}
[05/07/18, 19:50:35:068] info: Store: UPDATE_TEAM_ICONS
{
  "icons": {
    "image_102": "https://slack-files2.s3-us-west-2.amazonaws.com/avatars/2017-03-15/154610708258_f98e05c23845866960a5_102.png",
    "image_132": "https://slack-files2.s3-us-west-2.amazonaws.com/avatars/2017-03-15/154610708258_f98e05c23845866960a5_132.png",
    "image_230": "https://slack-files2.s3-us-west-2.amazonaws.com/avatars/2017-03-15/154610708258_f98e05c23845866960a5_230.png",
    "image_34": "https://slack-files2.s3-us-west-2.amazonaws.com/avatars/2017-03-15/154610708258_f98e05c23845866960a5_34.png",
    "image_44": "https://slack-files2.s3-us-west-2.amazonaws.com/avatars/2017-03-15/154610708258_f98e05c23845866960a5_44.png",
    "image_68": "https://slack-files2.s3-us-west-2.amazonaws.com/avatars/2017-03-15/154610708258_f98e05c23845866960a5_68.png",
    "image_88": "https://slack-files2.s3-us-west-2.amazonaws.com/avatars/2017-03-15/154610708258_f98e05c23845866960a5_88.png",
    "image_original": "https://slack-files2.s3-us-west-2.amazonaws.com/avatars/2017-03-15/154610708258_f98e05c23845866960a5_original.png"
  },
  "teamId": "T4HEMM0UR"
}
[05/07/18, 19:50:35:141] info: Store: UPDATE_TEAM_LOCALE
{
  "locale": "ja-JP"
}
[05/07/18, 19:50:35:150] info: Store: UPSERT_WEB_CONTENTS
{
  "id": 7,
  "state": "webapp-loaded",
  "teamId": "T0GFBAM8C"
}
[05/07/18, 19:50:35:207] info: Store: UPDATE_SESSION_STATUS
{
  "hasValidSession": true,
  "teamId": "T5LFW0CUB"
}
[05/07/18, 19:50:35:324] info: Store: UPDATE_TEAM_THEME
{
  "teamId": "T0GFBAM8C",
  "theme": {
    "active_item": "#4C9689",
    "active_item_text": "#FFFFFF",
    "active_presence": "#38978D",
    "badge": "#EB4D5C",
    "column_bg": "#4D394B",
    "hover_item": "#3E313C",
    "menu_bg": "#3E313C",
    "text_color": "#FFFFFF"
  }
}
[05/07/18, 19:50:35:442] info: Store: STORE_API_TOKEN
{
  "teamId": "T0GFBAM8C",
  "token": "xoxs-⋯"
}
[05/07/18, 19:50:35:442] info: Store: UPDATE_TEAM_ICONS
{
  "icons": {
    "image_102": "https://slack-files2.s3-us-west-2.amazonaws.com/avatars/2015-12-19/17054493216_07addcfb3fb1718cbba4_102.png",
    "image_132": "https://slack-files2.s3-us-west-2.amazonaws.com/avatars/2015-12-19/17054493216_07addcfb3fb1718cbba4_132.png",
    "image_230": "https://slack-files2.s3-us-west-2.amazonaws.com/avatars/2015-12-19/17054493216_07addcfb3fb1718cbba4_132.png",
    "image_34": "https://slack-files2.s3-us-west-2.amazonaws.com/avatars/2015-12-19/17054493216_07addcfb3fb1718cbba4_34.png",
    "image_44": "https://slack-files2.s3-us-west-2.amazonaws.com/avatars/2015-12-19/17054493216_07addcfb3fb1718cbba4_44.png",
    "image_68": "https://slack-files2.s3-us-west-2.amazonaws.com/avatars/2015-12-19/17054493216_07addcfb3fb1718cbba4_68.png",
    "image_88": "https://slack-files2.s3-us-west-2.amazonaws.com/avatars/2015-12-19/17054493216_07addcfb3fb1718cbba4_88.png",
    "image_original": "https://slack-files2.s3-us-west-2.amazonaws.com/avatars/2015-12-19/17054493216_07addcfb3fb1718cbba4_original.png"
  },
  "teamId": "T0GFBAM8C"
}
[05/07/18, 19:50:35:526] info: Store: UPDATE_TEAM_LOCALE
{
  "locale": "ja-JP"
}
[05/07/18, 19:50:35:526] info: Store: UPSERT_WEB_CONTENTS
{
  "id": 6,
  "state": "webapp-loaded",
  "teamId": "T5LFW0CUB"
}
[05/07/18, 19:50:35:640] info: Store: UPDATE_TEAM_THEME
{
  "teamId": "T5LFW0CUB",
  "theme": {
    "active_item": "#4C9689",
    "active_item_text": "#FFFFFF",
    "active_presence": "#38978D",
    "badge": "#EB4D5C",
    "column_bg": "#4D394B",
    "hover_item": "#3E313C",
    "menu_bg": "#3E313C",
    "text_color": "#FFFFFF"
  }
}
[05/07/18, 19:50:35:707] info: Store: STORE_API_TOKEN
{
  "teamId": "T5LFW0CUB",
  "token": "xoxs-⋯"
}
[05/07/18, 19:50:35:714] info: Store: UPDATE_TEAM_ICONS
{
  "icons": {
    "image_102": "https://slack-files2.s3-us-west-2.amazonaws.com/avatars/2017-08-21/229801110004_7754c1684d8336d012c4_102.jpg",
    "image_132": "https://slack-files2.s3-us-west-2.amazonaws.com/avatars/2017-08-21/229801110004_7754c1684d8336d012c4_132.jpg",
    "image_230": "https://slack-files2.s3-us-west-2.amazonaws.com/avatars/2017-08-21/229801110004_7754c1684d8336d012c4_230.jpg",
    "image_34": "https://slack-files2.s3-us-west-2.amazonaws.com/avatars/2017-08-21/229801110004_7754c1684d8336d012c4_34.jpg",
    "image_44": "https://slack-files2.s3-us-west-2.amazonaws.com/avatars/2017-08-21/229801110004_7754c1684d8336d012c4_44.jpg",
    "image_68": "https://slack-files2.s3-us-west-2.amazonaws.com/avatars/2017-08-21/229801110004_7754c1684d8336d012c4_68.jpg",
    "image_88": "https://slack-files2.s3-us-west-2.amazonaws.com/avatars/2017-08-21/229801110004_7754c1684d8336d012c4_88.jpg",
    "image_original": "https://slack-files2.s3-us-west-2.amazonaws.com/avatars/2017-08-21/229801110004_7754c1684d8336d012c4_original.jpg"
  },
  "teamId": "T5LFW0CUB"
}
[05/07/18, 19:50:35:981] info: Raw Locale list: ["C","en_US.utf8","POSIX",""]
[05/07/18, 19:50:35:982] info: Filtered Locale list: ["en_US"]
[05/07/18, 19:50:35:982] info: Counts: {"en":["en_US"]}
[05/07/18, 19:50:35:983] info: Setting en
[05/07/18, 19:50:35:985] info: Result: {"en":"en-US"}
[05/07/18, 19:50:35:989] info: Requesting to load ja-JP, alternatives are ["ja-JP","ja-JP","ja-JP"]
[05/07/18, 19:50:35:992] info: Loading dictionary for language ja-JP
[05/07/18, 19:50:35:993] info: Returning local copy: /home/nitoli/.config/Slack/dictionaries/ja-JP.bdic
[05/07/18, 19:50:36:003] info: Failed to read file /home/nitoli/.config/Slack/dictionaries/ja-JP.bdic: File exists but is most likely bogus
[05/07/18, 19:50:36:005] info: Actually downloading https://redirector.gvt1.com/edgedl/chrome/dict/ja-jp-3-0.bdic
[05/07/18, 19:50:36:767] info: Loading dictionary for language ja-JP
[05/07/18, 19:50:36:768] info: Returning local copy: /home/nitoli/.config/Slack/dictionaries/ja-JP.bdic
[05/07/18, 19:50:36:770] info: Failed to read file /home/nitoli/.config/Slack/dictionaries/ja-JP.bdic: File exists but is most likely bogus
[05/07/18, 19:50:36:770] info: Actually downloading https://redirector.gvt1.com/edgedl/chrome/dict/ja-jp-3-0.bdic
[05/07/18, 19:50:37:044] info: Loading dictionary for language ja-JP
[05/07/18, 19:50:37:045] info: Returning local copy: /home/nitoli/.config/Slack/dictionaries/ja-JP.bdic
[05/07/18, 19:50:37:055] info: Failed to read file /home/nitoli/.config/Slack/dictionaries/ja-JP.bdic: File exists but is most likely bogus
[05/07/18, 19:50:37:056] info: Actually downloading https://redirector.gvt1.com/edgedl/chrome/dict/ja-jp-3-0.bdic
[05/07/18, 19:50:37:216] info: dictionary for ja-JP_ja-JP is not available
[05/07/18, 19:50:37:219] info: Actually installing spell check provider to Electron
[05/08/18, 19:34:52:182] info: ╔════════════════════════════════════════════════════════════════════════════╗
[05/08/18, 19:34:52:191] info: ║      Slack 3.1.1, linux 4.16.7-1-zen on x64 at 05/08/18, 19:34:52:178      ║
[05/08/18, 19:34:52:192] info: ╚════════════════════════════════════════════════════════════════════════════╝
[05/08/18, 19:34:52:446] info: Initializing local storage instance at path: /home/nitoli/.config/Slack/local-settings.json
[05/08/18, 19:34:53:626] error: Calls failed to load, bailing
[05/08/18, 19:34:53:634] info: cld3::loadModule: loading cld3 module
[05/08/18, 19:34:53:745] info: cld3Loader::loadModule: running environment is NODE
[05/08/18, 19:34:53:753] info: cld3Loader::loadModule: constructed module object for runtime
[05/08/18, 19:34:54:630] info: cld3Loader::initializeRuntime: successfully initialized module
[05/08/18, 19:34:54:633] info: cld3Loader::loadModule: initialized wasm binary Runtime
[05/08/18, 19:34:54:652] warn: updateSpellcheckerLanguage: Tried to update language, but spellchecker not initialized
[05/08/18, 19:34:54:653] info: SSBIntegration: Main window preload script loaded 3654.124322
[05/08/18, 19:35:00:481] info: Store: UPSERT_WEB_CONTENTS
{
  "id": 3,
  "state": "loaded",
  "teamId": "T5YEC6G73"
}
[05/08/18, 19:35:03:267] info: Store: SELECT_CHANNEL DAKU6817C
[05/08/18, 19:35:03:277] info: Store: UPDATE_TEAM_LOCALE
{
  "locale": "en-US"
}
[05/08/18, 19:35:03:281] info: Store: UPDATE_SETTINGS
{
  "locale": "en-US"
}
[05/08/18, 19:35:03:282] info: Store: UPDATE_SESSION_STATUS
{
  "hasValidSession": true,
  "teamId": "T5YEC6G73"
}
[05/08/18, 19:35:03:826] info: postLoadTaskSetup: Desktop client fully loaded
{
  "loadedTime": 21354.148729
}
[05/08/18, 19:35:04:071] info: Store: UPSERT_WEB_CONTENTS
{
  "id": 4,
  "state": "loaded",
  "teamId": "T02R0MMHK"
}
[05/08/18, 19:35:04:073] info: Store: SELECT_CHANNEL C8Y1H7TEE
[05/08/18, 19:35:04:073] info: Store: UPDATE_TEAM_LOCALE
{
  "locale": "en-US",
  "teamId": "T5YEC6G73"
}
[05/08/18, 19:35:04:074] info: Store: UPDATE_TEAM_THEME
{
  "teamId": "T5YEC6G73",
  "theme": {
    "active_item": "#4C9689",
    "active_item_text": "#FFFFFF",
    "active_presence": "#38978D",
    "badge": "#EB4D5C",
    "column_bg": "#4D394B",
    "hover_item": "#3E313C",
    "menu_bg": "#3E313C",
    "text_color": "#FFFFFF"
  }
}
[05/08/18, 19:35:04:075] info: Store: UPDATE_SESSION_STATUS
{
  "hasValidSession": true,
  "teamId": "T02R0MMHK"
}
[05/08/18, 19:35:04:076] info: Store: UPDATE_TEAM_LOCALE
{
  "locale": "en-US"
}
[05/08/18, 19:35:04:077] info: Store: UPSERT_WEB_CONTENTS
{
  "id": 4,
  "state": "webapp-loaded",
  "teamId": "T02R0MMHK"
}
[05/08/18, 19:35:04:120] info: Store: STORE_API_TOKEN
{
  "teamId": "T02R0MMHK",
  "token": "xoxs-⋯"
}
[05/08/18, 19:35:04:121] info: Store: UPDATE_TEAM_ICONS
{
  "icons": {
    "image_102": "https://slack-files2.s3-us-west-2.amazonaws.com/avatars/2015-01-14/3400695805_06e3ed8a8ae7228d7c54_102.jpg",
    "image_132": "https://slack-files2.s3-us-west-2.amazonaws.com/avatars/2015-01-14/3400695805_06e3ed8a8ae7228d7c54_132.jpg",
    "image_230": "https://slack-files2.s3-us-west-2.amazonaws.com/avatars/2015-01-14/3400695805_06e3ed8a8ae7228d7c54_132.jpg",
    "image_34": "https://slack-files2.s3-us-west-2.amazonaws.com/avatars/2015-01-14/3400695805_06e3ed8a8ae7228d7c54_34.jpg",
    "image_44": "https://slack-files2.s3-us-west-2.amazonaws.com/avatars/2015-01-14/3400695805_06e3ed8a8ae7228d7c54_44.jpg",
    "image_68": "https://slack-files2.s3-us-west-2.amazonaws.com/avatars/2015-01-14/3400695805_06e3ed8a8ae7228d7c54_68.jpg",
    "image_88": "https://slack-files2.s3-us-west-2.amazonaws.com/avatars/2015-01-14/3400695805_06e3ed8a8ae7228d7c54_88.jpg",
    "image_original": "https://slack-files2.s3-us-west-2.amazonaws.com/avatars/2015-01-14/3400695805_06e3ed8a8ae7228d7c54_original.jpg"
  },
  "teamId": "T02R0MMHK"
}
[05/08/18, 19:35:04:152] info: Store: SELECT_CHANNEL C0GFH3RHC
[05/08/18, 19:35:04:152] info: Store: UPDATE_TEAM_LOCALE
{
  "locale": "ja-JP"
}
[05/08/18, 19:35:04:160] info: Store: SELECT_CHANNEL G7GGG2GPN
[05/08/18, 19:35:04:494] info: Store: SELECT_CHANNEL C4JRHEQB1
[05/08/18, 19:35:04:495] info: Store: UPDATE_TEAM_LOCALE
{
  "locale": "ja-JP"
}
[05/08/18, 19:35:04:496] info: Store: UPDATE_TEAM_ICONS
{
  "icons": {
    "image_102": "https://slack-files2.s3-us-west-2.amazonaws.com/avatars/2017-06-28/205110093367_6705e64b9b4a8299bd1f_102.png",
    "image_132": "https://slack-files2.s3-us-west-2.amazonaws.com/avatars/2017-06-28/205110093367_6705e64b9b4a8299bd1f_132.png",
    "image_230": "https://slack-files2.s3-us-west-2.amazonaws.com/avatars/2017-06-28/205110093367_6705e64b9b4a8299bd1f_230.png",
    "image_34": "https://slack-files2.s3-us-west-2.amazonaws.com/avatars/2017-06-28/205110093367_6705e64b9b4a8299bd1f_34.png",
    "image_44": "https://slack-files2.s3-us-west-2.amazonaws.com/avatars/2017-06-28/205110093367_6705e64b9b4a8299bd1f_44.png",
    "image_68": "https://slack-files2.s3-us-west-2.amazonaws.com/avatars/2017-06-28/205110093367_6705e64b9b4a8299bd1f_68.png",
    "image_88": "https://slack-files2.s3-us-west-2.amazonaws.com/avatars/2017-06-28/205110093367_6705e64b9b4a8299bd1f_88.png",
    "image_original": "https://slack-files2.s3-us-west-2.amazonaws.com/avatars/2017-06-28/205110093367_6705e64b9b4a8299bd1f_original.png"
  },
  "teamId": "T5YEC6G73"
}
[05/08/18, 19:35:04:497] info: Store: UPDATE_TEAM_LOCALE
{
  "locale": "ja-JP"
}
[05/08/18, 19:35:04:497] info: Store: UPSERT_WEB_CONTENTS
{
  "id": 7,
  "state": "loaded",
  "teamId": "T0GFBAM8C"
}
[05/08/18, 19:35:04:498] info: Store: UPDATE_TEAM_LOCALE
{
  "locale": "en-US",
  "teamId": "T5YEC6G73"
}
[05/08/18, 19:35:04:500] info: Store: UPSERT_WEB_CONTENTS
{
  "id": 3,
  "state": "webapp-loaded",
  "teamId": "T5YEC6G73"
}
[05/08/18, 19:35:04:513] info: Store: UPSERT_WEB_CONTENTS
{
  "id": 5,
  "state": "loaded",
  "teamId": "T4HEMM0UR"
}
[05/08/18, 19:35:04:513] info: Store: UPSERT_WEB_CONTENTS
{
  "id": 6,
  "state": "loaded",
  "teamId": "T5LFW0CUB"
}
[05/08/18, 19:35:04:514] info: Store: UPDATE_SESSION_STATUS
{
  "hasValidSession": true,
  "teamId": "T0GFBAM8C"
}
[05/08/18, 19:35:04:537] info: Store: UPDATE_TEAM_THEME
{
  "teamId": "T02R0MMHK",
  "theme": {
    "active_item": "#4C9689",
    "active_item_text": "#FFFFFF",
    "active_presence": "#38978D",
    "badge": "#EB4D5C",
    "column_bg": "#4D394B",
    "hover_item": "#3E313C",
    "menu_bg": "#3E313C",
    "text_color": "#FFFFFF"
  }
}
[05/08/18, 19:35:04:557] info: Store: UPDATE_TEAM_LOCALE
{
  "locale": "ja-JP"
}
[05/08/18, 19:35:04:558] info: Store: UPSERT_WEB_CONTENTS
{
  "id": 7,
  "state": "webapp-loaded",
  "teamId": "T0GFBAM8C"
}
[05/08/18, 19:35:04:559] info: Store: UPDATE_SESSION_STATUS
{
  "hasValidSession": true,
  "teamId": "T4HEMM0UR"
}
[05/08/18, 19:35:04:572] info: Store: UPDATE_SESSION_STATUS
{
  "hasValidSession": true,
  "teamId": "T5LFW0CUB"
}
[05/08/18, 19:35:04:572] info: Store: UPDATE_TEAM_THEME
{
  "teamId": "T0GFBAM8C",
  "theme": {
    "active_item": "#4C9689",
    "active_item_text": "#FFFFFF",
    "active_presence": "#38978D",
    "badge": "#EB4D5C",
    "column_bg": "#4D394B",
    "hover_item": "#3E313C",
    "menu_bg": "#3E313C",
    "text_color": "#FFFFFF"
  }
}
[05/08/18, 19:35:04:573] info: Store: STORE_API_TOKEN
{
  "teamId": "T0GFBAM8C",
  "token": "xoxs-⋯"
}
[05/08/18, 19:35:04:573] info: Store: UPDATE_TEAM_LOCALE
{
  "locale": "ja-JP"
}
[05/08/18, 19:35:04:574] info: Store: UPSERT_WEB_CONTENTS
{
  "id": 6,
  "state": "webapp-loaded",
  "teamId": "T5LFW0CUB"
}
[05/08/18, 19:35:04:575] info: Store: UPDATE_TEAM_LOCALE
{
  "locale": "ja-JP"
}
[05/08/18, 19:35:04:575] info: Store: UPSERT_WEB_CONTENTS
{
  "id": 5,
  "state": "webapp-loaded",
  "teamId": "T4HEMM0UR"
}
[05/08/18, 19:35:04:650] info: Store: STORE_API_TOKEN
{
  "teamId": "T5YEC6G73",
  "token": "xoxs-⋯"
}
[05/08/18, 19:35:04:673] info: Store: STORE_API_TOKEN
{
  "teamId": "T5LFW0CUB",
  "token": "xoxs-⋯"
}
[05/08/18, 19:35:04:673] info: Store: UPDATE_TEAM_THEME
{
  "teamId": "T4HEMM0UR",
  "theme": {
    "active_item": "#4C9689",
    "active_item_text": "#FFFFFF",
    "active_presence": "#38978D",
    "badge": "#EB4D5C",
    "column_bg": "#4D394B",
    "hover_item": "#3E313C",
    "menu_bg": "#3E313C",
    "text_color": "#FFFFFF"
  }
}
[05/08/18, 19:35:04:674] info: Store: STORE_API_TOKEN
{
  "teamId": "T4HEMM0UR",
  "token": "xoxs-⋯"
}
[05/08/18, 19:35:05:106] info: Store: UPDATE_TEAM_ICONS
{
  "icons": {
    "image_102": "https://slack-files2.s3-us-west-2.amazonaws.com/avatars/2015-12-19/17054493216_07addcfb3fb1718cbba4_102.png",
    "image_132": "https://slack-files2.s3-us-west-2.amazonaws.com/avatars/2015-12-19/17054493216_07addcfb3fb1718cbba4_132.png",
    "image_230": "https://slack-files2.s3-us-west-2.amazonaws.com/avatars/2015-12-19/17054493216_07addcfb3fb1718cbba4_132.png",
    "image_34": "https://slack-files2.s3-us-west-2.amazonaws.com/avatars/2015-12-19/17054493216_07addcfb3fb1718cbba4_34.png",
    "image_44": "https://slack-files2.s3-us-west-2.amazonaws.com/avatars/2015-12-19/17054493216_07addcfb3fb1718cbba4_44.png",
    "image_68": "https://slack-files2.s3-us-west-2.amazonaws.com/avatars/2015-12-19/17054493216_07addcfb3fb1718cbba4_68.png",
    "image_88": "https://slack-files2.s3-us-west-2.amazonaws.com/avatars/2015-12-19/17054493216_07addcfb3fb1718cbba4_88.png",
    "image_original": "https://slack-files2.s3-us-west-2.amazonaws.com/avatars/2015-12-19/17054493216_07addcfb3fb1718cbba4_original.png"
  },
  "teamId": "T0GFBAM8C"
}
[05/08/18, 19:35:05:107] info: Store: UPDATE_TEAM_ICONS
{
  "icons": {
    "image_102": "https://slack-files2.s3-us-west-2.amazonaws.com/avatars/2017-03-15/154610708258_f98e05c23845866960a5_102.png",
    "image_132": "https://slack-files2.s3-us-west-2.amazonaws.com/avatars/2017-03-15/154610708258_f98e05c23845866960a5_132.png",
    "image_230": "https://slack-files2.s3-us-west-2.amazonaws.com/avatars/2017-03-15/154610708258_f98e05c23845866960a5_230.png",
    "image_34": "https://slack-files2.s3-us-west-2.amazonaws.com/avatars/2017-03-15/154610708258_f98e05c23845866960a5_34.png",
    "image_44": "https://slack-files2.s3-us-west-2.amazonaws.com/avatars/2017-03-15/154610708258_f98e05c23845866960a5_44.png",
    "image_68": "https://slack-files2.s3-us-west-2.amazonaws.com/avatars/2017-03-15/154610708258_f98e05c23845866960a5_68.png",
    "image_88": "https://slack-files2.s3-us-west-2.amazonaws.com/avatars/2017-03-15/154610708258_f98e05c23845866960a5_88.png",
    "image_original": "https://slack-files2.s3-us-west-2.amazonaws.com/avatars/2017-03-15/154610708258_f98e05c23845866960a5_original.png"
  },
  "teamId": "T4HEMM0UR"
}
[05/08/18, 19:35:05:107] info: Store: UPDATE_TEAM_THEME
{
  "teamId": "T5LFW0CUB",
  "theme": {
    "active_item": "#4C9689",
    "active_item_text": "#FFFFFF",
    "active_presence": "#38978D",
    "badge": "#EB4D5C",
    "column_bg": "#4D394B",
    "hover_item": "#3E313C",
    "menu_bg": "#3E313C",
    "text_color": "#FFFFFF"
  }
}
[05/08/18, 19:35:05:107] info: Store: UPDATE_TEAM_ICONS
{
  "icons": {
    "image_102": "https://slack-files2.s3-us-west-2.amazonaws.com/avatars/2017-08-21/229801110004_7754c1684d8336d012c4_102.jpg",
    "image_132": "https://slack-files2.s3-us-west-2.amazonaws.com/avatars/2017-08-21/229801110004_7754c1684d8336d012c4_132.jpg",
    "image_230": "https://slack-files2.s3-us-west-2.amazonaws.com/avatars/2017-08-21/229801110004_7754c1684d8336d012c4_230.jpg",
    "image_34": "https://slack-files2.s3-us-west-2.amazonaws.com/avatars/2017-08-21/229801110004_7754c1684d8336d012c4_34.jpg",
    "image_44": "https://slack-files2.s3-us-west-2.amazonaws.com/avatars/2017-08-21/229801110004_7754c1684d8336d012c4_44.jpg",
    "image_68": "https://slack-files2.s3-us-west-2.amazonaws.com/avatars/2017-08-21/229801110004_7754c1684d8336d012c4_68.jpg",
    "image_88": "https://slack-files2.s3-us-west-2.amazonaws.com/avatars/2017-08-21/229801110004_7754c1684d8336d012c4_88.jpg",
    "image_original": "https://slack-files2.s3-us-west-2.amazonaws.com/avatars/2017-08-21/229801110004_7754c1684d8336d012c4_original.jpg"
  },
  "teamId": "T5LFW0CUB"
}
[05/08/18, 19:35:05:536] info: Raw Locale list: ["C","en_US.utf8","POSIX",""]
[05/08/18, 19:35:05:536] info: Filtered Locale list: ["en_US"]
[05/08/18, 19:35:05:536] info: Counts: {"en":["en_US"]}
[05/08/18, 19:35:05:536] info: Setting en
[05/08/18, 19:35:05:537] info: Result: {"en":"en-US"}
[05/08/18, 19:35:05:539] info: Requesting to load ja-JP, alternatives are ["ja-JP","ja-JP","ja-JP"]
[05/08/18, 19:35:05:540] info: Loading dictionary for language ja-JP
[05/08/18, 19:35:05:540] info: Returning local copy: /home/nitoli/.config/Slack/dictionaries/ja-JP.bdic
[05/08/18, 19:35:05:549] info: Failed to read file /home/nitoli/.config/Slack/dictionaries/ja-JP.bdic: File exists but is most likely bogus
[05/08/18, 19:35:05:549] info: Actually downloading https://redirector.gvt1.com/edgedl/chrome/dict/ja-jp-3-0.bdic
[05/08/18, 19:35:06:395] info: Loading dictionary for language ja-JP
[05/08/18, 19:35:06:395] info: Returning local copy: /home/nitoli/.config/Slack/dictionaries/ja-JP.bdic
[05/08/18, 19:35:06:398] info: Failed to read file /home/nitoli/.config/Slack/dictionaries/ja-JP.bdic: File exists but is most likely bogus
[05/08/18, 19:35:06:398] info: Actually downloading https://redirector.gvt1.com/edgedl/chrome/dict/ja-jp-3-0.bdic
[05/08/18, 19:35:06:583] info: Loading dictionary for language ja-JP
[05/08/18, 19:35:06:583] info: Returning local copy: /home/nitoli/.config/Slack/dictionaries/ja-JP.bdic
[05/08/18, 19:35:06:585] info: Failed to read file /home/nitoli/.config/Slack/dictionaries/ja-JP.bdic: File exists but is most likely bogus
[05/08/18, 19:35:06:586] info: Actually downloading https://redirector.gvt1.com/edgedl/chrome/dict/ja-jp-3-0.bdic
[05/08/18, 19:35:06:781] info: dictionary for ja-JP_ja-JP is not available
[05/08/18, 19:35:06:782] info: Actually installing spell check provider to Electron
[05/08/18, 19:36:01:373] info: Unloading spellchecker
[05/08/18, 19:36:01:411] info: Restoring spellchecker
[05/08/18, 19:36:01:411] info: Requesting to load ja-JP, alternatives are ["ja-JP","ja-JP","ja-JP"]
[05/08/18, 19:36:01:412] info: Loading dictionary for language ja-JP
[05/08/18, 19:36:01:412] info: Returning local copy: /home/nitoli/.config/Slack/dictionaries/ja-JP.bdic
[05/08/18, 19:36:01:447] info: Failed to read file /home/nitoli/.config/Slack/dictionaries/ja-JP.bdic: File exists but is most likely bogus
[05/08/18, 19:36:01:448] info: Actually downloading https://redirector.gvt1.com/edgedl/chrome/dict/ja-jp-3-0.bdic
[05/08/18, 19:36:01:964] info: Loading dictionary for language ja-JP
[05/08/18, 19:36:01:965] info: Returning local copy: /home/nitoli/.config/Slack/dictionaries/ja-JP.bdic
[05/08/18, 19:36:01:967] info: Failed to read file /home/nitoli/.config/Slack/dictionaries/ja-JP.bdic: File exists but is most likely bogus
[05/08/18, 19:36:01:968] info: Actually downloading https://redirector.gvt1.com/edgedl/chrome/dict/ja-jp-3-0.bdic
[05/08/18, 19:36:02:163] info: Loading dictionary for language ja-JP
[05/08/18, 19:36:02:164] info: Returning local copy: /home/nitoli/.config/Slack/dictionaries/ja-JP.bdic
[05/08/18, 19:36:02:166] info: Failed to read file /home/nitoli/.config/Slack/dictionaries/ja-JP.bdic: File exists but is most likely bogus
[05/08/18, 19:36:02:169] info: Actually downloading https://redirector.gvt1.com/edgedl/chrome/dict/ja-jp-3-0.bdic
[05/08/18, 19:36:02:367] info: dictionary for ja-JP_ja-JP is not available
[05/08/18, 19:36:02:642] info: Unloading spellchecker
[05/08/18, 19:36:02:645] info: Restoring spellchecker
[05/08/18, 19:36:02:645] info: Requesting to load ja-JP, alternatives are ["ja-JP","ja-JP","ja-JP"]
[05/08/18, 19:36:02:646] info: Loading dictionary for language ja-JP
[05/08/18, 19:36:02:646] info: Returning local copy: /home/nitoli/.config/Slack/dictionaries/ja-JP.bdic
[05/08/18, 19:36:02:689] info: Failed to read file /home/nitoli/.config/Slack/dictionaries/ja-JP.bdic: File exists but is most likely bogus
[05/08/18, 19:36:02:689] info: Actually downloading https://redirector.gvt1.com/edgedl/chrome/dict/ja-jp-3-0.bdic
[05/08/18, 19:36:02:827] info: Loading dictionary for language ja-JP
[05/08/18, 19:36:02:827] info: Returning local copy: /home/nitoli/.config/Slack/dictionaries/ja-JP.bdic
[05/08/18, 19:36:02:828] info: Failed to read file /home/nitoli/.config/Slack/dictionaries/ja-JP.bdic: File exists but is most likely bogus
[05/08/18, 19:36:02:828] info: Actually downloading https://redirector.gvt1.com/edgedl/chrome/dict/ja-jp-3-0.bdic
[05/08/18, 19:36:03:039] info: Loading dictionary for language ja-JP
[05/08/18, 19:36:03:039] info: Returning local copy: /home/nitoli/.config/Slack/dictionaries/ja-JP.bdic
[05/08/18, 19:36:03:039] info: Failed to read file /home/nitoli/.config/Slack/dictionaries/ja-JP.bdic: File exists but is most likely bogus
[05/08/18, 19:36:03:040] info: Actually downloading https://redirector.gvt1.com/edgedl/chrome/dict/ja-jp-3-0.bdic
[05/08/18, 19:36:03:201] info: dictionary for ja-JP_ja-JP is not available
[05/08/18, 20:03:11:066] info: Unloading spellchecker
[05/08/18, 20:03:11:110] info: Restoring spellchecker
[05/08/18, 20:03:11:110] info: Requesting to load ja-JP, alternatives are ["ja-JP","ja-JP","ja-JP"]
[05/08/18, 20:03:11:110] info: Loading dictionary for language ja-JP
[05/08/18, 20:03:11:110] info: Returning local copy: /home/nitoli/.config/Slack/dictionaries/ja-JP.bdic
[05/08/18, 20:03:11:130] info: Failed to read file /home/nitoli/.config/Slack/dictionaries/ja-JP.bdic: File exists but is most likely bogus
[05/08/18, 20:03:11:131] info: Actually downloading https://redirector.gvt1.com/edgedl/chrome/dict/ja-jp-3-0.bdic
[05/08/18, 20:03:11:881] info: Unloading spellchecker
[05/08/18, 20:03:11:884] info: Unloading spellchecker
[05/08/18, 20:03:11:951] info: Loading dictionary for language ja-JP
[05/08/18, 20:03:11:951] info: Returning local copy: /home/nitoli/.config/Slack/dictionaries/ja-JP.bdic
[05/08/18, 20:03:11:951] info: Failed to read file /home/nitoli/.config/Slack/dictionaries/ja-JP.bdic: File exists but is most likely bogus
[05/08/18, 20:03:11:951] info: Actually downloading https://redirector.gvt1.com/edgedl/chrome/dict/ja-jp-3-0.bdic
[05/08/18, 20:03:12:152] info: Loading dictionary for language ja-JP
[05/08/18, 20:03:12:152] info: Returning local copy: /home/nitoli/.config/Slack/dictionaries/ja-JP.bdic
[05/08/18, 20:03:12:155] info: Failed to read file /home/nitoli/.config/Slack/dictionaries/ja-JP.bdic: File exists but is most likely bogus
[05/08/18, 20:03:12:156] info: Actually downloading https://redirector.gvt1.com/edgedl/chrome/dict/ja-jp-3-0.bdic
[05/08/18, 20:03:12:204] info: Restoring spellchecker
[05/08/18, 20:03:12:205] info: Requesting to load ja-JP, alternatives are ["ja-JP","ja-JP","ja-JP"]
[05/08/18, 20:03:12:205] info: Loading dictionary for language ja-JP
[05/08/18, 20:03:12:206] info: Actually downloading https://redirector.gvt1.com/edgedl/chrome/dict/ja-jp-3-0.bdic
[05/08/18, 20:03:12:352] info: dictionary for ja-JP_ja-JP is not available
[05/08/18, 20:03:12:699] info: Loading dictionary for language ja-JP
[05/08/18, 20:03:12:699] info: Returning local copy: /home/nitoli/.config/Slack/dictionaries/ja-JP.bdic
[05/08/18, 20:03:12:702] info: Failed to read file /home/nitoli/.config/Slack/dictionaries/ja-JP.bdic: File exists but is most likely bogus
[05/08/18, 20:03:12:703] info: Actually downloading https://redirector.gvt1.com/edgedl/chrome/dict/ja-jp-3-0.bdic
[05/08/18, 20:03:12:857] info: Loading dictionary for language ja-JP
[05/08/18, 20:03:12:858] info: Returning local copy: /home/nitoli/.config/Slack/dictionaries/ja-JP.bdic
[05/08/18, 20:03:12:864] info: Failed to read file /home/nitoli/.config/Slack/dictionaries/ja-JP.bdic: File exists but is most likely bogus
[05/08/18, 20:03:12:868] info: Actually downloading https://redirector.gvt1.com/edgedl/chrome/dict/ja-jp-3-0.bdic
[05/08/18, 20:03:13:046] info: dictionary for ja-JP_ja-JP is not available
[05/08/18, 20:03:17:872] info: Unloading spellchecker
[05/08/18, 20:03:17:877] info: Restoring spellchecker
[05/08/18, 20:03:17:880] info: Requesting to load ja-JP, alternatives are ["ja-JP","ja-JP","ja-JP"]
[05/08/18, 20:03:17:883] info: Loading dictionary for language ja-JP
[05/08/18, 20:03:17:884] info: Returning local copy: /home/nitoli/.config/Slack/dictionaries/ja-JP.bdic
[05/08/18, 20:03:17:909] info: Failed to read file /home/nitoli/.config/Slack/dictionaries/ja-JP.bdic: File exists but is most likely bogus
[05/08/18, 20:03:17:909] info: Actually downloading https://redirector.gvt1.com/edgedl/chrome/dict/ja-jp-3-0.bdic
[05/08/18, 20:03:18:028] info: Loading dictionary for language ja-JP
[05/08/18, 20:03:18:028] info: Returning local copy: /home/nitoli/.config/Slack/dictionaries/ja-JP.bdic
[05/08/18, 20:03:18:031] info: Failed to read file /home/nitoli/.config/Slack/dictionaries/ja-JP.bdic: File exists but is most likely bogus
[05/08/18, 20:03:18:032] info: Actually downloading https://redirector.gvt1.com/edgedl/chrome/dict/ja-jp-3-0.bdic
[05/08/18, 20:03:18:407] info: Loading dictionary for language ja-JP
[05/08/18, 20:03:18:407] info: Returning local copy: /home/nitoli/.config/Slack/dictionaries/ja-JP.bdic
[05/08/18, 20:03:18:408] info: Failed to read file /home/nitoli/.config/Slack/dictionaries/ja-JP.bdic: File exists but is most likely bogus
[05/08/18, 20:03:18:409] info: Actually downloading https://redirector.gvt1.com/edgedl/chrome/dict/ja-jp-3-0.bdic
[05/08/18, 20:03:18:544] info: dictionary for ja-JP_ja-JP is not available
[05/08/18, 20:03:19:168] info: Unloading spellchecker
[05/08/18, 20:03:19:177] info: Unloading spellchecker
[05/08/18, 20:03:19:763] info: Restoring spellchecker
[05/08/18, 20:03:19:763] info: Requesting to load ja-JP, alternatives are ["ja-JP","ja-JP","ja-JP"]
[05/08/18, 20:03:19:764] info: Loading dictionary for language ja-JP
[05/08/18, 20:03:19:764] info: Returning local copy: /home/nitoli/.config/Slack/dictionaries/ja-JP.bdic
[05/08/18, 20:03:19:768] info: Failed to read file /home/nitoli/.config/Slack/dictionaries/ja-JP.bdic: File exists but is most likely bogus
[05/08/18, 20:03:19:770] info: Actually downloading https://redirector.gvt1.com/edgedl/chrome/dict/ja-jp-3-0.bdic
[05/08/18, 20:03:19:912] info: Loading dictionary for language ja-JP
[05/08/18, 20:03:19:913] info: Returning local copy: /home/nitoli/.config/Slack/dictionaries/ja-JP.bdic
[05/08/18, 20:03:19:915] info: Failed to read file /home/nitoli/.config/Slack/dictionaries/ja-JP.bdic: File exists but is most likely bogus
[05/08/18, 20:03:19:916] info: Actually downloading https://redirector.gvt1.com/edgedl/chrome/dict/ja-jp-3-0.bdic
[05/08/18, 20:03:20:125] info: Loading dictionary for language ja-JP
[05/08/18, 20:03:20:126] info: Returning local copy: /home/nitoli/.config/Slack/dictionaries/ja-JP.bdic
[05/08/18, 20:03:20:128] info: Failed to read file /home/nitoli/.config/Slack/dictionaries/ja-JP.bdic: File exists but is most likely bogus
[05/08/18, 20:03:20:129] info: Actually downloading https://redirector.gvt1.com/edgedl/chrome/dict/ja-jp-3-0.bdic
[05/08/18, 20:03:20:296] info: dictionary for ja-JP_ja-JP is not available
[05/08/18, 20:03:20:573] info: Unloading spellchecker
[05/08/18, 20:03:20:581] info: Restoring spellchecker
[05/08/18, 20:03:20:582] info: Requesting to load ja-JP, alternatives are ["ja-JP","ja-JP","ja-JP"]
[05/08/18, 20:03:20:582] info: Loading dictionary for language ja-JP
[05/08/18, 20:03:20:583] info: Returning local copy: /home/nitoli/.config/Slack/dictionaries/ja-JP.bdic
[05/08/18, 20:03:20:613] info: Failed to read file /home/nitoli/.config/Slack/dictionaries/ja-JP.bdic: File exists but is most likely bogus
[05/08/18, 20:03:20:614] info: Actually downloading https://redirector.gvt1.com/edgedl/chrome/dict/ja-jp-3-0.bdic
[05/08/18, 20:03:20:743] info: Loading dictionary for language ja-JP
[05/08/18, 20:03:20:744] info: Returning local copy: /home/nitoli/.config/Slack/dictionaries/ja-JP.bdic
[05/08/18, 20:03:20:746] info: Failed to read file /home/nitoli/.config/Slack/dictionaries/ja-JP.bdic: File exists but is most likely bogus
[05/08/18, 20:03:20:747] info: Actually downloading https://redirector.gvt1.com/edgedl/chrome/dict/ja-jp-3-0.bdic
[05/08/18, 20:03:20:895] info: Loading dictionary for language ja-JP
[05/08/18, 20:03:20:896] info: Returning local copy: /home/nitoli/.config/Slack/dictionaries/ja-JP.bdic
[05/08/18, 20:03:20:897] info: Failed to read file /home/nitoli/.config/Slack/dictionaries/ja-JP.bdic: File exists but is most likely bogus
[05/08/18, 20:03:20:898] info: Actually downloading https://redirector.gvt1.com/edgedl/chrome/dict/ja-jp-3-0.bdic
[05/08/18, 20:03:21:059] info: dictionary for ja-JP_ja-JP is not available
[05/08/18, 20:03:21:286] info: Unloading spellchecker
[05/08/18, 20:03:21:295] info: Unloading spellchecker
[05/08/18, 20:03:21:713] info: Restoring spellchecker
[05/08/18, 20:03:21:715] info: Requesting to load ja-JP, alternatives are ["ja-JP","ja-JP","ja-JP"]
[05/08/18, 20:03:21:717] info: Loading dictionary for language ja-JP
[05/08/18, 20:03:21:720] info: Returning local copy: /home/nitoli/.config/Slack/dictionaries/ja-JP.bdic
[05/08/18, 20:03:21:779] info: Failed to read file /home/nitoli/.config/Slack/dictionaries/ja-JP.bdic: File exists but is most likely bogus
[05/08/18, 20:03:21:780] info: Actually downloading https://redirector.gvt1.com/edgedl/chrome/dict/ja-jp-3-0.bdic
[05/08/18, 20:03:21:893] info: Loading dictionary for language ja-JP
[05/08/18, 20:03:21:893] info: Returning local copy: /home/nitoli/.config/Slack/dictionaries/ja-JP.bdic
[05/08/18, 20:03:21:896] info: Failed to read file /home/nitoli/.config/Slack/dictionaries/ja-JP.bdic: File exists but is most likely bogus
[05/08/18, 20:03:21:897] info: Actually downloading https://redirector.gvt1.com/edgedl/chrome/dict/ja-jp-3-0.bdic
[05/08/18, 20:03:22:063] info: Loading dictionary for language ja-JP
[05/08/18, 20:03:22:064] info: Returning local copy: /home/nitoli/.config/Slack/dictionaries/ja-JP.bdic
[05/08/18, 20:03:22:066] info: Failed to read file /home/nitoli/.config/Slack/dictionaries/ja-JP.bdic: File exists but is most likely bogus
[05/08/18, 20:03:22:067] info: Actually downloading https://redirector.gvt1.com/edgedl/chrome/dict/ja-jp-3-0.bdic
[05/08/18, 20:03:22:202] info: dictionary for ja-JP_ja-JP is not available
[05/08/18, 20:03:34:299] info: Unloading spellchecker
[05/08/18, 20:03:34:313] info: Restoring spellchecker
[05/08/18, 20:03:34:314] info: Requesting to load ja-JP, alternatives are ["ja-JP","ja-JP","ja-JP"]
[05/08/18, 20:03:34:314] info: Loading dictionary for language ja-JP
[05/08/18, 20:03:34:314] info: Returning local copy: /home/nitoli/.config/Slack/dictionaries/ja-JP.bdic
[05/08/18, 20:03:34:347] info: Failed to read file /home/nitoli/.config/Slack/dictionaries/ja-JP.bdic: File exists but is most likely bogus
[05/08/18, 20:03:34:348] info: Actually downloading https://redirector.gvt1.com/edgedl/chrome/dict/ja-jp-3-0.bdic
[05/08/18, 20:03:34:739] info: Loading dictionary for language ja-JP
[05/08/18, 20:03:34:740] info: Returning local copy: /home/nitoli/.config/Slack/dictionaries/ja-JP.bdic
[05/08/18, 20:03:34:742] info: Failed to read file /home/nitoli/.config/Slack/dictionaries/ja-JP.bdic: File exists but is most likely bogus
[05/08/18, 20:03:34:743] info: Actually downloading https://redirector.gvt1.com/edgedl/chrome/dict/ja-jp-3-0.bdic
[05/08/18, 20:03:34:899] info: Loading dictionary for language ja-JP
[05/08/18, 20:03:34:900] info: Returning local copy: /home/nitoli/.config/Slack/dictionaries/ja-JP.bdic
[05/08/18, 20:03:34:902] info: Failed to read file /home/nitoli/.config/Slack/dictionaries/ja-JP.bdic: File exists but is most likely bogus
[05/08/18, 20:03:34:904] info: Actually downloading https://redirector.gvt1.com/edgedl/chrome/dict/ja-jp-3-0.bdic
[05/08/18, 20:03:35:053] info: dictionary for ja-JP_ja-JP is not available
[05/08/18, 20:03:35:148] info: Unloading spellchecker
[05/08/18, 20:03:35:153] info: Unloading spellchecker
[05/08/18, 20:03:35:623] info: Restoring spellchecker
[05/08/18, 20:03:35:624] info: Requesting to load ja-JP, alternatives are ["ja-JP","ja-JP","ja-JP"]
[05/08/18, 20:03:35:625] info: Loading dictionary for language ja-JP
[05/08/18, 20:03:35:625] info: Returning local copy: /home/nitoli/.config/Slack/dictionaries/ja-JP.bdic
[05/08/18, 20:03:35:671] info: Failed to read file /home/nitoli/.config/Slack/dictionaries/ja-JP.bdic: File exists but is most likely bogus
[05/08/18, 20:03:35:671] info: Actually downloading https://redirector.gvt1.com/edgedl/chrome/dict/ja-jp-3-0.bdic
[05/08/18, 20:03:35:793] info: Loading dictionary for language ja-JP
[05/08/18, 20:03:35:794] info: Returning local copy: /home/nitoli/.config/Slack/dictionaries/ja-JP.bdic
[05/08/18, 20:03:35:796] info: Failed to read file /home/nitoli/.config/Slack/dictionaries/ja-JP.bdic: File exists but is most likely bogus
[05/08/18, 20:03:35:797] info: Actually downloading https://redirector.gvt1.com/edgedl/chrome/dict/ja-jp-3-0.bdic
[05/08/18, 20:03:35:963] info: Loading dictionary for language ja-JP
[05/08/18, 20:03:35:963] info: Returning local copy: /home/nitoli/.config/Slack/dictionaries/ja-JP.bdic
[05/08/18, 20:03:35:972] info: Failed to read file /home/nitoli/.config/Slack/dictionaries/ja-JP.bdic: File exists but is most likely bogus
[05/08/18, 20:03:35:975] info: Actually downloading https://redirector.gvt1.com/edgedl/chrome/dict/ja-jp-3-0.bdic
[05/08/18, 20:03:36:110] info: dictionary for ja-JP_ja-JP is not available
[05/08/18, 20:07:52:826] info: Unloading spellchecker
[05/08/18, 20:07:52:875] info: Restoring spellchecker
[05/08/18, 20:07:52:875] info: Requesting to load ja-JP, alternatives are ["ja-JP","ja-JP","ja-JP"]
[05/08/18, 20:07:52:876] info: Loading dictionary for language ja-JP
[05/08/18, 20:07:52:876] info: Returning local copy: /home/nitoli/.config/Slack/dictionaries/ja-JP.bdic
[05/08/18, 20:07:52:921] info: Failed to read file /home/nitoli/.config/Slack/dictionaries/ja-JP.bdic: File exists but is most likely bogus
[05/08/18, 20:07:52:922] info: Actually downloading https://redirector.gvt1.com/edgedl/chrome/dict/ja-jp-3-0.bdic
[05/08/18, 20:07:59:414] info: Loading dictionary for language ja-JP
[05/08/18, 20:07:59:414] info: Returning local copy: /home/nitoli/.config/Slack/dictionaries/ja-JP.bdic
[05/08/18, 20:07:59:417] info: Failed to read file /home/nitoli/.config/Slack/dictionaries/ja-JP.bdic: File exists but is most likely bogus
[05/08/18, 20:07:59:418] info: Actually downloading https://redirector.gvt1.com/edgedl/chrome/dict/ja-jp-3-0.bdic
[05/08/18, 20:07:59:571] info: Loading dictionary for language ja-JP
[05/08/18, 20:07:59:571] info: Returning local copy: /home/nitoli/.config/Slack/dictionaries/ja-JP.bdic
[05/08/18, 20:07:59:573] info: Failed to read file /home/nitoli/.config/Slack/dictionaries/ja-JP.bdic: File exists but is most likely bogus
[05/08/18, 20:07:59:575] info: Actually downloading https://redirector.gvt1.com/edgedl/chrome/dict/ja-jp-3-0.bdic
[05/08/18, 20:07:59:764] info: dictionary for ja-JP_ja-JP is not available
[05/08/18, 20:17:46:459] info: Unloading spellchecker
[05/08/18, 20:17:46:492] info: Restoring spellchecker
[05/08/18, 20:17:46:493] info: Requesting to load ja-JP, alternatives are ["ja-JP","ja-JP","ja-JP"]
[05/08/18, 20:17:46:493] info: Loading dictionary for language ja-JP
[05/08/18, 20:17:46:493] info: Returning local copy: /home/nitoli/.config/Slack/dictionaries/ja-JP.bdic
[05/08/18, 20:17:46:552] info: Failed to read file /home/nitoli/.config/Slack/dictionaries/ja-JP.bdic: File exists but is most likely bogus
[05/08/18, 20:17:46:552] info: Actually downloading https://redirector.gvt1.com/edgedl/chrome/dict/ja-jp-3-0.bdic
[05/08/18, 20:17:47:372] info: Loading dictionary for language ja-JP
[05/08/18, 20:17:47:372] info: Returning local copy: /home/nitoli/.config/Slack/dictionaries/ja-JP.bdic
[05/08/18, 20:17:47:373] info: Failed to read file /home/nitoli/.config/Slack/dictionaries/ja-JP.bdic: File exists but is most likely bogus
[05/08/18, 20:17:47:373] info: Actually downloading https://redirector.gvt1.com/edgedl/chrome/dict/ja-jp-3-0.bdic
[05/08/18, 20:17:47:560] info: Loading dictionary for language ja-JP
[05/08/18, 20:17:47:561] info: Returning local copy: /home/nitoli/.config/Slack/dictionaries/ja-JP.bdic
[05/08/18, 20:17:47:563] info: Failed to read file /home/nitoli/.config/Slack/dictionaries/ja-JP.bdic: File exists but is most likely bogus
[05/08/18, 20:17:47:564] info: Actually downloading https://redirector.gvt1.com/edgedl/chrome/dict/ja-jp-3-0.bdic
[05/08/18, 20:17:47:754] info: dictionary for ja-JP_ja-JP is not available
[05/08/18, 20:17:48:396] info: Unloading spellchecker
[05/08/18, 20:17:48:399] info: Restoring spellchecker
[05/08/18, 20:17:48:400] info: Requesting to load ja-JP, alternatives are ["ja-JP","ja-JP","ja-JP"]
[05/08/18, 20:17:48:400] info: Loading dictionary for language ja-JP
[05/08/18, 20:17:48:400] info: Returning local copy: /home/nitoli/.config/Slack/dictionaries/ja-JP.bdic
[05/08/18, 20:17:48:429] info: Failed to read file /home/nitoli/.config/Slack/dictionaries/ja-JP.bdic: File exists but is most likely bogus
[05/08/18, 20:17:48:429] info: Actually downloading https://redirector.gvt1.com/edgedl/chrome/dict/ja-jp-3-0.bdic
[05/08/18, 20:17:48:560] info: Loading dictionary for language ja-JP
[05/08/18, 20:17:48:560] info: Returning local copy: /home/nitoli/.config/Slack/dictionaries/ja-JP.bdic
[05/08/18, 20:17:48:562] info: Failed to read file /home/nitoli/.config/Slack/dictionaries/ja-JP.bdic: File exists but is most likely bogus
[05/08/18, 20:17:48:563] info: Actually downloading https://redirector.gvt1.com/edgedl/chrome/dict/ja-jp-3-0.bdic
[05/08/18, 20:17:48:958] info: Loading dictionary for language ja-JP
[05/08/18, 20:17:48:958] info: Returning local copy: /home/nitoli/.config/Slack/dictionaries/ja-JP.bdic
[05/08/18, 20:17:48:963] info: Failed to read file /home/nitoli/.config/Slack/dictionaries/ja-JP.bdic: File exists but is most likely bogus
[05/08/18, 20:17:48:967] info: Actually downloading https://redirector.gvt1.com/edgedl/chrome/dict/ja-jp-3-0.bdic
[05/08/18, 20:17:49:179] info: dictionary for ja-JP_ja-JP is not available
[05/08/18, 20:17:56:275] info: Unloading spellchecker
[05/08/18, 20:17:56:282] info: Restoring spellchecker
[05/08/18, 20:17:56:285] info: Requesting to load ja-JP, alternatives are ["ja-JP","ja-JP","ja-JP"]
[05/08/18, 20:17:56:286] info: Loading dictionary for language ja-JP
[05/08/18, 20:17:56:286] info: Returning local copy: /home/nitoli/.config/Slack/dictionaries/ja-JP.bdic
[05/08/18, 20:17:56:319] info: Failed to read file /home/nitoli/.config/Slack/dictionaries/ja-JP.bdic: File exists but is most likely bogus
[05/08/18, 20:17:56:320] info: Actually downloading https://redirector.gvt1.com/edgedl/chrome/dict/ja-jp-3-0.bdic
[05/08/18, 20:17:57:032] info: Loading dictionary for language ja-JP
[05/08/18, 20:17:57:033] info: Returning local copy: /home/nitoli/.config/Slack/dictionaries/ja-JP.bdic
[05/08/18, 20:17:57:035] info: Failed to read file /home/nitoli/.config/Slack/dictionaries/ja-JP.bdic: File exists but is most likely bogus
[05/08/18, 20:17:57:037] info: Actually downloading https://redirector.gvt1.com/edgedl/chrome/dict/ja-jp-3-0.bdic
[05/08/18, 20:17:57:193] info: Loading dictionary for language ja-JP
[05/08/18, 20:17:57:194] info: Returning local copy: /home/nitoli/.config/Slack/dictionaries/ja-JP.bdic
[05/08/18, 20:17:57:196] info: Failed to read file /home/nitoli/.config/Slack/dictionaries/ja-JP.bdic: File exists but is most likely bogus
[05/08/18, 20:17:57:197] info: Actually downloading https://redirector.gvt1.com/edgedl/chrome/dict/ja-jp-3-0.bdic
[05/08/18, 20:17:57:362] info: dictionary for ja-JP_ja-JP is not available
[05/08/18, 20:17:58:576] info: Unloading spellchecker
[05/08/18, 20:17:58:613] info: Store: MAIN_WINDOW_FOCUSED
[05/08/18, 20:17:58:615] info: Restoring spellchecker
[05/08/18, 20:17:58:615] info: Requesting to load ja-JP, alternatives are ["ja-JP","ja-JP","ja-JP"]
[05/08/18, 20:17:58:615] info: Loading dictionary for language ja-JP
[05/08/18, 20:17:58:615] info: Returning local copy: /home/nitoli/.config/Slack/dictionaries/ja-JP.bdic
[05/08/18, 20:17:58:629] info: Failed to read file /home/nitoli/.config/Slack/dictionaries/ja-JP.bdic: File exists but is most likely bogus
[05/08/18, 20:17:58:629] info: Actually downloading https://redirector.gvt1.com/edgedl/chrome/dict/ja-jp-3-0.bdic
[05/08/18, 20:17:58:802] info: Loading dictionary for language ja-JP
[05/08/18, 20:17:58:803] info: Returning local copy: /home/nitoli/.config/Slack/dictionaries/ja-JP.bdic
[05/08/18, 20:17:58:805] info: Failed to read file /home/nitoli/.config/Slack/dictionaries/ja-JP.bdic: File exists but is most likely bogus
[05/08/18, 20:17:58:805] info: Actually downloading https://redirector.gvt1.com/edgedl/chrome/dict/ja-jp-3-0.bdic
[05/08/18, 20:17:58:984] info: Loading dictionary for language ja-JP
[05/08/18, 20:17:58:985] info: Returning local copy: /home/nitoli/.config/Slack/dictionaries/ja-JP.bdic
[05/08/18, 20:17:58:993] info: Unloading spellchecker
[05/08/18, 20:17:58:997] info: Store: MAIN_WINDOW_FOCUSED
[05/08/18, 20:17:59:003] info: Restoring spellchecker
[05/08/18, 20:17:59:006] info: Requesting to load ja-JP, alternatives are ["ja-JP","ja-JP","ja-JP"]
[05/08/18, 20:17:59:008] info: Loading dictionary for language ja-JP
[05/08/18, 20:17:59:008] info: Returning local copy: /home/nitoli/.config/Slack/dictionaries/ja-JP.bdic
[05/08/18, 20:17:59:043] info: Failed to read file /home/nitoli/.config/Slack/dictionaries/ja-JP.bdic: File exists but is most likely bogus
[05/08/18, 20:17:59:043] info: Actually downloading https://redirector.gvt1.com/edgedl/chrome/dict/ja-jp-3-0.bdic
[05/08/18, 20:17:59:048] info: Failed to read file /home/nitoli/.config/Slack/dictionaries/ja-JP.bdic: File exists but is most likely bogus
[05/08/18, 20:17:59:048] info: Can't clear out file, bailing
[05/08/18, 20:17:59:049] info: Loading dictionary for language ja-JP
[05/08/18, 20:17:59:049] info: Actually downloading https://redirector.gvt1.com/edgedl/chrome/dict/ja-jp-3-0.bdic
[05/08/18, 20:17:59:097] info: Store: SELECT_TEAM T0GFBAM8C
[05/08/18, 20:17:59:111] info: Unloading spellchecker
[05/08/18, 20:17:59:113] info: Unloading spellchecker
[05/08/18, 20:17:59:115] info: Store: UPDATE_SETTINGS
{
  "locale": "ja-JP"
}
[05/08/18, 20:17:59:115] info: TranslationLookup: locale set to ja-JP for renderer
[05/08/18, 20:17:59:692] info: dictionary for ja-JP_ja-JP is not available
[05/08/18, 20:18:00:077] info: Loading dictionary for language ja-JP
[05/08/18, 20:18:00:077] info: Returning local copy: /home/nitoli/.config/Slack/dictionaries/ja-JP.bdic
[05/08/18, 20:18:00:078] info: Failed to read file /home/nitoli/.config/Slack/dictionaries/ja-JP.bdic: File exists but is most likely bogus
[05/08/18, 20:18:00:078] info: Actually downloading https://redirector.gvt1.com/edgedl/chrome/dict/ja-jp-3-0.bdic
[05/08/18, 20:18:00:286] info: dictionary for ja-JP_ja-JP is not available
[05/08/18, 20:25:12:475] info: Store: MAIN_WINDOW_FOCUSED
[05/08/18, 20:25:13:687] info: Store: MAIN_WINDOW_FOCUSED
[05/08/18, 20:25:19:757] info: Store: MAIN_WINDOW_FOCUSED
[05/08/18, 20:25:19:856] info: Store: SELECT_TEAM T4HEMM0UR
[05/08/18, 20:25:21:662] info: Store: MAIN_WINDOW_FOCUSED
[05/08/18, 20:25:21:773] info: Store: SELECT_TEAM T02R0MMHK
[05/08/18, 20:25:21:782] info: Store: UPDATE_SETTINGS
{
  "locale": "en-US"
}
[05/08/18, 20:25:21:782] info: TranslationLookup: locale set to en-US for renderer
[05/08/18, 20:25:24:608] info: Store: SELECT_CHANNEL DAHC8TMSR
[05/08/18, 20:26:16:989] info: Store: MAIN_WINDOW_FOCUSED
