[05/10/18, 18:53:56:462] info: ╔════════════════════════════════════════════════════════════════════════════╗
[05/10/18, 18:53:56:463] info: ║      Slack 3.1.1, linux 4.16.7-1-zen on x64 at 05/10/18, 18:53:56:443      ║
[05/10/18, 18:53:56:463] info: ╚════════════════════════════════════════════════════════════════════════════╝
[05/10/18, 18:53:56:619] info: Initializing local storage instance at path: /home/nitoli/.config/Slack/local-settings.json
[05/10/18, 18:53:57:596] error: Calls failed to load, bailing
[05/10/18, 18:53:57:598] info: cld3::loadModule: loading cld3 module
[05/10/18, 18:53:57:628] info: cld3Loader::loadModule: running environment is NODE
[05/10/18, 18:53:57:628] info: cld3Loader::loadModule: constructed module object for runtime
[05/10/18, 18:53:58:130] info: cld3Loader::initializeRuntime: successfully initialized module
[05/10/18, 18:53:58:131] info: cld3Loader::loadModule: initialized wasm binary Runtime
[05/10/18, 18:53:58:140] warn: updateSpellcheckerLanguage: Tried to update language, but spellchecker not initialized
[05/10/18, 18:53:58:141] info: SSBIntegration: Main window preload script loaded 2694.187186
[05/10/18, 18:54:09:845] info: Store: SELECT_CHANNEL DAKC3SXMX
[05/10/18, 18:54:09:859] info: Store: UPDATE_TEAM_LOCALE
{
  "locale": "en-US"
}
[05/10/18, 18:54:09:861] info: Store: UPDATE_SETTINGS
{
  "locale": "en-US"
}
[05/10/18, 18:54:17:688] info: Store: UPSERT_WEB_CONTENTS
{
  "id": 4,
  "state": "loaded",
  "teamId": "T02R0MMHK"
}
[05/10/18, 18:54:17:689] info: Store: UPDATE_SESSION_STATUS
{
  "hasValidSession": true,
  "teamId": "T02R0MMHK"
}
[05/10/18, 18:54:17:690] info: Store: UPDATE_TEAM_ICONS
{
  "icons": {
    "image_102": "https://slack-files2.s3-us-west-2.amazonaws.com/avatars/2015-01-14/3400695805_06e3ed8a8ae7228d7c54_102.jpg",
    "image_132": "https://slack-files2.s3-us-west-2.amazonaws.com/avatars/2015-01-14/3400695805_06e3ed8a8ae7228d7c54_132.jpg",
    "image_230": "https://slack-files2.s3-us-west-2.amazonaws.com/avatars/2015-01-14/3400695805_06e3ed8a8ae7228d7c54_132.jpg",
    "image_34": "https://slack-files2.s3-us-west-2.amazonaws.com/avatars/2015-01-14/3400695805_06e3ed8a8ae7228d7c54_34.jpg",
    "image_44": "https://slack-files2.s3-us-west-2.amazonaws.com/avatars/2015-01-14/3400695805_06e3ed8a8ae7228d7c54_44.jpg",
    "image_68": "https://slack-files2.s3-us-west-2.amazonaws.com/avatars/2015-01-14/3400695805_06e3ed8a8ae7228d7c54_68.jpg",
    "image_88": "https://slack-files2.s3-us-west-2.amazonaws.com/avatars/2015-01-14/3400695805_06e3ed8a8ae7228d7c54_88.jpg",
    "image_original": "https://slack-files2.s3-us-west-2.amazonaws.com/avatars/2015-01-14/3400695805_06e3ed8a8ae7228d7c54_original.jpg"
  },
  "teamId": "T02R0MMHK"
}
[05/10/18, 18:54:17:696] info: Store: UPDATE_TEAM_LOCALE
{
  "locale": "en-US",
  "teamId": "T02R0MMHK"
}
[05/10/18, 18:54:17:697] info: Store: UPSERT_WEB_CONTENTS
{
  "id": 4,
  "state": "webapp-loaded",
  "teamId": "T02R0MMHK"
}
[05/10/18, 18:54:17:720] info: Store: UPDATE_TEAM_THEME
{
  "teamId": "T02R0MMHK",
  "theme": {
    "active_item": "#4C9689",
    "active_item_text": "#FFFFFF",
    "active_presence": "#38978D",
    "badge": "#EB4D5C",
    "column_bg": "#4D394B",
    "hover_item": "#3E313C",
    "menu_bg": "#3E313C",
    "text_color": "#FFFFFF"
  }
}
[05/10/18, 18:54:17:724] info: Store: STORE_API_TOKEN
{
  "teamId": "T02R0MMHK",
  "token": "xoxs-⋯"
}
[05/10/18, 18:54:17:732] info: Store: SELECT_CHANNEL C8Y1H7TEE
[05/10/18, 18:54:17:732] info: Store: UPDATE_TEAM_LOCALE
{
  "locale": "en-US"
}
[05/10/18, 18:54:17:734] info: Store: SELECT_CHANNEL C75CPA2CX
[05/10/18, 18:54:17:734] info: Store: UPDATE_TEAM_LOCALE
{
  "locale": "ja-JP"
}
[05/10/18, 18:54:17:738] info: Store: SELECT_CHANNEL C4JRHEQB1
[05/10/18, 18:54:17:740] info: Store: UPDATE_TEAM_LOCALE
{
  "locale": "ja-JP"
}
[05/10/18, 18:54:17:744] info: Store: SELECT_CHANNEL C0GFH3RHU
[05/10/18, 18:54:17:747] info: Store: UPDATE_TEAM_LOCALE
{
  "locale": "ja-JP"
}
[05/10/18, 18:54:17:750] info: Store: UPSERT_WEB_CONTENTS
{
  "id": 3,
  "state": "loaded",
  "teamId": "T5YEC6G73"
}
[05/10/18, 18:54:17:760] info: Store: UPSERT_WEB_CONTENTS
{
  "id": 6,
  "state": "loaded",
  "teamId": "T5LFW0CUB"
}
[05/10/18, 18:54:17:831] info: Store: UPDATE_SESSION_STATUS
{
  "hasValidSession": true,
  "teamId": "T5YEC6G73"
}
[05/10/18, 18:54:17:850] info: Store: UPSERT_WEB_CONTENTS
{
  "id": 5,
  "state": "loaded",
  "teamId": "T4HEMM0UR"
}
[05/10/18, 18:54:17:850] info: Store: UPSERT_WEB_CONTENTS
{
  "id": 7,
  "state": "loaded",
  "teamId": "T0GFBAM8C"
}
[05/10/18, 18:54:17:850] info: Store: UPDATE_SESSION_STATUS
{
  "hasValidSession": true,
  "teamId": "T5LFW0CUB"
}
[05/10/18, 18:54:17:852] info: Store: UPDATE_SESSION_STATUS
{
  "hasValidSession": true,
  "teamId": "T4HEMM0UR"
}
[05/10/18, 18:54:17:853] info: Store: UPDATE_SESSION_STATUS
{
  "hasValidSession": true,
  "teamId": "T0GFBAM8C"
}
[05/10/18, 18:54:17:853] info: Store: UPDATE_TEAM_LOCALE
{
  "locale": "ja-JP"
}
[05/10/18, 18:54:17:854] info: Store: UPSERT_WEB_CONTENTS
{
  "id": 6,
  "state": "webapp-loaded",
  "teamId": "T5LFW0CUB"
}
[05/10/18, 18:54:17:909] info: Store: UPDATE_TEAM_THEME
{
  "teamId": "T5LFW0CUB",
  "theme": {
    "active_item": "#4C9689",
    "active_item_text": "#FFFFFF",
    "active_presence": "#38978D",
    "badge": "#EB4D5C",
    "column_bg": "#4D394B",
    "hover_item": "#3E313C",
    "menu_bg": "#3E313C",
    "text_color": "#FFFFFF"
  }
}
[05/10/18, 18:54:17:917] info: Store: STORE_API_TOKEN
{
  "teamId": "T5LFW0CUB",
  "token": "xoxs-⋯"
}
[05/10/18, 18:54:17:923] info: Store: UPDATE_TEAM_ICONS
{
  "icons": {
    "image_102": "https://slack-files2.s3-us-west-2.amazonaws.com/avatars/2017-08-21/229801110004_7754c1684d8336d012c4_102.jpg",
    "image_132": "https://slack-files2.s3-us-west-2.amazonaws.com/avatars/2017-08-21/229801110004_7754c1684d8336d012c4_132.jpg",
    "image_230": "https://slack-files2.s3-us-west-2.amazonaws.com/avatars/2017-08-21/229801110004_7754c1684d8336d012c4_230.jpg",
    "image_34": "https://slack-files2.s3-us-west-2.amazonaws.com/avatars/2017-08-21/229801110004_7754c1684d8336d012c4_34.jpg",
    "image_44": "https://slack-files2.s3-us-west-2.amazonaws.com/avatars/2017-08-21/229801110004_7754c1684d8336d012c4_44.jpg",
    "image_68": "https://slack-files2.s3-us-west-2.amazonaws.com/avatars/2017-08-21/229801110004_7754c1684d8336d012c4_68.jpg",
    "image_88": "https://slack-files2.s3-us-west-2.amazonaws.com/avatars/2017-08-21/229801110004_7754c1684d8336d012c4_88.jpg",
    "image_original": "https://slack-files2.s3-us-west-2.amazonaws.com/avatars/2017-08-21/229801110004_7754c1684d8336d012c4_original.jpg"
  },
  "teamId": "T5LFW0CUB"
}
[05/10/18, 18:54:17:926] info: Store: UPDATE_TEAM_LOCALE
{
  "locale": "ja-JP"
}
[05/10/18, 18:54:17:928] info: Store: UPDATE_TEAM_LOCALE
{
  "locale": "ja-JP"
}
[05/10/18, 18:54:17:931] info: Store: UPSERT_WEB_CONTENTS
{
  "id": 7,
  "state": "webapp-loaded",
  "teamId": "T0GFBAM8C"
}
[05/10/18, 18:54:17:939] info: Store: UPSERT_WEB_CONTENTS
{
  "id": 5,
  "state": "webapp-loaded",
  "teamId": "T4HEMM0UR"
}
[05/10/18, 18:54:18:001] info: Store: UPDATE_TEAM_LOCALE
{
  "locale": "en-US"
}
[05/10/18, 18:54:18:006] info: Store: UPSERT_WEB_CONTENTS
{
  "id": 3,
  "state": "webapp-loaded",
  "teamId": "T5YEC6G73"
}
[05/10/18, 18:54:18:015] info: Store: UPDATE_TEAM_THEME
{
  "teamId": "T0GFBAM8C",
  "theme": {
    "active_item": "#4C9689",
    "active_item_text": "#FFFFFF",
    "active_presence": "#38978D",
    "badge": "#EB4D5C",
    "column_bg": "#4D394B",
    "hover_item": "#3E313C",
    "menu_bg": "#3E313C",
    "text_color": "#FFFFFF"
  }
}
[05/10/18, 18:54:18:021] info: Store: UPDATE_TEAM_THEME
{
  "teamId": "T4HEMM0UR",
  "theme": {
    "active_item": "#4C9689",
    "active_item_text": "#FFFFFF",
    "active_presence": "#38978D",
    "badge": "#EB4D5C",
    "column_bg": "#4D394B",
    "hover_item": "#3E313C",
    "menu_bg": "#3E313C",
    "text_color": "#FFFFFF"
  }
}
[05/10/18, 18:54:18:041] info: Store: STORE_API_TOKEN
{
  "teamId": "T0GFBAM8C",
  "token": "xoxs-⋯"
}
[05/10/18, 18:54:18:044] info: Store: STORE_API_TOKEN
{
  "teamId": "T4HEMM0UR",
  "token": "xoxs-⋯"
}
[05/10/18, 18:54:18:048] info: Store: UPDATE_TEAM_ICONS
{
  "icons": {
    "image_102": "https://slack-files2.s3-us-west-2.amazonaws.com/avatars/2015-12-19/17054493216_07addcfb3fb1718cbba4_102.png",
    "image_132": "https://slack-files2.s3-us-west-2.amazonaws.com/avatars/2015-12-19/17054493216_07addcfb3fb1718cbba4_132.png",
    "image_230": "https://slack-files2.s3-us-west-2.amazonaws.com/avatars/2015-12-19/17054493216_07addcfb3fb1718cbba4_132.png",
    "image_34": "https://slack-files2.s3-us-west-2.amazonaws.com/avatars/2015-12-19/17054493216_07addcfb3fb1718cbba4_34.png",
    "image_44": "https://slack-files2.s3-us-west-2.amazonaws.com/avatars/2015-12-19/17054493216_07addcfb3fb1718cbba4_44.png",
    "image_68": "https://slack-files2.s3-us-west-2.amazonaws.com/avatars/2015-12-19/17054493216_07addcfb3fb1718cbba4_68.png",
    "image_88": "https://slack-files2.s3-us-west-2.amazonaws.com/avatars/2015-12-19/17054493216_07addcfb3fb1718cbba4_88.png",
    "image_original": "https://slack-files2.s3-us-west-2.amazonaws.com/avatars/2015-12-19/17054493216_07addcfb3fb1718cbba4_original.png"
  },
  "teamId": "T0GFBAM8C"
}
[05/10/18, 18:54:18:061] info: Store: UPDATE_TEAM_ICONS
{
  "icons": {
    "image_102": "https://slack-files2.s3-us-west-2.amazonaws.com/avatars/2017-03-15/154610708258_f98e05c23845866960a5_102.png",
    "image_132": "https://slack-files2.s3-us-west-2.amazonaws.com/avatars/2017-03-15/154610708258_f98e05c23845866960a5_132.png",
    "image_230": "https://slack-files2.s3-us-west-2.amazonaws.com/avatars/2017-03-15/154610708258_f98e05c23845866960a5_230.png",
    "image_34": "https://slack-files2.s3-us-west-2.amazonaws.com/avatars/2017-03-15/154610708258_f98e05c23845866960a5_34.png",
    "image_44": "https://slack-files2.s3-us-west-2.amazonaws.com/avatars/2017-03-15/154610708258_f98e05c23845866960a5_44.png",
    "image_68": "https://slack-files2.s3-us-west-2.amazonaws.com/avatars/2017-03-15/154610708258_f98e05c23845866960a5_68.png",
    "image_88": "https://slack-files2.s3-us-west-2.amazonaws.com/avatars/2017-03-15/154610708258_f98e05c23845866960a5_88.png",
    "image_original": "https://slack-files2.s3-us-west-2.amazonaws.com/avatars/2017-03-15/154610708258_f98e05c23845866960a5_original.png"
  },
  "teamId": "T4HEMM0UR"
}
[05/10/18, 18:54:18:161] info: Store: UPDATE_TEAM_THEME
{
  "teamId": "T5YEC6G73",
  "theme": {
    "active_item": "#4C9689",
    "active_item_text": "#FFFFFF",
    "active_presence": "#38978D",
    "badge": "#EB4D5C",
    "column_bg": "#4D394B",
    "hover_item": "#3E313C",
    "menu_bg": "#3E313C",
    "text_color": "#FFFFFF"
  }
}
[05/10/18, 18:54:18:631] info: Store: STORE_API_TOKEN
{
  "teamId": "T5YEC6G73",
  "token": "xoxs-⋯"
}
[05/10/18, 18:54:18:719] info: Store: UPDATE_TEAM_ICONS
{
  "icons": {
    "image_102": "https://slack-files2.s3-us-west-2.amazonaws.com/avatars/2017-06-28/205110093367_6705e64b9b4a8299bd1f_102.png",
    "image_132": "https://slack-files2.s3-us-west-2.amazonaws.com/avatars/2017-06-28/205110093367_6705e64b9b4a8299bd1f_132.png",
    "image_230": "https://slack-files2.s3-us-west-2.amazonaws.com/avatars/2017-06-28/205110093367_6705e64b9b4a8299bd1f_230.png",
    "image_34": "https://slack-files2.s3-us-west-2.amazonaws.com/avatars/2017-06-28/205110093367_6705e64b9b4a8299bd1f_34.png",
    "image_44": "https://slack-files2.s3-us-west-2.amazonaws.com/avatars/2017-06-28/205110093367_6705e64b9b4a8299bd1f_44.png",
    "image_68": "https://slack-files2.s3-us-west-2.amazonaws.com/avatars/2017-06-28/205110093367_6705e64b9b4a8299bd1f_68.png",
    "image_88": "https://slack-files2.s3-us-west-2.amazonaws.com/avatars/2017-06-28/205110093367_6705e64b9b4a8299bd1f_88.png",
    "image_original": "https://slack-files2.s3-us-west-2.amazonaws.com/avatars/2017-06-28/205110093367_6705e64b9b4a8299bd1f_original.png"
  },
  "teamId": "T5YEC6G73"
}
[05/10/18, 19:02:05:352] info: Store: NEW_NOTIFICATION
{
  "avatarImage": "https://ca.slack-edge.com/T5YEC6G73-U5Z2SMFB6-65b51f7cdf65-512",
  "channel": "C8Y1H7TEE",
  "content": "[REDACTED]",
  "id": "X6wnsnhkKEJKnEZ",
  "imageUri": null,
  "launchUri": "slack://channel?id=C8Y1H7TEE&message=1525946525.000060&team=T5YEC6G73",
  "msg": "1525946525.000060",
  "silent": true,
  "subtitle": "",
  "teamId": "T5YEC6G73",
  "title": "[REDACTED]"
}
[05/10/18, 19:59:20:417] info: Store: NEW_NOTIFICATION
{
  "avatarImage": "https://ca.slack-edge.com/T5YEC6G73-U5Z2SMFB6-65b51f7cdf65-512",
  "channel": "C8Y1H7TEE",
  "content": "[REDACTED]",
  "id": "48w4cziWGzmgv6z",
  "imageUri": null,
  "launchUri": "slack://channel?id=C8Y1H7TEE&message=1525949960.000091&team=T5YEC6G73",
  "msg": "1525949960.000091",
  "silent": true,
  "subtitle": "",
  "teamId": "T5YEC6G73",
  "title": "[REDACTED]"
}
[05/10/18, 20:05:42:961] info: Store: FOREGROUND_APP
[05/10/18, 20:26:37:253] info: Store: NEW_NOTIFICATION
{
  "avatarImage": "https://ca.slack-edge.com/T5YEC6G73-U5Z2SMFB6-65b51f7cdf65-512",
  "channel": "C8Y1H7TEE",
  "content": "[REDACTED]",
  "id": "j2MLTls782Xn55J",
  "imageUri": null,
  "launchUri": "slack://channel?id=C8Y1H7TEE&message=1525951597.000023&team=T5YEC6G73",
  "msg": "1525951597.000023",
  "silent": true,
  "subtitle": "",
  "teamId": "T5YEC6G73",
  "title": "[REDACTED]"
}
[05/10/18, 20:26:43:645] info: Store: NEW_NOTIFICATION
{
  "avatarImage": "https://ca.slack-edge.com/T5YEC6G73-U603XNVAP-83d16d22ab82-512",
  "channel": "C8Y1H7TEE",
  "content": "[REDACTED]",
  "id": "wj5ZTRtKr4088LE",
  "imageUri": null,
  "launchUri": "slack://channel?id=C8Y1H7TEE&message=1525951603.000147&team=T5YEC6G73",
  "msg": "1525951603.000147",
  "silent": true,
  "subtitle": "",
  "teamId": "T5YEC6G73",
  "title": "[REDACTED]"
}
[05/10/18, 20:27:02:351] info: Store: FOREGROUND_APP
[05/10/18, 20:28:47:696] info: Store: MAIN_WINDOW_FOCUSED
[05/10/18, 20:28:47:843] info: Store: SELECT_TEAM T02R0MMHK
[05/10/18, 20:28:51:192] info: Store: SELECT_CHANNEL C02R0MMJB
[05/10/18, 20:29:07:805] info: Store: SELECT_CHANNEL C02R0MMJ9
[05/10/18, 20:29:26:929] info: Store: MAIN_WINDOW_FOCUSED
[05/10/18, 20:29:27:036] info: Store: SELECT_TEAM T5LFW0CUB
[05/10/18, 20:29:27:053] info: Store: UPDATE_SETTINGS
{
  "locale": "ja-JP"
}
[05/10/18, 20:29:27:054] info: TranslationLookup: locale set to ja-JP for renderer
[05/10/18, 20:29:29:428] info: Raw Locale list: ["C","en_US.utf8","POSIX",""]
[05/10/18, 20:29:29:428] info: Filtered Locale list: ["en_US"]
[05/10/18, 20:29:29:428] info: Counts: {"en":["en_US"]}
[05/10/18, 20:29:29:428] info: Setting en
[05/10/18, 20:29:29:429] info: Result: {"en":"en-US"}
[05/10/18, 20:29:29:431] info: Requesting to load ja-JP, alternatives are ["ja-JP","ja-JP","ja-JP"]
[05/10/18, 20:29:29:431] info: Loading dictionary for language ja-JP
[05/10/18, 20:29:29:432] info: Returning local copy: /home/nitoli/.config/Slack/dictionaries/ja-JP.bdic
[05/10/18, 20:29:29:434] info: Failed to read file /home/nitoli/.config/Slack/dictionaries/ja-JP.bdic: File exists but is most likely bogus
[05/10/18, 20:29:29:434] info: Actually downloading https://redirector.gvt1.com/edgedl/chrome/dict/ja-jp-3-0.bdic
[05/10/18, 20:29:29:820] info: Loading dictionary for language ja-JP
[05/10/18, 20:29:29:820] info: Returning local copy: /home/nitoli/.config/Slack/dictionaries/ja-JP.bdic
[05/10/18, 20:29:29:826] info: Failed to read file /home/nitoli/.config/Slack/dictionaries/ja-JP.bdic: File exists but is most likely bogus
[05/10/18, 20:29:29:827] info: Actually downloading https://redirector.gvt1.com/edgedl/chrome/dict/ja-jp-3-0.bdic
[05/10/18, 20:29:29:992] info: Loading dictionary for language ja-JP
[05/10/18, 20:29:29:992] info: Returning local copy: /home/nitoli/.config/Slack/dictionaries/ja-JP.bdic
[05/10/18, 20:29:29:998] info: Failed to read file /home/nitoli/.config/Slack/dictionaries/ja-JP.bdic: File exists but is most likely bogus
[05/10/18, 20:29:30:000] info: Actually downloading https://redirector.gvt1.com/edgedl/chrome/dict/ja-jp-3-0.bdic
[05/10/18, 20:29:30:171] info: dictionary for ja-JP_ja-JP is not available
[05/10/18, 20:29:30:172] info: Actually installing spell check provider to Electron
[05/10/18, 20:29:33:026] info: Store: SELECT_CHANNEL G7GGG2GPN
[05/10/18, 20:29:33:088] info: Requesting to load ja-JP, alternatives are ["ja-JP","ja-JP","ja-JP"]
[05/10/18, 20:29:33:089] info: Loading dictionary for language ja-JP
[05/10/18, 20:29:33:089] info: Returning local copy: /home/nitoli/.config/Slack/dictionaries/ja-JP.bdic
[05/10/18, 20:29:33:102] info: Failed to read file /home/nitoli/.config/Slack/dictionaries/ja-JP.bdic: File exists but is most likely bogus
[05/10/18, 20:29:33:102] info: Actually downloading https://redirector.gvt1.com/edgedl/chrome/dict/ja-jp-3-0.bdic
[05/10/18, 20:29:33:260] info: Loading dictionary for language ja-JP
[05/10/18, 20:29:33:260] info: Returning local copy: /home/nitoli/.config/Slack/dictionaries/ja-JP.bdic
[05/10/18, 20:29:33:261] info: Failed to read file /home/nitoli/.config/Slack/dictionaries/ja-JP.bdic: File exists but is most likely bogus
[05/10/18, 20:29:33:262] info: Actually downloading https://redirector.gvt1.com/edgedl/chrome/dict/ja-jp-3-0.bdic
[05/10/18, 20:29:33:441] info: Loading dictionary for language ja-JP
[05/10/18, 20:29:33:441] info: Returning local copy: /home/nitoli/.config/Slack/dictionaries/ja-JP.bdic
[05/10/18, 20:29:33:455] info: Failed to read file /home/nitoli/.config/Slack/dictionaries/ja-JP.bdic: File exists but is most likely bogus
[05/10/18, 20:29:33:455] info: Actually downloading https://redirector.gvt1.com/edgedl/chrome/dict/ja-jp-3-0.bdic
[05/10/18, 20:29:33:636] info: dictionary for ja-JP_ja-JP is not available
[05/10/18, 20:30:09:155] info: Unloading spellchecker
[05/10/18, 20:30:09:158] info: Restoring spellchecker
[05/10/18, 20:30:09:159] info: Requesting to load ja-JP, alternatives are ["ja-JP","ja-JP","ja-JP"]
[05/10/18, 20:30:09:160] info: Loading dictionary for language ja-JP
[05/10/18, 20:30:09:160] info: Returning local copy: /home/nitoli/.config/Slack/dictionaries/ja-JP.bdic
[05/10/18, 20:30:09:192] info: Store: MAIN_WINDOW_FOCUSED
[05/10/18, 20:30:09:194] info: Failed to read file /home/nitoli/.config/Slack/dictionaries/ja-JP.bdic: File exists but is most likely bogus
[05/10/18, 20:30:09:195] info: Actually downloading https://redirector.gvt1.com/edgedl/chrome/dict/ja-jp-3-0.bdic
[05/10/18, 20:30:09:615] info: Loading dictionary for language ja-JP
[05/10/18, 20:30:09:616] info: Returning local copy: /home/nitoli/.config/Slack/dictionaries/ja-JP.bdic
[05/10/18, 20:30:09:618] info: Failed to read file /home/nitoli/.config/Slack/dictionaries/ja-JP.bdic: File exists but is most likely bogus
[05/10/18, 20:30:09:619] info: Actually downloading https://redirector.gvt1.com/edgedl/chrome/dict/ja-jp-3-0.bdic
[05/10/18, 20:30:09:770] info: Loading dictionary for language ja-JP
[05/10/18, 20:30:09:770] info: Returning local copy: /home/nitoli/.config/Slack/dictionaries/ja-JP.bdic
[05/10/18, 20:30:09:771] info: Failed to read file /home/nitoli/.config/Slack/dictionaries/ja-JP.bdic: File exists but is most likely bogus
[05/10/18, 20:30:09:771] info: Actually downloading https://redirector.gvt1.com/edgedl/chrome/dict/ja-jp-3-0.bdic
[05/10/18, 20:30:09:948] info: dictionary for ja-JP_ja-JP is not available
[05/10/18, 20:30:57:334] info: Unloading spellchecker
[05/10/18, 20:30:57:362] info: Store: MAIN_WINDOW_FOCUSED
[05/10/18, 20:30:57:364] info: Restoring spellchecker
[05/10/18, 20:30:57:364] info: Requesting to load ja-JP, alternatives are ["ja-JP","ja-JP","ja-JP"]
[05/10/18, 20:30:57:365] info: Loading dictionary for language ja-JP
[05/10/18, 20:30:57:365] info: Returning local copy: /home/nitoli/.config/Slack/dictionaries/ja-JP.bdic
[05/10/18, 20:30:57:376] info: Failed to read file /home/nitoli/.config/Slack/dictionaries/ja-JP.bdic: File exists but is most likely bogus
[05/10/18, 20:30:57:376] info: Actually downloading https://redirector.gvt1.com/edgedl/chrome/dict/ja-jp-3-0.bdic
[05/10/18, 20:30:57:451] info: Store: SELECT_TEAM T5YEC6G73
[05/10/18, 20:30:57:455] info: Unloading spellchecker
[05/10/18, 20:30:57:461] info: Unloading spellchecker
[05/10/18, 20:30:57:465] info: Store: UPDATE_SETTINGS
{
  "locale": "en-US"
}
[05/10/18, 20:30:57:466] info: TranslationLookup: locale set to en-US for renderer
[05/10/18, 20:30:58:047] info: Loading dictionary for language ja-JP
[05/10/18, 20:30:58:047] info: Returning local copy: /home/nitoli/.config/Slack/dictionaries/ja-JP.bdic
[05/10/18, 20:30:58:049] info: Failed to read file /home/nitoli/.config/Slack/dictionaries/ja-JP.bdic: File exists but is most likely bogus
[05/10/18, 20:30:58:050] info: Actually downloading https://redirector.gvt1.com/edgedl/chrome/dict/ja-jp-3-0.bdic
[05/10/18, 20:30:58:219] info: Loading dictionary for language ja-JP
[05/10/18, 20:30:58:219] info: Returning local copy: /home/nitoli/.config/Slack/dictionaries/ja-JP.bdic
[05/10/18, 20:30:58:220] info: Failed to read file /home/nitoli/.config/Slack/dictionaries/ja-JP.bdic: File exists but is most likely bogus
[05/10/18, 20:30:58:221] info: Actually downloading https://redirector.gvt1.com/edgedl/chrome/dict/ja-jp-3-0.bdic
[05/10/18, 20:30:58:399] info: dictionary for ja-JP_ja-JP is not available
