[05/07/18, 17:46:03:296] info: ╔════════════════════════════════════════════════════════════════════════════╗
[05/07/18, 17:46:03:297] info: ║      Slack 3.1.1, linux 4.16.6-1-zen on x64 at 05/07/18, 17:46:03:290      ║
[05/07/18, 17:46:03:297] info: ╚════════════════════════════════════════════════════════════════════════════╝
[05/07/18, 17:46:03:590] info: Initializing local storage instance at path: /home/nitoli/.config/Slack/local-settings.json
[05/07/18, 17:46:04:416] error: Calls failed to load, bailing
[05/07/18, 17:46:04:418] info: cld3::loadModule: loading cld3 module
[05/07/18, 17:46:04:489] info: cld3Loader::loadModule: running environment is NODE
[05/07/18, 17:46:04:489] info: cld3Loader::loadModule: constructed module object for runtime
[05/07/18, 17:46:05:326] info: cld3Loader::initializeRuntime: successfully initialized module
[05/07/18, 17:46:05:327] info: cld3Loader::loadModule: initialized wasm binary Runtime
[05/07/18, 17:46:05:354] warn: updateSpellcheckerLanguage: Tried to update language, but spellchecker not initialized
[05/07/18, 17:46:05:355] info: SSBIntegration: Main window preload script loaded 2803.162091
[05/07/18, 17:46:05:406] info: Store: UPSERT_WEB_CONTENTS
{
  "id": 3,
  "state": "loaded",
  "teamId": "T5YEC6G73"
}
[05/07/18, 17:46:05:420] info: Store: UPSERT_WEB_CONTENTS
{
  "id": 3,
  "state": "empty-page",
  "teamId": "T5YEC6G73"
}
[05/07/18, 17:46:05:430] info: Store: UPSERT_WEB_CONTENTS
{
  "id": 3,
  "state": "page-will-navigate",
  "teamId": "T5YEC6G73"
}
[05/07/18, 17:46:05:436] info: Window is unloading, winssb is no longer accessible
[05/07/18, 17:46:05:446] info: Store: UPSERT_WEB_CONTENTS
{
  "id": 5,
  "state": "loaded",
  "teamId": "T4HEMM0UR"
}
[05/07/18, 17:46:05:463] info: Store: UPSERT_WEB_CONTENTS
{
  "id": 5,
  "state": "empty-page",
  "teamId": "T4HEMM0UR"
}
[05/07/18, 17:46:05:473] info: Store: UPSERT_WEB_CONTENTS
{
  "id": 5,
  "state": "page-will-navigate",
  "teamId": "T4HEMM0UR"
}
[05/07/18, 17:46:05:513] info: Store: UPSERT_WEB_CONTENTS
{
  "id": 7,
  "state": "loaded",
  "teamId": "T0GFBAM8C"
}
[05/07/18, 17:46:05:526] info: Store: UPSERT_WEB_CONTENTS
{
  "id": 6,
  "state": "loaded",
  "teamId": "T5LFW0CUB"
}
[05/07/18, 17:46:05:544] info: Store: UPSERT_WEB_CONTENTS
{
  "id": 7,
  "state": "empty-page",
  "teamId": "T0GFBAM8C"
}
[05/07/18, 17:46:05:550] info: Store: UPSERT_WEB_CONTENTS
{
  "id": 6,
  "state": "empty-page",
  "teamId": "T5LFW0CUB"
}
[05/07/18, 17:46:05:555] info: Store: UPSERT_WEB_CONTENTS
{
  "id": 7,
  "state": "page-will-navigate",
  "teamId": "T0GFBAM8C"
}
[05/07/18, 17:46:05:563] info: Store: UPSERT_WEB_CONTENTS
{
  "id": 6,
  "state": "page-will-navigate",
  "teamId": "T5LFW0CUB"
}
[05/07/18, 17:46:05:628] info: Store: UPSERT_WEB_CONTENTS
{
  "id": 4,
  "state": "loaded",
  "teamId": "T02R0MMHK"
}
[05/07/18, 17:46:05:640] info: Store: UPSERT_WEB_CONTENTS
{
  "id": 4,
  "state": "empty-page",
  "teamId": "T02R0MMHK"
}
[05/07/18, 17:46:05:652] info: Store: UPSERT_WEB_CONTENTS
{
  "id": 4,
  "state": "page-will-navigate",
  "teamId": "T02R0MMHK"
}
[05/07/18, 17:46:05:860] info: Store: SET_NETWORK_STATUS offline
[05/07/18, 17:46:06:249] info: Store: UPDATE_SESSION_STATUS
{
  "hasValidSession": true,
  "teamId": "T0GFBAM8C"
}
[05/07/18, 17:46:06:268] info: Store: UPDATE_SESSION_STATUS
{
  "hasValidSession": true,
  "teamId": "T4HEMM0UR"
}
[05/07/18, 17:46:06:269] info: Store: UPDATE_SESSION_STATUS
{
  "hasValidSession": true,
  "teamId": "T5LFW0CUB"
}
[05/07/18, 17:46:06:271] info: Store: UPDATE_SESSION_STATUS
{
  "hasValidSession": true,
  "teamId": "T5YEC6G73"
}
