[05/07/18, 18:14:53:921] info: ╔════════════════════════════════════════════════════════════════════════════╗
[05/07/18, 18:14:53:922] info: ║      Slack 3.1.1, linux 4.16.6-1-zen on x64 at 05/07/18, 18:14:53:917      ║
[05/07/18, 18:14:53:922] info: ╚════════════════════════════════════════════════════════════════════════════╝
[05/07/18, 18:14:54:024] info: Initializing local storage instance at path: /home/nitoli/.config/Slack/local-settings.json
[05/07/18, 18:14:54:547] error: Calls failed to load, bailing
[05/07/18, 18:14:54:550] info: cld3::loadModule: loading cld3 module
[05/07/18, 18:14:54:578] info: cld3Loader::loadModule: running environment is NODE
[05/07/18, 18:14:54:578] info: cld3Loader::loadModule: constructed module object for runtime
[05/07/18, 18:14:54:911] info: cld3Loader::initializeRuntime: successfully initialized module
[05/07/18, 18:14:54:911] info: cld3Loader::loadModule: initialized wasm binary Runtime
[05/07/18, 18:14:54:915] warn: updateSpellcheckerLanguage: Tried to update language, but spellchecker not initialized
[05/07/18, 18:14:54:917] info: SSBIntegration: Main window preload script loaded 1272.240813
[05/07/18, 18:15:02:484] info: Store: UPSERT_WEB_CONTENTS
{
  "id": 3,
  "state": "loaded",
  "teamId": "T5YEC6G73"
}
[05/07/18, 18:15:02:487] info: Store: SELECT_CHANNEL DAHC8TMSR
[05/07/18, 18:15:02:488] info: Store: UPDATE_TEAM_LOCALE
{
  "locale": "en-US"
}
[05/07/18, 18:15:02:488] info: Store: UPDATE_SETTINGS
{
  "locale": "en-US"
}
[05/07/18, 18:15:02:489] info: Store: UPDATE_SESSION_STATUS
{
  "hasValidSession": true,
  "teamId": "T5YEC6G73"
}
[05/07/18, 18:15:02:529] info: Store: UPSERT_WEB_CONTENTS
{
  "id": 4,
  "state": "loaded",
  "teamId": "T02R0MMHK"
}
[05/07/18, 18:15:02:565] info: Store: SELECT_CHANNEL DA5E079JP
[05/07/18, 18:15:02:569] info: Store: UPDATE_TEAM_LOCALE
{
  "locale": "en-US"
}
[05/07/18, 18:15:02:576] info: Store: UPDATE_TEAM_LOCALE
{
  "locale": "en-US"
}
[05/07/18, 18:15:02:576] info: Store: UPSERT_WEB_CONTENTS
{
  "id": 4,
  "state": "webapp-loaded",
  "teamId": "T02R0MMHK"
}
[05/07/18, 18:15:02:603] info: Store: UPDATE_TEAM_THEME
{
  "teamId": "T02R0MMHK",
  "theme": {
    "active_item": "#4C9689",
    "active_item_text": "#FFFFFF",
    "active_presence": "#38978D",
    "badge": "#EB4D5C",
    "column_bg": "#4D394B",
    "hover_item": "#3E313C",
    "menu_bg": "#3E313C",
    "text_color": "#FFFFFF"
  }
}
[05/07/18, 18:15:02:640] info: Store: STORE_API_TOKEN
{
  "teamId": "T02R0MMHK",
  "token": "xoxs-⋯"
}
[05/07/18, 18:15:02:641] info: Store: UPDATE_SESSION_STATUS
{
  "hasValidSession": true,
  "teamId": "T02R0MMHK"
}
[05/07/18, 18:15:02:665] info: Store: UPDATE_TEAM_ICONS
{
  "icons": {
    "image_102": "https://slack-files2.s3-us-west-2.amazonaws.com/avatars/2015-01-14/3400695805_06e3ed8a8ae7228d7c54_102.jpg",
    "image_132": "https://slack-files2.s3-us-west-2.amazonaws.com/avatars/2015-01-14/3400695805_06e3ed8a8ae7228d7c54_132.jpg",
    "image_230": "https://slack-files2.s3-us-west-2.amazonaws.com/avatars/2015-01-14/3400695805_06e3ed8a8ae7228d7c54_132.jpg",
    "image_34": "https://slack-files2.s3-us-west-2.amazonaws.com/avatars/2015-01-14/3400695805_06e3ed8a8ae7228d7c54_34.jpg",
    "image_44": "https://slack-files2.s3-us-west-2.amazonaws.com/avatars/2015-01-14/3400695805_06e3ed8a8ae7228d7c54_44.jpg",
    "image_68": "https://slack-files2.s3-us-west-2.amazonaws.com/avatars/2015-01-14/3400695805_06e3ed8a8ae7228d7c54_68.jpg",
    "image_88": "https://slack-files2.s3-us-west-2.amazonaws.com/avatars/2015-01-14/3400695805_06e3ed8a8ae7228d7c54_88.jpg",
    "image_original": "https://slack-files2.s3-us-west-2.amazonaws.com/avatars/2015-01-14/3400695805_06e3ed8a8ae7228d7c54_original.jpg"
  },
  "teamId": "T02R0MMHK"
}
[05/07/18, 18:15:02:869] info: Store: SELECT_CHANNEL G7GGG2GPN
[05/07/18, 18:15:03:203] info: Store: UPDATE_TEAM_LOCALE
{
  "locale": "ja-JP"
}
[05/07/18, 18:15:04:145] info: Store: SELECT_CHANNEL C4JRHEQB1
[05/07/18, 18:15:04:147] info: Store: UPDATE_TEAM_LOCALE
{
  "locale": "ja-JP"
}
[05/07/18, 18:15:04:155] info: Store: UPDATE_TEAM_ICONS
{
  "icons": {
    "image_102": "https://slack-files2.s3-us-west-2.amazonaws.com/avatars/2017-06-28/205110093367_6705e64b9b4a8299bd1f_102.png",
    "image_132": "https://slack-files2.s3-us-west-2.amazonaws.com/avatars/2017-06-28/205110093367_6705e64b9b4a8299bd1f_132.png",
    "image_230": "https://slack-files2.s3-us-west-2.amazonaws.com/avatars/2017-06-28/205110093367_6705e64b9b4a8299bd1f_230.png",
    "image_34": "https://slack-files2.s3-us-west-2.amazonaws.com/avatars/2017-06-28/205110093367_6705e64b9b4a8299bd1f_34.png",
    "image_44": "https://slack-files2.s3-us-west-2.amazonaws.com/avatars/2017-06-28/205110093367_6705e64b9b4a8299bd1f_44.png",
    "image_68": "https://slack-files2.s3-us-west-2.amazonaws.com/avatars/2017-06-28/205110093367_6705e64b9b4a8299bd1f_68.png",
    "image_88": "https://slack-files2.s3-us-west-2.amazonaws.com/avatars/2017-06-28/205110093367_6705e64b9b4a8299bd1f_88.png",
    "image_original": "https://slack-files2.s3-us-west-2.amazonaws.com/avatars/2017-06-28/205110093367_6705e64b9b4a8299bd1f_original.png"
  },
  "teamId": "T5YEC6G73"
}
[05/07/18, 18:15:04:156] info: Store: UPSERT_WEB_CONTENTS
{
  "id": 6,
  "state": "loaded",
  "teamId": "T5LFW0CUB"
}
[05/07/18, 18:15:04:156] info: Store: UPDATE_TEAM_LOCALE
{
  "locale": "en-US",
  "teamId": "T5YEC6G73"
}
[05/07/18, 18:15:04:157] info: Store: UPSERT_WEB_CONTENTS
{
  "id": 5,
  "state": "loaded",
  "teamId": "T4HEMM0UR"
}
[05/07/18, 18:15:04:157] info: Store: UPSERT_WEB_CONTENTS
{
  "id": 3,
  "state": "webapp-loaded",
  "teamId": "T5YEC6G73"
}
[05/07/18, 18:15:04:202] info: Store: UPDATE_SESSION_STATUS
{
  "hasValidSession": true,
  "teamId": "T4HEMM0UR"
}
[05/07/18, 18:15:04:237] info: Store: SELECT_CHANNEL C0GFH3RHC
[05/07/18, 18:15:04:244] info: Store: UPDATE_TEAM_LOCALE
{
  "locale": "ja-JP"
}
[05/07/18, 18:15:04:282] info: Store: UPDATE_TEAM_LOCALE
{
  "locale": "ja-JP"
}
[05/07/18, 18:15:04:285] info: Store: UPSERT_WEB_CONTENTS
{
  "id": 6,
  "state": "webapp-loaded",
  "teamId": "T5LFW0CUB"
}
[05/07/18, 18:15:04:434] info: Store: STORE_API_TOKEN
{
  "teamId": "T5LFW0CUB",
  "token": "xoxs-⋯"
}
[05/07/18, 18:15:04:450] info: Store: UPDATE_TEAM_THEME
{
  "teamId": "T5LFW0CUB",
  "theme": {
    "active_item": "#4C9689",
    "active_item_text": "#FFFFFF",
    "active_presence": "#38978D",
    "badge": "#EB4D5C",
    "column_bg": "#4D394B",
    "hover_item": "#3E313C",
    "menu_bg": "#3E313C",
    "text_color": "#FFFFFF"
  }
}
[05/07/18, 18:15:04:454] info: Store: UPDATE_TEAM_ICONS
{
  "icons": {
    "image_102": "https://slack-files2.s3-us-west-2.amazonaws.com/avatars/2017-08-21/229801110004_7754c1684d8336d012c4_102.jpg",
    "image_132": "https://slack-files2.s3-us-west-2.amazonaws.com/avatars/2017-08-21/229801110004_7754c1684d8336d012c4_132.jpg",
    "image_230": "https://slack-files2.s3-us-west-2.amazonaws.com/avatars/2017-08-21/229801110004_7754c1684d8336d012c4_230.jpg",
    "image_34": "https://slack-files2.s3-us-west-2.amazonaws.com/avatars/2017-08-21/229801110004_7754c1684d8336d012c4_34.jpg",
    "image_44": "https://slack-files2.s3-us-west-2.amazonaws.com/avatars/2017-08-21/229801110004_7754c1684d8336d012c4_44.jpg",
    "image_68": "https://slack-files2.s3-us-west-2.amazonaws.com/avatars/2017-08-21/229801110004_7754c1684d8336d012c4_68.jpg",
    "image_88": "https://slack-files2.s3-us-west-2.amazonaws.com/avatars/2017-08-21/229801110004_7754c1684d8336d012c4_88.jpg",
    "image_original": "https://slack-files2.s3-us-west-2.amazonaws.com/avatars/2017-08-21/229801110004_7754c1684d8336d012c4_original.jpg"
  },
  "teamId": "T5LFW0CUB"
}
[05/07/18, 18:15:04:478] info: Store: UPDATE_TEAM_LOCALE
{
  "locale": "ja-JP"
}
[05/07/18, 18:15:04:486] info: Store: UPSERT_WEB_CONTENTS
{
  "id": 5,
  "state": "webapp-loaded",
  "teamId": "T4HEMM0UR"
}
[05/07/18, 18:15:04:494] info: Store: UPDATE_SESSION_STATUS
{
  "hasValidSession": true,
  "teamId": "T5LFW0CUB"
}
[05/07/18, 18:15:04:570] info: Store: UPDATE_TEAM_THEME
{
  "teamId": "T5YEC6G73",
  "theme": {
    "active_item": "#4C9689",
    "active_item_text": "#FFFFFF",
    "active_presence": "#38978D",
    "badge": "#EB4D5C",
    "column_bg": "#4D394B",
    "hover_item": "#3E313C",
    "menu_bg": "#3E313C",
    "text_color": "#FFFFFF"
  }
}
[05/07/18, 18:15:04:589] info: Store: STORE_API_TOKEN
{
  "teamId": "T5YEC6G73",
  "token": "xoxs-⋯"
}
[05/07/18, 18:15:04:664] info: Store: UPDATE_TEAM_THEME
{
  "teamId": "T4HEMM0UR",
  "theme": {
    "active_item": "#4C9689",
    "active_item_text": "#FFFFFF",
    "active_presence": "#38978D",
    "badge": "#EB4D5C",
    "column_bg": "#4D394B",
    "hover_item": "#3E313C",
    "menu_bg": "#3E313C",
    "text_color": "#FFFFFF"
  }
}
[05/07/18, 18:15:04:708] info: Store: UPSERT_WEB_CONTENTS
{
  "id": 7,
  "state": "loaded",
  "teamId": "T0GFBAM8C"
}
[05/07/18, 18:15:04:774] info: Store: STORE_API_TOKEN
{
  "teamId": "T4HEMM0UR",
  "token": "xoxs-⋯"
}
[05/07/18, 18:15:04:787] info: Store: UPDATE_TEAM_ICONS
{
  "icons": {
    "image_102": "https://slack-files2.s3-us-west-2.amazonaws.com/avatars/2017-03-15/154610708258_f98e05c23845866960a5_102.png",
    "image_132": "https://slack-files2.s3-us-west-2.amazonaws.com/avatars/2017-03-15/154610708258_f98e05c23845866960a5_132.png",
    "image_230": "https://slack-files2.s3-us-west-2.amazonaws.com/avatars/2017-03-15/154610708258_f98e05c23845866960a5_230.png",
    "image_34": "https://slack-files2.s3-us-west-2.amazonaws.com/avatars/2017-03-15/154610708258_f98e05c23845866960a5_34.png",
    "image_44": "https://slack-files2.s3-us-west-2.amazonaws.com/avatars/2017-03-15/154610708258_f98e05c23845866960a5_44.png",
    "image_68": "https://slack-files2.s3-us-west-2.amazonaws.com/avatars/2017-03-15/154610708258_f98e05c23845866960a5_68.png",
    "image_88": "https://slack-files2.s3-us-west-2.amazonaws.com/avatars/2017-03-15/154610708258_f98e05c23845866960a5_88.png",
    "image_original": "https://slack-files2.s3-us-west-2.amazonaws.com/avatars/2017-03-15/154610708258_f98e05c23845866960a5_original.png"
  },
  "teamId": "T4HEMM0UR"
}
[05/07/18, 18:15:05:082] info: Store: UPDATE_TEAM_LOCALE
{
  "locale": "ja-JP"
}
[05/07/18, 18:15:05:100] info: Store: UPSERT_WEB_CONTENTS
{
  "id": 7,
  "state": "webapp-loaded",
  "teamId": "T0GFBAM8C"
}
[05/07/18, 18:15:05:109] info: Store: UPDATE_SESSION_STATUS
{
  "hasValidSession": true,
  "teamId": "T0GFBAM8C"
}
[05/07/18, 18:15:05:253] info: Store: STORE_API_TOKEN
{
  "teamId": "T0GFBAM8C",
  "token": "xoxs-⋯"
}
[05/07/18, 18:15:05:260] info: Store: UPDATE_TEAM_THEME
{
  "teamId": "T0GFBAM8C",
  "theme": {
    "active_item": "#4C9689",
    "active_item_text": "#FFFFFF",
    "active_presence": "#38978D",
    "badge": "#EB4D5C",
    "column_bg": "#4D394B",
    "hover_item": "#3E313C",
    "menu_bg": "#3E313C",
    "text_color": "#FFFFFF"
  }
}
[05/07/18, 18:15:05:283] info: Store: UPDATE_TEAM_ICONS
{
  "icons": {
    "image_102": "https://slack-files2.s3-us-west-2.amazonaws.com/avatars/2015-12-19/17054493216_07addcfb3fb1718cbba4_102.png",
    "image_132": "https://slack-files2.s3-us-west-2.amazonaws.com/avatars/2015-12-19/17054493216_07addcfb3fb1718cbba4_132.png",
    "image_230": "https://slack-files2.s3-us-west-2.amazonaws.com/avatars/2015-12-19/17054493216_07addcfb3fb1718cbba4_132.png",
    "image_34": "https://slack-files2.s3-us-west-2.amazonaws.com/avatars/2015-12-19/17054493216_07addcfb3fb1718cbba4_34.png",
    "image_44": "https://slack-files2.s3-us-west-2.amazonaws.com/avatars/2015-12-19/17054493216_07addcfb3fb1718cbba4_44.png",
    "image_68": "https://slack-files2.s3-us-west-2.amazonaws.com/avatars/2015-12-19/17054493216_07addcfb3fb1718cbba4_68.png",
    "image_88": "https://slack-files2.s3-us-west-2.amazonaws.com/avatars/2015-12-19/17054493216_07addcfb3fb1718cbba4_88.png",
    "image_original": "https://slack-files2.s3-us-west-2.amazonaws.com/avatars/2015-12-19/17054493216_07addcfb3fb1718cbba4_original.png"
  },
  "teamId": "T0GFBAM8C"
}
[05/07/18, 18:15:09:139] info: Store: NEW_NOTIFICATION
{
  "avatarImage": "https://ca.slack-edge.com/T5YEC6G73-U603XNVAP-83d16d22ab82-512",
  "channel": "DA5E079JP",
  "content": "[REDACTED]",
  "id": "qxA0sOhELYYOy2O",
  "imageUri": null,
  "launchUri": "slack://channel?id=DA5E079JP&message=1525684508.000430&team=T5YEC6G73",
  "msg": "1525684508.000430",
  "silent": true,
  "subtitle": "",
  "teamId": "T5YEC6G73",
  "title": "[REDACTED]"
}
[05/07/18, 18:15:21:313] info: Store: NEW_NOTIFICATION
{
  "avatarImage": "https://ca.slack-edge.com/T5YEC6G73-U603XNVAP-83d16d22ab82-512",
  "channel": "DA5E079JP",
  "content": "[REDACTED]",
  "id": "kR6nTki91yyB1pg",
  "imageUri": null,
  "launchUri": "slack://channel?id=DA5E079JP&message=1525684521.000012&team=T5YEC6G73",
  "msg": "1525684521.000012",
  "silent": true,
  "subtitle": "",
  "teamId": "T5YEC6G73",
  "title": "[REDACTED]"
}
[05/07/18, 18:16:33:993] info: Store: NEW_NOTIFICATION
{
  "avatarImage": "https://ca.slack-edge.com/T5YEC6G73-U603XNVAP-83d16d22ab82-512",
  "channel": "CA96US34P",
  "content": "[REDACTED]",
  "id": "xkoEFmswJxxzo2N",
  "imageUri": null,
  "launchUri": "slack://channel?id=CA96US34P&message=1525684593.000334&team=T5YEC6G73",
  "msg": "1525684593.000334",
  "silent": true,
  "subtitle": "",
  "teamId": "T5YEC6G73",
  "title": "[REDACTED]"
}
[05/07/18, 18:17:51:228] info: Store: SELECT_CHANNEL CA96US34P
[05/07/18, 18:17:57:396] info: Store: MAIN_WINDOW_FOCUSED
[05/07/18, 18:17:57:488] info: Store: SELECT_TEAM T02R0MMHK
[05/07/18, 18:17:58:916] info: Couldn't detect language for text of length '1056': Not enough reliable text, ignoring sample
[05/07/18, 18:18:14:117] info: Store: SELECT_CHANNEL C4TEJ603W
[05/07/18, 18:18:16:333] info: Raw Locale list: ["C","en_US.utf8","POSIX",""]
[05/07/18, 18:18:16:334] info: Filtered Locale list: ["en_US"]
[05/07/18, 18:18:16:334] info: Counts: {"en":["en_US"]}
[05/07/18, 18:18:16:334] info: Setting en
[05/07/18, 18:18:16:334] info: Result: {"en":"en-US"}
[05/07/18, 18:18:16:336] info: Requesting to load ja-JP, alternatives are ["ja-JP","ja-JP","ja-JP"]
[05/07/18, 18:18:16:337] info: Loading dictionary for language ja-JP
[05/07/18, 18:18:16:337] info: Returning local copy: /home/nitoli/.config/Slack/dictionaries/ja-JP.bdic
[05/07/18, 18:18:16:339] info: Failed to read file /home/nitoli/.config/Slack/dictionaries/ja-JP.bdic: File exists but is most likely bogus
[05/07/18, 18:18:16:340] info: Actually downloading https://redirector.gvt1.com/edgedl/chrome/dict/ja-jp-3-0.bdic
[05/07/18, 18:18:16:725] info: Loading dictionary for language ja-JP
[05/07/18, 18:18:16:725] info: Returning local copy: /home/nitoli/.config/Slack/dictionaries/ja-JP.bdic
[05/07/18, 18:18:16:726] info: Failed to read file /home/nitoli/.config/Slack/dictionaries/ja-JP.bdic: File exists but is most likely bogus
[05/07/18, 18:18:16:726] info: Actually downloading https://redirector.gvt1.com/edgedl/chrome/dict/ja-jp-3-0.bdic
[05/07/18, 18:18:16:903] info: Loading dictionary for language ja-JP
[05/07/18, 18:18:16:903] info: Returning local copy: /home/nitoli/.config/Slack/dictionaries/ja-JP.bdic
[05/07/18, 18:18:16:905] info: Failed to read file /home/nitoli/.config/Slack/dictionaries/ja-JP.bdic: File exists but is most likely bogus
[05/07/18, 18:18:16:905] info: Actually downloading https://redirector.gvt1.com/edgedl/chrome/dict/ja-jp-3-0.bdic
[05/07/18, 18:18:17:054] info: dictionary for ja-JP_ja-JP is not available
[05/07/18, 18:18:17:054] info: Actually installing spell check provider to Electron
[05/07/18, 18:18:24:775] info: Unloading spellchecker
[05/07/18, 18:18:24:783] info: Store: MAIN_WINDOW_FOCUSED
[05/07/18, 18:18:24:785] info: Restoring spellchecker
[05/07/18, 18:18:24:785] info: Requesting to load ja-JP, alternatives are ["ja-JP","ja-JP","ja-JP"]
[05/07/18, 18:18:24:786] info: Loading dictionary for language ja-JP
[05/07/18, 18:18:24:786] info: Returning local copy: /home/nitoli/.config/Slack/dictionaries/ja-JP.bdic
[05/07/18, 18:18:24:787] info: Failed to read file /home/nitoli/.config/Slack/dictionaries/ja-JP.bdic: File exists but is most likely bogus
[05/07/18, 18:18:24:787] info: Actually downloading https://redirector.gvt1.com/edgedl/chrome/dict/ja-jp-3-0.bdic
[05/07/18, 18:18:24:870] info: Store: SELECT_TEAM T5YEC6G73
[05/07/18, 18:18:24:874] info: Unloading spellchecker
[05/07/18, 18:18:24:878] info: Unloading spellchecker
[05/07/18, 18:18:25:364] info: Loading dictionary for language ja-JP
[05/07/18, 18:18:25:366] info: Returning local copy: /home/nitoli/.config/Slack/dictionaries/ja-JP.bdic
[05/07/18, 18:18:25:372] info: Failed to read file /home/nitoli/.config/Slack/dictionaries/ja-JP.bdic: File exists but is most likely bogus
[05/07/18, 18:18:25:372] info: Actually downloading https://redirector.gvt1.com/edgedl/chrome/dict/ja-jp-3-0.bdic
[05/07/18, 18:18:25:550] info: Loading dictionary for language ja-JP
[05/07/18, 18:18:25:550] info: Returning local copy: /home/nitoli/.config/Slack/dictionaries/ja-JP.bdic
[05/07/18, 18:18:25:552] info: Failed to read file /home/nitoli/.config/Slack/dictionaries/ja-JP.bdic: File exists but is most likely bogus
[05/07/18, 18:18:25:553] info: Actually downloading https://redirector.gvt1.com/edgedl/chrome/dict/ja-jp-3-0.bdic
[05/07/18, 18:18:25:857] info: dictionary for ja-JP_ja-JP is not available
[05/07/18, 18:18:30:799] info: Store: SELECT_CHANNEL DA5E079JP
[05/07/18, 18:19:27:198] info: Store: MAIN_WINDOW_FOCUSED
[05/07/18, 18:19:31:325] info: Store: MAIN_WINDOW_FOCUSED
[05/07/18, 18:19:34:468] info: Store: MAIN_WINDOW_FOCUSED
[05/07/18, 18:19:39:646] info: Store: MAIN_WINDOW_FOCUSED
[05/07/18, 18:22:18:579] info: Store: MAIN_WINDOW_FOCUSED
[05/07/18, 18:22:21:834] info: Store: SELECT_CHANNEL D9ZD42L4Q
[05/07/18, 18:22:22:866] info: Store: SELECT_CHANNEL DA5E079JP
[05/07/18, 18:22:24:351] info: Store: SELECT_CHANNEL C8Y1H7TEE
[05/07/18, 18:22:25:492] info: Store: NEW_NOTIFICATION
{
  "avatarImage": "https://ca.slack-edge.com/T5YEC6G73-U60Q04VT6-a7586f1eca91-512",
  "channel": "CA96US34P",
  "content": "[REDACTED]",
  "id": "J6EgcQtL1nnXZJq",
  "imageUri": null,
  "launchUri": "slack://channel?id=CA96US34P&message=1525684945.000043&team=T5YEC6G73",
  "msg": "1525684945.000043",
  "silent": true,
  "subtitle": "",
  "teamId": "T5YEC6G73",
  "title": "[REDACTED]"
}
[05/07/18, 18:22:30:645] info: Store: MAIN_WINDOW_FOCUSED
[05/07/18, 18:22:32:523] info: Store: MAIN_WINDOW_FOCUSED
[05/07/18, 18:22:36:259] info: Store: MAIN_WINDOW_FOCUSED
[05/07/18, 18:22:39:092] info: Store: SELECT_CHANNEL CA96US34P
