[05/05/18, 02:04:00:318] info: ╔════════════════════════════════════════════════════════════════════════════╗
[05/05/18, 02:04:00:319] info: ║      Slack 3.1.1, linux 4.16.6-1-zen on x64 at 05/05/18, 02:04:00:313      ║
[05/05/18, 02:04:00:319] info: ╚════════════════════════════════════════════════════════════════════════════╝
[05/05/18, 02:04:00:557] info: Initializing local storage instance at path: /home/nitoli/.config/Slack/local-settings.json
[05/05/18, 02:04:01:440] error: Calls failed to load, bailing
[05/05/18, 02:04:01:441] info: cld3::loadModule: loading cld3 module
[05/05/18, 02:04:01:489] info: cld3Loader::loadModule: running environment is NODE
[05/05/18, 02:04:01:489] info: cld3Loader::loadModule: constructed module object for runtime
[05/05/18, 02:04:02:062] info: cld3Loader::initializeRuntime: successfully initialized module
[05/05/18, 02:04:02:062] info: cld3Loader::loadModule: initialized wasm binary Runtime
[05/05/18, 02:04:02:092] warn: updateSpellcheckerLanguage: Tried to update language, but spellchecker not initialized
[05/05/18, 02:04:02:093] info: SSBIntegration: Main window preload script loaded 3328.24391
[05/05/18, 02:04:02:181] info: Store: UPDATE_SESSION_STATUS
{
  "hasValidSession": true,
  "teamId": "T4HEMM0UR"
}
[05/05/18, 02:04:11:860] info: Store: SELECT_CHANNEL C8Y1H7TEE
[05/05/18, 02:04:11:871] info: Store: UPDATE_TEAM_LOCALE
{
  "locale": "en-US"
}
[05/05/18, 02:04:11:878] info: Store: UPDATE_SETTINGS
{
  "locale": "en-US"
}
[05/05/18, 02:04:11:879] info: Store: SELECT_CHANNEL C4JRHEQB1
[05/05/18, 02:04:11:879] info: Store: UPDATE_TEAM_LOCALE
{
  "locale": "ja-JP"
}
[05/05/18, 02:04:11:880] info: Store: SELECT_CHANNEL G7GGG2GPN
[05/05/18, 02:04:11:880] info: Store: SELECT_CHANNEL C0GFH3RHU
[05/05/18, 02:04:11:881] info: Store: UPDATE_TEAM_LOCALE
{
  "locale": "ja-JP"
}
[05/05/18, 02:04:11:899] info: Store: UPDATE_TEAM_LOCALE
{
  "locale": "ja-JP"
}
[05/05/18, 02:04:11:928] info: Store: UPSERT_WEB_CONTENTS
{
  "id": 4,
  "state": "loaded",
  "teamId": "T5YEC6G73"
}
[05/05/18, 02:04:12:098] info: Store: UPSERT_WEB_CONTENTS
{
  "id": 5,
  "state": "loaded",
  "teamId": "T4HEMM0UR"
}
[05/05/18, 02:04:12:129] info: Store: UPDATE_SESSION_STATUS
{
  "hasValidSession": true,
  "teamId": "T5YEC6G73"
}
[05/05/18, 02:04:12:129] info: Store: UPDATE_SESSION_STATUS
{
  "hasValidSession": true,
  "teamId": "T4HEMM0UR"
}
[05/05/18, 02:04:12:130] info: Store: UPSERT_WEB_CONTENTS
{
  "id": 6,
  "state": "loaded",
  "teamId": "T5LFW0CUB"
}
[05/05/18, 02:04:12:130] info: Store: UPSERT_WEB_CONTENTS
{
  "id": 7,
  "state": "loaded",
  "teamId": "T0GFBAM8C"
}
[05/05/18, 02:04:12:155] info: Store: UPDATE_SESSION_STATUS
{
  "hasValidSession": true,
  "teamId": "T5LFW0CUB"
}
[05/05/18, 02:04:12:155] info: Store: UPDATE_SESSION_STATUS
{
  "hasValidSession": true,
  "teamId": "T0GFBAM8C"
}
[05/05/18, 02:04:12:156] info: Store: UPDATE_TEAM_LOCALE
{
  "locale": "en-US"
}
[05/05/18, 02:04:12:157] info: Store: UPSERT_WEB_CONTENTS
{
  "id": 4,
  "state": "webapp-loaded",
  "teamId": "T5YEC6G73"
}
[05/05/18, 02:04:13:307] info: Store: UPDATE_TEAM_THEME
{
  "teamId": "T5YEC6G73",
  "theme": {
    "active_item": "#4C9689",
    "active_item_text": "#FFFFFF",
    "active_presence": "#38978D",
    "badge": "#EB4D5C",
    "column_bg": "#4D394B",
    "hover_item": "#3E313C",
    "menu_bg": "#3E313C",
    "text_color": "#FFFFFF"
  }
}
[05/05/18, 02:04:13:310] info: Store: STORE_API_TOKEN
{
  "teamId": "T5YEC6G73",
  "token": "xoxs-⋯"
}
[05/05/18, 02:04:13:310] info: Store: UPDATE_TEAM_ICONS
{
  "icons": {
    "image_102": "https://slack-files2.s3-us-west-2.amazonaws.com/avatars/2017-06-28/205110093367_6705e64b9b4a8299bd1f_102.png",
    "image_132": "https://slack-files2.s3-us-west-2.amazonaws.com/avatars/2017-06-28/205110093367_6705e64b9b4a8299bd1f_132.png",
    "image_230": "https://slack-files2.s3-us-west-2.amazonaws.com/avatars/2017-06-28/205110093367_6705e64b9b4a8299bd1f_230.png",
    "image_34": "https://slack-files2.s3-us-west-2.amazonaws.com/avatars/2017-06-28/205110093367_6705e64b9b4a8299bd1f_34.png",
    "image_44": "https://slack-files2.s3-us-west-2.amazonaws.com/avatars/2017-06-28/205110093367_6705e64b9b4a8299bd1f_44.png",
    "image_68": "https://slack-files2.s3-us-west-2.amazonaws.com/avatars/2017-06-28/205110093367_6705e64b9b4a8299bd1f_68.png",
    "image_88": "https://slack-files2.s3-us-west-2.amazonaws.com/avatars/2017-06-28/205110093367_6705e64b9b4a8299bd1f_88.png",
    "image_original": "https://slack-files2.s3-us-west-2.amazonaws.com/avatars/2017-06-28/205110093367_6705e64b9b4a8299bd1f_original.png"
  },
  "teamId": "T5YEC6G73"
}
[05/05/18, 02:04:13:311] info: Store: UPDATE_TEAM_LOCALE
{
  "locale": "ja-JP"
}
[05/05/18, 02:04:13:311] info: Store: UPSERT_WEB_CONTENTS
{
  "id": 7,
  "state": "webapp-loaded",
  "teamId": "T0GFBAM8C"
}
[05/05/18, 02:04:13:312] info: Store: UPDATE_TEAM_LOCALE
{
  "locale": "ja-JP"
}
[05/05/18, 02:04:13:312] info: Store: UPSERT_WEB_CONTENTS
{
  "id": 5,
  "state": "webapp-loaded",
  "teamId": "T4HEMM0UR"
}
[05/05/18, 02:04:13:313] info: Store: UPDATE_TEAM_THEME
{
  "teamId": "T4HEMM0UR",
  "theme": {
    "active_item": "#4C9689",
    "active_item_text": "#FFFFFF",
    "active_presence": "#38978D",
    "badge": "#EB4D5C",
    "column_bg": "#4D394B",
    "hover_item": "#3E313C",
    "menu_bg": "#3E313C",
    "text_color": "#FFFFFF"
  }
}
[05/05/18, 02:04:13:313] info: Store: STORE_API_TOKEN
{
  "teamId": "T4HEMM0UR",
  "token": "xoxs-⋯"
}
[05/05/18, 02:04:13:313] info: Store: UPDATE_TEAM_ICONS
{
  "icons": {
    "image_102": "https://slack-files2.s3-us-west-2.amazonaws.com/avatars/2017-03-15/154610708258_f98e05c23845866960a5_102.png",
    "image_132": "https://slack-files2.s3-us-west-2.amazonaws.com/avatars/2017-03-15/154610708258_f98e05c23845866960a5_132.png",
    "image_230": "https://slack-files2.s3-us-west-2.amazonaws.com/avatars/2017-03-15/154610708258_f98e05c23845866960a5_230.png",
    "image_34": "https://slack-files2.s3-us-west-2.amazonaws.com/avatars/2017-03-15/154610708258_f98e05c23845866960a5_34.png",
    "image_44": "https://slack-files2.s3-us-west-2.amazonaws.com/avatars/2017-03-15/154610708258_f98e05c23845866960a5_44.png",
    "image_68": "https://slack-files2.s3-us-west-2.amazonaws.com/avatars/2017-03-15/154610708258_f98e05c23845866960a5_68.png",
    "image_88": "https://slack-files2.s3-us-west-2.amazonaws.com/avatars/2017-03-15/154610708258_f98e05c23845866960a5_88.png",
    "image_original": "https://slack-files2.s3-us-west-2.amazonaws.com/avatars/2017-03-15/154610708258_f98e05c23845866960a5_original.png"
  },
  "teamId": "T4HEMM0UR"
}
[05/05/18, 02:04:13:314] info: Store: UPDATE_TEAM_LOCALE
{
  "locale": "ja-JP"
}
[05/05/18, 02:04:13:314] info: Store: UPSERT_WEB_CONTENTS
{
  "id": 6,
  "state": "webapp-loaded",
  "teamId": "T5LFW0CUB"
}
[05/05/18, 02:04:13:315] info: Store: UPDATE_TEAM_THEME
{
  "teamId": "T0GFBAM8C",
  "theme": {
    "active_item": "#4C9689",
    "active_item_text": "#FFFFFF",
    "active_presence": "#38978D",
    "badge": "#EB4D5C",
    "column_bg": "#4D394B",
    "hover_item": "#3E313C",
    "menu_bg": "#3E313C",
    "text_color": "#FFFFFF"
  }
}
[05/05/18, 02:04:13:315] info: Store: STORE_API_TOKEN
{
  "teamId": "T0GFBAM8C",
  "token": "xoxs-⋯"
}
[05/05/18, 02:04:13:316] info: Store: UPDATE_TEAM_ICONS
{
  "icons": {
    "image_102": "https://slack-files2.s3-us-west-2.amazonaws.com/avatars/2015-12-19/17054493216_07addcfb3fb1718cbba4_102.png",
    "image_132": "https://slack-files2.s3-us-west-2.amazonaws.com/avatars/2015-12-19/17054493216_07addcfb3fb1718cbba4_132.png",
    "image_230": "https://slack-files2.s3-us-west-2.amazonaws.com/avatars/2015-12-19/17054493216_07addcfb3fb1718cbba4_132.png",
    "image_34": "https://slack-files2.s3-us-west-2.amazonaws.com/avatars/2015-12-19/17054493216_07addcfb3fb1718cbba4_34.png",
    "image_44": "https://slack-files2.s3-us-west-2.amazonaws.com/avatars/2015-12-19/17054493216_07addcfb3fb1718cbba4_44.png",
    "image_68": "https://slack-files2.s3-us-west-2.amazonaws.com/avatars/2015-12-19/17054493216_07addcfb3fb1718cbba4_68.png",
    "image_88": "https://slack-files2.s3-us-west-2.amazonaws.com/avatars/2015-12-19/17054493216_07addcfb3fb1718cbba4_88.png",
    "image_original": "https://slack-files2.s3-us-west-2.amazonaws.com/avatars/2015-12-19/17054493216_07addcfb3fb1718cbba4_original.png"
  },
  "teamId": "T0GFBAM8C"
}
[05/05/18, 02:04:13:316] info: Store: UPDATE_TEAM_THEME
{
  "teamId": "T5LFW0CUB",
  "theme": {
    "active_item": "#4C9689",
    "active_item_text": "#FFFFFF",
    "active_presence": "#38978D",
    "badge": "#EB4D5C",
    "column_bg": "#4D394B",
    "hover_item": "#3E313C",
    "menu_bg": "#3E313C",
    "text_color": "#FFFFFF"
  }
}
[05/05/18, 02:04:13:316] info: Store: STORE_API_TOKEN
{
  "teamId": "T5LFW0CUB",
  "token": "xoxs-⋯"
}
[05/05/18, 02:04:13:318] info: Store: UPDATE_TEAM_ICONS
{
  "icons": {
    "image_102": "https://slack-files2.s3-us-west-2.amazonaws.com/avatars/2017-08-21/229801110004_7754c1684d8336d012c4_102.jpg",
    "image_132": "https://slack-files2.s3-us-west-2.amazonaws.com/avatars/2017-08-21/229801110004_7754c1684d8336d012c4_132.jpg",
    "image_230": "https://slack-files2.s3-us-west-2.amazonaws.com/avatars/2017-08-21/229801110004_7754c1684d8336d012c4_230.jpg",
    "image_34": "https://slack-files2.s3-us-west-2.amazonaws.com/avatars/2017-08-21/229801110004_7754c1684d8336d012c4_34.jpg",
    "image_44": "https://slack-files2.s3-us-west-2.amazonaws.com/avatars/2017-08-21/229801110004_7754c1684d8336d012c4_44.jpg",
    "image_68": "https://slack-files2.s3-us-west-2.amazonaws.com/avatars/2017-08-21/229801110004_7754c1684d8336d012c4_68.jpg",
    "image_88": "https://slack-files2.s3-us-west-2.amazonaws.com/avatars/2017-08-21/229801110004_7754c1684d8336d012c4_88.jpg",
    "image_original": "https://slack-files2.s3-us-west-2.amazonaws.com/avatars/2017-08-21/229801110004_7754c1684d8336d012c4_original.jpg"
  },
  "teamId": "T5LFW0CUB"
}
[05/05/18, 02:04:13:319] info: Store: SELECT_CHANNEL DAHC8TMSR
[05/05/18, 02:04:13:320] info: Store: UPDATE_TEAM_LOCALE
{
  "locale": "en-US"
}
[05/05/18, 02:04:13:580] info: Store: UPSERT_WEB_CONTENTS
{
  "id": 3,
  "state": "loaded",
  "teamId": "T02R0MMHK"
}
[05/05/18, 02:04:14:088] info: Store: UPDATE_TEAM_LOCALE
{
  "locale": "en-US"
}
[05/05/18, 02:04:14:091] info: Store: UPSERT_WEB_CONTENTS
{
  "id": 3,
  "state": "webapp-loaded",
  "teamId": "T02R0MMHK"
}
[05/05/18, 02:04:14:404] info: Store: UPDATE_TEAM_THEME
{
  "teamId": "T02R0MMHK",
  "theme": {
    "active_item": "#4C9689",
    "active_item_text": "#FFFFFF",
    "active_presence": "#38978D",
    "badge": "#EB4D5C",
    "column_bg": "#4D394B",
    "hover_item": "#3E313C",
    "menu_bg": "#3E313C",
    "text_color": "#FFFFFF"
  }
}
[05/05/18, 02:04:14:424] info: Store: STORE_API_TOKEN
{
  "teamId": "T02R0MMHK",
  "token": "xoxs-⋯"
}
[05/05/18, 02:04:14:433] info: Store: UPDATE_SESSION_STATUS
{
  "hasValidSession": true,
  "teamId": "T02R0MMHK"
}
[05/05/18, 02:04:14:541] info: Store: UPDATE_TEAM_ICONS
{
  "icons": {
    "image_102": "https://slack-files2.s3-us-west-2.amazonaws.com/avatars/2015-01-14/3400695805_06e3ed8a8ae7228d7c54_102.jpg",
    "image_132": "https://slack-files2.s3-us-west-2.amazonaws.com/avatars/2015-01-14/3400695805_06e3ed8a8ae7228d7c54_132.jpg",
    "image_230": "https://slack-files2.s3-us-west-2.amazonaws.com/avatars/2015-01-14/3400695805_06e3ed8a8ae7228d7c54_132.jpg",
    "image_34": "https://slack-files2.s3-us-west-2.amazonaws.com/avatars/2015-01-14/3400695805_06e3ed8a8ae7228d7c54_34.jpg",
    "image_44": "https://slack-files2.s3-us-west-2.amazonaws.com/avatars/2015-01-14/3400695805_06e3ed8a8ae7228d7c54_44.jpg",
    "image_68": "https://slack-files2.s3-us-west-2.amazonaws.com/avatars/2015-01-14/3400695805_06e3ed8a8ae7228d7c54_68.jpg",
    "image_88": "https://slack-files2.s3-us-west-2.amazonaws.com/avatars/2015-01-14/3400695805_06e3ed8a8ae7228d7c54_88.jpg",
    "image_original": "https://slack-files2.s3-us-west-2.amazonaws.com/avatars/2015-01-14/3400695805_06e3ed8a8ae7228d7c54_original.jpg"
  },
  "teamId": "T02R0MMHK"
}
[05/08/18, 15:25:14:286] info: ╔════════════════════════════════════════════════════════════════════════════╗
[05/08/18, 15:25:14:288] info: ║      Slack 3.1.1, linux 4.16.6-1-zen on x64 at 05/08/18, 15:25:14:282      ║
[05/08/18, 15:25:14:288] info: ╚════════════════════════════════════════════════════════════════════════════╝
[05/08/18, 15:25:14:484] info: Initializing local storage instance at path: /home/nitoli/.config/Slack/local-settings.json
[05/08/18, 15:25:15:271] error: Calls failed to load, bailing
[05/08/18, 15:25:15:274] info: cld3::loadModule: loading cld3 module
[05/08/18, 15:25:15:332] info: cld3Loader::loadModule: running environment is NODE
[05/08/18, 15:25:15:333] info: cld3Loader::loadModule: constructed module object for runtime
[05/08/18, 15:25:15:888] info: cld3Loader::initializeRuntime: successfully initialized module
[05/08/18, 15:25:15:889] info: cld3Loader::loadModule: initialized wasm binary Runtime
[05/08/18, 15:25:15:893] warn: updateSpellcheckerLanguage: Tried to update language, but spellchecker not initialized
[05/08/18, 15:25:15:894] info: TranslationLookup: locale set to ja-JP for renderer
[05/08/18, 15:25:15:895] info: SSBIntegration: Main window preload script loaded 2324.784866
[05/08/18, 15:25:24:146] info: Store: SELECT_CHANNEL C8Y1H7TEE
[05/08/18, 15:25:24:150] info: Store: UPDATE_TEAM_LOCALE
{
  "locale": "en-US"
}
[05/08/18, 15:25:24:154] info: Store: UPDATE_SETTINGS
{
  "locale": "ja-JP"
}
[05/08/18, 15:25:24:158] info: Store: SELECT_CHANNEL C4JRHEQB1
[05/08/18, 15:25:24:159] info: Store: UPDATE_TEAM_LOCALE
{
  "locale": "ja-JP"
}
[05/08/18, 15:25:24:164] info: Store: SELECT_CHANNEL DAKU6817C
[05/08/18, 15:25:24:164] info: Store: UPDATE_TEAM_LOCALE
{
  "locale": "en-US"
}
[05/08/18, 15:25:24:166] info: Store: UPSERT_WEB_CONTENTS
{
  "id": 4,
  "state": "loaded",
  "teamId": "T5YEC6G73"
}
[05/08/18, 15:25:24:236] info: Store: UPDATE_SESSION_STATUS
{
  "hasValidSession": true,
  "teamId": "T5YEC6G73"
}
[05/08/18, 15:25:24:237] info: Store: UPDATE_TEAM_LOCALE
{
  "locale": "en-US"
}
[05/08/18, 15:25:24:238] info: Store: UPSERT_WEB_CONTENTS
{
  "id": 4,
  "state": "webapp-loaded",
  "teamId": "T5YEC6G73"
}
[05/08/18, 15:25:24:247] info: Store: UPSERT_WEB_CONTENTS
{
  "id": 6,
  "state": "loaded",
  "teamId": "T4HEMM0UR"
}
[05/08/18, 15:25:24:285] info: Store: UPDATE_TEAM_THEME
{
  "teamId": "T5YEC6G73",
  "theme": {
    "active_item": "#4C9689",
    "active_item_text": "#FFFFFF",
    "active_presence": "#38978D",
    "badge": "#EB4D5C",
    "column_bg": "#4D394B",
    "hover_item": "#3E313C",
    "menu_bg": "#3E313C",
    "text_color": "#FFFFFF"
  }
}
[05/08/18, 15:25:24:286] info: Store: UPSERT_WEB_CONTENTS
{
  "id": 5,
  "state": "loaded",
  "teamId": "T02R0MMHK"
}
[05/08/18, 15:25:24:286] info: Store: STORE_API_TOKEN
{
  "teamId": "T5YEC6G73",
  "token": "xoxs-⋯"
}
[05/08/18, 15:25:24:292] info: Store: UPDATE_TEAM_ICONS
{
  "icons": {
    "image_102": "https://slack-files2.s3-us-west-2.amazonaws.com/avatars/2017-06-28/205110093367_6705e64b9b4a8299bd1f_102.png",
    "image_132": "https://slack-files2.s3-us-west-2.amazonaws.com/avatars/2017-06-28/205110093367_6705e64b9b4a8299bd1f_132.png",
    "image_230": "https://slack-files2.s3-us-west-2.amazonaws.com/avatars/2017-06-28/205110093367_6705e64b9b4a8299bd1f_230.png",
    "image_34": "https://slack-files2.s3-us-west-2.amazonaws.com/avatars/2017-06-28/205110093367_6705e64b9b4a8299bd1f_34.png",
    "image_44": "https://slack-files2.s3-us-west-2.amazonaws.com/avatars/2017-06-28/205110093367_6705e64b9b4a8299bd1f_44.png",
    "image_68": "https://slack-files2.s3-us-west-2.amazonaws.com/avatars/2017-06-28/205110093367_6705e64b9b4a8299bd1f_68.png",
    "image_88": "https://slack-files2.s3-us-west-2.amazonaws.com/avatars/2017-06-28/205110093367_6705e64b9b4a8299bd1f_88.png",
    "image_original": "https://slack-files2.s3-us-west-2.amazonaws.com/avatars/2017-06-28/205110093367_6705e64b9b4a8299bd1f_original.png"
  },
  "teamId": "T5YEC6G73"
}
[05/08/18, 15:25:24:341] info: Store: SELECT_CHANNEL G7GGG2GPN
[05/08/18, 15:25:24:356] info: Store: UPDATE_SESSION_STATUS
{
  "hasValidSession": true,
  "teamId": "T4HEMM0UR"
}
[05/08/18, 15:25:24:480] info: Store: SELECT_CHANNEL C0GFH3RHC
[05/08/18, 15:25:24:481] info: Store: UPDATE_TEAM_LOCALE
{
  "locale": "ja-JP"
}
[05/08/18, 15:25:24:559] info: Store: UPDATE_SESSION_STATUS
{
  "hasValidSession": true,
  "teamId": "T02R0MMHK"
}
[05/08/18, 15:25:24:626] info: Store: UPDATE_TEAM_LOCALE
{
  "locale": "ja-JP"
}
[05/08/18, 15:25:24:725] info: Store: UPDATE_TEAM_LOCALE
{
  "locale": "en-US"
}
[05/08/18, 15:25:24:755] info: Store: UPSERT_WEB_CONTENTS
{
  "id": 5,
  "state": "webapp-loaded",
  "teamId": "T02R0MMHK"
}
[05/08/18, 15:25:24:857] info: Store: UPDATE_TEAM_LOCALE
{
  "locale": "ja-JP"
}
[05/08/18, 15:25:24:874] info: Store: UPSERT_WEB_CONTENTS
{
  "id": 6,
  "state": "webapp-loaded",
  "teamId": "T4HEMM0UR"
}
[05/08/18, 15:25:25:072] info: Store: UPDATE_TEAM_THEME
{
  "teamId": "T02R0MMHK",
  "theme": {
    "active_item": "#4C9689",
    "active_item_text": "#FFFFFF",
    "active_presence": "#38978D",
    "badge": "#EB4D5C",
    "column_bg": "#4D394B",
    "hover_item": "#3E313C",
    "menu_bg": "#3E313C",
    "text_color": "#FFFFFF"
  }
}
[05/08/18, 15:25:25:097] info: Store: STORE_API_TOKEN
{
  "teamId": "T02R0MMHK",
  "token": "xoxs-⋯"
}
[05/08/18, 15:25:25:120] info: Store: UPDATE_TEAM_ICONS
{
  "icons": {
    "image_102": "https://slack-files2.s3-us-west-2.amazonaws.com/avatars/2015-01-14/3400695805_06e3ed8a8ae7228d7c54_102.jpg",
    "image_132": "https://slack-files2.s3-us-west-2.amazonaws.com/avatars/2015-01-14/3400695805_06e3ed8a8ae7228d7c54_132.jpg",
    "image_230": "https://slack-files2.s3-us-west-2.amazonaws.com/avatars/2015-01-14/3400695805_06e3ed8a8ae7228d7c54_132.jpg",
    "image_34": "https://slack-files2.s3-us-west-2.amazonaws.com/avatars/2015-01-14/3400695805_06e3ed8a8ae7228d7c54_34.jpg",
    "image_44": "https://slack-files2.s3-us-west-2.amazonaws.com/avatars/2015-01-14/3400695805_06e3ed8a8ae7228d7c54_44.jpg",
    "image_68": "https://slack-files2.s3-us-west-2.amazonaws.com/avatars/2015-01-14/3400695805_06e3ed8a8ae7228d7c54_68.jpg",
    "image_88": "https://slack-files2.s3-us-west-2.amazonaws.com/avatars/2015-01-14/3400695805_06e3ed8a8ae7228d7c54_88.jpg",
    "image_original": "https://slack-files2.s3-us-west-2.amazonaws.com/avatars/2015-01-14/3400695805_06e3ed8a8ae7228d7c54_original.jpg"
  },
  "teamId": "T02R0MMHK"
}
[05/08/18, 15:25:25:222] info: Store: UPSERT_WEB_CONTENTS
{
  "id": 7,
  "state": "loaded",
  "teamId": "T0GFBAM8C"
}
[05/08/18, 15:25:25:236] info: Store: UPDATE_TEAM_THEME
{
  "teamId": "T4HEMM0UR",
  "theme": {
    "active_item": "#4C9689",
    "active_item_text": "#FFFFFF",
    "active_presence": "#38978D",
    "badge": "#EB4D5C",
    "column_bg": "#4D394B",
    "hover_item": "#3E313C",
    "menu_bg": "#3E313C",
    "text_color": "#FFFFFF"
  }
}
[05/08/18, 15:25:25:266] info: Store: UPSERT_WEB_CONTENTS
{
  "id": 3,
  "state": "loaded",
  "teamId": "T5LFW0CUB"
}
[05/08/18, 15:25:25:272] info: Store: MAIN_WINDOW_SHOWN
[05/08/18, 15:25:25:318] info: Store: STORE_API_TOKEN
{
  "teamId": "T4HEMM0UR",
  "token": "xoxs-⋯"
}
[05/08/18, 15:25:25:334] info: Store: UPDATE_TEAM_ICONS
{
  "icons": {
    "image_102": "https://slack-files2.s3-us-west-2.amazonaws.com/avatars/2017-03-15/154610708258_f98e05c23845866960a5_102.png",
    "image_132": "https://slack-files2.s3-us-west-2.amazonaws.com/avatars/2017-03-15/154610708258_f98e05c23845866960a5_132.png",
    "image_230": "https://slack-files2.s3-us-west-2.amazonaws.com/avatars/2017-03-15/154610708258_f98e05c23845866960a5_230.png",
    "image_34": "https://slack-files2.s3-us-west-2.amazonaws.com/avatars/2017-03-15/154610708258_f98e05c23845866960a5_34.png",
    "image_44": "https://slack-files2.s3-us-west-2.amazonaws.com/avatars/2017-03-15/154610708258_f98e05c23845866960a5_44.png",
    "image_68": "https://slack-files2.s3-us-west-2.amazonaws.com/avatars/2017-03-15/154610708258_f98e05c23845866960a5_68.png",
    "image_88": "https://slack-files2.s3-us-west-2.amazonaws.com/avatars/2017-03-15/154610708258_f98e05c23845866960a5_88.png",
    "image_original": "https://slack-files2.s3-us-west-2.amazonaws.com/avatars/2017-03-15/154610708258_f98e05c23845866960a5_original.png"
  },
  "teamId": "T4HEMM0UR"
}
[05/08/18, 15:25:25:558] info: Store: UPDATE_SESSION_STATUS
{
  "hasValidSession": true,
  "teamId": "T0GFBAM8C"
}
[05/08/18, 15:25:25:600] info: Store: UPDATE_SESSION_STATUS
{
  "hasValidSession": true,
  "teamId": "T5LFW0CUB"
}
[05/08/18, 15:25:26:454] info: Store: UPDATE_TEAM_LOCALE
{
  "locale": "ja-JP"
}
[05/08/18, 15:25:26:509] info: Store: UPSERT_WEB_CONTENTS
{
  "id": 7,
  "state": "webapp-loaded",
  "teamId": "T0GFBAM8C"
}
[05/08/18, 15:25:26:786] info: Store: UPDATE_TEAM_THEME
{
  "teamId": "T0GFBAM8C",
  "theme": {
    "active_item": "#4C9689",
    "active_item_text": "#FFFFFF",
    "active_presence": "#38978D",
    "badge": "#EB4D5C",
    "column_bg": "#4D394B",
    "hover_item": "#3E313C",
    "menu_bg": "#3E313C",
    "text_color": "#FFFFFF"
  }
}
[05/08/18, 15:25:26:808] info: Store: STORE_API_TOKEN
{
  "teamId": "T0GFBAM8C",
  "token": "xoxs-⋯"
}
[05/08/18, 15:25:26:812] info: Store: UPDATE_TEAM_ICONS
{
  "icons": {
    "image_102": "https://slack-files2.s3-us-west-2.amazonaws.com/avatars/2015-12-19/17054493216_07addcfb3fb1718cbba4_102.png",
    "image_132": "https://slack-files2.s3-us-west-2.amazonaws.com/avatars/2015-12-19/17054493216_07addcfb3fb1718cbba4_132.png",
    "image_230": "https://slack-files2.s3-us-west-2.amazonaws.com/avatars/2015-12-19/17054493216_07addcfb3fb1718cbba4_132.png",
    "image_34": "https://slack-files2.s3-us-west-2.amazonaws.com/avatars/2015-12-19/17054493216_07addcfb3fb1718cbba4_34.png",
    "image_44": "https://slack-files2.s3-us-west-2.amazonaws.com/avatars/2015-12-19/17054493216_07addcfb3fb1718cbba4_44.png",
    "image_68": "https://slack-files2.s3-us-west-2.amazonaws.com/avatars/2015-12-19/17054493216_07addcfb3fb1718cbba4_68.png",
    "image_88": "https://slack-files2.s3-us-west-2.amazonaws.com/avatars/2015-12-19/17054493216_07addcfb3fb1718cbba4_88.png",
    "image_original": "https://slack-files2.s3-us-west-2.amazonaws.com/avatars/2015-12-19/17054493216_07addcfb3fb1718cbba4_original.png"
  },
  "teamId": "T0GFBAM8C"
}
[05/08/18, 15:25:26:979] info: Store: UPDATE_TEAM_LOCALE
{
  "locale": "ja-JP"
}
[05/08/18, 15:25:26:982] info: Store: UPSERT_WEB_CONTENTS
{
  "id": 3,
  "state": "webapp-loaded",
  "teamId": "T5LFW0CUB"
}
[05/08/18, 15:25:27:149] info: Store: UPDATE_TEAM_THEME
{
  "teamId": "T5LFW0CUB",
  "theme": {
    "active_item": "#4C9689",
    "active_item_text": "#FFFFFF",
    "active_presence": "#38978D",
    "badge": "#EB4D5C",
    "column_bg": "#4D394B",
    "hover_item": "#3E313C",
    "menu_bg": "#3E313C",
    "text_color": "#FFFFFF"
  }
}
[05/08/18, 15:25:27:375] info: Store: STORE_API_TOKEN
{
  "teamId": "T5LFW0CUB",
  "token": "xoxs-⋯"
}
[05/08/18, 15:25:27:380] info: Store: UPDATE_TEAM_ICONS
{
  "icons": {
    "image_102": "https://slack-files2.s3-us-west-2.amazonaws.com/avatars/2017-08-21/229801110004_7754c1684d8336d012c4_102.jpg",
    "image_132": "https://slack-files2.s3-us-west-2.amazonaws.com/avatars/2017-08-21/229801110004_7754c1684d8336d012c4_132.jpg",
    "image_230": "https://slack-files2.s3-us-west-2.amazonaws.com/avatars/2017-08-21/229801110004_7754c1684d8336d012c4_230.jpg",
    "image_34": "https://slack-files2.s3-us-west-2.amazonaws.com/avatars/2017-08-21/229801110004_7754c1684d8336d012c4_34.jpg",
    "image_44": "https://slack-files2.s3-us-west-2.amazonaws.com/avatars/2017-08-21/229801110004_7754c1684d8336d012c4_44.jpg",
    "image_68": "https://slack-files2.s3-us-west-2.amazonaws.com/avatars/2017-08-21/229801110004_7754c1684d8336d012c4_68.jpg",
    "image_88": "https://slack-files2.s3-us-west-2.amazonaws.com/avatars/2017-08-21/229801110004_7754c1684d8336d012c4_88.jpg",
    "image_original": "https://slack-files2.s3-us-west-2.amazonaws.com/avatars/2017-08-21/229801110004_7754c1684d8336d012c4_original.jpg"
  },
  "teamId": "T5LFW0CUB"
}
[05/08/18, 15:25:32:326] info: Store: MAIN_WINDOW_FOCUSED
[05/08/18, 15:25:32:459] info: Store: SELECT_TEAM T5YEC6G73
[05/08/18, 15:25:32:499] info: Store: UPDATE_SETTINGS
{
  "locale": "en-US"
}
[05/08/18, 15:25:32:499] info: TranslationLookup: locale set to en-US for renderer
[05/08/18, 15:25:34:188] info: Raw Locale list: ["C","en_US.utf8","POSIX",""]
[05/08/18, 15:25:34:189] info: Filtered Locale list: ["en_US"]
[05/08/18, 15:25:34:189] info: Counts: {"en":["en_US"]}
[05/08/18, 15:25:34:189] info: Setting en
[05/08/18, 15:25:34:190] info: Result: {"en":"en-US"}
[05/08/18, 15:25:34:191] info: Requesting to load ja-JP, alternatives are ["ja-JP","ja-JP","ja-JP"]
[05/08/18, 15:25:34:192] info: Loading dictionary for language ja-JP
[05/08/18, 15:25:34:192] info: Returning local copy: /home/nitoli/.config/Slack/dictionaries/ja-JP.bdic
[05/08/18, 15:25:34:198] info: Failed to read file /home/nitoli/.config/Slack/dictionaries/ja-JP.bdic: File exists but is most likely bogus
[05/08/18, 15:25:34:201] info: Actually downloading https://redirector.gvt1.com/edgedl/chrome/dict/ja-jp-3-0.bdic
[05/08/18, 15:25:34:689] info: Loading dictionary for language ja-JP
[05/08/18, 15:25:34:690] info: Returning local copy: /home/nitoli/.config/Slack/dictionaries/ja-JP.bdic
[05/08/18, 15:25:34:692] info: Failed to read file /home/nitoli/.config/Slack/dictionaries/ja-JP.bdic: File exists but is most likely bogus
[05/08/18, 15:25:34:693] info: Actually downloading https://redirector.gvt1.com/edgedl/chrome/dict/ja-jp-3-0.bdic
[05/08/18, 15:25:34:861] info: Loading dictionary for language ja-JP
[05/08/18, 15:25:34:861] info: Returning local copy: /home/nitoli/.config/Slack/dictionaries/ja-JP.bdic
[05/08/18, 15:25:34:863] info: Failed to read file /home/nitoli/.config/Slack/dictionaries/ja-JP.bdic: File exists but is most likely bogus
[05/08/18, 15:25:34:864] info: Actually downloading https://redirector.gvt1.com/edgedl/chrome/dict/ja-jp-3-0.bdic
[05/08/18, 15:25:34:979] info: dictionary for ja-JP_ja-JP is not available
[05/08/18, 15:25:34:979] info: Actually installing spell check provider to Electron
[05/08/18, 15:26:32:664] info: Store: SELECT_CHANNEL DA5E079JP
[05/08/18, 15:26:34:939] info: Requesting to load ja-JP, alternatives are ["ja-JP","ja-JP","ja-JP"]
[05/08/18, 15:26:34:939] info: Loading dictionary for language ja-JP
[05/08/18, 15:26:34:939] info: Returning local copy: /home/nitoli/.config/Slack/dictionaries/ja-JP.bdic
[05/08/18, 15:26:34:940] info: Failed to read file /home/nitoli/.config/Slack/dictionaries/ja-JP.bdic: File exists but is most likely bogus
[05/08/18, 15:26:34:940] info: Actually downloading https://redirector.gvt1.com/edgedl/chrome/dict/ja-jp-3-0.bdic
[05/08/18, 15:26:35:368] info: Loading dictionary for language ja-JP
[05/08/18, 15:26:35:369] info: Returning local copy: /home/nitoli/.config/Slack/dictionaries/ja-JP.bdic
[05/08/18, 15:26:35:371] info: Failed to read file /home/nitoli/.config/Slack/dictionaries/ja-JP.bdic: File exists but is most likely bogus
[05/08/18, 15:26:35:373] info: Actually downloading https://redirector.gvt1.com/edgedl/chrome/dict/ja-jp-3-0.bdic
[05/08/18, 15:26:35:523] info: Loading dictionary for language ja-JP
[05/08/18, 15:26:35:524] info: Returning local copy: /home/nitoli/.config/Slack/dictionaries/ja-JP.bdic
[05/08/18, 15:26:35:527] info: Failed to read file /home/nitoli/.config/Slack/dictionaries/ja-JP.bdic: File exists but is most likely bogus
[05/08/18, 15:26:35:528] info: Actually downloading https://redirector.gvt1.com/edgedl/chrome/dict/ja-jp-3-0.bdic
[05/08/18, 15:26:35:675] info: dictionary for ja-JP_ja-JP is not available
[05/08/18, 15:28:39:090] info: Unloading spellchecker
[05/08/18, 15:28:39:139] info: Restoring spellchecker
[05/08/18, 15:28:39:140] info: Requesting to load ja-JP, alternatives are ["ja-JP","ja-JP","ja-JP"]
[05/08/18, 15:28:39:140] info: Loading dictionary for language ja-JP
[05/08/18, 15:28:39:140] info: Returning local copy: /home/nitoli/.config/Slack/dictionaries/ja-JP.bdic
[05/08/18, 15:28:39:159] info: Store: MAIN_WINDOW_FOCUSED
[05/08/18, 15:28:39:177] info: Failed to read file /home/nitoli/.config/Slack/dictionaries/ja-JP.bdic: File exists but is most likely bogus
[05/08/18, 15:28:39:180] info: Actually downloading https://redirector.gvt1.com/edgedl/chrome/dict/ja-jp-3-0.bdic
[05/08/18, 15:28:39:570] info: Loading dictionary for language ja-JP
[05/08/18, 15:28:39:571] info: Returning local copy: /home/nitoli/.config/Slack/dictionaries/ja-JP.bdic
[05/08/18, 15:28:39:574] info: Failed to read file /home/nitoli/.config/Slack/dictionaries/ja-JP.bdic: File exists but is most likely bogus
[05/08/18, 15:28:39:575] info: Actually downloading https://redirector.gvt1.com/edgedl/chrome/dict/ja-jp-3-0.bdic
[05/08/18, 15:28:39:743] info: Loading dictionary for language ja-JP
[05/08/18, 15:28:39:744] info: Returning local copy: /home/nitoli/.config/Slack/dictionaries/ja-JP.bdic
[05/08/18, 15:28:39:746] info: Failed to read file /home/nitoli/.config/Slack/dictionaries/ja-JP.bdic: File exists but is most likely bogus
[05/08/18, 15:28:39:748] info: Actually downloading https://redirector.gvt1.com/edgedl/chrome/dict/ja-jp-3-0.bdic
[05/08/18, 15:28:39:881] info: dictionary for ja-JP_ja-JP is not available
[05/08/18, 15:28:49:691] info: Unloading spellchecker
[05/08/18, 15:28:49:729] info: Restoring spellchecker
[05/08/18, 15:28:49:730] info: Requesting to load ja-JP, alternatives are ["ja-JP","ja-JP","ja-JP"]
[05/08/18, 15:28:49:730] info: Loading dictionary for language ja-JP
[05/08/18, 15:28:49:730] info: Returning local copy: /home/nitoli/.config/Slack/dictionaries/ja-JP.bdic
[05/08/18, 15:28:49:735] info: Store: MAIN_WINDOW_FOCUSED
[05/08/18, 15:28:49:766] info: Failed to read file /home/nitoli/.config/Slack/dictionaries/ja-JP.bdic: File exists but is most likely bogus
[05/08/18, 15:28:49:767] info: Actually downloading https://redirector.gvt1.com/edgedl/chrome/dict/ja-jp-3-0.bdic
[05/08/18, 15:28:50:146] info: Loading dictionary for language ja-JP
[05/08/18, 15:28:50:147] info: Returning local copy: /home/nitoli/.config/Slack/dictionaries/ja-JP.bdic
[05/08/18, 15:28:50:149] info: Failed to read file /home/nitoli/.config/Slack/dictionaries/ja-JP.bdic: File exists but is most likely bogus
[05/08/18, 15:28:50:150] info: Actually downloading https://redirector.gvt1.com/edgedl/chrome/dict/ja-jp-3-0.bdic
[05/08/18, 15:28:50:310] info: Loading dictionary for language ja-JP
[05/08/18, 15:28:50:311] info: Returning local copy: /home/nitoli/.config/Slack/dictionaries/ja-JP.bdic
[05/08/18, 15:28:50:313] info: Failed to read file /home/nitoli/.config/Slack/dictionaries/ja-JP.bdic: File exists but is most likely bogus
[05/08/18, 15:28:50:315] info: Actually downloading https://redirector.gvt1.com/edgedl/chrome/dict/ja-jp-3-0.bdic
[05/08/18, 15:28:50:449] info: dictionary for ja-JP_ja-JP is not available
[05/08/18, 15:30:07:965] info: Unloading spellchecker
[05/08/18, 15:30:08:041] info: Restoring spellchecker
[05/08/18, 15:30:08:041] info: Requesting to load ja-JP, alternatives are ["ja-JP","ja-JP","ja-JP"]
[05/08/18, 15:30:08:042] info: Loading dictionary for language ja-JP
[05/08/18, 15:30:08:042] info: Returning local copy: /home/nitoli/.config/Slack/dictionaries/ja-JP.bdic
[05/08/18, 15:30:08:045] info: Store: MAIN_WINDOW_FOCUSED
[05/08/18, 15:30:08:093] info: Failed to read file /home/nitoli/.config/Slack/dictionaries/ja-JP.bdic: File exists but is most likely bogus
[05/08/18, 15:30:08:097] info: Actually downloading https://redirector.gvt1.com/edgedl/chrome/dict/ja-jp-3-0.bdic
[05/08/18, 15:30:08:507] info: Loading dictionary for language ja-JP
[05/08/18, 15:30:08:508] info: Returning local copy: /home/nitoli/.config/Slack/dictionaries/ja-JP.bdic
[05/08/18, 15:30:08:510] info: Failed to read file /home/nitoli/.config/Slack/dictionaries/ja-JP.bdic: File exists but is most likely bogus
[05/08/18, 15:30:08:511] info: Actually downloading https://redirector.gvt1.com/edgedl/chrome/dict/ja-jp-3-0.bdic
[05/08/18, 15:30:08:662] info: Loading dictionary for language ja-JP
[05/08/18, 15:30:08:663] info: Returning local copy: /home/nitoli/.config/Slack/dictionaries/ja-JP.bdic
[05/08/18, 15:30:08:665] info: Failed to read file /home/nitoli/.config/Slack/dictionaries/ja-JP.bdic: File exists but is most likely bogus
[05/08/18, 15:30:08:666] info: Actually downloading https://redirector.gvt1.com/edgedl/chrome/dict/ja-jp-3-0.bdic
[05/08/18, 15:30:08:805] info: dictionary for ja-JP_ja-JP is not available
[05/08/18, 15:31:00:369] info: Unloading spellchecker
[05/08/18, 15:31:00:381] info: Restoring spellchecker
[05/08/18, 15:31:00:382] info: Requesting to load ja-JP, alternatives are ["ja-JP","ja-JP","ja-JP"]
[05/08/18, 15:31:00:383] info: Loading dictionary for language ja-JP
[05/08/18, 15:31:00:383] info: Returning local copy: /home/nitoli/.config/Slack/dictionaries/ja-JP.bdic
[05/08/18, 15:31:00:387] info: Store: MAIN_WINDOW_FOCUSED
[05/08/18, 15:31:00:388] info: Failed to read file /home/nitoli/.config/Slack/dictionaries/ja-JP.bdic: File exists but is most likely bogus
[05/08/18, 15:31:00:389] info: Actually downloading https://redirector.gvt1.com/edgedl/chrome/dict/ja-jp-3-0.bdic
[05/08/18, 15:31:01:366] info: Loading dictionary for language ja-JP
[05/08/18, 15:31:01:367] info: Returning local copy: /home/nitoli/.config/Slack/dictionaries/ja-JP.bdic
[05/08/18, 15:31:01:374] info: Failed to read file /home/nitoli/.config/Slack/dictionaries/ja-JP.bdic: File exists but is most likely bogus
[05/08/18, 15:31:01:377] info: Actually downloading https://redirector.gvt1.com/edgedl/chrome/dict/ja-jp-3-0.bdic
[05/08/18, 15:31:01:535] info: Loading dictionary for language ja-JP
[05/08/18, 15:31:01:536] info: Returning local copy: /home/nitoli/.config/Slack/dictionaries/ja-JP.bdic
[05/08/18, 15:31:01:542] info: Failed to read file /home/nitoli/.config/Slack/dictionaries/ja-JP.bdic: File exists but is most likely bogus
[05/08/18, 15:31:01:544] info: Actually downloading https://redirector.gvt1.com/edgedl/chrome/dict/ja-jp-3-0.bdic
[05/08/18, 15:31:01:659] info: dictionary for ja-JP_ja-JP is not available
[05/08/18, 15:31:18:251] info: Store: SELECT_CHANNEL C8Y1H7TEE
[05/08/18, 15:31:18:585] info: Requesting to load ja-JP, alternatives are ["ja-JP","ja-JP","ja-JP"]
[05/08/18, 15:31:18:585] info: Loading dictionary for language ja-JP
[05/08/18, 15:31:18:585] info: Returning local copy: /home/nitoli/.config/Slack/dictionaries/ja-JP.bdic
[05/08/18, 15:31:18:586] info: Failed to read file /home/nitoli/.config/Slack/dictionaries/ja-JP.bdic: File exists but is most likely bogus
[05/08/18, 15:31:18:586] info: Actually downloading https://redirector.gvt1.com/edgedl/chrome/dict/ja-jp-3-0.bdic
[05/08/18, 15:31:18:931] info: Loading dictionary for language ja-JP
[05/08/18, 15:31:18:931] info: Returning local copy: /home/nitoli/.config/Slack/dictionaries/ja-JP.bdic
[05/08/18, 15:31:18:933] info: Failed to read file /home/nitoli/.config/Slack/dictionaries/ja-JP.bdic: File exists but is most likely bogus
[05/08/18, 15:31:18:934] info: Actually downloading https://redirector.gvt1.com/edgedl/chrome/dict/ja-jp-3-0.bdic
[05/08/18, 15:31:19:297] info: Loading dictionary for language ja-JP
[05/08/18, 15:31:19:300] info: Returning local copy: /home/nitoli/.config/Slack/dictionaries/ja-JP.bdic
[05/08/18, 15:31:19:304] info: Failed to read file /home/nitoli/.config/Slack/dictionaries/ja-JP.bdic: File exists but is most likely bogus
[05/08/18, 15:31:19:307] info: Actually downloading https://redirector.gvt1.com/edgedl/chrome/dict/ja-jp-3-0.bdic
[05/08/18, 15:31:19:454] info: dictionary for ja-JP_ja-JP is not available
[05/08/18, 15:31:25:739] info: Unloading spellchecker
[05/08/18, 15:31:25:751] info: Restoring spellchecker
[05/08/18, 15:31:25:752] info: Requesting to load ja-JP, alternatives are ["ja-JP","ja-JP","ja-JP"]
[05/08/18, 15:31:25:752] info: Loading dictionary for language ja-JP
[05/08/18, 15:31:25:752] info: Returning local copy: /home/nitoli/.config/Slack/dictionaries/ja-JP.bdic
[05/08/18, 15:31:25:781] info: Store: MAIN_WINDOW_FOCUSED
[05/08/18, 15:31:25:785] info: Failed to read file /home/nitoli/.config/Slack/dictionaries/ja-JP.bdic: File exists but is most likely bogus
[05/08/18, 15:31:25:785] info: Actually downloading https://redirector.gvt1.com/edgedl/chrome/dict/ja-jp-3-0.bdic
[05/08/18, 15:31:26:162] info: Loading dictionary for language ja-JP
[05/08/18, 15:31:26:164] info: Returning local copy: /home/nitoli/.config/Slack/dictionaries/ja-JP.bdic
[05/08/18, 15:31:26:169] info: Failed to read file /home/nitoli/.config/Slack/dictionaries/ja-JP.bdic: File exists but is most likely bogus
[05/08/18, 15:31:26:172] info: Actually downloading https://redirector.gvt1.com/edgedl/chrome/dict/ja-jp-3-0.bdic
[05/08/18, 15:31:26:329] info: Loading dictionary for language ja-JP
[05/08/18, 15:31:26:330] info: Returning local copy: /home/nitoli/.config/Slack/dictionaries/ja-JP.bdic
[05/08/18, 15:31:26:334] info: Failed to read file /home/nitoli/.config/Slack/dictionaries/ja-JP.bdic: File exists but is most likely bogus
[05/08/18, 15:31:26:338] info: Actually downloading https://redirector.gvt1.com/edgedl/chrome/dict/ja-jp-3-0.bdic
[05/08/18, 15:31:26:488] info: dictionary for ja-JP_ja-JP is not available
[05/08/18, 15:31:26:537] info: Unloading spellchecker
[05/08/18, 15:31:26:550] info: Restoring spellchecker
[05/08/18, 15:31:26:551] info: Requesting to load ja-JP, alternatives are ["ja-JP","ja-JP","ja-JP"]
[05/08/18, 15:31:26:551] info: Loading dictionary for language ja-JP
[05/08/18, 15:31:26:552] info: Returning local copy: /home/nitoli/.config/Slack/dictionaries/ja-JP.bdic
[05/08/18, 15:31:26:585] info: Store: MAIN_WINDOW_FOCUSED
[05/08/18, 15:31:26:590] info: Failed to read file /home/nitoli/.config/Slack/dictionaries/ja-JP.bdic: File exists but is most likely bogus
[05/08/18, 15:31:26:594] info: Actually downloading https://redirector.gvt1.com/edgedl/chrome/dict/ja-jp-3-0.bdic
[05/08/18, 15:31:26:719] info: Loading dictionary for language ja-JP
[05/08/18, 15:31:26:720] info: Returning local copy: /home/nitoli/.config/Slack/dictionaries/ja-JP.bdic
[05/08/18, 15:31:26:721] info: Failed to read file /home/nitoli/.config/Slack/dictionaries/ja-JP.bdic: File exists but is most likely bogus
[05/08/18, 15:31:26:722] info: Actually downloading https://redirector.gvt1.com/edgedl/chrome/dict/ja-jp-3-0.bdic
[05/08/18, 15:31:26:872] info: Loading dictionary for language ja-JP
[05/08/18, 15:31:26:873] info: Returning local copy: /home/nitoli/.config/Slack/dictionaries/ja-JP.bdic
[05/08/18, 15:31:26:875] info: Failed to read file /home/nitoli/.config/Slack/dictionaries/ja-JP.bdic: File exists but is most likely bogus
[05/08/18, 15:31:26:877] info: Actually downloading https://redirector.gvt1.com/edgedl/chrome/dict/ja-jp-3-0.bdic
[05/08/18, 15:31:27:021] info: dictionary for ja-JP_ja-JP is not available
[05/08/18, 15:39:47:244] info: Unloading spellchecker
[05/08/18, 15:39:47:311] info: Restoring spellchecker
[05/08/18, 15:39:47:312] info: Requesting to load ja-JP, alternatives are ["ja-JP","ja-JP","ja-JP"]
[05/08/18, 15:39:47:313] info: Loading dictionary for language ja-JP
[05/08/18, 15:39:47:313] info: Returning local copy: /home/nitoli/.config/Slack/dictionaries/ja-JP.bdic
[05/08/18, 15:39:47:358] info: Store: MAIN_WINDOW_FOCUSED
[05/08/18, 15:39:47:360] info: Failed to read file /home/nitoli/.config/Slack/dictionaries/ja-JP.bdic: File exists but is most likely bogus
[05/08/18, 15:39:47:361] info: Actually downloading https://redirector.gvt1.com/edgedl/chrome/dict/ja-jp-3-0.bdic
[05/08/18, 15:39:47:892] info: Loading dictionary for language ja-JP
[05/08/18, 15:39:47:893] info: Returning local copy: /home/nitoli/.config/Slack/dictionaries/ja-JP.bdic
[05/08/18, 15:39:47:894] info: Failed to read file /home/nitoli/.config/Slack/dictionaries/ja-JP.bdic: File exists but is most likely bogus
[05/08/18, 15:39:47:895] info: Actually downloading https://redirector.gvt1.com/edgedl/chrome/dict/ja-jp-3-0.bdic
[05/08/18, 15:39:48:049] info: Loading dictionary for language ja-JP
[05/08/18, 15:39:48:050] info: Returning local copy: /home/nitoli/.config/Slack/dictionaries/ja-JP.bdic
[05/08/18, 15:39:48:053] info: Failed to read file /home/nitoli/.config/Slack/dictionaries/ja-JP.bdic: File exists but is most likely bogus
[05/08/18, 15:39:48:054] info: Actually downloading https://redirector.gvt1.com/edgedl/chrome/dict/ja-jp-3-0.bdic
[05/08/18, 15:39:48:183] info: dictionary for ja-JP_ja-JP is not available
[05/08/18, 15:39:49:681] info: Unloading spellchecker
[05/08/18, 15:39:49:691] info: Restoring spellchecker
[05/08/18, 15:39:49:692] info: Requesting to load ja-JP, alternatives are ["ja-JP","ja-JP","ja-JP"]
[05/08/18, 15:39:49:693] info: Loading dictionary for language ja-JP
[05/08/18, 15:39:49:694] info: Returning local copy: /home/nitoli/.config/Slack/dictionaries/ja-JP.bdic
[05/08/18, 15:39:49:754] info: Store: MAIN_WINDOW_FOCUSED
[05/08/18, 15:39:49:756] info: Store: SELECT_TEAM T5LFW0CUB
[05/08/18, 15:39:49:759] info: Failed to read file /home/nitoli/.config/Slack/dictionaries/ja-JP.bdic: File exists but is most likely bogus
[05/08/18, 15:39:49:759] info: Actually downloading https://redirector.gvt1.com/edgedl/chrome/dict/ja-jp-3-0.bdic
[05/08/18, 15:39:49:816] info: Unloading spellchecker
[05/08/18, 15:39:49:873] info: Unloading spellchecker
[05/08/18, 15:39:49:874] info: Store: UPDATE_SETTINGS
{
  "locale": "ja-JP"
}
[05/08/18, 15:39:49:874] info: TranslationLookup: locale set to ja-JP for renderer
[05/08/18, 15:39:49:913] info: Loading dictionary for language ja-JP
[05/08/18, 15:39:49:914] info: Returning local copy: /home/nitoli/.config/Slack/dictionaries/ja-JP.bdic
[05/08/18, 15:39:49:915] info: Failed to read file /home/nitoli/.config/Slack/dictionaries/ja-JP.bdic: File exists but is most likely bogus
[05/08/18, 15:39:49:916] info: Actually downloading https://redirector.gvt1.com/edgedl/chrome/dict/ja-jp-3-0.bdic
[05/08/18, 15:39:50:089] info: Loading dictionary for language ja-JP
[05/08/18, 15:39:50:089] info: Returning local copy: /home/nitoli/.config/Slack/dictionaries/ja-JP.bdic
[05/08/18, 15:39:50:090] info: Failed to read file /home/nitoli/.config/Slack/dictionaries/ja-JP.bdic: File exists but is most likely bogus
[05/08/18, 15:39:50:090] info: Actually downloading https://redirector.gvt1.com/edgedl/chrome/dict/ja-jp-3-0.bdic
[05/08/18, 15:39:50:218] info: dictionary for ja-JP_ja-JP is not available
[05/08/18, 15:39:52:627] info: Store: MAIN_WINDOW_FOCUSED
[05/08/18, 15:39:52:724] info: Store: SELECT_TEAM T5YEC6G73
[05/08/18, 15:39:52:738] info: Restoring spellchecker
[05/08/18, 15:39:52:739] info: Requesting to load ja-JP, alternatives are ["ja-JP","ja-JP","ja-JP"]
[05/08/18, 15:39:52:739] info: Loading dictionary for language ja-JP
[05/08/18, 15:39:52:739] info: Actually downloading https://redirector.gvt1.com/edgedl/chrome/dict/ja-jp-3-0.bdic
[05/08/18, 15:39:52:787] info: Restoring spellchecker
[05/08/18, 15:39:52:788] info: Requesting to load ja-JP, alternatives are ["ja-JP","ja-JP","ja-JP"]
[05/08/18, 15:39:52:788] info: Loading dictionary for language ja-JP
[05/08/18, 15:39:52:789] info: Actually downloading https://redirector.gvt1.com/edgedl/chrome/dict/ja-jp-3-0.bdic
[05/08/18, 15:39:52:835] info: Store: UPDATE_SETTINGS
{
  "locale": "en-US"
}
[05/08/18, 15:39:52:835] info: TranslationLookup: locale set to en-US for renderer
[05/08/18, 15:39:52:984] info: Loading dictionary for language ja-JP
[05/08/18, 15:39:52:984] info: Returning local copy: /home/nitoli/.config/Slack/dictionaries/ja-JP.bdic
[05/08/18, 15:39:52:984] info: Failed to read file /home/nitoli/.config/Slack/dictionaries/ja-JP.bdic: File exists but is most likely bogus
[05/08/18, 15:39:52:985] info: Actually downloading https://redirector.gvt1.com/edgedl/chrome/dict/ja-jp-3-0.bdic
[05/08/18, 15:39:53:353] info: Loading dictionary for language ja-JP
[05/08/18, 15:39:53:354] info: Returning local copy: /home/nitoli/.config/Slack/dictionaries/ja-JP.bdic
[05/08/18, 15:39:53:357] info: Failed to read file /home/nitoli/.config/Slack/dictionaries/ja-JP.bdic: File exists but is most likely bogus
[05/08/18, 15:39:53:361] info: Actually downloading https://redirector.gvt1.com/edgedl/chrome/dict/ja-jp-3-0.bdic
[05/08/18, 15:39:53:461] info: Loading dictionary for language ja-JP
[05/08/18, 15:39:53:461] info: Returning local copy: /home/nitoli/.config/Slack/dictionaries/ja-JP.bdic
[05/08/18, 15:39:53:462] info: Failed to read file /home/nitoli/.config/Slack/dictionaries/ja-JP.bdic: File exists but is most likely bogus
[05/08/18, 15:39:53:463] info: Actually downloading https://redirector.gvt1.com/edgedl/chrome/dict/ja-jp-3-0.bdic
[05/08/18, 15:39:53:486] info: dictionary for ja-JP_ja-JP is not available
[05/08/18, 15:39:53:678] info: Loading dictionary for language ja-JP
[05/08/18, 15:39:53:678] info: Returning local copy: /home/nitoli/.config/Slack/dictionaries/ja-JP.bdic
[05/08/18, 15:39:53:682] info: Failed to read file /home/nitoli/.config/Slack/dictionaries/ja-JP.bdic: File exists but is most likely bogus
[05/08/18, 15:39:53:683] info: Actually downloading https://redirector.gvt1.com/edgedl/chrome/dict/ja-jp-3-0.bdic
[05/08/18, 15:39:53:788] info: dictionary for ja-JP_ja-JP is not available
[05/08/18, 15:39:55:890] info: Store: SELECT_CHANNEL DA5E079JP
[05/08/18, 15:39:56:603] info: Couldn't detect language for text of length '1306': Not enough reliable text, ignoring sample
[05/08/18, 15:40:09:949] info: Unloading spellchecker
[05/08/18, 15:40:09:951] info: Unloading spellchecker
[05/08/18, 15:40:12:601] info: Restoring spellchecker
[05/08/18, 15:40:12:603] info: Requesting to load ja-JP, alternatives are ["ja-JP","ja-JP","ja-JP"]
[05/08/18, 15:40:12:604] info: Loading dictionary for language ja-JP
[05/08/18, 15:40:12:604] info: Returning local copy: /home/nitoli/.config/Slack/dictionaries/ja-JP.bdic
[05/08/18, 15:40:12:653] info: Failed to read file /home/nitoli/.config/Slack/dictionaries/ja-JP.bdic: File exists but is most likely bogus
[05/08/18, 15:40:12:653] info: Actually downloading https://redirector.gvt1.com/edgedl/chrome/dict/ja-jp-3-0.bdic
[05/08/18, 15:40:13:553] info: Loading dictionary for language ja-JP
[05/08/18, 15:40:13:554] info: Returning local copy: /home/nitoli/.config/Slack/dictionaries/ja-JP.bdic
[05/08/18, 15:40:13:556] info: Failed to read file /home/nitoli/.config/Slack/dictionaries/ja-JP.bdic: File exists but is most likely bogus
[05/08/18, 15:40:13:559] info: Actually downloading https://redirector.gvt1.com/edgedl/chrome/dict/ja-jp-3-0.bdic
[05/08/18, 15:40:13:737] info: Loading dictionary for language ja-JP
[05/08/18, 15:40:13:737] info: Returning local copy: /home/nitoli/.config/Slack/dictionaries/ja-JP.bdic
[05/08/18, 15:40:13:745] info: Failed to read file /home/nitoli/.config/Slack/dictionaries/ja-JP.bdic: File exists but is most likely bogus
[05/08/18, 15:40:13:748] info: Actually downloading https://redirector.gvt1.com/edgedl/chrome/dict/ja-jp-3-0.bdic
[05/08/18, 15:40:13:885] info: dictionary for ja-JP_ja-JP is not available
[05/08/18, 16:01:30:222] warn: Unable to read quiet hours setting: windows-quiet-hours works only on Windows
[05/08/18, 16:01:30:222] warn: Unable to read quiet hours setting: windows-quiet-hours works only on Windows
[05/08/18, 16:01:30:239] info: Store: NEW_NOTIFICATION
{
  "avatarImage": "https://ca.slack-edge.com/T5YEC6G73-U603XNVAP-83d16d22ab82-512",
  "channel": "C8Y1H7TEE",
  "content": "[REDACTED]",
  "id": "KL5QHqhAxk0xx8V",
  "imageUri": null,
  "launchUri": "slack://channel?id=C8Y1H7TEE&message=1525762890.000027&team=T5YEC6G73",
  "msg": "1525762890.000027",
  "silent": true,
  "subtitle": "",
  "teamId": "T5YEC6G73",
  "title": "[REDACTED]"
}
[05/08/18, 16:01:35:953] warn: Unable to read quiet hours setting: windows-quiet-hours works only on Windows
[05/08/18, 16:01:35:954] warn: Unable to read quiet hours setting: windows-quiet-hours works only on Windows
[05/08/18, 16:01:35:956] info: Store: NEW_NOTIFICATION
{
  "avatarImage": "https://ca.slack-edge.com/T5YEC6G73-U603XNVAP-83d16d22ab82-512",
  "channel": "C8Y1H7TEE",
  "content": "[REDACTED]",
  "id": "3yKwCXiDVjkVNwW",
  "imageUri": null,
  "launchUri": "slack://channel?id=C8Y1H7TEE&message=1525762895.000376&team=T5YEC6G73",
  "msg": "1525762895.000376",
  "silent": true,
  "subtitle": "",
  "teamId": "T5YEC6G73",
  "title": "[REDACTED]"
}
