[05/09/18, 14:58:04:087] info: ╔════════════════════════════════════════════════════════════════════════════╗
[05/09/18, 14:58:04:088] info: ║      Slack 3.1.1, linux 4.16.7-1-zen on x64 at 05/09/18, 14:58:04:083      ║
[05/09/18, 14:58:04:088] info: ╚════════════════════════════════════════════════════════════════════════════╝
[05/09/18, 14:58:04:343] info: Initializing local storage instance at path: /home/nitoli/.config/Slack/local-settings.json
[05/09/18, 14:58:05:227] error: Calls failed to load, bailing
[05/09/18, 14:58:05:229] info: cld3::loadModule: loading cld3 module
[05/09/18, 14:58:05:292] info: cld3Loader::loadModule: running environment is NODE
[05/09/18, 14:58:05:292] info: cld3Loader::loadModule: constructed module object for runtime
[05/09/18, 14:58:05:851] info: cld3Loader::initializeRuntime: successfully initialized module
[05/09/18, 14:58:05:851] info: cld3Loader::loadModule: initialized wasm binary Runtime
[05/09/18, 14:58:05:884] warn: updateSpellcheckerLanguage: Tried to update language, but spellchecker not initialized
[05/09/18, 14:58:05:885] info: TranslationLookup: locale set to ja-JP for renderer
[05/09/18, 14:58:05:890] info: SSBIntegration: Main window preload script loaded 2595.42112
[05/09/18, 14:58:05:948] info: Store: UPSERT_WEB_CONTENTS
{
  "id": 4,
  "state": "loaded",
  "teamId": "T5YEC6G73"
}
[05/09/18, 14:58:06:016] info: Store: UPSERT_WEB_CONTENTS
{
  "id": 4,
  "state": "empty-page",
  "teamId": "T5YEC6G73"
}
[05/09/18, 14:58:06:027] info: Store: UPSERT_WEB_CONTENTS
{
  "id": 4,
  "state": "page-will-navigate",
  "teamId": "T5YEC6G73"
}
[05/09/18, 14:58:06:032] info: Window is unloading, winssb is no longer accessible
