[05/07/18, 18:59:28:743] info: ╔════════════════════════════════════════════════════════════════════════════╗
[05/07/18, 18:59:28:744] info: ║      Slack 3.1.1, linux 4.16.6-1-zen on x64 at 05/07/18, 18:59:28:738      ║
[05/07/18, 18:59:28:744] info: ╚════════════════════════════════════════════════════════════════════════════╝
[05/07/18, 18:59:28:913] info: Initializing local storage instance at path: /home/nitoli/.config/Slack/local-settings.json
[05/07/18, 18:59:29:975] error: Calls failed to load, bailing
[05/07/18, 18:59:29:978] info: cld3::loadModule: loading cld3 module
[05/07/18, 18:59:30:065] info: cld3Loader::loadModule: running environment is NODE
[05/07/18, 18:59:30:067] info: cld3Loader::loadModule: constructed module object for runtime
[05/07/18, 18:59:30:705] info: cld3Loader::initializeRuntime: successfully initialized module
[05/07/18, 18:59:30:705] info: cld3Loader::loadModule: initialized wasm binary Runtime
[05/07/18, 18:59:30:721] warn: updateSpellcheckerLanguage: Tried to update language, but spellchecker not initialized
[05/07/18, 18:59:30:723] info: SSBIntegration: Main window preload script loaded 2634.483459
[05/07/18, 18:59:30:739] info: Store: SET_NETWORK_STATUS online
[05/07/18, 18:59:30:747] info: Store: UPSERT_WEB_CONTENTS
{
  "id": 4,
  "state": "loaded",
  "teamId": "T02R0MMHK"
}
[05/07/18, 18:59:30:761] info: Store: UPSERT_WEB_CONTENTS
{
  "id": 4,
  "state": "empty-page",
  "teamId": "T02R0MMHK"
}
[05/07/18, 18:59:30:773] info: Store: UPSERT_WEB_CONTENTS
{
  "id": 4,
  "state": "page-will-navigate",
  "teamId": "T02R0MMHK"
}
[05/07/18, 18:59:30:794] info: Window is unloading, winssb is no longer accessible
[05/07/18, 18:59:30:801] info: Store: UPSERT_WEB_CONTENTS
{
  "id": 6,
  "state": "loaded",
  "teamId": "T5LFW0CUB"
}
[05/07/18, 18:59:30:848] info: Store: UPSERT_WEB_CONTENTS
{
  "id": 6,
  "state": "empty-page",
  "teamId": "T5LFW0CUB"
}
[05/07/18, 18:59:30:855] info: Store: UPSERT_WEB_CONTENTS
{
  "id": 6,
  "state": "page-will-navigate",
  "teamId": "T5LFW0CUB"
}
[05/07/18, 18:59:31:157] info: Store: UPSERT_WEB_CONTENTS
{
  "id": 3,
  "state": "loaded",
  "teamId": "T5YEC6G73"
}
[05/07/18, 18:59:31:162] info: Store: MAIN_WINDOW_SHOWN
[05/07/18, 18:59:31:198] info: Store: UPSERT_WEB_CONTENTS
{
  "id": 3,
  "state": "empty-page",
  "teamId": "T5YEC6G73"
}
[05/07/18, 18:59:31:226] info: Store: UPDATE_SESSION_STATUS
{
  "hasValidSession": true,
  "teamId": "T02R0MMHK"
}
[05/07/18, 18:59:31:229] info: Store: UPSERT_WEB_CONTENTS
{
  "id": 3,
  "state": "page-will-navigate",
  "teamId": "T5YEC6G73"
}
[05/07/18, 18:59:31:671] info: Store: UPDATE_SESSION_STATUS
{
  "hasValidSession": true,
  "teamId": "T5LFW0CUB"
}
