[05/02/18, 20:12:24:557] info: ╔════════════════════════════════════════════════════════════════════════════╗
[05/02/18, 20:12:24:558] info: ║      Slack 3.1.1, linux 4.16.5-1-zen on x64 at 05/02/18, 20:12:24:552      ║
[05/02/18, 20:12:24:558] info: ╚════════════════════════════════════════════════════════════════════════════╝
[05/02/18, 20:12:24:659] info: Initializing local storage instance at path: /home/nitoli/.config/Slack/local-settings.json
[05/02/18, 20:12:24:987] error: Calls failed to load, bailing
[05/02/18, 20:12:24:990] info: cld3::loadModule: loading cld3 module
[05/02/18, 20:12:25:010] info: cld3Loader::loadModule: running environment is NODE
[05/02/18, 20:12:25:010] info: cld3Loader::loadModule: constructed module object for runtime
[05/02/18, 20:12:25:214] info: cld3Loader::initializeRuntime: successfully initialized module
[05/02/18, 20:12:25:214] info: cld3Loader::loadModule: initialized wasm binary Runtime
[05/02/18, 20:12:25:217] warn: updateSpellcheckerLanguage: Tried to update language, but spellchecker not initialized
[05/02/18, 20:12:25:218] info: SSBIntegration: Main window preload script loaded 985.174872
[05/02/18, 20:12:27:531] info: Store: UPSERT_WEB_CONTENTS
{
  "id": 52,
  "state": "loaded",
  "teamId": "T5LFW0CUB"
}
[05/02/18, 20:12:27:837] info: Store: UPDATE_SESSION_STATUS
{
  "hasValidSession": true,
  "teamId": "T5LFW0CUB"
}
[05/02/18, 20:12:28:536] info: Store: UPDATE_TEAM_ICONS
{
  "icons": {
    "image_102": "https://slack-files2.s3-us-west-2.amazonaws.com/avatars/2017-08-21/229801110004_7754c1684d8336d012c4_102.jpg",
    "image_132": "https://slack-files2.s3-us-west-2.amazonaws.com/avatars/2017-08-21/229801110004_7754c1684d8336d012c4_132.jpg",
    "image_230": "https://slack-files2.s3-us-west-2.amazonaws.com/avatars/2017-08-21/229801110004_7754c1684d8336d012c4_230.jpg",
    "image_34": "https://slack-files2.s3-us-west-2.amazonaws.com/avatars/2017-08-21/229801110004_7754c1684d8336d012c4_34.jpg",
    "image_44": "https://slack-files2.s3-us-west-2.amazonaws.com/avatars/2017-08-21/229801110004_7754c1684d8336d012c4_44.jpg",
    "image_68": "https://slack-files2.s3-us-west-2.amazonaws.com/avatars/2017-08-21/229801110004_7754c1684d8336d012c4_68.jpg",
    "image_88": "https://slack-files2.s3-us-west-2.amazonaws.com/avatars/2017-08-21/229801110004_7754c1684d8336d012c4_88.jpg",
    "image_original": "https://slack-files2.s3-us-west-2.amazonaws.com/avatars/2017-08-21/229801110004_7754c1684d8336d012c4_original.jpg"
  },
  "teamId": "T5LFW0CUB"
}
[05/02/18, 20:12:29:874] info: Store: SELECT_CHANNEL C5L1C6CBB
[05/02/18, 20:12:29:874] info: Store: UPDATE_TEAM_LOCALE
{
  "locale": "ja-JP",
  "teamId": "T5LFW0CUB"
}
[05/02/18, 20:12:29:875] info: Store: UPDATE_SETTINGS
{
  "locale": "ja-JP"
}
[05/02/18, 20:12:29:875] info: TranslationLookup: locale set to ja-JP for renderer
[05/02/18, 20:12:30:182] info: Store: UPDATE_TEAM_THEME
{
  "teamId": "T5LFW0CUB",
  "theme": {
    "active_item": "#4C9689",
    "active_item_text": "#FFFFFF",
    "active_presence": "#38978D",
    "badge": "#EB4D5C",
    "column_bg": "#4D394B",
    "hover_item": "#3E313C",
    "menu_bg": "#3E313C",
    "text_color": "#FFFFFF"
  }
}
[05/02/18, 20:12:30:183] info: Store: SELECT_CHANNEL DAGCR0QAV
[05/02/18, 20:12:30:183] info: Store: UPSERT_WEB_CONTENTS
{
  "id": 52,
  "state": "webapp-loaded",
  "teamId": "T5LFW0CUB"
}
[05/02/18, 20:12:30:259] info: Store: STORE_API_TOKEN
{
  "teamId": "T5LFW0CUB",
  "token": "xoxs-⋯"
}
[05/02/18, 20:12:34:712] info: Raw Locale list: ["C","en_US.utf8","POSIX",""]
[05/02/18, 20:12:34:712] info: Filtered Locale list: ["en_US"]
[05/02/18, 20:12:34:713] info: Counts: {"en":["en_US"]}
[05/02/18, 20:12:34:713] info: Setting en
[05/02/18, 20:12:34:713] info: Result: {"en":"en-US"}
[05/02/18, 20:12:34:715] info: Requesting to load ja-JP, alternatives are ["ja-JP","ja-JP","ja-JP"]
[05/02/18, 20:12:34:716] info: Loading dictionary for language ja-JP
[05/02/18, 20:12:34:716] info: Returning local copy: /home/nitoli/.config/Slack/dictionaries/ja-JP.bdic
[05/02/18, 20:12:34:719] info: Failed to read file /home/nitoli/.config/Slack/dictionaries/ja-JP.bdic: File exists but is most likely bogus
[05/02/18, 20:12:34:720] info: Actually downloading https://redirector.gvt1.com/edgedl/chrome/dict/ja-jp-3-0.bdic
[05/02/18, 20:12:35:054] info: Couldn't get hint text from messages in channel: Failed to fetch recent messages
[05/02/18, 20:12:35:135] info: Loading dictionary for language ja-JP
[05/02/18, 20:12:35:135] info: Returning local copy: /home/nitoli/.config/Slack/dictionaries/ja-JP.bdic
[05/02/18, 20:12:35:137] info: Failed to read file /home/nitoli/.config/Slack/dictionaries/ja-JP.bdic: File exists but is most likely bogus
[05/02/18, 20:12:35:138] info: Actually downloading https://redirector.gvt1.com/edgedl/chrome/dict/ja-jp-3-0.bdic
[05/02/18, 20:12:35:339] info: Loading dictionary for language ja-JP
[05/02/18, 20:12:35:339] info: Returning local copy: /home/nitoli/.config/Slack/dictionaries/ja-JP.bdic
[05/02/18, 20:12:35:342] info: Failed to read file /home/nitoli/.config/Slack/dictionaries/ja-JP.bdic: File exists but is most likely bogus
[05/02/18, 20:12:35:343] info: Actually downloading https://redirector.gvt1.com/edgedl/chrome/dict/ja-jp-3-0.bdic
[05/02/18, 20:12:35:525] info: dictionary for ja-JP_ja-JP is not available
[05/02/18, 20:12:35:527] info: Actually installing spell check provider to Electron
[05/02/18, 20:12:35:611] info: Couldn't get hint text from messages in channel: Failed to fetch recent messages
[05/02/18, 20:12:49:414] info: Store: SELECT_CHANNEL C865XL4M6
[05/02/18, 20:12:51:765] info: Requesting to load ja-JP, alternatives are ["ja-JP","ja-JP","ja-JP"]
[05/02/18, 20:12:51:765] info: Loading dictionary for language ja-JP
[05/02/18, 20:12:51:765] info: Returning local copy: /home/nitoli/.config/Slack/dictionaries/ja-JP.bdic
[05/02/18, 20:12:51:766] info: Failed to read file /home/nitoli/.config/Slack/dictionaries/ja-JP.bdic: File exists but is most likely bogus
[05/02/18, 20:12:51:767] info: Actually downloading https://redirector.gvt1.com/edgedl/chrome/dict/ja-jp-3-0.bdic
[05/02/18, 20:12:52:173] info: Loading dictionary for language ja-JP
[05/02/18, 20:12:52:173] info: Returning local copy: /home/nitoli/.config/Slack/dictionaries/ja-JP.bdic
[05/02/18, 20:12:52:175] info: Failed to read file /home/nitoli/.config/Slack/dictionaries/ja-JP.bdic: File exists but is most likely bogus
[05/02/18, 20:12:52:176] info: Actually downloading https://redirector.gvt1.com/edgedl/chrome/dict/ja-jp-3-0.bdic
[05/02/18, 20:12:52:375] info: Loading dictionary for language ja-JP
[05/02/18, 20:12:52:375] info: Returning local copy: /home/nitoli/.config/Slack/dictionaries/ja-JP.bdic
[05/02/18, 20:12:52:377] info: Failed to read file /home/nitoli/.config/Slack/dictionaries/ja-JP.bdic: File exists but is most likely bogus
[05/02/18, 20:12:52:378] info: Actually downloading https://redirector.gvt1.com/edgedl/chrome/dict/ja-jp-3-0.bdic
[05/02/18, 20:12:52:554] info: dictionary for ja-JP_ja-JP is not available
[05/02/18, 20:13:05:196] info: Store: SELECT_CHANNEL C5LG58E0H
[05/02/18, 20:13:09:456] info: Requesting to load ja-JP, alternatives are ["ja-JP","ja-JP","ja-JP"]
[05/02/18, 20:13:09:456] info: Loading dictionary for language ja-JP
[05/02/18, 20:13:09:456] info: Returning local copy: /home/nitoli/.config/Slack/dictionaries/ja-JP.bdic
[05/02/18, 20:13:09:457] info: Failed to read file /home/nitoli/.config/Slack/dictionaries/ja-JP.bdic: File exists but is most likely bogus
[05/02/18, 20:13:09:457] info: Actually downloading https://redirector.gvt1.com/edgedl/chrome/dict/ja-jp-3-0.bdic
[05/02/18, 20:13:09:865] info: Loading dictionary for language ja-JP
[05/02/18, 20:13:09:866] info: Returning local copy: /home/nitoli/.config/Slack/dictionaries/ja-JP.bdic
[05/02/18, 20:13:09:867] info: Failed to read file /home/nitoli/.config/Slack/dictionaries/ja-JP.bdic: File exists but is most likely bogus
[05/02/18, 20:13:09:867] info: Actually downloading https://redirector.gvt1.com/edgedl/chrome/dict/ja-jp-3-0.bdic
[05/02/18, 20:13:10:025] info: Loading dictionary for language ja-JP
[05/02/18, 20:13:10:025] info: Returning local copy: /home/nitoli/.config/Slack/dictionaries/ja-JP.bdic
[05/02/18, 20:13:10:032] info: Failed to read file /home/nitoli/.config/Slack/dictionaries/ja-JP.bdic: File exists but is most likely bogus
[05/02/18, 20:13:10:032] info: Actually downloading https://redirector.gvt1.com/edgedl/chrome/dict/ja-jp-3-0.bdic
[05/02/18, 20:13:10:234] info: dictionary for ja-JP_ja-JP is not available
[05/02/18, 20:13:24:726] info: Unloading spellchecker
[05/02/18, 20:18:26:638] info: Store: FOREGROUND_APP
[05/02/18, 20:18:28:594] info: Restoring spellchecker
[05/02/18, 20:18:28:595] info: Requesting to load ja-JP, alternatives are ["ja-JP","ja-JP","ja-JP"]
[05/02/18, 20:18:28:596] info: Loading dictionary for language ja-JP
[05/02/18, 20:18:28:597] info: Returning local copy: /home/nitoli/.config/Slack/dictionaries/ja-JP.bdic
[05/02/18, 20:18:28:598] info: Store: MAIN_WINDOW_FOCUSED
[05/02/18, 20:18:28:602] info: Failed to read file /home/nitoli/.config/Slack/dictionaries/ja-JP.bdic: File exists but is most likely bogus
[05/02/18, 20:18:28:605] info: Actually downloading https://redirector.gvt1.com/edgedl/chrome/dict/ja-jp-3-0.bdic
[05/02/18, 20:18:29:252] info: Loading dictionary for language ja-JP
[05/02/18, 20:18:29:252] info: Returning local copy: /home/nitoli/.config/Slack/dictionaries/ja-JP.bdic
[05/02/18, 20:18:29:254] info: Failed to read file /home/nitoli/.config/Slack/dictionaries/ja-JP.bdic: File exists but is most likely bogus
[05/02/18, 20:18:29:255] info: Actually downloading https://redirector.gvt1.com/edgedl/chrome/dict/ja-jp-3-0.bdic
[05/02/18, 20:18:29:444] info: Loading dictionary for language ja-JP
[05/02/18, 20:18:29:445] info: Returning local copy: /home/nitoli/.config/Slack/dictionaries/ja-JP.bdic
[05/02/18, 20:18:29:447] info: Failed to read file /home/nitoli/.config/Slack/dictionaries/ja-JP.bdic: File exists but is most likely bogus
[05/02/18, 20:18:29:448] info: Actually downloading https://redirector.gvt1.com/edgedl/chrome/dict/ja-jp-3-0.bdic
[05/02/18, 20:18:29:676] info: dictionary for ja-JP_ja-JP is not available
[05/02/18, 20:18:31:077] info: Store: SELECT_CHANNEL G80MPJULU
[05/02/18, 20:18:31:386] info: Requesting to load ja-JP, alternatives are ["ja-JP","ja-JP","ja-JP"]
[05/02/18, 20:18:31:386] info: Loading dictionary for language ja-JP
[05/02/18, 20:18:31:387] info: Returning local copy: /home/nitoli/.config/Slack/dictionaries/ja-JP.bdic
[05/02/18, 20:18:31:387] info: Failed to read file /home/nitoli/.config/Slack/dictionaries/ja-JP.bdic: File exists but is most likely bogus
[05/02/18, 20:18:31:387] info: Actually downloading https://redirector.gvt1.com/edgedl/chrome/dict/ja-jp-3-0.bdic
[05/02/18, 20:18:31:571] info: Loading dictionary for language ja-JP
[05/02/18, 20:18:31:571] info: Returning local copy: /home/nitoli/.config/Slack/dictionaries/ja-JP.bdic
[05/02/18, 20:18:31:572] info: Failed to read file /home/nitoli/.config/Slack/dictionaries/ja-JP.bdic: File exists but is most likely bogus
[05/02/18, 20:18:31:573] info: Actually downloading https://redirector.gvt1.com/edgedl/chrome/dict/ja-jp-3-0.bdic
[05/02/18, 20:18:31:757] info: Loading dictionary for language ja-JP
[05/02/18, 20:18:31:757] info: Returning local copy: /home/nitoli/.config/Slack/dictionaries/ja-JP.bdic
[05/02/18, 20:18:31:760] info: Failed to read file /home/nitoli/.config/Slack/dictionaries/ja-JP.bdic: File exists but is most likely bogus
[05/02/18, 20:18:31:761] info: Actually downloading https://redirector.gvt1.com/edgedl/chrome/dict/ja-jp-3-0.bdic
[05/02/18, 20:18:31:937] info: dictionary for ja-JP_ja-JP is not available
[05/02/18, 20:18:36:988] info: Store: SELECT_CHANNEL C865XL4M6
[05/02/18, 20:18:37:359] info: Requesting to load ja-JP, alternatives are ["ja-JP","ja-JP","ja-JP"]
[05/02/18, 20:18:37:359] info: Loading dictionary for language ja-JP
[05/02/18, 20:18:37:359] info: Returning local copy: /home/nitoli/.config/Slack/dictionaries/ja-JP.bdic
[05/02/18, 20:18:37:360] info: Failed to read file /home/nitoli/.config/Slack/dictionaries/ja-JP.bdic: File exists but is most likely bogus
[05/02/18, 20:18:37:360] info: Actually downloading https://redirector.gvt1.com/edgedl/chrome/dict/ja-jp-3-0.bdic
[05/02/18, 20:18:37:866] info: Store: SELECT_CHANNEL G7GGG2GPN
[05/02/18, 20:18:37:870] info: Loading dictionary for language ja-JP
[05/02/18, 20:18:37:870] info: Returning local copy: /home/nitoli/.config/Slack/dictionaries/ja-JP.bdic
[05/02/18, 20:18:37:890] info: Couldn't detect language for text of length '1552': Not enough reliable text, ignoring sample
[05/02/18, 20:18:37:893] info: Failed to read file /home/nitoli/.config/Slack/dictionaries/ja-JP.bdic: File exists but is most likely bogus
[05/02/18, 20:18:37:894] info: Actually downloading https://redirector.gvt1.com/edgedl/chrome/dict/ja-jp-3-0.bdic
[05/02/18, 20:18:38:077] info: Loading dictionary for language ja-JP
[05/02/18, 20:18:38:078] info: Returning local copy: /home/nitoli/.config/Slack/dictionaries/ja-JP.bdic
[05/02/18, 20:18:38:083] info: Failed to read file /home/nitoli/.config/Slack/dictionaries/ja-JP.bdic: File exists but is most likely bogus
[05/02/18, 20:18:38:085] info: Actually downloading https://redirector.gvt1.com/edgedl/chrome/dict/ja-jp-3-0.bdic
[05/02/18, 20:18:38:260] info: dictionary for ja-JP_ja-JP is not available
[05/02/18, 20:18:50:676] info: Store: SELECT_CHANNEL G80MPJULU
[05/02/18, 20:18:51:001] info: Requesting to load ja-JP, alternatives are ["ja-JP","ja-JP","ja-JP"]
[05/02/18, 20:18:51:002] info: Loading dictionary for language ja-JP
[05/02/18, 20:18:51:002] info: Returning local copy: /home/nitoli/.config/Slack/dictionaries/ja-JP.bdic
[05/02/18, 20:18:51:002] info: Failed to read file /home/nitoli/.config/Slack/dictionaries/ja-JP.bdic: File exists but is most likely bogus
[05/02/18, 20:18:51:003] info: Actually downloading https://redirector.gvt1.com/edgedl/chrome/dict/ja-jp-3-0.bdic
[05/02/18, 20:18:51:506] info: Loading dictionary for language ja-JP
[05/02/18, 20:18:51:506] info: Returning local copy: /home/nitoli/.config/Slack/dictionaries/ja-JP.bdic
[05/02/18, 20:18:51:508] info: Failed to read file /home/nitoli/.config/Slack/dictionaries/ja-JP.bdic: File exists but is most likely bogus
[05/02/18, 20:18:51:508] info: Actually downloading https://redirector.gvt1.com/edgedl/chrome/dict/ja-jp-3-0.bdic
[05/02/18, 20:18:51:763] info: Loading dictionary for language ja-JP
[05/02/18, 20:18:51:764] info: Returning local copy: /home/nitoli/.config/Slack/dictionaries/ja-JP.bdic
[05/02/18, 20:18:51:765] info: Failed to read file /home/nitoli/.config/Slack/dictionaries/ja-JP.bdic: File exists but is most likely bogus
[05/02/18, 20:18:51:768] info: Actually downloading https://redirector.gvt1.com/edgedl/chrome/dict/ja-jp-3-0.bdic
[05/02/18, 20:18:52:041] info: dictionary for ja-JP_ja-JP is not available
[05/02/18, 20:18:52:501] info: Store: SELECT_CHANNEL G7GGG2GPN
[05/02/18, 20:18:52:514] info: Couldn't detect language for text of length '1552': Not enough reliable text, ignoring sample
[05/02/18, 20:18:53:718] info: Store: SELECT_CHANNEL G80MPJULU
[05/02/18, 20:18:53:751] info: Requesting to load ja-JP, alternatives are ["ja-JP","ja-JP","ja-JP"]
[05/02/18, 20:18:53:751] info: Loading dictionary for language ja-JP
[05/02/18, 20:18:53:752] info: Returning local copy: /home/nitoli/.config/Slack/dictionaries/ja-JP.bdic
[05/02/18, 20:18:53:757] info: Failed to read file /home/nitoli/.config/Slack/dictionaries/ja-JP.bdic: File exists but is most likely bogus
[05/02/18, 20:18:53:757] info: Actually downloading https://redirector.gvt1.com/edgedl/chrome/dict/ja-jp-3-0.bdic
[05/02/18, 20:18:53:938] info: Loading dictionary for language ja-JP
[05/02/18, 20:18:53:939] info: Returning local copy: /home/nitoli/.config/Slack/dictionaries/ja-JP.bdic
[05/02/18, 20:18:53:949] info: Failed to read file /home/nitoli/.config/Slack/dictionaries/ja-JP.bdic: File exists but is most likely bogus
[05/02/18, 20:18:53:950] info: Actually downloading https://redirector.gvt1.com/edgedl/chrome/dict/ja-jp-3-0.bdic
[05/02/18, 20:18:54:133] info: Loading dictionary for language ja-JP
[05/02/18, 20:18:54:133] info: Returning local copy: /home/nitoli/.config/Slack/dictionaries/ja-JP.bdic
[05/02/18, 20:18:54:138] info: Failed to read file /home/nitoli/.config/Slack/dictionaries/ja-JP.bdic: File exists but is most likely bogus
[05/02/18, 20:18:54:140] info: Actually downloading https://redirector.gvt1.com/edgedl/chrome/dict/ja-jp-3-0.bdic
[05/02/18, 20:18:54:350] info: dictionary for ja-JP_ja-JP is not available
[05/02/18, 20:27:14:858] info: Unloading spellchecker
[05/03/18, 06:35:08:014] warn: Unable to read quiet hours setting: windows-quiet-hours works only on Windows
[05/03/18, 06:35:08:014] warn: Unable to read quiet hours setting: windows-quiet-hours works only on Windows
[05/03/18, 06:35:08:028] info: Store: NEW_NOTIFICATION
{
  "avatarImage": "https://ca.slack-edge.com/T5LFW0CUB-U5LG7UH5Z-c9da55558db0-512",
  "channel": "G80MPJULU",
  "content": "[REDACTED]",
  "id": "RBLqFrhOw0mR7oY",
  "imageUri": null,
  "launchUri": "slack://channel?id=G80MPJULU&message=1525264521.000301&team=T5LFW0CUB",
  "msg": "1525264521.000301",
  "silent": true,
  "subtitle": "",
  "teamId": "T5LFW0CUB",
  "title": "[REDACTED]"
}
