[05/07/18, 14:42:07:782] info: ╔════════════════════════════════════════════════════════════════════════════╗
[05/07/18, 14:42:07:783] info: ║      Slack 3.1.1, linux 4.16.6-1-zen on x64 at 05/07/18, 14:42:07:772      ║
[05/07/18, 14:42:07:783] info: ╚════════════════════════════════════════════════════════════════════════════╝
[05/07/18, 14:42:07:931] info: Initializing local storage instance at path: /home/nitoli/.config/Slack/local-settings.json
[05/07/18, 14:42:08:690] error: Calls failed to load, bailing
[05/07/18, 14:42:08:692] info: cld3::loadModule: loading cld3 module
[05/07/18, 14:42:08:762] info: cld3Loader::loadModule: running environment is NODE
[05/07/18, 14:42:08:763] info: cld3Loader::loadModule: constructed module object for runtime
[05/07/18, 14:42:09:278] info: cld3Loader::initializeRuntime: successfully initialized module
[05/07/18, 14:42:09:278] info: cld3Loader::loadModule: initialized wasm binary Runtime
[05/07/18, 14:42:09:281] warn: updateSpellcheckerLanguage: Tried to update language, but spellchecker not initialized
[05/07/18, 14:42:09:282] info: SSBIntegration: Main window preload script loaded 2526.339
[05/07/18, 14:42:09:291] info: Store: SET_NETWORK_STATUS online
[05/07/18, 14:42:09:293] info: Store: MAIN_WINDOW_SHOWN
[05/07/18, 14:42:09:296] info: Store: UPSERT_WEB_CONTENTS
{
  "id": 4,
  "state": "loaded",
  "teamId": "T02R0MMHK"
}
[05/07/18, 14:42:09:298] info: Store: UPSERT_WEB_CONTENTS
{
  "id": 4,
  "state": "empty-page",
  "teamId": "T02R0MMHK"
}
[05/07/18, 14:42:09:298] info: Store: UPSERT_WEB_CONTENTS
{
  "id": 4,
  "state": "page-will-navigate",
  "teamId": "T02R0MMHK"
}
[05/07/18, 14:42:09:300] info: Store: UPSERT_WEB_CONTENTS
{
  "id": 7,
  "state": "loaded",
  "teamId": "T0GFBAM8C"
}
[05/07/18, 14:42:09:301] info: Store: UPSERT_WEB_CONTENTS
{
  "id": 7,
  "state": "empty-page",
  "teamId": "T0GFBAM8C"
}
[05/07/18, 14:42:09:301] info: Store: UPSERT_WEB_CONTENTS
{
  "id": 7,
  "state": "page-will-navigate",
  "teamId": "T0GFBAM8C"
}
[05/07/18, 14:42:09:302] info: Store: UPSERT_WEB_CONTENTS
{
  "id": 6,
  "state": "loaded",
  "teamId": "T5LFW0CUB"
}
[05/07/18, 14:42:09:302] info: Store: UPSERT_WEB_CONTENTS
{
  "id": 6,
  "state": "empty-page",
  "teamId": "T5LFW0CUB"
}
[05/07/18, 14:42:09:303] info: Store: UPSERT_WEB_CONTENTS
{
  "id": 6,
  "state": "page-will-navigate",
  "teamId": "T5LFW0CUB"
}
[05/07/18, 14:42:09:303] info: Store: UPDATE_SESSION_STATUS
{
  "hasValidSession": true,
  "teamId": "T02R0MMHK"
}
[05/07/18, 14:42:09:305] info: Store: UPSERT_WEB_CONTENTS
{
  "id": 5,
  "state": "loaded",
  "teamId": "T4HEMM0UR"
}
[05/07/18, 14:42:09:317] info: Store: UPSERT_WEB_CONTENTS
{
  "id": 3,
  "state": "loaded",
  "teamId": "T5YEC6G73"
}
[05/07/18, 14:42:09:325] info: Store: UPSERT_WEB_CONTENTS
{
  "id": 5,
  "state": "empty-page",
  "teamId": "T4HEMM0UR"
}
[05/07/18, 14:42:09:329] info: Store: UPSERT_WEB_CONTENTS
{
  "id": 5,
  "state": "page-will-navigate",
  "teamId": "T4HEMM0UR"
}
[05/07/18, 14:42:09:332] info: Window is unloading, winssb is no longer accessible
[05/07/18, 14:42:09:341] info: Store: UPSERT_WEB_CONTENTS
{
  "id": 3,
  "state": "empty-page",
  "teamId": "T5YEC6G73"
}
[05/07/18, 14:42:09:354] info: Store: UPSERT_WEB_CONTENTS
{
  "id": 3,
  "state": "page-will-navigate",
  "teamId": "T5YEC6G73"
}
[05/07/18, 14:42:09:358] info: Store: UPDATE_SESSION_STATUS
{
  "hasValidSession": true,
  "teamId": "T0GFBAM8C"
}
[05/07/18, 14:42:09:476] info: Store: UPDATE_SESSION_STATUS
{
  "hasValidSession": true,
  "teamId": "T5LFW0CUB"
}
[05/07/18, 14:42:09:760] info: Store: UPDATE_SESSION_STATUS
{
  "hasValidSession": true,
  "teamId": "T4HEMM0UR"
}
[05/07/18, 14:42:09:764] info: Store: UPDATE_SESSION_STATUS
{
  "hasValidSession": true,
  "teamId": "T5YEC6G73"
}
