[05/09/18, 14:58:04:345] info: ╔════════════════════════════════════════════════════════════════════════════╗
[05/09/18, 14:58:04:350] info: ║      Slack 3.1.1, linux 4.16.7-1-zen on x64 at 05/09/18, 14:58:04:334      ║
[05/09/18, 14:58:04:350] info: ╚════════════════════════════════════════════════════════════════════════════╝
[05/09/18, 14:58:04:615] info: Initializing local storage instance at path: /home/nitoli/.config/Slack/local-settings.json
[05/09/18, 14:58:05:560] error: Calls failed to load, bailing
[05/09/18, 14:58:05:565] info: cld3::loadModule: loading cld3 module
[05/09/18, 14:58:05:694] info: cld3Loader::loadModule: running environment is NODE
[05/09/18, 14:58:05:704] info: cld3Loader::loadModule: constructed module object for runtime
[05/09/18, 14:58:06:475] info: cld3Loader::initializeRuntime: successfully initialized module
[05/09/18, 14:58:06:475] info: cld3Loader::loadModule: initialized wasm binary Runtime
[05/09/18, 14:58:06:492] warn: updateSpellcheckerLanguage: Tried to update language, but spellchecker not initialized
[05/09/18, 14:58:06:492] info: TranslationLookup: locale set to ja-JP for renderer
[05/09/18, 14:58:06:493] info: SSBIntegration: Main window preload script loaded 3067.707561
[05/09/18, 14:58:06:515] info: Store: UPSERT_WEB_CONTENTS
{
  "id": 4,
  "state": "loaded",
  "teamId": "T5YEC6G73"
}
[05/09/18, 14:58:06:517] info: Store: UPSERT_WEB_CONTENTS
{
  "id": 4,
  "state": "empty-page",
  "teamId": "T5YEC6G73"
}
[05/09/18, 14:58:06:531] info: Store: UPSERT_WEB_CONTENTS
{
  "id": 4,
  "state": "page-will-navigate",
  "teamId": "T5YEC6G73"
}
[05/09/18, 14:58:06:533] info: Store: UPSERT_WEB_CONTENTS
{
  "id": 3,
  "state": "loaded",
  "teamId": "T0GFBAM8C"
}
[05/09/18, 14:58:06:538] info: Store: UPSERT_WEB_CONTENTS
{
  "id": 3,
  "state": "empty-page",
  "teamId": "T0GFBAM8C"
}
[05/09/18, 14:58:06:539] info: Store: UPSERT_WEB_CONTENTS
{
  "id": 3,
  "state": "page-will-navigate",
  "teamId": "T0GFBAM8C"
}
[05/09/18, 14:58:06:539] info: Store: UPSERT_WEB_CONTENTS
{
  "id": 5,
  "state": "loaded",
  "teamId": "T02R0MMHK"
}
[05/09/18, 14:58:06:539] info: Store: UPSERT_WEB_CONTENTS
{
  "id": 5,
  "state": "empty-page",
  "teamId": "T02R0MMHK"
}
[05/09/18, 14:58:06:540] info: Store: UPSERT_WEB_CONTENTS
{
  "id": 5,
  "state": "page-will-navigate",
  "teamId": "T02R0MMHK"
}
[05/09/18, 14:58:06:549] info: Store: UPSERT_WEB_CONTENTS
{
  "id": 6,
  "state": "loaded",
  "teamId": "T4HEMM0UR"
}
[05/09/18, 14:58:06:550] info: Store: UPSERT_WEB_CONTENTS
{
  "id": 7,
  "state": "loaded",
  "teamId": "T5LFW0CUB"
}
[05/09/18, 14:58:06:552] info: Store: UPSERT_WEB_CONTENTS
{
  "id": 6,
  "state": "empty-page",
  "teamId": "T4HEMM0UR"
}
[05/09/18, 14:58:06:565] info: Store: UPSERT_WEB_CONTENTS
{
  "id": 6,
  "state": "page-will-navigate",
  "teamId": "T4HEMM0UR"
}
[05/09/18, 14:58:06:566] info: Store: UPSERT_WEB_CONTENTS
{
  "id": 7,
  "state": "empty-page",
  "teamId": "T5LFW0CUB"
}
[05/09/18, 14:58:06:578] info: Store: UPSERT_WEB_CONTENTS
{
  "id": 7,
  "state": "page-will-navigate",
  "teamId": "T5LFW0CUB"
}
[05/09/18, 14:58:06:579] info: Window is unloading, winssb is no longer accessible
