[05/08/18, 11:09:16:237] info: ╔════════════════════════════════════════════════════════════════════════════╗
[05/08/18, 11:09:16:238] info: ║      Slack 3.1.1, linux 4.16.6-1-zen on x64 at 05/08/18, 11:09:16:225      ║
[05/08/18, 11:09:16:238] info: ╚════════════════════════════════════════════════════════════════════════════╝
[05/08/18, 11:09:16:453] info: Initializing local storage instance at path: /home/nitoli/.config/Slack/local-settings.json
[05/08/18, 11:09:17:200] error: Calls failed to load, bailing
[05/08/18, 11:09:17:204] info: cld3::loadModule: loading cld3 module
[05/08/18, 11:09:17:319] info: cld3Loader::loadModule: running environment is NODE
[05/08/18, 11:09:17:319] info: cld3Loader::loadModule: constructed module object for runtime
[05/08/18, 11:09:17:851] info: cld3Loader::initializeRuntime: successfully initialized module
[05/08/18, 11:09:17:851] info: cld3Loader::loadModule: initialized wasm binary Runtime
[05/08/18, 11:09:17:856] warn: updateSpellcheckerLanguage: Tried to update language, but spellchecker not initialized
[05/08/18, 11:09:17:856] info: TranslationLookup: locale set to ja-JP for renderer
[05/08/18, 11:09:17:857] info: SSBIntegration: Main window preload script loaded 2268.496542
[05/08/18, 11:09:17:862] info: Store: SET_NETWORK_STATUS offline
[05/08/18, 11:09:17:865] info: Store: UPDATE_SESSION_STATUS
{
  "hasValidSession": null,
  "teamId": "T0GFBAM8C"
}
[05/08/18, 11:09:17:865] info: Store: UPDATE_SESSION_STATUS
{
  "hasValidSession": null,
  "teamId": "T5YEC6G73"
}
[05/08/18, 11:09:17:865] info: Store: UPDATE_SESSION_STATUS
{
  "hasValidSession": null,
  "teamId": "T4HEMM0UR"
}
[05/08/18, 11:09:17:866] info: Store: UPDATE_SESSION_STATUS
{
  "hasValidSession": null,
  "teamId": "T5LFW0CUB"
}
[05/08/18, 11:09:17:866] info: Store: UPDATE_SESSION_STATUS
{
  "hasValidSession": null,
  "teamId": "T02R0MMHK"
}
[05/08/18, 11:09:17:867] info: Store: UPSERT_WEB_CONTENTS
{
  "id": 4,
  "state": "loaded",
  "teamId": "T5YEC6G73"
}
[05/08/18, 11:09:17:869] info: Store: UPSERT_WEB_CONTENTS
{
  "id": 4,
  "state": "empty-page",
  "teamId": "T5YEC6G73"
}
[05/08/18, 11:09:17:869] info: Store: UPSERT_WEB_CONTENTS
{
  "id": 6,
  "state": "loaded",
  "teamId": "T4HEMM0UR"
}
[05/08/18, 11:09:17:870] info: Store: UPSERT_WEB_CONTENTS
{
  "id": 7,
  "state": "loaded",
  "teamId": "T0GFBAM8C"
}
[05/08/18, 11:09:17:870] info: Store: UPSERT_WEB_CONTENTS
{
  "id": 6,
  "state": "empty-page",
  "teamId": "T4HEMM0UR"
}
[05/08/18, 11:09:17:870] info: Store: UPSERT_WEB_CONTENTS
{
  "id": 5,
  "state": "loaded",
  "teamId": "T02R0MMHK"
}
[05/08/18, 11:09:17:870] info: Store: UPSERT_WEB_CONTENTS
{
  "id": 7,
  "state": "empty-page",
  "teamId": "T0GFBAM8C"
}
[05/08/18, 11:09:17:871] info: Store: UPSERT_WEB_CONTENTS
{
  "id": 5,
  "state": "empty-page",
  "teamId": "T02R0MMHK"
}
[05/08/18, 11:09:17:871] info: Store: UPDATE_SESSION_STATUS
{
  "hasValidSession": null,
  "teamId": "T5YEC6G73"
}
[05/08/18, 11:09:17:871] info: Store: UPDATE_SESSION_STATUS
{
  "hasValidSession": null,
  "teamId": "T4HEMM0UR"
}
[05/08/18, 11:09:17:871] info: Store: UPDATE_SESSION_STATUS
{
  "hasValidSession": null,
  "teamId": "T0GFBAM8C"
}
[05/08/18, 11:09:17:872] info: Store: UPDATE_SESSION_STATUS
{
  "hasValidSession": null,
  "teamId": "T02R0MMHK"
}
[05/08/18, 11:09:17:875] info: Store: UPSERT_WEB_CONTENTS
{
  "id": 3,
  "state": "loaded",
  "teamId": "T5LFW0CUB"
}
[05/08/18, 11:09:17:879] info: Store: UPSERT_WEB_CONTENTS
{
  "id": 3,
  "state": "empty-page",
  "teamId": "T5LFW0CUB"
}
[05/08/18, 11:09:17:981] info: Store: UPDATE_SESSION_STATUS
{
  "hasValidSession": null,
  "teamId": "T5LFW0CUB"
}
[05/08/18, 11:09:19:607] info: Store: QUIT_APP
[05/08/18, 11:09:19:652] info: Store: REMOVE_WINDOW 2
[05/08/18, 11:09:19:684] info: Store: QUIT_APP
[05/10/18, 20:41:32:577] info: ╔════════════════════════════════════════════════════════════════════════════╗
[05/10/18, 20:41:32:578] info: ║      Slack 3.1.1, linux 4.16.7-1-zen on x64 at 05/10/18, 20:41:32:573      ║
[05/10/18, 20:41:32:579] info: ╚════════════════════════════════════════════════════════════════════════════╝
[05/10/18, 20:41:32:760] info: Initializing local storage instance at path: /home/nitoli/.config/Slack/local-settings.json
[05/10/18, 20:41:33:279] error: Calls failed to load, bailing
[05/10/18, 20:41:33:281] info: cld3::loadModule: loading cld3 module
[05/10/18, 20:41:33:343] info: cld3Loader::loadModule: running environment is NODE
[05/10/18, 20:41:33:344] info: cld3Loader::loadModule: constructed module object for runtime
[05/10/18, 20:41:33:863] info: cld3Loader::initializeRuntime: successfully initialized module
[05/10/18, 20:41:33:863] info: cld3Loader::loadModule: initialized wasm binary Runtime
[05/10/18, 20:41:33:869] warn: updateSpellcheckerLanguage: Tried to update language, but spellchecker not initialized
[05/10/18, 20:41:33:871] info: SSBIntegration: Main window preload script loaded 1774.36575
[05/10/18, 20:41:41:356] info: Store: SELECT_CHANNEL C02R0MMJ9
[05/10/18, 20:41:41:360] info: Store: UPDATE_TEAM_LOCALE
{
  "locale": "en-US"
}
[05/10/18, 20:41:41:361] info: Store: UPDATE_SETTINGS
{
  "locale": "en-US"
}
[05/10/18, 20:41:41:364] info: Store: UPSERT_WEB_CONTENTS
{
  "id": 3,
  "state": "loaded",
  "teamId": "T5YEC6G73"
}
[05/10/18, 20:41:45:657] info: Store: UPDATE_SESSION_STATUS
{
  "hasValidSession": true,
  "teamId": "T5YEC6G73"
}
[05/10/18, 20:41:45:658] info: Store: UPSERT_WEB_CONTENTS
{
  "id": 4,
  "state": "loaded",
  "teamId": "T02R0MMHK"
}
[05/10/18, 20:41:46:177] info: Store: UPDATE_SESSION_STATUS
{
  "hasValidSession": true,
  "teamId": "T02R0MMHK"
}
[05/10/18, 20:41:46:177] info: Store: UPDATE_TEAM_LOCALE
{
  "locale": "en-US"
}
[05/10/18, 20:41:46:178] info: Store: UPSERT_WEB_CONTENTS
{
  "id": 4,
  "state": "webapp-loaded",
  "teamId": "T02R0MMHK"
}
[05/10/18, 20:41:46:181] info: Store: UPDATE_TEAM_THEME
{
  "teamId": "T02R0MMHK",
  "theme": {
    "active_item": "#4C9689",
    "active_item_text": "#FFFFFF",
    "active_presence": "#38978D",
    "badge": "#EB4D5C",
    "column_bg": "#4D394B",
    "hover_item": "#3E313C",
    "menu_bg": "#3E313C",
    "text_color": "#FFFFFF"
  }
}
[05/10/18, 20:41:46:181] info: Store: STORE_API_TOKEN
{
  "teamId": "T02R0MMHK",
  "token": "xoxs-⋯"
}
[05/10/18, 20:41:46:181] info: Store: UPDATE_TEAM_ICONS
{
  "icons": {
    "image_102": "https://slack-files2.s3-us-west-2.amazonaws.com/avatars/2015-01-14/3400695805_06e3ed8a8ae7228d7c54_102.jpg",
    "image_132": "https://slack-files2.s3-us-west-2.amazonaws.com/avatars/2015-01-14/3400695805_06e3ed8a8ae7228d7c54_132.jpg",
    "image_230": "https://slack-files2.s3-us-west-2.amazonaws.com/avatars/2015-01-14/3400695805_06e3ed8a8ae7228d7c54_132.jpg",
    "image_34": "https://slack-files2.s3-us-west-2.amazonaws.com/avatars/2015-01-14/3400695805_06e3ed8a8ae7228d7c54_34.jpg",
    "image_44": "https://slack-files2.s3-us-west-2.amazonaws.com/avatars/2015-01-14/3400695805_06e3ed8a8ae7228d7c54_44.jpg",
    "image_68": "https://slack-files2.s3-us-west-2.amazonaws.com/avatars/2015-01-14/3400695805_06e3ed8a8ae7228d7c54_68.jpg",
    "image_88": "https://slack-files2.s3-us-west-2.amazonaws.com/avatars/2015-01-14/3400695805_06e3ed8a8ae7228d7c54_88.jpg",
    "image_original": "https://slack-files2.s3-us-west-2.amazonaws.com/avatars/2015-01-14/3400695805_06e3ed8a8ae7228d7c54_original.jpg"
  },
  "teamId": "T02R0MMHK"
}
[05/10/18, 20:41:46:182] info: Store: SELECT_CHANNEL C8Y1H7TEE
[05/10/18, 20:41:46:182] info: Store: UPDATE_TEAM_LOCALE
{
  "locale": "en-US"
}
[05/10/18, 20:41:46:185] info: Store: SELECT_CHANNEL C0GFH3RHU
[05/10/18, 20:41:46:186] info: Store: UPDATE_TEAM_LOCALE
{
  "locale": "ja-JP"
}
[05/10/18, 20:41:46:186] info: Store: SELECT_CHANNEL C4JRHEQB1
[05/10/18, 20:41:46:187] info: Store: UPDATE_TEAM_LOCALE
{
  "locale": "ja-JP"
}
[05/10/18, 20:41:46:187] info: Store: UPDATE_TEAM_ICONS
{
  "icons": {
    "image_102": "https://slack-files2.s3-us-west-2.amazonaws.com/avatars/2017-06-28/205110093367_6705e64b9b4a8299bd1f_102.png",
    "image_132": "https://slack-files2.s3-us-west-2.amazonaws.com/avatars/2017-06-28/205110093367_6705e64b9b4a8299bd1f_132.png",
    "image_230": "https://slack-files2.s3-us-west-2.amazonaws.com/avatars/2017-06-28/205110093367_6705e64b9b4a8299bd1f_230.png",
    "image_34": "https://slack-files2.s3-us-west-2.amazonaws.com/avatars/2017-06-28/205110093367_6705e64b9b4a8299bd1f_34.png",
    "image_44": "https://slack-files2.s3-us-west-2.amazonaws.com/avatars/2017-06-28/205110093367_6705e64b9b4a8299bd1f_44.png",
    "image_68": "https://slack-files2.s3-us-west-2.amazonaws.com/avatars/2017-06-28/205110093367_6705e64b9b4a8299bd1f_68.png",
    "image_88": "https://slack-files2.s3-us-west-2.amazonaws.com/avatars/2017-06-28/205110093367_6705e64b9b4a8299bd1f_88.png",
    "image_original": "https://slack-files2.s3-us-west-2.amazonaws.com/avatars/2017-06-28/205110093367_6705e64b9b4a8299bd1f_original.png"
  },
  "teamId": "T5YEC6G73"
}
[05/10/18, 20:41:46:188] info: Store: UPSERT_WEB_CONTENTS
{
  "id": 7,
  "state": "loaded",
  "teamId": "T0GFBAM8C"
}
[05/10/18, 20:41:46:188] info: Store: UPSERT_WEB_CONTENTS
{
  "id": 5,
  "state": "loaded",
  "teamId": "T4HEMM0UR"
}
[05/10/18, 20:41:46:218] info: Store: UPDATE_TEAM_LOCALE
{
  "locale": "en-US",
  "teamId": "T5YEC6G73"
}
[05/10/18, 20:41:46:219] info: Store: UPSERT_WEB_CONTENTS
{
  "id": 3,
  "state": "webapp-loaded",
  "teamId": "T5YEC6G73"
}
[05/10/18, 20:41:46:220] info: Store: UPDATE_TEAM_THEME
{
  "teamId": "T5YEC6G73",
  "theme": {
    "active_item": "#4C9689",
    "active_item_text": "#FFFFFF",
    "active_presence": "#38978D",
    "badge": "#EB4D5C",
    "column_bg": "#4D394B",
    "hover_item": "#3E313C",
    "menu_bg": "#3E313C",
    "text_color": "#FFFFFF"
  }
}
[05/10/18, 20:41:46:220] info: Store: UPDATE_TEAM_LOCALE
{
  "locale": "ja-JP"
}
[05/10/18, 20:41:46:221] info: Store: UPSERT_WEB_CONTENTS
{
  "id": 7,
  "state": "webapp-loaded",
  "teamId": "T0GFBAM8C"
}
[05/10/18, 20:41:46:222] info: Store: UPDATE_TEAM_LOCALE
{
  "locale": "ja-JP"
}
[05/10/18, 20:41:46:223] info: Store: UPSERT_WEB_CONTENTS
{
  "id": 5,
  "state": "webapp-loaded",
  "teamId": "T4HEMM0UR"
}
[05/10/18, 20:41:46:225] info: Store: STORE_API_TOKEN
{
  "teamId": "T0GFBAM8C",
  "token": "xoxs-⋯"
}
[05/10/18, 20:41:46:228] info: Store: UPDATE_TEAM_THEME
{
  "teamId": "T4HEMM0UR",
  "theme": {
    "active_item": "#4C9689",
    "active_item_text": "#FFFFFF",
    "active_presence": "#38978D",
    "badge": "#EB4D5C",
    "column_bg": "#4D394B",
    "hover_item": "#3E313C",
    "menu_bg": "#3E313C",
    "text_color": "#FFFFFF"
  }
}
[05/10/18, 20:41:46:230] info: Store: STORE_API_TOKEN
{
  "teamId": "T4HEMM0UR",
  "token": "xoxs-⋯"
}
[05/10/18, 20:41:46:359] info: Store: STORE_API_TOKEN
{
  "teamId": "T5YEC6G73",
  "token": "xoxs-⋯"
}
[05/10/18, 20:41:46:408] info: Store: UPDATE_SESSION_STATUS
{
  "hasValidSession": true,
  "teamId": "T0GFBAM8C"
}
[05/10/18, 20:41:46:422] info: Store: UPDATE_SESSION_STATUS
{
  "hasValidSession": true,
  "teamId": "T4HEMM0UR"
}
[05/10/18, 20:41:46:656] info: Store: SELECT_CHANNEL G7GGG2GPN
[05/10/18, 20:41:46:930] info: Store: UPDATE_TEAM_LOCALE
{
  "locale": "ja-JP"
}
[05/10/18, 20:41:47:013] info: Store: UPDATE_TEAM_ICONS
{
  "icons": {
    "image_102": "https://slack-files2.s3-us-west-2.amazonaws.com/avatars/2017-03-15/154610708258_f98e05c23845866960a5_102.png",
    "image_132": "https://slack-files2.s3-us-west-2.amazonaws.com/avatars/2017-03-15/154610708258_f98e05c23845866960a5_132.png",
    "image_230": "https://slack-files2.s3-us-west-2.amazonaws.com/avatars/2017-03-15/154610708258_f98e05c23845866960a5_230.png",
    "image_34": "https://slack-files2.s3-us-west-2.amazonaws.com/avatars/2017-03-15/154610708258_f98e05c23845866960a5_34.png",
    "image_44": "https://slack-files2.s3-us-west-2.amazonaws.com/avatars/2017-03-15/154610708258_f98e05c23845866960a5_44.png",
    "image_68": "https://slack-files2.s3-us-west-2.amazonaws.com/avatars/2017-03-15/154610708258_f98e05c23845866960a5_68.png",
    "image_88": "https://slack-files2.s3-us-west-2.amazonaws.com/avatars/2017-03-15/154610708258_f98e05c23845866960a5_88.png",
    "image_original": "https://slack-files2.s3-us-west-2.amazonaws.com/avatars/2017-03-15/154610708258_f98e05c23845866960a5_original.png"
  },
  "teamId": "T4HEMM0UR"
}
[05/10/18, 20:41:47:023] info: Store: UPDATE_TEAM_ICONS
{
  "icons": {
    "image_102": "https://slack-files2.s3-us-west-2.amazonaws.com/avatars/2015-12-19/17054493216_07addcfb3fb1718cbba4_102.png",
    "image_132": "https://slack-files2.s3-us-west-2.amazonaws.com/avatars/2015-12-19/17054493216_07addcfb3fb1718cbba4_132.png",
    "image_230": "https://slack-files2.s3-us-west-2.amazonaws.com/avatars/2015-12-19/17054493216_07addcfb3fb1718cbba4_132.png",
    "image_34": "https://slack-files2.s3-us-west-2.amazonaws.com/avatars/2015-12-19/17054493216_07addcfb3fb1718cbba4_34.png",
    "image_44": "https://slack-files2.s3-us-west-2.amazonaws.com/avatars/2015-12-19/17054493216_07addcfb3fb1718cbba4_44.png",
    "image_68": "https://slack-files2.s3-us-west-2.amazonaws.com/avatars/2015-12-19/17054493216_07addcfb3fb1718cbba4_68.png",
    "image_88": "https://slack-files2.s3-us-west-2.amazonaws.com/avatars/2015-12-19/17054493216_07addcfb3fb1718cbba4_88.png",
    "image_original": "https://slack-files2.s3-us-west-2.amazonaws.com/avatars/2015-12-19/17054493216_07addcfb3fb1718cbba4_original.png"
  },
  "teamId": "T0GFBAM8C"
}
[05/10/18, 20:41:47:026] info: Store: UPDATE_TEAM_THEME
{
  "teamId": "T0GFBAM8C",
  "theme": {
    "active_item": "#4C9689",
    "active_item_text": "#FFFFFF",
    "active_presence": "#38978D",
    "badge": "#EB4D5C",
    "column_bg": "#4D394B",
    "hover_item": "#3E313C",
    "menu_bg": "#3E313C",
    "text_color": "#FFFFFF"
  }
}
[05/10/18, 20:41:47:098] info: Store: UPSERT_WEB_CONTENTS
{
  "id": 6,
  "state": "loaded",
  "teamId": "T5LFW0CUB"
}
[05/10/18, 20:41:47:332] info: Store: UPDATE_TEAM_LOCALE
{
  "locale": "ja-JP"
}
[05/10/18, 20:41:47:340] info: Store: UPSERT_WEB_CONTENTS
{
  "id": 6,
  "state": "webapp-loaded",
  "teamId": "T5LFW0CUB"
}
[05/10/18, 20:41:47:423] info: Store: STORE_API_TOKEN
{
  "teamId": "T5LFW0CUB",
  "token": "xoxs-⋯"
}
[05/10/18, 20:41:47:519] info: Store: UPDATE_SESSION_STATUS
{
  "hasValidSession": true,
  "teamId": "T5LFW0CUB"
}
[05/10/18, 20:41:48:008] info: Store: UPDATE_TEAM_THEME
{
  "teamId": "T5LFW0CUB",
  "theme": {
    "active_item": "#4C9689",
    "active_item_text": "#FFFFFF",
    "active_presence": "#38978D",
    "badge": "#EB4D5C",
    "column_bg": "#4D394B",
    "hover_item": "#3E313C",
    "menu_bg": "#3E313C",
    "text_color": "#FFFFFF"
  }
}
[05/10/18, 20:41:48:026] info: Store: UPDATE_TEAM_ICONS
{
  "icons": {
    "image_102": "https://slack-files2.s3-us-west-2.amazonaws.com/avatars/2017-08-21/229801110004_7754c1684d8336d012c4_102.jpg",
    "image_132": "https://slack-files2.s3-us-west-2.amazonaws.com/avatars/2017-08-21/229801110004_7754c1684d8336d012c4_132.jpg",
    "image_230": "https://slack-files2.s3-us-west-2.amazonaws.com/avatars/2017-08-21/229801110004_7754c1684d8336d012c4_230.jpg",
    "image_34": "https://slack-files2.s3-us-west-2.amazonaws.com/avatars/2017-08-21/229801110004_7754c1684d8336d012c4_34.jpg",
    "image_44": "https://slack-files2.s3-us-west-2.amazonaws.com/avatars/2017-08-21/229801110004_7754c1684d8336d012c4_44.jpg",
    "image_68": "https://slack-files2.s3-us-west-2.amazonaws.com/avatars/2017-08-21/229801110004_7754c1684d8336d012c4_68.jpg",
    "image_88": "https://slack-files2.s3-us-west-2.amazonaws.com/avatars/2017-08-21/229801110004_7754c1684d8336d012c4_88.jpg",
    "image_original": "https://slack-files2.s3-us-west-2.amazonaws.com/avatars/2017-08-21/229801110004_7754c1684d8336d012c4_original.jpg"
  },
  "teamId": "T5LFW0CUB"
}
[05/10/18, 20:42:41:077] info: Store: NEW_NOTIFICATION
{
  "avatarImage": "https://ca.slack-edge.com/T5YEC6G73-U5Z2SMFB6-65b51f7cdf65-512",
  "channel": "C8Y1H7TEE",
  "content": "[REDACTED]",
  "id": "Jr2u8hL1mRD5lY",
  "imageUri": null,
  "launchUri": "slack://channel?id=C8Y1H7TEE&message=1525952561.000218&team=T5YEC6G73",
  "msg": "1525952561.000218",
  "silent": true,
  "subtitle": "",
  "teamId": "T5YEC6G73",
  "title": "[REDACTED]"
}
[05/10/18, 20:53:37:453] error: May-10 20:53:37.452 SOCKET-MANAGER (T4HEMM0UR) Closing socket because #4105: client went offline
[05/10/18, 21:55:03:053] info: Store: SET_NETWORK_STATUS offline
[05/10/18, 21:55:31:198] error: May-10 21:55:31.198 SOCKET-MANAGER (T4HEMM0UR) Closing socket because we spent 30000 ms in wait_for_connectivity state; giving up
[05/10/18, 21:56:03:198] error: May-10 21:56:03.197 SOCKET-MANAGER (T4HEMM0UR) Closing socket because we spent 30000 ms in wait_for_connectivity state; giving up
[05/10/18, 21:56:35:198] error: May-10 21:56:35.198 SOCKET-MANAGER (T4HEMM0UR) Closing socket because we spent 30000 ms in wait_for_connectivity state; giving up
[05/10/18, 21:57:07:198] error: May-10 21:57:07.198 SOCKET-MANAGER (T4HEMM0UR) Closing socket because we spent 30000 ms in wait_for_connectivity state; giving up
[05/10/18, 21:58:12:199] error: May-10 21:58:12.199 SOCKET-MANAGER (T4HEMM0UR) Closing socket because we spent 30000 ms in wait_for_connectivity state; giving up
[05/10/18, 21:58:44:199] error: May-10 21:58:44.199 SOCKET-MANAGER (T4HEMM0UR) Closing socket because we spent 30000 ms in wait_for_connectivity state; giving up
[05/10/18, 21:59:48:198] error: May-10 21:59:48.198 SOCKET-MANAGER (T4HEMM0UR) Closing socket because we spent 30000 ms in wait_for_connectivity state; giving up
[05/10/18, 22:00:20:199] error: May-10 22:00:20.198 SOCKET-MANAGER (T4HEMM0UR) Closing socket because we spent 30000 ms in wait_for_connectivity state; giving up
[05/10/18, 22:01:17:199] error: May-10 22:01:17.198 SOCKET-MANAGER (T4HEMM0UR) Closing socket because we spent 30000 ms in wait_for_connectivity state; giving up
[05/10/18, 22:01:49:199] error: May-10 22:01:49.198 SOCKET-MANAGER (T4HEMM0UR) Closing socket because we spent 30000 ms in wait_for_connectivity state; giving up
[05/10/18, 22:02:37:199] error: May-10 22:02:37.198 SOCKET-MANAGER (T4HEMM0UR) Closing socket because we spent 30000 ms in wait_for_connectivity state; giving up
[05/10/18, 22:03:09:198] error: May-10 22:03:09.198 SOCKET-MANAGER (T4HEMM0UR) Closing socket because we spent 30000 ms in wait_for_connectivity state; giving up
[05/10/18, 22:04:11:199] error: May-10 22:04:11.199 SOCKET-MANAGER (T4HEMM0UR) Closing socket because we spent 30000 ms in wait_for_connectivity state; giving up
[05/10/18, 22:04:43:199] error: May-10 22:04:43.198 SOCKET-MANAGER (T4HEMM0UR) Closing socket because we spent 30000 ms in wait_for_connectivity state; giving up
[05/10/18, 22:05:29:199] error: May-10 22:05:29.198 SOCKET-MANAGER (T4HEMM0UR) Closing socket because we spent 30000 ms in wait_for_connectivity state; giving up
