[05/07/18, 21:15:52:371] info: ╔════════════════════════════════════════════════════════════════════════════╗
[05/07/18, 21:15:52:372] info: ║      Slack 3.1.1, linux 4.16.6-1-zen on x64 at 05/07/18, 21:15:52:367      ║
[05/07/18, 21:15:52:372] info: ╚════════════════════════════════════════════════════════════════════════════╝
[05/07/18, 21:15:52:585] info: Initializing local storage instance at path: /home/nitoli/.config/Slack/local-settings.json
[05/07/18, 21:15:53:426] error: Calls failed to load, bailing
[05/07/18, 21:15:53:428] info: cld3::loadModule: loading cld3 module
[05/07/18, 21:15:53:497] info: cld3Loader::loadModule: running environment is NODE
[05/07/18, 21:15:53:497] info: cld3Loader::loadModule: constructed module object for runtime
[05/07/18, 21:15:54:221] info: cld3Loader::initializeRuntime: successfully initialized module
[05/07/18, 21:15:54:222] info: cld3Loader::loadModule: initialized wasm binary Runtime
[05/07/18, 21:15:54:229] warn: updateSpellcheckerLanguage: Tried to update language, but spellchecker not initialized
[05/07/18, 21:15:54:230] info: SSBIntegration: Main window preload script loaded 2747.648323
[05/07/18, 21:15:54:263] info: Store: UPSERT_WEB_CONTENTS
{
  "id": 3,
  "state": "loaded",
  "teamId": "T5YEC6G73"
}
[05/07/18, 21:15:54:290] info: Store: UPSERT_WEB_CONTENTS
{
  "id": 3,
  "state": "empty-page",
  "teamId": "T5YEC6G73"
}
[05/07/18, 21:15:54:307] info: Store: UPSERT_WEB_CONTENTS
{
  "id": 4,
  "state": "loaded",
  "teamId": "T02R0MMHK"
}
[05/07/18, 21:15:54:317] info: Store: UPSERT_WEB_CONTENTS
{
  "id": 3,
  "state": "page-will-navigate",
  "teamId": "T5YEC6G73"
}
[05/07/18, 21:15:54:333] info: Window is unloading, winssb is no longer accessible
[05/07/18, 21:15:54:366] info: Store: UPSERT_WEB_CONTENTS
{
  "id": 4,
  "state": "empty-page",
  "teamId": "T02R0MMHK"
}
[05/07/18, 21:15:54:380] info: Store: UPSERT_WEB_CONTENTS
{
  "id": 4,
  "state": "page-will-navigate",
  "teamId": "T02R0MMHK"
}
[05/07/18, 21:15:54:713] info: Store: UPSERT_WEB_CONTENTS
{
  "id": 5,
  "state": "loaded",
  "teamId": "T4HEMM0UR"
}
[05/07/18, 21:15:54:733] info: Store: UPSERT_WEB_CONTENTS
{
  "id": 5,
  "state": "empty-page",
  "teamId": "T4HEMM0UR"
}
[05/07/18, 21:15:54:750] info: Store: UPSERT_WEB_CONTENTS
{
  "id": 5,
  "state": "page-will-navigate",
  "teamId": "T4HEMM0UR"
}
[05/07/18, 21:15:54:772] info: Store: UPSERT_WEB_CONTENTS
{
  "id": 7,
  "state": "loaded",
  "teamId": "T0GFBAM8C"
}
[05/07/18, 21:15:54:799] info: Store: UPSERT_WEB_CONTENTS
{
  "id": 7,
  "state": "empty-page",
  "teamId": "T0GFBAM8C"
}
[05/07/18, 21:15:54:807] info: Store: UPSERT_WEB_CONTENTS
{
  "id": 7,
  "state": "page-will-navigate",
  "teamId": "T0GFBAM8C"
}
[05/07/18, 21:15:54:827] info: Store: UPSERT_WEB_CONTENTS
{
  "id": 6,
  "state": "loaded",
  "teamId": "T5LFW0CUB"
}
