[05/02/18, 13:21:02:519] info: ╔════════════════════════════════════════════════════════════════════════════╗
[05/02/18, 13:21:02:520] info: ║      Slack 3.1.1, linux 4.16.5-1-zen on x64 at 05/02/18, 13:21:02:515      ║
[05/02/18, 13:21:02:520] info: ╚════════════════════════════════════════════════════════════════════════════╝
[05/02/18, 13:21:02:639] info: Initializing local storage instance at path: /home/nitoli/.config/Slack/local-settings.json
[05/02/18, 13:21:03:158] error: Calls failed to load, bailing
[05/02/18, 13:21:03:161] info: cld3::loadModule: loading cld3 module
[05/02/18, 13:21:03:196] info: cld3Loader::loadModule: running environment is NODE
[05/02/18, 13:21:03:196] info: cld3Loader::loadModule: constructed module object for runtime
[05/02/18, 13:21:03:736] info: cld3Loader::initializeRuntime: successfully initialized module
[05/02/18, 13:21:03:736] info: cld3Loader::loadModule: initialized wasm binary Runtime
[05/02/18, 13:21:03:769] warn: updateSpellcheckerLanguage: Tried to update language, but spellchecker not initialized
[05/02/18, 13:21:03:770] info: SSBIntegration: Main window preload script loaded 1874.875276
[05/02/18, 13:21:03:782] info: Store: UPSERT_WEB_CONTENTS
{
  "id": 3,
  "state": "loaded",
  "teamId": "T02R0MMHK"
}
[05/02/18, 13:21:03:785] info: Store: UPSERT_WEB_CONTENTS
{
  "id": 3,
  "state": "empty-page",
  "teamId": "T02R0MMHK"
}
[05/02/18, 13:21:03:786] info: Store: UPSERT_WEB_CONTENTS
{
  "id": 3,
  "state": "page-will-navigate",
  "teamId": "T02R0MMHK"
}
[05/02/18, 13:21:03:786] info: Store: UPSERT_WEB_CONTENTS
{
  "id": 5,
  "state": "loaded",
  "teamId": "T4HEMM0UR"
}
[05/02/18, 13:21:03:788] info: Store: UPSERT_WEB_CONTENTS
{
  "id": 5,
  "state": "empty-page",
  "teamId": "T4HEMM0UR"
}
[05/02/18, 13:21:03:793] info: Store: UPSERT_WEB_CONTENTS
{
  "id": 5,
  "state": "page-will-navigate",
  "teamId": "T4HEMM0UR"
}
[05/02/18, 13:21:03:793] info: Store: UPSERT_WEB_CONTENTS
{
  "id": 4,
  "state": "loaded",
  "teamId": "T5YEC6G73"
}
[05/02/18, 13:21:03:800] info: Store: UPSERT_WEB_CONTENTS
{
  "id": 4,
  "state": "empty-page",
  "teamId": "T5YEC6G73"
}
[05/02/18, 13:21:03:807] info: Store: UPSERT_WEB_CONTENTS
{
  "id": 4,
  "state": "page-will-navigate",
  "teamId": "T5YEC6G73"
}
[05/02/18, 13:21:03:812] info: Window is unloading, winssb is no longer accessible
