[05/07/18, 14:43:45:890] info: ╔════════════════════════════════════════════════════════════════════════════╗
[05/07/18, 14:43:45:891] info: ║      Slack 3.1.1, linux 4.16.6-1-zen on x64 at 05/07/18, 14:43:45:886      ║
[05/07/18, 14:43:45:891] info: ╚════════════════════════════════════════════════════════════════════════════╝
[05/07/18, 14:43:46:019] info: Initializing local storage instance at path: /home/nitoli/.config/Slack/local-settings.json
[05/07/18, 14:43:46:693] error: Calls failed to load, bailing
[05/07/18, 14:43:46:695] info: cld3::loadModule: loading cld3 module
[05/07/18, 14:43:46:760] info: cld3Loader::loadModule: running environment is NODE
[05/07/18, 14:43:46:760] info: cld3Loader::loadModule: constructed module object for runtime
[05/07/18, 14:43:47:313] info: cld3Loader::initializeRuntime: successfully initialized module
[05/07/18, 14:43:47:313] info: cld3Loader::loadModule: initialized wasm binary Runtime
[05/07/18, 14:43:47:322] warn: updateSpellcheckerLanguage: Tried to update language, but spellchecker not initialized
[05/07/18, 14:43:47:323] info: SSBIntegration: Main window preload script loaded 2262.247407
[05/07/18, 14:43:47:332] info: Store: UPDATE_SESSION_STATUS
{
  "hasValidSession": null,
  "teamId": "T0GFBAM8C"
}
[05/07/18, 14:43:47:334] info: Store: UPDATE_SESSION_STATUS
{
  "hasValidSession": null,
  "teamId": "T02R0MMHK"
}
[05/07/18, 14:43:47:334] info: Store: UPDATE_SESSION_STATUS
{
  "hasValidSession": null,
  "teamId": "T5LFW0CUB"
}
[05/07/18, 14:43:47:335] info: Store: UPDATE_SESSION_STATUS
{
  "hasValidSession": null,
  "teamId": "T5YEC6G73"
}
[05/07/18, 14:43:47:335] info: Store: UPDATE_SESSION_STATUS
{
  "hasValidSession": null,
  "teamId": "T4HEMM0UR"
}
[05/07/18, 14:43:47:335] info: Store: SET_NETWORK_STATUS online
[05/07/18, 14:43:47:336] info: Store: MAIN_WINDOW_SHOWN
[05/07/18, 14:43:47:337] info: Store: UPSERT_WEB_CONTENTS
{
  "id": 3,
  "state": "loaded",
  "teamId": "T5YEC6G73"
}
[05/07/18, 14:43:47:339] info: Store: UPSERT_WEB_CONTENTS
{
  "id": 3,
  "state": "empty-page",
  "teamId": "T5YEC6G73"
}
[05/07/18, 14:43:47:340] info: Store: UPSERT_WEB_CONTENTS
{
  "id": 3,
  "state": "page-will-navigate",
  "teamId": "T5YEC6G73"
}
[05/07/18, 14:43:47:345] info: Store: UPSERT_WEB_CONTENTS
{
  "id": 7,
  "state": "loaded",
  "teamId": "T0GFBAM8C"
}
[05/07/18, 14:43:47:348] info: Store: UPSERT_WEB_CONTENTS
{
  "id": 7,
  "state": "empty-page",
  "teamId": "T0GFBAM8C"
}
[05/07/18, 14:43:47:365] info: Store: UPSERT_WEB_CONTENTS
{
  "id": 5,
  "state": "loaded",
  "teamId": "T4HEMM0UR"
}
[05/07/18, 14:43:47:371] info: Store: UPSERT_WEB_CONTENTS
{
  "id": 7,
  "state": "page-will-navigate",
  "teamId": "T0GFBAM8C"
}
[05/07/18, 14:43:47:379] info: Window is unloading, winssb is no longer accessible
[05/07/18, 14:43:47:383] info: Store: UPSERT_WEB_CONTENTS
{
  "id": 5,
  "state": "empty-page",
  "teamId": "T4HEMM0UR"
}
[05/07/18, 14:43:47:390] info: Store: UPSERT_WEB_CONTENTS
{
  "id": 5,
  "state": "page-will-navigate",
  "teamId": "T4HEMM0UR"
}
[05/07/18, 14:43:47:398] info: Store: UPSERT_WEB_CONTENTS
{
  "id": 6,
  "state": "loaded",
  "teamId": "T5LFW0CUB"
}
[05/07/18, 14:43:47:445] info: Store: UPSERT_WEB_CONTENTS
{
  "id": 6,
  "state": "empty-page",
  "teamId": "T5LFW0CUB"
}
[05/07/18, 14:43:47:459] info: Store: UPSERT_WEB_CONTENTS
{
  "id": 6,
  "state": "page-will-navigate",
  "teamId": "T5LFW0CUB"
}
[05/07/18, 14:43:47:566] info: Store: UPSERT_WEB_CONTENTS
{
  "id": 4,
  "state": "loaded",
  "teamId": "T02R0MMHK"
}
[05/07/18, 14:43:47:577] info: Store: UPSERT_WEB_CONTENTS
{
  "id": 4,
  "state": "empty-page",
  "teamId": "T02R0MMHK"
}
[05/07/18, 14:43:47:580] info: Store: UPSERT_WEB_CONTENTS
{
  "id": 4,
  "state": "page-will-navigate",
  "teamId": "T02R0MMHK"
}
[05/07/18, 14:43:47:619] info: Store: UPDATE_SESSION_STATUS
{
  "hasValidSession": true,
  "teamId": "T5YEC6G73"
}
[05/07/18, 14:43:47:695] info: Store: UPDATE_SESSION_STATUS
{
  "hasValidSession": true,
  "teamId": "T0GFBAM8C"
}
[05/07/18, 14:43:47:714] info: Store: UPDATE_SESSION_STATUS
{
  "hasValidSession": true,
  "teamId": "T4HEMM0UR"
}
[05/07/18, 14:43:47:789] info: Store: UPDATE_SESSION_STATUS
{
  "hasValidSession": true,
  "teamId": "T5LFW0CUB"
}
[05/07/18, 14:43:47:917] info: Store: UPDATE_SESSION_STATUS
{
  "hasValidSession": true,
  "teamId": "T02R0MMHK"
}
