[05/08/18, 20:46:07:386] info: ╔════════════════════════════════════════════════════════════════════════════╗
[05/08/18, 20:46:07:387] info: ║      Slack 3.1.1, linux 4.16.7-1-zen on x64 at 05/08/18, 20:46:07:378      ║
[05/08/18, 20:46:07:387] info: ╚════════════════════════════════════════════════════════════════════════════╝
[05/08/18, 20:46:07:691] info: Initializing local storage instance at path: /home/nitoli/.config/Slack/local-settings.json
[05/08/18, 20:46:08:804] error: Calls failed to load, bailing
[05/08/18, 20:46:08:810] info: cld3::loadModule: loading cld3 module
[05/08/18, 20:46:08:887] info: cld3Loader::loadModule: running environment is NODE
[05/08/18, 20:46:08:887] info: cld3Loader::loadModule: constructed module object for runtime
[05/08/18, 20:46:09:638] info: cld3Loader::initializeRuntime: successfully initialized module
[05/08/18, 20:46:09:639] info: cld3Loader::loadModule: initialized wasm binary Runtime
[05/08/18, 20:46:09:651] warn: updateSpellcheckerLanguage: Tried to update language, but spellchecker not initialized
[05/08/18, 20:46:09:653] info: SSBIntegration: Main window preload script loaded 3204.35622
[05/08/18, 20:46:09:674] info: Store: UPSERT_WEB_CONTENTS
{
  "id": 4,
  "state": "loaded",
  "teamId": "T5YEC6G73"
}
[05/08/18, 20:46:09:679] info: Store: UPSERT_WEB_CONTENTS
{
  "id": 4,
  "state": "empty-page",
  "teamId": "T5YEC6G73"
}
[05/08/18, 20:46:09:682] info: Store: UPSERT_WEB_CONTENTS
{
  "id": 4,
  "state": "page-will-navigate",
  "teamId": "T5YEC6G73"
}
[05/08/18, 20:46:09:682] info: Store: UPSERT_WEB_CONTENTS
{
  "id": 7,
  "state": "loaded",
  "teamId": "T0GFBAM8C"
}
[05/08/18, 20:46:09:684] info: Store: UPSERT_WEB_CONTENTS
{
  "id": 7,
  "state": "empty-page",
  "teamId": "T0GFBAM8C"
}
[05/08/18, 20:46:09:684] info: Store: UPSERT_WEB_CONTENTS
{
  "id": 7,
  "state": "page-will-navigate",
  "teamId": "T0GFBAM8C"
}
[05/08/18, 20:46:09:689] info: Store: UPSERT_WEB_CONTENTS
{
  "id": 5,
  "state": "loaded",
  "teamId": "T4HEMM0UR"
}
[05/08/18, 20:46:09:689] info: Store: UPSERT_WEB_CONTENTS
{
  "id": 5,
  "state": "empty-page",
  "teamId": "T4HEMM0UR"
}
[05/08/18, 20:46:09:699] info: Store: UPSERT_WEB_CONTENTS
{
  "id": 3,
  "state": "loaded",
  "teamId": "T02R0MMHK"
}
[05/08/18, 20:46:09:702] info: Store: UPSERT_WEB_CONTENTS
{
  "id": 5,
  "state": "page-will-navigate",
  "teamId": "T4HEMM0UR"
}
[05/08/18, 20:46:09:703] info: Store: UPSERT_WEB_CONTENTS
{
  "id": 3,
  "state": "empty-page",
  "teamId": "T02R0MMHK"
}
[05/08/18, 20:46:09:707] info: Store: UPSERT_WEB_CONTENTS
{
  "id": 6,
  "state": "loaded",
  "teamId": "T5LFW0CUB"
}
[05/08/18, 20:46:09:711] info: Store: UPSERT_WEB_CONTENTS
{
  "id": 3,
  "state": "page-will-navigate",
  "teamId": "T02R0MMHK"
}
[05/08/18, 20:46:09:714] info: Window is unloading, winssb is no longer accessible
[05/08/18, 20:46:09:734] info: Store: UPSERT_WEB_CONTENTS
{
  "id": 6,
  "state": "empty-page",
  "teamId": "T5LFW0CUB"
}
[05/08/18, 20:46:09:740] info: Store: UPSERT_WEB_CONTENTS
{
  "id": 6,
  "state": "page-will-navigate",
  "teamId": "T5LFW0CUB"
}
[05/08/18, 20:46:09:816] info: Store: SET_NETWORK_STATUS offline
[05/08/18, 20:46:10:237] info: Store: UPDATE_SESSION_STATUS
{
  "hasValidSession": true,
  "teamId": "T5YEC6G73"
}
[05/08/18, 20:46:10:249] info: Store: UPDATE_SESSION_STATUS
{
  "hasValidSession": true,
  "teamId": "T0GFBAM8C"
}
[05/08/18, 20:46:10:273] info: Store: UPDATE_SESSION_STATUS
{
  "hasValidSession": true,
  "teamId": "T5LFW0CUB"
}
[05/08/18, 20:46:10:522] info: Store: SET_NETWORK_STATUS online
[05/08/18, 20:46:10:532] info: Store: MAIN_WINDOW_SHOWN
[05/08/18, 20:46:10:726] info: Store: UPDATE_SESSION_STATUS
{
  "hasValidSession": true,
  "teamId": "T02R0MMHK"
}
[05/08/18, 20:46:10:774] info: Store: UPDATE_SESSION_STATUS
{
  "hasValidSession": true,
  "teamId": "T4HEMM0UR"
}
