[05/07/18, 19:25:43:279] info: ╔════════════════════════════════════════════════════════════════════════════╗
[05/07/18, 19:25:43:280] info: ║      Slack 3.1.1, linux 4.16.6-1-zen on x64 at 05/07/18, 19:25:43:266      ║
[05/07/18, 19:25:43:280] info: ╚════════════════════════════════════════════════════════════════════════════╝
[05/07/18, 19:25:43:544] info: Initializing local storage instance at path: /home/nitoli/.config/Slack/local-settings.json
[05/07/18, 19:25:44:296] error: Calls failed to load, bailing
[05/07/18, 19:25:44:304] info: cld3::loadModule: loading cld3 module
[05/07/18, 19:25:44:363] info: cld3Loader::loadModule: running environment is NODE
[05/07/18, 19:25:44:364] info: cld3Loader::loadModule: constructed module object for runtime
[05/07/18, 19:25:45:198] info: cld3Loader::initializeRuntime: successfully initialized module
[05/07/18, 19:25:45:199] info: cld3Loader::loadModule: initialized wasm binary Runtime
[05/07/18, 19:25:45:206] warn: updateSpellcheckerLanguage: Tried to update language, but spellchecker not initialized
[05/07/18, 19:25:45:207] info: SSBIntegration: Main window preload script loaded 2802.063201
[05/07/18, 19:25:45:221] info: Store: SET_NETWORK_STATUS online
[05/07/18, 19:25:45:223] info: Store: UPSERT_WEB_CONTENTS
{
  "id": 7,
  "state": "loaded",
  "teamId": "T0GFBAM8C"
}
[05/07/18, 19:25:45:224] info: Store: UPSERT_WEB_CONTENTS
{
  "id": 7,
  "state": "empty-page",
  "teamId": "T0GFBAM8C"
}
[05/07/18, 19:25:45:225] info: Store: UPSERT_WEB_CONTENTS
{
  "id": 7,
  "state": "page-will-navigate",
  "teamId": "T0GFBAM8C"
}
[05/07/18, 19:25:45:225] info: Store: UPSERT_WEB_CONTENTS
{
  "id": 4,
  "state": "loaded",
  "teamId": "T02R0MMHK"
}
[05/07/18, 19:25:45:226] info: Store: UPSERT_WEB_CONTENTS
{
  "id": 4,
  "state": "empty-page",
  "teamId": "T02R0MMHK"
}
[05/07/18, 19:25:45:226] info: Store: UPSERT_WEB_CONTENTS
{
  "id": 4,
  "state": "page-will-navigate",
  "teamId": "T02R0MMHK"
}
[05/07/18, 19:25:45:227] info: Store: UPSERT_WEB_CONTENTS
{
  "id": 3,
  "state": "loaded",
  "teamId": "T5YEC6G73"
}
[05/07/18, 19:25:45:228] info: Store: MAIN_WINDOW_SHOWN
[05/07/18, 19:25:45:247] info: Store: UPSERT_WEB_CONTENTS
{
  "id": 6,
  "state": "loaded",
  "teamId": "T5LFW0CUB"
}
[05/07/18, 19:25:45:272] info: Store: UPSERT_WEB_CONTENTS
{
  "id": 3,
  "state": "empty-page",
  "teamId": "T5YEC6G73"
}
[05/07/18, 19:25:45:277] info: Store: UPSERT_WEB_CONTENTS
{
  "id": 6,
  "state": "empty-page",
  "teamId": "T5LFW0CUB"
}
[05/07/18, 19:25:45:278] info: Store: UPSERT_WEB_CONTENTS
{
  "id": 3,
  "state": "page-will-navigate",
  "teamId": "T5YEC6G73"
}
[05/07/18, 19:25:45:293] info: Store: UPSERT_WEB_CONTENTS
{
  "id": 6,
  "state": "page-will-navigate",
  "teamId": "T5LFW0CUB"
}
[05/07/18, 19:25:45:301] info: Window is unloading, winssb is no longer accessible
[05/07/18, 19:25:45:377] info: Store: UPDATE_SESSION_STATUS
{
  "hasValidSession": true,
  "teamId": "T0GFBAM8C"
}
[05/07/18, 19:25:45:531] info: Store: UPDATE_SESSION_STATUS
{
  "hasValidSession": true,
  "teamId": "T02R0MMHK"
}
[05/07/18, 19:25:45:622] info: Store: UPDATE_SESSION_STATUS
{
  "hasValidSession": true,
  "teamId": "T5YEC6G73"
}
[05/07/18, 19:25:45:646] info: Store: UPDATE_SESSION_STATUS
{
  "hasValidSession": true,
  "teamId": "T5LFW0CUB"
}
