[04/24/18, 15:22:59:542] info: ╔════════════════════════════════════════════════════════════════════════════╗
[04/24/18, 15:22:59:543] info: ║      Slack 3.1.1, linux 4.16.3-1-zen on x64 at 04/24/18, 15:22:59:528      ║
[04/24/18, 15:22:59:543] info: ╚════════════════════════════════════════════════════════════════════════════╝
[04/24/18, 15:22:59:772] info: Initializing local storage instance at path: /home/nitoli/.config/Slack/local-settings.json
[04/24/18, 15:23:00:789] error: Calls failed to load, bailing
[04/24/18, 15:23:00:803] info: cld3::loadModule: loading cld3 module
[04/24/18, 15:23:00:882] info: cld3Loader::loadModule: running environment is NODE
[04/24/18, 15:23:00:883] info: cld3Loader::loadModule: constructed module object for runtime
[04/24/18, 15:23:01:721] info: cld3Loader::initializeRuntime: successfully initialized module
[04/24/18, 15:23:01:721] info: cld3Loader::loadModule: initialized wasm binary Runtime
[04/24/18, 15:23:01:751] warn: updateSpellcheckerLanguage: Tried to update language, but spellchecker not initialized
[04/24/18, 15:23:01:752] info: SSBIntegration: Main window preload script loaded 3331.99529
[04/24/18, 15:23:01:789] info: Store: UPSERT_WEB_CONTENTS
{
  "id": 5,
  "state": "loaded",
  "teamId": "T4HEMM0UR"
}
[04/24/18, 15:23:01:792] info: Store: UPSERT_WEB_CONTENTS
{
  "id": 5,
  "state": "empty-page",
  "teamId": "T4HEMM0UR"
}
[04/24/18, 15:23:01:793] info: Store: UPSERT_WEB_CONTENTS
{
  "id": 5,
  "state": "page-will-navigate",
  "teamId": "T4HEMM0UR"
}
[04/24/18, 15:23:01:798] info: Store: UPSERT_WEB_CONTENTS
{
  "id": 4,
  "state": "loaded",
  "teamId": "T5YEC6G73"
}
[04/24/18, 15:23:01:834] info: Store: UPSERT_WEB_CONTENTS
{
  "id": 4,
  "state": "empty-page",
  "teamId": "T5YEC6G73"
}
[04/24/18, 15:23:01:838] info: Store: UPSERT_WEB_CONTENTS
{
  "id": 4,
  "state": "page-will-navigate",
  "teamId": "T5YEC6G73"
}
[04/24/18, 15:23:01:843] info: Window is unloading, winssb is no longer accessible
[04/24/18, 15:23:01:917] info: Store: UPSERT_WEB_CONTENTS
{
  "id": 3,
  "state": "loaded",
  "teamId": "T02R0MMHK"
}
[04/24/18, 15:23:01:938] info: Store: UPSERT_WEB_CONTENTS
{
  "id": 3,
  "state": "empty-page",
  "teamId": "T02R0MMHK"
}
[04/24/18, 15:23:01:946] info: Store: UPSERT_WEB_CONTENTS
{
  "id": 3,
  "state": "page-will-navigate",
  "teamId": "T02R0MMHK"
}
[04/24/18, 23:09:57:938] info: ╔════════════════════════════════════════════════════════════════════════════╗
[04/24/18, 23:09:57:939] info: ║      Slack 3.1.1, linux 4.16.3-1-zen on x64 at 04/24/18, 23:09:57:922      ║
[04/24/18, 23:09:57:939] info: ╚════════════════════════════════════════════════════════════════════════════╝
[04/24/18, 23:09:58:168] info: Initializing local storage instance at path: /home/nitoli/.config/Slack/local-settings.json
[04/24/18, 23:09:59:039] error: Calls failed to load, bailing
[04/24/18, 23:09:59:050] info: cld3::loadModule: loading cld3 module
[04/24/18, 23:09:59:153] info: cld3Loader::loadModule: running environment is NODE
[04/24/18, 23:09:59:160] info: cld3Loader::loadModule: constructed module object for runtime
[04/24/18, 23:09:59:816] info: cld3Loader::initializeRuntime: successfully initialized module
[04/24/18, 23:09:59:816] info: cld3Loader::loadModule: initialized wasm binary Runtime
[04/24/18, 23:09:59:834] warn: updateSpellcheckerLanguage: Tried to update language, but spellchecker not initialized
[04/24/18, 23:09:59:835] info: SSBIntegration: Main window preload script loaded 3011.146332
[04/24/18, 23:09:59:845] info: Store: UPSERT_WEB_CONTENTS
{
  "id": 4,
  "state": "loaded",
  "teamId": "T02R0MMHK"
}
[04/24/18, 23:09:59:847] info: Store: UPSERT_WEB_CONTENTS
{
  "id": 4,
  "state": "empty-page",
  "teamId": "T02R0MMHK"
}
[04/24/18, 23:09:59:854] info: Store: UPSERT_WEB_CONTENTS
{
  "id": 5,
  "state": "loaded",
  "teamId": "T4HEMM0UR"
}
[04/24/18, 23:09:59:856] info: Store: UPSERT_WEB_CONTENTS
{
  "id": 4,
  "state": "page-will-navigate",
  "teamId": "T02R0MMHK"
}
[04/24/18, 23:09:59:859] info: Store: UPSERT_WEB_CONTENTS
{
  "id": 3,
  "state": "loaded",
  "teamId": "T5YEC6G73"
}
[04/24/18, 23:09:59:864] info: Store: UPSERT_WEB_CONTENTS
{
  "id": 5,
  "state": "empty-page",
  "teamId": "T4HEMM0UR"
}
[04/24/18, 23:09:59:868] info: Store: UPSERT_WEB_CONTENTS
{
  "id": 5,
  "state": "page-will-navigate",
  "teamId": "T4HEMM0UR"
}
[04/24/18, 23:09:59:874] info: Window is unloading, winssb is no longer accessible
[04/24/18, 23:09:59:876] info: Store: UPSERT_WEB_CONTENTS
{
  "id": 3,
  "state": "empty-page",
  "teamId": "T5YEC6G73"
}
[04/24/18, 23:09:59:897] info: Store: UPSERT_WEB_CONTENTS
{
  "id": 3,
  "state": "page-will-navigate",
  "teamId": "T5YEC6G73"
}
[04/24/18, 23:10:01:271] info: Store: SET_NETWORK_STATUS offline
[04/24/18, 23:10:01:790] info: Store: UPDATE_SESSION_STATUS
{
  "hasValidSession": true,
  "teamId": "T02R0MMHK"
}
[04/24/18, 23:10:01:822] info: Store: UPDATE_SESSION_STATUS
{
  "hasValidSession": true,
  "teamId": "T5YEC6G73"
}
[04/24/18, 23:10:01:994] info: Store: SET_NETWORK_STATUS online
[04/24/18, 23:10:02:010] info: Store: MAIN_WINDOW_SHOWN
[04/24/18, 23:10:02:031] info: Store: UPDATE_SESSION_STATUS
{
  "hasValidSession": true,
  "teamId": "T4HEMM0UR"
}
[04/25/18, 16:17:57:247] info: ╔════════════════════════════════════════════════════════════════════════════╗
[04/25/18, 16:17:57:248] info: ║      Slack 3.1.1, linux 4.16.3-1-zen on x64 at 04/25/18, 16:17:57:243      ║
[04/25/18, 16:17:57:249] info: ╚════════════════════════════════════════════════════════════════════════════╝
[04/25/18, 16:17:57:471] info: Initializing local storage instance at path: /home/nitoli/.config/Slack/local-settings.json
[04/25/18, 16:17:58:822] info: Store: UPSERT_WEB_CONTENTS
{
  "id": 4,
  "state": "loaded",
  "teamId": "T02R0MMHK"
}
[04/25/18, 16:17:58:829] info: Store: UPSERT_WEB_CONTENTS
{
  "id": 4,
  "state": "empty-page",
  "teamId": "T02R0MMHK"
}
[04/25/18, 16:17:58:830] info: Store: UPSERT_WEB_CONTENTS
{
  "id": 4,
  "state": "page-will-navigate",
  "teamId": "T02R0MMHK"
}
[04/25/18, 16:17:58:977] info: Store: UPSERT_WEB_CONTENTS
{
  "id": 5,
  "state": "loaded",
  "teamId": "T4HEMM0UR"
}
[04/25/18, 16:17:58:977] info: Store: UPSERT_WEB_CONTENTS
{
  "id": 5,
  "state": "empty-page",
  "teamId": "T4HEMM0UR"
}
[04/25/18, 16:17:58:978] info: Store: UPSERT_WEB_CONTENTS
{
  "id": 5,
  "state": "page-will-navigate",
  "teamId": "T4HEMM0UR"
}
[04/25/18, 16:17:58:997] info: Store: UPSERT_WEB_CONTENTS
{
  "id": 3,
  "state": "loaded",
  "teamId": "T5YEC6G73"
}
[04/25/18, 16:17:58:997] info: Store: UPSERT_WEB_CONTENTS
{
  "id": 3,
  "state": "empty-page",
  "teamId": "T5YEC6G73"
}
[04/25/18, 16:17:58:997] info: Store: UPSERT_WEB_CONTENTS
{
  "id": 3,
  "state": "page-will-navigate",
  "teamId": "T5YEC6G73"
}
[04/25/18, 16:17:59:039] info: Store: SET_NETWORK_STATUS offline
[04/25/18, 16:17:59:686] info: Store: SET_NETWORK_STATUS online
[04/25/18, 16:17:59:694] info: Store: MAIN_WINDOW_SHOWN
[04/25/18, 19:39:43:166] info: ╔════════════════════════════════════════════════════════════════════════════╗
[04/25/18, 19:39:43:167] info: ║      Slack 3.1.1, linux 4.16.3-1-zen on x64 at 04/25/18, 19:39:43:162      ║
[04/25/18, 19:39:43:167] info: ╚════════════════════════════════════════════════════════════════════════════╝
[04/25/18, 19:39:43:485] info: Initializing local storage instance at path: /home/nitoli/.config/Slack/local-settings.json
[04/25/18, 19:39:44:290] error: Calls failed to load, bailing
[04/25/18, 19:39:44:295] info: cld3::loadModule: loading cld3 module
[04/25/18, 19:39:44:353] info: cld3Loader::loadModule: running environment is NODE
[04/25/18, 19:39:44:353] info: cld3Loader::loadModule: constructed module object for runtime
[04/25/18, 19:39:45:111] info: cld3Loader::initializeRuntime: successfully initialized module
[04/25/18, 19:39:45:111] info: cld3Loader::loadModule: initialized wasm binary Runtime
[04/25/18, 19:39:45:118] warn: updateSpellcheckerLanguage: Tried to update language, but spellchecker not initialized
[04/25/18, 19:39:45:139] info: SSBIntegration: Main window preload script loaded 2993.80344
[04/25/18, 19:39:45:159] info: Store: UPSERT_WEB_CONTENTS
{
  "id": 4,
  "state": "loaded",
  "teamId": "T5YEC6G73"
}
[04/25/18, 19:39:45:203] info: Store: UPSERT_WEB_CONTENTS
{
  "id": 4,
  "state": "empty-page",
  "teamId": "T5YEC6G73"
}
[04/25/18, 19:39:45:250] info: Store: UPSERT_WEB_CONTENTS
{
  "id": 4,
  "state": "page-will-navigate",
  "teamId": "T5YEC6G73"
}
[04/25/18, 19:39:45:256] info: Window is unloading, winssb is no longer accessible
[04/25/18, 19:39:45:324] info: Store: UPSERT_WEB_CONTENTS
{
  "id": 3,
  "state": "loaded",
  "teamId": "T02R0MMHK"
}
[04/25/18, 19:39:45:344] info: Store: UPSERT_WEB_CONTENTS
{
  "id": 3,
  "state": "empty-page",
  "teamId": "T02R0MMHK"
}
[04/25/18, 19:39:45:360] info: Store: UPSERT_WEB_CONTENTS
{
  "id": 3,
  "state": "page-will-navigate",
  "teamId": "T02R0MMHK"
}
[04/25/18, 19:39:45:410] info: Store: UPSERT_WEB_CONTENTS
{
  "id": 5,
  "state": "loaded",
  "teamId": "T4HEMM0UR"
}
[04/25/18, 19:39:45:436] info: Store: UPSERT_WEB_CONTENTS
{
  "id": 5,
  "state": "empty-page",
  "teamId": "T4HEMM0UR"
}
[04/25/18, 19:39:45:438] info: Store: UPSERT_WEB_CONTENTS
{
  "id": 5,
  "state": "page-will-navigate",
  "teamId": "T4HEMM0UR"
}
[04/25/18, 19:39:45:577] info: Store: SET_NETWORK_STATUS offline
[04/25/18, 19:39:45:950] info: Store: UPDATE_SESSION_STATUS
{
  "hasValidSession": true,
  "teamId": "T02R0MMHK"
}
[04/25/18, 19:39:45:957] info: Store: UPDATE_SESSION_STATUS
{
  "hasValidSession": true,
  "teamId": "T5YEC6G73"
}
[04/25/18, 19:39:45:963] info: Store: UPDATE_SESSION_STATUS
{
  "hasValidSession": true,
  "teamId": "T4HEMM0UR"
}
[04/25/18, 19:39:46:287] info: Store: SET_NETWORK_STATUS online
[04/25/18, 19:39:46:294] info: Store: MAIN_WINDOW_SHOWN
[05/05/18, 11:14:59:697] info: ╔════════════════════════════════════════════════════════════════════════════╗
[05/05/18, 11:14:59:698] info: ║      Slack 3.1.1, linux 4.16.6-1-zen on x64 at 05/05/18, 11:14:59:678      ║
[05/05/18, 11:14:59:698] info: ╚════════════════════════════════════════════════════════════════════════════╝
[05/05/18, 11:14:59:901] info: Initializing local storage instance at path: /home/nitoli/.config/Slack/local-settings.json
[05/05/18, 11:15:01:104] error: Calls failed to load, bailing
[05/05/18, 11:15:01:106] info: cld3::loadModule: loading cld3 module
[05/05/18, 11:15:01:169] info: cld3Loader::loadModule: running environment is NODE
[05/05/18, 11:15:01:170] info: cld3Loader::loadModule: constructed module object for runtime
[05/05/18, 11:15:02:085] info: cld3Loader::initializeRuntime: successfully initialized module
[05/05/18, 11:15:02:086] info: cld3Loader::loadModule: initialized wasm binary Runtime
[05/05/18, 11:15:02:092] warn: updateSpellcheckerLanguage: Tried to update language, but spellchecker not initialized
[05/05/18, 11:15:02:092] info: TranslationLookup: locale set to ja-JP for renderer
[05/05/18, 11:15:02:094] info: SSBIntegration: Main window preload script loaded 3996.240317
[05/05/18, 11:15:02:111] info: Store: UPSERT_WEB_CONTENTS
{
  "id": 4,
  "state": "loaded",
  "teamId": "T5YEC6G73"
}
[05/05/18, 11:15:02:114] info: Store: UPSERT_WEB_CONTENTS
{
  "id": 4,
  "state": "empty-page",
  "teamId": "T5YEC6G73"
}
[05/05/18, 11:15:02:115] info: Store: UPSERT_WEB_CONTENTS
{
  "id": 4,
  "state": "page-will-navigate",
  "teamId": "T5YEC6G73"
}
[05/05/18, 11:15:02:118] info: Store: UPSERT_WEB_CONTENTS
{
  "id": 3,
  "state": "loaded",
  "teamId": "T5LFW0CUB"
}
[05/05/18, 11:15:02:131] info: Store: UPSERT_WEB_CONTENTS
{
  "id": 5,
  "state": "loaded",
  "teamId": "T02R0MMHK"
}
[05/05/18, 11:15:02:139] info: Store: UPSERT_WEB_CONTENTS
{
  "id": 3,
  "state": "empty-page",
  "teamId": "T5LFW0CUB"
}
[05/05/18, 11:15:02:147] info: Store: UPSERT_WEB_CONTENTS
{
  "id": 3,
  "state": "page-will-navigate",
  "teamId": "T5LFW0CUB"
}
[05/05/18, 11:15:02:148] info: Store: UPSERT_WEB_CONTENTS
{
  "id": 6,
  "state": "loaded",
  "teamId": "T4HEMM0UR"
}
[05/05/18, 11:15:02:170] info: Store: UPSERT_WEB_CONTENTS
{
  "id": 5,
  "state": "empty-page",
  "teamId": "T02R0MMHK"
}
[05/05/18, 11:15:02:193] info: Store: UPSERT_WEB_CONTENTS
{
  "id": 6,
  "state": "empty-page",
  "teamId": "T4HEMM0UR"
}
[05/05/18, 11:15:02:197] info: Store: UPSERT_WEB_CONTENTS
{
  "id": 5,
  "state": "page-will-navigate",
  "teamId": "T02R0MMHK"
}
[05/05/18, 11:15:02:210] info: Store: UPSERT_WEB_CONTENTS
{
  "id": 6,
  "state": "page-will-navigate",
  "teamId": "T4HEMM0UR"
}
[05/05/18, 11:15:02:220] info: Window is unloading, winssb is no longer accessible
[05/05/18, 11:15:02:312] info: Store: SET_NETWORK_STATUS offline
