[05/05/18, 12:51:20:180] info: ╔════════════════════════════════════════════════════════════════════════════╗
[05/05/18, 12:51:20:182] info: ║      Slack 3.1.1, linux 4.16.6-1-zen on x64 at 05/05/18, 12:51:20:176      ║
[05/05/18, 12:51:20:182] info: ╚════════════════════════════════════════════════════════════════════════════╝
[05/05/18, 12:51:20:344] info: Initializing local storage instance at path: /home/nitoli/.config/Slack/local-settings.json
[05/05/18, 12:51:21:066] error: Calls failed to load, bailing
[05/05/18, 12:51:21:068] info: cld3::loadModule: loading cld3 module
[05/05/18, 12:51:21:160] info: cld3Loader::loadModule: running environment is NODE
[05/05/18, 12:51:21:161] info: cld3Loader::loadModule: constructed module object for runtime
[05/05/18, 12:51:21:708] info: cld3Loader::initializeRuntime: successfully initialized module
[05/05/18, 12:51:21:708] info: cld3Loader::loadModule: initialized wasm binary Runtime
[05/05/18, 12:51:21:719] warn: updateSpellcheckerLanguage: Tried to update language, but spellchecker not initialized
[05/05/18, 12:51:21:719] info: TranslationLookup: locale set to ja-JP for renderer
[05/05/18, 12:51:21:720] info: SSBIntegration: Main window preload script loaded 2049.113884
[05/05/18, 12:51:26:666] info: Store: UPSERT_WEB_CONTENTS
{
  "id": 4,
  "state": "loaded",
  "teamId": "T5YEC6G73"
}
[05/05/18, 12:51:26:669] info: Store: UPDATE_SESSION_STATUS
{
  "hasValidSession": true,
  "teamId": "T5YEC6G73"
}
[05/05/18, 12:51:26:673] info: Store: SELECT_CHANNEL DAHC8TMSR
[05/05/18, 12:51:26:673] info: Store: UPDATE_TEAM_LOCALE
{
  "locale": "en-US"
}
[05/05/18, 12:51:26:674] info: Store: UPDATE_SETTINGS
{
  "locale": "ja-JP"
}
[05/05/18, 12:51:26:675] info: Store: SELECT_CHANNEL C8Y1H7TEE
[05/05/18, 12:51:26:675] info: Store: UPDATE_TEAM_LOCALE
{
  "locale": "en-US"
}
[05/05/18, 12:51:26:676] info: Store: UPSERT_WEB_CONTENTS
{
  "id": 5,
  "state": "loaded",
  "teamId": "T02R0MMHK"
}
[05/05/18, 12:51:26:676] info: Store: UPDATE_TEAM_ICONS
{
  "icons": {
    "image_102": "https://slack-files2.s3-us-west-2.amazonaws.com/avatars/2017-06-28/205110093367_6705e64b9b4a8299bd1f_102.png",
    "image_132": "https://slack-files2.s3-us-west-2.amazonaws.com/avatars/2017-06-28/205110093367_6705e64b9b4a8299bd1f_132.png",
    "image_230": "https://slack-files2.s3-us-west-2.amazonaws.com/avatars/2017-06-28/205110093367_6705e64b9b4a8299bd1f_230.png",
    "image_34": "https://slack-files2.s3-us-west-2.amazonaws.com/avatars/2017-06-28/205110093367_6705e64b9b4a8299bd1f_34.png",
    "image_44": "https://slack-files2.s3-us-west-2.amazonaws.com/avatars/2017-06-28/205110093367_6705e64b9b4a8299bd1f_44.png",
    "image_68": "https://slack-files2.s3-us-west-2.amazonaws.com/avatars/2017-06-28/205110093367_6705e64b9b4a8299bd1f_68.png",
    "image_88": "https://slack-files2.s3-us-west-2.amazonaws.com/avatars/2017-06-28/205110093367_6705e64b9b4a8299bd1f_88.png",
    "image_original": "https://slack-files2.s3-us-west-2.amazonaws.com/avatars/2017-06-28/205110093367_6705e64b9b4a8299bd1f_original.png"
  },
  "teamId": "T5YEC6G73"
}
[05/05/18, 12:51:26:842] info: Store: UPSERT_WEB_CONTENTS
{
  "id": 3,
  "state": "loaded",
  "teamId": "T0GFBAM8C"
}
[05/05/18, 12:51:26:843] info: Store: MAIN_WINDOW_SHOWN
[05/05/18, 12:51:29:850] info: postLoadTaskSetup: Desktop client fully loaded
{
  "loadedTime": 14026.635891
}
[05/05/18, 12:51:30:464] info: Store: UPDATE_SESSION_STATUS
{
  "hasValidSession": true,
  "teamId": "T02R0MMHK"
}
[05/05/18, 12:51:30:465] info: Store: UPDATE_TEAM_LOCALE
{
  "locale": "en-US",
  "teamId": "T5YEC6G73"
}
[05/05/18, 12:51:30:475] info: Store: UPSERT_WEB_CONTENTS
{
  "id": 4,
  "state": "webapp-loaded",
  "teamId": "T5YEC6G73"
}
[05/05/18, 12:51:30:476] info: Store: UPDATE_TEAM_LOCALE
{
  "locale": "en-US"
}
[05/05/18, 12:51:30:477] info: Store: UPSERT_WEB_CONTENTS
{
  "id": 5,
  "state": "webapp-loaded",
  "teamId": "T02R0MMHK"
}
[05/05/18, 12:51:30:478] info: Store: UPDATE_SESSION_STATUS
{
  "hasValidSession": true,
  "teamId": "T0GFBAM8C"
}
[05/05/18, 12:51:30:481] info: Store: STORE_API_TOKEN
{
  "teamId": "T5YEC6G73",
  "token": "xoxs-⋯"
}
[05/05/18, 12:51:30:482] info: Store: UPDATE_TEAM_THEME
{
  "teamId": "T5YEC6G73",
  "theme": {
    "active_item": "#4C9689",
    "active_item_text": "#FFFFFF",
    "active_presence": "#38978D",
    "badge": "#EB4D5C",
    "column_bg": "#4D394B",
    "hover_item": "#3E313C",
    "menu_bg": "#3E313C",
    "text_color": "#FFFFFF"
  }
}
[05/05/18, 12:51:30:483] info: Store: STORE_API_TOKEN
{
  "teamId": "T02R0MMHK",
  "token": "xoxs-⋯"
}
[05/05/18, 12:51:30:484] info: Store: UPDATE_TEAM_ICONS
{
  "icons": {
    "image_102": "https://slack-files2.s3-us-west-2.amazonaws.com/avatars/2015-01-14/3400695805_06e3ed8a8ae7228d7c54_102.jpg",
    "image_132": "https://slack-files2.s3-us-west-2.amazonaws.com/avatars/2015-01-14/3400695805_06e3ed8a8ae7228d7c54_132.jpg",
    "image_230": "https://slack-files2.s3-us-west-2.amazonaws.com/avatars/2015-01-14/3400695805_06e3ed8a8ae7228d7c54_132.jpg",
    "image_34": "https://slack-files2.s3-us-west-2.amazonaws.com/avatars/2015-01-14/3400695805_06e3ed8a8ae7228d7c54_34.jpg",
    "image_44": "https://slack-files2.s3-us-west-2.amazonaws.com/avatars/2015-01-14/3400695805_06e3ed8a8ae7228d7c54_44.jpg",
    "image_68": "https://slack-files2.s3-us-west-2.amazonaws.com/avatars/2015-01-14/3400695805_06e3ed8a8ae7228d7c54_68.jpg",
    "image_88": "https://slack-files2.s3-us-west-2.amazonaws.com/avatars/2015-01-14/3400695805_06e3ed8a8ae7228d7c54_88.jpg",
    "image_original": "https://slack-files2.s3-us-west-2.amazonaws.com/avatars/2015-01-14/3400695805_06e3ed8a8ae7228d7c54_original.jpg"
  },
  "teamId": "T02R0MMHK"
}
[05/05/18, 12:51:30:485] info: Store: SAVE_WINDOW_SETTINGS
{
  "isMaximized": false,
  "position": [
    14,
    46
  ],
  "size": [
    1892,
    1020
  ]
}
[05/05/18, 12:51:30:486] info: Store: UPDATE_TEAM_THEME
{
  "teamId": "T02R0MMHK",
  "theme": {
    "active_item": "#4C9689",
    "active_item_text": "#FFFFFF",
    "active_presence": "#38978D",
    "badge": "#EB4D5C",
    "column_bg": "#4D394B",
    "hover_item": "#3E313C",
    "menu_bg": "#3E313C",
    "text_color": "#FFFFFF"
  }
}
[05/05/18, 12:51:30:493] info: Store: SELECT_CHANNEL C0GFH3RHC
[05/05/18, 12:51:30:495] info: Store: UPDATE_TEAM_LOCALE
{
  "locale": "ja-JP",
  "teamId": "T0GFBAM8C"
}
[05/05/18, 12:51:30:496] info: Store: UPDATE_TEAM_THEME
{
  "teamId": "T0GFBAM8C",
  "theme": {
    "active_item": "#4C9689",
    "active_item_text": "#FFFFFF",
    "active_presence": "#38978D",
    "badge": "#EB4D5C",
    "column_bg": "#4D394B",
    "hover_item": "#3E313C",
    "menu_bg": "#3E313C",
    "text_color": "#FFFFFF"
  }
}
[05/05/18, 12:51:30:497] info: Store: SELECT_CHANNEL C4JRHEQB1
[05/05/18, 12:51:30:498] info: Store: UPDATE_TEAM_LOCALE
{
  "locale": "ja-JP"
}
[05/05/18, 12:51:30:541] info: Store: UPDATE_TEAM_ICONS
{
  "icons": {
    "image_102": "https://slack-files2.s3-us-west-2.amazonaws.com/avatars/2015-12-19/17054493216_07addcfb3fb1718cbba4_102.png",
    "image_132": "https://slack-files2.s3-us-west-2.amazonaws.com/avatars/2015-12-19/17054493216_07addcfb3fb1718cbba4_132.png",
    "image_230": "https://slack-files2.s3-us-west-2.amazonaws.com/avatars/2015-12-19/17054493216_07addcfb3fb1718cbba4_132.png",
    "image_34": "https://slack-files2.s3-us-west-2.amazonaws.com/avatars/2015-12-19/17054493216_07addcfb3fb1718cbba4_34.png",
    "image_44": "https://slack-files2.s3-us-west-2.amazonaws.com/avatars/2015-12-19/17054493216_07addcfb3fb1718cbba4_44.png",
    "image_68": "https://slack-files2.s3-us-west-2.amazonaws.com/avatars/2015-12-19/17054493216_07addcfb3fb1718cbba4_68.png",
    "image_88": "https://slack-files2.s3-us-west-2.amazonaws.com/avatars/2015-12-19/17054493216_07addcfb3fb1718cbba4_88.png",
    "image_original": "https://slack-files2.s3-us-west-2.amazonaws.com/avatars/2015-12-19/17054493216_07addcfb3fb1718cbba4_original.png"
  },
  "teamId": "T0GFBAM8C"
}
[05/05/18, 12:51:30:542] info: Store: UPSERT_WEB_CONTENTS
{
  "id": 6,
  "state": "loaded",
  "teamId": "T4HEMM0UR"
}
[05/05/18, 12:51:30:543] info: Store: UPDATE_TEAM_LOCALE
{
  "locale": "ja-JP",
  "teamId": "T0GFBAM8C"
}
[05/05/18, 12:51:30:544] info: Store: UPSERT_WEB_CONTENTS
{
  "id": 3,
  "state": "webapp-loaded",
  "teamId": "T0GFBAM8C"
}
[05/05/18, 12:51:30:555] info: Store: UPDATE_TEAM_LOCALE
{
  "locale": "ja-JP"
}
[05/05/18, 12:51:30:555] info: Store: UPSERT_WEB_CONTENTS
{
  "id": 6,
  "state": "webapp-loaded",
  "teamId": "T4HEMM0UR"
}
[05/05/18, 12:51:30:556] info: Store: SELECT_CHANNEL G7GGG2GPN
[05/05/18, 12:51:30:616] info: Store: STORE_API_TOKEN
{
  "teamId": "T4HEMM0UR",
  "token": "xoxs-⋯"
}
[05/05/18, 12:51:30:616] info: Store: UPDATE_TEAM_ICONS
{
  "icons": {
    "image_102": "https://slack-files2.s3-us-west-2.amazonaws.com/avatars/2017-03-15/154610708258_f98e05c23845866960a5_102.png",
    "image_132": "https://slack-files2.s3-us-west-2.amazonaws.com/avatars/2017-03-15/154610708258_f98e05c23845866960a5_132.png",
    "image_230": "https://slack-files2.s3-us-west-2.amazonaws.com/avatars/2017-03-15/154610708258_f98e05c23845866960a5_230.png",
    "image_34": "https://slack-files2.s3-us-west-2.amazonaws.com/avatars/2017-03-15/154610708258_f98e05c23845866960a5_34.png",
    "image_44": "https://slack-files2.s3-us-west-2.amazonaws.com/avatars/2017-03-15/154610708258_f98e05c23845866960a5_44.png",
    "image_68": "https://slack-files2.s3-us-west-2.amazonaws.com/avatars/2017-03-15/154610708258_f98e05c23845866960a5_68.png",
    "image_88": "https://slack-files2.s3-us-west-2.amazonaws.com/avatars/2017-03-15/154610708258_f98e05c23845866960a5_88.png",
    "image_original": "https://slack-files2.s3-us-west-2.amazonaws.com/avatars/2017-03-15/154610708258_f98e05c23845866960a5_original.png"
  },
  "teamId": "T4HEMM0UR"
}
[05/05/18, 12:51:30:621] info: Store: STORE_API_TOKEN
{
  "teamId": "T0GFBAM8C",
  "token": "xoxs-⋯"
}
[05/05/18, 12:51:30:635] info: Store: UPDATE_TEAM_LOCALE
{
  "locale": "ja-JP"
}
[05/05/18, 12:51:30:703] info: Store: UPDATE_SESSION_STATUS
{
  "hasValidSession": true,
  "teamId": "T4HEMM0UR"
}
[05/05/18, 12:51:31:012] info: Store: UPSERT_WEB_CONTENTS
{
  "id": 7,
  "state": "loaded",
  "teamId": "T5LFW0CUB"
}
[05/05/18, 12:51:31:103] info: Store: UPDATE_TEAM_THEME
{
  "teamId": "T4HEMM0UR",
  "theme": {
    "active_item": "#4C9689",
    "active_item_text": "#FFFFFF",
    "active_presence": "#38978D",
    "badge": "#EB4D5C",
    "column_bg": "#4D394B",
    "hover_item": "#3E313C",
    "menu_bg": "#3E313C",
    "text_color": "#FFFFFF"
  }
}
[05/05/18, 12:51:31:289] info: Couldn't detect language for text of length '1575': Not enough reliable text, ignoring sample
[05/05/18, 12:51:31:294] info: Store: UPDATE_TEAM_LOCALE
{
  "locale": "ja-JP"
}
[05/05/18, 12:51:31:304] info: Store: UPSERT_WEB_CONTENTS
{
  "id": 7,
  "state": "webapp-loaded",
  "teamId": "T5LFW0CUB"
}
[05/05/18, 12:51:31:375] info: Store: STORE_API_TOKEN
{
  "teamId": "T5LFW0CUB",
  "token": "xoxs-⋯"
}
[05/05/18, 12:51:31:441] info: Store: UPDATE_TEAM_THEME
{
  "teamId": "T5LFW0CUB",
  "theme": {
    "active_item": "#4C9689",
    "active_item_text": "#FFFFFF",
    "active_presence": "#38978D",
    "badge": "#EB4D5C",
    "column_bg": "#4D394B",
    "hover_item": "#3E313C",
    "menu_bg": "#3E313C",
    "text_color": "#FFFFFF"
  }
}
[05/05/18, 12:51:31:829] info: Store: UPDATE_SESSION_STATUS
{
  "hasValidSession": true,
  "teamId": "T5LFW0CUB"
}
[05/05/18, 12:51:32:439] info: Store: UPDATE_TEAM_ICONS
{
  "icons": {
    "image_102": "https://slack-files2.s3-us-west-2.amazonaws.com/avatars/2017-08-21/229801110004_7754c1684d8336d012c4_102.jpg",
    "image_132": "https://slack-files2.s3-us-west-2.amazonaws.com/avatars/2017-08-21/229801110004_7754c1684d8336d012c4_132.jpg",
    "image_230": "https://slack-files2.s3-us-west-2.amazonaws.com/avatars/2017-08-21/229801110004_7754c1684d8336d012c4_230.jpg",
    "image_34": "https://slack-files2.s3-us-west-2.amazonaws.com/avatars/2017-08-21/229801110004_7754c1684d8336d012c4_34.jpg",
    "image_44": "https://slack-files2.s3-us-west-2.amazonaws.com/avatars/2017-08-21/229801110004_7754c1684d8336d012c4_44.jpg",
    "image_68": "https://slack-files2.s3-us-west-2.amazonaws.com/avatars/2017-08-21/229801110004_7754c1684d8336d012c4_68.jpg",
    "image_88": "https://slack-files2.s3-us-west-2.amazonaws.com/avatars/2017-08-21/229801110004_7754c1684d8336d012c4_88.jpg",
    "image_original": "https://slack-files2.s3-us-west-2.amazonaws.com/avatars/2017-08-21/229801110004_7754c1684d8336d012c4_original.jpg"
  },
  "teamId": "T5LFW0CUB"
}
[05/05/18, 12:51:34:954] info: Unloading spellchecker
[05/05/18, 12:51:34:975] info: Store: MAIN_WINDOW_FOCUSED
[05/05/18, 12:51:35:080] info: Store: SELECT_TEAM T5LFW0CUB
[05/05/18, 12:51:35:101] info: Unloading spellchecker
[05/05/18, 12:51:35:105] info: Unloading spellchecker
[05/05/18, 12:51:53:441] info: Store: MAIN_WINDOW_FOCUSED
[05/05/18, 12:51:53:590] info: Store: SELECT_TEAM T5YEC6G73
[05/05/18, 12:51:53:603] info: Store: UPDATE_SETTINGS
{
  "locale": "en-US"
}
[05/05/18, 12:51:53:604] info: TranslationLookup: locale set to en-US for renderer
[05/05/18, 12:51:56:031] info: Store: MAIN_WINDOW_FOCUSED
[05/05/18, 12:51:56:241] info: Store: SELECT_TEAM T02R0MMHK
[05/05/18, 12:52:00:400] info: Store: MAIN_WINDOW_FOCUSED
[05/05/18, 12:52:00:588] info: Store: SELECT_TEAM T5YEC6G73
[05/05/18, 12:52:05:573] info: Store: MAIN_WINDOW_FOCUSED
[05/05/18, 12:52:06:367] info: Store: MAIN_WINDOW_FOCUSED
[05/05/18, 12:52:07:091] info: Store: MAIN_WINDOW_FOCUSED
[05/05/18, 12:52:10:328] info: Store: MAIN_WINDOW_FOCUSED
