[05/07/18, 14:43:41:905] info: ╔════════════════════════════════════════════════════════════════════════════╗
[05/07/18, 14:43:41:906] info: ║      Slack 3.1.1, linux 4.16.6-1-zen on x64 at 05/07/18, 14:43:41:894      ║
[05/07/18, 14:43:41:906] info: ╚════════════════════════════════════════════════════════════════════════════╝
[05/07/18, 14:43:42:141] info: Initializing local storage instance at path: /home/nitoli/.config/Slack/local-settings.json
[05/07/18, 14:43:43:024] error: Calls failed to load, bailing
[05/07/18, 14:43:43:027] info: cld3::loadModule: loading cld3 module
[05/07/18, 14:43:43:058] info: cld3Loader::loadModule: running environment is NODE
[05/07/18, 14:43:43:058] info: cld3Loader::loadModule: constructed module object for runtime
[05/07/18, 14:43:43:783] info: cld3Loader::initializeRuntime: successfully initialized module
[05/07/18, 14:43:43:783] info: cld3Loader::loadModule: initialized wasm binary Runtime
[05/07/18, 14:43:43:808] warn: updateSpellcheckerLanguage: Tried to update language, but spellchecker not initialized
[05/07/18, 14:43:43:809] info: SSBIntegration: Main window preload script loaded 2695.263407
[05/07/18, 14:43:43:829] info: Store: UPSERT_WEB_CONTENTS
{
  "id": 7,
  "state": "loaded",
  "teamId": "T0GFBAM8C"
}
[05/07/18, 14:43:43:851] info: Store: UPSERT_WEB_CONTENTS
{
  "id": 4,
  "state": "loaded",
  "teamId": "T02R0MMHK"
}
[05/07/18, 14:43:43:871] info: Store: UPSERT_WEB_CONTENTS
{
  "id": 7,
  "state": "empty-page",
  "teamId": "T0GFBAM8C"
}
[05/07/18, 14:43:43:884] info: Store: UPSERT_WEB_CONTENTS
{
  "id": 7,
  "state": "page-will-navigate",
  "teamId": "T0GFBAM8C"
}
[05/07/18, 14:43:43:891] info: Store: UPSERT_WEB_CONTENTS
{
  "id": 4,
  "state": "empty-page",
  "teamId": "T02R0MMHK"
}
[05/07/18, 14:43:43:907] info: Store: UPSERT_WEB_CONTENTS
{
  "id": 4,
  "state": "page-will-navigate",
  "teamId": "T02R0MMHK"
}
[05/07/18, 14:43:43:928] info: Window is unloading, winssb is no longer accessible
[05/07/18, 14:43:44:067] info: Store: UPSERT_WEB_CONTENTS
{
  "id": 6,
  "state": "loaded",
  "teamId": "T5LFW0CUB"
}
[05/07/18, 14:43:44:084] info: Store: UPSERT_WEB_CONTENTS
{
  "id": 6,
  "state": "empty-page",
  "teamId": "T5LFW0CUB"
}
[05/07/18, 14:43:44:087] info: Store: UPSERT_WEB_CONTENTS
{
  "id": 6,
  "state": "page-will-navigate",
  "teamId": "T5LFW0CUB"
}
[05/07/18, 14:43:44:105] info: Store: UPSERT_WEB_CONTENTS
{
  "id": 3,
  "state": "loaded",
  "teamId": "T5YEC6G73"
}
[05/07/18, 14:43:44:121] info: Store: UPSERT_WEB_CONTENTS
{
  "id": 3,
  "state": "empty-page",
  "teamId": "T5YEC6G73"
}
[05/07/18, 14:43:44:132] info: Store: UPSERT_WEB_CONTENTS
{
  "id": 5,
  "state": "loaded",
  "teamId": "T4HEMM0UR"
}
[05/07/18, 14:43:44:143] info: Store: UPSERT_WEB_CONTENTS
{
  "id": 3,
  "state": "page-will-navigate",
  "teamId": "T5YEC6G73"
}
[05/07/18, 14:43:44:167] info: Store: UPSERT_WEB_CONTENTS
{
  "id": 5,
  "state": "empty-page",
  "teamId": "T4HEMM0UR"
}
[05/07/18, 14:43:44:175] info: Store: UPSERT_WEB_CONTENTS
{
  "id": 5,
  "state": "page-will-navigate",
  "teamId": "T4HEMM0UR"
}
[05/07/18, 14:43:44:356] info: Store: SET_NETWORK_STATUS offline
