[05/07/18, 20:13:36:173] info: ╔════════════════════════════════════════════════════════════════════════════╗
[05/07/18, 20:13:36:174] info: ║      Slack 3.1.1, linux 4.16.6-1-zen on x64 at 05/07/18, 20:13:36:169      ║
[05/07/18, 20:13:36:174] info: ╚════════════════════════════════════════════════════════════════════════════╝
[05/07/18, 20:13:36:426] info: Initializing local storage instance at path: /home/nitoli/.config/Slack/local-settings.json
[05/07/18, 20:13:37:366] error: Calls failed to load, bailing
[05/07/18, 20:13:37:368] info: cld3::loadModule: loading cld3 module
[05/07/18, 20:13:37:401] info: cld3Loader::loadModule: running environment is NODE
[05/07/18, 20:13:37:401] info: cld3Loader::loadModule: constructed module object for runtime
[05/07/18, 20:13:38:265] info: cld3Loader::initializeRuntime: successfully initialized module
[05/07/18, 20:13:38:266] info: cld3Loader::loadModule: initialized wasm binary Runtime
[05/07/18, 20:13:38:295] warn: updateSpellcheckerLanguage: Tried to update language, but spellchecker not initialized
[05/07/18, 20:13:38:296] info: SSBIntegration: Main window preload script loaded 3105.082133
[05/07/18, 20:13:38:330] info: Store: UPSERT_WEB_CONTENTS
{
  "id": 5,
  "state": "loaded",
  "teamId": "T4HEMM0UR"
}
[05/07/18, 20:13:38:339] info: Store: UPSERT_WEB_CONTENTS
{
  "id": 5,
  "state": "empty-page",
  "teamId": "T4HEMM0UR"
}
[05/07/18, 20:13:38:340] info: Store: UPSERT_WEB_CONTENTS
{
  "id": 5,
  "state": "page-will-navigate",
  "teamId": "T4HEMM0UR"
}
[05/07/18, 20:13:38:340] info: Store: UPSERT_WEB_CONTENTS
{
  "id": 3,
  "state": "loaded",
  "teamId": "T5YEC6G73"
}
[05/07/18, 20:13:38:346] info: Store: UPSERT_WEB_CONTENTS
{
  "id": 4,
  "state": "loaded",
  "teamId": "T02R0MMHK"
}
[05/07/18, 20:13:38:356] info: Store: UPSERT_WEB_CONTENTS
{
  "id": 6,
  "state": "loaded",
  "teamId": "T5LFW0CUB"
}
[05/07/18, 20:13:38:362] info: Store: UPSERT_WEB_CONTENTS
{
  "id": 3,
  "state": "empty-page",
  "teamId": "T5YEC6G73"
}
[05/07/18, 20:13:38:362] info: Store: UPSERT_WEB_CONTENTS
{
  "id": 4,
  "state": "empty-page",
  "teamId": "T02R0MMHK"
}
[05/07/18, 20:13:38:367] info: Store: UPSERT_WEB_CONTENTS
{
  "id": 3,
  "state": "page-will-navigate",
  "teamId": "T5YEC6G73"
}
[05/07/18, 20:13:38:373] info: Store: UPSERT_WEB_CONTENTS
{
  "id": 6,
  "state": "empty-page",
  "teamId": "T5LFW0CUB"
}
[05/07/18, 20:13:38:383] info: Store: UPSERT_WEB_CONTENTS
{
  "id": 4,
  "state": "page-will-navigate",
  "teamId": "T02R0MMHK"
}
[05/07/18, 20:13:38:396] info: Store: UPSERT_WEB_CONTENTS
{
  "id": 6,
  "state": "page-will-navigate",
  "teamId": "T5LFW0CUB"
}
[05/07/18, 20:13:38:405] info: Window is unloading, winssb is no longer accessible
[05/07/18, 20:13:38:460] info: Store: UPSERT_WEB_CONTENTS
{
  "id": 7,
  "state": "loaded",
  "teamId": "T0GFBAM8C"
}
[05/07/18, 20:13:38:473] info: Store: UPSERT_WEB_CONTENTS
{
  "id": 7,
  "state": "empty-page",
  "teamId": "T0GFBAM8C"
}
[05/07/18, 20:13:38:481] info: Store: UPSERT_WEB_CONTENTS
{
  "id": 7,
  "state": "page-will-navigate",
  "teamId": "T0GFBAM8C"
}
[05/07/18, 20:13:38:659] info: Store: SET_NETWORK_STATUS offline
