[05/07/18, 14:39:11:884] info: ╔════════════════════════════════════════════════════════════════════════════╗
[05/07/18, 14:39:11:885] info: ║      Slack 3.1.1, linux 4.16.6-1-zen on x64 at 05/07/18, 14:39:11:874      ║
[05/07/18, 14:39:11:885] info: ╚════════════════════════════════════════════════════════════════════════════╝
[05/07/18, 14:39:12:167] info: Initializing local storage instance at path: /home/nitoli/.config/Slack/local-settings.json
[05/07/18, 14:39:13:199] error: Calls failed to load, bailing
[05/07/18, 14:39:13:211] info: cld3::loadModule: loading cld3 module
[05/07/18, 14:39:13:348] info: cld3Loader::loadModule: running environment is NODE
[05/07/18, 14:39:13:349] info: cld3Loader::loadModule: constructed module object for runtime
[05/07/18, 14:39:14:029] info: cld3Loader::initializeRuntime: successfully initialized module
[05/07/18, 14:39:14:029] info: cld3Loader::loadModule: initialized wasm binary Runtime
[05/07/18, 14:39:14:034] warn: updateSpellcheckerLanguage: Tried to update language, but spellchecker not initialized
[05/07/18, 14:39:14:035] info: SSBIntegration: Main window preload script loaded 3030.850709
[05/07/18, 14:39:14:057] info: Store: UPSERT_WEB_CONTENTS
{
  "id": 4,
  "state": "loaded",
  "teamId": "T02R0MMHK"
}
[05/07/18, 14:39:14:059] info: Store: UPSERT_WEB_CONTENTS
{
  "id": 7,
  "state": "loaded",
  "teamId": "T0GFBAM8C"
}
[05/07/18, 14:39:14:060] info: Store: UPSERT_WEB_CONTENTS
{
  "id": 4,
  "state": "empty-page",
  "teamId": "T02R0MMHK"
}
[05/07/18, 14:39:14:060] info: Store: UPSERT_WEB_CONTENTS
{
  "id": 4,
  "state": "page-will-navigate",
  "teamId": "T02R0MMHK"
}
[05/07/18, 14:39:14:060] info: Store: UPSERT_WEB_CONTENTS
{
  "id": 7,
  "state": "empty-page",
  "teamId": "T0GFBAM8C"
}
[05/07/18, 14:39:14:061] info: Store: UPSERT_WEB_CONTENTS
{
  "id": 5,
  "state": "loaded",
  "teamId": "T4HEMM0UR"
}
[05/07/18, 14:39:14:062] info: Store: UPSERT_WEB_CONTENTS
{
  "id": 7,
  "state": "page-will-navigate",
  "teamId": "T0GFBAM8C"
}
[05/07/18, 14:39:14:062] info: Store: UPSERT_WEB_CONTENTS
{
  "id": 5,
  "state": "empty-page",
  "teamId": "T4HEMM0UR"
}
[05/07/18, 14:39:14:063] info: Store: UPSERT_WEB_CONTENTS
{
  "id": 5,
  "state": "page-will-navigate",
  "teamId": "T4HEMM0UR"
}
[05/07/18, 14:39:14:064] info: Store: UPSERT_WEB_CONTENTS
{
  "id": 6,
  "state": "loaded",
  "teamId": "T5LFW0CUB"
}
[05/07/18, 14:39:14:076] info: Store: UPSERT_WEB_CONTENTS
{
  "id": 6,
  "state": "empty-page",
  "teamId": "T5LFW0CUB"
}
[05/07/18, 14:39:14:085] info: Store: UPSERT_WEB_CONTENTS
{
  "id": 6,
  "state": "page-will-navigate",
  "teamId": "T5LFW0CUB"
}
[05/07/18, 14:39:14:086] info: Window is unloading, winssb is no longer accessible
[05/07/18, 14:39:14:149] info: Store: UPSERT_WEB_CONTENTS
{
  "id": 3,
  "state": "loaded",
  "teamId": "T5YEC6G73"
}
[05/07/18, 14:39:14:163] info: Store: UPSERT_WEB_CONTENTS
{
  "id": 3,
  "state": "empty-page",
  "teamId": "T5YEC6G73"
}
[05/07/18, 14:39:14:168] info: Store: UPSERT_WEB_CONTENTS
{
  "id": 3,
  "state": "page-will-navigate",
  "teamId": "T5YEC6G73"
}
[05/07/18, 14:39:14:375] info: Store: SET_NETWORK_STATUS offline
[05/07/18, 14:39:14:738] info: Store: UPDATE_SESSION_STATUS
{
  "hasValidSession": true,
  "teamId": "T02R0MMHK"
}
[05/07/18, 14:39:14:759] info: Store: UPDATE_SESSION_STATUS
{
  "hasValidSession": true,
  "teamId": "T5LFW0CUB"
}
[05/07/18, 14:39:14:763] info: Store: UPDATE_SESSION_STATUS
{
  "hasValidSession": true,
  "teamId": "T0GFBAM8C"
}
[05/07/18, 14:39:14:785] info: Store: UPDATE_SESSION_STATUS
{
  "hasValidSession": true,
  "teamId": "T5YEC6G73"
}
[05/07/18, 14:39:14:789] info: Store: UPDATE_SESSION_STATUS
{
  "hasValidSession": true,
  "teamId": "T4HEMM0UR"
}
[05/07/18, 14:39:15:045] info: Store: SET_NETWORK_STATUS online
[05/07/18, 14:39:15:057] info: Store: MAIN_WINDOW_SHOWN
