[05/09/18, 00:40:06:944] info: ╔════════════════════════════════════════════════════════════════════════════╗
[05/09/18, 00:40:06:945] info: ║      Slack 3.1.1, linux 4.16.7-1-zen on x64 at 05/09/18, 00:40:06:934      ║
[05/09/18, 00:40:06:945] info: ╚════════════════════════════════════════════════════════════════════════════╝
[05/09/18, 00:40:07:222] info: Initializing local storage instance at path: /home/nitoli/.config/Slack/local-settings.json
[05/09/18, 00:40:08:081] error: Calls failed to load, bailing
[05/09/18, 00:40:08:090] info: cld3::loadModule: loading cld3 module
[05/09/18, 00:40:08:179] info: cld3Loader::loadModule: running environment is NODE
[05/09/18, 00:40:08:179] info: cld3Loader::loadModule: constructed module object for runtime
[05/09/18, 00:40:08:852] info: cld3Loader::initializeRuntime: successfully initialized module
[05/09/18, 00:40:08:853] info: cld3Loader::loadModule: initialized wasm binary Runtime
[05/09/18, 00:40:08:862] warn: updateSpellcheckerLanguage: Tried to update language, but spellchecker not initialized
[05/09/18, 00:40:08:862] info: TranslationLookup: locale set to ja-JP for renderer
[05/09/18, 00:40:08:863] info: SSBIntegration: Main window preload script loaded 2942.510168
[05/09/18, 00:40:08:889] info: Store: UPSERT_WEB_CONTENTS
{
  "id": 7,
  "state": "loaded",
  "teamId": "T5LFW0CUB"
}
[05/09/18, 00:40:08:892] info: Store: UPSERT_WEB_CONTENTS
{
  "id": 7,
  "state": "empty-page",
  "teamId": "T5LFW0CUB"
}
[05/09/18, 00:40:08:893] info: Store: UPSERT_WEB_CONTENTS
{
  "id": 7,
  "state": "page-will-navigate",
  "teamId": "T5LFW0CUB"
}
[05/09/18, 00:40:08:893] info: Store: UPSERT_WEB_CONTENTS
{
  "id": 4,
  "state": "loaded",
  "teamId": "T5YEC6G73"
}
[05/09/18, 00:40:08:908] info: Store: UPSERT_WEB_CONTENTS
{
  "id": 3,
  "state": "loaded",
  "teamId": "T0GFBAM8C"
}
[05/09/18, 00:40:08:931] info: Store: UPSERT_WEB_CONTENTS
{
  "id": 4,
  "state": "empty-page",
  "teamId": "T5YEC6G73"
}
[05/09/18, 00:40:08:945] info: Store: UPSERT_WEB_CONTENTS
{
  "id": 3,
  "state": "empty-page",
  "teamId": "T0GFBAM8C"
}
[05/09/18, 00:40:08:964] info: Store: UPSERT_WEB_CONTENTS
{
  "id": 4,
  "state": "page-will-navigate",
  "teamId": "T5YEC6G73"
}
[05/09/18, 00:40:08:975] info: Store: UPSERT_WEB_CONTENTS
{
  "id": 3,
  "state": "page-will-navigate",
  "teamId": "T0GFBAM8C"
}
[05/09/18, 00:40:08:982] info: Window is unloading, winssb is no longer accessible
[05/09/18, 00:40:09:102] info: Store: UPSERT_WEB_CONTENTS
{
  "id": 5,
  "state": "loaded",
  "teamId": "T02R0MMHK"
}
[05/09/18, 00:40:09:134] info: Store: UPSERT_WEB_CONTENTS
{
  "id": 5,
  "state": "empty-page",
  "teamId": "T02R0MMHK"
}
[05/09/18, 00:40:09:145] info: Store: UPSERT_WEB_CONTENTS
{
  "id": 5,
  "state": "page-will-navigate",
  "teamId": "T02R0MMHK"
}
[05/09/18, 00:40:09:154] info: Store: UPSERT_WEB_CONTENTS
{
  "id": 6,
  "state": "loaded",
  "teamId": "T4HEMM0UR"
}
[05/09/18, 00:40:09:188] info: Store: UPSERT_WEB_CONTENTS
{
  "id": 6,
  "state": "empty-page",
  "teamId": "T4HEMM0UR"
}
[05/09/18, 00:40:09:196] info: Store: UPSERT_WEB_CONTENTS
{
  "id": 6,
  "state": "page-will-navigate",
  "teamId": "T4HEMM0UR"
}
[05/09/18, 00:40:09:401] info: Store: SET_NETWORK_STATUS offline
[05/09/18, 00:40:09:805] info: Store: UPDATE_SESSION_STATUS
{
  "hasValidSession": true,
  "teamId": "T02R0MMHK"
}
[05/09/18, 00:40:09:833] info: Store: UPDATE_SESSION_STATUS
{
  "hasValidSession": true,
  "teamId": "T5LFW0CUB"
}
[05/09/18, 00:40:09:833] info: Store: UPDATE_SESSION_STATUS
{
  "hasValidSession": true,
  "teamId": "T5YEC6G73"
}
[05/09/18, 00:40:09:842] info: Store: UPDATE_SESSION_STATUS
{
  "hasValidSession": true,
  "teamId": "T4HEMM0UR"
}
[05/09/18, 00:40:09:860] info: Store: UPDATE_SESSION_STATUS
{
  "hasValidSession": true,
  "teamId": "T0GFBAM8C"
}
[05/09/18, 00:40:10:185] info: Store: SET_NETWORK_STATUS online
[05/09/18, 00:40:10:198] info: Store: MAIN_WINDOW_SHOWN
