[04/24/18, 23:53:48:645] info: ╔════════════════════════════════════════════════════════════════════════════╗
[04/24/18, 23:53:48:646] info: ║      Slack 3.1.1, linux 4.16.3-1-zen on x64 at 04/24/18, 23:53:48:640      ║
[04/24/18, 23:53:48:646] info: ╚════════════════════════════════════════════════════════════════════════════╝
[04/24/18, 23:53:48:760] info: Initializing local storage instance at path: /home/nitoli/.config/Slack/local-settings.json
[04/24/18, 23:53:49:191] error: Calls failed to load, bailing
[04/24/18, 23:53:49:194] info: cld3::loadModule: loading cld3 module
[04/24/18, 23:53:49:223] info: cld3Loader::loadModule: running environment is NODE
[04/24/18, 23:53:49:224] info: cld3Loader::loadModule: constructed module object for runtime
[04/24/18, 23:53:49:542] info: cld3Loader::initializeRuntime: successfully initialized module
[04/24/18, 23:53:49:542] info: cld3Loader::loadModule: initialized wasm binary Runtime
[04/24/18, 23:53:49:546] warn: updateSpellcheckerLanguage: Tried to update language, but spellchecker not initialized
[04/24/18, 23:53:49:547] info: SSBIntegration: Main window preload script loaded 1241.361762
[04/24/18, 23:53:56:463] info: Store: SELECT_CHANNEL C8Y1H7TEE
[04/24/18, 23:53:56:465] info: Store: UPDATE_TEAM_LOCALE
{
  "locale": "en-US"
}
[04/24/18, 23:53:56:466] info: Store: UPDATE_SETTINGS
{
  "locale": "en-US"
}
[04/24/18, 23:53:56:469] info: Store: SELECT_CHANNEL C04Q8GKJA
[04/24/18, 23:53:56:469] info: Store: UPDATE_TEAM_LOCALE
{
  "locale": "en-US"
}
[04/24/18, 23:53:56:473] info: Store: UPSERT_WEB_CONTENTS
{
  "id": 4,
  "state": "loaded",
  "teamId": "T5YEC6G73"
}
[04/24/18, 23:53:56:502] info: Store: UPSERT_WEB_CONTENTS
{
  "id": 3,
  "state": "loaded",
  "teamId": "T02R0MMHK"
}
[04/24/18, 23:53:56:504] info: Store: UPDATE_TEAM_LOCALE
{
  "locale": "en-US"
}
[04/24/18, 23:53:56:505] info: Store: UPSERT_WEB_CONTENTS
{
  "id": 4,
  "state": "webapp-loaded",
  "teamId": "T5YEC6G73"
}
[04/24/18, 23:53:56:509] info: Store: UPDATE_SESSION_STATUS
{
  "hasValidSession": true,
  "teamId": "T5YEC6G73"
}
[04/24/18, 23:53:56:511] info: Store: UPDATE_SESSION_STATUS
{
  "hasValidSession": true,
  "teamId": "T02R0MMHK"
}
[04/24/18, 23:53:56:523] info: Store: UPDATE_TEAM_THEME
{
  "teamId": "T5YEC6G73",
  "theme": {
    "active_item": "#4C9689",
    "active_item_text": "#FFFFFF",
    "active_presence": "#38978D",
    "badge": "#EB4D5C",
    "column_bg": "#4D394B",
    "hover_item": "#3E313C",
    "menu_bg": "#3E313C",
    "text_color": "#FFFFFF"
  }
}
[04/24/18, 23:53:56:523] info: Store: STORE_API_TOKEN
{
  "teamId": "T5YEC6G73",
  "token": "xoxs-⋯"
}
[04/24/18, 23:53:56:605] info: Store: UPDATE_TEAM_ICONS
{
  "icons": {
    "image_102": "https://slack-files2.s3-us-west-2.amazonaws.com/avatars/2017-06-28/205110093367_6705e64b9b4a8299bd1f_102.png",
    "image_132": "https://slack-files2.s3-us-west-2.amazonaws.com/avatars/2017-06-28/205110093367_6705e64b9b4a8299bd1f_132.png",
    "image_230": "https://slack-files2.s3-us-west-2.amazonaws.com/avatars/2017-06-28/205110093367_6705e64b9b4a8299bd1f_230.png",
    "image_34": "https://slack-files2.s3-us-west-2.amazonaws.com/avatars/2017-06-28/205110093367_6705e64b9b4a8299bd1f_34.png",
    "image_44": "https://slack-files2.s3-us-west-2.amazonaws.com/avatars/2017-06-28/205110093367_6705e64b9b4a8299bd1f_44.png",
    "image_68": "https://slack-files2.s3-us-west-2.amazonaws.com/avatars/2017-06-28/205110093367_6705e64b9b4a8299bd1f_68.png",
    "image_88": "https://slack-files2.s3-us-west-2.amazonaws.com/avatars/2017-06-28/205110093367_6705e64b9b4a8299bd1f_88.png",
    "image_original": "https://slack-files2.s3-us-west-2.amazonaws.com/avatars/2017-06-28/205110093367_6705e64b9b4a8299bd1f_original.png"
  },
  "teamId": "T5YEC6G73"
}
[04/24/18, 23:53:56:695] info: Store: SELECT_CHANNEL C4JRHEQB1
[04/24/18, 23:53:56:698] info: Store: UPDATE_TEAM_LOCALE
{
  "locale": "ja-JP"
}
[04/24/18, 23:53:56:888] info: Store: UPDATE_TEAM_LOCALE
{
  "locale": "en-US"
}
[04/24/18, 23:53:56:906] info: Store: UPSERT_WEB_CONTENTS
{
  "id": 3,
  "state": "webapp-loaded",
  "teamId": "T02R0MMHK"
}
[04/24/18, 23:53:57:033] info: Store: UPSERT_WEB_CONTENTS
{
  "id": 5,
  "state": "loaded",
  "teamId": "T4HEMM0UR"
}
[04/24/18, 23:53:57:189] info: Store: UPDATE_TEAM_THEME
{
  "teamId": "T02R0MMHK",
  "theme": {
    "active_item": "#4C9689",
    "active_item_text": "#FFFFFF",
    "active_presence": "#38978D",
    "badge": "#EB4D5C",
    "column_bg": "#4D394B",
    "hover_item": "#3E313C",
    "menu_bg": "#3E313C",
    "text_color": "#FFFFFF"
  }
}
[04/24/18, 23:53:57:192] info: Store: STORE_API_TOKEN
{
  "teamId": "T02R0MMHK",
  "token": "xoxs-⋯"
}
[04/24/18, 23:53:57:320] info: Store: UPDATE_TEAM_ICONS
{
  "icons": {
    "image_102": "https://slack-files2.s3-us-west-2.amazonaws.com/avatars/2015-01-14/3400695805_06e3ed8a8ae7228d7c54_102.jpg",
    "image_132": "https://slack-files2.s3-us-west-2.amazonaws.com/avatars/2015-01-14/3400695805_06e3ed8a8ae7228d7c54_132.jpg",
    "image_230": "https://slack-files2.s3-us-west-2.amazonaws.com/avatars/2015-01-14/3400695805_06e3ed8a8ae7228d7c54_132.jpg",
    "image_34": "https://slack-files2.s3-us-west-2.amazonaws.com/avatars/2015-01-14/3400695805_06e3ed8a8ae7228d7c54_34.jpg",
    "image_44": "https://slack-files2.s3-us-west-2.amazonaws.com/avatars/2015-01-14/3400695805_06e3ed8a8ae7228d7c54_44.jpg",
    "image_68": "https://slack-files2.s3-us-west-2.amazonaws.com/avatars/2015-01-14/3400695805_06e3ed8a8ae7228d7c54_68.jpg",
    "image_88": "https://slack-files2.s3-us-west-2.amazonaws.com/avatars/2015-01-14/3400695805_06e3ed8a8ae7228d7c54_88.jpg",
    "image_original": "https://slack-files2.s3-us-west-2.amazonaws.com/avatars/2015-01-14/3400695805_06e3ed8a8ae7228d7c54_original.jpg"
  },
  "teamId": "T02R0MMHK"
}
[04/24/18, 23:53:57:331] info: Store: UPDATE_TEAM_LOCALE
{
  "locale": "ja-JP"
}
[04/24/18, 23:53:57:334] info: Store: UPSERT_WEB_CONTENTS
{
  "id": 5,
  "state": "webapp-loaded",
  "teamId": "T4HEMM0UR"
}
[04/24/18, 23:53:57:488] info: Store: STORE_API_TOKEN
{
  "teamId": "T4HEMM0UR",
  "token": "xoxs-⋯"
}
[04/24/18, 23:53:57:493] info: Store: UPDATE_TEAM_THEME
{
  "teamId": "T4HEMM0UR",
  "theme": {
    "active_item": "#4C9689",
    "active_item_text": "#FFFFFF",
    "active_presence": "#38978D",
    "badge": "#EB4D5C",
    "column_bg": "#4D394B",
    "hover_item": "#3E313C",
    "menu_bg": "#3E313C",
    "text_color": "#FFFFFF"
  }
}
[04/24/18, 23:53:57:588] info: Store: UPDATE_TEAM_ICONS
{
  "icons": {
    "image_102": "https://slack-files2.s3-us-west-2.amazonaws.com/avatars/2017-03-15/154610708258_f98e05c23845866960a5_102.png",
    "image_132": "https://slack-files2.s3-us-west-2.amazonaws.com/avatars/2017-03-15/154610708258_f98e05c23845866960a5_132.png",
    "image_230": "https://slack-files2.s3-us-west-2.amazonaws.com/avatars/2017-03-15/154610708258_f98e05c23845866960a5_230.png",
    "image_34": "https://slack-files2.s3-us-west-2.amazonaws.com/avatars/2017-03-15/154610708258_f98e05c23845866960a5_34.png",
    "image_44": "https://slack-files2.s3-us-west-2.amazonaws.com/avatars/2017-03-15/154610708258_f98e05c23845866960a5_44.png",
    "image_68": "https://slack-files2.s3-us-west-2.amazonaws.com/avatars/2017-03-15/154610708258_f98e05c23845866960a5_68.png",
    "image_88": "https://slack-files2.s3-us-west-2.amazonaws.com/avatars/2017-03-15/154610708258_f98e05c23845866960a5_88.png",
    "image_original": "https://slack-files2.s3-us-west-2.amazonaws.com/avatars/2017-03-15/154610708258_f98e05c23845866960a5_original.png"
  },
  "teamId": "T4HEMM0UR"
}
[04/24/18, 23:53:57:896] info: Store: UPDATE_SESSION_STATUS
{
  "hasValidSession": true,
  "teamId": "T4HEMM0UR"
}
[04/24/18, 23:55:53:785] info: Store: MAIN_WINDOW_FOCUSED
[04/24/18, 23:55:53:905] info: Store: SELECT_TEAM T5YEC6G73
[04/24/18, 23:55:55:281] info: Raw Locale list: ["C","en_US.utf8","POSIX",""]
[04/24/18, 23:55:55:282] info: Filtered Locale list: ["en_US"]
[04/24/18, 23:55:55:282] info: Counts: {"en":["en_US"]}
[04/24/18, 23:55:55:282] info: Setting en
[04/24/18, 23:55:55:283] info: Result: {"en":"en-US"}
[04/24/18, 23:55:55:284] info: Requesting to load ja-JP, alternatives are ["ja-JP","ja-JP","ja-JP"]
[04/24/18, 23:55:55:285] info: Loading dictionary for language ja-JP
[04/24/18, 23:55:55:285] info: Actually downloading https://redirector.gvt1.com/edgedl/chrome/dict/ja-jp-3-0.bdic
[04/24/18, 23:55:55:894] info: Loading dictionary for language ja-JP
[04/24/18, 23:55:55:894] info: Returning local copy: /home/nitoli/.config/Slack/dictionaries/ja-JP.bdic
[04/24/18, 23:55:55:901] info: Failed to read file /home/nitoli/.config/Slack/dictionaries/ja-JP.bdic: File exists but is most likely bogus
[04/24/18, 23:55:55:902] info: Actually downloading https://redirector.gvt1.com/edgedl/chrome/dict/ja-jp-3-0.bdic
[04/24/18, 23:55:56:249] info: Loading dictionary for language ja-JP
[04/24/18, 23:55:56:250] info: Returning local copy: /home/nitoli/.config/Slack/dictionaries/ja-JP.bdic
[04/24/18, 23:55:56:252] info: Failed to read file /home/nitoli/.config/Slack/dictionaries/ja-JP.bdic: File exists but is most likely bogus
[04/24/18, 23:55:56:253] info: Actually downloading https://redirector.gvt1.com/edgedl/chrome/dict/ja-jp-3-0.bdic
[04/24/18, 23:55:56:792] info: dictionary for ja-JP_ja-JP is not available
[04/24/18, 23:55:56:794] info: Actually installing spell check provider to Electron
[04/24/18, 23:56:01:504] info: Unloading spellchecker
[04/24/18, 23:56:01:541] info: Store: SET_FULL_SCREEN
[05/08/18, 13:41:48:276] info: ╔════════════════════════════════════════════════════════════════════════════╗
[05/08/18, 13:41:48:277] info: ║      Slack 3.1.1, linux 4.16.6-1-zen on x64 at 05/08/18, 13:41:48:270      ║
[05/08/18, 13:41:48:277] info: ╚════════════════════════════════════════════════════════════════════════════╝
[05/08/18, 13:41:48:440] info: Initializing local storage instance at path: /home/nitoli/.config/Slack/local-settings.json
[05/08/18, 13:41:49:069] error: Calls failed to load, bailing
[05/08/18, 13:41:49:071] info: cld3::loadModule: loading cld3 module
[05/08/18, 13:41:49:130] info: cld3Loader::loadModule: running environment is NODE
[05/08/18, 13:41:49:130] info: cld3Loader::loadModule: constructed module object for runtime
[05/08/18, 13:41:49:667] info: cld3Loader::initializeRuntime: successfully initialized module
[05/08/18, 13:41:49:667] info: cld3Loader::loadModule: initialized wasm binary Runtime
[05/08/18, 13:41:49:678] warn: updateSpellcheckerLanguage: Tried to update language, but spellchecker not initialized
[05/08/18, 13:41:49:678] info: TranslationLookup: locale set to ja-JP for renderer
[05/08/18, 13:41:49:679] info: SSBIntegration: Main window preload script loaded 2017.525648
[05/08/18, 13:42:02:392] info: Store: SELECT_CHANNEL C4TEJ603W
[05/08/18, 13:42:02:395] info: Store: UPDATE_TEAM_LOCALE
{
  "locale": "en-US"
}
[05/08/18, 13:42:02:396] info: Store: UPDATE_SETTINGS
{
  "locale": "ja-JP"
}
[05/08/18, 13:42:02:397] info: Store: SELECT_CHANNEL C611PHRBQ
[05/08/18, 13:42:02:398] info: Store: UPDATE_TEAM_LOCALE
{
  "locale": "en-US"
}
[05/08/18, 13:42:02:398] info: Store: UPSERT_WEB_CONTENTS
{
  "id": 5,
  "state": "loaded",
  "teamId": "T02R0MMHK"
}
[05/08/18, 13:42:02:399] info: Store: SELECT_CHANNEL G7GGG2GPN
[05/08/18, 13:42:02:400] info: Store: UPSERT_WEB_CONTENTS
{
  "id": 4,
  "state": "loaded",
  "teamId": "T5YEC6G73"
}
[05/08/18, 13:42:02:417] info: Store: UPDATE_SESSION_STATUS
{
  "hasValidSession": true,
  "teamId": "T02R0MMHK"
}
[05/08/18, 13:42:02:442] info: Store: UPDATE_TEAM_LOCALE
{
  "locale": "en-US"
}
[05/08/18, 13:42:02:464] info: Store: UPSERT_WEB_CONTENTS
{
  "id": 5,
  "state": "webapp-loaded",
  "teamId": "T02R0MMHK"
}
[05/08/18, 13:42:02:466] info: Store: UPDATE_TEAM_LOCALE
{
  "locale": "ja-JP"
}
[05/08/18, 13:42:02:468] info: Store: UPDATE_TEAM_THEME
{
  "teamId": "T5YEC6G73",
  "theme": {
    "active_item": "#4C9689",
    "active_item_text": "#FFFFFF",
    "active_presence": "#38978D",
    "badge": "#EB4D5C",
    "column_bg": "#4D394B",
    "hover_item": "#3E313C",
    "menu_bg": "#3E313C",
    "text_color": "#FFFFFF"
  }
}
[05/08/18, 13:42:02:523] info: Store: UPDATE_TEAM_THEME
{
  "teamId": "T02R0MMHK",
  "theme": {
    "active_item": "#4C9689",
    "active_item_text": "#FFFFFF",
    "active_presence": "#38978D",
    "badge": "#EB4D5C",
    "column_bg": "#4D394B",
    "hover_item": "#3E313C",
    "menu_bg": "#3E313C",
    "text_color": "#FFFFFF"
  }
}
[05/08/18, 13:42:02:551] info: Store: STORE_API_TOKEN
{
  "teamId": "T02R0MMHK",
  "token": "xoxs-⋯"
}
[05/08/18, 13:42:02:567] info: Store: UPDATE_SESSION_STATUS
{
  "hasValidSession": true,
  "teamId": "T5YEC6G73"
}
[05/08/18, 13:42:02:863] info: Store: UPSERT_WEB_CONTENTS
{
  "id": 3,
  "state": "loaded",
  "teamId": "T5LFW0CUB"
}
[05/08/18, 13:42:03:250] info: Store: UPDATE_TEAM_ICONS
{
  "icons": {
    "image_102": "https://slack-files2.s3-us-west-2.amazonaws.com/avatars/2017-06-28/205110093367_6705e64b9b4a8299bd1f_102.png",
    "image_132": "https://slack-files2.s3-us-west-2.amazonaws.com/avatars/2017-06-28/205110093367_6705e64b9b4a8299bd1f_132.png",
    "image_230": "https://slack-files2.s3-us-west-2.amazonaws.com/avatars/2017-06-28/205110093367_6705e64b9b4a8299bd1f_230.png",
    "image_34": "https://slack-files2.s3-us-west-2.amazonaws.com/avatars/2017-06-28/205110093367_6705e64b9b4a8299bd1f_34.png",
    "image_44": "https://slack-files2.s3-us-west-2.amazonaws.com/avatars/2017-06-28/205110093367_6705e64b9b4a8299bd1f_44.png",
    "image_68": "https://slack-files2.s3-us-west-2.amazonaws.com/avatars/2017-06-28/205110093367_6705e64b9b4a8299bd1f_68.png",
    "image_88": "https://slack-files2.s3-us-west-2.amazonaws.com/avatars/2017-06-28/205110093367_6705e64b9b4a8299bd1f_88.png",
    "image_original": "https://slack-files2.s3-us-west-2.amazonaws.com/avatars/2017-06-28/205110093367_6705e64b9b4a8299bd1f_original.png"
  },
  "teamId": "T5YEC6G73"
}
[05/08/18, 13:42:03:251] info: Store: UPDATE_TEAM_LOCALE
{
  "locale": "en-US",
  "teamId": "T5YEC6G73"
}
[05/08/18, 13:42:03:251] info: Store: UPSERT_WEB_CONTENTS
{
  "id": 4,
  "state": "webapp-loaded",
  "teamId": "T5YEC6G73"
}
[05/08/18, 13:42:03:737] info: Store: UPDATE_TEAM_ICONS
{
  "icons": {
    "image_102": "https://slack-files2.s3-us-west-2.amazonaws.com/avatars/2015-01-14/3400695805_06e3ed8a8ae7228d7c54_102.jpg",
    "image_132": "https://slack-files2.s3-us-west-2.amazonaws.com/avatars/2015-01-14/3400695805_06e3ed8a8ae7228d7c54_132.jpg",
    "image_230": "https://slack-files2.s3-us-west-2.amazonaws.com/avatars/2015-01-14/3400695805_06e3ed8a8ae7228d7c54_132.jpg",
    "image_34": "https://slack-files2.s3-us-west-2.amazonaws.com/avatars/2015-01-14/3400695805_06e3ed8a8ae7228d7c54_34.jpg",
    "image_44": "https://slack-files2.s3-us-west-2.amazonaws.com/avatars/2015-01-14/3400695805_06e3ed8a8ae7228d7c54_44.jpg",
    "image_68": "https://slack-files2.s3-us-west-2.amazonaws.com/avatars/2015-01-14/3400695805_06e3ed8a8ae7228d7c54_68.jpg",
    "image_88": "https://slack-files2.s3-us-west-2.amazonaws.com/avatars/2015-01-14/3400695805_06e3ed8a8ae7228d7c54_88.jpg",
    "image_original": "https://slack-files2.s3-us-west-2.amazonaws.com/avatars/2015-01-14/3400695805_06e3ed8a8ae7228d7c54_original.jpg"
  },
  "teamId": "T02R0MMHK"
}
[05/08/18, 13:42:03:738] info: Store: UPDATE_SESSION_STATUS
{
  "hasValidSession": true,
  "teamId": "T5LFW0CUB"
}
[05/08/18, 13:42:03:799] info: Store: STORE_API_TOKEN
{
  "teamId": "T5YEC6G73",
  "token": "xoxs-⋯"
}
[05/08/18, 13:42:03:843] info: Store: SELECT_CHANNEL C4JRHEQB1
[05/08/18, 13:42:03:857] info: Store: UPDATE_TEAM_LOCALE
{
  "locale": "ja-JP"
}
[05/08/18, 13:42:03:974] info: Store: UPDATE_TEAM_LOCALE
{
  "locale": "ja-JP"
}
[05/08/18, 13:42:03:999] info: Store: UPSERT_WEB_CONTENTS
{
  "id": 3,
  "state": "webapp-loaded",
  "teamId": "T5LFW0CUB"
}
[05/08/18, 13:42:04:142] info: Store: SELECT_CHANNEL C0GFH3RHC
[05/08/18, 13:42:04:156] info: Store: UPDATE_TEAM_LOCALE
{
  "locale": "ja-JP"
}
[05/08/18, 13:42:04:450] info: Store: UPSERT_WEB_CONTENTS
{
  "id": 6,
  "state": "loaded",
  "teamId": "T4HEMM0UR"
}
[05/08/18, 13:42:04:538] info: Store: UPSERT_WEB_CONTENTS
{
  "id": 7,
  "state": "loaded",
  "teamId": "T0GFBAM8C"
}
[05/08/18, 13:42:04:603] info: Store: UPDATE_TEAM_THEME
{
  "teamId": "T5LFW0CUB",
  "theme": {
    "active_item": "#4C9689",
    "active_item_text": "#FFFFFF",
    "active_presence": "#38978D",
    "badge": "#EB4D5C",
    "column_bg": "#4D394B",
    "hover_item": "#3E313C",
    "menu_bg": "#3E313C",
    "text_color": "#FFFFFF"
  }
}
[05/08/18, 13:42:04:688] info: Store: STORE_API_TOKEN
{
  "teamId": "T5LFW0CUB",
  "token": "xoxs-⋯"
}
[05/08/18, 13:42:04:700] info: Store: UPDATE_TEAM_ICONS
{
  "icons": {
    "image_102": "https://slack-files2.s3-us-west-2.amazonaws.com/avatars/2017-08-21/229801110004_7754c1684d8336d012c4_102.jpg",
    "image_132": "https://slack-files2.s3-us-west-2.amazonaws.com/avatars/2017-08-21/229801110004_7754c1684d8336d012c4_132.jpg",
    "image_230": "https://slack-files2.s3-us-west-2.amazonaws.com/avatars/2017-08-21/229801110004_7754c1684d8336d012c4_230.jpg",
    "image_34": "https://slack-files2.s3-us-west-2.amazonaws.com/avatars/2017-08-21/229801110004_7754c1684d8336d012c4_34.jpg",
    "image_44": "https://slack-files2.s3-us-west-2.amazonaws.com/avatars/2017-08-21/229801110004_7754c1684d8336d012c4_44.jpg",
    "image_68": "https://slack-files2.s3-us-west-2.amazonaws.com/avatars/2017-08-21/229801110004_7754c1684d8336d012c4_68.jpg",
    "image_88": "https://slack-files2.s3-us-west-2.amazonaws.com/avatars/2017-08-21/229801110004_7754c1684d8336d012c4_88.jpg",
    "image_original": "https://slack-files2.s3-us-west-2.amazonaws.com/avatars/2017-08-21/229801110004_7754c1684d8336d012c4_original.jpg"
  },
  "teamId": "T5LFW0CUB"
}
[05/08/18, 13:42:04:743] info: Store: UPDATE_SESSION_STATUS
{
  "hasValidSession": true,
  "teamId": "T4HEMM0UR"
}
[05/08/18, 13:42:04:836] info: Store: UPDATE_SESSION_STATUS
{
  "hasValidSession": true,
  "teamId": "T0GFBAM8C"
}
[05/08/18, 13:42:04:860] info: Store: UPDATE_TEAM_LOCALE
{
  "locale": "ja-JP"
}
[05/08/18, 13:42:04:869] info: Store: UPSERT_WEB_CONTENTS
{
  "id": 6,
  "state": "webapp-loaded",
  "teamId": "T4HEMM0UR"
}
[05/08/18, 13:42:04:931] info: Store: UPDATE_TEAM_LOCALE
{
  "locale": "ja-JP"
}
[05/08/18, 13:42:04:937] info: Store: UPSERT_WEB_CONTENTS
{
  "id": 7,
  "state": "webapp-loaded",
  "teamId": "T0GFBAM8C"
}
[05/08/18, 13:42:04:993] info: Store: UPDATE_TEAM_THEME
{
  "teamId": "T4HEMM0UR",
  "theme": {
    "active_item": "#4C9689",
    "active_item_text": "#FFFFFF",
    "active_presence": "#38978D",
    "badge": "#EB4D5C",
    "column_bg": "#4D394B",
    "hover_item": "#3E313C",
    "menu_bg": "#3E313C",
    "text_color": "#FFFFFF"
  }
}
[05/08/18, 13:42:05:015] info: Store: STORE_API_TOKEN
{
  "teamId": "T4HEMM0UR",
  "token": "xoxs-⋯"
}
[05/08/18, 13:42:05:063] info: Store: STORE_API_TOKEN
{
  "teamId": "T0GFBAM8C",
  "token": "xoxs-⋯"
}
[05/08/18, 13:42:05:073] info: Store: UPDATE_TEAM_THEME
{
  "teamId": "T0GFBAM8C",
  "theme": {
    "active_item": "#4C9689",
    "active_item_text": "#FFFFFF",
    "active_presence": "#38978D",
    "badge": "#EB4D5C",
    "column_bg": "#4D394B",
    "hover_item": "#3E313C",
    "menu_bg": "#3E313C",
    "text_color": "#FFFFFF"
  }
}
[05/08/18, 13:42:06:003] info: Store: UPDATE_TEAM_ICONS
{
  "icons": {
    "image_102": "https://slack-files2.s3-us-west-2.amazonaws.com/avatars/2017-03-15/154610708258_f98e05c23845866960a5_102.png",
    "image_132": "https://slack-files2.s3-us-west-2.amazonaws.com/avatars/2017-03-15/154610708258_f98e05c23845866960a5_132.png",
    "image_230": "https://slack-files2.s3-us-west-2.amazonaws.com/avatars/2017-03-15/154610708258_f98e05c23845866960a5_230.png",
    "image_34": "https://slack-files2.s3-us-west-2.amazonaws.com/avatars/2017-03-15/154610708258_f98e05c23845866960a5_34.png",
    "image_44": "https://slack-files2.s3-us-west-2.amazonaws.com/avatars/2017-03-15/154610708258_f98e05c23845866960a5_44.png",
    "image_68": "https://slack-files2.s3-us-west-2.amazonaws.com/avatars/2017-03-15/154610708258_f98e05c23845866960a5_68.png",
    "image_88": "https://slack-files2.s3-us-west-2.amazonaws.com/avatars/2017-03-15/154610708258_f98e05c23845866960a5_88.png",
    "image_original": "https://slack-files2.s3-us-west-2.amazonaws.com/avatars/2017-03-15/154610708258_f98e05c23845866960a5_original.png"
  },
  "teamId": "T4HEMM0UR"
}
[05/08/18, 13:42:06:020] info: Store: UPDATE_TEAM_ICONS
{
  "icons": {
    "image_102": "https://slack-files2.s3-us-west-2.amazonaws.com/avatars/2015-12-19/17054493216_07addcfb3fb1718cbba4_102.png",
    "image_132": "https://slack-files2.s3-us-west-2.amazonaws.com/avatars/2015-12-19/17054493216_07addcfb3fb1718cbba4_132.png",
    "image_230": "https://slack-files2.s3-us-west-2.amazonaws.com/avatars/2015-12-19/17054493216_07addcfb3fb1718cbba4_132.png",
    "image_34": "https://slack-files2.s3-us-west-2.amazonaws.com/avatars/2015-12-19/17054493216_07addcfb3fb1718cbba4_34.png",
    "image_44": "https://slack-files2.s3-us-west-2.amazonaws.com/avatars/2015-12-19/17054493216_07addcfb3fb1718cbba4_44.png",
    "image_68": "https://slack-files2.s3-us-west-2.amazonaws.com/avatars/2015-12-19/17054493216_07addcfb3fb1718cbba4_68.png",
    "image_88": "https://slack-files2.s3-us-west-2.amazonaws.com/avatars/2015-12-19/17054493216_07addcfb3fb1718cbba4_88.png",
    "image_original": "https://slack-files2.s3-us-west-2.amazonaws.com/avatars/2015-12-19/17054493216_07addcfb3fb1718cbba4_original.png"
  },
  "teamId": "T0GFBAM8C"
}
[05/08/18, 13:42:08:375] warn: Unable to read quiet hours setting: windows-quiet-hours works only on Windows
[05/08/18, 13:42:08:375] warn: Unable to read quiet hours setting: windows-quiet-hours works only on Windows
[05/08/18, 13:42:08:397] info: Store: NEW_NOTIFICATION
{
  "avatarImage": "https://ca.slack-edge.com/T5YEC6G73-U603XNVAP-83d16d22ab82-512",
  "channel": "C8Y1H7TEE",
  "content": "[REDACTED]",
  "id": "6NRfoh50vZ4JQE",
  "imageUri": null,
  "launchUri": "slack://channel?id=C8Y1H7TEE&message=1525754529.000178&team=T5YEC6G73",
  "msg": "1525754529.000178",
  "silent": true,
  "subtitle": "",
  "teamId": "T5YEC6G73",
  "title": "[REDACTED]"
}
[05/08/18, 13:42:14:620] warn: Unable to read quiet hours setting: windows-quiet-hours works only on Windows
[05/08/18, 13:42:14:621] warn: Unable to read quiet hours setting: windows-quiet-hours works only on Windows
[05/08/18, 13:42:14:625] info: Store: NEW_NOTIFICATION
{
  "avatarImage": "https://ca.slack-edge.com/T5YEC6G73-U603XNVAP-83d16d22ab82-512",
  "channel": "C8Y1H7TEE",
  "content": "[REDACTED]",
  "id": "Do9hoiZNvgmgov",
  "imageUri": null,
  "launchUri": "slack://channel?id=C8Y1H7TEE&message=1525754535.000212&team=T5YEC6G73",
  "msg": "1525754535.000212",
  "silent": true,
  "subtitle": "",
  "teamId": "T5YEC6G73",
  "title": "[REDACTED]"
}
[05/08/18, 13:45:40:668] warn: Unable to read quiet hours setting: windows-quiet-hours works only on Windows
[05/08/18, 13:45:40:669] warn: Unable to read quiet hours setting: windows-quiet-hours works only on Windows
[05/08/18, 13:45:40:672] info: Store: NEW_NOTIFICATION
{
  "avatarImage": "https://ca.slack-edge.com/T5YEC6G73-U60Q04VT6-a7586f1eca91-512",
  "channel": "C8Y1H7TEE",
  "content": "[REDACTED]",
  "id": "NB9SVsRA92DR1r",
  "imageUri": null,
  "launchUri": "slack://channel?id=C8Y1H7TEE&message=1525754740.000124&team=T5YEC6G73",
  "msg": "1525754740.000124",
  "silent": true,
  "subtitle": "",
  "teamId": "T5YEC6G73",
  "title": "[REDACTED]"
}
[05/08/18, 13:48:32:616] info: Store: SELECT_CHANNEL DAHRMR6AJ
[05/08/18, 13:48:34:694] info: Store: MAIN_WINDOW_FOCUSED
[05/08/18, 13:48:34:779] info: Store: SELECT_TEAM T5YEC6G73
[05/08/18, 13:48:34:794] info: Store: UPDATE_SETTINGS
{
  "locale": "en-US"
}
[05/08/18, 13:48:34:796] info: TranslationLookup: locale set to en-US for renderer
[05/08/18, 13:48:36:970] info: Raw Locale list: ["C","en_US.utf8","POSIX",""]
[05/08/18, 13:48:36:970] info: Filtered Locale list: ["en_US"]
[05/08/18, 13:48:36:970] info: Counts: {"en":["en_US"]}
[05/08/18, 13:48:36:970] info: Setting en
[05/08/18, 13:48:36:971] info: Result: {"en":"en-US"}
[05/08/18, 13:48:36:973] info: Requesting to load ja-JP, alternatives are ["ja-JP","ja-JP","ja-JP"]
[05/08/18, 13:48:36:974] info: Loading dictionary for language ja-JP
[05/08/18, 13:48:36:974] info: Returning local copy: /home/nitoli/.config/Slack/dictionaries/ja-JP.bdic
[05/08/18, 13:48:36:975] info: Failed to read file /home/nitoli/.config/Slack/dictionaries/ja-JP.bdic: File exists but is most likely bogus
[05/08/18, 13:48:36:976] info: Actually downloading https://redirector.gvt1.com/edgedl/chrome/dict/ja-jp-3-0.bdic
[05/08/18, 13:48:37:153] info: Store: SELECT_CHANNEL DA5E079JP
[05/08/18, 13:48:37:543] info: Loading dictionary for language ja-JP
[05/08/18, 13:48:37:544] info: Returning local copy: /home/nitoli/.config/Slack/dictionaries/ja-JP.bdic
[05/08/18, 13:48:37:555] info: Failed to read file /home/nitoli/.config/Slack/dictionaries/ja-JP.bdic: File exists but is most likely bogus
[05/08/18, 13:48:37:556] info: Actually downloading https://redirector.gvt1.com/edgedl/chrome/dict/ja-jp-3-0.bdic
[05/08/18, 13:48:37:681] info: Loading dictionary for language ja-JP
[05/08/18, 13:48:37:682] info: Returning local copy: /home/nitoli/.config/Slack/dictionaries/ja-JP.bdic
[05/08/18, 13:48:37:688] info: Failed to read file /home/nitoli/.config/Slack/dictionaries/ja-JP.bdic: File exists but is most likely bogus
[05/08/18, 13:48:37:689] info: Actually downloading https://redirector.gvt1.com/edgedl/chrome/dict/ja-jp-3-0.bdic
[05/08/18, 13:48:37:842] info: dictionary for ja-JP_ja-JP is not available
[05/08/18, 13:48:37:844] info: Actually installing spell check provider to Electron
[05/08/18, 13:48:38:753] info: Store: SELECT_CHANNEL C8Y1H7TEE
[05/08/18, 13:48:38:776] info: Requesting to load ja-JP, alternatives are ["ja-JP","ja-JP","ja-JP"]
[05/08/18, 13:48:38:777] info: Loading dictionary for language ja-JP
[05/08/18, 13:48:38:777] info: Returning local copy: /home/nitoli/.config/Slack/dictionaries/ja-JP.bdic
[05/08/18, 13:48:38:778] info: Failed to read file /home/nitoli/.config/Slack/dictionaries/ja-JP.bdic: File exists but is most likely bogus
[05/08/18, 13:48:38:781] info: Actually downloading https://redirector.gvt1.com/edgedl/chrome/dict/ja-jp-3-0.bdic
[05/08/18, 13:48:38:884] info: Loading dictionary for language ja-JP
[05/08/18, 13:48:38:884] info: Returning local copy: /home/nitoli/.config/Slack/dictionaries/ja-JP.bdic
[05/08/18, 13:48:38:885] info: Failed to read file /home/nitoli/.config/Slack/dictionaries/ja-JP.bdic: File exists but is most likely bogus
[05/08/18, 13:48:38:885] info: Actually downloading https://redirector.gvt1.com/edgedl/chrome/dict/ja-jp-3-0.bdic
[05/08/18, 13:48:39:070] info: Loading dictionary for language ja-JP
[05/08/18, 13:48:39:071] info: Returning local copy: /home/nitoli/.config/Slack/dictionaries/ja-JP.bdic
[05/08/18, 13:48:39:074] info: Failed to read file /home/nitoli/.config/Slack/dictionaries/ja-JP.bdic: File exists but is most likely bogus
[05/08/18, 13:48:39:075] info: Actually downloading https://redirector.gvt1.com/edgedl/chrome/dict/ja-jp-3-0.bdic
[05/08/18, 13:48:39:121] info: Requesting to load ja-JP, alternatives are ["ja-JP","ja-JP","ja-JP"]
[05/08/18, 13:48:39:122] info: Loading dictionary for language ja-JP
[05/08/18, 13:48:39:123] info: Actually downloading https://redirector.gvt1.com/edgedl/chrome/dict/ja-jp-3-0.bdic
[05/08/18, 13:48:39:183] info: dictionary for ja-JP_ja-JP is not available
[05/08/18, 13:48:39:956] info: Store: SELECT_CHANNEL C611PHRBQ
[05/08/18, 13:48:40:034] info: Requesting to load ja-JP, alternatives are ["ja-JP","ja-JP","ja-JP"]
[05/08/18, 13:48:40:035] info: Loading dictionary for language ja-JP
[05/08/18, 13:48:40:040] info: Returning local copy: /home/nitoli/.config/Slack/dictionaries/ja-JP.bdic
[05/08/18, 13:48:40:062] info: Loading dictionary for language ja-JP
[05/08/18, 13:48:40:062] info: Returning local copy: /home/nitoli/.config/Slack/dictionaries/ja-JP.bdic
[05/08/18, 13:48:40:111] info: Failed to read file /home/nitoli/.config/Slack/dictionaries/ja-JP.bdic: File exists but is most likely bogus
[05/08/18, 13:48:40:112] info: Actually downloading https://redirector.gvt1.com/edgedl/chrome/dict/ja-jp-3-0.bdic
[05/08/18, 13:48:40:121] info: Failed to read file /home/nitoli/.config/Slack/dictionaries/ja-JP.bdic: File exists but is most likely bogus
[05/08/18, 13:48:40:123] info: Can't clear out file, bailing
[05/08/18, 13:48:40:124] info: Loading dictionary for language ja-JP
[05/08/18, 13:48:40:124] info: Actually downloading https://redirector.gvt1.com/edgedl/chrome/dict/ja-jp-3-0.bdic
[05/08/18, 13:48:40:227] info: Loading dictionary for language ja-JP
[05/08/18, 13:48:40:227] info: Returning local copy: /home/nitoli/.config/Slack/dictionaries/ja-JP.bdic
[05/08/18, 13:48:40:229] info: Failed to read file /home/nitoli/.config/Slack/dictionaries/ja-JP.bdic: File exists but is most likely bogus
[05/08/18, 13:48:40:231] info: Actually downloading https://redirector.gvt1.com/edgedl/chrome/dict/ja-jp-3-0.bdic
[05/08/18, 13:48:40:402] info: dictionary for ja-JP_ja-JP is not available
[05/08/18, 13:48:40:457] info: Loading dictionary for language ja-JP
[05/08/18, 13:48:40:458] info: Returning local copy: /home/nitoli/.config/Slack/dictionaries/ja-JP.bdic
[05/08/18, 13:48:40:460] info: Failed to read file /home/nitoli/.config/Slack/dictionaries/ja-JP.bdic: File exists but is most likely bogus
[05/08/18, 13:48:40:464] info: Actually downloading https://redirector.gvt1.com/edgedl/chrome/dict/ja-jp-3-0.bdic
[05/08/18, 13:48:40:632] info: dictionary for ja-JP_ja-JP is not available
[05/08/18, 13:49:05:809] info: Store: SELECT_CHANNEL C8Y1H7TEE
[05/08/18, 13:49:06:165] info: Requesting to load ja-JP, alternatives are ["ja-JP","ja-JP","ja-JP"]
[05/08/18, 13:49:06:165] info: Loading dictionary for language ja-JP
[05/08/18, 13:49:06:165] info: Returning local copy: /home/nitoli/.config/Slack/dictionaries/ja-JP.bdic
[05/08/18, 13:49:06:166] info: Failed to read file /home/nitoli/.config/Slack/dictionaries/ja-JP.bdic: File exists but is most likely bogus
[05/08/18, 13:49:06:166] info: Actually downloading https://redirector.gvt1.com/edgedl/chrome/dict/ja-jp-3-0.bdic
[05/08/18, 13:49:06:519] info: Loading dictionary for language ja-JP
[05/08/18, 13:49:06:520] info: Returning local copy: /home/nitoli/.config/Slack/dictionaries/ja-JP.bdic
[05/08/18, 13:49:06:550] info: Failed to read file /home/nitoli/.config/Slack/dictionaries/ja-JP.bdic: File exists but is most likely bogus
[05/08/18, 13:49:06:550] info: Actually downloading https://redirector.gvt1.com/edgedl/chrome/dict/ja-jp-3-0.bdic
[05/08/18, 13:49:06:666] info: Loading dictionary for language ja-JP
[05/08/18, 13:49:06:667] info: Returning local copy: /home/nitoli/.config/Slack/dictionaries/ja-JP.bdic
[05/08/18, 13:49:06:668] info: Failed to read file /home/nitoli/.config/Slack/dictionaries/ja-JP.bdic: File exists but is most likely bogus
[05/08/18, 13:49:06:669] info: Actually downloading https://redirector.gvt1.com/edgedl/chrome/dict/ja-jp-3-0.bdic
[05/08/18, 13:49:06:841] info: dictionary for ja-JP_ja-JP is not available
[05/08/18, 13:49:08:901] info: Store: SELECT_CHANNEL DA5E079JP
[05/08/18, 13:49:09:159] info: Requesting to load ja-JP, alternatives are ["ja-JP","ja-JP","ja-JP"]
[05/08/18, 13:49:09:160] info: Loading dictionary for language ja-JP
[05/08/18, 13:49:09:160] info: Returning local copy: /home/nitoli/.config/Slack/dictionaries/ja-JP.bdic
[05/08/18, 13:49:09:166] info: Failed to read file /home/nitoli/.config/Slack/dictionaries/ja-JP.bdic: File exists but is most likely bogus
[05/08/18, 13:49:09:167] info: Actually downloading https://redirector.gvt1.com/edgedl/chrome/dict/ja-jp-3-0.bdic
[05/08/18, 13:49:09:270] info: Loading dictionary for language ja-JP
[05/08/18, 13:49:09:270] info: Returning local copy: /home/nitoli/.config/Slack/dictionaries/ja-JP.bdic
[05/08/18, 13:49:09:271] info: Failed to read file /home/nitoli/.config/Slack/dictionaries/ja-JP.bdic: File exists but is most likely bogus
[05/08/18, 13:49:09:272] info: Actually downloading https://redirector.gvt1.com/edgedl/chrome/dict/ja-jp-3-0.bdic
[05/08/18, 13:49:09:458] info: Loading dictionary for language ja-JP
[05/08/18, 13:49:09:459] info: Returning local copy: /home/nitoli/.config/Slack/dictionaries/ja-JP.bdic
[05/08/18, 13:49:09:475] info: Failed to read file /home/nitoli/.config/Slack/dictionaries/ja-JP.bdic: File exists but is most likely bogus
[05/08/18, 13:49:09:477] info: Actually downloading https://redirector.gvt1.com/edgedl/chrome/dict/ja-jp-3-0.bdic
[05/08/18, 13:49:09:782] info: dictionary for ja-JP_ja-JP is not available
[05/08/18, 13:49:24:975] info: Unloading spellchecker
[05/08/18, 13:49:24:978] info: Unloading spellchecker
[05/08/18, 13:51:51:342] info: Restoring spellchecker
[05/08/18, 13:51:51:345] info: Requesting to load ja-JP, alternatives are ["ja-JP","ja-JP","ja-JP"]
[05/08/18, 13:51:51:350] info: Loading dictionary for language ja-JP
[05/08/18, 13:51:51:351] info: Returning local copy: /home/nitoli/.config/Slack/dictionaries/ja-JP.bdic
[05/08/18, 13:51:51:427] info: Failed to read file /home/nitoli/.config/Slack/dictionaries/ja-JP.bdic: File exists but is most likely bogus
[05/08/18, 13:51:51:429] info: Actually downloading https://redirector.gvt1.com/edgedl/chrome/dict/ja-jp-3-0.bdic
[05/08/18, 13:51:51:918] info: Loading dictionary for language ja-JP
[05/08/18, 13:51:51:918] info: Returning local copy: /home/nitoli/.config/Slack/dictionaries/ja-JP.bdic
[05/08/18, 13:51:51:919] info: Failed to read file /home/nitoli/.config/Slack/dictionaries/ja-JP.bdic: File exists but is most likely bogus
[05/08/18, 13:51:51:920] info: Actually downloading https://redirector.gvt1.com/edgedl/chrome/dict/ja-jp-3-0.bdic
[05/08/18, 13:51:52:092] info: Loading dictionary for language ja-JP
[05/08/18, 13:51:52:093] info: Returning local copy: /home/nitoli/.config/Slack/dictionaries/ja-JP.bdic
[05/08/18, 13:51:52:094] info: Failed to read file /home/nitoli/.config/Slack/dictionaries/ja-JP.bdic: File exists but is most likely bogus
[05/08/18, 13:51:52:095] info: Actually downloading https://redirector.gvt1.com/edgedl/chrome/dict/ja-jp-3-0.bdic
[05/08/18, 13:51:52:213] info: dictionary for ja-JP_ja-JP is not available
[05/08/18, 13:54:59:585] warn: Unable to read quiet hours setting: windows-quiet-hours works only on Windows
[05/08/18, 13:54:59:586] warn: Unable to read quiet hours setting: windows-quiet-hours works only on Windows
[05/08/18, 13:54:59:594] info: Store: NEW_NOTIFICATION
{
  "avatarImage": "https://ca.slack-edge.com/T5YEC6G73-U603XNVAP-83d16d22ab82-512",
  "channel": "C8Y1H7TEE",
  "content": "[REDACTED]",
  "id": "QG0CNtkWvEmZ4X",
  "imageUri": null,
  "launchUri": "slack://channel?id=C8Y1H7TEE&message=1525755299.000076&team=T5YEC6G73",
  "msg": "1525755299.000076",
  "silent": true,
  "subtitle": "",
  "teamId": "T5YEC6G73",
  "title": "[REDACTED]"
}
[05/08/18, 13:57:38:879] warn: Unable to read quiet hours setting: windows-quiet-hours works only on Windows
[05/08/18, 13:57:38:879] warn: Unable to read quiet hours setting: windows-quiet-hours works only on Windows
[05/08/18, 13:57:38:883] info: Store: NEW_NOTIFICATION
{
  "avatarImage": "https://ca.slack-edge.com/T5YEC6G73-U60Q04VT6-a7586f1eca91-512",
  "channel": "C8Y1H7TEE",
  "content": "[REDACTED]",
  "id": "wwmCyuKrXwMkYK",
  "imageUri": null,
  "launchUri": "slack://channel?id=C8Y1H7TEE&message=1525755458.000190&team=T5YEC6G73",
  "msg": "1525755458.000190",
  "silent": true,
  "subtitle": "",
  "teamId": "T5YEC6G73",
  "title": "[REDACTED]"
}
[05/08/18, 14:12:04:412] info: Store: FOREGROUND_APP
[05/08/18, 14:12:04:467] info: Unloading spellchecker
[05/08/18, 14:12:04:472] info: Restoring spellchecker
[05/08/18, 14:12:04:476] info: Requesting to load ja-JP, alternatives are ["ja-JP","ja-JP","ja-JP"]
[05/08/18, 14:12:04:480] info: Loading dictionary for language ja-JP
[05/08/18, 14:12:04:483] info: Returning local copy: /home/nitoli/.config/Slack/dictionaries/ja-JP.bdic
[05/08/18, 14:12:04:536] info: Store: MAIN_WINDOW_FOCUSED
[05/08/18, 14:12:04:537] info: Failed to read file /home/nitoli/.config/Slack/dictionaries/ja-JP.bdic: File exists but is most likely bogus
[05/08/18, 14:12:04:537] info: Actually downloading https://redirector.gvt1.com/edgedl/chrome/dict/ja-jp-3-0.bdic
[05/08/18, 14:12:05:181] info: Loading dictionary for language ja-JP
[05/08/18, 14:12:05:187] info: Returning local copy: /home/nitoli/.config/Slack/dictionaries/ja-JP.bdic
[05/08/18, 14:12:05:194] info: Failed to read file /home/nitoli/.config/Slack/dictionaries/ja-JP.bdic: File exists but is most likely bogus
[05/08/18, 14:12:05:195] info: Actually downloading https://redirector.gvt1.com/edgedl/chrome/dict/ja-jp-3-0.bdic
[05/08/18, 14:12:05:343] info: Loading dictionary for language ja-JP
[05/08/18, 14:12:05:343] info: Returning local copy: /home/nitoli/.config/Slack/dictionaries/ja-JP.bdic
[05/08/18, 14:12:05:345] info: Failed to read file /home/nitoli/.config/Slack/dictionaries/ja-JP.bdic: File exists but is most likely bogus
[05/08/18, 14:12:05:346] info: Actually downloading https://redirector.gvt1.com/edgedl/chrome/dict/ja-jp-3-0.bdic
[05/08/18, 14:12:05:480] info: dictionary for ja-JP_ja-JP is not available
[05/08/18, 14:12:21:041] info: Unloading spellchecker
[05/08/18, 14:12:21:042] info: Unloading spellchecker
[05/08/18, 14:30:06:529] info: Restoring spellchecker
[05/08/18, 14:30:06:531] info: Requesting to load ja-JP, alternatives are ["ja-JP","ja-JP","ja-JP"]
[05/08/18, 14:30:06:534] info: Loading dictionary for language ja-JP
[05/08/18, 14:30:06:535] info: Returning local copy: /home/nitoli/.config/Slack/dictionaries/ja-JP.bdic
[05/08/18, 14:30:06:602] info: Failed to read file /home/nitoli/.config/Slack/dictionaries/ja-JP.bdic: File exists but is most likely bogus
[05/08/18, 14:30:06:603] info: Actually downloading https://redirector.gvt1.com/edgedl/chrome/dict/ja-jp-3-0.bdic
[05/08/18, 14:30:07:220] info: Loading dictionary for language ja-JP
[05/08/18, 14:30:07:220] info: Returning local copy: /home/nitoli/.config/Slack/dictionaries/ja-JP.bdic
[05/08/18, 14:30:07:222] info: Failed to read file /home/nitoli/.config/Slack/dictionaries/ja-JP.bdic: File exists but is most likely bogus
[05/08/18, 14:30:07:224] info: Actually downloading https://redirector.gvt1.com/edgedl/chrome/dict/ja-jp-3-0.bdic
[05/08/18, 14:30:07:398] info: Loading dictionary for language ja-JP
[05/08/18, 14:30:07:399] info: Returning local copy: /home/nitoli/.config/Slack/dictionaries/ja-JP.bdic
[05/08/18, 14:30:07:401] info: Failed to read file /home/nitoli/.config/Slack/dictionaries/ja-JP.bdic: File exists but is most likely bogus
[05/08/18, 14:30:07:402] info: Actually downloading https://redirector.gvt1.com/edgedl/chrome/dict/ja-jp-3-0.bdic
[05/08/18, 14:30:07:480] info: Unloading spellchecker
[05/08/18, 14:30:07:545] info: Unloading spellchecker
[05/08/18, 14:30:07:546] info: dictionary for ja-JP_ja-JP is not available
[05/08/18, 14:31:25:984] info: Restoring spellchecker
[05/08/18, 14:31:25:992] info: Requesting to load ja-JP, alternatives are ["ja-JP","ja-JP","ja-JP"]
[05/08/18, 14:31:25:993] info: Loading dictionary for language ja-JP
[05/08/18, 14:31:25:994] info: Returning local copy: /home/nitoli/.config/Slack/dictionaries/ja-JP.bdic
[05/08/18, 14:31:25:996] info: Failed to read file /home/nitoli/.config/Slack/dictionaries/ja-JP.bdic: File exists but is most likely bogus
[05/08/18, 14:31:25:997] info: Actually downloading https://redirector.gvt1.com/edgedl/chrome/dict/ja-jp-3-0.bdic
[05/08/18, 14:31:26:675] info: Loading dictionary for language ja-JP
[05/08/18, 14:31:26:676] info: Returning local copy: /home/nitoli/.config/Slack/dictionaries/ja-JP.bdic
[05/08/18, 14:31:26:678] info: Failed to read file /home/nitoli/.config/Slack/dictionaries/ja-JP.bdic: File exists but is most likely bogus
[05/08/18, 14:31:26:679] info: Actually downloading https://redirector.gvt1.com/edgedl/chrome/dict/ja-jp-3-0.bdic
[05/08/18, 14:31:26:855] info: Loading dictionary for language ja-JP
[05/08/18, 14:31:26:856] info: Returning local copy: /home/nitoli/.config/Slack/dictionaries/ja-JP.bdic
[05/08/18, 14:31:26:857] info: Failed to read file /home/nitoli/.config/Slack/dictionaries/ja-JP.bdic: File exists but is most likely bogus
[05/08/18, 14:31:26:861] info: Actually downloading https://redirector.gvt1.com/edgedl/chrome/dict/ja-jp-3-0.bdic
[05/08/18, 14:31:26:991] info: dictionary for ja-JP_ja-JP is not available
[05/08/18, 14:31:27:232] info: Unloading spellchecker
[05/08/18, 14:31:27:245] info: Unloading spellchecker
[05/08/18, 14:32:34:941] info: Restoring spellchecker
[05/08/18, 14:32:34:948] info: Requesting to load ja-JP, alternatives are ["ja-JP","ja-JP","ja-JP"]
[05/08/18, 14:32:34:949] info: Loading dictionary for language ja-JP
[05/08/18, 14:32:34:949] info: Returning local copy: /home/nitoli/.config/Slack/dictionaries/ja-JP.bdic
[05/08/18, 14:32:35:008] info: Failed to read file /home/nitoli/.config/Slack/dictionaries/ja-JP.bdic: File exists but is most likely bogus
[05/08/18, 14:32:35:008] info: Actually downloading https://redirector.gvt1.com/edgedl/chrome/dict/ja-jp-3-0.bdic
[05/08/18, 14:32:35:511] info: Loading dictionary for language ja-JP
[05/08/18, 14:32:35:512] info: Returning local copy: /home/nitoli/.config/Slack/dictionaries/ja-JP.bdic
[05/08/18, 14:32:35:513] info: Failed to read file /home/nitoli/.config/Slack/dictionaries/ja-JP.bdic: File exists but is most likely bogus
[05/08/18, 14:32:35:514] info: Actually downloading https://redirector.gvt1.com/edgedl/chrome/dict/ja-jp-3-0.bdic
[05/08/18, 14:32:35:653] info: Unloading spellchecker
[05/08/18, 14:32:35:658] info: Unloading spellchecker
[05/08/18, 14:32:35:732] info: Loading dictionary for language ja-JP
[05/08/18, 14:32:35:732] info: Returning local copy: /home/nitoli/.config/Slack/dictionaries/ja-JP.bdic
[05/08/18, 14:32:35:738] info: Failed to read file /home/nitoli/.config/Slack/dictionaries/ja-JP.bdic: File exists but is most likely bogus
[05/08/18, 14:32:35:741] info: Actually downloading https://redirector.gvt1.com/edgedl/chrome/dict/ja-jp-3-0.bdic
[05/08/18, 14:32:35:857] info: dictionary for ja-JP_ja-JP is not available
[05/08/18, 14:32:37:144] info: Restoring spellchecker
[05/08/18, 14:32:37:145] info: Requesting to load ja-JP, alternatives are ["ja-JP","ja-JP","ja-JP"]
[05/08/18, 14:32:37:146] info: Loading dictionary for language ja-JP
[05/08/18, 14:32:37:146] info: Returning local copy: /home/nitoli/.config/Slack/dictionaries/ja-JP.bdic
[05/08/18, 14:32:37:192] info: Failed to read file /home/nitoli/.config/Slack/dictionaries/ja-JP.bdic: File exists but is most likely bogus
[05/08/18, 14:32:37:193] info: Actually downloading https://redirector.gvt1.com/edgedl/chrome/dict/ja-jp-3-0.bdic
[05/08/18, 14:32:37:296] info: Loading dictionary for language ja-JP
[05/08/18, 14:32:37:296] info: Returning local copy: /home/nitoli/.config/Slack/dictionaries/ja-JP.bdic
[05/08/18, 14:32:37:297] info: Failed to read file /home/nitoli/.config/Slack/dictionaries/ja-JP.bdic: File exists but is most likely bogus
[05/08/18, 14:32:37:297] info: Actually downloading https://redirector.gvt1.com/edgedl/chrome/dict/ja-jp-3-0.bdic
[05/08/18, 14:32:37:483] info: Loading dictionary for language ja-JP
[05/08/18, 14:32:37:484] info: Returning local copy: /home/nitoli/.config/Slack/dictionaries/ja-JP.bdic
[05/08/18, 14:32:37:488] info: Failed to read file /home/nitoli/.config/Slack/dictionaries/ja-JP.bdic: File exists but is most likely bogus
[05/08/18, 14:32:37:491] info: Actually downloading https://redirector.gvt1.com/edgedl/chrome/dict/ja-jp-3-0.bdic
[05/08/18, 14:32:37:606] info: dictionary for ja-JP_ja-JP is not available
[05/08/18, 14:32:37:937] info: Unloading spellchecker
[05/08/18, 14:32:37:943] info: Unloading spellchecker
[05/08/18, 14:38:57:549] info: Store: FOREGROUND_APP
[05/08/18, 14:38:57:577] info: Restoring spellchecker
[05/08/18, 14:38:57:580] info: Requesting to load ja-JP, alternatives are ["ja-JP","ja-JP","ja-JP"]
[05/08/18, 14:38:57:583] info: Loading dictionary for language ja-JP
[05/08/18, 14:38:57:588] info: Returning local copy: /home/nitoli/.config/Slack/dictionaries/ja-JP.bdic
[05/08/18, 14:38:57:590] info: Failed to read file /home/nitoli/.config/Slack/dictionaries/ja-JP.bdic: File exists but is most likely bogus
[05/08/18, 14:38:57:640] info: Actually downloading https://redirector.gvt1.com/edgedl/chrome/dict/ja-jp-3-0.bdic
[05/08/18, 14:38:58:215] info: Loading dictionary for language ja-JP
[05/08/18, 14:38:58:216] info: Returning local copy: /home/nitoli/.config/Slack/dictionaries/ja-JP.bdic
[05/08/18, 14:38:58:216] info: Failed to read file /home/nitoli/.config/Slack/dictionaries/ja-JP.bdic: File exists but is most likely bogus
[05/08/18, 14:38:58:216] info: Actually downloading https://redirector.gvt1.com/edgedl/chrome/dict/ja-jp-3-0.bdic
[05/08/18, 14:38:58:391] info: Loading dictionary for language ja-JP
[05/08/18, 14:38:58:392] info: Returning local copy: /home/nitoli/.config/Slack/dictionaries/ja-JP.bdic
[05/08/18, 14:38:58:395] info: Failed to read file /home/nitoli/.config/Slack/dictionaries/ja-JP.bdic: File exists but is most likely bogus
[05/08/18, 14:38:58:395] info: Actually downloading https://redirector.gvt1.com/edgedl/chrome/dict/ja-jp-3-0.bdic
[05/08/18, 14:38:58:589] info: dictionary for ja-JP_ja-JP is not available
[05/08/18, 14:40:18:295] info: Unloading spellchecker
[05/08/18, 14:40:18:317] info: Restoring spellchecker
[05/08/18, 14:40:18:319] info: Requesting to load ja-JP, alternatives are ["ja-JP","ja-JP","ja-JP"]
[05/08/18, 14:40:18:328] info: Loading dictionary for language ja-JP
[05/08/18, 14:40:18:329] info: Returning local copy: /home/nitoli/.config/Slack/dictionaries/ja-JP.bdic
[05/08/18, 14:40:18:380] info: Store: MAIN_WINDOW_FOCUSED
[05/08/18, 14:40:18:381] info: Failed to read file /home/nitoli/.config/Slack/dictionaries/ja-JP.bdic: File exists but is most likely bogus
[05/08/18, 14:40:18:382] info: Actually downloading https://redirector.gvt1.com/edgedl/chrome/dict/ja-jp-3-0.bdic
[05/08/18, 14:40:18:913] info: Loading dictionary for language ja-JP
[05/08/18, 14:40:18:916] info: Returning local copy: /home/nitoli/.config/Slack/dictionaries/ja-JP.bdic
[05/08/18, 14:40:18:920] info: Failed to read file /home/nitoli/.config/Slack/dictionaries/ja-JP.bdic: File exists but is most likely bogus
[05/08/18, 14:40:18:921] info: Actually downloading https://redirector.gvt1.com/edgedl/chrome/dict/ja-jp-3-0.bdic
[05/08/18, 14:40:19:104] info: Loading dictionary for language ja-JP
[05/08/18, 14:40:19:104] info: Returning local copy: /home/nitoli/.config/Slack/dictionaries/ja-JP.bdic
[05/08/18, 14:40:19:108] info: Failed to read file /home/nitoli/.config/Slack/dictionaries/ja-JP.bdic: File exists but is most likely bogus
[05/08/18, 14:40:19:108] info: Actually downloading https://redirector.gvt1.com/edgedl/chrome/dict/ja-jp-3-0.bdic
[05/08/18, 14:40:19:217] info: dictionary for ja-JP_ja-JP is not available
[05/08/18, 14:40:22:315] info: Unloading spellchecker
[05/08/18, 14:40:22:350] info: Store: MAIN_WINDOW_FOCUSED
[05/08/18, 14:40:22:360] info: Restoring spellchecker
[05/08/18, 14:40:22:361] info: Requesting to load ja-JP, alternatives are ["ja-JP","ja-JP","ja-JP"]
[05/08/18, 14:40:22:362] info: Loading dictionary for language ja-JP
[05/08/18, 14:40:22:362] info: Returning local copy: /home/nitoli/.config/Slack/dictionaries/ja-JP.bdic
[05/08/18, 14:40:22:411] info: Store: SELECT_TEAM T02R0MMHK
[05/08/18, 14:40:22:419] info: Unloading spellchecker
[05/08/18, 14:40:22:421] info: Unloading spellchecker
[05/08/18, 14:40:22:421] info: Failed to read file /home/nitoli/.config/Slack/dictionaries/ja-JP.bdic: File exists but is most likely bogus
[05/08/18, 14:40:22:422] info: Actually downloading https://redirector.gvt1.com/edgedl/chrome/dict/ja-jp-3-0.bdic
[05/08/18, 14:40:22:535] info: Loading dictionary for language ja-JP
[05/08/18, 14:40:22:535] info: Returning local copy: /home/nitoli/.config/Slack/dictionaries/ja-JP.bdic
[05/08/18, 14:40:22:536] info: Failed to read file /home/nitoli/.config/Slack/dictionaries/ja-JP.bdic: File exists but is most likely bogus
[05/08/18, 14:40:22:536] info: Actually downloading https://redirector.gvt1.com/edgedl/chrome/dict/ja-jp-3-0.bdic
[05/08/18, 14:40:22:653] info: Loading dictionary for language ja-JP
[05/08/18, 14:40:22:654] info: Returning local copy: /home/nitoli/.config/Slack/dictionaries/ja-JP.bdic
[05/08/18, 14:40:22:654] info: Failed to read file /home/nitoli/.config/Slack/dictionaries/ja-JP.bdic: File exists but is most likely bogus
[05/08/18, 14:40:22:655] info: Actually downloading https://redirector.gvt1.com/edgedl/chrome/dict/ja-jp-3-0.bdic
[05/08/18, 14:40:22:750] info: dictionary for ja-JP_ja-JP is not available
[05/08/18, 14:40:38:543] info: Store: SELECT_CHANNEL DAKC3SXMX
[05/08/18, 14:42:20:135] info: Store: MAIN_WINDOW_FOCUSED
[05/08/18, 14:42:22:929] info: Store: MAIN_WINDOW_FOCUSED
[05/08/18, 14:42:23:006] info: Store: SELECT_TEAM T5LFW0CUB
[05/08/18, 14:42:23:023] info: Store: UPDATE_SETTINGS
{
  "locale": "ja-JP"
}
[05/08/18, 14:42:23:027] info: TranslationLookup: locale set to ja-JP for renderer
[05/08/18, 14:42:24:766] info: Store: MAIN_WINDOW_FOCUSED
[05/08/18, 14:42:24:873] info: Store: SELECT_TEAM T5YEC6G73
[05/08/18, 14:42:24:891] info: Restoring spellchecker
[05/08/18, 14:42:24:892] info: Requesting to load ja-JP, alternatives are ["ja-JP","ja-JP","ja-JP"]
[05/08/18, 14:42:24:893] info: Loading dictionary for language ja-JP
[05/08/18, 14:42:24:893] info: Actually downloading https://redirector.gvt1.com/edgedl/chrome/dict/ja-jp-3-0.bdic
[05/08/18, 14:42:25:003] info: Restoring spellchecker
[05/08/18, 14:42:25:004] info: Requesting to load ja-JP, alternatives are ["ja-JP","ja-JP","ja-JP"]
[05/08/18, 14:42:25:005] info: Loading dictionary for language ja-JP
[05/08/18, 14:42:25:005] info: Actually downloading https://redirector.gvt1.com/edgedl/chrome/dict/ja-jp-3-0.bdic
[05/08/18, 14:42:25:070] info: Store: UPDATE_SETTINGS
{
  "locale": "en-US"
}
[05/08/18, 14:42:25:071] info: TranslationLookup: locale set to en-US for renderer
[05/08/18, 14:42:25:513] info: Loading dictionary for language ja-JP
[05/08/18, 14:42:25:513] info: Returning local copy: /home/nitoli/.config/Slack/dictionaries/ja-JP.bdic
[05/08/18, 14:42:25:513] info: Failed to read file /home/nitoli/.config/Slack/dictionaries/ja-JP.bdic: File exists but is most likely bogus
[05/08/18, 14:42:25:517] info: Actually downloading https://redirector.gvt1.com/edgedl/chrome/dict/ja-jp-3-0.bdic
[05/08/18, 14:42:25:561] info: Loading dictionary for language ja-JP
[05/08/18, 14:42:25:561] info: Returning local copy: /home/nitoli/.config/Slack/dictionaries/ja-JP.bdic
[05/08/18, 14:42:25:563] info: Failed to read file /home/nitoli/.config/Slack/dictionaries/ja-JP.bdic: File exists but is most likely bogus
[05/08/18, 14:42:25:565] info: Actually downloading https://redirector.gvt1.com/edgedl/chrome/dict/ja-jp-3-0.bdic
[05/08/18, 14:42:25:627] info: Loading dictionary for language ja-JP
[05/08/18, 14:42:25:628] info: Returning local copy: /home/nitoli/.config/Slack/dictionaries/ja-JP.bdic
[05/08/18, 14:42:25:631] info: Failed to read file /home/nitoli/.config/Slack/dictionaries/ja-JP.bdic: File exists but is most likely bogus
[05/08/18, 14:42:25:634] info: Actually downloading https://redirector.gvt1.com/edgedl/chrome/dict/ja-jp-3-0.bdic
[05/08/18, 14:42:25:685] info: Loading dictionary for language ja-JP
[05/08/18, 14:42:25:686] info: Returning local copy: /home/nitoli/.config/Slack/dictionaries/ja-JP.bdic
[05/08/18, 14:42:25:688] info: Failed to read file /home/nitoli/.config/Slack/dictionaries/ja-JP.bdic: File exists but is most likely bogus
[05/08/18, 14:42:25:689] info: Actually downloading https://redirector.gvt1.com/edgedl/chrome/dict/ja-jp-3-0.bdic
[05/08/18, 14:42:25:762] info: dictionary for ja-JP_ja-JP is not available
[05/08/18, 14:42:25:820] info: dictionary for ja-JP_ja-JP is not available
[05/08/18, 14:42:26:857] info: Unloading spellchecker
[05/08/18, 14:42:26:871] info: Restoring spellchecker
[05/08/18, 14:42:26:872] info: Requesting to load ja-JP, alternatives are ["ja-JP","ja-JP","ja-JP"]
[05/08/18, 14:42:26:875] info: Loading dictionary for language ja-JP
[05/08/18, 14:42:26:875] info: Returning local copy: /home/nitoli/.config/Slack/dictionaries/ja-JP.bdic
[05/08/18, 14:42:26:907] info: Store: MAIN_WINDOW_FOCUSED
[05/08/18, 14:42:26:914] info: Failed to read file /home/nitoli/.config/Slack/dictionaries/ja-JP.bdic: File exists but is most likely bogus
[05/08/18, 14:42:26:920] info: Actually downloading https://redirector.gvt1.com/edgedl/chrome/dict/ja-jp-3-0.bdic
[05/08/18, 14:42:27:013] info: Store: SELECT_TEAM T5LFW0CUB
[05/08/18, 14:42:27:058] info: Unloading spellchecker
[05/08/18, 14:42:27:059] info: Unloading spellchecker
[05/08/18, 14:42:27:059] info: Store: UPDATE_SETTINGS
{
  "locale": "ja-JP"
}
[05/08/18, 14:42:27:060] info: TranslationLookup: locale set to ja-JP for renderer
[05/08/18, 14:42:27:123] info: Loading dictionary for language ja-JP
[05/08/18, 14:42:27:124] info: Returning local copy: /home/nitoli/.config/Slack/dictionaries/ja-JP.bdic
[05/08/18, 14:42:27:125] info: Failed to read file /home/nitoli/.config/Slack/dictionaries/ja-JP.bdic: File exists but is most likely bogus
[05/08/18, 14:42:27:125] info: Actually downloading https://redirector.gvt1.com/edgedl/chrome/dict/ja-jp-3-0.bdic
[05/08/18, 14:42:27:252] info: Loading dictionary for language ja-JP
[05/08/18, 14:42:27:252] info: Returning local copy: /home/nitoli/.config/Slack/dictionaries/ja-JP.bdic
[05/08/18, 14:42:27:253] info: Failed to read file /home/nitoli/.config/Slack/dictionaries/ja-JP.bdic: File exists but is most likely bogus
[05/08/18, 14:42:27:253] info: Actually downloading https://redirector.gvt1.com/edgedl/chrome/dict/ja-jp-3-0.bdic
[05/08/18, 14:42:27:463] info: dictionary for ja-JP_ja-JP is not available
[05/08/18, 14:42:27:876] info: Store: SELECT_CHANNEL G80MPJULU
[05/08/18, 14:42:31:205] info: Store: MAIN_WINDOW_FOCUSED
[05/08/18, 14:42:31:305] info: Store: SELECT_TEAM T5YEC6G73
[05/08/18, 14:42:31:329] info: Restoring spellchecker
[05/08/18, 14:42:31:330] info: Requesting to load ja-JP, alternatives are ["ja-JP","ja-JP","ja-JP"]
[05/08/18, 14:42:31:330] info: Loading dictionary for language ja-JP
[05/08/18, 14:42:31:331] info: Actually downloading https://redirector.gvt1.com/edgedl/chrome/dict/ja-jp-3-0.bdic
[05/08/18, 14:42:31:374] info: Restoring spellchecker
[05/08/18, 14:42:31:390] info: Requesting to load ja-JP, alternatives are ["ja-JP","ja-JP","ja-JP"]
[05/08/18, 14:42:31:390] info: Loading dictionary for language ja-JP
[05/08/18, 14:42:31:391] info: Actually downloading https://redirector.gvt1.com/edgedl/chrome/dict/ja-jp-3-0.bdic
[05/08/18, 14:42:31:408] info: Store: UPDATE_SETTINGS
{
  "locale": "en-US"
}
[05/08/18, 14:42:31:410] info: TranslationLookup: locale set to en-US for renderer
[05/08/18, 14:42:31:545] info: Loading dictionary for language ja-JP
[05/08/18, 14:42:31:551] info: Returning local copy: /home/nitoli/.config/Slack/dictionaries/ja-JP.bdic
[05/08/18, 14:42:31:562] info: Failed to read file /home/nitoli/.config/Slack/dictionaries/ja-JP.bdic: File exists but is most likely bogus
[05/08/18, 14:42:31:570] info: Actually downloading https://redirector.gvt1.com/edgedl/chrome/dict/ja-jp-3-0.bdic
[05/08/18, 14:42:31:613] info: Loading dictionary for language ja-JP
[05/08/18, 14:42:31:620] info: Returning local copy: /home/nitoli/.config/Slack/dictionaries/ja-JP.bdic
[05/08/18, 14:42:31:621] info: Failed to read file /home/nitoli/.config/Slack/dictionaries/ja-JP.bdic: File exists but is most likely bogus
[05/08/18, 14:42:31:622] info: Actually downloading https://redirector.gvt1.com/edgedl/chrome/dict/ja-jp-3-0.bdic
[05/08/18, 14:42:31:701] info: Loading dictionary for language ja-JP
[05/08/18, 14:42:31:701] info: Returning local copy: /home/nitoli/.config/Slack/dictionaries/ja-JP.bdic
[05/08/18, 14:42:31:702] info: Failed to read file /home/nitoli/.config/Slack/dictionaries/ja-JP.bdic: File exists but is most likely bogus
[05/08/18, 14:42:31:702] info: Actually downloading https://redirector.gvt1.com/edgedl/chrome/dict/ja-jp-3-0.bdic
[05/08/18, 14:42:31:744] info: Loading dictionary for language ja-JP
[05/08/18, 14:42:31:744] info: Returning local copy: /home/nitoli/.config/Slack/dictionaries/ja-JP.bdic
[05/08/18, 14:42:31:745] info: Failed to read file /home/nitoli/.config/Slack/dictionaries/ja-JP.bdic: File exists but is most likely bogus
[05/08/18, 14:42:31:746] info: Actually downloading https://redirector.gvt1.com/edgedl/chrome/dict/ja-jp-3-0.bdic
[05/08/18, 14:42:31:853] info: dictionary for ja-JP_ja-JP is not available
[05/08/18, 14:42:31:905] info: dictionary for ja-JP_ja-JP is not available
[05/08/18, 14:42:32:675] info: Unloading spellchecker
[05/08/18, 14:42:32:753] info: Store: MAIN_WINDOW_FOCUSED
[05/08/18, 14:42:32:758] info: Restoring spellchecker
[05/08/18, 14:42:32:761] info: Requesting to load ja-JP, alternatives are ["ja-JP","ja-JP","ja-JP"]
[05/08/18, 14:42:32:764] info: Loading dictionary for language ja-JP
[05/08/18, 14:42:32:766] info: Returning local copy: /home/nitoli/.config/Slack/dictionaries/ja-JP.bdic
[05/08/18, 14:42:32:861] info: Store: SELECT_TEAM T02R0MMHK
[05/08/18, 14:42:32:889] info: Unloading spellchecker
[05/08/18, 14:42:32:891] info: Unloading spellchecker
[05/08/18, 14:42:32:893] info: Failed to read file /home/nitoli/.config/Slack/dictionaries/ja-JP.bdic: File exists but is most likely bogus
[05/08/18, 14:42:32:900] info: Actually downloading https://redirector.gvt1.com/edgedl/chrome/dict/ja-jp-3-0.bdic
[05/08/18, 14:42:33:079] info: Loading dictionary for language ja-JP
[05/08/18, 14:42:33:079] info: Returning local copy: /home/nitoli/.config/Slack/dictionaries/ja-JP.bdic
[05/08/18, 14:42:33:080] info: Failed to read file /home/nitoli/.config/Slack/dictionaries/ja-JP.bdic: File exists but is most likely bogus
[05/08/18, 14:42:33:080] info: Actually downloading https://redirector.gvt1.com/edgedl/chrome/dict/ja-jp-3-0.bdic
[05/08/18, 14:42:33:186] info: Loading dictionary for language ja-JP
[05/08/18, 14:42:33:186] info: Returning local copy: /home/nitoli/.config/Slack/dictionaries/ja-JP.bdic
[05/08/18, 14:42:33:187] info: Failed to read file /home/nitoli/.config/Slack/dictionaries/ja-JP.bdic: File exists but is most likely bogus
[05/08/18, 14:42:33:188] info: Actually downloading https://redirector.gvt1.com/edgedl/chrome/dict/ja-jp-3-0.bdic
[05/08/18, 14:42:33:285] info: dictionary for ja-JP_ja-JP is not available
[05/08/18, 14:42:39:201] info: Store: MAIN_WINDOW_FOCUSED
[05/08/18, 14:42:42:600] info: Store: MAIN_WINDOW_FOCUSED
[05/08/18, 14:44:35:996] info: Store: MAIN_WINDOW_FOCUSED
[05/08/18, 14:44:40:708] info: Store: MAIN_WINDOW_FOCUSED
[05/08/18, 14:44:40:800] info: Store: SELECT_TEAM T5YEC6G73
[05/08/18, 14:44:40:820] info: Restoring spellchecker
[05/08/18, 14:44:40:821] info: Requesting to load ja-JP, alternatives are ["ja-JP","ja-JP","ja-JP"]
[05/08/18, 14:44:40:822] info: Loading dictionary for language ja-JP
[05/08/18, 14:44:40:823] info: Actually downloading https://redirector.gvt1.com/edgedl/chrome/dict/ja-jp-3-0.bdic
[05/08/18, 14:44:40:936] info: Restoring spellchecker
[05/08/18, 14:44:40:937] info: Requesting to load ja-JP, alternatives are ["ja-JP","ja-JP","ja-JP"]
[05/08/18, 14:44:40:937] info: Loading dictionary for language ja-JP
[05/08/18, 14:44:40:938] info: Actually downloading https://redirector.gvt1.com/edgedl/chrome/dict/ja-jp-3-0.bdic
[05/08/18, 14:44:41:496] info: Loading dictionary for language ja-JP
[05/08/18, 14:44:41:496] info: Returning local copy: /home/nitoli/.config/Slack/dictionaries/ja-JP.bdic
[05/08/18, 14:44:41:497] info: Failed to read file /home/nitoli/.config/Slack/dictionaries/ja-JP.bdic: File exists but is most likely bogus
[05/08/18, 14:44:41:500] info: Actually downloading https://redirector.gvt1.com/edgedl/chrome/dict/ja-jp-3-0.bdic
[05/08/18, 14:44:41:546] info: Loading dictionary for language ja-JP
[05/08/18, 14:44:41:547] info: Returning local copy: /home/nitoli/.config/Slack/dictionaries/ja-JP.bdic
[05/08/18, 14:44:41:550] info: Failed to read file /home/nitoli/.config/Slack/dictionaries/ja-JP.bdic: File exists but is most likely bogus
[05/08/18, 14:44:41:551] info: Actually downloading https://redirector.gvt1.com/edgedl/chrome/dict/ja-jp-3-0.bdic
[05/08/18, 14:44:41:599] info: Loading dictionary for language ja-JP
[05/08/18, 14:44:41:599] info: Returning local copy: /home/nitoli/.config/Slack/dictionaries/ja-JP.bdic
[05/08/18, 14:44:41:603] info: Failed to read file /home/nitoli/.config/Slack/dictionaries/ja-JP.bdic: File exists but is most likely bogus
[05/08/18, 14:44:41:605] info: Actually downloading https://redirector.gvt1.com/edgedl/chrome/dict/ja-jp-3-0.bdic
[05/08/18, 14:44:41:664] info: Loading dictionary for language ja-JP
[05/08/18, 14:44:41:664] info: Returning local copy: /home/nitoli/.config/Slack/dictionaries/ja-JP.bdic
[05/08/18, 14:44:41:669] info: Failed to read file /home/nitoli/.config/Slack/dictionaries/ja-JP.bdic: File exists but is most likely bogus
[05/08/18, 14:44:41:669] info: Actually downloading https://redirector.gvt1.com/edgedl/chrome/dict/ja-jp-3-0.bdic
[05/08/18, 14:44:41:707] info: dictionary for ja-JP_ja-JP is not available
[05/08/18, 14:44:41:767] info: dictionary for ja-JP_ja-JP is not available
[05/08/18, 14:44:43:622] info: Store: SELECT_CHANNEL C8Y1H7TEE
[05/08/18, 14:44:43:935] info: Requesting to load ja-JP, alternatives are ["ja-JP","ja-JP","ja-JP"]
[05/08/18, 14:44:43:936] info: Loading dictionary for language ja-JP
[05/08/18, 14:44:43:936] info: Returning local copy: /home/nitoli/.config/Slack/dictionaries/ja-JP.bdic
[05/08/18, 14:44:43:937] info: Failed to read file /home/nitoli/.config/Slack/dictionaries/ja-JP.bdic: File exists but is most likely bogus
[05/08/18, 14:44:43:937] info: Actually downloading https://redirector.gvt1.com/edgedl/chrome/dict/ja-jp-3-0.bdic
[05/08/18, 14:44:44:031] info: Loading dictionary for language ja-JP
[05/08/18, 14:44:44:031] info: Returning local copy: /home/nitoli/.config/Slack/dictionaries/ja-JP.bdic
[05/08/18, 14:44:44:032] info: Failed to read file /home/nitoli/.config/Slack/dictionaries/ja-JP.bdic: File exists but is most likely bogus
[05/08/18, 14:44:44:032] info: Actually downloading https://redirector.gvt1.com/edgedl/chrome/dict/ja-jp-3-0.bdic
[05/08/18, 14:44:44:148] info: Loading dictionary for language ja-JP
[05/08/18, 14:44:44:150] info: Returning local copy: /home/nitoli/.config/Slack/dictionaries/ja-JP.bdic
[05/08/18, 14:44:44:156] info: Failed to read file /home/nitoli/.config/Slack/dictionaries/ja-JP.bdic: File exists but is most likely bogus
[05/08/18, 14:44:44:157] info: Actually downloading https://redirector.gvt1.com/edgedl/chrome/dict/ja-jp-3-0.bdic
[05/08/18, 14:44:44:266] info: dictionary for ja-JP_ja-JP is not available
[05/08/18, 14:44:45:344] info: Unloading spellchecker
[05/08/18, 14:44:45:345] info: Store: MAIN_WINDOW_FOCUSED
[05/08/18, 14:44:45:347] info: Restoring spellchecker
[05/08/18, 14:44:45:348] info: Requesting to load ja-JP, alternatives are ["ja-JP","ja-JP","ja-JP"]
[05/08/18, 14:44:45:348] info: Loading dictionary for language ja-JP
[05/08/18, 14:44:45:348] info: Returning local copy: /home/nitoli/.config/Slack/dictionaries/ja-JP.bdic
[05/08/18, 14:44:45:361] info: Failed to read file /home/nitoli/.config/Slack/dictionaries/ja-JP.bdic: File exists but is most likely bogus
[05/08/18, 14:44:45:361] info: Actually downloading https://redirector.gvt1.com/edgedl/chrome/dict/ja-jp-3-0.bdic
[05/08/18, 14:44:45:417] info: Store: SELECT_TEAM T02R0MMHK
[05/08/18, 14:44:45:434] info: Unloading spellchecker
[05/08/18, 14:44:45:439] info: Unloading spellchecker
[05/08/18, 14:44:45:502] info: Loading dictionary for language ja-JP
[05/08/18, 14:44:45:502] info: Returning local copy: /home/nitoli/.config/Slack/dictionaries/ja-JP.bdic
[05/08/18, 14:44:45:504] info: Failed to read file /home/nitoli/.config/Slack/dictionaries/ja-JP.bdic: File exists but is most likely bogus
[05/08/18, 14:44:45:505] info: Actually downloading https://redirector.gvt1.com/edgedl/chrome/dict/ja-jp-3-0.bdic
[05/08/18, 14:44:45:655] info: Loading dictionary for language ja-JP
[05/08/18, 14:44:45:655] info: Returning local copy: /home/nitoli/.config/Slack/dictionaries/ja-JP.bdic
[05/08/18, 14:44:45:655] info: Failed to read file /home/nitoli/.config/Slack/dictionaries/ja-JP.bdic: File exists but is most likely bogus
[05/08/18, 14:44:45:656] info: Actually downloading https://redirector.gvt1.com/edgedl/chrome/dict/ja-jp-3-0.bdic
[05/08/18, 14:44:45:774] info: dictionary for ja-JP_ja-JP is not available
[05/08/18, 14:44:54:609] info: Store: SELECT_CHANNEL DAK7NJRDE
[05/08/18, 14:49:07:962] info: Store: NEW_NOTIFICATION
{
  "avatarImage": "https://ca.slack-edge.com/T02R0MMHK-UA472U7QE-g5d9f11f2c28-512",
  "channel": "DAKU6817C",
  "content": "[REDACTED]",
  "id": "xxGTJhwJxknK93",
  "imageUri": null,
  "launchUri": "slack://channel?id=DAKU6817C&message=1525758547.000192&team=T02R0MMHK",
  "msg": "1525758547.000192",
  "silent": true,
  "subtitle": "",
  "teamId": "T02R0MMHK",
  "title": "[REDACTED]"
}
[05/08/18, 14:49:25:657] info: Store: MAIN_WINDOW_FOCUSED
[05/08/18, 14:49:28:445] info: Store: SELECT_CHANNEL DAKU6817C
[05/08/18, 14:49:33:266] info: Store: SELECT_CHANNEL DAK7NJRDE
[05/08/18, 14:51:29:693] info: Store: MAIN_WINDOW_FOCUSED
[05/08/18, 14:55:28:352] info: Store: MAIN_WINDOW_FOCUSED
[05/08/18, 14:56:00:110] info: Store: MAIN_WINDOW_FOCUSED
[05/08/18, 14:56:08:770] info: Store: SELECT_CHANNEL DAKU6817C
[05/08/18, 14:59:05:925] info: Store: MAIN_WINDOW_FOCUSED
[05/08/18, 14:59:08:996] info: Store: MAIN_WINDOW_FOCUSED
[05/08/18, 14:59:09:055] info: Store: SELECT_TEAM T5LFW0CUB
[05/08/18, 14:59:09:074] info: Store: UPDATE_SETTINGS
{
  "locale": "ja-JP"
}
[05/08/18, 14:59:09:074] info: TranslationLookup: locale set to ja-JP for renderer
[05/08/18, 14:59:19:143] info: Store: SELECT_CHANNEL G7GGG2GPN
[05/11/18, 20:06:35:337] info: ╔════════════════════════════════════════════════════════════════════════════╗
[05/11/18, 20:06:35:347] info: ║      Slack 3.1.1, linux 4.16.7-1-zen on x64 at 05/11/18, 20:06:35:301      ║
[05/11/18, 20:06:35:347] info: ╚════════════════════════════════════════════════════════════════════════════╝
[05/11/18, 20:06:36:414] info: Initializing local storage instance at path: /home/nitoli/.config/Slack/local-settings.json
[05/11/18, 20:06:39:670] error: Calls failed to load, bailing
[05/11/18, 20:06:39:697] info: cld3::loadModule: loading cld3 module
[05/11/18, 20:06:39:932] info: cld3Loader::loadModule: running environment is NODE
[05/11/18, 20:06:39:935] info: cld3Loader::loadModule: constructed module object for runtime
[05/11/18, 20:06:42:235] info: cld3Loader::initializeRuntime: successfully initialized module
[05/11/18, 20:06:42:236] info: cld3Loader::loadModule: initialized wasm binary Runtime
[05/11/18, 20:06:42:278] warn: updateSpellcheckerLanguage: Tried to update language, but spellchecker not initialized
[05/11/18, 20:06:42:279] info: SSBIntegration: Main window preload script loaded 8595.159103
