[05/07/18, 21:15:55:826] info: ╔════════════════════════════════════════════════════════════════════════════╗
[05/07/18, 21:15:55:827] info: ║      Slack 3.1.1, linux 4.16.6-1-zen on x64 at 05/07/18, 21:15:55:810      ║
[05/07/18, 21:15:55:827] info: ╚════════════════════════════════════════════════════════════════════════════╝
[05/07/18, 21:15:56:020] info: Initializing local storage instance at path: /home/nitoli/.config/Slack/local-settings.json
[05/07/18, 21:15:56:705] error: Calls failed to load, bailing
[05/07/18, 21:15:56:707] info: cld3::loadModule: loading cld3 module
[05/07/18, 21:15:56:741] info: cld3Loader::loadModule: running environment is NODE
[05/07/18, 21:15:56:741] info: cld3Loader::loadModule: constructed module object for runtime
[05/07/18, 21:15:57:454] info: cld3Loader::initializeRuntime: successfully initialized module
[05/07/18, 21:15:57:454] info: cld3Loader::loadModule: initialized wasm binary Runtime
[05/07/18, 21:15:57:470] warn: updateSpellcheckerLanguage: Tried to update language, but spellchecker not initialized
[05/07/18, 21:15:57:473] info: SSBIntegration: Main window preload script loaded 2298.244956
[05/07/18, 21:15:57:527] info: Store: UPSERT_WEB_CONTENTS
{
  "id": 6,
  "state": "empty-page",
  "teamId": "T5LFW0CUB"
}
[05/07/18, 21:15:57:529] info: Store: UPSERT_WEB_CONTENTS
{
  "id": 6,
  "state": "page-will-navigate",
  "teamId": "T5LFW0CUB"
}
[05/07/18, 21:15:57:537] info: Store: SET_NETWORK_STATUS offline
[05/07/18, 21:15:57:537] info: Store: UPDATE_SESSION_STATUS
{
  "hasValidSession": true,
  "teamId": "T4HEMM0UR"
}
[05/07/18, 21:15:57:538] info: Store: UPDATE_SESSION_STATUS
{
  "hasValidSession": true,
  "teamId": "T02R0MMHK"
}
[05/07/18, 21:15:57:538] info: Store: UPDATE_SESSION_STATUS
{
  "hasValidSession": true,
  "teamId": "T5YEC6G73"
}
[05/07/18, 21:15:57:538] info: Store: UPDATE_SESSION_STATUS
{
  "hasValidSession": true,
  "teamId": "T0GFBAM8C"
}
[05/07/18, 21:15:57:539] info: Store: UPDATE_SESSION_STATUS
{
  "hasValidSession": true,
  "teamId": "T5LFW0CUB"
}
[05/07/18, 21:15:57:539] info: Store: SET_NETWORK_STATUS online
[05/07/18, 21:15:57:546] info: Store: MAIN_WINDOW_SHOWN
[05/07/18, 21:15:57:550] info: Store: UPSERT_WEB_CONTENTS
{
  "id": 3,
  "state": "loaded",
  "teamId": "T5YEC6G73"
}
[05/07/18, 21:15:57:550] info: Store: UPSERT_WEB_CONTENTS
{
  "id": 3,
  "state": "empty-page",
  "teamId": "T5YEC6G73"
}
[05/07/18, 21:15:57:551] info: Store: UPSERT_WEB_CONTENTS
{
  "id": 3,
  "state": "page-will-navigate",
  "teamId": "T5YEC6G73"
}
[05/07/18, 21:15:57:551] info: Store: UPSERT_WEB_CONTENTS
{
  "id": 4,
  "state": "loaded",
  "teamId": "T02R0MMHK"
}
[05/07/18, 21:15:57:552] info: Store: UPSERT_WEB_CONTENTS
{
  "id": 4,
  "state": "empty-page",
  "teamId": "T02R0MMHK"
}
[05/07/18, 21:15:57:552] info: Store: UPSERT_WEB_CONTENTS
{
  "id": 4,
  "state": "page-will-navigate",
  "teamId": "T02R0MMHK"
}
[05/07/18, 21:15:57:560] info: Store: UPSERT_WEB_CONTENTS
{
  "id": 5,
  "state": "loaded",
  "teamId": "T4HEMM0UR"
}
[05/07/18, 21:15:57:571] info: Store: UPDATE_SESSION_STATUS
{
  "hasValidSession": true,
  "teamId": "T5YEC6G73"
}
[05/07/18, 21:15:57:574] info: Store: UPSERT_WEB_CONTENTS
{
  "id": 5,
  "state": "empty-page",
  "teamId": "T4HEMM0UR"
}
[05/07/18, 21:15:57:593] info: Store: UPSERT_WEB_CONTENTS
{
  "id": 5,
  "state": "page-will-navigate",
  "teamId": "T4HEMM0UR"
}
[05/07/18, 21:15:57:600] info: Window is unloading, winssb is no longer accessible
[05/07/18, 21:15:57:785] info: Store: UPDATE_SESSION_STATUS
{
  "hasValidSession": true,
  "teamId": "T02R0MMHK"
}
[05/07/18, 21:15:57:927] info: Store: UPDATE_SESSION_STATUS
{
  "hasValidSession": true,
  "teamId": "T4HEMM0UR"
}
