[05/03/18, 02:27:29:134] info: ╔════════════════════════════════════════════════════════════════════════════╗
[05/03/18, 02:27:29:146] info: ║      Slack 3.1.1, linux 4.16.5-1-zen on x64 at 05/03/18, 02:27:29:128      ║
[05/03/18, 02:27:29:146] info: ╚════════════════════════════════════════════════════════════════════════════╝
[05/03/18, 02:27:29:609] info: Initializing local storage instance at path: /home/nitoli/.config/Slack/local-settings.json
[05/03/18, 02:27:31:124] error: Calls failed to load, bailing
[05/03/18, 02:27:31:125] info: cld3::loadModule: loading cld3 module
[05/03/18, 02:27:31:244] info: cld3Loader::loadModule: running environment is NODE
[05/03/18, 02:27:31:244] info: cld3Loader::loadModule: constructed module object for runtime
[05/03/18, 02:27:32:716] info: cld3Loader::initializeRuntime: successfully initialized module
[05/03/18, 02:27:32:717] info: cld3Loader::loadModule: initialized wasm binary Runtime
[05/03/18, 02:27:32:726] warn: updateSpellcheckerLanguage: Tried to update language, but spellchecker not initialized
[05/03/18, 02:27:32:727] info: SSBIntegration: Main window preload script loaded 4757.287843
[05/03/18, 02:27:32:742] info: Store: UPSERT_WEB_CONTENTS
{
  "id": 5,
  "state": "loaded",
  "teamId": "T4HEMM0UR"
}
[05/03/18, 02:27:32:780] info: Store: UPSERT_WEB_CONTENTS
{
  "id": 4,
  "state": "loaded",
  "teamId": "T02R0MMHK"
}
[05/03/18, 02:27:32:806] info: Store: UPSERT_WEB_CONTENTS
{
  "id": 5,
  "state": "empty-page",
  "teamId": "T4HEMM0UR"
}
[05/03/18, 02:27:32:816] info: Store: UPSERT_WEB_CONTENTS
{
  "id": 5,
  "state": "page-will-navigate",
  "teamId": "T4HEMM0UR"
}
[05/03/18, 02:27:32:828] info: Window is unloading, winssb is no longer accessible
[05/03/18, 02:27:32:843] info: Store: UPSERT_WEB_CONTENTS
{
  "id": 4,
  "state": "empty-page",
  "teamId": "T02R0MMHK"
}
[05/03/18, 02:27:32:862] info: Store: UPSERT_WEB_CONTENTS
{
  "id": 4,
  "state": "page-will-navigate",
  "teamId": "T02R0MMHK"
}
[05/03/18, 02:27:33:012] info: Store: UPSERT_WEB_CONTENTS
{
  "id": 3,
  "state": "loaded",
  "teamId": "T5YEC6G73"
}
[05/03/18, 02:27:33:052] info: Store: UPSERT_WEB_CONTENTS
{
  "id": 3,
  "state": "empty-page",
  "teamId": "T5YEC6G73"
}
[05/03/18, 02:27:33:073] info: Store: UPSERT_WEB_CONTENTS
{
  "id": 3,
  "state": "page-will-navigate",
  "teamId": "T5YEC6G73"
}
[05/03/18, 02:27:33:103] info: Store: UPSERT_WEB_CONTENTS
{
  "id": 6,
  "state": "loaded",
  "teamId": "T5LFW0CUB"
}
[05/03/18, 02:27:33:163] info: Store: UPSERT_WEB_CONTENTS
{
  "id": 6,
  "state": "empty-page",
  "teamId": "T5LFW0CUB"
}
[05/03/18, 02:27:33:198] info: Store: UPSERT_WEB_CONTENTS
{
  "id": 6,
  "state": "page-will-navigate",
  "teamId": "T5LFW0CUB"
}
[05/03/18, 02:27:33:721] info: Store: UPDATE_SESSION_STATUS
{
  "hasValidSession": true,
  "teamId": "T02R0MMHK"
}
[05/03/18, 02:27:33:734] info: Store: UPDATE_SESSION_STATUS
{
  "hasValidSession": true,
  "teamId": "T4HEMM0UR"
}
[05/03/18, 02:27:33:747] info: Store: UPDATE_SESSION_STATUS
{
  "hasValidSession": true,
  "teamId": "T5YEC6G73"
}
[05/03/18, 02:27:33:787] info: Store: UPDATE_SESSION_STATUS
{
  "hasValidSession": true,
  "teamId": "T5LFW0CUB"
}
[05/03/18, 02:27:34:025] info: Store: SET_NETWORK_STATUS online
[05/03/18, 02:27:34:040] info: Store: MAIN_WINDOW_SHOWN
