[04/17/18, 22:26:29:679] info: ╔═════════════════════════════════════════════════════════════════════════════╗
[04/17/18, 22:26:29:681] info: ║      Slack 3.1.1, linux 4.15.15-1-zen on x64 at 04/17/18, 22:26:29:670      ║
[04/17/18, 22:26:29:682] info: ╚═════════════════════════════════════════════════════════════════════════════╝
[04/17/18, 22:26:29:869] info: Initializing local storage instance at path: /home/nitoli/.config/Slack/local-settings.json
[04/17/18, 22:26:30:325] error: Calls failed to load, bailing
[04/17/18, 22:26:30:327] info: cld3::loadModule: loading cld3 module
[04/17/18, 22:26:30:356] info: cld3Loader::loadModule: running environment is NODE
[04/17/18, 22:26:30:356] info: cld3Loader::loadModule: constructed module object for runtime
[04/17/18, 22:26:30:710] info: cld3Loader::initializeRuntime: successfully initialized module
[04/17/18, 22:26:30:712] info: cld3Loader::loadModule: initialized wasm binary Runtime
[04/17/18, 22:26:30:722] warn: updateSpellcheckerLanguage: Tried to update language, but spellchecker not initialized
[04/17/18, 22:26:30:723] info: SSBIntegration: Main window preload script loaded 1783.401788
[04/17/18, 22:26:30:737] info: Store: UPSERT_WEB_CONTENTS
{
  "id": 4,
  "state": "loaded",
  "teamId": "T5YEC6G73"
}
[04/17/18, 22:26:30:739] info: Store: UPSERT_WEB_CONTENTS
{
  "id": 4,
  "state": "empty-page",
  "teamId": "T5YEC6G73"
}
[04/17/18, 22:26:30:741] info: Store: UPSERT_WEB_CONTENTS
{
  "id": 4,
  "state": "page-will-navigate",
  "teamId": "T5YEC6G73"
}
[04/17/18, 22:26:30:741] info: Store: SET_NETWORK_STATUS offline
[04/17/18, 22:26:30:743] info: Store: UPDATE_SESSION_STATUS
{
  "hasValidSession": null,
  "teamId": "T02R0MMHK"
}
[04/17/18, 22:26:30:744] info: Store: UPDATE_SESSION_STATUS
{
  "hasValidSession": null,
  "teamId": "T5YEC6G73"
}
[04/17/18, 22:26:30:745] info: Store: UPSERT_WEB_CONTENTS
{
  "id": 4,
  "state": "loaded",
  "teamId": "T5YEC6G73"
}
[04/17/18, 22:26:30:746] info: Store: UPSERT_WEB_CONTENTS
{
  "id": 4,
  "state": "empty-page",
  "teamId": "T5YEC6G73"
}
[04/17/18, 22:26:30:751] info: Store: UPSERT_WEB_CONTENTS
{
  "id": 3,
  "state": "loaded",
  "teamId": "T02R0MMHK"
}
[04/17/18, 22:26:30:754] info: Store: UPSERT_WEB_CONTENTS
{
  "id": 3,
  "state": "empty-page",
  "teamId": "T02R0MMHK"
}
[04/17/18, 22:26:30:823] info: Store: UPDATE_SESSION_STATUS
{
  "hasValidSession": null,
  "teamId": "T5YEC6G73"
}
[04/17/18, 22:26:30:851] info: Store: UPDATE_SESSION_STATUS
{
  "hasValidSession": null,
  "teamId": "T02R0MMHK"
}
[04/17/18, 22:26:50:083] info: Store: SET_NETWORK_STATUS online
[04/17/18, 22:26:50:097] info: Store: MAIN_WINDOW_SHOWN
[04/17/18, 22:26:50:135] info: Store: UPSERT_WEB_CONTENTS
{
  "id": 4,
  "state": "page-will-navigate",
  "teamId": "T5YEC6G73"
}
[04/17/18, 22:26:50:213] info: Store: UPSERT_WEB_CONTENTS
{
  "id": 3,
  "state": "page-will-navigate",
  "teamId": "T02R0MMHK"
}
[04/17/18, 22:26:50:221] info: Window is unloading, winssb is no longer accessible
[04/17/18, 22:26:50:540] info: Store: UPDATE_SESSION_STATUS
{
  "hasValidSession": true,
  "teamId": "T5YEC6G73"
}
[04/17/18, 22:26:50:558] info: Store: UPDATE_SESSION_STATUS
{
  "hasValidSession": true,
  "teamId": "T02R0MMHK"
}
[04/17/18, 22:26:51:204] info: Store: SAVE_WINDOW_SETTINGS
{
  "isMaximized": false,
  "position": [
    10,
    42
  ],
  "size": [
    1900,
    1004
  ]
}
[04/27/18, 09:19:53:278] info: ╔════════════════════════════════════════════════════════════════════════════╗
[04/27/18, 09:19:53:279] info: ║      Slack 3.1.1, linux 4.16.3-1-zen on x64 at 04/27/18, 09:19:53:274      ║
[04/27/18, 09:19:53:279] info: ╚════════════════════════════════════════════════════════════════════════════╝
[04/27/18, 09:19:53:499] info: Initializing local storage instance at path: /home/nitoli/.config/Slack/local-settings.json
[04/27/18, 09:19:55:203] info: Store: UPSERT_WEB_CONTENTS
{
  "id": 5,
  "state": "loaded",
  "teamId": "T4HEMM0UR"
}
[04/27/18, 09:19:55:238] info: Store: UPSERT_WEB_CONTENTS
{
  "id": 5,
  "state": "empty-page",
  "teamId": "T4HEMM0UR"
}
[04/27/18, 09:19:55:248] info: Store: UPSERT_WEB_CONTENTS
{
  "id": 5,
  "state": "page-will-navigate",
  "teamId": "T4HEMM0UR"
}
[04/27/18, 09:19:55:281] info: Store: UPSERT_WEB_CONTENTS
{
  "id": 3,
  "state": "loaded",
  "teamId": "T5YEC6G73"
}
[04/27/18, 09:19:55:333] info: Store: UPSERT_WEB_CONTENTS
{
  "id": 3,
  "state": "empty-page",
  "teamId": "T5YEC6G73"
}
[04/27/18, 09:19:55:388] info: Store: UPSERT_WEB_CONTENTS
{
  "id": 3,
  "state": "page-will-navigate",
  "teamId": "T5YEC6G73"
}
[04/27/18, 09:19:55:490] info: Store: UPSERT_WEB_CONTENTS
{
  "id": 4,
  "state": "loaded",
  "teamId": "T02R0MMHK"
}
[04/27/18, 09:19:55:502] info: Store: UPSERT_WEB_CONTENTS
{
  "id": 4,
  "state": "empty-page",
  "teamId": "T02R0MMHK"
}
[04/27/18, 09:19:55:507] info: Store: UPSERT_WEB_CONTENTS
{
  "id": 4,
  "state": "page-will-navigate",
  "teamId": "T02R0MMHK"
}
[04/27/18, 09:19:55:977] info: Store: UPDATE_SESSION_STATUS
{
  "hasValidSession": true,
  "teamId": "T4HEMM0UR"
}
[04/27/18, 09:19:56:002] info: Store: UPDATE_SESSION_STATUS
{
  "hasValidSession": true,
  "teamId": "T5YEC6G73"
}
[04/27/18, 09:19:56:041] info: Store: UPDATE_SESSION_STATUS
{
  "hasValidSession": true,
  "teamId": "T02R0MMHK"
}
[04/27/18, 09:19:56:280] info: Store: SET_NETWORK_STATUS online
[04/27/18, 09:19:56:286] info: Store: MAIN_WINDOW_SHOWN
[05/01/18, 14:10:17:213] info: ╔════════════════════════════════════════════════════════════════════════════╗
[05/01/18, 14:10:17:214] info: ║      Slack 3.1.1, linux 4.16.5-1-zen on x64 at 05/01/18, 14:10:17:206      ║
[05/01/18, 14:10:17:214] info: ╚════════════════════════════════════════════════════════════════════════════╝
[05/01/18, 14:10:17:424] info: Initializing local storage instance at path: /home/nitoli/.config/Slack/local-settings.json
[05/01/18, 14:10:18:378] error: Calls failed to load, bailing
[05/01/18, 14:10:18:380] info: cld3::loadModule: loading cld3 module
[05/01/18, 14:10:18:425] info: cld3Loader::loadModule: running environment is NODE
[05/01/18, 14:10:18:425] info: cld3Loader::loadModule: constructed module object for runtime
[05/01/18, 14:10:19:122] info: cld3Loader::initializeRuntime: successfully initialized module
[05/01/18, 14:10:19:123] info: cld3Loader::loadModule: initialized wasm binary Runtime
[05/01/18, 14:10:19:132] warn: updateSpellcheckerLanguage: Tried to update language, but spellchecker not initialized
[05/01/18, 14:10:19:133] info: SSBIntegration: Main window preload script loaded 2818.642423
[05/01/18, 14:10:24:463] info: Store: UPSERT_WEB_CONTENTS
{
  "id": 3,
  "state": "loaded",
  "teamId": "T5YEC6G73"
}
[05/01/18, 14:10:24:468] info: Store: MAIN_WINDOW_SHOWN
[05/01/18, 14:10:27:050] info: Store: UPDATE_SESSION_STATUS
{
  "hasValidSession": true,
  "teamId": "T5YEC6G73"
}
[05/01/18, 14:10:27:769] info: Store: SAVE_WINDOW_SETTINGS
{
  "isMaximized": false,
  "position": [
    10,
    1122
  ],
  "size": [
    1900,
    1002
  ]
}
[05/01/18, 14:10:27:773] info: Store: SELECT_CHANNEL C8Y1H7TEE
[05/01/18, 14:10:27:774] info: Store: UPDATE_TEAM_LOCALE
{
  "locale": "en-US"
}
[05/01/18, 14:10:27:774] info: Store: UPDATE_SETTINGS
{
  "locale": "en-US"
}
[05/01/18, 14:10:27:777] info: Store: SELECT_CHANNEL C04Q8GKJA
[05/01/18, 14:10:27:777] info: Store: UPDATE_TEAM_LOCALE
{
  "locale": "en-US"
}
[05/01/18, 14:10:27:780] info: Store: UPDATE_TEAM_LOCALE
{
  "locale": "en-US"
}
[05/01/18, 14:10:27:780] info: Store: UPSERT_WEB_CONTENTS
{
  "id": 3,
  "state": "webapp-loaded",
  "teamId": "T5YEC6G73"
}
[05/01/18, 14:10:27:783] info: Store: SELECT_CHANNEL C4JRHEQB1
[05/01/18, 14:10:27:783] info: Store: UPDATE_TEAM_LOCALE
{
  "locale": "ja-JP"
}
[05/01/18, 14:10:27:784] info: Store: UPSERT_WEB_CONTENTS
{
  "id": 4,
  "state": "loaded",
  "teamId": "T02R0MMHK"
}
[05/01/18, 14:10:27:795] info: Store: UPSERT_WEB_CONTENTS
{
  "id": 5,
  "state": "loaded",
  "teamId": "T4HEMM0UR"
}
[05/01/18, 14:10:27:851] info: Store: UPDATE_TEAM_LOCALE
{
  "locale": "en-US"
}
[05/01/18, 14:10:27:851] info: Store: UPSERT_WEB_CONTENTS
{
  "id": 4,
  "state": "webapp-loaded",
  "teamId": "T02R0MMHK"
}
[05/01/18, 14:10:27:852] info: Store: UPDATE_SESSION_STATUS
{
  "hasValidSession": true,
  "teamId": "T02R0MMHK"
}
[05/01/18, 14:10:27:852] info: Store: STORE_API_TOKEN
{
  "teamId": "T5YEC6G73",
  "token": "xoxs-⋯"
}
[05/01/18, 14:10:27:856] info: Store: UPDATE_TEAM_THEME
{
  "teamId": "T5YEC6G73",
  "theme": {
    "active_item": "#4C9689",
    "active_item_text": "#FFFFFF",
    "active_presence": "#38978D",
    "badge": "#EB4D5C",
    "column_bg": "#4D394B",
    "hover_item": "#3E313C",
    "menu_bg": "#3E313C",
    "text_color": "#FFFFFF"
  }
}
[05/01/18, 14:10:27:856] info: Store: UPDATE_SESSION_STATUS
{
  "hasValidSession": true,
  "teamId": "T4HEMM0UR"
}
[05/01/18, 14:10:27:857] info: Store: UPDATE_TEAM_THEME
{
  "teamId": "T02R0MMHK",
  "theme": {
    "active_item": "#4C9689",
    "active_item_text": "#FFFFFF",
    "active_presence": "#38978D",
    "badge": "#EB4D5C",
    "column_bg": "#4D394B",
    "hover_item": "#3E313C",
    "menu_bg": "#3E313C",
    "text_color": "#FFFFFF"
  }
}
[05/01/18, 14:10:27:857] info: Store: STORE_API_TOKEN
{
  "teamId": "T02R0MMHK",
  "token": "xoxs-⋯"
}
[05/01/18, 14:10:27:859] info: Store: UPDATE_TEAM_LOCALE
{
  "locale": "ja-JP"
}
[05/01/18, 14:10:27:859] info: Store: UPSERT_WEB_CONTENTS
{
  "id": 5,
  "state": "webapp-loaded",
  "teamId": "T4HEMM0UR"
}
[05/01/18, 14:10:27:862] info: Store: UPDATE_TEAM_THEME
{
  "teamId": "T4HEMM0UR",
  "theme": {
    "active_item": "#4C9689",
    "active_item_text": "#FFFFFF",
    "active_presence": "#38978D",
    "badge": "#EB4D5C",
    "column_bg": "#4D394B",
    "hover_item": "#3E313C",
    "menu_bg": "#3E313C",
    "text_color": "#FFFFFF"
  }
}
[05/01/18, 14:10:27:866] info: Store: STORE_API_TOKEN
{
  "teamId": "T4HEMM0UR",
  "token": "xoxs-⋯"
}
[05/01/18, 14:10:28:031] info: Store: UPDATE_TEAM_ICONS
{
  "icons": {
    "image_102": "https://slack-files2.s3-us-west-2.amazonaws.com/avatars/2017-03-15/154610708258_f98e05c23845866960a5_102.png",
    "image_132": "https://slack-files2.s3-us-west-2.amazonaws.com/avatars/2017-03-15/154610708258_f98e05c23845866960a5_132.png",
    "image_230": "https://slack-files2.s3-us-west-2.amazonaws.com/avatars/2017-03-15/154610708258_f98e05c23845866960a5_230.png",
    "image_34": "https://slack-files2.s3-us-west-2.amazonaws.com/avatars/2017-03-15/154610708258_f98e05c23845866960a5_34.png",
    "image_44": "https://slack-files2.s3-us-west-2.amazonaws.com/avatars/2017-03-15/154610708258_f98e05c23845866960a5_44.png",
    "image_68": "https://slack-files2.s3-us-west-2.amazonaws.com/avatars/2017-03-15/154610708258_f98e05c23845866960a5_68.png",
    "image_88": "https://slack-files2.s3-us-west-2.amazonaws.com/avatars/2017-03-15/154610708258_f98e05c23845866960a5_88.png",
    "image_original": "https://slack-files2.s3-us-west-2.amazonaws.com/avatars/2017-03-15/154610708258_f98e05c23845866960a5_original.png"
  },
  "teamId": "T4HEMM0UR"
}
[05/01/18, 14:10:28:102] info: Store: UPDATE_TEAM_ICONS
{
  "icons": {
    "image_102": "https://slack-files2.s3-us-west-2.amazonaws.com/avatars/2017-06-28/205110093367_6705e64b9b4a8299bd1f_102.png",
    "image_132": "https://slack-files2.s3-us-west-2.amazonaws.com/avatars/2017-06-28/205110093367_6705e64b9b4a8299bd1f_132.png",
    "image_230": "https://slack-files2.s3-us-west-2.amazonaws.com/avatars/2017-06-28/205110093367_6705e64b9b4a8299bd1f_230.png",
    "image_34": "https://slack-files2.s3-us-west-2.amazonaws.com/avatars/2017-06-28/205110093367_6705e64b9b4a8299bd1f_34.png",
    "image_44": "https://slack-files2.s3-us-west-2.amazonaws.com/avatars/2017-06-28/205110093367_6705e64b9b4a8299bd1f_44.png",
    "image_68": "https://slack-files2.s3-us-west-2.amazonaws.com/avatars/2017-06-28/205110093367_6705e64b9b4a8299bd1f_68.png",
    "image_88": "https://slack-files2.s3-us-west-2.amazonaws.com/avatars/2017-06-28/205110093367_6705e64b9b4a8299bd1f_88.png",
    "image_original": "https://slack-files2.s3-us-west-2.amazonaws.com/avatars/2017-06-28/205110093367_6705e64b9b4a8299bd1f_original.png"
  },
  "teamId": "T5YEC6G73"
}
[05/01/18, 14:10:28:367] info: Store: UPDATE_TEAM_ICONS
{
  "icons": {
    "image_102": "https://slack-files2.s3-us-west-2.amazonaws.com/avatars/2015-01-14/3400695805_06e3ed8a8ae7228d7c54_102.jpg",
    "image_132": "https://slack-files2.s3-us-west-2.amazonaws.com/avatars/2015-01-14/3400695805_06e3ed8a8ae7228d7c54_132.jpg",
    "image_230": "https://slack-files2.s3-us-west-2.amazonaws.com/avatars/2015-01-14/3400695805_06e3ed8a8ae7228d7c54_132.jpg",
    "image_34": "https://slack-files2.s3-us-west-2.amazonaws.com/avatars/2015-01-14/3400695805_06e3ed8a8ae7228d7c54_34.jpg",
    "image_44": "https://slack-files2.s3-us-west-2.amazonaws.com/avatars/2015-01-14/3400695805_06e3ed8a8ae7228d7c54_44.jpg",
    "image_68": "https://slack-files2.s3-us-west-2.amazonaws.com/avatars/2015-01-14/3400695805_06e3ed8a8ae7228d7c54_68.jpg",
    "image_88": "https://slack-files2.s3-us-west-2.amazonaws.com/avatars/2015-01-14/3400695805_06e3ed8a8ae7228d7c54_88.jpg",
    "image_original": "https://slack-files2.s3-us-west-2.amazonaws.com/avatars/2015-01-14/3400695805_06e3ed8a8ae7228d7c54_original.jpg"
  },
  "teamId": "T02R0MMHK"
}
[05/01/18, 14:13:02:558] info: Store: QUIT_APP
[05/01/18, 14:13:02:567] info: Store: UPDATE_TEAM_USAGE
{
  "T5YEC6G73": 158375
}
[05/01/18, 14:13:02:604] info: Store: REMOVE_WINDOW 2
[05/01/18, 14:13:02:609] info: Store: SET_FULL_SCREEN
[05/01/18, 14:13:02:637] info: Store: QUIT_APP
[05/02/18, 08:33:24:155] info: ╔════════════════════════════════════════════════════════════════════════════╗
[05/02/18, 08:33:24:156] info: ║      Slack 3.1.1, linux 4.16.5-1-zen on x64 at 05/02/18, 08:33:24:151      ║
[05/02/18, 08:33:24:156] info: ╚════════════════════════════════════════════════════════════════════════════╝
[05/02/18, 08:33:24:619] info: Initializing local storage instance at path: /home/nitoli/.config/Slack/local-settings.json
[05/02/18, 08:33:25:520] error: Calls failed to load, bailing
[05/02/18, 08:33:25:522] info: cld3::loadModule: loading cld3 module
[05/02/18, 08:33:25:612] info: cld3Loader::loadModule: running environment is NODE
[05/02/18, 08:33:25:613] info: cld3Loader::loadModule: constructed module object for runtime
[05/02/18, 08:33:26:512] info: cld3Loader::initializeRuntime: successfully initialized module
[05/02/18, 08:33:26:513] info: cld3Loader::loadModule: initialized wasm binary Runtime
[05/02/18, 08:33:26:521] warn: updateSpellcheckerLanguage: Tried to update language, but spellchecker not initialized
[05/02/18, 08:33:26:523] info: SSBIntegration: Main window preload script loaded 3290.499456
[05/02/18, 08:33:26:538] info: Store: UPSERT_WEB_CONTENTS
{
  "id": 5,
  "state": "loaded",
  "teamId": "T4HEMM0UR"
}
[05/02/18, 08:33:26:541] info: Store: UPSERT_WEB_CONTENTS
{
  "id": 5,
  "state": "empty-page",
  "teamId": "T4HEMM0UR"
}
[05/02/18, 08:33:26:541] info: Store: UPSERT_WEB_CONTENTS
{
  "id": 5,
  "state": "page-will-navigate",
  "teamId": "T4HEMM0UR"
}
[05/02/18, 08:33:26:542] info: Store: UPSERT_WEB_CONTENTS
{
  "id": 4,
  "state": "loaded",
  "teamId": "T5YEC6G73"
}
[05/02/18, 08:33:26:542] info: Store: UPSERT_WEB_CONTENTS
{
  "id": 4,
  "state": "empty-page",
  "teamId": "T5YEC6G73"
}
[05/02/18, 08:33:26:544] info: Store: UPSERT_WEB_CONTENTS
{
  "id": 3,
  "state": "loaded",
  "teamId": "T02R0MMHK"
}
[05/02/18, 08:33:26:545] info: Store: UPSERT_WEB_CONTENTS
{
  "id": 4,
  "state": "page-will-navigate",
  "teamId": "T5YEC6G73"
}
[05/02/18, 08:33:26:557] info: Store: UPSERT_WEB_CONTENTS
{
  "id": 3,
  "state": "empty-page",
  "teamId": "T02R0MMHK"
}
[05/02/18, 08:33:26:567] info: Store: UPSERT_WEB_CONTENTS
{
  "id": 3,
  "state": "page-will-navigate",
  "teamId": "T02R0MMHK"
}
[05/02/18, 08:33:26:569] info: Window is unloading, winssb is no longer accessible
[05/02/18, 08:33:26:851] info: Store: UPDATE_SESSION_STATUS
{
  "hasValidSession": true,
  "teamId": "T4HEMM0UR"
}
[05/02/18, 08:33:26:904] info: Store: UPDATE_SESSION_STATUS
{
  "hasValidSession": true,
  "teamId": "T5YEC6G73"
}
[05/02/18, 08:33:26:915] info: Store: UPDATE_SESSION_STATUS
{
  "hasValidSession": true,
  "teamId": "T02R0MMHK"
}
[05/02/18, 08:33:27:157] info: Store: SET_NETWORK_STATUS online
[05/02/18, 08:33:27:161] info: Store: MAIN_WINDOW_SHOWN
