[05/01/18, 23:10:50:276] info: ╔════════════════════════════════════════════════════════════════════════════╗
[05/01/18, 23:10:50:277] info: ║      Slack 3.1.1, linux 4.16.5-1-zen on x64 at 05/01/18, 23:10:50:271      ║
[05/01/18, 23:10:50:278] info: ╚════════════════════════════════════════════════════════════════════════════╝
[05/01/18, 23:10:50:394] info: Initializing local storage instance at path: /home/nitoli/.config/Slack/local-settings.json
[05/01/18, 23:10:50:818] error: Calls failed to load, bailing
[05/01/18, 23:10:50:820] info: cld3::loadModule: loading cld3 module
[05/01/18, 23:10:50:849] info: cld3Loader::loadModule: running environment is NODE
[05/01/18, 23:10:50:849] info: cld3Loader::loadModule: constructed module object for runtime
[05/01/18, 23:10:51:182] info: cld3Loader::initializeRuntime: successfully initialized module
[05/01/18, 23:10:51:182] info: cld3Loader::loadModule: initialized wasm binary Runtime
[05/01/18, 23:10:51:185] warn: updateSpellcheckerLanguage: Tried to update language, but spellchecker not initialized
[05/01/18, 23:10:51:186] info: SSBIntegration: Main window preload script loaded 1283.605782
[05/01/18, 23:10:54:571] info: Store: UPSERT_WEB_CONTENTS
{
  "id": 3,
  "state": "loaded",
  "teamId": "T5YEC6G73"
}
[05/01/18, 23:10:54:593] info: Store: MAIN_WINDOW_SHOWN
[05/01/18, 23:10:57:094] info: Store: UPSERT_WEB_CONTENTS
{
  "id": 5,
  "state": "loaded",
  "teamId": "T4HEMM0UR"
}
[05/01/18, 23:10:57:143] info: Store: UPDATE_SESSION_STATUS
{
  "hasValidSession": true,
  "teamId": "T5YEC6G73"
}
[05/01/18, 23:10:57:514] info: postLoadTaskSetup: Desktop client fully loaded
{
  "loadedTime": 10816.015558
}
[05/01/18, 23:10:57:652] info: Store: UPDATE_SESSION_STATUS
{
  "hasValidSession": true,
  "teamId": "T4HEMM0UR"
}
[05/01/18, 23:10:57:657] info: Store: SELECT_CHANNEL C04Q8GKJA
[05/01/18, 23:10:57:658] info: Store: UPDATE_TEAM_LOCALE
{
  "locale": "en-US"
}
[05/01/18, 23:10:57:658] info: Store: UPDATE_SETTINGS
{
  "locale": "en-US"
}
[05/01/18, 23:10:57:661] info: Store: SELECT_CHANNEL C8Y1H7TEE
[05/01/18, 23:10:57:661] info: Store: UPDATE_TEAM_LOCALE
{
  "locale": "en-US",
  "teamId": "T5YEC6G73"
}
[05/01/18, 23:10:57:662] info: Store: UPDATE_TEAM_THEME
{
  "teamId": "T5YEC6G73",
  "theme": {
    "active_item": "#4C9689",
    "active_item_text": "#FFFFFF",
    "active_presence": "#38978D",
    "badge": "#EB4D5C",
    "column_bg": "#4D394B",
    "hover_item": "#3E313C",
    "menu_bg": "#3E313C",
    "text_color": "#FFFFFF"
  }
}
[05/01/18, 23:10:57:663] info: Store: UPSERT_WEB_CONTENTS
{
  "id": 4,
  "state": "loaded",
  "teamId": "T02R0MMHK"
}
[05/01/18, 23:10:57:678] info: Store: SELECT_CHANNEL C4JRHEQB1
[05/01/18, 23:10:57:678] info: Store: UPDATE_TEAM_LOCALE
{
  "locale": "ja-JP"
}
[05/01/18, 23:10:57:690] info: Store: UPDATE_SESSION_STATUS
{
  "hasValidSession": true,
  "teamId": "T02R0MMHK"
}
[05/01/18, 23:10:57:861] info: Store: UPDATE_TEAM_LOCALE
{
  "locale": "en-US"
}
[05/01/18, 23:10:57:862] info: Store: UPSERT_WEB_CONTENTS
{
  "id": 4,
  "state": "webapp-loaded",
  "teamId": "T02R0MMHK"
}
[05/01/18, 23:10:57:864] info: Store: UPDATE_TEAM_ICONS
{
  "icons": {
    "image_102": "https://slack-files2.s3-us-west-2.amazonaws.com/avatars/2017-06-28/205110093367_6705e64b9b4a8299bd1f_102.png",
    "image_132": "https://slack-files2.s3-us-west-2.amazonaws.com/avatars/2017-06-28/205110093367_6705e64b9b4a8299bd1f_132.png",
    "image_230": "https://slack-files2.s3-us-west-2.amazonaws.com/avatars/2017-06-28/205110093367_6705e64b9b4a8299bd1f_230.png",
    "image_34": "https://slack-files2.s3-us-west-2.amazonaws.com/avatars/2017-06-28/205110093367_6705e64b9b4a8299bd1f_34.png",
    "image_44": "https://slack-files2.s3-us-west-2.amazonaws.com/avatars/2017-06-28/205110093367_6705e64b9b4a8299bd1f_44.png",
    "image_68": "https://slack-files2.s3-us-west-2.amazonaws.com/avatars/2017-06-28/205110093367_6705e64b9b4a8299bd1f_68.png",
    "image_88": "https://slack-files2.s3-us-west-2.amazonaws.com/avatars/2017-06-28/205110093367_6705e64b9b4a8299bd1f_88.png",
    "image_original": "https://slack-files2.s3-us-west-2.amazonaws.com/avatars/2017-06-28/205110093367_6705e64b9b4a8299bd1f_original.png"
  },
  "teamId": "T5YEC6G73"
}
[05/01/18, 23:10:57:865] info: Store: STORE_API_TOKEN
{
  "teamId": "T02R0MMHK",
  "token": "xoxs-⋯"
}
[05/01/18, 23:10:57:865] info: Store: UPDATE_TEAM_ICONS
{
  "icons": {
    "image_102": "https://slack-files2.s3-us-west-2.amazonaws.com/avatars/2017-03-15/154610708258_f98e05c23845866960a5_102.png",
    "image_132": "https://slack-files2.s3-us-west-2.amazonaws.com/avatars/2017-03-15/154610708258_f98e05c23845866960a5_132.png",
    "image_230": "https://slack-files2.s3-us-west-2.amazonaws.com/avatars/2017-03-15/154610708258_f98e05c23845866960a5_230.png",
    "image_34": "https://slack-files2.s3-us-west-2.amazonaws.com/avatars/2017-03-15/154610708258_f98e05c23845866960a5_34.png",
    "image_44": "https://slack-files2.s3-us-west-2.amazonaws.com/avatars/2017-03-15/154610708258_f98e05c23845866960a5_44.png",
    "image_68": "https://slack-files2.s3-us-west-2.amazonaws.com/avatars/2017-03-15/154610708258_f98e05c23845866960a5_68.png",
    "image_88": "https://slack-files2.s3-us-west-2.amazonaws.com/avatars/2017-03-15/154610708258_f98e05c23845866960a5_88.png",
    "image_original": "https://slack-files2.s3-us-west-2.amazonaws.com/avatars/2017-03-15/154610708258_f98e05c23845866960a5_original.png"
  },
  "teamId": "T4HEMM0UR"
}
[05/01/18, 23:10:57:866] info: Store: UPDATE_TEAM_ICONS
{
  "icons": {
    "image_102": "https://slack-files2.s3-us-west-2.amazonaws.com/avatars/2015-01-14/3400695805_06e3ed8a8ae7228d7c54_102.jpg",
    "image_132": "https://slack-files2.s3-us-west-2.amazonaws.com/avatars/2015-01-14/3400695805_06e3ed8a8ae7228d7c54_132.jpg",
    "image_230": "https://slack-files2.s3-us-west-2.amazonaws.com/avatars/2015-01-14/3400695805_06e3ed8a8ae7228d7c54_132.jpg",
    "image_34": "https://slack-files2.s3-us-west-2.amazonaws.com/avatars/2015-01-14/3400695805_06e3ed8a8ae7228d7c54_34.jpg",
    "image_44": "https://slack-files2.s3-us-west-2.amazonaws.com/avatars/2015-01-14/3400695805_06e3ed8a8ae7228d7c54_44.jpg",
    "image_68": "https://slack-files2.s3-us-west-2.amazonaws.com/avatars/2015-01-14/3400695805_06e3ed8a8ae7228d7c54_68.jpg",
    "image_88": "https://slack-files2.s3-us-west-2.amazonaws.com/avatars/2015-01-14/3400695805_06e3ed8a8ae7228d7c54_88.jpg",
    "image_original": "https://slack-files2.s3-us-west-2.amazonaws.com/avatars/2015-01-14/3400695805_06e3ed8a8ae7228d7c54_original.jpg"
  },
  "teamId": "T02R0MMHK"
}
[05/01/18, 23:10:57:874] info: Store: UPDATE_TEAM_LOCALE
{
  "locale": "en-US",
  "teamId": "T5YEC6G73"
}
[05/01/18, 23:10:57:875] info: Store: UPSERT_WEB_CONTENTS
{
  "id": 3,
  "state": "webapp-loaded",
  "teamId": "T5YEC6G73"
}
[05/01/18, 23:10:57:938] info: Store: UPDATE_TEAM_LOCALE
{
  "locale": "ja-JP",
  "teamId": "T4HEMM0UR"
}
[05/01/18, 23:10:57:939] info: Store: UPSERT_WEB_CONTENTS
{
  "id": 5,
  "state": "webapp-loaded",
  "teamId": "T4HEMM0UR"
}
[05/01/18, 23:10:58:026] info: Store: STORE_API_TOKEN
{
  "teamId": "T5YEC6G73",
  "token": "xoxs-⋯"
}
[05/01/18, 23:10:58:060] info: Store: UPDATE_TEAM_THEME
{
  "teamId": "T4HEMM0UR",
  "theme": {
    "active_item": "#4C9689",
    "active_item_text": "#FFFFFF",
    "active_presence": "#38978D",
    "badge": "#EB4D5C",
    "column_bg": "#4D394B",
    "hover_item": "#3E313C",
    "menu_bg": "#3E313C",
    "text_color": "#FFFFFF"
  }
}
[05/01/18, 23:10:58:063] info: Store: STORE_API_TOKEN
{
  "teamId": "T4HEMM0UR",
  "token": "xoxs-⋯"
}
[05/01/18, 23:10:58:655] info: Store: UPDATE_TEAM_THEME
{
  "teamId": "T02R0MMHK",
  "theme": {
    "active_item": "#4C9689",
    "active_item_text": "#FFFFFF",
    "active_presence": "#38978D",
    "badge": "#EB4D5C",
    "column_bg": "#4D394B",
    "hover_item": "#3E313C",
    "menu_bg": "#3E313C",
    "text_color": "#FFFFFF"
  }
}
[05/01/18, 23:10:59:380] info: Raw Locale list: ["C","en_US.utf8","POSIX",""]
[05/01/18, 23:10:59:380] info: Filtered Locale list: ["en_US"]
[05/01/18, 23:10:59:380] info: Counts: {"en":["en_US"]}
[05/01/18, 23:10:59:380] info: Setting en
[05/01/18, 23:10:59:381] info: Result: {"en":"en-US"}
[05/01/18, 23:10:59:382] info: Requesting to load ja-JP, alternatives are ["ja-JP","ja-JP","ja-JP"]
[05/01/18, 23:10:59:383] info: Loading dictionary for language ja-JP
[05/01/18, 23:10:59:384] info: Actually downloading https://redirector.gvt1.com/edgedl/chrome/dict/ja-jp-3-0.bdic
[05/01/18, 23:10:59:931] info: Loading dictionary for language ja-JP
[05/01/18, 23:10:59:932] info: Actually downloading https://redirector.gvt1.com/edgedl/chrome/dict/ja-jp-3-0.bdic
[05/01/18, 23:11:00:359] info: Loading dictionary for language ja-JP
[05/01/18, 23:11:00:360] info: Returning local copy: /home/nitoli/.config/Slack/dictionaries/ja-JP.bdic
[05/01/18, 23:11:00:361] info: Failed to read file /home/nitoli/.config/Slack/dictionaries/ja-JP.bdic: File exists but is most likely bogus
[05/01/18, 23:11:00:362] info: Actually downloading https://redirector.gvt1.com/edgedl/chrome/dict/ja-jp-3-0.bdic
[05/01/18, 23:11:00:843] info: dictionary for ja-JP_ja-JP is not available
[05/01/18, 23:11:00:845] info: Actually installing spell check provider to Electron
[05/01/18, 23:11:03:763] info: Unloading spellchecker
[05/01/18, 23:11:03:770] info: Restoring spellchecker
[05/01/18, 23:11:03:770] info: Requesting to load ja-JP, alternatives are ["ja-JP","ja-JP","ja-JP"]
[05/01/18, 23:11:03:771] info: Loading dictionary for language ja-JP
[05/01/18, 23:11:03:771] info: Returning local copy: /home/nitoli/.config/Slack/dictionaries/ja-JP.bdic
[05/01/18, 23:11:03:786] info: Store: MAIN_WINDOW_FOCUSED
[05/01/18, 23:11:03:788] info: Failed to read file /home/nitoli/.config/Slack/dictionaries/ja-JP.bdic: File exists but is most likely bogus
[05/01/18, 23:11:03:788] info: Actually downloading https://redirector.gvt1.com/edgedl/chrome/dict/ja-jp-3-0.bdic
[05/01/18, 23:11:03:859] info: Store: SELECT_TEAM T02R0MMHK
[05/01/18, 23:11:03:879] info: Unloading spellchecker
[05/01/18, 23:11:03:885] info: Unloading spellchecker
[05/01/18, 23:11:04:055] info: Loading dictionary for language ja-JP
[05/01/18, 23:11:04:056] info: Returning local copy: /home/nitoli/.config/Slack/dictionaries/ja-JP.bdic
[05/01/18, 23:11:04:056] info: Failed to read file /home/nitoli/.config/Slack/dictionaries/ja-JP.bdic: File exists but is most likely bogus
[05/01/18, 23:11:04:056] info: Actually downloading https://redirector.gvt1.com/edgedl/chrome/dict/ja-jp-3-0.bdic
[05/01/18, 23:11:04:290] info: Loading dictionary for language ja-JP
[05/01/18, 23:11:04:290] info: Returning local copy: /home/nitoli/.config/Slack/dictionaries/ja-JP.bdic
[05/01/18, 23:11:04:291] info: Failed to read file /home/nitoli/.config/Slack/dictionaries/ja-JP.bdic: File exists but is most likely bogus
[05/01/18, 23:11:04:291] info: Actually downloading https://redirector.gvt1.com/edgedl/chrome/dict/ja-jp-3-0.bdic
[05/01/18, 23:11:04:542] info: dictionary for ja-JP_ja-JP is not available
[05/01/18, 23:11:05:956] info: Store: SELECT_CHANNEL C02TQ0GUS
[05/01/18, 23:35:23:384] info: Store: MAIN_WINDOW_FOCUSED
[05/01/18, 23:35:23:460] info: Store: SELECT_TEAM T5YEC6G73
[05/01/18, 23:35:23:512] info: Restoring spellchecker
[05/01/18, 23:35:23:514] info: Requesting to load ja-JP, alternatives are ["ja-JP","ja-JP","ja-JP"]
[05/01/18, 23:35:23:515] info: Loading dictionary for language ja-JP
[05/01/18, 23:35:23:519] info: Actually downloading https://redirector.gvt1.com/edgedl/chrome/dict/ja-jp-3-0.bdic
[05/01/18, 23:35:23:572] info: Restoring spellchecker
[05/01/18, 23:35:23:573] info: Requesting to load ja-JP, alternatives are ["ja-JP","ja-JP","ja-JP"]
[05/01/18, 23:35:23:574] info: Loading dictionary for language ja-JP
[05/01/18, 23:35:23:574] info: Actually downloading https://redirector.gvt1.com/edgedl/chrome/dict/ja-jp-3-0.bdic
[05/01/18, 23:35:24:390] info: Loading dictionary for language ja-JP
[05/01/18, 23:35:24:391] info: Returning local copy: /home/nitoli/.config/Slack/dictionaries/ja-JP.bdic
[05/01/18, 23:35:24:393] info: Failed to read file /home/nitoli/.config/Slack/dictionaries/ja-JP.bdic: File exists but is most likely bogus
[05/01/18, 23:35:24:393] info: Actually downloading https://redirector.gvt1.com/edgedl/chrome/dict/ja-jp-3-0.bdic
[05/01/18, 23:35:24:606] info: Loading dictionary for language ja-JP
[05/01/18, 23:35:24:608] info: Returning local copy: /home/nitoli/.config/Slack/dictionaries/ja-JP.bdic
[05/01/18, 23:35:24:616] info: Failed to read file /home/nitoli/.config/Slack/dictionaries/ja-JP.bdic: File exists but is most likely bogus
[05/01/18, 23:35:24:620] info: Actually downloading https://redirector.gvt1.com/edgedl/chrome/dict/ja-jp-3-0.bdic
[05/01/18, 23:35:24:716] info: Loading dictionary for language ja-JP
[05/01/18, 23:35:24:716] info: Returning local copy: /home/nitoli/.config/Slack/dictionaries/ja-JP.bdic
[05/01/18, 23:35:24:717] info: Failed to read file /home/nitoli/.config/Slack/dictionaries/ja-JP.bdic: File exists but is most likely bogus
[05/01/18, 23:35:24:718] info: Actually downloading https://redirector.gvt1.com/edgedl/chrome/dict/ja-jp-3-0.bdic
[05/01/18, 23:35:24:915] info: Loading dictionary for language ja-JP
[05/01/18, 23:35:24:915] info: Returning local copy: /home/nitoli/.config/Slack/dictionaries/ja-JP.bdic
[05/01/18, 23:35:24:917] info: Failed to read file /home/nitoli/.config/Slack/dictionaries/ja-JP.bdic: File exists but is most likely bogus
[05/01/18, 23:35:24:918] info: Actually downloading https://redirector.gvt1.com/edgedl/chrome/dict/ja-jp-3-0.bdic
[05/01/18, 23:35:25:106] info: dictionary for ja-JP_ja-JP is not available
[05/01/18, 23:35:25:270] info: dictionary for ja-JP_ja-JP is not available
[05/01/18, 23:35:31:283] info: Unloading spellchecker
[05/01/18, 23:35:31:332] info: Store: MAIN_WINDOW_FOCUSED
[05/01/18, 23:35:31:345] info: Restoring spellchecker
[05/01/18, 23:35:31:346] info: Requesting to load ja-JP, alternatives are ["ja-JP","ja-JP","ja-JP"]
[05/01/18, 23:35:31:347] info: Loading dictionary for language ja-JP
[05/01/18, 23:35:31:348] info: Returning local copy: /home/nitoli/.config/Slack/dictionaries/ja-JP.bdic
[05/01/18, 23:35:31:384] info: Store: SELECT_TEAM T02R0MMHK
[05/01/18, 23:35:31:410] info: Unloading spellchecker
[05/01/18, 23:35:31:413] info: Unloading spellchecker
[05/01/18, 23:35:31:415] info: Failed to read file /home/nitoli/.config/Slack/dictionaries/ja-JP.bdic: File exists but is most likely bogus
[05/01/18, 23:35:31:416] info: Can't clear out file, bailing
[05/01/18, 23:35:31:418] info: Loading dictionary for language ja-JP
[05/01/18, 23:35:31:418] info: Actually downloading https://redirector.gvt1.com/edgedl/chrome/dict/ja-jp-3-0.bdic
[05/01/18, 23:35:32:204] info: Loading dictionary for language ja-JP
[05/01/18, 23:35:32:205] info: Returning local copy: /home/nitoli/.config/Slack/dictionaries/ja-JP.bdic
[05/01/18, 23:35:32:206] info: Failed to read file /home/nitoli/.config/Slack/dictionaries/ja-JP.bdic: File exists but is most likely bogus
[05/01/18, 23:35:32:207] info: Actually downloading https://redirector.gvt1.com/edgedl/chrome/dict/ja-jp-3-0.bdic
[05/01/18, 23:35:32:675] info: dictionary for ja-JP_ja-JP is not available
[05/01/18, 23:44:13:998] info: Store: SAVE_WINDOW_SETTINGS
{
  "isMaximized": false,
  "position": [
    10,
    42
  ],
  "size": [
    1900,
    1002
  ]
}
[05/01/18, 23:44:15:277] info: Store: SET_FULL_SCREEN
