[04/24/18, 21:27:07:085] info: ╔════════════════════════════════════════════════════════════════════════════╗
[04/24/18, 21:27:07:086] info: ║      Slack 3.1.1, linux 4.16.3-1-zen on x64 at 04/24/18, 21:27:07:080      ║
[04/24/18, 21:27:07:086] info: ╚════════════════════════════════════════════════════════════════════════════╝
[04/24/18, 21:27:08:078] info: Initializing local storage instance at path: /home/nitoli/.config/Slack/local-settings.json
[04/24/18, 21:27:10:149] info: Store: UPSERT_WEB_CONTENTS
{
  "id": 4,
  "state": "loaded",
  "teamId": "T02R0MMHK"
}
[04/24/18, 21:27:10:165] info: Store: UPSERT_WEB_CONTENTS
{
  "id": 4,
  "state": "empty-page",
  "teamId": "T02R0MMHK"
}
[04/24/18, 21:27:10:169] info: Store: UPSERT_WEB_CONTENTS
{
  "id": 4,
  "state": "page-will-navigate",
  "teamId": "T02R0MMHK"
}
[04/24/18, 21:27:10:172] info: Store: UPSERT_WEB_CONTENTS
{
  "id": 3,
  "state": "loaded",
  "teamId": "T5YEC6G73"
}
[04/24/18, 21:27:10:177] info: Store: UPSERT_WEB_CONTENTS
{
  "id": 3,
  "state": "empty-page",
  "teamId": "T5YEC6G73"
}
[04/24/18, 21:27:10:179] info: Store: UPSERT_WEB_CONTENTS
{
  "id": 3,
  "state": "page-will-navigate",
  "teamId": "T5YEC6G73"
}
[04/24/18, 21:27:10:183] info: Store: UPSERT_WEB_CONTENTS
{
  "id": 5,
  "state": "loaded",
  "teamId": "T4HEMM0UR"
}
[04/24/18, 21:27:10:186] info: Store: UPSERT_WEB_CONTENTS
{
  "id": 5,
  "state": "empty-page",
  "teamId": "T4HEMM0UR"
}
[04/24/18, 21:27:10:188] info: Store: UPSERT_WEB_CONTENTS
{
  "id": 5,
  "state": "page-will-navigate",
  "teamId": "T4HEMM0UR"
}
[04/24/18, 21:27:10:272] info: Store: SET_NETWORK_STATUS offline
[04/24/18, 21:27:10:466] warn: Tried to determine signed in status, but errored.
{
  "error": {
    "message": "Failed to fetch",
    "stack": "TypeError: Failed to fetch"
  }
}
[04/24/18, 21:27:10:467] warn: Tried to determine signed in status, but errored.
{
  "error": {
    "message": "Failed to fetch",
    "stack": "TypeError: Failed to fetch"
  }
}
[04/24/18, 21:27:10:467] warn: Tried to determine signed in status, but errored.
{
  "error": {
    "message": "Failed to fetch",
    "stack": "TypeError: Failed to fetch"
  }
}
[04/24/18, 21:27:10:544] info: Store: UPDATE_SESSION_STATUS
{
  "hasValidSession": null,
  "teamId": "T5YEC6G73"
}
[04/24/18, 21:27:10:549] info: Store: UPDATE_SESSION_STATUS
{
  "hasValidSession": null,
  "teamId": "T4HEMM0UR"
}
[04/24/18, 21:27:10:553] info: Store: UPDATE_SESSION_STATUS
{
  "hasValidSession": null,
  "teamId": "T02R0MMHK"
}
[04/24/18, 21:27:11:758] info: Store: UPSERT_WEB_CONTENTS
{
  "id": 4,
  "state": "loaded",
  "teamId": "T02R0MMHK"
}
[04/24/18, 21:27:11:779] info: Store: UPSERT_WEB_CONTENTS
{
  "id": 4,
  "state": "empty-page",
  "teamId": "T02R0MMHK"
}
[04/24/18, 21:27:11:873] warn: Tried to determine signed in status, but errored.
{
  "error": {
    "message": "Failed to fetch",
    "stack": "TypeError: Failed to fetch"
  }
}
[04/24/18, 21:27:11:876] info: Store: UPDATE_SESSION_STATUS
{
  "hasValidSession": null,
  "teamId": "T02R0MMHK"
}
[04/24/18, 21:27:11:969] info: Store: UPSERT_WEB_CONTENTS
{
  "id": 3,
  "state": "loaded",
  "teamId": "T5YEC6G73"
}
[04/24/18, 21:27:11:998] info: Store: UPSERT_WEB_CONTENTS
{
  "id": 3,
  "state": "empty-page",
  "teamId": "T5YEC6G73"
}
[04/24/18, 21:27:12:083] warn: Tried to determine signed in status, but errored.
{
  "error": {
    "message": "Failed to fetch",
    "stack": "TypeError: Failed to fetch"
  }
}
[04/24/18, 21:27:12:094] info: Store: UPDATE_SESSION_STATUS
{
  "hasValidSession": null,
  "teamId": "T5YEC6G73"
}
[04/24/18, 21:27:12:127] info: Store: UPSERT_WEB_CONTENTS
{
  "id": 5,
  "state": "loaded",
  "teamId": "T4HEMM0UR"
}
[04/24/18, 21:27:12:142] info: Store: UPSERT_WEB_CONTENTS
{
  "id": 5,
  "state": "empty-page",
  "teamId": "T4HEMM0UR"
}
[04/24/18, 21:27:12:234] warn: Tried to determine signed in status, but errored.
{
  "error": {
    "message": "Failed to fetch",
    "stack": "TypeError: Failed to fetch"
  }
}
[04/24/18, 21:27:12:236] info: Store: UPDATE_SESSION_STATUS
{
  "hasValidSession": null,
  "teamId": "T4HEMM0UR"
}
[04/24/18, 21:27:28:119] info: Store: QUIT_APP
[04/24/18, 21:27:28:182] info: Store: REMOVE_WINDOW 2
[04/24/18, 21:27:28:238] info: Store: QUIT_APP
[04/24/18, 23:53:44:524] info: ╔════════════════════════════════════════════════════════════════════════════╗
[04/24/18, 23:53:44:525] info: ║      Slack 3.1.1, linux 4.16.3-1-zen on x64 at 04/24/18, 23:53:44:520      ║
[04/24/18, 23:53:44:525] info: ╚════════════════════════════════════════════════════════════════════════════╝
[04/24/18, 23:53:44:898] info: Initializing local storage instance at path: /home/nitoli/.config/Slack/local-settings.json
[04/24/18, 23:53:46:152] error: Calls failed to load, bailing
[04/24/18, 23:53:46:162] info: cld3::loadModule: loading cld3 module
[04/24/18, 23:53:46:297] info: cld3Loader::loadModule: running environment is NODE
[04/24/18, 23:53:46:297] info: cld3Loader::loadModule: constructed module object for runtime
[04/24/18, 23:53:46:896] info: cld3Loader::initializeRuntime: successfully initialized module
[04/24/18, 23:53:46:896] info: cld3Loader::loadModule: initialized wasm binary Runtime
[04/24/18, 23:53:46:901] warn: updateSpellcheckerLanguage: Tried to update language, but spellchecker not initialized
[04/24/18, 23:53:46:901] info: SSBIntegration: Main window preload script loaded 3557.73965
[04/24/18, 23:53:46:908] info: Store: UPSERT_WEB_CONTENTS
{
  "id": 4,
  "state": "loaded",
  "teamId": "T5YEC6G73"
}
[04/24/18, 23:53:46:911] info: Store: UPSERT_WEB_CONTENTS
{
  "id": 4,
  "state": "empty-page",
  "teamId": "T5YEC6G73"
}
[04/24/18, 23:53:46:912] info: Store: UPSERT_WEB_CONTENTS
{
  "id": 4,
  "state": "page-will-navigate",
  "teamId": "T5YEC6G73"
}
[04/24/18, 23:53:46:912] info: Store: UPSERT_WEB_CONTENTS
{
  "id": 5,
  "state": "loaded",
  "teamId": "T4HEMM0UR"
}
[04/24/18, 23:53:46:913] info: Store: UPSERT_WEB_CONTENTS
{
  "id": 5,
  "state": "empty-page",
  "teamId": "T4HEMM0UR"
}
[04/24/18, 23:53:46:913] info: Store: UPSERT_WEB_CONTENTS
{
  "id": 5,
  "state": "page-will-navigate",
  "teamId": "T4HEMM0UR"
}
[04/24/18, 23:53:46:918] info: Store: UPSERT_WEB_CONTENTS
{
  "id": 3,
  "state": "loaded",
  "teamId": "T02R0MMHK"
}
[04/24/18, 23:53:46:923] info: Store: UPSERT_WEB_CONTENTS
{
  "id": 3,
  "state": "empty-page",
  "teamId": "T02R0MMHK"
}
[04/24/18, 23:53:46:927] info: Store: UPSERT_WEB_CONTENTS
{
  "id": 3,
  "state": "page-will-navigate",
  "teamId": "T02R0MMHK"
}
[04/24/18, 23:53:46:929] info: Window is unloading, winssb is no longer accessible
[04/24/18, 23:53:46:947] info: Store: SET_NETWORK_STATUS offline
[04/24/18, 23:53:47:375] info: Store: UPDATE_SESSION_STATUS
{
  "hasValidSession": true,
  "teamId": "T5YEC6G73"
}
[04/24/18, 23:53:47:391] info: Store: UPDATE_SESSION_STATUS
{
  "hasValidSession": true,
  "teamId": "T02R0MMHK"
}
[04/24/18, 23:53:47:411] info: Store: UPDATE_SESSION_STATUS
{
  "hasValidSession": true,
  "teamId": "T4HEMM0UR"
}
[04/24/18, 23:53:47:676] info: Store: SET_NETWORK_STATUS online
[04/24/18, 23:53:47:679] info: Store: MAIN_WINDOW_SHOWN
[04/26/18, 16:46:18:176] info: ╔════════════════════════════════════════════════════════════════════════════╗
[04/26/18, 16:46:18:181] info: ║      Slack 3.1.1, linux 4.16.3-1-zen on x64 at 04/26/18, 16:46:18:163      ║
[04/26/18, 16:46:18:181] info: ╚════════════════════════════════════════════════════════════════════════════╝
[04/26/18, 16:46:18:520] info: Initializing local storage instance at path: /home/nitoli/.config/Slack/local-settings.json
[04/26/18, 16:46:19:568] error: Calls failed to load, bailing
[04/26/18, 16:46:19:577] info: cld3::loadModule: loading cld3 module
[04/26/18, 16:46:19:618] info: cld3Loader::loadModule: running environment is NODE
[04/26/18, 16:46:19:618] info: cld3Loader::loadModule: constructed module object for runtime
[04/26/18, 16:46:20:244] info: cld3Loader::initializeRuntime: successfully initialized module
[04/26/18, 16:46:20:244] info: cld3Loader::loadModule: initialized wasm binary Runtime
[04/26/18, 16:46:20:250] warn: updateSpellcheckerLanguage: Tried to update language, but spellchecker not initialized
[04/26/18, 16:46:20:252] info: SSBIntegration: Main window preload script loaded 2930.260853
[04/26/18, 16:46:20:275] info: Store: UPSERT_WEB_CONTENTS
{
  "id": 3,
  "state": "loaded",
  "teamId": "T5YEC6G73"
}
[04/26/18, 16:46:20:281] info: Store: UPSERT_WEB_CONTENTS
{
  "id": 3,
  "state": "empty-page",
  "teamId": "T5YEC6G73"
}
[04/26/18, 16:46:20:289] info: Store: UPSERT_WEB_CONTENTS
{
  "id": 5,
  "state": "loaded",
  "teamId": "T4HEMM0UR"
}
[04/26/18, 16:46:20:313] info: Store: UPSERT_WEB_CONTENTS
{
  "id": 3,
  "state": "page-will-navigate",
  "teamId": "T5YEC6G73"
}
[04/26/18, 16:46:20:315] info: Store: UPSERT_WEB_CONTENTS
{
  "id": 5,
  "state": "empty-page",
  "teamId": "T4HEMM0UR"
}
[04/26/18, 16:46:20:322] info: Store: UPSERT_WEB_CONTENTS
{
  "id": 5,
  "state": "page-will-navigate",
  "teamId": "T4HEMM0UR"
}
[04/26/18, 16:46:20:327] info: Window is unloading, winssb is no longer accessible
[05/01/18, 14:18:06:116] info: ╔════════════════════════════════════════════════════════════════════════════╗
[05/01/18, 14:18:06:118] info: ║      Slack 3.1.1, linux 4.16.5-1-zen on x64 at 05/01/18, 14:18:06:112      ║
[05/01/18, 14:18:06:118] info: ╚════════════════════════════════════════════════════════════════════════════╝
[05/01/18, 14:18:06:251] info: Initializing local storage instance at path: /home/nitoli/.config/Slack/local-settings.json
[05/01/18, 14:18:08:092] info: Store: SET_NETWORK_STATUS online
[05/01/18, 14:18:20:255] info: Store: SELECT_CHANNEL C8Y1H7TEE
[05/01/18, 14:18:20:262] info: Store: UPDATE_TEAM_LOCALE
{
  "locale": "en-US"
}
[05/01/18, 14:18:20:271] info: Store: UPDATE_SETTINGS
{
  "locale": "en-US"
}
[05/01/18, 14:18:20:893] info: Store: UPSERT_WEB_CONTENTS
{
  "id": 3,
  "state": "loaded",
  "teamId": "T5YEC6G73"
}
[05/01/18, 14:18:20:948] info: Store: MAIN_WINDOW_SHOWN
[05/01/18, 15:27:32:291] info: ╔════════════════════════════════════════════════════════════════════════════╗
[05/01/18, 15:27:32:292] info: ║      Slack 3.1.1, linux 4.16.5-1-zen on x64 at 05/01/18, 15:27:32:287      ║
[05/01/18, 15:27:32:292] info: ╚════════════════════════════════════════════════════════════════════════════╝
[05/01/18, 15:27:33:194] info: Initializing local storage instance at path: /home/nitoli/.config/Slack/local-settings.json
[05/01/18, 15:27:33:596] info: NetworkStatus: Waiting for network online…
[05/01/18, 15:27:35:022] info: Store: UPSERT_WEB_CONTENTS
{
  "id": 4,
  "state": "loaded",
  "teamId": "T02R0MMHK"
}
[05/01/18, 15:27:35:029] info: Store: UPSERT_WEB_CONTENTS
{
  "id": 4,
  "state": "empty-page",
  "teamId": "T02R0MMHK"
}
[05/01/18, 15:27:35:031] info: Store: UPSERT_WEB_CONTENTS
{
  "id": 4,
  "state": "page-will-navigate",
  "teamId": "T02R0MMHK"
}
[05/01/18, 15:27:35:034] info: Store: UPSERT_WEB_CONTENTS
{
  "id": 3,
  "state": "loaded",
  "teamId": "T5YEC6G73"
}
[05/01/18, 15:27:35:039] info: Store: UPSERT_WEB_CONTENTS
{
  "id": 3,
  "state": "empty-page",
  "teamId": "T5YEC6G73"
}
[05/01/18, 15:27:35:041] info: Store: UPSERT_WEB_CONTENTS
{
  "id": 3,
  "state": "page-will-navigate",
  "teamId": "T5YEC6G73"
}
[05/01/18, 15:27:35:043] info: Store: UPSERT_WEB_CONTENTS
{
  "id": 5,
  "state": "loaded",
  "teamId": "T4HEMM0UR"
}
[05/01/18, 15:27:35:045] info: Store: UPSERT_WEB_CONTENTS
{
  "id": 5,
  "state": "empty-page",
  "teamId": "T4HEMM0UR"
}
[05/01/18, 15:27:35:047] info: Store: UPSERT_WEB_CONTENTS
{
  "id": 5,
  "state": "page-will-navigate",
  "teamId": "T4HEMM0UR"
}
[05/01/18, 15:27:35:398] info: Store: UPDATE_SESSION_STATUS
{
  "hasValidSession": true,
  "teamId": "T5YEC6G73"
}
[05/01/18, 15:27:35:409] info: Store: UPDATE_SESSION_STATUS
{
  "hasValidSession": true,
  "teamId": "T4HEMM0UR"
}
[05/01/18, 15:27:35:736] info: NetworkStatus: Response from api.test
{
  "status": "online"
}
[05/01/18, 15:27:35:794] info: Store: UPDATE_SESSION_STATUS
{
  "hasValidSession": true,
  "teamId": "T02R0MMHK"
}
[05/01/18, 15:27:36:138] info: Store: SET_NETWORK_STATUS online
[05/01/18, 15:27:36:150] info: Store: MAIN_WINDOW_SHOWN
[05/01/18, 15:27:43:400] info: Store: SELECT_CHANNEL C04Q8GKJA
[05/01/18, 15:27:43:413] info: Store: UPDATE_TEAM_LOCALE
{
  "locale": "en-US"
}
[05/01/18, 15:27:43:428] info: Store: UPDATE_SETTINGS
{
  "locale": "en-US"
}
[05/01/18, 15:27:44:036] info: Store: UPSERT_WEB_CONTENTS
{
  "id": 4,
  "state": "loaded",
  "teamId": "T02R0MMHK"
}
[05/01/18, 15:27:44:349] info: Store: SELECT_CHANNEL C8Y1H7TEE
[05/01/18, 15:27:44:358] info: Store: UPDATE_TEAM_LOCALE
{
  "locale": "en-US"
}
[05/01/18, 15:27:44:422] info: Store: UPDATE_TEAM_LOCALE
{
  "locale": "en-US"
}
[05/01/18, 15:27:44:428] info: Store: UPSERT_WEB_CONTENTS
{
  "id": 4,
  "state": "webapp-loaded",
  "teamId": "T02R0MMHK"
}
[05/01/18, 15:27:44:461] info: Store: UPDATE_SESSION_STATUS
{
  "hasValidSession": true,
  "teamId": "T02R0MMHK"
}
[05/01/18, 15:27:44:610] info: Store: SELECT_CHANNEL C4JRHEQB1
[05/01/18, 15:27:44:615] info: Store: UPDATE_TEAM_LOCALE
{
  "locale": "ja-JP"
}
[05/01/18, 15:27:44:677] info: Store: UPDATE_TEAM_THEME
{
  "teamId": "T02R0MMHK",
  "theme": {
    "active_item": "#4C9689",
    "active_item_text": "#FFFFFF",
    "active_presence": "#38978D",
    "badge": "#EB4D5C",
    "column_bg": "#4D394B",
    "hover_item": "#3E313C",
    "menu_bg": "#3E313C",
    "text_color": "#FFFFFF"
  }
}
[05/01/18, 15:27:44:700] info: Store: STORE_API_TOKEN
{
  "teamId": "T02R0MMHK",
  "token": "xoxs-⋯"
}
[05/01/18, 15:27:44:718] info: Store: UPDATE_TEAM_ICONS
{
  "icons": {
    "image_102": "https://slack-files2.s3-us-west-2.amazonaws.com/avatars/2015-01-14/3400695805_06e3ed8a8ae7228d7c54_102.jpg",
    "image_132": "https://slack-files2.s3-us-west-2.amazonaws.com/avatars/2015-01-14/3400695805_06e3ed8a8ae7228d7c54_132.jpg",
    "image_230": "https://slack-files2.s3-us-west-2.amazonaws.com/avatars/2015-01-14/3400695805_06e3ed8a8ae7228d7c54_132.jpg",
    "image_34": "https://slack-files2.s3-us-west-2.amazonaws.com/avatars/2015-01-14/3400695805_06e3ed8a8ae7228d7c54_34.jpg",
    "image_44": "https://slack-files2.s3-us-west-2.amazonaws.com/avatars/2015-01-14/3400695805_06e3ed8a8ae7228d7c54_44.jpg",
    "image_68": "https://slack-files2.s3-us-west-2.amazonaws.com/avatars/2015-01-14/3400695805_06e3ed8a8ae7228d7c54_68.jpg",
    "image_88": "https://slack-files2.s3-us-west-2.amazonaws.com/avatars/2015-01-14/3400695805_06e3ed8a8ae7228d7c54_88.jpg",
    "image_original": "https://slack-files2.s3-us-west-2.amazonaws.com/avatars/2015-01-14/3400695805_06e3ed8a8ae7228d7c54_original.jpg"
  },
  "teamId": "T02R0MMHK"
}
[05/01/18, 15:27:44:784] info: Store: UPSERT_WEB_CONTENTS
{
  "id": 3,
  "state": "loaded",
  "teamId": "T5YEC6G73"
}
[05/01/18, 15:27:44:999] info: Store: UPSERT_WEB_CONTENTS
{
  "id": 5,
  "state": "loaded",
  "teamId": "T4HEMM0UR"
}
[05/01/18, 15:27:45:308] info: Store: UPDATE_SESSION_STATUS
{
  "hasValidSession": true,
  "teamId": "T5YEC6G73"
}
[05/01/18, 15:27:45:431] info: Store: UPDATE_TEAM_LOCALE
{
  "locale": "ja-JP"
}
[05/01/18, 15:27:45:442] info: Store: UPSERT_WEB_CONTENTS
{
  "id": 5,
  "state": "webapp-loaded",
  "teamId": "T4HEMM0UR"
}
[05/01/18, 15:27:45:496] info: Store: UPDATE_TEAM_LOCALE
{
  "locale": "en-US"
}
[05/01/18, 15:27:45:513] info: Store: UPSERT_WEB_CONTENTS
{
  "id": 3,
  "state": "webapp-loaded",
  "teamId": "T5YEC6G73"
}
[05/01/18, 15:27:45:549] info: Store: UPDATE_SESSION_STATUS
{
  "hasValidSession": true,
  "teamId": "T4HEMM0UR"
}
[05/01/18, 15:27:45:570] info: Store: STORE_API_TOKEN
{
  "teamId": "T4HEMM0UR",
  "token": "xoxs-⋯"
}
[05/01/18, 15:27:45:575] info: Store: UPDATE_TEAM_THEME
{
  "teamId": "T4HEMM0UR",
  "theme": {
    "active_item": "#4C9689",
    "active_item_text": "#FFFFFF",
    "active_presence": "#38978D",
    "badge": "#EB4D5C",
    "column_bg": "#4D394B",
    "hover_item": "#3E313C",
    "menu_bg": "#3E313C",
    "text_color": "#FFFFFF"
  }
}
[05/01/18, 15:27:45:590] info: Store: UPDATE_TEAM_ICONS
{
  "icons": {
    "image_102": "https://slack-files2.s3-us-west-2.amazonaws.com/avatars/2017-03-15/154610708258_f98e05c23845866960a5_102.png",
    "image_132": "https://slack-files2.s3-us-west-2.amazonaws.com/avatars/2017-03-15/154610708258_f98e05c23845866960a5_132.png",
    "image_230": "https://slack-files2.s3-us-west-2.amazonaws.com/avatars/2017-03-15/154610708258_f98e05c23845866960a5_230.png",
    "image_34": "https://slack-files2.s3-us-west-2.amazonaws.com/avatars/2017-03-15/154610708258_f98e05c23845866960a5_34.png",
    "image_44": "https://slack-files2.s3-us-west-2.amazonaws.com/avatars/2017-03-15/154610708258_f98e05c23845866960a5_44.png",
    "image_68": "https://slack-files2.s3-us-west-2.amazonaws.com/avatars/2017-03-15/154610708258_f98e05c23845866960a5_68.png",
    "image_88": "https://slack-files2.s3-us-west-2.amazonaws.com/avatars/2017-03-15/154610708258_f98e05c23845866960a5_88.png",
    "image_original": "https://slack-files2.s3-us-west-2.amazonaws.com/avatars/2017-03-15/154610708258_f98e05c23845866960a5_original.png"
  },
  "teamId": "T4HEMM0UR"
}
[05/01/18, 15:27:45:673] info: Store: UPDATE_TEAM_THEME
{
  "teamId": "T5YEC6G73",
  "theme": {
    "active_item": "#4C9689",
    "active_item_text": "#FFFFFF",
    "active_presence": "#38978D",
    "badge": "#EB4D5C",
    "column_bg": "#4D394B",
    "hover_item": "#3E313C",
    "menu_bg": "#3E313C",
    "text_color": "#FFFFFF"
  }
}
[05/01/18, 15:27:45:820] info: Store: STORE_API_TOKEN
{
  "teamId": "T5YEC6G73",
  "token": "xoxs-⋯"
}
[05/01/18, 15:27:45:843] info: Store: UPDATE_TEAM_ICONS
{
  "icons": {
    "image_102": "https://slack-files2.s3-us-west-2.amazonaws.com/avatars/2017-06-28/205110093367_6705e64b9b4a8299bd1f_102.png",
    "image_132": "https://slack-files2.s3-us-west-2.amazonaws.com/avatars/2017-06-28/205110093367_6705e64b9b4a8299bd1f_132.png",
    "image_230": "https://slack-files2.s3-us-west-2.amazonaws.com/avatars/2017-06-28/205110093367_6705e64b9b4a8299bd1f_230.png",
    "image_34": "https://slack-files2.s3-us-west-2.amazonaws.com/avatars/2017-06-28/205110093367_6705e64b9b4a8299bd1f_34.png",
    "image_44": "https://slack-files2.s3-us-west-2.amazonaws.com/avatars/2017-06-28/205110093367_6705e64b9b4a8299bd1f_44.png",
    "image_68": "https://slack-files2.s3-us-west-2.amazonaws.com/avatars/2017-06-28/205110093367_6705e64b9b4a8299bd1f_68.png",
    "image_88": "https://slack-files2.s3-us-west-2.amazonaws.com/avatars/2017-06-28/205110093367_6705e64b9b4a8299bd1f_88.png",
    "image_original": "https://slack-files2.s3-us-west-2.amazonaws.com/avatars/2017-06-28/205110093367_6705e64b9b4a8299bd1f_original.png"
  },
  "teamId": "T5YEC6G73"
}
[05/01/18, 15:57:42:245] info: Store: SET_NETWORK_STATUS offline
[05/01/18, 15:57:47:184] info: NetworkStatus: Waiting for network online…
[05/01/18, 15:57:47:367] info: NetworkStatus: Response from api.test
{
  "status": "online"
}
[05/01/18, 15:57:47:774] info: Store: SET_NETWORK_STATUS online
[05/01/18, 15:57:47:790] warn: Base Component: Attempting to update LoadingScreen when unmounted.
[05/01/18, 15:59:38:373] info: NetworkStatus: Waiting for network online…
[05/01/18, 15:59:38:575] info: NetworkStatus: Response from api.test
{
  "status": "online"
}
[05/01/18, 16:00:15:471] info: NetworkStatus: Waiting for network online…
[05/01/18, 16:00:15:847] info: Store: SET_NETWORK_STATUS offline
[05/01/18, 16:00:18:200] info: NetworkStatus: Response from api.test
{
  "status": "online"
}
[05/01/18, 16:00:18:606] info: Store: SET_NETWORK_STATUS online
[05/01/18, 16:00:18:613] warn: Base Component: Attempting to update LoadingScreen when unmounted.
[05/01/18, 16:08:17:064] info: NetworkStatus: Waiting for network online…
[05/01/18, 16:08:17:349] info: Store: SET_NETWORK_STATUS offline
[05/01/18, 16:08:54:126] info: NetworkStatus: Waiting for network online…
[05/01/18, 16:08:56:484] info: NetworkStatus: Response from api.test
{
  "status": "online"
}
[05/01/18, 16:08:56:893] info: Store: SET_NETWORK_STATUS online
[05/01/18, 16:08:56:899] warn: Base Component: Attempting to update LoadingScreen when unmounted.
[05/01/18, 16:11:52:840] info: Store: SET_NETWORK_STATUS offline
[05/01/18, 16:11:52:940] info: NetworkStatus: Waiting for network online…
[05/01/18, 16:11:53:123] info: NetworkStatus: Response from api.test
{
  "status": "online"
}
[05/01/18, 16:11:53:531] info: Store: SET_NETWORK_STATUS online
[05/01/18, 16:11:53:536] warn: Base Component: Attempting to update LoadingScreen when unmounted.
[05/01/18, 16:18:03:566] info: NetworkStatus: Waiting for network online…
[05/01/18, 16:18:03:789] info: NetworkStatus: Response from api.test
{
  "status": "online"
}
[05/01/18, 16:18:40:646] info: NetworkStatus: Waiting for network online…
[05/01/18, 16:18:40:971] info: NetworkStatus: Response from api.test
{
  "status": "online"
}
[05/01/18, 16:21:08:894] info: NetworkStatus: Waiting for network online…
[05/01/18, 16:21:09:232] info: Store: SET_NETWORK_STATUS offline
[05/01/18, 16:21:46:132] info: NetworkStatus: Waiting for network online…
[05/01/18, 16:21:53:555] info: NetworkStatus: Response from api.test
{
  "status": "online"
}
[05/01/18, 16:21:53:962] info: Store: SET_NETWORK_STATUS online
[05/01/18, 16:21:53:971] warn: Base Component: Attempting to update LoadingScreen when unmounted.
[05/01/18, 16:22:23:662] info: Store: SET_NETWORK_STATUS offline
[05/01/18, 16:22:24:006] info: NetworkStatus: Waiting for network online…
[05/01/18, 16:22:24:462] info: NetworkStatus: Response from api.test
{
  "status": "online"
}
[05/01/18, 16:22:24:868] info: Store: SET_NETWORK_STATUS online
[05/01/18, 16:22:24:875] warn: Base Component: Attempting to update LoadingScreen when unmounted.
[05/01/18, 16:23:01:144] info: NetworkStatus: Waiting for network online…
[05/01/18, 16:23:01:513] info: Store: SET_NETWORK_STATUS offline
[05/01/18, 16:23:13:264] info: NetworkStatus: Response from api.test
{
  "status": "online"
}
[05/01/18, 16:23:13:669] info: Store: SET_NETWORK_STATUS online
[05/01/18, 16:23:13:670] warn: Base Component: Attempting to update LoadingScreen when unmounted.
[05/01/18, 16:27:02:945] info: NetworkStatus: Waiting for network online…
[05/01/18, 16:27:03:331] info: Store: SET_NETWORK_STATUS offline
[05/01/18, 16:27:26:043] info: Store: SET_FULL_SCREEN
[05/01/18, 16:27:40:092] info: NetworkStatus: Waiting for network online…
[05/01/18, 16:27:42:572] info: NetworkStatus: Response from api.test
{
  "status": "online"
}
[05/01/18, 16:27:43:003] info: Store: SET_NETWORK_STATUS online
[05/01/18, 16:27:43:006] warn: Base Component: Attempting to update LoadingScreen when unmounted.
