[05/01/18, 17:57:59:097] info: ╔════════════════════════════════════════════════════════════════════════════╗
[05/01/18, 17:57:59:098] info: ║      Slack 3.1.1, linux 4.16.5-1-zen on x64 at 05/01/18, 17:57:59:076      ║
[05/01/18, 17:57:59:098] info: ╚════════════════════════════════════════════════════════════════════════════╝
[05/01/18, 17:57:59:540] info: Initializing local storage instance at path: /home/nitoli/.config/Slack/local-settings.json
[05/01/18, 17:58:01:684] info: Store: SET_NETWORK_STATUS offline
[05/01/18, 17:58:01:798] info: Store: UPSERT_WEB_CONTENTS
{
  "id": 5,
  "state": "loaded",
  "teamId": "T4HEMM0UR"
}
[05/01/18, 17:58:01:799] info: Store: UPSERT_WEB_CONTENTS
{
  "id": 3,
  "state": "loaded",
  "teamId": "T5YEC6G73"
}
[05/01/18, 17:58:01:813] info: Store: UPSERT_WEB_CONTENTS
{
  "id": 3,
  "state": "empty-page",
  "teamId": "T5YEC6G73"
}
[05/01/18, 17:58:01:817] info: Store: UPSERT_WEB_CONTENTS
{
  "id": 5,
  "state": "empty-page",
  "teamId": "T4HEMM0UR"
}
[05/01/18, 17:58:02:134] info: Store: UPDATE_SESSION_STATUS
{
  "hasValidSession": null,
  "teamId": "T4HEMM0UR"
}
[05/01/18, 17:58:02:135] info: Store: UPDATE_SESSION_STATUS
{
  "hasValidSession": null,
  "teamId": "T5YEC6G73"
}
[05/01/18, 17:58:02:268] info: Store: UPSERT_WEB_CONTENTS
{
  "id": 4,
  "state": "loaded",
  "teamId": "T02R0MMHK"
}
[05/01/18, 17:58:02:279] info: Store: UPSERT_WEB_CONTENTS
{
  "id": 4,
  "state": "empty-page",
  "teamId": "T02R0MMHK"
}
[05/01/18, 17:58:02:376] info: Store: UPDATE_SESSION_STATUS
{
  "hasValidSession": null,
  "teamId": "T02R0MMHK"
}
[05/01/18, 17:58:07:620] info: Store: SET_NETWORK_STATUS online
[05/01/18, 17:58:07:636] info: Store: MAIN_WINDOW_SHOWN
