[05/07/18, 19:50:19:915] info: ╔════════════════════════════════════════════════════════════════════════════╗
[05/07/18, 19:50:19:919] info: ║      Slack 3.1.1, linux 4.16.6-1-zen on x64 at 05/07/18, 19:50:19:909      ║
[05/07/18, 19:50:19:919] info: ╚════════════════════════════════════════════════════════════════════════════╝
[05/07/18, 19:50:20:200] info: Initializing local storage instance at path: /home/nitoli/.config/Slack/local-settings.json
[05/07/18, 19:50:21:245] error: Calls failed to load, bailing
[05/07/18, 19:50:21:247] info: cld3::loadModule: loading cld3 module
[05/07/18, 19:50:21:330] info: cld3Loader::loadModule: running environment is NODE
[05/07/18, 19:50:21:331] info: cld3Loader::loadModule: constructed module object for runtime
[05/07/18, 19:50:22:089] info: cld3Loader::initializeRuntime: successfully initialized module
[05/07/18, 19:50:22:089] info: cld3Loader::loadModule: initialized wasm binary Runtime
[05/07/18, 19:50:22:111] warn: updateSpellcheckerLanguage: Tried to update language, but spellchecker not initialized
[05/07/18, 19:50:22:112] info: SSBIntegration: Main window preload script loaded 2931.347395
[05/07/18, 19:50:22:158] info: Store: UPSERT_WEB_CONTENTS
{
  "id": 5,
  "state": "loaded",
  "teamId": "T4HEMM0UR"
}
[05/07/18, 19:50:22:160] info: Store: UPSERT_WEB_CONTENTS
{
  "id": 5,
  "state": "empty-page",
  "teamId": "T4HEMM0UR"
}
[05/07/18, 19:50:22:161] info: Store: UPSERT_WEB_CONTENTS
{
  "id": 5,
  "state": "page-will-navigate",
  "teamId": "T4HEMM0UR"
}
[05/07/18, 19:50:22:161] info: Store: UPSERT_WEB_CONTENTS
{
  "id": 6,
  "state": "loaded",
  "teamId": "T5LFW0CUB"
}
[05/07/18, 19:50:22:161] info: Store: UPSERT_WEB_CONTENTS
{
  "id": 6,
  "state": "empty-page",
  "teamId": "T5LFW0CUB"
}
[05/07/18, 19:50:22:172] info: Store: UPSERT_WEB_CONTENTS
{
  "id": 6,
  "state": "page-will-navigate",
  "teamId": "T5LFW0CUB"
}
[05/07/18, 19:50:22:177] info: Store: UPSERT_WEB_CONTENTS
{
  "id": 7,
  "state": "loaded",
  "teamId": "T0GFBAM8C"
}
[05/07/18, 19:50:22:196] info: Store: UPSERT_WEB_CONTENTS
{
  "id": 7,
  "state": "empty-page",
  "teamId": "T0GFBAM8C"
}
[05/07/18, 19:50:22:202] info: Store: UPSERT_WEB_CONTENTS
{
  "id": 7,
  "state": "page-will-navigate",
  "teamId": "T0GFBAM8C"
}
[05/07/18, 19:50:22:210] info: Window is unloading, winssb is no longer accessible
[05/07/18, 19:50:22:213] info: Store: UPSERT_WEB_CONTENTS
{
  "id": 4,
  "state": "loaded",
  "teamId": "T02R0MMHK"
}
[05/07/18, 19:50:22:228] info: Store: UPSERT_WEB_CONTENTS
{
  "id": 4,
  "state": "empty-page",
  "teamId": "T02R0MMHK"
}
[05/07/18, 19:50:22:230] info: Store: UPSERT_WEB_CONTENTS
{
  "id": 4,
  "state": "page-will-navigate",
  "teamId": "T02R0MMHK"
}
[05/07/18, 19:50:22:281] info: Store: UPSERT_WEB_CONTENTS
{
  "id": 3,
  "state": "loaded",
  "teamId": "T5YEC6G73"
}
[05/07/18, 19:50:22:299] info: Store: UPSERT_WEB_CONTENTS
{
  "id": 3,
  "state": "empty-page",
  "teamId": "T5YEC6G73"
}
[05/07/18, 19:50:22:307] info: Store: UPSERT_WEB_CONTENTS
{
  "id": 3,
  "state": "page-will-navigate",
  "teamId": "T5YEC6G73"
}
[05/07/18, 19:50:22:525] info: Store: UPDATE_SESSION_STATUS
{
  "hasValidSession": true,
  "teamId": "T4HEMM0UR"
}
[05/07/18, 19:50:22:541] info: Store: UPDATE_SESSION_STATUS
{
  "hasValidSession": true,
  "teamId": "T5LFW0CUB"
}
[05/07/18, 19:50:22:566] info: Store: UPDATE_SESSION_STATUS
{
  "hasValidSession": true,
  "teamId": "T02R0MMHK"
}
[05/07/18, 19:50:22:569] info: Store: UPDATE_SESSION_STATUS
{
  "hasValidSession": true,
  "teamId": "T0GFBAM8C"
}
[05/07/18, 19:50:22:621] info: Store: UPDATE_SESSION_STATUS
{
  "hasValidSession": true,
  "teamId": "T5YEC6G73"
}
[05/07/18, 19:50:22:723] info: Store: SET_NETWORK_STATUS online
[05/07/18, 19:50:22:728] info: Store: MAIN_WINDOW_SHOWN
[05/08/18, 11:09:12:860] info: ╔════════════════════════════════════════════════════════════════════════════╗
[05/08/18, 11:09:12:861] info: ║      Slack 3.1.1, linux 4.16.6-1-zen on x64 at 05/08/18, 11:09:12:856      ║
[05/08/18, 11:09:12:861] info: ╚════════════════════════════════════════════════════════════════════════════╝
[05/08/18, 11:09:13:159] info: Initializing local storage instance at path: /home/nitoli/.config/Slack/local-settings.json
[05/08/18, 11:09:14:189] error: Calls failed to load, bailing
[05/08/18, 11:09:14:195] info: cld3::loadModule: loading cld3 module
[05/08/18, 11:09:14:267] info: cld3Loader::loadModule: running environment is NODE
[05/08/18, 11:09:14:267] info: cld3Loader::loadModule: constructed module object for runtime
[05/08/18, 11:09:15:067] info: cld3Loader::initializeRuntime: successfully initialized module
[05/08/18, 11:09:15:067] info: cld3Loader::loadModule: initialized wasm binary Runtime
[05/08/18, 11:09:15:074] warn: updateSpellcheckerLanguage: Tried to update language, but spellchecker not initialized
[05/08/18, 11:09:15:075] info: TranslationLookup: locale set to ja-JP for renderer
[05/08/18, 11:09:15:076] info: SSBIntegration: Main window preload script loaded 3137.936082
[05/08/18, 11:09:15:094] info: Store: UPSERT_WEB_CONTENTS
{
  "id": 4,
  "state": "loaded",
  "teamId": "T5YEC6G73"
}
[05/08/18, 11:09:15:096] info: Store: UPSERT_WEB_CONTENTS
{
  "id": 7,
  "state": "loaded",
  "teamId": "T0GFBAM8C"
}
[05/08/18, 11:09:15:096] info: Store: UPSERT_WEB_CONTENTS
{
  "id": 7,
  "state": "empty-page",
  "teamId": "T0GFBAM8C"
}
[05/08/18, 11:09:15:097] info: Store: UPSERT_WEB_CONTENTS
{
  "id": 4,
  "state": "empty-page",
  "teamId": "T5YEC6G73"
}
[05/08/18, 11:09:15:097] info: Store: UPSERT_WEB_CONTENTS
{
  "id": 7,
  "state": "page-will-navigate",
  "teamId": "T0GFBAM8C"
}
[05/08/18, 11:09:15:097] info: Store: UPSERT_WEB_CONTENTS
{
  "id": 4,
  "state": "page-will-navigate",
  "teamId": "T5YEC6G73"
}
[05/08/18, 11:09:15:102] info: Store: UPSERT_WEB_CONTENTS
{
  "id": 3,
  "state": "loaded",
  "teamId": "T5LFW0CUB"
}
[05/08/18, 11:09:15:110] info: Store: UPSERT_WEB_CONTENTS
{
  "id": 5,
  "state": "loaded",
  "teamId": "T02R0MMHK"
}
[05/08/18, 11:09:15:123] info: Store: UPSERT_WEB_CONTENTS
{
  "id": 5,
  "state": "empty-page",
  "teamId": "T02R0MMHK"
}
[05/08/18, 11:09:15:128] info: Store: UPSERT_WEB_CONTENTS
{
  "id": 3,
  "state": "empty-page",
  "teamId": "T5LFW0CUB"
}
[05/08/18, 11:09:15:139] info: Store: UPSERT_WEB_CONTENTS
{
  "id": 6,
  "state": "loaded",
  "teamId": "T4HEMM0UR"
}
[05/08/18, 11:09:15:149] info: Store: UPSERT_WEB_CONTENTS
{
  "id": 5,
  "state": "page-will-navigate",
  "teamId": "T02R0MMHK"
}
[05/08/18, 11:09:15:160] info: Window is unloading, winssb is no longer accessible
[05/08/18, 11:09:15:162] info: Store: UPSERT_WEB_CONTENTS
{
  "id": 3,
  "state": "page-will-navigate",
  "teamId": "T5LFW0CUB"
}
[05/08/18, 11:09:15:182] info: Store: UPSERT_WEB_CONTENTS
{
  "id": 6,
  "state": "empty-page",
  "teamId": "T4HEMM0UR"
}
[05/08/18, 11:09:15:194] info: Store: UPSERT_WEB_CONTENTS
{
  "id": 6,
  "state": "page-will-navigate",
  "teamId": "T4HEMM0UR"
}
[05/08/18, 16:53:20:733] info: ╔════════════════════════════════════════════════════════════════════════════╗
[05/08/18, 16:53:20:734] info: ║      Slack 3.1.1, linux 4.16.7-1-zen on x64 at 05/08/18, 16:53:20:724      ║
[05/08/18, 16:53:20:734] info: ╚════════════════════════════════════════════════════════════════════════════╝
[05/08/18, 16:53:20:944] info: Initializing local storage instance at path: /home/nitoli/.config/Slack/local-settings.json
[05/08/18, 16:53:21:868] error: Calls failed to load, bailing
[05/08/18, 16:53:21:870] info: cld3::loadModule: loading cld3 module
[05/08/18, 16:53:21:923] info: cld3Loader::loadModule: running environment is NODE
[05/08/18, 16:53:21:923] info: cld3Loader::loadModule: constructed module object for runtime
[05/08/18, 16:53:22:759] info: cld3Loader::initializeRuntime: successfully initialized module
[05/08/18, 16:53:22:760] info: cld3Loader::loadModule: initialized wasm binary Runtime
[05/08/18, 16:53:22:764] warn: updateSpellcheckerLanguage: Tried to update language, but spellchecker not initialized
[05/08/18, 16:53:22:765] info: SSBIntegration: Main window preload script loaded 3105.850771
[05/08/18, 16:53:22:794] info: Store: UPSERT_WEB_CONTENTS
{
  "id": 3,
  "state": "loaded",
  "teamId": "T5YEC6G73"
}
[05/08/18, 16:53:22:812] info: Store: UPSERT_WEB_CONTENTS
{
  "id": 3,
  "state": "empty-page",
  "teamId": "T5YEC6G73"
}
[05/08/18, 16:53:22:813] info: Store: UPSERT_WEB_CONTENTS
{
  "id": 3,
  "state": "page-will-navigate",
  "teamId": "T5YEC6G73"
}
[05/08/18, 16:53:22:817] info: Store: UPSERT_WEB_CONTENTS
{
  "id": 6,
  "state": "loaded",
  "teamId": "T5LFW0CUB"
}
[05/08/18, 16:53:22:831] info: Store: UPSERT_WEB_CONTENTS
{
  "id": 4,
  "state": "loaded",
  "teamId": "T02R0MMHK"
}
[05/08/18, 16:53:22:831] info: Store: UPSERT_WEB_CONTENTS
{
  "id": 7,
  "state": "loaded",
  "teamId": "T0GFBAM8C"
}
[05/08/18, 16:53:22:832] info: Store: UPSERT_WEB_CONTENTS
{
  "id": 5,
  "state": "loaded",
  "teamId": "T4HEMM0UR"
}
[05/08/18, 16:53:22:843] info: Store: UPSERT_WEB_CONTENTS
{
  "id": 6,
  "state": "empty-page",
  "teamId": "T5LFW0CUB"
}
[05/08/18, 16:53:22:849] info: Store: UPSERT_WEB_CONTENTS
{
  "id": 7,
  "state": "empty-page",
  "teamId": "T0GFBAM8C"
}
[05/08/18, 16:53:22:851] info: Store: UPSERT_WEB_CONTENTS
{
  "id": 4,
  "state": "empty-page",
  "teamId": "T02R0MMHK"
}
[05/08/18, 16:53:22:854] info: Store: UPSERT_WEB_CONTENTS
{
  "id": 7,
  "state": "page-will-navigate",
  "teamId": "T0GFBAM8C"
}
[05/08/18, 16:53:22:869] info: Store: UPSERT_WEB_CONTENTS
{
  "id": 6,
  "state": "page-will-navigate",
  "teamId": "T5LFW0CUB"
}
[05/08/18, 16:53:22:873] info: Window is unloading, winssb is no longer accessible
[05/08/18, 16:53:22:875] info: Store: UPSERT_WEB_CONTENTS
{
  "id": 5,
  "state": "empty-page",
  "teamId": "T4HEMM0UR"
}
[05/08/18, 16:53:22:882] info: Store: UPSERT_WEB_CONTENTS
{
  "id": 4,
  "state": "page-will-navigate",
  "teamId": "T02R0MMHK"
}
[05/08/18, 16:53:22:891] info: Store: UPSERT_WEB_CONTENTS
{
  "id": 5,
  "state": "page-will-navigate",
  "teamId": "T4HEMM0UR"
}
[05/09/18, 21:14:50:014] info: ╔════════════════════════════════════════════════════════════════════════════╗
[05/09/18, 21:14:50:015] info: ║      Slack 3.1.1, linux 4.16.7-1-zen on x64 at 05/09/18, 21:14:50:010      ║
[05/09/18, 21:14:50:015] info: ╚════════════════════════════════════════════════════════════════════════════╝
[05/09/18, 21:14:50:290] info: Initializing local storage instance at path: /home/nitoli/.config/Slack/local-settings.json
[05/09/18, 21:14:51:215] error: Calls failed to load, bailing
[05/09/18, 21:14:51:217] info: cld3::loadModule: loading cld3 module
[05/09/18, 21:14:51:281] info: cld3Loader::loadModule: running environment is NODE
[05/09/18, 21:14:51:281] info: cld3Loader::loadModule: constructed module object for runtime
[05/09/18, 21:14:52:099] info: cld3Loader::initializeRuntime: successfully initialized module
[05/09/18, 21:14:52:102] info: cld3Loader::loadModule: initialized wasm binary Runtime
[05/09/18, 21:14:52:109] warn: updateSpellcheckerLanguage: Tried to update language, but spellchecker not initialized
[05/09/18, 21:14:52:111] info: SSBIntegration: Main window preload script loaded 2997.200567
[05/09/18, 21:14:52:123] info: Store: UPSERT_WEB_CONTENTS
{
  "id": 7,
  "state": "loaded",
  "teamId": "T0GFBAM8C"
}
[05/09/18, 21:14:52:125] info: Store: UPSERT_WEB_CONTENTS
{
  "id": 7,
  "state": "empty-page",
  "teamId": "T0GFBAM8C"
}
[05/09/18, 21:14:52:126] info: Store: UPSERT_WEB_CONTENTS
{
  "id": 7,
  "state": "page-will-navigate",
  "teamId": "T0GFBAM8C"
}
[05/09/18, 21:14:52:127] info: Store: UPSERT_WEB_CONTENTS
{
  "id": 5,
  "state": "loaded",
  "teamId": "T4HEMM0UR"
}
[05/09/18, 21:14:52:136] info: Store: UPSERT_WEB_CONTENTS
{
  "id": 5,
  "state": "empty-page",
  "teamId": "T4HEMM0UR"
}
[05/09/18, 21:14:52:144] info: Store: UPSERT_WEB_CONTENTS
{
  "id": 6,
  "state": "loaded",
  "teamId": "T5LFW0CUB"
}
[05/09/18, 21:14:52:157] info: Store: UPSERT_WEB_CONTENTS
{
  "id": 5,
  "state": "page-will-navigate",
  "teamId": "T4HEMM0UR"
}
[05/09/18, 21:14:52:162] info: Window is unloading, winssb is no longer accessible
[05/09/18, 21:14:52:167] info: Store: UPSERT_WEB_CONTENTS
{
  "id": 6,
  "state": "empty-page",
  "teamId": "T5LFW0CUB"
}
[05/09/18, 21:14:52:171] info: Store: UPSERT_WEB_CONTENTS
{
  "id": 3,
  "state": "loaded",
  "teamId": "T5YEC6G73"
}
[05/09/18, 21:14:52:178] info: Store: UPSERT_WEB_CONTENTS
{
  "id": 6,
  "state": "page-will-navigate",
  "teamId": "T5LFW0CUB"
}
[05/09/18, 21:14:52:193] info: Store: UPSERT_WEB_CONTENTS
{
  "id": 4,
  "state": "loaded",
  "teamId": "T02R0MMHK"
}
[05/09/18, 21:14:52:217] info: Store: UPSERT_WEB_CONTENTS
{
  "id": 3,
  "state": "empty-page",
  "teamId": "T5YEC6G73"
}
[05/09/18, 21:14:52:228] info: Store: UPSERT_WEB_CONTENTS
{
  "id": 3,
  "state": "page-will-navigate",
  "teamId": "T5YEC6G73"
}
[05/09/18, 21:14:52:244] info: Store: UPSERT_WEB_CONTENTS
{
  "id": 4,
  "state": "empty-page",
  "teamId": "T02R0MMHK"
}
[05/09/18, 21:14:52:257] info: Store: UPSERT_WEB_CONTENTS
{
  "id": 4,
  "state": "page-will-navigate",
  "teamId": "T02R0MMHK"
}
[05/09/18, 21:14:52:544] info: Store: SET_NETWORK_STATUS offline
[05/09/18, 21:14:53:114] info: Store: UPDATE_SESSION_STATUS
{
  "hasValidSession": true,
  "teamId": "T0GFBAM8C"
}
[05/09/18, 21:14:53:125] info: Store: UPDATE_SESSION_STATUS
{
  "hasValidSession": true,
  "teamId": "T5LFW0CUB"
}
[05/09/18, 21:14:53:129] info: Store: UPDATE_SESSION_STATUS
{
  "hasValidSession": true,
  "teamId": "T5YEC6G73"
}
[05/09/18, 21:14:53:132] info: Store: UPDATE_SESSION_STATUS
{
  "hasValidSession": true,
  "teamId": "T4HEMM0UR"
}
[05/09/18, 21:14:53:135] info: Store: UPDATE_SESSION_STATUS
{
  "hasValidSession": true,
  "teamId": "T02R0MMHK"
}
[05/09/18, 21:14:53:326] info: Store: SET_NETWORK_STATUS online
[05/09/18, 21:14:53:343] info: Store: MAIN_WINDOW_SHOWN
[05/09/18, 21:14:53:715] info: Store: UPSERT_WEB_CONTENTS
{
  "id": 7,
  "state": "loaded",
  "teamId": "T0GFBAM8C"
}
[05/09/18, 21:14:53:725] info: Store: UPSERT_WEB_CONTENTS
{
  "id": 7,
  "state": "empty-page",
  "teamId": "T0GFBAM8C"
}
[05/09/18, 21:14:53:729] info: Store: UPSERT_WEB_CONTENTS
{
  "id": 7,
  "state": "page-will-navigate",
  "teamId": "T0GFBAM8C"
}
[05/09/18, 21:14:54:076] info: Store: UPDATE_SESSION_STATUS
{
  "hasValidSession": true,
  "teamId": "T0GFBAM8C"
}
[05/09/18, 22:24:26:694] info: ╔════════════════════════════════════════════════════════════════════════════╗
[05/09/18, 22:24:26:696] info: ║      Slack 3.1.1, linux 4.16.7-1-zen on x64 at 05/09/18, 22:24:26:690      ║
[05/09/18, 22:24:26:696] info: ╚════════════════════════════════════════════════════════════════════════════╝
[05/09/18, 22:24:26:941] info: Initializing local storage instance at path: /home/nitoli/.config/Slack/local-settings.json
[05/09/18, 22:24:27:922] error: Calls failed to load, bailing
[05/09/18, 22:24:27:930] info: cld3::loadModule: loading cld3 module
[05/09/18, 22:24:27:989] info: cld3Loader::loadModule: running environment is NODE
[05/09/18, 22:24:27:996] info: cld3Loader::loadModule: constructed module object for runtime
[05/09/18, 22:24:28:863] info: cld3Loader::initializeRuntime: successfully initialized module
[05/09/18, 22:24:28:865] info: cld3Loader::loadModule: initialized wasm binary Runtime
[05/09/18, 22:24:28:883] warn: updateSpellcheckerLanguage: Tried to update language, but spellchecker not initialized
[05/09/18, 22:24:28:884] info: SSBIntegration: Main window preload script loaded 3084.779936
[05/09/18, 22:24:28:903] info: Store: UPSERT_WEB_CONTENTS
{
  "id": 4,
  "state": "loaded",
  "teamId": "T5YEC6G73"
}
[05/09/18, 22:24:28:904] info: Store: UPSERT_WEB_CONTENTS
{
  "id": 4,
  "state": "empty-page",
  "teamId": "T5YEC6G73"
}
[05/09/18, 22:24:28:905] info: Store: UPSERT_WEB_CONTENTS
{
  "id": 4,
  "state": "page-will-navigate",
  "teamId": "T5YEC6G73"
}
[05/09/18, 22:24:28:905] info: Store: UPSERT_WEB_CONTENTS
{
  "id": 5,
  "state": "loaded",
  "teamId": "T4HEMM0UR"
}
[05/09/18, 22:24:28:905] info: Store: UPSERT_WEB_CONTENTS
{
  "id": 5,
  "state": "empty-page",
  "teamId": "T4HEMM0UR"
}
[05/09/18, 22:24:28:905] info: Store: UPSERT_WEB_CONTENTS
{
  "id": 7,
  "state": "loaded",
  "teamId": "T0GFBAM8C"
}
[05/09/18, 22:24:28:905] info: Store: UPSERT_WEB_CONTENTS
{
  "id": 5,
  "state": "page-will-navigate",
  "teamId": "T4HEMM0UR"
}
[05/09/18, 22:24:28:921] info: Store: UPSERT_WEB_CONTENTS
{
  "id": 6,
  "state": "loaded",
  "teamId": "T5LFW0CUB"
}
[05/09/18, 22:24:28:934] info: Store: UPSERT_WEB_CONTENTS
{
  "id": 7,
  "state": "empty-page",
  "teamId": "T0GFBAM8C"
}
[05/09/18, 22:24:28:938] info: Store: UPSERT_WEB_CONTENTS
{
  "id": 3,
  "state": "loaded",
  "teamId": "T02R0MMHK"
}
[05/09/18, 22:24:28:942] info: Store: UPSERT_WEB_CONTENTS
{
  "id": 6,
  "state": "empty-page",
  "teamId": "T5LFW0CUB"
}
[05/09/18, 22:24:28:947] info: Store: UPSERT_WEB_CONTENTS
{
  "id": 7,
  "state": "page-will-navigate",
  "teamId": "T0GFBAM8C"
}
[05/09/18, 22:24:28:953] info: Store: UPSERT_WEB_CONTENTS
{
  "id": 6,
  "state": "page-will-navigate",
  "teamId": "T5LFW0CUB"
}
[05/09/18, 22:24:28:957] info: Window is unloading, winssb is no longer accessible
[05/09/18, 22:24:28:985] info: Store: UPSERT_WEB_CONTENTS
{
  "id": 3,
  "state": "empty-page",
  "teamId": "T02R0MMHK"
}
[05/09/18, 22:24:28:992] info: Store: UPSERT_WEB_CONTENTS
{
  "id": 3,
  "state": "page-will-navigate",
  "teamId": "T02R0MMHK"
}
[05/10/18, 20:41:27:907] info: ╔════════════════════════════════════════════════════════════════════════════╗
[05/10/18, 20:41:27:908] info: ║      Slack 3.1.1, linux 4.16.7-1-zen on x64 at 05/10/18, 20:41:27:903      ║
[05/10/18, 20:41:27:908] info: ╚════════════════════════════════════════════════════════════════════════════╝
[05/10/18, 20:41:28:243] info: Initializing local storage instance at path: /home/nitoli/.config/Slack/local-settings.json
[05/10/18, 20:41:29:294] error: Calls failed to load, bailing
[05/10/18, 20:41:29:297] info: cld3::loadModule: loading cld3 module
[05/10/18, 20:41:29:421] info: cld3Loader::loadModule: running environment is NODE
[05/10/18, 20:41:29:421] info: cld3Loader::loadModule: constructed module object for runtime
[05/10/18, 20:41:30:081] info: cld3Loader::initializeRuntime: successfully initialized module
[05/10/18, 20:41:30:081] info: cld3Loader::loadModule: initialized wasm binary Runtime
[05/10/18, 20:41:30:091] warn: updateSpellcheckerLanguage: Tried to update language, but spellchecker not initialized
[05/10/18, 20:41:30:092] info: SSBIntegration: Main window preload script loaded 3140.099461
[05/10/18, 20:41:30:114] info: Store: UPSERT_WEB_CONTENTS
{
  "id": 6,
  "state": "loaded",
  "teamId": "T5LFW0CUB"
}
[05/10/18, 20:41:30:119] info: Store: UPSERT_WEB_CONTENTS
{
  "id": 4,
  "state": "loaded",
  "teamId": "T02R0MMHK"
}
[05/10/18, 20:41:30:120] info: Store: UPSERT_WEB_CONTENTS
{
  "id": 6,
  "state": "empty-page",
  "teamId": "T5LFW0CUB"
}
[05/10/18, 20:41:30:120] info: Store: UPSERT_WEB_CONTENTS
{
  "id": 6,
  "state": "page-will-navigate",
  "teamId": "T5LFW0CUB"
}
[05/10/18, 20:41:30:121] info: Store: UPSERT_WEB_CONTENTS
{
  "id": 4,
  "state": "empty-page",
  "teamId": "T02R0MMHK"
}
[05/10/18, 20:41:30:121] info: Store: UPSERT_WEB_CONTENTS
{
  "id": 4,
  "state": "page-will-navigate",
  "teamId": "T02R0MMHK"
}
[05/10/18, 20:41:30:137] info: Store: UPSERT_WEB_CONTENTS
{
  "id": 5,
  "state": "loaded",
  "teamId": "T4HEMM0UR"
}
[05/10/18, 20:41:30:141] info: Store: UPSERT_WEB_CONTENTS
{
  "id": 7,
  "state": "loaded",
  "teamId": "T0GFBAM8C"
}
[05/10/18, 20:41:30:141] info: Store: UPSERT_WEB_CONTENTS
{
  "id": 3,
  "state": "loaded",
  "teamId": "T5YEC6G73"
}
[05/10/18, 20:41:30:146] info: Store: UPSERT_WEB_CONTENTS
{
  "id": 7,
  "state": "empty-page",
  "teamId": "T0GFBAM8C"
}
[05/10/18, 20:41:30:146] info: Store: UPSERT_WEB_CONTENTS
{
  "id": 5,
  "state": "empty-page",
  "teamId": "T4HEMM0UR"
}
[05/10/18, 20:41:30:155] info: Store: UPSERT_WEB_CONTENTS
{
  "id": 7,
  "state": "page-will-navigate",
  "teamId": "T0GFBAM8C"
}
[05/10/18, 20:41:30:164] info: Store: UPSERT_WEB_CONTENTS
{
  "id": 5,
  "state": "page-will-navigate",
  "teamId": "T4HEMM0UR"
}
[05/10/18, 20:41:30:170] info: Window is unloading, winssb is no longer accessible
[05/10/18, 20:41:30:172] info: Store: UPSERT_WEB_CONTENTS
{
  "id": 3,
  "state": "empty-page",
  "teamId": "T5YEC6G73"
}
[05/10/18, 20:41:30:184] info: Store: UPSERT_WEB_CONTENTS
{
  "id": 3,
  "state": "page-will-navigate",
  "teamId": "T5YEC6G73"
}
[05/10/18, 20:41:30:501] info: Store: SET_NETWORK_STATUS offline
[05/10/18, 20:41:30:951] info: Store: UPDATE_SESSION_STATUS
{
  "hasValidSession": true,
  "teamId": "T02R0MMHK"
}
[05/10/18, 20:41:30:955] info: Store: UPDATE_SESSION_STATUS
{
  "hasValidSession": true,
  "teamId": "T5LFW0CUB"
}
[05/10/18, 20:41:30:966] info: Store: UPDATE_SESSION_STATUS
{
  "hasValidSession": true,
  "teamId": "T5YEC6G73"
}
[05/10/18, 20:41:30:972] info: Store: UPDATE_SESSION_STATUS
{
  "hasValidSession": true,
  "teamId": "T0GFBAM8C"
}
[05/10/18, 20:41:30:997] info: Store: UPDATE_SESSION_STATUS
{
  "hasValidSession": true,
  "teamId": "T4HEMM0UR"
}
[05/10/18, 20:41:31:288] info: Store: SET_NETWORK_STATUS online
[05/10/18, 20:41:31:297] info: Store: MAIN_WINDOW_SHOWN
[05/10/18, 20:41:31:546] info: Store: UPSERT_WEB_CONTENTS
{
  "id": 6,
  "state": "loaded",
  "teamId": "T5LFW0CUB"
}
[05/10/18, 20:41:31:560] info: Store: UPSERT_WEB_CONTENTS
{
  "id": 6,
  "state": "empty-page",
  "teamId": "T5LFW0CUB"
}
[05/10/18, 20:41:31:564] info: Store: UPSERT_WEB_CONTENTS
{
  "id": 6,
  "state": "page-will-navigate",
  "teamId": "T5LFW0CUB"
}
