[05/07/18, 18:14:51:218] info: ╔════════════════════════════════════════════════════════════════════════════╗
[05/07/18, 18:14:51:219] info: ║      Slack 3.1.1, linux 4.16.6-1-zen on x64 at 05/07/18, 18:14:51:214      ║
[05/07/18, 18:14:51:219] info: ╚════════════════════════════════════════════════════════════════════════════╝
[05/07/18, 18:14:51:379] info: Initializing local storage instance at path: /home/nitoli/.config/Slack/local-settings.json
[05/07/18, 18:14:52:107] error: Calls failed to load, bailing
[05/07/18, 18:14:52:110] info: cld3::loadModule: loading cld3 module
[05/07/18, 18:14:52:153] info: cld3Loader::loadModule: running environment is NODE
[05/07/18, 18:14:52:153] info: cld3Loader::loadModule: constructed module object for runtime
[05/07/18, 18:14:52:632] info: cld3Loader::initializeRuntime: successfully initialized module
[05/07/18, 18:14:52:632] info: cld3Loader::loadModule: initialized wasm binary Runtime
[05/07/18, 18:14:52:637] warn: updateSpellcheckerLanguage: Tried to update language, but spellchecker not initialized
[05/07/18, 18:14:52:638] info: SSBIntegration: Main window preload script loaded 2170.275538
[05/07/18, 18:14:52:656] info: Store: SET_NETWORK_STATUS online
[05/07/18, 18:14:52:658] info: Store: UPSERT_WEB_CONTENTS
{
  "id": 4,
  "state": "loaded",
  "teamId": "T02R0MMHK"
}
[05/07/18, 18:14:52:658] info: Store: UPSERT_WEB_CONTENTS
{
  "id": 4,
  "state": "empty-page",
  "teamId": "T02R0MMHK"
}
[05/07/18, 18:14:52:659] info: Store: UPSERT_WEB_CONTENTS
{
  "id": 4,
  "state": "page-will-navigate",
  "teamId": "T02R0MMHK"
}
[05/07/18, 18:14:52:675] info: Store: UPSERT_WEB_CONTENTS
{
  "id": 3,
  "state": "loaded",
  "teamId": "T5YEC6G73"
}
[05/07/18, 18:14:52:677] info: Store: MAIN_WINDOW_SHOWN
[05/07/18, 18:14:52:736] info: Store: UPSERT_WEB_CONTENTS
{
  "id": 3,
  "state": "empty-page",
  "teamId": "T5YEC6G73"
}
[05/07/18, 18:14:52:760] info: Store: UPSERT_WEB_CONTENTS
{
  "id": 3,
  "state": "page-will-navigate",
  "teamId": "T5YEC6G73"
}
[05/07/18, 18:14:52:783] info: Window is unloading, winssb is no longer accessible
[05/07/18, 18:14:52:812] info: Store: UPDATE_SESSION_STATUS
{
  "hasValidSession": true,
  "teamId": "T02R0MMHK"
}
[05/07/18, 18:14:53:053] info: Store: UPSERT_WEB_CONTENTS
{
  "id": 5,
  "state": "loaded",
  "teamId": "T4HEMM0UR"
}
[05/07/18, 18:14:53:090] info: Store: UPDATE_SESSION_STATUS
{
  "hasValidSession": true,
  "teamId": "T5YEC6G73"
}
[05/07/18, 18:14:53:108] info: Store: UPSERT_WEB_CONTENTS
{
  "id": 5,
  "state": "empty-page",
  "teamId": "T4HEMM0UR"
}
[05/07/18, 18:14:53:115] info: Store: UPSERT_WEB_CONTENTS
{
  "id": 5,
  "state": "page-will-navigate",
  "teamId": "T4HEMM0UR"
}
[05/07/18, 18:14:53:168] info: Store: UPSERT_WEB_CONTENTS
{
  "id": 7,
  "state": "loaded",
  "teamId": "T0GFBAM8C"
}
[05/07/18, 18:14:53:189] info: Store: UPSERT_WEB_CONTENTS
{
  "id": 7,
  "state": "empty-page",
  "teamId": "T0GFBAM8C"
}
[05/07/18, 18:14:53:194] info: Store: UPSERT_WEB_CONTENTS
{
  "id": 7,
  "state": "page-will-navigate",
  "teamId": "T0GFBAM8C"
}
[05/07/18, 18:14:53:215] info: Store: UPSERT_WEB_CONTENTS
{
  "id": 6,
  "state": "loaded",
  "teamId": "T5LFW0CUB"
}
[05/07/18, 18:14:53:233] info: Store: UPSERT_WEB_CONTENTS
{
  "id": 6,
  "state": "empty-page",
  "teamId": "T5LFW0CUB"
}
[05/07/18, 18:14:53:237] info: Store: UPSERT_WEB_CONTENTS
{
  "id": 6,
  "state": "page-will-navigate",
  "teamId": "T5LFW0CUB"
}
[05/07/18, 18:14:53:462] info: Store: UPDATE_SESSION_STATUS
{
  "hasValidSession": true,
  "teamId": "T4HEMM0UR"
}
[05/07/18, 18:14:53:535] info: Store: UPDATE_SESSION_STATUS
{
  "hasValidSession": true,
  "teamId": "T0GFBAM8C"
}
[05/07/18, 18:14:53:580] info: Store: UPDATE_SESSION_STATUS
{
  "hasValidSession": true,
  "teamId": "T5LFW0CUB"
}
