[05/08/18, 23:58:38:916] info: ╔════════════════════════════════════════════════════════════════════════════╗
[05/08/18, 23:58:38:917] info: ║      Slack 3.1.1, linux 4.16.7-1-zen on x64 at 05/08/18, 23:58:38:905      ║
[05/08/18, 23:58:38:917] info: ╚════════════════════════════════════════════════════════════════════════════╝
[05/08/18, 23:58:39:244] info: Initializing local storage instance at path: /home/nitoli/.config/Slack/local-settings.json
[05/08/18, 23:58:40:184] error: Calls failed to load, bailing
[05/08/18, 23:58:40:197] info: cld3::loadModule: loading cld3 module
[05/08/18, 23:58:40:309] info: cld3Loader::loadModule: running environment is NODE
[05/08/18, 23:58:40:310] info: cld3Loader::loadModule: constructed module object for runtime
[05/08/18, 23:58:41:034] info: cld3Loader::initializeRuntime: successfully initialized module
[05/08/18, 23:58:41:035] info: cld3Loader::loadModule: initialized wasm binary Runtime
[05/08/18, 23:58:41:060] warn: updateSpellcheckerLanguage: Tried to update language, but spellchecker not initialized
[05/08/18, 23:58:41:061] info: SSBIntegration: Main window preload script loaded 3057.199236
[05/08/18, 23:58:41:094] info: Store: UPSERT_WEB_CONTENTS
{
  "id": 4,
  "state": "loaded",
  "teamId": "T5YEC6G73"
}
[05/08/18, 23:58:41:096] info: Store: UPSERT_WEB_CONTENTS
{
  "id": 4,
  "state": "empty-page",
  "teamId": "T5YEC6G73"
}
[05/08/18, 23:58:41:096] info: Store: UPSERT_WEB_CONTENTS
{
  "id": 4,
  "state": "page-will-navigate",
  "teamId": "T5YEC6G73"
}
[05/08/18, 23:58:41:097] info: Store: SET_NETWORK_STATUS offline
[05/08/18, 23:58:41:097] info: Store: UPSERT_WEB_CONTENTS
{
  "id": 6,
  "state": "loaded",
  "teamId": "T5LFW0CUB"
}
[05/08/18, 23:58:41:108] info: Store: UPSERT_WEB_CONTENTS
{
  "id": 3,
  "state": "loaded",
  "teamId": "T02R0MMHK"
}
[05/08/18, 23:58:41:122] info: Store: UPSERT_WEB_CONTENTS
{
  "id": 6,
  "state": "empty-page",
  "teamId": "T5LFW0CUB"
}
[05/08/18, 23:58:41:137] info: Store: UPSERT_WEB_CONTENTS
{
  "id": 3,
  "state": "empty-page",
  "teamId": "T02R0MMHK"
}
[05/08/18, 23:58:41:198] info: Store: UPSERT_WEB_CONTENTS
{
  "id": 7,
  "state": "loaded",
  "teamId": "T0GFBAM8C"
}
[05/08/18, 23:58:41:232] info: Store: UPSERT_WEB_CONTENTS
{
  "id": 7,
  "state": "empty-page",
  "teamId": "T0GFBAM8C"
}
[05/08/18, 23:58:41:293] info: Store: UPSERT_WEB_CONTENTS
{
  "id": 5,
  "state": "loaded",
  "teamId": "T4HEMM0UR"
}
[05/08/18, 23:58:41:307] info: Store: UPSERT_WEB_CONTENTS
{
  "id": 5,
  "state": "empty-page",
  "teamId": "T4HEMM0UR"
}
[05/08/18, 23:58:41:526] info: Store: UPDATE_SESSION_STATUS
{
  "hasValidSession": true,
  "teamId": "T5YEC6G73"
}
[05/08/18, 23:58:41:580] info: Store: UPDATE_SESSION_STATUS
{
  "hasValidSession": true,
  "teamId": "T5LFW0CUB"
}
[05/08/18, 23:58:41:610] info: Store: UPDATE_SESSION_STATUS
{
  "hasValidSession": true,
  "teamId": "T02R0MMHK"
}
[05/08/18, 23:58:41:623] info: Store: UPDATE_SESSION_STATUS
{
  "hasValidSession": true,
  "teamId": "T0GFBAM8C"
}
[05/08/18, 23:58:41:651] info: Store: UPDATE_SESSION_STATUS
{
  "hasValidSession": true,
  "teamId": "T4HEMM0UR"
}
[05/08/18, 23:58:41:915] info: Store: SET_NETWORK_STATUS online
[05/08/18, 23:58:41:933] info: Store: MAIN_WINDOW_SHOWN
[05/08/18, 23:58:41:963] info: Store: UPSERT_WEB_CONTENTS
{
  "id": 6,
  "state": "page-will-navigate",
  "teamId": "T5LFW0CUB"
}
[05/08/18, 23:58:41:967] info: Store: UPSERT_WEB_CONTENTS
{
  "id": 3,
  "state": "page-will-navigate",
  "teamId": "T02R0MMHK"
}
[05/08/18, 23:58:41:973] info: Window is unloading, winssb is no longer accessible
[05/08/18, 23:58:41:976] info: Store: UPSERT_WEB_CONTENTS
{
  "id": 7,
  "state": "page-will-navigate",
  "teamId": "T0GFBAM8C"
}
[05/08/18, 23:58:41:983] info: Store: UPSERT_WEB_CONTENTS
{
  "id": 5,
  "state": "page-will-navigate",
  "teamId": "T4HEMM0UR"
}
[05/08/18, 23:58:42:358] info: Store: UPDATE_SESSION_STATUS
{
  "hasValidSession": true,
  "teamId": "T0GFBAM8C"
}
[05/08/18, 23:58:42:377] info: Store: UPDATE_SESSION_STATUS
{
  "hasValidSession": true,
  "teamId": "T02R0MMHK"
}
[05/08/18, 23:58:42:379] info: Store: UPDATE_SESSION_STATUS
{
  "hasValidSession": true,
  "teamId": "T4HEMM0UR"
}
[05/08/18, 23:58:42:397] info: Store: UPDATE_SESSION_STATUS
{
  "hasValidSession": true,
  "teamId": "T5LFW0CUB"
}
[05/08/18, 23:58:42:873] info: Store: UPSERT_WEB_CONTENTS
{
  "id": 4,
  "state": "loaded",
  "teamId": "T5YEC6G73"
}
[05/08/18, 23:58:42:881] info: Store: UPSERT_WEB_CONTENTS
{
  "id": 4,
  "state": "empty-page",
  "teamId": "T5YEC6G73"
}
[05/08/18, 23:58:42:885] info: Store: UPSERT_WEB_CONTENTS
{
  "id": 4,
  "state": "page-will-navigate",
  "teamId": "T5YEC6G73"
}
[05/08/18, 23:58:43:243] info: Store: UPDATE_SESSION_STATUS
{
  "hasValidSession": true,
  "teamId": "T5YEC6G73"
}
