[05/01/18, 15:04:44:712] info: ╔════════════════════════════════════════════════════════════════════════════╗
[05/01/18, 15:04:44:713] info: ║      Slack 3.1.1, linux 4.16.5-1-zen on x64 at 05/01/18, 15:04:44:709      ║
[05/01/18, 15:04:44:713] info: ╚════════════════════════════════════════════════════════════════════════════╝
[05/01/18, 15:04:44:785] info: Initializing local storage instance at path: /home/nitoli/.config/Slack/local-settings.json
[05/01/18, 15:04:45:048] error: Calls failed to load, bailing
[05/01/18, 15:04:45:049] info: cld3::loadModule: loading cld3 module
[05/01/18, 15:04:45:068] info: cld3Loader::loadModule: running environment is NODE
[05/01/18, 15:04:45:068] info: cld3Loader::loadModule: constructed module object for runtime
[05/01/18, 15:04:45:236] info: cld3Loader::initializeRuntime: successfully initialized module
[05/01/18, 15:04:45:236] info: cld3Loader::loadModule: initialized wasm binary Runtime
[05/01/18, 15:04:45:239] warn: updateSpellcheckerLanguage: Tried to update language, but spellchecker not initialized
[05/01/18, 15:04:45:240] info: SSBIntegration: Main window preload script loaded 790.22856
[05/01/18, 15:04:47:668] info: Store: UPSERT_WEB_CONTENTS
{
  "id": 5,
  "state": "loaded",
  "teamId": "T4HEMM0UR"
}
[05/01/18, 15:04:53:329] info: Store: UPDATE_SESSION_STATUS
{
  "hasValidSession": true,
  "teamId": "T4HEMM0UR"
}
[05/01/18, 15:04:55:479] info: Store: UPSERT_WEB_CONTENTS
{
  "id": 3,
  "state": "loaded",
  "teamId": "T5YEC6G73"
}
[05/01/18, 15:05:00:080] info: Store: UPDATE_TEAM_ICONS
{
  "icons": {
    "image_102": "https://slack-files2.s3-us-west-2.amazonaws.com/avatars/2017-06-28/205110093367_6705e64b9b4a8299bd1f_102.png",
    "image_132": "https://slack-files2.s3-us-west-2.amazonaws.com/avatars/2017-06-28/205110093367_6705e64b9b4a8299bd1f_132.png",
    "image_230": "https://slack-files2.s3-us-west-2.amazonaws.com/avatars/2017-06-28/205110093367_6705e64b9b4a8299bd1f_230.png",
    "image_34": "https://slack-files2.s3-us-west-2.amazonaws.com/avatars/2017-06-28/205110093367_6705e64b9b4a8299bd1f_34.png",
    "image_44": "https://slack-files2.s3-us-west-2.amazonaws.com/avatars/2017-06-28/205110093367_6705e64b9b4a8299bd1f_44.png",
    "image_68": "https://slack-files2.s3-us-west-2.amazonaws.com/avatars/2017-06-28/205110093367_6705e64b9b4a8299bd1f_68.png",
    "image_88": "https://slack-files2.s3-us-west-2.amazonaws.com/avatars/2017-06-28/205110093367_6705e64b9b4a8299bd1f_88.png",
    "image_original": "https://slack-files2.s3-us-west-2.amazonaws.com/avatars/2017-06-28/205110093367_6705e64b9b4a8299bd1f_original.png"
  },
  "teamId": "T5YEC6G73"
}
[05/01/18, 15:05:00:297] info: Store: SELECT_CHANNEL C8Y1H7TEE
[05/01/18, 15:05:00:303] info: Store: UPDATE_TEAM_LOCALE
{
  "locale": "en-US",
  "teamId": "T5YEC6G73"
}
[05/01/18, 15:05:00:304] info: Store: UPDATE_SETTINGS
{
  "locale": "en-US"
}
[05/01/18, 15:05:00:324] info: Store: UPDATE_TEAM_THEME
{
  "teamId": "T5YEC6G73",
  "theme": {
    "active_item": "#4C9689",
    "active_item_text": "#FFFFFF",
    "active_presence": "#38978D",
    "badge": "#EB4D5C",
    "column_bg": "#4D394B",
    "hover_item": "#3E313C",
    "menu_bg": "#3E313C",
    "text_color": "#FFFFFF"
  }
}
[05/01/18, 15:05:00:585] info: Store: UPSERT_WEB_CONTENTS
{
  "id": 3,
  "state": "webapp-loaded",
  "teamId": "T5YEC6G73"
}
[05/01/18, 15:05:00:784] info: Store: STORE_API_TOKEN
{
  "teamId": "T5YEC6G73",
  "token": "xoxs-⋯"
}
[05/01/18, 15:05:04:390] info: Store: UPDATE_SESSION_STATUS
{
  "hasValidSession": null,
  "teamId": "T5YEC6G73"
}
[05/01/18, 15:05:14:047] info: Store: UPSERT_WEB_CONTENTS
{
  "id": 4,
  "state": "loaded",
  "teamId": "T02R0MMHK"
}
[05/01/18, 15:05:14:358] info: Store: UPDATE_SESSION_STATUS
{
  "hasValidSession": true,
  "teamId": "T02R0MMHK"
}
[05/01/18, 15:05:17:218] info: Store: UPDATE_TEAM_ICONS
{
  "icons": {
    "image_102": "https://slack-files2.s3-us-west-2.amazonaws.com/avatars/2015-01-14/3400695805_06e3ed8a8ae7228d7c54_102.jpg",
    "image_132": "https://slack-files2.s3-us-west-2.amazonaws.com/avatars/2015-01-14/3400695805_06e3ed8a8ae7228d7c54_132.jpg",
    "image_230": "https://slack-files2.s3-us-west-2.amazonaws.com/avatars/2015-01-14/3400695805_06e3ed8a8ae7228d7c54_132.jpg",
    "image_34": "https://slack-files2.s3-us-west-2.amazonaws.com/avatars/2015-01-14/3400695805_06e3ed8a8ae7228d7c54_34.jpg",
    "image_44": "https://slack-files2.s3-us-west-2.amazonaws.com/avatars/2015-01-14/3400695805_06e3ed8a8ae7228d7c54_44.jpg",
    "image_68": "https://slack-files2.s3-us-west-2.amazonaws.com/avatars/2015-01-14/3400695805_06e3ed8a8ae7228d7c54_68.jpg",
    "image_88": "https://slack-files2.s3-us-west-2.amazonaws.com/avatars/2015-01-14/3400695805_06e3ed8a8ae7228d7c54_88.jpg",
    "image_original": "https://slack-files2.s3-us-west-2.amazonaws.com/avatars/2015-01-14/3400695805_06e3ed8a8ae7228d7c54_original.jpg"
  },
  "teamId": "T02R0MMHK"
}
[05/01/18, 15:05:17:349] info: Store: SELECT_CHANNEL C04Q8GKJA
[05/01/18, 15:05:17:352] info: Store: UPDATE_TEAM_LOCALE
{
  "locale": "en-US",
  "teamId": "T02R0MMHK"
}
[05/01/18, 15:05:17:371] info: Store: UPDATE_TEAM_THEME
{
  "teamId": "T02R0MMHK",
  "theme": {
    "active_item": "#4C9689",
    "active_item_text": "#FFFFFF",
    "active_presence": "#38978D",
    "badge": "#EB4D5C",
    "column_bg": "#4D394B",
    "hover_item": "#3E313C",
    "menu_bg": "#3E313C",
    "text_color": "#FFFFFF"
  }
}
[05/01/18, 15:05:17:530] info: Store: UPSERT_WEB_CONTENTS
{
  "id": 4,
  "state": "webapp-loaded",
  "teamId": "T02R0MMHK"
}
[05/01/18, 15:05:17:603] info: Store: STORE_API_TOKEN
{
  "teamId": "T02R0MMHK",
  "token": "xoxs-⋯"
}
[05/01/18, 15:05:49:002] error: May-1 15:05:49.100 T4HEMM0UR SOCKET-MANAGER: Closing socket because we spent 60000 ms in prov_connected state; giving up
[05/01/18, 15:05:49:003] error: May-1 15:05:49.300 T4HEMM0UR SOCKET-MANAGER: Closing socket because #4107: client state machine got stuck
[05/01/18, 15:06:51:617] error: May-1 15:06:51.617 T4HEMM0UR SOCKET-MANAGER: Closing socket because #4105: client went offline
[05/01/18, 15:06:52:022] info: Store: SET_NETWORK_STATUS offline
[05/01/18, 15:06:54:344] info: Store: SET_NETWORK_STATUS online
[05/01/18, 15:07:29:220] error: May-1 15:07:29.220 T4HEMM0UR SOCKET-MANAGER: Closing socket because #4105: client went offline
[05/01/18, 15:07:29:621] info: Store: SET_NETWORK_STATUS offline
[05/01/18, 15:08:00:000] error: May-1 15:08:00.000 T4HEMM0UR SOCKET-MANAGER: Closing socket because we spent 30000 ms in wait_for_connectivity state; giving up
[05/01/18, 15:08:29:987] info: Store: SET_NETWORK_STATUS online
[05/01/18, 15:09:32:001] error: May-1 15:09:32.000 T4HEMM0UR SOCKET-MANAGER: Closing socket because we spent 60000 ms in prov_connected state; giving up
[05/01/18, 15:09:32:002] error: May-1 15:09:32.100 T4HEMM0UR SOCKET-MANAGER: Closing socket because #4107: client state machine got stuck
[05/01/18, 15:10:35:003] error: May-1 15:10:35.000 T4HEMM0UR SOCKET-MANAGER: Closing socket because we spent 60000 ms in prov_connected state; giving up
[05/01/18, 15:10:35:004] error: May-1 15:10:35.300 T4HEMM0UR SOCKET-MANAGER: Closing socket because #4107: client state machine got stuck
[05/01/18, 15:11:38:000] error: May-1 15:11:38.000 T4HEMM0UR SOCKET-MANAGER: Closing socket because we spent 60000 ms in prov_connected state; giving up
[05/01/18, 15:11:38:001] error: May-1 15:11:38.100 T4HEMM0UR SOCKET-MANAGER: Closing socket because #4107: client state machine got stuck
[05/01/18, 15:12:41:001] error: May-1 15:12:41.000 T4HEMM0UR SOCKET-MANAGER: Closing socket because we spent 60000 ms in prov_connected state; giving up
[05/01/18, 15:12:41:003] error: May-1 15:12:41.200 T4HEMM0UR SOCKET-MANAGER: Closing socket because #4107: client state machine got stuck
