[05/08/18, 19:11:18:233] info: ╔════════════════════════════════════════════════════════════════════════════╗
[05/08/18, 19:11:18:234] info: ║      Slack 3.1.1, linux 4.16.7-1-zen on x64 at 05/08/18, 19:11:18:208      ║
[05/08/18, 19:11:18:234] info: ╚════════════════════════════════════════════════════════════════════════════╝
[05/08/18, 19:11:18:492] info: Initializing local storage instance at path: /home/nitoli/.config/Slack/local-settings.json
[05/08/18, 19:11:19:569] error: Calls failed to load, bailing
[05/08/18, 19:11:19:571] info: cld3::loadModule: loading cld3 module
[05/08/18, 19:11:19:629] info: cld3Loader::loadModule: running environment is NODE
[05/08/18, 19:11:19:629] info: cld3Loader::loadModule: constructed module object for runtime
[05/08/18, 19:11:20:348] info: cld3Loader::initializeRuntime: successfully initialized module
[05/08/18, 19:11:20:348] info: cld3Loader::loadModule: initialized wasm binary Runtime
[05/08/18, 19:11:20:378] warn: updateSpellcheckerLanguage: Tried to update language, but spellchecker not initialized
[05/08/18, 19:11:20:379] info: SSBIntegration: Main window preload script loaded 3227.078767
[05/08/18, 19:11:20:400] info: Store: UPSERT_WEB_CONTENTS
{
  "id": 5,
  "state": "loaded",
  "teamId": "T4HEMM0UR"
}
[05/08/18, 19:11:20:418] info: Store: UPSERT_WEB_CONTENTS
{
  "id": 5,
  "state": "empty-page",
  "teamId": "T4HEMM0UR"
}
[05/08/18, 19:11:20:418] info: Store: UPSERT_WEB_CONTENTS
{
  "id": 5,
  "state": "page-will-navigate",
  "teamId": "T4HEMM0UR"
}
[05/08/18, 19:11:20:461] info: Store: UPSERT_WEB_CONTENTS
{
  "id": 3,
  "state": "loaded",
  "teamId": "T5YEC6G73"
}
[05/08/18, 19:11:20:504] info: Store: UPSERT_WEB_CONTENTS
{
  "id": 3,
  "state": "empty-page",
  "teamId": "T5YEC6G73"
}
[05/08/18, 19:11:20:527] info: Store: UPSERT_WEB_CONTENTS
{
  "id": 3,
  "state": "page-will-navigate",
  "teamId": "T5YEC6G73"
}
[05/08/18, 19:11:20:535] info: Window is unloading, winssb is no longer accessible
[05/08/18, 19:11:20:563] info: Store: UPSERT_WEB_CONTENTS
{
  "id": 6,
  "state": "loaded",
  "teamId": "T5LFW0CUB"
}
[05/08/18, 19:11:20:612] info: Store: UPSERT_WEB_CONTENTS
{
  "id": 6,
  "state": "empty-page",
  "teamId": "T5LFW0CUB"
}
[05/08/18, 19:11:20:614] info: Store: UPSERT_WEB_CONTENTS
{
  "id": 6,
  "state": "page-will-navigate",
  "teamId": "T5LFW0CUB"
}
[05/08/18, 19:11:20:625] info: Store: UPSERT_WEB_CONTENTS
{
  "id": 7,
  "state": "loaded",
  "teamId": "T0GFBAM8C"
}
[05/08/18, 19:11:20:677] info: Store: UPSERT_WEB_CONTENTS
{
  "id": 7,
  "state": "empty-page",
  "teamId": "T0GFBAM8C"
}
[05/08/18, 19:11:20:685] info: Store: UPSERT_WEB_CONTENTS
{
  "id": 7,
  "state": "page-will-navigate",
  "teamId": "T0GFBAM8C"
}
[05/08/18, 19:11:20:772] info: Store: UPSERT_WEB_CONTENTS
{
  "id": 4,
  "state": "loaded",
  "teamId": "T02R0MMHK"
}
[05/08/18, 19:11:20:785] info: Store: UPSERT_WEB_CONTENTS
{
  "id": 4,
  "state": "empty-page",
  "teamId": "T02R0MMHK"
}
[05/08/18, 19:11:20:789] info: Store: UPSERT_WEB_CONTENTS
{
  "id": 4,
  "state": "page-will-navigate",
  "teamId": "T02R0MMHK"
}
[05/08/18, 19:11:20:959] info: Store: SET_NETWORK_STATUS offline
[05/08/18, 19:11:21:365] info: Store: UPDATE_SESSION_STATUS
{
  "hasValidSession": true,
  "teamId": "T5LFW0CUB"
}
[05/08/18, 19:11:21:382] info: Store: UPDATE_SESSION_STATUS
{
  "hasValidSession": true,
  "teamId": "T4HEMM0UR"
}
[05/08/18, 19:11:21:394] info: Store: UPDATE_SESSION_STATUS
{
  "hasValidSession": true,
  "teamId": "T0GFBAM8C"
}
[05/08/18, 19:11:21:402] info: Store: UPDATE_SESSION_STATUS
{
  "hasValidSession": true,
  "teamId": "T5YEC6G73"
}
[05/08/18, 19:11:21:406] info: Store: UPDATE_SESSION_STATUS
{
  "hasValidSession": true,
  "teamId": "T02R0MMHK"
}
[05/08/18, 19:11:21:634] info: Store: SET_NETWORK_STATUS online
[05/08/18, 19:11:21:648] info: Store: MAIN_WINDOW_SHOWN
