[05/09/18, 21:35:55:765] info: ╔════════════════════════════════════════════════════════════════════════════╗
[05/09/18, 21:35:55:766] info: ║      Slack 3.1.1, linux 4.16.7-1-zen on x64 at 05/09/18, 21:35:55:758      ║
[05/09/18, 21:35:55:766] info: ╚════════════════════════════════════════════════════════════════════════════╝
[05/09/18, 21:35:56:081] info: Initializing local storage instance at path: /home/nitoli/.config/Slack/local-settings.json
[05/09/18, 21:35:56:933] error: Calls failed to load, bailing
[05/09/18, 21:35:56:941] info: cld3::loadModule: loading cld3 module
[05/09/18, 21:35:57:011] info: cld3Loader::loadModule: running environment is NODE
[05/09/18, 21:35:57:013] info: cld3Loader::loadModule: constructed module object for runtime
[05/09/18, 21:35:57:933] info: cld3Loader::initializeRuntime: successfully initialized module
[05/09/18, 21:35:57:933] info: cld3Loader::loadModule: initialized wasm binary Runtime
[05/09/18, 21:35:57:972] warn: updateSpellcheckerLanguage: Tried to update language, but spellchecker not initialized
[05/09/18, 21:35:57:973] info: SSBIntegration: Main window preload script loaded 3159.220632
[05/09/18, 21:35:57:983] info: Store: UPSERT_WEB_CONTENTS
{
  "id": 6,
  "state": "loaded",
  "teamId": "T5LFW0CUB"
}
[05/09/18, 21:35:57:985] info: Store: UPSERT_WEB_CONTENTS
{
  "id": 6,
  "state": "empty-page",
  "teamId": "T5LFW0CUB"
}
[05/09/18, 21:35:57:986] info: Store: UPSERT_WEB_CONTENTS
{
  "id": 6,
  "state": "page-will-navigate",
  "teamId": "T5LFW0CUB"
}
[05/09/18, 21:35:57:986] info: Store: UPSERT_WEB_CONTENTS
{
  "id": 7,
  "state": "loaded",
  "teamId": "T0GFBAM8C"
}
[05/09/18, 21:35:57:987] info: Store: UPSERT_WEB_CONTENTS
{
  "id": 7,
  "state": "empty-page",
  "teamId": "T0GFBAM8C"
}
[05/09/18, 21:35:57:987] info: Store: UPSERT_WEB_CONTENTS
{
  "id": 7,
  "state": "page-will-navigate",
  "teamId": "T0GFBAM8C"
}
[05/09/18, 21:35:58:004] info: Store: UPSERT_WEB_CONTENTS
{
  "id": 4,
  "state": "loaded",
  "teamId": "T5YEC6G73"
}
[05/09/18, 21:35:58:017] info: Store: UPSERT_WEB_CONTENTS
{
  "id": 5,
  "state": "loaded",
  "teamId": "T4HEMM0UR"
}
[05/09/18, 21:35:58:025] info: Store: UPSERT_WEB_CONTENTS
{
  "id": 4,
  "state": "empty-page",
  "teamId": "T5YEC6G73"
}
[05/09/18, 21:35:58:038] info: Store: UPSERT_WEB_CONTENTS
{
  "id": 4,
  "state": "page-will-navigate",
  "teamId": "T5YEC6G73"
}
[05/09/18, 21:35:58:043] info: Window is unloading, winssb is no longer accessible
[05/09/18, 21:35:58:047] info: Store: UPSERT_WEB_CONTENTS
{
  "id": 5,
  "state": "empty-page",
  "teamId": "T4HEMM0UR"
}
[05/09/18, 21:35:58:051] info: Store: UPSERT_WEB_CONTENTS
{
  "id": 5,
  "state": "page-will-navigate",
  "teamId": "T4HEMM0UR"
}
[05/09/18, 21:35:58:100] info: Store: UPSERT_WEB_CONTENTS
{
  "id": 3,
  "state": "loaded",
  "teamId": "T02R0MMHK"
}
[05/09/18, 21:35:58:125] info: Store: UPSERT_WEB_CONTENTS
{
  "id": 3,
  "state": "empty-page",
  "teamId": "T02R0MMHK"
}
[05/09/18, 21:35:58:142] info: Store: UPSERT_WEB_CONTENTS
{
  "id": 3,
  "state": "page-will-navigate",
  "teamId": "T02R0MMHK"
}
[05/09/18, 21:35:58:454] info: Store: SET_NETWORK_STATUS offline
[05/09/18, 21:35:58:871] info: Store: UPDATE_SESSION_STATUS
{
  "hasValidSession": true,
  "teamId": "T5LFW0CUB"
}
[05/09/18, 21:35:58:892] info: Store: UPDATE_SESSION_STATUS
{
  "hasValidSession": true,
  "teamId": "T0GFBAM8C"
}
[05/09/18, 21:35:58:921] info: Store: UPDATE_SESSION_STATUS
{
  "hasValidSession": true,
  "teamId": "T4HEMM0UR"
}
[05/09/18, 21:35:58:934] info: Store: UPDATE_SESSION_STATUS
{
  "hasValidSession": true,
  "teamId": "T02R0MMHK"
}
[05/09/18, 21:35:58:942] info: Store: UPDATE_SESSION_STATUS
{
  "hasValidSession": true,
  "teamId": "T5YEC6G73"
}
[05/09/18, 21:35:59:205] info: Store: SET_NETWORK_STATUS online
[05/09/18, 21:35:59:228] info: Store: MAIN_WINDOW_SHOWN
