[05/01/18, 17:59:05:164] info: ╔════════════════════════════════════════════════════════════════════════════╗
[05/01/18, 17:59:05:165] info: ║      Slack 3.1.1, linux 4.16.5-1-zen on x64 at 05/01/18, 17:59:05:151      ║
[05/01/18, 17:59:05:165] info: ╚════════════════════════════════════════════════════════════════════════════╝
[05/01/18, 17:59:05:563] info: Initializing local storage instance at path: /home/nitoli/.config/Slack/local-settings.json
[05/01/18, 17:59:06:774] error: Calls failed to load, bailing
[05/01/18, 17:59:06:776] info: cld3::loadModule: loading cld3 module
[05/01/18, 17:59:06:867] info: cld3Loader::loadModule: running environment is NODE
[05/01/18, 17:59:06:867] info: cld3Loader::loadModule: constructed module object for runtime
[05/01/18, 17:59:07:769] info: cld3Loader::initializeRuntime: successfully initialized module
[05/01/18, 17:59:07:770] info: cld3Loader::loadModule: initialized wasm binary Runtime
[05/01/18, 17:59:07:789] warn: updateSpellcheckerLanguage: Tried to update language, but spellchecker not initialized
[05/01/18, 17:59:07:791] info: SSBIntegration: Main window preload script loaded 3472.515555
[05/01/18, 17:59:07:887] info: Store: UPSERT_WEB_CONTENTS
{
  "id": 3,
  "state": "loaded",
  "teamId": "T5YEC6G73"
}
[05/01/18, 17:59:07:986] info: Store: UPSERT_WEB_CONTENTS
{
  "id": 3,
  "state": "empty-page",
  "teamId": "T5YEC6G73"
}
[05/01/18, 17:59:08:038] info: Store: UPSERT_WEB_CONTENTS
{
  "id": 3,
  "state": "page-will-navigate",
  "teamId": "T5YEC6G73"
}
[05/01/18, 17:59:08:059] info: Window is unloading, winssb is no longer accessible
[05/01/18, 17:59:08:880] info: Store: UPSERT_WEB_CONTENTS
{
  "id": 5,
  "state": "loaded",
  "teamId": "T4HEMM0UR"
}
[05/01/18, 17:59:08:907] info: Store: UPSERT_WEB_CONTENTS
{
  "id": 5,
  "state": "empty-page",
  "teamId": "T4HEMM0UR"
}
[05/01/18, 17:59:08:956] info: Store: UPSERT_WEB_CONTENTS
{
  "id": 5,
  "state": "page-will-navigate",
  "teamId": "T4HEMM0UR"
}
[05/01/18, 17:59:09:053] info: Store: UPSERT_WEB_CONTENTS
{
  "id": 4,
  "state": "loaded",
  "teamId": "T02R0MMHK"
}
[05/01/18, 17:59:09:075] info: Store: UPSERT_WEB_CONTENTS
{
  "id": 4,
  "state": "empty-page",
  "teamId": "T02R0MMHK"
}
[05/01/18, 17:59:09:088] info: Store: UPSERT_WEB_CONTENTS
{
  "id": 4,
  "state": "page-will-navigate",
  "teamId": "T02R0MMHK"
}
[05/01/18, 17:59:09:487] info: Store: SET_NETWORK_STATUS offline
[05/01/18, 17:59:09:907] info: Store: UPDATE_SESSION_STATUS
{
  "hasValidSession": true,
  "teamId": "T5YEC6G73"
}
[05/01/18, 17:59:09:929] info: Store: UPDATE_SESSION_STATUS
{
  "hasValidSession": true,
  "teamId": "T4HEMM0UR"
}
[05/01/18, 17:59:09:938] info: Store: UPDATE_SESSION_STATUS
{
  "hasValidSession": true,
  "teamId": "T02R0MMHK"
}
[05/01/18, 17:59:10:174] info: Store: SET_NETWORK_STATUS online
[05/01/18, 17:59:10:198] info: Store: MAIN_WINDOW_SHOWN
