[05/07/18, 16:55:11:370] info: ╔════════════════════════════════════════════════════════════════════════════╗
[05/07/18, 16:55:11:371] info: ║      Slack 3.1.1, linux 4.16.6-1-zen on x64 at 05/07/18, 16:55:11:366      ║
[05/07/18, 16:55:11:371] info: ╚════════════════════════════════════════════════════════════════════════════╝
[05/07/18, 16:55:11:605] info: Initializing local storage instance at path: /home/nitoli/.config/Slack/local-settings.json
[05/07/18, 16:55:12:471] error: Calls failed to load, bailing
[05/07/18, 16:55:12:480] info: cld3::loadModule: loading cld3 module
[05/07/18, 16:55:12:538] info: cld3Loader::loadModule: running environment is NODE
[05/07/18, 16:55:12:543] info: cld3Loader::loadModule: constructed module object for runtime
[05/07/18, 16:55:13:135] info: cld3Loader::initializeRuntime: successfully initialized module
[05/07/18, 16:55:13:136] info: cld3Loader::loadModule: initialized wasm binary Runtime
[05/07/18, 16:55:13:166] warn: updateSpellcheckerLanguage: Tried to update language, but spellchecker not initialized
[05/07/18, 16:55:13:173] info: SSBIntegration: Main window preload script loaded 2613.312261
[05/07/18, 16:55:13:234] info: Store: UPSERT_WEB_CONTENTS
{
  "id": 6,
  "state": "loaded",
  "teamId": "T5LFW0CUB"
}
[05/07/18, 16:55:13:284] info: Store: UPSERT_WEB_CONTENTS
{
  "id": 6,
  "state": "empty-page",
  "teamId": "T5LFW0CUB"
}
[05/07/18, 16:55:13:301] info: Store: UPSERT_WEB_CONTENTS
{
  "id": 6,
  "state": "page-will-navigate",
  "teamId": "T5LFW0CUB"
}
[05/07/18, 16:55:13:317] info: Window is unloading, winssb is no longer accessible
[05/07/18, 16:55:13:462] info: Store: UPSERT_WEB_CONTENTS
{
  "id": 5,
  "state": "loaded",
  "teamId": "T4HEMM0UR"
}
[05/07/18, 16:55:13:499] info: Store: UPSERT_WEB_CONTENTS
{
  "id": 5,
  "state": "empty-page",
  "teamId": "T4HEMM0UR"
}
[05/07/18, 16:55:13:513] info: Store: UPSERT_WEB_CONTENTS
{
  "id": 5,
  "state": "page-will-navigate",
  "teamId": "T4HEMM0UR"
}
[05/07/18, 16:55:13:680] info: Store: UPSERT_WEB_CONTENTS
{
  "id": 4,
  "state": "loaded",
  "teamId": "T02R0MMHK"
}
[05/07/18, 16:55:13:695] info: Store: UPSERT_WEB_CONTENTS
{
  "id": 4,
  "state": "empty-page",
  "teamId": "T02R0MMHK"
}
[05/07/18, 16:55:13:705] info: Store: UPSERT_WEB_CONTENTS
{
  "id": 4,
  "state": "page-will-navigate",
  "teamId": "T02R0MMHK"
}
[05/07/18, 16:55:13:834] info: Store: UPSERT_WEB_CONTENTS
{
  "id": 3,
  "state": "loaded",
  "teamId": "T5YEC6G73"
}
[05/07/18, 16:55:13:846] info: Store: UPSERT_WEB_CONTENTS
{
  "id": 7,
  "state": "loaded",
  "teamId": "T0GFBAM8C"
}
[05/07/18, 16:55:13:850] info: Store: UPSERT_WEB_CONTENTS
{
  "id": 3,
  "state": "empty-page",
  "teamId": "T5YEC6G73"
}
[05/07/18, 16:55:13:857] info: Store: UPSERT_WEB_CONTENTS
{
  "id": 3,
  "state": "page-will-navigate",
  "teamId": "T5YEC6G73"
}
[05/07/18, 16:55:13:869] info: Store: UPSERT_WEB_CONTENTS
{
  "id": 7,
  "state": "empty-page",
  "teamId": "T0GFBAM8C"
}
[05/07/18, 16:55:13:873] info: Store: UPSERT_WEB_CONTENTS
{
  "id": 7,
  "state": "page-will-navigate",
  "teamId": "T0GFBAM8C"
}
[05/07/18, 16:55:14:007] info: Store: SET_NETWORK_STATUS offline
[05/07/18, 16:55:14:384] info: Store: UPDATE_SESSION_STATUS
{
  "hasValidSession": true,
  "teamId": "T4HEMM0UR"
}
[05/07/18, 16:55:14:413] info: Store: UPDATE_SESSION_STATUS
{
  "hasValidSession": true,
  "teamId": "T0GFBAM8C"
}
[05/07/18, 16:55:14:415] info: Store: UPDATE_SESSION_STATUS
{
  "hasValidSession": true,
  "teamId": "T5YEC6G73"
}
[05/07/18, 16:55:14:419] info: Store: UPDATE_SESSION_STATUS
{
  "hasValidSession": true,
  "teamId": "T5LFW0CUB"
}
[05/07/18, 16:55:14:421] info: Store: UPDATE_SESSION_STATUS
{
  "hasValidSession": true,
  "teamId": "T02R0MMHK"
}
