[05/02/18, 13:21:02:400] info: ╔════════════════════════════════════════════════════════════════════════════╗
[05/02/18, 13:21:02:401] info: ║      Slack 3.1.1, linux 4.16.5-1-zen on x64 at 05/02/18, 13:21:02:396      ║
[05/02/18, 13:21:02:402] info: ╚════════════════════════════════════════════════════════════════════════════╝
[05/02/18, 13:21:02:525] info: Initializing local storage instance at path: /home/nitoli/.config/Slack/local-settings.json
[05/02/18, 13:21:03:093] error: Calls failed to load, bailing
[05/02/18, 13:21:03:096] info: cld3::loadModule: loading cld3 module
[05/02/18, 13:21:03:143] info: cld3Loader::loadModule: running environment is NODE
[05/02/18, 13:21:03:143] info: cld3Loader::loadModule: constructed module object for runtime
[05/02/18, 13:21:03:629] info: cld3Loader::initializeRuntime: successfully initialized module
[05/02/18, 13:21:03:629] info: cld3Loader::loadModule: initialized wasm binary Runtime
[05/02/18, 13:21:03:645] warn: updateSpellcheckerLanguage: Tried to update language, but spellchecker not initialized
[05/02/18, 13:21:03:651] info: SSBIntegration: Main window preload script loaded 1746.624906
[05/02/18, 13:21:03:669] info: Store: UPSERT_WEB_CONTENTS
{
  "id": 3,
  "state": "loaded",
  "teamId": "T02R0MMHK"
}
[05/02/18, 13:21:03:699] info: Store: UPSERT_WEB_CONTENTS
{
  "id": 3,
  "state": "empty-page",
  "teamId": "T02R0MMHK"
}
[05/02/18, 13:21:03:703] info: Store: UPSERT_WEB_CONTENTS
{
  "id": 3,
  "state": "page-will-navigate",
  "teamId": "T02R0MMHK"
}
[05/02/18, 13:21:03:706] info: Window is unloading, winssb is no longer accessible
[05/02/18, 13:21:03:766] info: Store: UPSERT_WEB_CONTENTS
{
  "id": 5,
  "state": "loaded",
  "teamId": "T4HEMM0UR"
}
[05/02/18, 13:21:03:774] info: Store: UPSERT_WEB_CONTENTS
{
  "id": 5,
  "state": "empty-page",
  "teamId": "T4HEMM0UR"
}
