[05/08/18, 11:25:50:088] info: ╔════════════════════════════════════════════════════════════════════════════╗
[05/08/18, 11:25:50:089] info: ║      Slack 3.1.1, linux 4.16.6-1-zen on x64 at 05/08/18, 11:25:50:074      ║
[05/08/18, 11:25:50:089] info: ╚════════════════════════════════════════════════════════════════════════════╝
[05/08/18, 11:25:50:253] info: Initializing local storage instance at path: /home/nitoli/.config/Slack/local-settings.json
[05/08/18, 11:25:50:897] error: Calls failed to load, bailing
[05/08/18, 11:25:50:906] info: cld3::loadModule: loading cld3 module
[05/08/18, 11:25:50:985] info: cld3Loader::loadModule: running environment is NODE
[05/08/18, 11:25:50:986] info: cld3Loader::loadModule: constructed module object for runtime
[05/08/18, 11:25:51:508] info: cld3Loader::initializeRuntime: successfully initialized module
[05/08/18, 11:25:51:508] info: cld3Loader::loadModule: initialized wasm binary Runtime
[05/08/18, 11:25:51:512] warn: updateSpellcheckerLanguage: Tried to update language, but spellchecker not initialized
[05/08/18, 11:25:51:512] info: TranslationLookup: locale set to ja-JP for renderer
[05/08/18, 11:25:51:513] info: SSBIntegration: Main window preload script loaded 2150.402596
[05/08/18, 11:25:51:522] info: Store: UPDATE_SESSION_STATUS
{
  "hasValidSession": null,
  "teamId": "T0GFBAM8C"
}
[05/08/18, 11:25:51:524] info: Store: UPDATE_SESSION_STATUS
{
  "hasValidSession": null,
  "teamId": "T5YEC6G73"
}
[05/08/18, 11:25:51:525] info: Store: UPDATE_SESSION_STATUS
{
  "hasValidSession": null,
  "teamId": "T4HEMM0UR"
}
[05/08/18, 11:25:51:525] info: Store: UPDATE_SESSION_STATUS
{
  "hasValidSession": null,
  "teamId": "T5LFW0CUB"
}
[05/08/18, 11:25:51:525] info: Store: UPDATE_SESSION_STATUS
{
  "hasValidSession": null,
  "teamId": "T02R0MMHK"
}
[05/08/18, 11:25:51:526] info: Store: SET_NETWORK_STATUS offline
[05/08/18, 11:25:51:526] info: Store: UPSERT_WEB_CONTENTS
{
  "id": 7,
  "state": "loaded",
  "teamId": "T0GFBAM8C"
}
[05/08/18, 11:25:51:527] info: Store: UPSERT_WEB_CONTENTS
{
  "id": 7,
  "state": "empty-page",
  "teamId": "T0GFBAM8C"
}
[05/08/18, 11:25:51:527] info: Store: UPDATE_SESSION_STATUS
{
  "hasValidSession": null,
  "teamId": "T0GFBAM8C"
}
[05/08/18, 11:25:51:527] info: Store: UPSERT_WEB_CONTENTS
{
  "id": 4,
  "state": "loaded",
  "teamId": "T5YEC6G73"
}
[05/08/18, 11:25:51:527] info: Store: UPSERT_WEB_CONTENTS
{
  "id": 4,
  "state": "empty-page",
  "teamId": "T5YEC6G73"
}
[05/08/18, 11:25:51:528] info: Store: UPSERT_WEB_CONTENTS
{
  "id": 6,
  "state": "loaded",
  "teamId": "T4HEMM0UR"
}
[05/08/18, 11:25:51:528] info: Store: UPSERT_WEB_CONTENTS
{
  "id": 6,
  "state": "empty-page",
  "teamId": "T4HEMM0UR"
}
[05/08/18, 11:25:51:528] info: Store: UPDATE_SESSION_STATUS
{
  "hasValidSession": null,
  "teamId": "T5YEC6G73"
}
[05/08/18, 11:25:51:529] info: Store: UPSERT_WEB_CONTENTS
{
  "id": 3,
  "state": "loaded",
  "teamId": "T5LFW0CUB"
}
[05/08/18, 11:25:51:536] info: Store: UPSERT_WEB_CONTENTS
{
  "id": 3,
  "state": "empty-page",
  "teamId": "T5LFW0CUB"
}
[05/08/18, 11:25:51:558] info: Store: UPDATE_SESSION_STATUS
{
  "hasValidSession": null,
  "teamId": "T4HEMM0UR"
}
[05/08/18, 11:25:51:637] info: Store: UPDATE_SESSION_STATUS
{
  "hasValidSession": null,
  "teamId": "T5LFW0CUB"
}
[05/08/18, 11:25:51:746] info: Store: UPSERT_WEB_CONTENTS
{
  "id": 5,
  "state": "loaded",
  "teamId": "T02R0MMHK"
}
[05/08/18, 11:25:51:757] info: Store: UPSERT_WEB_CONTENTS
{
  "id": 5,
  "state": "empty-page",
  "teamId": "T02R0MMHK"
}
[05/08/18, 11:25:51:871] info: Store: UPDATE_SESSION_STATUS
{
  "hasValidSession": null,
  "teamId": "T02R0MMHK"
}
