[05/07/18, 18:14:51:390] info: ╔════════════════════════════════════════════════════════════════════════════╗
[05/07/18, 18:14:51:391] info: ║      Slack 3.1.1, linux 4.16.6-1-zen on x64 at 05/07/18, 18:14:51:381      ║
[05/07/18, 18:14:51:392] info: ╚════════════════════════════════════════════════════════════════════════════╝
[05/07/18, 18:14:51:597] info: Initializing local storage instance at path: /home/nitoli/.config/Slack/local-settings.json
[05/07/18, 18:14:52:578] error: Calls failed to load, bailing
[05/07/18, 18:14:52:580] info: cld3::loadModule: loading cld3 module
[05/07/18, 18:14:52:633] info: cld3Loader::loadModule: running environment is NODE
[05/07/18, 18:14:52:633] info: cld3Loader::loadModule: constructed module object for runtime
[05/07/18, 18:14:53:201] info: cld3Loader::initializeRuntime: successfully initialized module
[05/07/18, 18:14:53:201] info: cld3Loader::loadModule: initialized wasm binary Runtime
[05/07/18, 18:14:53:206] warn: updateSpellcheckerLanguage: Tried to update language, but spellchecker not initialized
[05/07/18, 18:14:53:207] info: SSBIntegration: Main window preload script loaded 2675.306616
[05/07/18, 18:14:53:213] info: Store: SET_NETWORK_STATUS online
[05/07/18, 18:14:53:216] info: Store: UPSERT_WEB_CONTENTS
{
  "id": 4,
  "state": "loaded",
  "teamId": "T02R0MMHK"
}
[05/07/18, 18:14:53:217] info: Store: UPSERT_WEB_CONTENTS
{
  "id": 4,
  "state": "empty-page",
  "teamId": "T02R0MMHK"
}
[05/07/18, 18:14:53:217] info: Store: UPSERT_WEB_CONTENTS
{
  "id": 4,
  "state": "page-will-navigate",
  "teamId": "T02R0MMHK"
}
[05/07/18, 18:14:53:217] info: Store: UPSERT_WEB_CONTENTS
{
  "id": 3,
  "state": "loaded",
  "teamId": "T5YEC6G73"
}
[05/07/18, 18:14:53:218] info: Store: MAIN_WINDOW_SHOWN
[05/07/18, 18:14:53:218] info: Store: UPSERT_WEB_CONTENTS
{
  "id": 3,
  "state": "empty-page",
  "teamId": "T5YEC6G73"
}
[05/07/18, 18:14:53:218] info: Store: UPSERT_WEB_CONTENTS
{
  "id": 3,
  "state": "page-will-navigate",
  "teamId": "T5YEC6G73"
}
[05/07/18, 18:14:53:219] info: Store: UPDATE_SESSION_STATUS
{
  "hasValidSession": true,
  "teamId": "T02R0MMHK"
}
[05/07/18, 18:14:53:220] info: Store: UPSERT_WEB_CONTENTS
{
  "id": 5,
  "state": "loaded",
  "teamId": "T4HEMM0UR"
}
[05/07/18, 18:14:53:220] info: Store: UPDATE_SESSION_STATUS
{
  "hasValidSession": true,
  "teamId": "T5YEC6G73"
}
[05/07/18, 18:14:53:220] info: Store: UPSERT_WEB_CONTENTS
{
  "id": 5,
  "state": "empty-page",
  "teamId": "T4HEMM0UR"
}
[05/07/18, 18:14:53:221] info: Store: UPSERT_WEB_CONTENTS
{
  "id": 5,
  "state": "page-will-navigate",
  "teamId": "T4HEMM0UR"
}
[05/07/18, 18:14:53:221] info: Store: UPSERT_WEB_CONTENTS
{
  "id": 7,
  "state": "loaded",
  "teamId": "T0GFBAM8C"
}
[05/07/18, 18:14:53:221] info: Store: UPSERT_WEB_CONTENTS
{
  "id": 7,
  "state": "empty-page",
  "teamId": "T0GFBAM8C"
}
[05/07/18, 18:14:53:222] info: Store: UPSERT_WEB_CONTENTS
{
  "id": 7,
  "state": "page-will-navigate",
  "teamId": "T0GFBAM8C"
}
[05/07/18, 18:14:53:227] info: Store: UPSERT_WEB_CONTENTS
{
  "id": 6,
  "state": "loaded",
  "teamId": "T5LFW0CUB"
}
[05/07/18, 18:14:53:234] info: Store: UPSERT_WEB_CONTENTS
{
  "id": 6,
  "state": "empty-page",
  "teamId": "T5LFW0CUB"
}
[05/07/18, 18:14:53:238] info: Store: UPSERT_WEB_CONTENTS
{
  "id": 6,
  "state": "page-will-navigate",
  "teamId": "T5LFW0CUB"
}
[05/07/18, 18:14:53:243] info: Window is unloading, winssb is no longer accessible
[05/07/18, 18:14:53:460] info: Store: UPDATE_SESSION_STATUS
{
  "hasValidSession": true,
  "teamId": "T4HEMM0UR"
}
[05/07/18, 18:14:53:533] info: Store: UPDATE_SESSION_STATUS
{
  "hasValidSession": true,
  "teamId": "T0GFBAM8C"
}
[05/07/18, 18:14:53:579] info: Store: UPDATE_SESSION_STATUS
{
  "hasValidSession": true,
  "teamId": "T5LFW0CUB"
}
