[05/07/18, 21:09:38:263] info: ╔════════════════════════════════════════════════════════════════════════════╗
[05/07/18, 21:09:38:267] info: ║      Slack 3.1.1, linux 4.16.6-1-zen on x64 at 05/07/18, 21:09:38:257      ║
[05/07/18, 21:09:38:267] info: ╚════════════════════════════════════════════════════════════════════════════╝
[05/07/18, 21:09:38:540] info: Initializing local storage instance at path: /home/nitoli/.config/Slack/local-settings.json
[05/07/18, 21:09:39:815] error: Calls failed to load, bailing
[05/07/18, 21:09:39:821] info: cld3::loadModule: loading cld3 module
[05/07/18, 21:09:39:955] info: cld3Loader::loadModule: running environment is NODE
[05/07/18, 21:09:39:955] info: cld3Loader::loadModule: constructed module object for runtime
[05/07/18, 21:09:40:502] info: cld3Loader::initializeRuntime: successfully initialized module
[05/07/18, 21:09:40:502] info: cld3Loader::loadModule: initialized wasm binary Runtime
[05/07/18, 21:09:40:505] warn: updateSpellcheckerLanguage: Tried to update language, but spellchecker not initialized
[05/07/18, 21:09:40:505] info: SSBIntegration: Main window preload script loaded 3201.821917
[05/07/18, 21:09:40:514] info: Store: UPSERT_WEB_CONTENTS
{
  "id": 5,
  "state": "loaded",
  "teamId": "T4HEMM0UR"
}
[05/07/18, 21:09:40:516] info: Store: UPSERT_WEB_CONTENTS
{
  "id": 6,
  "state": "loaded",
  "teamId": "T5LFW0CUB"
}
[05/07/18, 21:09:40:516] info: Store: UPSERT_WEB_CONTENTS
{
  "id": 5,
  "state": "empty-page",
  "teamId": "T4HEMM0UR"
}
[05/07/18, 21:09:40:516] info: Store: UPSERT_WEB_CONTENTS
{
  "id": 5,
  "state": "page-will-navigate",
  "teamId": "T4HEMM0UR"
}
[05/07/18, 21:09:40:516] info: Store: UPSERT_WEB_CONTENTS
{
  "id": 4,
  "state": "loaded",
  "teamId": "T02R0MMHK"
}
[05/07/18, 21:09:40:517] info: Store: UPSERT_WEB_CONTENTS
{
  "id": 6,
  "state": "empty-page",
  "teamId": "T5LFW0CUB"
}
[05/07/18, 21:09:40:517] info: Store: UPSERT_WEB_CONTENTS
{
  "id": 6,
  "state": "page-will-navigate",
  "teamId": "T5LFW0CUB"
}
[05/07/18, 21:09:40:517] info: Store: UPSERT_WEB_CONTENTS
{
  "id": 4,
  "state": "empty-page",
  "teamId": "T02R0MMHK"
}
[05/07/18, 21:09:40:517] info: Store: UPSERT_WEB_CONTENTS
{
  "id": 4,
  "state": "page-will-navigate",
  "teamId": "T02R0MMHK"
}
[05/07/18, 21:09:40:518] info: Store: UPSERT_WEB_CONTENTS
{
  "id": 7,
  "state": "loaded",
  "teamId": "T0GFBAM8C"
}
[05/07/18, 21:09:40:518] info: Store: UPSERT_WEB_CONTENTS
{
  "id": 7,
  "state": "empty-page",
  "teamId": "T0GFBAM8C"
}
[05/07/18, 21:09:40:518] info: Store: UPSERT_WEB_CONTENTS
{
  "id": 7,
  "state": "page-will-navigate",
  "teamId": "T0GFBAM8C"
}
[05/07/18, 21:09:40:522] info: Store: UPSERT_WEB_CONTENTS
{
  "id": 3,
  "state": "loaded",
  "teamId": "T5YEC6G73"
}
[05/07/18, 21:09:40:530] info: Store: UPSERT_WEB_CONTENTS
{
  "id": 3,
  "state": "empty-page",
  "teamId": "T5YEC6G73"
}
[05/07/18, 21:09:40:540] info: Store: UPSERT_WEB_CONTENTS
{
  "id": 3,
  "state": "page-will-navigate",
  "teamId": "T5YEC6G73"
}
[05/07/18, 21:09:40:542] info: Window is unloading, winssb is no longer accessible
[05/07/18, 21:09:40:739] info: Store: SET_NETWORK_STATUS offline
