[05/07/18, 21:16:00:215] info: ╔════════════════════════════════════════════════════════════════════════════╗
[05/07/18, 21:16:00:218] info: ║      Slack 3.1.1, linux 4.16.6-1-zen on x64 at 05/07/18, 21:16:00:199      ║
[05/07/18, 21:16:00:218] info: ╚════════════════════════════════════════════════════════════════════════════╝
[05/07/18, 21:16:00:448] info: Initializing local storage instance at path: /home/nitoli/.config/Slack/local-settings.json
[05/07/18, 21:16:01:166] error: Calls failed to load, bailing
[05/07/18, 21:16:01:168] info: cld3::loadModule: loading cld3 module
[05/07/18, 21:16:01:229] info: cld3Loader::loadModule: running environment is NODE
[05/07/18, 21:16:01:230] info: cld3Loader::loadModule: constructed module object for runtime
[05/07/18, 21:16:02:219] info: cld3Loader::initializeRuntime: successfully initialized module
[05/07/18, 21:16:02:219] info: cld3Loader::loadModule: initialized wasm binary Runtime
[05/07/18, 21:16:02:243] warn: updateSpellcheckerLanguage: Tried to update language, but spellchecker not initialized
[05/07/18, 21:16:02:244] info: SSBIntegration: Main window preload script loaded 3143.737317
[05/07/18, 21:16:11:678] info: Store: SELECT_CHANNEL C0GFH3RHC
[05/07/18, 21:16:11:679] info: Store: UPDATE_TEAM_LOCALE
{
  "locale": "ja-JP"
}
[05/07/18, 21:16:11:694] info: Store: UPDATE_SETTINGS
{
  "locale": "en-US"
}
[05/07/18, 21:16:11:695] info: Store: SELECT_CHANNEL G7GGG2GPN
[05/07/18, 21:16:12:374] info: Store: UPDATE_TEAM_LOCALE
{
  "locale": "ja-JP"
}
[05/07/18, 21:16:12:374] info: Store: UPSERT_WEB_CONTENTS
{
  "id": 7,
  "state": "loaded",
  "teamId": "T0GFBAM8C"
}
[05/07/18, 21:16:15:883] info: Store: UPDATE_SESSION_STATUS
{
  "hasValidSession": true,
  "teamId": "T0GFBAM8C"
}
[05/07/18, 21:16:17:231] info: Store: UPSERT_WEB_CONTENTS
{
  "id": 6,
  "state": "loaded",
  "teamId": "T5LFW0CUB"
}
[05/07/18, 21:16:17:234] info: Store: UPDATE_TEAM_LOCALE
{
  "locale": "ja-JP"
}
[05/07/18, 21:16:17:234] info: Store: UPSERT_WEB_CONTENTS
{
  "id": 7,
  "state": "webapp-loaded",
  "teamId": "T0GFBAM8C"
}
[05/07/18, 21:16:17:243] info: Store: UPDATE_SESSION_STATUS
{
  "hasValidSession": true,
  "teamId": "T5LFW0CUB"
}
[05/07/18, 21:16:17:253] info: Store: SELECT_CHANNEL C4TEJ603W
[05/07/18, 21:16:17:258] info: Store: UPDATE_TEAM_LOCALE
{
  "locale": "en-US"
}
[05/07/18, 21:16:17:260] info: Store: UPDATE_TEAM_THEME
{
  "teamId": "T0GFBAM8C",
  "theme": {
    "active_item": "#4C9689",
    "active_item_text": "#FFFFFF",
    "active_presence": "#38978D",
    "badge": "#EB4D5C",
    "column_bg": "#4D394B",
    "hover_item": "#3E313C",
    "menu_bg": "#3E313C",
    "text_color": "#FFFFFF"
  }
}
[05/07/18, 21:16:17:268] info: Store: STORE_API_TOKEN
{
  "teamId": "T0GFBAM8C",
  "token": "xoxs-⋯"
}
[05/07/18, 21:16:17:269] info: Store: UPDATE_TEAM_ICONS
{
  "icons": {
    "image_102": "https://slack-files2.s3-us-west-2.amazonaws.com/avatars/2015-12-19/17054493216_07addcfb3fb1718cbba4_102.png",
    "image_132": "https://slack-files2.s3-us-west-2.amazonaws.com/avatars/2015-12-19/17054493216_07addcfb3fb1718cbba4_132.png",
    "image_230": "https://slack-files2.s3-us-west-2.amazonaws.com/avatars/2015-12-19/17054493216_07addcfb3fb1718cbba4_132.png",
    "image_34": "https://slack-files2.s3-us-west-2.amazonaws.com/avatars/2015-12-19/17054493216_07addcfb3fb1718cbba4_34.png",
    "image_44": "https://slack-files2.s3-us-west-2.amazonaws.com/avatars/2015-12-19/17054493216_07addcfb3fb1718cbba4_44.png",
    "image_68": "https://slack-files2.s3-us-west-2.amazonaws.com/avatars/2015-12-19/17054493216_07addcfb3fb1718cbba4_68.png",
    "image_88": "https://slack-files2.s3-us-west-2.amazonaws.com/avatars/2015-12-19/17054493216_07addcfb3fb1718cbba4_88.png",
    "image_original": "https://slack-files2.s3-us-west-2.amazonaws.com/avatars/2015-12-19/17054493216_07addcfb3fb1718cbba4_original.png"
  },
  "teamId": "T0GFBAM8C"
}
[05/07/18, 21:16:17:269] info: Store: UPDATE_TEAM_LOCALE
{
  "locale": "ja-JP"
}
[05/07/18, 21:16:17:270] info: Store: UPSERT_WEB_CONTENTS
{
  "id": 6,
  "state": "webapp-loaded",
  "teamId": "T5LFW0CUB"
}
[05/07/18, 21:16:17:271] info: Store: UPDATE_TEAM_THEME
{
  "teamId": "T5LFW0CUB",
  "theme": {
    "active_item": "#4C9689",
    "active_item_text": "#FFFFFF",
    "active_presence": "#38978D",
    "badge": "#EB4D5C",
    "column_bg": "#4D394B",
    "hover_item": "#3E313C",
    "menu_bg": "#3E313C",
    "text_color": "#FFFFFF"
  }
}
[05/07/18, 21:16:17:272] info: Store: STORE_API_TOKEN
{
  "teamId": "T5LFW0CUB",
  "token": "xoxs-⋯"
}
[05/07/18, 21:16:17:272] info: Store: UPDATE_TEAM_ICONS
{
  "icons": {
    "image_102": "https://slack-files2.s3-us-west-2.amazonaws.com/avatars/2017-08-21/229801110004_7754c1684d8336d012c4_102.jpg",
    "image_132": "https://slack-files2.s3-us-west-2.amazonaws.com/avatars/2017-08-21/229801110004_7754c1684d8336d012c4_132.jpg",
    "image_230": "https://slack-files2.s3-us-west-2.amazonaws.com/avatars/2017-08-21/229801110004_7754c1684d8336d012c4_230.jpg",
    "image_34": "https://slack-files2.s3-us-west-2.amazonaws.com/avatars/2017-08-21/229801110004_7754c1684d8336d012c4_34.jpg",
    "image_44": "https://slack-files2.s3-us-west-2.amazonaws.com/avatars/2017-08-21/229801110004_7754c1684d8336d012c4_44.jpg",
    "image_68": "https://slack-files2.s3-us-west-2.amazonaws.com/avatars/2017-08-21/229801110004_7754c1684d8336d012c4_68.jpg",
    "image_88": "https://slack-files2.s3-us-west-2.amazonaws.com/avatars/2017-08-21/229801110004_7754c1684d8336d012c4_88.jpg",
    "image_original": "https://slack-files2.s3-us-west-2.amazonaws.com/avatars/2017-08-21/229801110004_7754c1684d8336d012c4_original.jpg"
  },
  "teamId": "T5LFW0CUB"
}
[05/07/18, 21:16:17:275] info: Store: UPSERT_WEB_CONTENTS
{
  "id": 4,
  "state": "loaded",
  "teamId": "T02R0MMHK"
}
[05/07/18, 21:16:17:276] info: Store: SELECT_CHANNEL C8Y1H7TEE
[05/07/18, 21:16:17:277] info: Store: UPDATE_TEAM_LOCALE
{
  "locale": "en-US"
}
[05/07/18, 21:16:17:278] info: Store: UPDATE_SESSION_STATUS
{
  "hasValidSession": true,
  "teamId": "T02R0MMHK"
}
[05/07/18, 21:16:17:278] info: Store: UPDATE_TEAM_LOCALE
{
  "locale": "en-US"
}
[05/07/18, 21:16:17:279] info: Store: UPSERT_WEB_CONTENTS
{
  "id": 4,
  "state": "webapp-loaded",
  "teamId": "T02R0MMHK"
}
[05/07/18, 21:16:17:452] info: Store: UPSERT_WEB_CONTENTS
{
  "id": 3,
  "state": "loaded",
  "teamId": "T5YEC6G73"
}
[05/07/18, 21:16:17:497] info: Store: SELECT_CHANNEL C4JRHEQB1
[05/07/18, 21:16:17:498] info: Store: UPDATE_TEAM_LOCALE
{
  "locale": "ja-JP"
}
[05/07/18, 21:16:17:498] info: Store: UPDATE_TEAM_THEME
{
  "teamId": "T02R0MMHK",
  "theme": {
    "active_item": "#4C9689",
    "active_item_text": "#FFFFFF",
    "active_presence": "#38978D",
    "badge": "#EB4D5C",
    "column_bg": "#4D394B",
    "hover_item": "#3E313C",
    "menu_bg": "#3E313C",
    "text_color": "#FFFFFF"
  }
}
[05/07/18, 21:16:17:499] info: Store: STORE_API_TOKEN
{
  "teamId": "T02R0MMHK",
  "token": "xoxs-⋯"
}
[05/07/18, 21:16:17:500] info: Store: UPDATE_TEAM_ICONS
{
  "icons": {
    "image_102": "https://slack-files2.s3-us-west-2.amazonaws.com/avatars/2015-01-14/3400695805_06e3ed8a8ae7228d7c54_102.jpg",
    "image_132": "https://slack-files2.s3-us-west-2.amazonaws.com/avatars/2015-01-14/3400695805_06e3ed8a8ae7228d7c54_132.jpg",
    "image_230": "https://slack-files2.s3-us-west-2.amazonaws.com/avatars/2015-01-14/3400695805_06e3ed8a8ae7228d7c54_132.jpg",
    "image_34": "https://slack-files2.s3-us-west-2.amazonaws.com/avatars/2015-01-14/3400695805_06e3ed8a8ae7228d7c54_34.jpg",
    "image_44": "https://slack-files2.s3-us-west-2.amazonaws.com/avatars/2015-01-14/3400695805_06e3ed8a8ae7228d7c54_44.jpg",
    "image_68": "https://slack-files2.s3-us-west-2.amazonaws.com/avatars/2015-01-14/3400695805_06e3ed8a8ae7228d7c54_68.jpg",
    "image_88": "https://slack-files2.s3-us-west-2.amazonaws.com/avatars/2015-01-14/3400695805_06e3ed8a8ae7228d7c54_88.jpg",
    "image_original": "https://slack-files2.s3-us-west-2.amazonaws.com/avatars/2015-01-14/3400695805_06e3ed8a8ae7228d7c54_original.jpg"
  },
  "teamId": "T02R0MMHK"
}
[05/07/18, 21:16:17:507] info: Store: UPDATE_SESSION_STATUS
{
  "hasValidSession": true,
  "teamId": "T5YEC6G73"
}
[05/07/18, 21:16:17:814] info: Store: UPSERT_WEB_CONTENTS
{
  "id": 5,
  "state": "loaded",
  "teamId": "T4HEMM0UR"
}
[05/07/18, 21:16:17:816] info: Store: UPDATE_SESSION_STATUS
{
  "hasValidSession": true,
  "teamId": "T4HEMM0UR"
}
[05/07/18, 21:16:17:816] info: Store: UPDATE_TEAM_LOCALE
{
  "locale": "en-US"
}
[05/07/18, 21:16:17:817] info: Store: UPSERT_WEB_CONTENTS
{
  "id": 3,
  "state": "webapp-loaded",
  "teamId": "T5YEC6G73"
}
[05/07/18, 21:16:17:820] info: Store: UPDATE_TEAM_LOCALE
{
  "locale": "ja-JP"
}
[05/07/18, 21:16:17:820] info: Store: UPSERT_WEB_CONTENTS
{
  "id": 5,
  "state": "webapp-loaded",
  "teamId": "T4HEMM0UR"
}
[05/07/18, 21:16:17:994] info: Store: UPDATE_TEAM_THEME
{
  "teamId": "T4HEMM0UR",
  "theme": {
    "active_item": "#4C9689",
    "active_item_text": "#FFFFFF",
    "active_presence": "#38978D",
    "badge": "#EB4D5C",
    "column_bg": "#4D394B",
    "hover_item": "#3E313C",
    "menu_bg": "#3E313C",
    "text_color": "#FFFFFF"
  }
}
[05/07/18, 21:16:17:995] info: Store: STORE_API_TOKEN
{
  "teamId": "T4HEMM0UR",
  "token": "xoxs-⋯"
}
[05/07/18, 21:16:18:016] info: Store: UPDATE_TEAM_ICONS
{
  "icons": {
    "image_102": "https://slack-files2.s3-us-west-2.amazonaws.com/avatars/2017-03-15/154610708258_f98e05c23845866960a5_102.png",
    "image_132": "https://slack-files2.s3-us-west-2.amazonaws.com/avatars/2017-03-15/154610708258_f98e05c23845866960a5_132.png",
    "image_230": "https://slack-files2.s3-us-west-2.amazonaws.com/avatars/2017-03-15/154610708258_f98e05c23845866960a5_230.png",
    "image_34": "https://slack-files2.s3-us-west-2.amazonaws.com/avatars/2017-03-15/154610708258_f98e05c23845866960a5_34.png",
    "image_44": "https://slack-files2.s3-us-west-2.amazonaws.com/avatars/2017-03-15/154610708258_f98e05c23845866960a5_44.png",
    "image_68": "https://slack-files2.s3-us-west-2.amazonaws.com/avatars/2017-03-15/154610708258_f98e05c23845866960a5_68.png",
    "image_88": "https://slack-files2.s3-us-west-2.amazonaws.com/avatars/2017-03-15/154610708258_f98e05c23845866960a5_88.png",
    "image_original": "https://slack-files2.s3-us-west-2.amazonaws.com/avatars/2017-03-15/154610708258_f98e05c23845866960a5_original.png"
  },
  "teamId": "T4HEMM0UR"
}
[05/07/18, 21:16:18:017] info: Store: UPDATE_TEAM_THEME
{
  "teamId": "T5YEC6G73",
  "theme": {
    "active_item": "#4C9689",
    "active_item_text": "#FFFFFF",
    "active_presence": "#38978D",
    "badge": "#EB4D5C",
    "column_bg": "#4D394B",
    "hover_item": "#3E313C",
    "menu_bg": "#3E313C",
    "text_color": "#FFFFFF"
  }
}
[05/07/18, 21:16:18:145] info: Store: STORE_API_TOKEN
{
  "teamId": "T5YEC6G73",
  "token": "xoxs-⋯"
}
[05/07/18, 21:16:18:146] info: Store: UPDATE_TEAM_ICONS
{
  "icons": {
    "image_102": "https://slack-files2.s3-us-west-2.amazonaws.com/avatars/2017-06-28/205110093367_6705e64b9b4a8299bd1f_102.png",
    "image_132": "https://slack-files2.s3-us-west-2.amazonaws.com/avatars/2017-06-28/205110093367_6705e64b9b4a8299bd1f_132.png",
    "image_230": "https://slack-files2.s3-us-west-2.amazonaws.com/avatars/2017-06-28/205110093367_6705e64b9b4a8299bd1f_230.png",
    "image_34": "https://slack-files2.s3-us-west-2.amazonaws.com/avatars/2017-06-28/205110093367_6705e64b9b4a8299bd1f_34.png",
    "image_44": "https://slack-files2.s3-us-west-2.amazonaws.com/avatars/2017-06-28/205110093367_6705e64b9b4a8299bd1f_44.png",
    "image_68": "https://slack-files2.s3-us-west-2.amazonaws.com/avatars/2017-06-28/205110093367_6705e64b9b4a8299bd1f_68.png",
    "image_88": "https://slack-files2.s3-us-west-2.amazonaws.com/avatars/2017-06-28/205110093367_6705e64b9b4a8299bd1f_88.png",
    "image_original": "https://slack-files2.s3-us-west-2.amazonaws.com/avatars/2017-06-28/205110093367_6705e64b9b4a8299bd1f_original.png"
  },
  "teamId": "T5YEC6G73"
}
[05/07/18, 21:16:19:189] info: Raw Locale list: ["C","en_US.utf8","POSIX",""]
[05/07/18, 21:16:19:189] info: Filtered Locale list: ["en_US"]
[05/07/18, 21:16:19:193] info: Counts: {"en":["en_US"]}
[05/07/18, 21:16:19:193] info: Setting en
[05/07/18, 21:16:19:195] info: Result: {"en":"en-US"}
[05/07/18, 21:16:19:197] info: Requesting to load ja-JP, alternatives are ["ja-JP","ja-JP","ja-JP"]
[05/07/18, 21:16:19:199] info: Loading dictionary for language ja-JP
[05/07/18, 21:16:19:199] info: Returning local copy: /home/nitoli/.config/Slack/dictionaries/ja-JP.bdic
[05/07/18, 21:16:19:208] info: Failed to read file /home/nitoli/.config/Slack/dictionaries/ja-JP.bdic: File exists but is most likely bogus
[05/07/18, 21:16:19:209] info: Actually downloading https://redirector.gvt1.com/edgedl/chrome/dict/ja-jp-3-0.bdic
[05/07/18, 21:16:20:038] info: Loading dictionary for language ja-JP
[05/07/18, 21:16:20:038] info: Returning local copy: /home/nitoli/.config/Slack/dictionaries/ja-JP.bdic
[05/07/18, 21:16:20:039] info: Failed to read file /home/nitoli/.config/Slack/dictionaries/ja-JP.bdic: File exists but is most likely bogus
[05/07/18, 21:16:20:040] info: Actually downloading https://redirector.gvt1.com/edgedl/chrome/dict/ja-jp-3-0.bdic
[05/07/18, 21:16:20:227] info: Loading dictionary for language ja-JP
[05/07/18, 21:16:20:228] info: Returning local copy: /home/nitoli/.config/Slack/dictionaries/ja-JP.bdic
[05/07/18, 21:16:20:229] info: Failed to read file /home/nitoli/.config/Slack/dictionaries/ja-JP.bdic: File exists but is most likely bogus
[05/07/18, 21:16:20:229] info: Actually downloading https://redirector.gvt1.com/edgedl/chrome/dict/ja-jp-3-0.bdic
[05/07/18, 21:16:20:350] info: dictionary for ja-JP_ja-JP is not available
[05/07/18, 21:16:20:351] info: Actually installing spell check provider to Electron
[05/07/18, 21:16:41:610] info: Unloading spellchecker
[05/07/18, 21:16:41:627] info: Restoring spellchecker
[05/07/18, 21:16:41:628] info: Requesting to load ja-JP, alternatives are ["ja-JP","ja-JP","ja-JP"]
[05/07/18, 21:16:41:628] info: Loading dictionary for language ja-JP
[05/07/18, 21:16:41:628] info: Returning local copy: /home/nitoli/.config/Slack/dictionaries/ja-JP.bdic
[05/07/18, 21:16:41:634] info: Unloading spellchecker
[05/07/18, 21:16:41:674] info: Unloading spellchecker
[05/07/18, 21:16:41:675] info: Failed to read file /home/nitoli/.config/Slack/dictionaries/ja-JP.bdic: File exists but is most likely bogus
[05/07/18, 21:16:41:676] info: Actually downloading https://redirector.gvt1.com/edgedl/chrome/dict/ja-jp-3-0.bdic
[05/07/18, 21:16:41:888] info: Restoring spellchecker
[05/07/18, 21:16:41:893] info: Requesting to load ja-JP, alternatives are ["ja-JP","ja-JP","ja-JP"]
[05/07/18, 21:16:41:894] info: Loading dictionary for language ja-JP
[05/07/18, 21:16:41:894] info: Actually downloading https://redirector.gvt1.com/edgedl/chrome/dict/ja-jp-3-0.bdic
[05/07/18, 21:16:41:956] info: Unloading spellchecker
[05/07/18, 21:16:41:958] info: Unloading spellchecker
[05/07/18, 21:16:42:186] info: Loading dictionary for language ja-JP
[05/07/18, 21:16:42:186] info: Returning local copy: /home/nitoli/.config/Slack/dictionaries/ja-JP.bdic
[05/07/18, 21:16:42:187] info: Failed to read file /home/nitoli/.config/Slack/dictionaries/ja-JP.bdic: File exists but is most likely bogus
[05/07/18, 21:16:42:187] info: Actually downloading https://redirector.gvt1.com/edgedl/chrome/dict/ja-jp-3-0.bdic
[05/07/18, 21:16:42:367] info: Loading dictionary for language ja-JP
[05/07/18, 21:16:42:367] info: Returning local copy: /home/nitoli/.config/Slack/dictionaries/ja-JP.bdic
[05/07/18, 21:16:42:369] info: Failed to read file /home/nitoli/.config/Slack/dictionaries/ja-JP.bdic: File exists but is most likely bogus
[05/07/18, 21:16:42:370] info: Actually downloading https://redirector.gvt1.com/edgedl/chrome/dict/ja-jp-3-0.bdic
[05/07/18, 21:16:42:514] info: Loading dictionary for language ja-JP
[05/07/18, 21:16:42:514] info: Returning local copy: /home/nitoli/.config/Slack/dictionaries/ja-JP.bdic
[05/07/18, 21:16:42:516] info: Failed to read file /home/nitoli/.config/Slack/dictionaries/ja-JP.bdic: File exists but is most likely bogus
[05/07/18, 21:16:42:518] info: Actually downloading https://redirector.gvt1.com/edgedl/chrome/dict/ja-jp-3-0.bdic
[05/07/18, 21:16:42:555] info: dictionary for ja-JP_ja-JP is not available
[05/07/18, 21:16:42:679] info: Loading dictionary for language ja-JP
[05/07/18, 21:16:42:680] info: Returning local copy: /home/nitoli/.config/Slack/dictionaries/ja-JP.bdic
[05/07/18, 21:16:42:682] info: Failed to read file /home/nitoli/.config/Slack/dictionaries/ja-JP.bdic: File exists but is most likely bogus
[05/07/18, 21:16:42:683] info: Actually downloading https://redirector.gvt1.com/edgedl/chrome/dict/ja-jp-3-0.bdic
[05/07/18, 21:16:42:837] info: dictionary for ja-JP_ja-JP is not available
