[05/07/18, 19:28:10:397] info: ╔════════════════════════════════════════════════════════════════════════════╗
[05/07/18, 19:28:10:398] info: ║      Slack 3.1.1, linux 4.16.6-1-zen on x64 at 05/07/18, 19:28:10:385      ║
[05/07/18, 19:28:10:398] info: ╚════════════════════════════════════════════════════════════════════════════╝
[05/07/18, 19:28:10:668] info: Initializing local storage instance at path: /home/nitoli/.config/Slack/local-settings.json
[05/07/18, 19:28:11:217] error: Calls failed to load, bailing
[05/07/18, 19:28:11:220] info: cld3::loadModule: loading cld3 module
[05/07/18, 19:28:11:274] info: cld3Loader::loadModule: running environment is NODE
[05/07/18, 19:28:11:274] info: cld3Loader::loadModule: constructed module object for runtime
[05/07/18, 19:28:11:965] info: cld3Loader::initializeRuntime: successfully initialized module
[05/07/18, 19:28:11:966] info: cld3Loader::loadModule: initialized wasm binary Runtime
[05/07/18, 19:28:11:971] warn: updateSpellcheckerLanguage: Tried to update language, but spellchecker not initialized
[05/07/18, 19:28:11:981] info: SSBIntegration: Main window preload script loaded 2419.375021
[05/07/18, 19:28:12:001] info: Store: SET_NETWORK_STATUS online
[05/07/18, 19:28:12:035] info: Store: UPSERT_WEB_CONTENTS
{
  "id": 3,
  "state": "loaded",
  "teamId": "T5YEC6G73"
}
[05/07/18, 19:28:12:040] info: Store: MAIN_WINDOW_SHOWN
[05/07/18, 19:28:12:078] info: Store: UPSERT_WEB_CONTENTS
{
  "id": 3,
  "state": "empty-page",
  "teamId": "T5YEC6G73"
}
[05/07/18, 19:28:12:086] info: Store: UPSERT_WEB_CONTENTS
{
  "id": 3,
  "state": "page-will-navigate",
  "teamId": "T5YEC6G73"
}
[05/07/18, 19:28:12:097] info: Window is unloading, winssb is no longer accessible
[05/07/18, 19:28:12:178] info: Store: UPSERT_WEB_CONTENTS
{
  "id": 6,
  "state": "loaded",
  "teamId": "T5LFW0CUB"
}
[05/07/18, 19:28:12:256] info: Store: UPSERT_WEB_CONTENTS
{
  "id": 6,
  "state": "empty-page",
  "teamId": "T5LFW0CUB"
}
[05/07/18, 19:28:12:263] info: Store: UPSERT_WEB_CONTENTS
{
  "id": 6,
  "state": "page-will-navigate",
  "teamId": "T5LFW0CUB"
}
[05/07/18, 19:28:12:427] info: Store: UPDATE_SESSION_STATUS
{
  "hasValidSession": true,
  "teamId": "T5YEC6G73"
}
[05/07/18, 19:28:12:471] info: Store: UPSERT_WEB_CONTENTS
{
  "id": 5,
  "state": "loaded",
  "teamId": "T4HEMM0UR"
}
[05/07/18, 19:28:12:490] info: Store: UPSERT_WEB_CONTENTS
{
  "id": 5,
  "state": "empty-page",
  "teamId": "T4HEMM0UR"
}
[05/07/18, 19:28:12:504] info: Store: UPSERT_WEB_CONTENTS
{
  "id": 5,
  "state": "page-will-navigate",
  "teamId": "T4HEMM0UR"
}
[05/07/18, 19:28:12:586] info: Store: UPDATE_SESSION_STATUS
{
  "hasValidSession": true,
  "teamId": "T5LFW0CUB"
}
[05/07/18, 19:28:12:887] info: Store: UPDATE_SESSION_STATUS
{
  "hasValidSession": true,
  "teamId": "T4HEMM0UR"
}
