[05/07/18, 19:02:57:167] info: ╔════════════════════════════════════════════════════════════════════════════╗
[05/07/18, 19:02:57:168] info: ║      Slack 3.1.1, linux 4.16.6-1-zen on x64 at 05/07/18, 19:02:57:163      ║
[05/07/18, 19:02:57:168] info: ╚════════════════════════════════════════════════════════════════════════════╝
[05/07/18, 19:02:57:432] info: Initializing local storage instance at path: /home/nitoli/.config/Slack/local-settings.json
[05/07/18, 19:02:58:404] error: Calls failed to load, bailing
[05/07/18, 19:02:58:418] info: cld3::loadModule: loading cld3 module
[05/07/18, 19:02:58:518] info: cld3Loader::loadModule: running environment is NODE
[05/07/18, 19:02:58:518] info: cld3Loader::loadModule: constructed module object for runtime
[05/07/18, 19:02:59:280] info: cld3Loader::initializeRuntime: successfully initialized module
[05/07/18, 19:02:59:280] info: cld3Loader::loadModule: initialized wasm binary Runtime
[05/07/18, 19:02:59:295] warn: updateSpellcheckerLanguage: Tried to update language, but spellchecker not initialized
[05/07/18, 19:02:59:296] info: SSBIntegration: Main window preload script loaded 3097.314864
[05/07/18, 19:02:59:305] info: Store: UPSERT_WEB_CONTENTS
{
  "id": 7,
  "state": "loaded",
  "teamId": "T0GFBAM8C"
}
[05/07/18, 19:02:59:307] info: Store: UPSERT_WEB_CONTENTS
{
  "id": 7,
  "state": "empty-page",
  "teamId": "T0GFBAM8C"
}
[05/07/18, 19:02:59:310] info: Store: UPSERT_WEB_CONTENTS
{
  "id": 7,
  "state": "page-will-navigate",
  "teamId": "T0GFBAM8C"
}
[05/07/18, 19:02:59:310] info: Store: UPSERT_WEB_CONTENTS
{
  "id": 6,
  "state": "loaded",
  "teamId": "T5LFW0CUB"
}
[05/07/18, 19:02:59:310] info: Store: UPSERT_WEB_CONTENTS
{
  "id": 6,
  "state": "empty-page",
  "teamId": "T5LFW0CUB"
}
[05/07/18, 19:02:59:311] info: Store: UPSERT_WEB_CONTENTS
{
  "id": 6,
  "state": "page-will-navigate",
  "teamId": "T5LFW0CUB"
}
[05/07/18, 19:02:59:311] info: Store: UPSERT_WEB_CONTENTS
{
  "id": 4,
  "state": "loaded",
  "teamId": "T02R0MMHK"
}
[05/07/18, 19:02:59:311] info: Store: UPSERT_WEB_CONTENTS
{
  "id": 3,
  "state": "loaded",
  "teamId": "T5YEC6G73"
}
[05/07/18, 19:02:59:311] info: Store: UPSERT_WEB_CONTENTS
{
  "id": 3,
  "state": "empty-page",
  "teamId": "T5YEC6G73"
}
[05/07/18, 19:02:59:312] info: Store: UPSERT_WEB_CONTENTS
{
  "id": 3,
  "state": "page-will-navigate",
  "teamId": "T5YEC6G73"
}
[05/07/18, 19:02:59:312] info: Store: UPSERT_WEB_CONTENTS
{
  "id": 4,
  "state": "empty-page",
  "teamId": "T02R0MMHK"
}
[05/07/18, 19:02:59:318] info: Store: UPSERT_WEB_CONTENTS
{
  "id": 4,
  "state": "page-will-navigate",
  "teamId": "T02R0MMHK"
}
[05/07/18, 19:02:59:319] info: Store: UPSERT_WEB_CONTENTS
{
  "id": 5,
  "state": "loaded",
  "teamId": "T4HEMM0UR"
}
[05/07/18, 19:02:59:324] info: Store: UPSERT_WEB_CONTENTS
{
  "id": 5,
  "state": "empty-page",
  "teamId": "T4HEMM0UR"
}
[05/07/18, 19:02:59:331] info: Store: UPSERT_WEB_CONTENTS
{
  "id": 5,
  "state": "page-will-navigate",
  "teamId": "T4HEMM0UR"
}
[05/07/18, 19:02:59:343] info: Window is unloading, winssb is no longer accessible
[05/07/18, 19:02:59:418] info: Store: SET_NETWORK_STATUS offline
[05/07/18, 19:02:59:768] info: Store: UPDATE_SESSION_STATUS
{
  "hasValidSession": true,
  "teamId": "T5LFW0CUB"
}
[05/07/18, 19:02:59:783] info: Store: UPDATE_SESSION_STATUS
{
  "hasValidSession": true,
  "teamId": "T0GFBAM8C"
}
[05/07/18, 19:02:59:831] info: Store: UPDATE_SESSION_STATUS
{
  "hasValidSession": true,
  "teamId": "T5YEC6G73"
}
[05/07/18, 19:02:59:845] info: Store: UPDATE_SESSION_STATUS
{
  "hasValidSession": true,
  "teamId": "T02R0MMHK"
}
[05/07/18, 19:02:59:849] info: Store: UPDATE_SESSION_STATUS
{
  "hasValidSession": true,
  "teamId": "T4HEMM0UR"
}
[05/07/18, 19:03:00:110] info: Store: SET_NETWORK_STATUS online
[05/07/18, 19:03:00:119] info: Store: MAIN_WINDOW_SHOWN
