[05/08/18, 23:58:42:303] info: ╔════════════════════════════════════════════════════════════════════════════╗
[05/08/18, 23:58:42:304] info: ║      Slack 3.1.1, linux 4.16.7-1-zen on x64 at 05/08/18, 23:58:42:300      ║
[05/08/18, 23:58:42:304] info: ╚════════════════════════════════════════════════════════════════════════════╝
[05/08/18, 23:58:42:385] info: Initializing local storage instance at path: /home/nitoli/.config/Slack/local-settings.json
[05/08/18, 23:58:42:674] error: Calls failed to load, bailing
[05/08/18, 23:58:42:676] info: cld3::loadModule: loading cld3 module
[05/08/18, 23:58:42:694] info: cld3Loader::loadModule: running environment is NODE
[05/08/18, 23:58:42:694] info: cld3Loader::loadModule: constructed module object for runtime
[05/08/18, 23:58:42:863] info: cld3Loader::initializeRuntime: successfully initialized module
[05/08/18, 23:58:42:864] info: cld3Loader::loadModule: initialized wasm binary Runtime
[05/08/18, 23:58:42:867] warn: updateSpellcheckerLanguage: Tried to update language, but spellchecker not initialized
[05/08/18, 23:58:42:867] info: SSBIntegration: Main window preload script loaded 988.516509
[05/08/18, 23:58:42:873] info: Store: SET_NETWORK_STATUS online
[05/08/18, 23:58:42:875] info: Store: MAIN_WINDOW_SHOWN
[05/08/18, 23:58:42:876] info: Store: UPSERT_WEB_CONTENTS
{
  "id": 6,
  "state": "page-will-navigate",
  "teamId": "T5LFW0CUB"
}
[05/08/18, 23:58:42:876] info: Store: UPSERT_WEB_CONTENTS
{
  "id": 3,
  "state": "page-will-navigate",
  "teamId": "T02R0MMHK"
}
[05/08/18, 23:58:42:876] info: Store: UPSERT_WEB_CONTENTS
{
  "id": 7,
  "state": "page-will-navigate",
  "teamId": "T0GFBAM8C"
}
[05/08/18, 23:58:42:877] info: Store: UPSERT_WEB_CONTENTS
{
  "id": 5,
  "state": "page-will-navigate",
  "teamId": "T4HEMM0UR"
}
[05/08/18, 23:58:42:877] info: Store: UPDATE_SESSION_STATUS
{
  "hasValidSession": true,
  "teamId": "T0GFBAM8C"
}
[05/08/18, 23:58:42:877] info: Store: UPDATE_SESSION_STATUS
{
  "hasValidSession": true,
  "teamId": "T02R0MMHK"
}
[05/08/18, 23:58:42:877] info: Store: UPDATE_SESSION_STATUS
{
  "hasValidSession": true,
  "teamId": "T4HEMM0UR"
}
[05/08/18, 23:58:42:878] info: Store: UPDATE_SESSION_STATUS
{
  "hasValidSession": true,
  "teamId": "T5LFW0CUB"
}
[05/08/18, 23:58:42:878] info: Store: UPSERT_WEB_CONTENTS
{
  "id": 4,
  "state": "loaded",
  "teamId": "T5YEC6G73"
}
[05/08/18, 23:58:42:880] info: Store: UPSERT_WEB_CONTENTS
{
  "id": 4,
  "state": "empty-page",
  "teamId": "T5YEC6G73"
}
[05/08/18, 23:58:42:885] info: Store: UPSERT_WEB_CONTENTS
{
  "id": 4,
  "state": "page-will-navigate",
  "teamId": "T5YEC6G73"
}
[05/08/18, 23:58:43:244] info: Store: UPDATE_SESSION_STATUS
{
  "hasValidSession": true,
  "teamId": "T5YEC6G73"
}
