[05/07/18, 16:43:10:609] info: ╔════════════════════════════════════════════════════════════════════════════╗
[05/07/18, 16:43:10:617] info: ║      Slack 3.1.1, linux 4.16.6-1-zen on x64 at 05/07/18, 16:43:10:605      ║
[05/07/18, 16:43:10:617] info: ╚════════════════════════════════════════════════════════════════════════════╝
[05/07/18, 16:43:10:860] info: Initializing local storage instance at path: /home/nitoli/.config/Slack/local-settings.json
[05/07/18, 16:43:11:459] error: Calls failed to load, bailing
[05/07/18, 16:43:11:461] info: cld3::loadModule: loading cld3 module
[05/07/18, 16:43:11:508] info: cld3Loader::loadModule: running environment is NODE
[05/07/18, 16:43:11:509] info: cld3Loader::loadModule: constructed module object for runtime
[05/07/18, 16:43:12:076] info: cld3Loader::initializeRuntime: successfully initialized module
[05/07/18, 16:43:12:076] info: cld3Loader::loadModule: initialized wasm binary Runtime
[05/07/18, 16:43:12:085] warn: updateSpellcheckerLanguage: Tried to update language, but spellchecker not initialized
[05/07/18, 16:43:12:086] info: SSBIntegration: Main window preload script loaded 2032.484543
[05/07/18, 16:43:12:099] info: Store: SET_NETWORK_STATUS online
[05/07/18, 16:43:12:101] info: Store: MAIN_WINDOW_SHOWN
[05/07/18, 16:43:12:102] info: Store: UPSERT_WEB_CONTENTS
{
  "id": 6,
  "state": "loaded",
  "teamId": "T5LFW0CUB"
}
[05/07/18, 16:43:12:105] info: Store: UPSERT_WEB_CONTENTS
{
  "id": 6,
  "state": "empty-page",
  "teamId": "T5LFW0CUB"
}
[05/07/18, 16:43:12:106] info: Store: UPSERT_WEB_CONTENTS
{
  "id": 6,
  "state": "page-will-navigate",
  "teamId": "T5LFW0CUB"
}
[05/07/18, 16:43:12:106] info: Store: UPSERT_WEB_CONTENTS
{
  "id": 3,
  "state": "loaded",
  "teamId": "T5YEC6G73"
}
[05/07/18, 16:43:12:107] info: Store: UPSERT_WEB_CONTENTS
{
  "id": 3,
  "state": "empty-page",
  "teamId": "T5YEC6G73"
}
[05/07/18, 16:43:12:108] info: Store: UPSERT_WEB_CONTENTS
{
  "id": 3,
  "state": "page-will-navigate",
  "teamId": "T5YEC6G73"
}
[05/07/18, 16:43:12:108] info: Store: UPSERT_WEB_CONTENTS
{
  "id": 5,
  "state": "loaded",
  "teamId": "T4HEMM0UR"
}
[05/07/18, 16:43:12:109] info: Store: UPSERT_WEB_CONTENTS
{
  "id": 5,
  "state": "empty-page",
  "teamId": "T4HEMM0UR"
}
[05/07/18, 16:43:12:109] info: Store: UPSERT_WEB_CONTENTS
{
  "id": 7,
  "state": "loaded",
  "teamId": "T0GFBAM8C"
}
[05/07/18, 16:43:12:109] info: Store: UPSERT_WEB_CONTENTS
{
  "id": 5,
  "state": "page-will-navigate",
  "teamId": "T4HEMM0UR"
}
[05/07/18, 16:43:12:109] info: Store: UPSERT_WEB_CONTENTS
{
  "id": 7,
  "state": "empty-page",
  "teamId": "T0GFBAM8C"
}
[05/07/18, 16:43:12:110] info: Store: UPSERT_WEB_CONTENTS
{
  "id": 7,
  "state": "page-will-navigate",
  "teamId": "T0GFBAM8C"
}
[05/07/18, 16:43:12:113] info: Store: UPSERT_WEB_CONTENTS
{
  "id": 4,
  "state": "loaded",
  "teamId": "T02R0MMHK"
}
[05/07/18, 16:43:12:120] info: Store: UPSERT_WEB_CONTENTS
{
  "id": 4,
  "state": "empty-page",
  "teamId": "T02R0MMHK"
}
[05/07/18, 16:43:12:125] info: Store: UPSERT_WEB_CONTENTS
{
  "id": 4,
  "state": "page-will-navigate",
  "teamId": "T02R0MMHK"
}
[05/07/18, 16:43:12:132] info: Window is unloading, winssb is no longer accessible
[05/07/18, 16:43:12:159] info: Store: UPDATE_SESSION_STATUS
{
  "hasValidSession": true,
  "teamId": "T5LFW0CUB"
}
[05/07/18, 16:43:12:188] info: Store: UPDATE_SESSION_STATUS
{
  "hasValidSession": true,
  "teamId": "T5YEC6G73"
}
[05/07/18, 16:43:12:399] info: Store: UPDATE_SESSION_STATUS
{
  "hasValidSession": true,
  "teamId": "T4HEMM0UR"
}
[05/07/18, 16:43:12:439] info: Store: UPDATE_SESSION_STATUS
{
  "hasValidSession": true,
  "teamId": "T0GFBAM8C"
}
[05/07/18, 16:43:12:462] info: Store: UPDATE_SESSION_STATUS
{
  "hasValidSession": true,
  "teamId": "T02R0MMHK"
}
