[05/02/18, 23:07:49:870] info: ╔════════════════════════════════════════════════════════════════════════════╗
[05/02/18, 23:07:49:871] info: ║      Slack 3.1.1, linux 4.16.5-1-zen on x64 at 05/02/18, 23:07:49:859      ║
[05/02/18, 23:07:49:871] info: ╚════════════════════════════════════════════════════════════════════════════╝
[05/02/18, 23:07:51:046] info: Initializing local storage instance at path: /home/nitoli/.config/Slack/local-settings.json
[05/02/18, 23:07:51:510] info: NetworkStatus: Waiting for network online…
[05/02/18, 23:07:52:366] info: TranslationLookup: locale set to ja-JP for renderer
[05/02/18, 23:07:53:614] info: Store: UPSERT_WEB_CONTENTS
{
  "id": 3,
  "state": "loaded",
  "teamId": "T5LFW0CUB"
}
[05/02/18, 23:07:53:668] info: Store: UPSERT_WEB_CONTENTS
{
  "id": 3,
  "state": "empty-page",
  "teamId": "T5LFW0CUB"
}
[05/02/18, 23:07:53:682] info: Store: UPSERT_WEB_CONTENTS
{
  "id": 3,
  "state": "page-will-navigate",
  "teamId": "T5LFW0CUB"
}
[05/02/18, 23:07:53:781] info: Store: UPSERT_WEB_CONTENTS
{
  "id": 4,
  "state": "loaded",
  "teamId": "T5YEC6G73"
}
[05/02/18, 23:07:53:817] info: Store: UPSERT_WEB_CONTENTS
{
  "id": 4,
  "state": "empty-page",
  "teamId": "T5YEC6G73"
}
[05/02/18, 23:07:53:827] info: Store: UPSERT_WEB_CONTENTS
{
  "id": 4,
  "state": "page-will-navigate",
  "teamId": "T5YEC6G73"
}
[05/02/18, 23:07:53:859] info: NetworkStatus: Response from api.test
{
  "status": "online"
}
[05/02/18, 23:07:54:078] info: Store: UPSERT_WEB_CONTENTS
{
  "id": 5,
  "state": "loaded",
  "teamId": "T02R0MMHK"
}
[05/02/18, 23:07:54:197] info: Store: UPSERT_WEB_CONTENTS
{
  "id": 5,
  "state": "empty-page",
  "teamId": "T02R0MMHK"
}
[05/02/18, 23:07:54:223] info: Store: UPDATE_SESSION_STATUS
{
  "hasValidSession": true,
  "teamId": "T5LFW0CUB"
}
[05/02/18, 23:07:54:258] info: Store: UPSERT_WEB_CONTENTS
{
  "id": 5,
  "state": "page-will-navigate",
  "teamId": "T02R0MMHK"
}
[05/02/18, 23:07:54:269] info: Store: UPDATE_SESSION_STATUS
{
  "hasValidSession": true,
  "teamId": "T5YEC6G73"
}
[05/02/18, 23:07:54:293] info: Store: SET_NETWORK_STATUS online
[05/02/18, 23:07:54:301] info: Store: MAIN_WINDOW_SHOWN
[05/02/18, 23:07:54:413] info: Store: UPSERT_WEB_CONTENTS
{
  "id": 6,
  "state": "loaded",
  "teamId": "T4HEMM0UR"
}
[05/02/18, 23:07:54:433] info: Store: UPSERT_WEB_CONTENTS
{
  "id": 6,
  "state": "empty-page",
  "teamId": "T4HEMM0UR"
}
[05/02/18, 23:07:54:440] info: Store: UPSERT_WEB_CONTENTS
{
  "id": 6,
  "state": "page-will-navigate",
  "teamId": "T4HEMM0UR"
}
[05/02/18, 23:07:54:579] info: Store: UPDATE_SESSION_STATUS
{
  "hasValidSession": true,
  "teamId": "T02R0MMHK"
}
[05/02/18, 23:07:54:789] info: Store: UPDATE_SESSION_STATUS
{
  "hasValidSession": true,
  "teamId": "T4HEMM0UR"
}
[05/02/18, 23:07:55:332] info: Store: SAVE_WINDOW_SETTINGS
{
  "isMaximized": false,
  "position": [
    10,
    42
  ],
  "size": [
    1900,
    1002
  ]
}
[05/02/18, 23:08:02:316] info: Store: UPSERT_WEB_CONTENTS
{
  "id": 3,
  "state": "loaded",
  "teamId": "T5LFW0CUB"
}
[05/02/18, 23:08:02:637] info: Store: UPDATE_SESSION_STATUS
{
  "hasValidSession": true,
  "teamId": "T5LFW0CUB"
}
[05/02/18, 23:08:02:668] info: Store: SELECT_CHANNEL C02TQ0GUS
[05/02/18, 23:08:02:686] info: Store: UPDATE_TEAM_LOCALE
{
  "locale": "en-US"
}
[05/02/18, 23:08:02:694] info: Store: UPDATE_SETTINGS
{
  "locale": "ja-JP"
}
[05/02/18, 23:08:02:821] info: Store: SELECT_CHANNEL DA0493S4S
[05/02/18, 23:08:02:831] info: Store: UPDATE_TEAM_LOCALE
{
  "locale": "en-US"
}
[05/02/18, 23:08:03:171] info: Store: UPSERT_WEB_CONTENTS
{
  "id": 5,
  "state": "loaded",
  "teamId": "T02R0MMHK"
}
[05/02/18, 23:08:03:270] info: Store: UPSERT_WEB_CONTENTS
{
  "id": 4,
  "state": "loaded",
  "teamId": "T5YEC6G73"
}
[05/02/18, 23:08:03:490] info: Store: UPDATE_TEAM_LOCALE
{
  "locale": "en-US"
}
[05/02/18, 23:08:03:503] info: Store: UPSERT_WEB_CONTENTS
{
  "id": 5,
  "state": "webapp-loaded",
  "teamId": "T02R0MMHK"
}
[05/02/18, 23:08:03:549] info: Store: UPDATE_SESSION_STATUS
{
  "hasValidSession": true,
  "teamId": "T02R0MMHK"
}
[05/02/18, 23:08:03:567] info: Store: UPDATE_TEAM_LOCALE
{
  "locale": "en-US"
}
[05/02/18, 23:08:03:572] info: Store: UPSERT_WEB_CONTENTS
{
  "id": 4,
  "state": "webapp-loaded",
  "teamId": "T5YEC6G73"
}
[05/02/18, 23:08:03:586] info: Store: UPDATE_SESSION_STATUS
{
  "hasValidSession": true,
  "teamId": "T5YEC6G73"
}
[05/02/18, 23:08:03:687] info: Store: SELECT_CHANNEL G80MPJULU
[05/02/18, 23:08:03:746] info: Store: STORE_API_TOKEN
{
  "teamId": "T5YEC6G73",
  "token": "xoxs-⋯"
}
[05/02/18, 23:08:03:772] info: Store: UPDATE_TEAM_THEME
{
  "teamId": "T5YEC6G73",
  "theme": {
    "active_item": "#4C9689",
    "active_item_text": "#FFFFFF",
    "active_presence": "#38978D",
    "badge": "#EB4D5C",
    "column_bg": "#4D394B",
    "hover_item": "#3E313C",
    "menu_bg": "#3E313C",
    "text_color": "#FFFFFF"
  }
}
[05/02/18, 23:08:03:853] info: Store: UPDATE_TEAM_ICONS
{
  "icons": {
    "image_102": "https://slack-files2.s3-us-west-2.amazonaws.com/avatars/2017-06-28/205110093367_6705e64b9b4a8299bd1f_102.png",
    "image_132": "https://slack-files2.s3-us-west-2.amazonaws.com/avatars/2017-06-28/205110093367_6705e64b9b4a8299bd1f_132.png",
    "image_230": "https://slack-files2.s3-us-west-2.amazonaws.com/avatars/2017-06-28/205110093367_6705e64b9b4a8299bd1f_230.png",
    "image_34": "https://slack-files2.s3-us-west-2.amazonaws.com/avatars/2017-06-28/205110093367_6705e64b9b4a8299bd1f_34.png",
    "image_44": "https://slack-files2.s3-us-west-2.amazonaws.com/avatars/2017-06-28/205110093367_6705e64b9b4a8299bd1f_44.png",
    "image_68": "https://slack-files2.s3-us-west-2.amazonaws.com/avatars/2017-06-28/205110093367_6705e64b9b4a8299bd1f_68.png",
    "image_88": "https://slack-files2.s3-us-west-2.amazonaws.com/avatars/2017-06-28/205110093367_6705e64b9b4a8299bd1f_88.png",
    "image_original": "https://slack-files2.s3-us-west-2.amazonaws.com/avatars/2017-06-28/205110093367_6705e64b9b4a8299bd1f_original.png"
  },
  "teamId": "T5YEC6G73"
}
[05/02/18, 23:08:03:933] info: Store: UPDATE_TEAM_LOCALE
{
  "locale": "ja-JP",
  "teamId": "T5LFW0CUB"
}
[05/02/18, 23:08:03:945] info: Store: UPDATE_TEAM_THEME
{
  "teamId": "T5LFW0CUB",
  "theme": {
    "active_item": "#4C9689",
    "active_item_text": "#FFFFFF",
    "active_presence": "#38978D",
    "badge": "#EB4D5C",
    "column_bg": "#4D394B",
    "hover_item": "#3E313C",
    "menu_bg": "#3E313C",
    "text_color": "#FFFFFF"
  }
}
[05/02/18, 23:08:04:129] info: Store: UPDATE_TEAM_THEME
{
  "teamId": "T02R0MMHK",
  "theme": {
    "active_item": "#4C9689",
    "active_item_text": "#FFFFFF",
    "active_presence": "#38978D",
    "badge": "#EB4D5C",
    "column_bg": "#4D394B",
    "hover_item": "#3E313C",
    "menu_bg": "#3E313C",
    "text_color": "#FFFFFF"
  }
}
[05/02/18, 23:08:04:151] info: Store: STORE_API_TOKEN
{
  "teamId": "T02R0MMHK",
  "token": "xoxs-⋯"
}
[05/02/18, 23:08:04:169] info: Store: UPDATE_TEAM_ICONS
{
  "icons": {
    "image_102": "https://slack-files2.s3-us-west-2.amazonaws.com/avatars/2015-01-14/3400695805_06e3ed8a8ae7228d7c54_102.jpg",
    "image_132": "https://slack-files2.s3-us-west-2.amazonaws.com/avatars/2015-01-14/3400695805_06e3ed8a8ae7228d7c54_132.jpg",
    "image_230": "https://slack-files2.s3-us-west-2.amazonaws.com/avatars/2015-01-14/3400695805_06e3ed8a8ae7228d7c54_132.jpg",
    "image_34": "https://slack-files2.s3-us-west-2.amazonaws.com/avatars/2015-01-14/3400695805_06e3ed8a8ae7228d7c54_34.jpg",
    "image_44": "https://slack-files2.s3-us-west-2.amazonaws.com/avatars/2015-01-14/3400695805_06e3ed8a8ae7228d7c54_44.jpg",
    "image_68": "https://slack-files2.s3-us-west-2.amazonaws.com/avatars/2015-01-14/3400695805_06e3ed8a8ae7228d7c54_68.jpg",
    "image_88": "https://slack-files2.s3-us-west-2.amazonaws.com/avatars/2015-01-14/3400695805_06e3ed8a8ae7228d7c54_88.jpg",
    "image_original": "https://slack-files2.s3-us-west-2.amazonaws.com/avatars/2015-01-14/3400695805_06e3ed8a8ae7228d7c54_original.jpg"
  },
  "teamId": "T02R0MMHK"
}
[05/02/18, 23:08:04:335] info: Store: SELECT_CHANNEL C4JRHEQB1
[05/02/18, 23:08:04:348] info: Store: UPDATE_TEAM_LOCALE
{
  "locale": "ja-JP"
}
[05/02/18, 23:08:04:767] info: Store: UPDATE_TEAM_ICONS
{
  "icons": {
    "image_102": "https://slack-files2.s3-us-west-2.amazonaws.com/avatars/2017-08-21/229801110004_7754c1684d8336d012c4_102.jpg",
    "image_132": "https://slack-files2.s3-us-west-2.amazonaws.com/avatars/2017-08-21/229801110004_7754c1684d8336d012c4_132.jpg",
    "image_230": "https://slack-files2.s3-us-west-2.amazonaws.com/avatars/2017-08-21/229801110004_7754c1684d8336d012c4_230.jpg",
    "image_34": "https://slack-files2.s3-us-west-2.amazonaws.com/avatars/2017-08-21/229801110004_7754c1684d8336d012c4_34.jpg",
    "image_44": "https://slack-files2.s3-us-west-2.amazonaws.com/avatars/2017-08-21/229801110004_7754c1684d8336d012c4_44.jpg",
    "image_68": "https://slack-files2.s3-us-west-2.amazonaws.com/avatars/2017-08-21/229801110004_7754c1684d8336d012c4_68.jpg",
    "image_88": "https://slack-files2.s3-us-west-2.amazonaws.com/avatars/2017-08-21/229801110004_7754c1684d8336d012c4_88.jpg",
    "image_original": "https://slack-files2.s3-us-west-2.amazonaws.com/avatars/2017-08-21/229801110004_7754c1684d8336d012c4_original.jpg"
  },
  "teamId": "T5LFW0CUB"
}
[05/02/18, 23:08:04:904] info: Store: UPSERT_WEB_CONTENTS
{
  "id": 6,
  "state": "loaded",
  "teamId": "T4HEMM0UR"
}
[05/02/18, 23:08:05:281] info: Store: UPDATE_TEAM_LOCALE
{
  "locale": "ja-JP",
  "teamId": "T5LFW0CUB"
}
[05/02/18, 23:08:05:303] info: Store: UPSERT_WEB_CONTENTS
{
  "id": 3,
  "state": "webapp-loaded",
  "teamId": "T5LFW0CUB"
}
[05/02/18, 23:08:05:399] info: Store: UPDATE_TEAM_LOCALE
{
  "locale": "ja-JP"
}
[05/02/18, 23:08:05:405] info: Store: UPSERT_WEB_CONTENTS
{
  "id": 6,
  "state": "webapp-loaded",
  "teamId": "T4HEMM0UR"
}
[05/02/18, 23:08:05:539] info: Store: STORE_API_TOKEN
{
  "teamId": "T4HEMM0UR",
  "token": "xoxs-⋯"
}
[05/02/18, 23:08:05:556] info: Store: UPDATE_TEAM_ICONS
{
  "icons": {
    "image_102": "https://slack-files2.s3-us-west-2.amazonaws.com/avatars/2017-03-15/154610708258_f98e05c23845866960a5_102.png",
    "image_132": "https://slack-files2.s3-us-west-2.amazonaws.com/avatars/2017-03-15/154610708258_f98e05c23845866960a5_132.png",
    "image_230": "https://slack-files2.s3-us-west-2.amazonaws.com/avatars/2017-03-15/154610708258_f98e05c23845866960a5_230.png",
    "image_34": "https://slack-files2.s3-us-west-2.amazonaws.com/avatars/2017-03-15/154610708258_f98e05c23845866960a5_34.png",
    "image_44": "https://slack-files2.s3-us-west-2.amazonaws.com/avatars/2017-03-15/154610708258_f98e05c23845866960a5_44.png",
    "image_68": "https://slack-files2.s3-us-west-2.amazonaws.com/avatars/2017-03-15/154610708258_f98e05c23845866960a5_68.png",
    "image_88": "https://slack-files2.s3-us-west-2.amazonaws.com/avatars/2017-03-15/154610708258_f98e05c23845866960a5_88.png",
    "image_original": "https://slack-files2.s3-us-west-2.amazonaws.com/avatars/2017-03-15/154610708258_f98e05c23845866960a5_original.png"
  },
  "teamId": "T4HEMM0UR"
}
[05/02/18, 23:08:05:696] info: Store: STORE_API_TOKEN
{
  "teamId": "T5LFW0CUB",
  "token": "xoxs-⋯"
}
[05/02/18, 23:08:05:740] info: Store: UPDATE_SESSION_STATUS
{
  "hasValidSession": true,
  "teamId": "T4HEMM0UR"
}
[05/02/18, 23:08:06:033] info: Store: UPDATE_TEAM_THEME
{
  "teamId": "T4HEMM0UR",
  "theme": {
    "active_item": "#4C9689",
    "active_item_text": "#FFFFFF",
    "active_presence": "#38978D",
    "badge": "#EB4D5C",
    "column_bg": "#4D394B",
    "hover_item": "#3E313C",
    "menu_bg": "#3E313C",
    "text_color": "#FFFFFF"
  }
}
[05/02/18, 23:47:47:476] info: Store: MAIN_WINDOW_FOCUSED
[05/02/18, 23:47:47:608] info: Store: SELECT_TEAM T02R0MMHK
[05/02/18, 23:47:47:622] info: Store: UPDATE_SETTINGS
{
  "locale": "en-US"
}
[05/02/18, 23:47:47:623] info: TranslationLookup: locale set to en-US for renderer
[05/03/18, 00:51:20:331] info: Store: SET_FULL_SCREEN
[05/03/18, 01:46:21:442] info: Store: FOREGROUND_APP
[05/03/18, 01:46:21:471] info: Store: MAIN_WINDOW_FOCUSED
[05/03/18, 01:46:33:224] info: Store: MAIN_WINDOW_FOCUSED
[05/03/18, 01:46:33:330] info: Store: SELECT_TEAM T5YEC6G73
[05/03/18, 01:46:36:567] info: Store: SELECT_CHANNEL C8Y1H7TEE
