[05/08/18, 19:11:18:254] info: ╔════════════════════════════════════════════════════════════════════════════╗
[05/08/18, 19:11:18:255] info: ║      Slack 3.1.1, linux 4.16.7-1-zen on x64 at 05/08/18, 19:11:18:245      ║
[05/08/18, 19:11:18:255] info: ╚════════════════════════════════════════════════════════════════════════════╝
[05/08/18, 19:11:18:536] info: Initializing local storage instance at path: /home/nitoli/.config/Slack/local-settings.json
[05/08/18, 19:11:19:632] error: Calls failed to load, bailing
[05/08/18, 19:11:19:634] info: cld3::loadModule: loading cld3 module
[05/08/18, 19:11:19:690] info: cld3Loader::loadModule: running environment is NODE
[05/08/18, 19:11:19:690] info: cld3Loader::loadModule: constructed module object for runtime
[05/08/18, 19:11:20:506] info: cld3Loader::initializeRuntime: successfully initialized module
[05/08/18, 19:11:20:506] info: cld3Loader::loadModule: initialized wasm binary Runtime
[05/08/18, 19:11:20:540] warn: updateSpellcheckerLanguage: Tried to update language, but spellchecker not initialized
[05/08/18, 19:11:20:541] info: SSBIntegration: Main window preload script loaded 3265.69572
[05/08/18, 19:11:20:562] info: Store: UPSERT_WEB_CONTENTS
{
  "id": 5,
  "state": "loaded",
  "teamId": "T4HEMM0UR"
}
[05/08/18, 19:11:20:566] info: Store: UPSERT_WEB_CONTENTS
{
  "id": 5,
  "state": "empty-page",
  "teamId": "T4HEMM0UR"
}
[05/08/18, 19:11:20:575] info: Store: UPSERT_WEB_CONTENTS
{
  "id": 5,
  "state": "page-will-navigate",
  "teamId": "T4HEMM0UR"
}
[05/08/18, 19:11:20:576] info: Store: UPSERT_WEB_CONTENTS
{
  "id": 3,
  "state": "loaded",
  "teamId": "T5YEC6G73"
}
[05/08/18, 19:11:20:576] info: Store: UPSERT_WEB_CONTENTS
{
  "id": 3,
  "state": "empty-page",
  "teamId": "T5YEC6G73"
}
[05/08/18, 19:11:20:577] info: Store: UPSERT_WEB_CONTENTS
{
  "id": 3,
  "state": "page-will-navigate",
  "teamId": "T5YEC6G73"
}
[05/08/18, 19:11:20:606] info: Store: UPSERT_WEB_CONTENTS
{
  "id": 6,
  "state": "loaded",
  "teamId": "T5LFW0CUB"
}
[05/08/18, 19:11:20:611] info: Store: UPSERT_WEB_CONTENTS
{
  "id": 6,
  "state": "empty-page",
  "teamId": "T5LFW0CUB"
}
[05/08/18, 19:11:20:619] info: Store: UPSERT_WEB_CONTENTS
{
  "id": 6,
  "state": "page-will-navigate",
  "teamId": "T5LFW0CUB"
}
[05/08/18, 19:11:20:622] info: Window is unloading, winssb is no longer accessible
[05/08/18, 19:11:20:624] info: Store: UPSERT_WEB_CONTENTS
{
  "id": 7,
  "state": "loaded",
  "teamId": "T0GFBAM8C"
}
[05/08/18, 19:11:20:676] info: Store: UPSERT_WEB_CONTENTS
{
  "id": 7,
  "state": "empty-page",
  "teamId": "T0GFBAM8C"
}
[05/08/18, 19:11:20:680] info: Store: UPSERT_WEB_CONTENTS
{
  "id": 7,
  "state": "page-will-navigate",
  "teamId": "T0GFBAM8C"
}
[05/08/18, 19:11:20:771] info: Store: UPSERT_WEB_CONTENTS
{
  "id": 4,
  "state": "loaded",
  "teamId": "T02R0MMHK"
}
[05/08/18, 19:11:20:783] info: Store: UPSERT_WEB_CONTENTS
{
  "id": 4,
  "state": "empty-page",
  "teamId": "T02R0MMHK"
}
[05/08/18, 19:11:20:788] info: Store: UPSERT_WEB_CONTENTS
{
  "id": 4,
  "state": "page-will-navigate",
  "teamId": "T02R0MMHK"
}
[05/08/18, 19:11:20:958] info: Store: SET_NETWORK_STATUS offline
[05/08/18, 19:11:21:362] info: Store: UPDATE_SESSION_STATUS
{
  "hasValidSession": true,
  "teamId": "T5LFW0CUB"
}
[05/08/18, 19:11:21:382] info: Store: UPDATE_SESSION_STATUS
{
  "hasValidSession": true,
  "teamId": "T4HEMM0UR"
}
[05/08/18, 19:11:21:394] info: Store: UPDATE_SESSION_STATUS
{
  "hasValidSession": true,
  "teamId": "T0GFBAM8C"
}
[05/08/18, 19:11:21:401] info: Store: UPDATE_SESSION_STATUS
{
  "hasValidSession": true,
  "teamId": "T5YEC6G73"
}
[05/08/18, 19:11:21:407] info: Store: UPDATE_SESSION_STATUS
{
  "hasValidSession": true,
  "teamId": "T02R0MMHK"
}
[05/08/18, 19:11:21:632] info: Store: SET_NETWORK_STATUS online
[05/08/18, 19:11:21:643] info: Store: MAIN_WINDOW_SHOWN
