[05/07/18, 18:13:15:901] info: ╔════════════════════════════════════════════════════════════════════════════╗
[05/07/18, 18:13:15:903] info: ║      Slack 3.1.1, linux 4.16.6-1-zen on x64 at 05/07/18, 18:13:15:889      ║
[05/07/18, 18:13:15:904] info: ╚════════════════════════════════════════════════════════════════════════════╝
[05/07/18, 18:13:16:137] info: Initializing local storage instance at path: /home/nitoli/.config/Slack/local-settings.json
[05/07/18, 18:13:16:967] error: Calls failed to load, bailing
[05/07/18, 18:13:16:969] info: cld3::loadModule: loading cld3 module
[05/07/18, 18:13:17:018] info: cld3Loader::loadModule: running environment is NODE
[05/07/18, 18:13:17:018] info: cld3Loader::loadModule: constructed module object for runtime
[05/07/18, 18:13:17:697] info: cld3Loader::initializeRuntime: successfully initialized module
[05/07/18, 18:13:17:697] info: cld3Loader::loadModule: initialized wasm binary Runtime
[05/07/18, 18:13:17:716] warn: updateSpellcheckerLanguage: Tried to update language, but spellchecker not initialized
[05/07/18, 18:13:17:717] info: SSBIntegration: Main window preload script loaded 2510.530044
[05/07/18, 18:13:17:759] info: Store: SET_NETWORK_STATUS online
[05/07/18, 18:13:17:772] info: Store: UPSERT_WEB_CONTENTS
{
  "id": 6,
  "state": "loaded",
  "teamId": "T5LFW0CUB"
}
[05/07/18, 18:13:17:773] info: Store: UPSERT_WEB_CONTENTS
{
  "id": 6,
  "state": "empty-page",
  "teamId": "T5LFW0CUB"
}
[05/07/18, 18:13:17:773] info: Store: UPSERT_WEB_CONTENTS
{
  "id": 6,
  "state": "page-will-navigate",
  "teamId": "T5LFW0CUB"
}
[05/07/18, 18:13:17:798] info: Store: UPSERT_WEB_CONTENTS
{
  "id": 4,
  "state": "loaded",
  "teamId": "T02R0MMHK"
}
[05/07/18, 18:13:17:814] info: Store: UPSERT_WEB_CONTENTS
{
  "id": 4,
  "state": "empty-page",
  "teamId": "T02R0MMHK"
}
[05/07/18, 18:13:17:832] info: Store: UPSERT_WEB_CONTENTS
{
  "id": 4,
  "state": "page-will-navigate",
  "teamId": "T02R0MMHK"
}
[05/07/18, 18:13:17:840] info: Window is unloading, winssb is no longer accessible
[05/07/18, 18:13:17:962] info: Store: UPDATE_SESSION_STATUS
{
  "hasValidSession": true,
  "teamId": "T5LFW0CUB"
}
[05/07/18, 18:13:18:064] info: Store: UPSERT_WEB_CONTENTS
{
  "id": 5,
  "state": "loaded",
  "teamId": "T4HEMM0UR"
}
[05/07/18, 18:13:18:089] info: Store: UPSERT_WEB_CONTENTS
{
  "id": 7,
  "state": "loaded",
  "teamId": "T0GFBAM8C"
}
[05/07/18, 18:13:18:118] info: Store: UPSERT_WEB_CONTENTS
{
  "id": 7,
  "state": "empty-page",
  "teamId": "T0GFBAM8C"
}
[05/07/18, 18:13:18:123] info: Store: UPSERT_WEB_CONTENTS
{
  "id": 5,
  "state": "empty-page",
  "teamId": "T4HEMM0UR"
}
[05/07/18, 18:13:18:131] info: Store: UPSERT_WEB_CONTENTS
{
  "id": 5,
  "state": "page-will-navigate",
  "teamId": "T4HEMM0UR"
}
[05/07/18, 18:13:18:144] info: Store: UPSERT_WEB_CONTENTS
{
  "id": 7,
  "state": "page-will-navigate",
  "teamId": "T0GFBAM8C"
}
[05/07/18, 18:13:18:178] info: Store: UPDATE_SESSION_STATUS
{
  "hasValidSession": true,
  "teamId": "T02R0MMHK"
}
[05/07/18, 18:13:18:227] info: Store: UPSERT_WEB_CONTENTS
{
  "id": 3,
  "state": "loaded",
  "teamId": "T5YEC6G73"
}
[05/07/18, 18:13:18:236] info: Store: MAIN_WINDOW_SHOWN
[05/07/18, 18:13:18:275] info: Store: UPSERT_WEB_CONTENTS
{
  "id": 3,
  "state": "empty-page",
  "teamId": "T5YEC6G73"
}
[05/07/18, 18:13:18:284] info: Store: UPSERT_WEB_CONTENTS
{
  "id": 3,
  "state": "page-will-navigate",
  "teamId": "T5YEC6G73"
}
[05/07/18, 18:13:18:487] info: Store: UPDATE_SESSION_STATUS
{
  "hasValidSession": true,
  "teamId": "T4HEMM0UR"
}
[05/07/18, 18:13:18:506] info: Store: UPDATE_SESSION_STATUS
{
  "hasValidSession": true,
  "teamId": "T0GFBAM8C"
}
