[05/01/18, 23:10:50:520] info: ╔════════════════════════════════════════════════════════════════════════════╗
[05/01/18, 23:10:50:522] info: ║      Slack 3.1.1, linux 4.16.5-1-zen on x64 at 05/01/18, 23:10:50:517      ║
[05/01/18, 23:10:50:522] info: ╚════════════════════════════════════════════════════════════════════════════╝
[05/01/18, 23:10:50:642] info: Initializing local storage instance at path: /home/nitoli/.config/Slack/local-settings.json
[05/01/18, 23:10:51:189] error: Calls failed to load, bailing
[05/01/18, 23:10:51:191] info: cld3::loadModule: loading cld3 module
[05/01/18, 23:10:51:224] info: cld3Loader::loadModule: running environment is NODE
[05/01/18, 23:10:51:224] info: cld3Loader::loadModule: constructed module object for runtime
[05/01/18, 23:10:51:413] info: cld3Loader::initializeRuntime: successfully initialized module
[05/01/18, 23:10:51:413] info: cld3Loader::loadModule: initialized wasm binary Runtime
[05/01/18, 23:10:51:416] warn: updateSpellcheckerLanguage: Tried to update language, but spellchecker not initialized
[05/01/18, 23:10:51:417] info: SSBIntegration: Main window preload script loaded 1290.821089
[05/01/18, 23:10:57:347] info: Store: UPSERT_WEB_CONTENTS
{
  "id": 3,
  "state": "loaded",
  "teamId": "T5YEC6G73"
}
[05/01/18, 23:10:57:354] info: Store: MAIN_WINDOW_SHOWN
[05/01/18, 23:10:57:359] info: Store: UPSERT_WEB_CONTENTS
{
  "id": 5,
  "state": "loaded",
  "teamId": "T4HEMM0UR"
}
[05/01/18, 23:10:57:370] info: Store: UPDATE_SESSION_STATUS
{
  "hasValidSession": true,
  "teamId": "T5YEC6G73"
}
[05/01/18, 23:10:57:846] info: Store: UPDATE_SESSION_STATUS
{
  "hasValidSession": true,
  "teamId": "T4HEMM0UR"
}
[05/01/18, 23:10:57:848] info: Store: SELECT_CHANNEL C04Q8GKJA
[05/01/18, 23:10:57:849] info: Store: UPDATE_TEAM_LOCALE
{
  "locale": "en-US"
}
[05/01/18, 23:10:57:849] info: Store: UPDATE_SETTINGS
{
  "locale": "en-US"
}
[05/01/18, 23:10:57:851] info: Store: SELECT_CHANNEL C8Y1H7TEE
[05/01/18, 23:10:57:851] info: Store: UPDATE_TEAM_LOCALE
{
  "locale": "en-US",
  "teamId": "T5YEC6G73"
}
[05/01/18, 23:10:57:852] info: Store: UPDATE_TEAM_THEME
{
  "teamId": "T5YEC6G73",
  "theme": {
    "active_item": "#4C9689",
    "active_item_text": "#FFFFFF",
    "active_presence": "#38978D",
    "badge": "#EB4D5C",
    "column_bg": "#4D394B",
    "hover_item": "#3E313C",
    "menu_bg": "#3E313C",
    "text_color": "#FFFFFF"
  }
}
[05/01/18, 23:10:57:853] info: Store: UPSERT_WEB_CONTENTS
{
  "id": 4,
  "state": "loaded",
  "teamId": "T02R0MMHK"
}
[05/01/18, 23:10:57:853] info: Store: SELECT_CHANNEL C4JRHEQB1
[05/01/18, 23:10:57:854] info: Store: UPDATE_TEAM_LOCALE
{
  "locale": "ja-JP"
}
[05/01/18, 23:10:57:854] info: Store: UPDATE_SESSION_STATUS
{
  "hasValidSession": true,
  "teamId": "T02R0MMHK"
}
[05/01/18, 23:10:57:854] info: Store: UPDATE_TEAM_LOCALE
{
  "locale": "en-US"
}
[05/01/18, 23:10:57:855] info: Store: UPSERT_WEB_CONTENTS
{
  "id": 4,
  "state": "webapp-loaded",
  "teamId": "T02R0MMHK"
}
[05/01/18, 23:10:57:856] info: Store: UPDATE_TEAM_ICONS
{
  "icons": {
    "image_102": "https://slack-files2.s3-us-west-2.amazonaws.com/avatars/2017-06-28/205110093367_6705e64b9b4a8299bd1f_102.png",
    "image_132": "https://slack-files2.s3-us-west-2.amazonaws.com/avatars/2017-06-28/205110093367_6705e64b9b4a8299bd1f_132.png",
    "image_230": "https://slack-files2.s3-us-west-2.amazonaws.com/avatars/2017-06-28/205110093367_6705e64b9b4a8299bd1f_230.png",
    "image_34": "https://slack-files2.s3-us-west-2.amazonaws.com/avatars/2017-06-28/205110093367_6705e64b9b4a8299bd1f_34.png",
    "image_44": "https://slack-files2.s3-us-west-2.amazonaws.com/avatars/2017-06-28/205110093367_6705e64b9b4a8299bd1f_44.png",
    "image_68": "https://slack-files2.s3-us-west-2.amazonaws.com/avatars/2017-06-28/205110093367_6705e64b9b4a8299bd1f_68.png",
    "image_88": "https://slack-files2.s3-us-west-2.amazonaws.com/avatars/2017-06-28/205110093367_6705e64b9b4a8299bd1f_88.png",
    "image_original": "https://slack-files2.s3-us-west-2.amazonaws.com/avatars/2017-06-28/205110093367_6705e64b9b4a8299bd1f_original.png"
  },
  "teamId": "T5YEC6G73"
}
[05/01/18, 23:10:57:922] info: Store: STORE_API_TOKEN
{
  "teamId": "T02R0MMHK",
  "token": "xoxs-⋯"
}
[05/01/18, 23:10:57:927] info: Store: UPDATE_TEAM_ICONS
{
  "icons": {
    "image_102": "https://slack-files2.s3-us-west-2.amazonaws.com/avatars/2017-03-15/154610708258_f98e05c23845866960a5_102.png",
    "image_132": "https://slack-files2.s3-us-west-2.amazonaws.com/avatars/2017-03-15/154610708258_f98e05c23845866960a5_132.png",
    "image_230": "https://slack-files2.s3-us-west-2.amazonaws.com/avatars/2017-03-15/154610708258_f98e05c23845866960a5_230.png",
    "image_34": "https://slack-files2.s3-us-west-2.amazonaws.com/avatars/2017-03-15/154610708258_f98e05c23845866960a5_34.png",
    "image_44": "https://slack-files2.s3-us-west-2.amazonaws.com/avatars/2017-03-15/154610708258_f98e05c23845866960a5_44.png",
    "image_68": "https://slack-files2.s3-us-west-2.amazonaws.com/avatars/2017-03-15/154610708258_f98e05c23845866960a5_68.png",
    "image_88": "https://slack-files2.s3-us-west-2.amazonaws.com/avatars/2017-03-15/154610708258_f98e05c23845866960a5_88.png",
    "image_original": "https://slack-files2.s3-us-west-2.amazonaws.com/avatars/2017-03-15/154610708258_f98e05c23845866960a5_original.png"
  },
  "teamId": "T4HEMM0UR"
}
[05/01/18, 23:10:57:929] info: Store: UPDATE_TEAM_ICONS
{
  "icons": {
    "image_102": "https://slack-files2.s3-us-west-2.amazonaws.com/avatars/2015-01-14/3400695805_06e3ed8a8ae7228d7c54_102.jpg",
    "image_132": "https://slack-files2.s3-us-west-2.amazonaws.com/avatars/2015-01-14/3400695805_06e3ed8a8ae7228d7c54_132.jpg",
    "image_230": "https://slack-files2.s3-us-west-2.amazonaws.com/avatars/2015-01-14/3400695805_06e3ed8a8ae7228d7c54_132.jpg",
    "image_34": "https://slack-files2.s3-us-west-2.amazonaws.com/avatars/2015-01-14/3400695805_06e3ed8a8ae7228d7c54_34.jpg",
    "image_44": "https://slack-files2.s3-us-west-2.amazonaws.com/avatars/2015-01-14/3400695805_06e3ed8a8ae7228d7c54_44.jpg",
    "image_68": "https://slack-files2.s3-us-west-2.amazonaws.com/avatars/2015-01-14/3400695805_06e3ed8a8ae7228d7c54_68.jpg",
    "image_88": "https://slack-files2.s3-us-west-2.amazonaws.com/avatars/2015-01-14/3400695805_06e3ed8a8ae7228d7c54_88.jpg",
    "image_original": "https://slack-files2.s3-us-west-2.amazonaws.com/avatars/2015-01-14/3400695805_06e3ed8a8ae7228d7c54_original.jpg"
  },
  "teamId": "T02R0MMHK"
}
[05/01/18, 23:10:57:933] info: Store: UPDATE_TEAM_LOCALE
{
  "locale": "en-US",
  "teamId": "T5YEC6G73"
}
[05/01/18, 23:10:57:933] info: Store: UPSERT_WEB_CONTENTS
{
  "id": 3,
  "state": "webapp-loaded",
  "teamId": "T5YEC6G73"
}
[05/01/18, 23:10:57:942] info: Store: UPDATE_TEAM_LOCALE
{
  "locale": "ja-JP",
  "teamId": "T4HEMM0UR"
}
[05/01/18, 23:10:57:943] info: Store: UPSERT_WEB_CONTENTS
{
  "id": 5,
  "state": "webapp-loaded",
  "teamId": "T4HEMM0UR"
}
[05/01/18, 23:10:57:954] info: Store: STORE_API_TOKEN
{
  "teamId": "T5YEC6G73",
  "token": "xoxs-⋯"
}
[05/01/18, 23:10:57:955] info: Store: UPDATE_TEAM_THEME
{
  "teamId": "T4HEMM0UR",
  "theme": {
    "active_item": "#4C9689",
    "active_item_text": "#FFFFFF",
    "active_presence": "#38978D",
    "badge": "#EB4D5C",
    "column_bg": "#4D394B",
    "hover_item": "#3E313C",
    "menu_bg": "#3E313C",
    "text_color": "#FFFFFF"
  }
}
[05/01/18, 23:10:57:957] info: Store: STORE_API_TOKEN
{
  "teamId": "T4HEMM0UR",
  "token": "xoxs-⋯"
}
[05/01/18, 23:10:58:510] info: Store: UPDATE_TEAM_THEME
{
  "teamId": "T02R0MMHK",
  "theme": {
    "active_item": "#4C9689",
    "active_item_text": "#FFFFFF",
    "active_presence": "#38978D",
    "badge": "#EB4D5C",
    "column_bg": "#4D394B",
    "hover_item": "#3E313C",
    "menu_bg": "#3E313C",
    "text_color": "#FFFFFF"
  }
}
[05/01/18, 23:10:58:669] info: Raw Locale list: ["C","en_US.utf8","POSIX",""]
[05/01/18, 23:10:58:669] info: Filtered Locale list: ["en_US"]
[05/01/18, 23:10:58:670] info: Counts: {"en":["en_US"]}
[05/01/18, 23:10:58:670] info: Setting en
[05/01/18, 23:10:58:671] info: Result: {"en":"en-US"}
[05/01/18, 23:10:58:673] info: Requesting to load ja-JP, alternatives are ["ja-JP","ja-JP","ja-JP"]
[05/01/18, 23:10:58:675] info: Loading dictionary for language ja-JP
[05/01/18, 23:10:58:675] info: Returning local copy: /home/nitoli/.config/Slack/dictionaries/ja-JP.bdic
[05/01/18, 23:10:58:682] info: Failed to read file /home/nitoli/.config/Slack/dictionaries/ja-JP.bdic: File exists but is most likely bogus
[05/01/18, 23:10:58:684] info: Actually downloading https://redirector.gvt1.com/edgedl/chrome/dict/ja-jp-3-0.bdic
[05/01/18, 23:10:58:819] info: Requesting to load ja-JP, alternatives are ["ja-JP","ja-JP","ja-JP"]
[05/01/18, 23:10:58:819] info: Loading dictionary for language ja-JP
[05/01/18, 23:10:58:820] info: Actually downloading https://redirector.gvt1.com/edgedl/chrome/dict/ja-jp-3-0.bdic
[05/01/18, 23:10:59:749] info: Loading dictionary for language ja-JP
[05/01/18, 23:10:59:750] info: Returning local copy: /home/nitoli/.config/Slack/dictionaries/ja-JP.bdic
[05/01/18, 23:10:59:752] info: Failed to read file /home/nitoli/.config/Slack/dictionaries/ja-JP.bdic: File exists but is most likely bogus
[05/01/18, 23:10:59:752] info: Actually downloading https://redirector.gvt1.com/edgedl/chrome/dict/ja-jp-3-0.bdic
[05/01/18, 23:10:59:919] info: Loading dictionary for language ja-JP
[05/01/18, 23:10:59:919] info: Returning local copy: /home/nitoli/.config/Slack/dictionaries/ja-JP.bdic
[05/01/18, 23:10:59:921] info: Failed to read file /home/nitoli/.config/Slack/dictionaries/ja-JP.bdic: File exists but is most likely bogus
[05/01/18, 23:10:59:922] info: Actually downloading https://redirector.gvt1.com/edgedl/chrome/dict/ja-jp-3-0.bdic
[05/01/18, 23:11:00:035] info: Loading dictionary for language ja-JP
[05/01/18, 23:11:00:036] info: Returning local copy: /home/nitoli/.config/Slack/dictionaries/ja-JP.bdic
[05/01/18, 23:11:00:038] info: Failed to read file /home/nitoli/.config/Slack/dictionaries/ja-JP.bdic: File exists but is most likely bogus
[05/01/18, 23:11:00:039] info: Actually downloading https://redirector.gvt1.com/edgedl/chrome/dict/ja-jp-3-0.bdic
[05/01/18, 23:11:00:211] info: Loading dictionary for language ja-JP
[05/01/18, 23:11:00:211] info: Returning local copy: /home/nitoli/.config/Slack/dictionaries/ja-JP.bdic
[05/01/18, 23:11:00:214] info: Failed to read file /home/nitoli/.config/Slack/dictionaries/ja-JP.bdic: File exists but is most likely bogus
[05/01/18, 23:11:00:216] info: Actually downloading https://redirector.gvt1.com/edgedl/chrome/dict/ja-jp-3-0.bdic
[05/01/18, 23:11:00:520] info: dictionary for ja-JP_ja-JP is not available
[05/01/18, 23:11:00:521] info: Actually installing spell check provider to Electron
[05/01/18, 23:11:00:679] info: dictionary for ja-JP_ja-JP is not available
[05/01/18, 23:11:03:755] info: Store: MAIN_WINDOW_FOCUSED
[05/01/18, 23:11:03:859] info: Store: SELECT_TEAM T02R0MMHK
[05/01/18, 23:11:05:956] info: Store: SELECT_CHANNEL C02TQ0GUS
[05/01/18, 23:35:23:382] info: Store: MAIN_WINDOW_FOCUSED
[05/01/18, 23:35:23:460] info: Store: SELECT_TEAM T5YEC6G73
[05/01/18, 23:35:31:276] info: Store: MAIN_WINDOW_FOCUSED
[05/01/18, 23:35:31:356] info: Store: SELECT_TEAM T02R0MMHK
[05/01/18, 23:44:13:997] info: Store: SAVE_WINDOW_SETTINGS
{
  "isMaximized": false,
  "position": [
    10,
    42
  ],
  "size": [
    1900,
    1002
  ]
}
[05/01/18, 23:44:15:275] info: Store: SET_FULL_SCREEN
