[05/02/18, 13:21:04:515] info: ╔════════════════════════════════════════════════════════════════════════════╗
[05/02/18, 13:21:04:516] info: ║      Slack 3.1.1, linux 4.16.5-1-zen on x64 at 05/02/18, 13:21:04:509      ║
[05/02/18, 13:21:04:516] info: ╚════════════════════════════════════════════════════════════════════════════╝
[05/02/18, 13:21:04:646] info: Initializing local storage instance at path: /home/nitoli/.config/Slack/local-settings.json
[05/02/18, 13:21:05:076] error: Calls failed to load, bailing
[05/02/18, 13:21:05:082] info: cld3::loadModule: loading cld3 module
[05/02/18, 13:21:05:118] info: cld3Loader::loadModule: running environment is NODE
[05/02/18, 13:21:05:118] info: cld3Loader::loadModule: constructed module object for runtime
[05/02/18, 13:21:05:479] info: cld3Loader::initializeRuntime: successfully initialized module
[05/02/18, 13:21:05:479] info: cld3Loader::loadModule: initialized wasm binary Runtime
[05/02/18, 13:21:05:494] warn: updateSpellcheckerLanguage: Tried to update language, but spellchecker not initialized
[05/02/18, 13:21:05:496] info: SSBIntegration: Main window preload script loaded 1469.540783
[05/02/18, 13:21:05:507] info: Store: SET_NETWORK_STATUS offline
[05/02/18, 13:21:05:509] info: Store: UPDATE_SESSION_STATUS
{
  "hasValidSession": null,
  "teamId": "T02R0MMHK"
}
[05/02/18, 13:21:05:510] info: Store: UPDATE_SESSION_STATUS
{
  "hasValidSession": null,
  "teamId": "T4HEMM0UR"
}
[05/02/18, 13:21:05:511] info: Store: UPDATE_SESSION_STATUS
{
  "hasValidSession": null,
  "teamId": "T5YEC6G73"
}
[05/02/18, 13:21:05:513] info: Store: UPSERT_WEB_CONTENTS
{
  "id": 4,
  "state": "loaded",
  "teamId": "T5YEC6G73"
}
[05/02/18, 13:21:05:514] info: Store: UPSERT_WEB_CONTENTS
{
  "id": 3,
  "state": "loaded",
  "teamId": "T02R0MMHK"
}
[05/02/18, 13:21:05:515] info: Store: UPSERT_WEB_CONTENTS
{
  "id": 4,
  "state": "empty-page",
  "teamId": "T5YEC6G73"
}
[05/02/18, 13:21:05:516] info: Store: UPSERT_WEB_CONTENTS
{
  "id": 3,
  "state": "empty-page",
  "teamId": "T02R0MMHK"
}
[05/02/18, 13:21:05:516] info: Store: UPDATE_SESSION_STATUS
{
  "hasValidSession": null,
  "teamId": "T5YEC6G73"
}
[05/02/18, 13:21:05:516] info: Store: UPDATE_SESSION_STATUS
{
  "hasValidSession": null,
  "teamId": "T02R0MMHK"
}
[05/02/18, 13:21:05:522] info: Store: UPSERT_WEB_CONTENTS
{
  "id": 5,
  "state": "loaded",
  "teamId": "T4HEMM0UR"
}
[05/02/18, 13:21:05:524] info: Store: UPSERT_WEB_CONTENTS
{
  "id": 5,
  "state": "empty-page",
  "teamId": "T4HEMM0UR"
}
[05/02/18, 13:21:05:632] info: Store: UPDATE_SESSION_STATUS
{
  "hasValidSession": null,
  "teamId": "T4HEMM0UR"
}
[05/02/18, 13:21:16:301] info: Store: QUIT_APP
[05/02/18, 13:21:16:373] info: Store: REMOVE_WINDOW 2
[05/02/18, 13:21:16:401] info: Store: QUIT_APP
