[05/07/18, 20:12:06:692] info: ╔════════════════════════════════════════════════════════════════════════════╗
[05/07/18, 20:12:06:693] info: ║      Slack 3.1.1, linux 4.16.6-1-zen on x64 at 05/07/18, 20:12:06:679      ║
[05/07/18, 20:12:06:693] info: ╚════════════════════════════════════════════════════════════════════════════╝
[05/07/18, 20:12:06:910] info: Initializing local storage instance at path: /home/nitoli/.config/Slack/local-settings.json
[05/07/18, 20:12:07:813] error: Calls failed to load, bailing
[05/07/18, 20:12:07:815] info: cld3::loadModule: loading cld3 module
[05/07/18, 20:12:07:844] info: cld3Loader::loadModule: running environment is NODE
[05/07/18, 20:12:07:844] info: cld3Loader::loadModule: constructed module object for runtime
[05/07/18, 20:12:08:588] info: cld3Loader::initializeRuntime: successfully initialized module
[05/07/18, 20:12:08:589] info: cld3Loader::loadModule: initialized wasm binary Runtime
[05/07/18, 20:12:08:639] warn: updateSpellcheckerLanguage: Tried to update language, but spellchecker not initialized
[05/07/18, 20:12:08:657] info: SSBIntegration: Main window preload script loaded 2801.473757
[05/07/18, 20:12:08:707] info: Store: UPSERT_WEB_CONTENTS
{
  "id": 5,
  "state": "loaded",
  "teamId": "T4HEMM0UR"
}
[05/07/18, 20:12:08:745] info: Store: UPSERT_WEB_CONTENTS
{
  "id": 5,
  "state": "empty-page",
  "teamId": "T4HEMM0UR"
}
[05/07/18, 20:12:08:767] info: Store: UPSERT_WEB_CONTENTS
{
  "id": 5,
  "state": "page-will-navigate",
  "teamId": "T4HEMM0UR"
}
[05/07/18, 20:12:08:783] info: Window is unloading, winssb is no longer accessible
[05/07/18, 20:12:08:824] info: Store: UPSERT_WEB_CONTENTS
{
  "id": 7,
  "state": "loaded",
  "teamId": "T0GFBAM8C"
}
[05/07/18, 20:12:08:851] info: Store: UPSERT_WEB_CONTENTS
{
  "id": 3,
  "state": "loaded",
  "teamId": "T5YEC6G73"
}
[05/07/18, 20:12:08:871] info: Store: UPSERT_WEB_CONTENTS
{
  "id": 7,
  "state": "empty-page",
  "teamId": "T0GFBAM8C"
}
[05/07/18, 20:12:08:882] info: Store: UPSERT_WEB_CONTENTS
{
  "id": 7,
  "state": "page-will-navigate",
  "teamId": "T0GFBAM8C"
}
[05/07/18, 20:12:08:903] info: Store: UPSERT_WEB_CONTENTS
{
  "id": 3,
  "state": "empty-page",
  "teamId": "T5YEC6G73"
}
[05/07/18, 20:12:08:916] info: Store: UPSERT_WEB_CONTENTS
{
  "id": 3,
  "state": "page-will-navigate",
  "teamId": "T5YEC6G73"
}
[05/07/18, 20:12:08:933] info: Store: UPSERT_WEB_CONTENTS
{
  "id": 4,
  "state": "loaded",
  "teamId": "T02R0MMHK"
}
[05/07/18, 20:12:08:971] info: Store: UPSERT_WEB_CONTENTS
{
  "id": 4,
  "state": "empty-page",
  "teamId": "T02R0MMHK"
}
[05/07/18, 20:12:08:989] info: Store: UPSERT_WEB_CONTENTS
{
  "id": 4,
  "state": "page-will-navigate",
  "teamId": "T02R0MMHK"
}
[05/07/18, 20:12:09:016] info: Store: UPSERT_WEB_CONTENTS
{
  "id": 6,
  "state": "loaded",
  "teamId": "T5LFW0CUB"
}
[05/07/18, 20:12:09:031] info: Store: UPSERT_WEB_CONTENTS
{
  "id": 6,
  "state": "empty-page",
  "teamId": "T5LFW0CUB"
}
[05/07/18, 20:12:09:038] info: Store: UPSERT_WEB_CONTENTS
{
  "id": 6,
  "state": "page-will-navigate",
  "teamId": "T5LFW0CUB"
}
[05/07/18, 20:12:09:168] info: Store: SET_NETWORK_STATUS offline
