[05/10/18, 18:53:51:318] info: ╔════════════════════════════════════════════════════════════════════════════╗
[05/10/18, 18:53:51:319] info: ║      Slack 3.1.1, linux 4.16.7-1-zen on x64 at 05/10/18, 18:53:51:285      ║
[05/10/18, 18:53:51:346] info: ╚════════════════════════════════════════════════════════════════════════════╝
[05/10/18, 18:53:51:897] info: Initializing local storage instance at path: /home/nitoli/.config/Slack/local-settings.json
[05/10/18, 18:53:52:854] error: Calls failed to load, bailing
[05/10/18, 18:53:52:856] info: cld3::loadModule: loading cld3 module
[05/10/18, 18:53:52:922] info: cld3Loader::loadModule: running environment is NODE
[05/10/18, 18:53:52:924] info: cld3Loader::loadModule: constructed module object for runtime
[05/10/18, 18:53:53:710] info: cld3Loader::initializeRuntime: successfully initialized module
[05/10/18, 18:53:53:710] info: cld3Loader::loadModule: initialized wasm binary Runtime
[05/10/18, 18:53:53:738] warn: updateSpellcheckerLanguage: Tried to update language, but spellchecker not initialized
[05/10/18, 18:53:53:740] info: SSBIntegration: Main window preload script loaded 4015.288931
[05/10/18, 18:53:53:792] info: Store: SET_NETWORK_STATUS online
[05/10/18, 18:53:53:807] info: Store: UPSERT_WEB_CONTENTS
{
  "id": 4,
  "state": "loaded",
  "teamId": "T02R0MMHK"
}
[05/10/18, 18:53:53:821] info: Store: UPSERT_WEB_CONTENTS
{
  "id": 4,
  "state": "empty-page",
  "teamId": "T02R0MMHK"
}
[05/10/18, 18:53:53:821] info: Store: UPSERT_WEB_CONTENTS
{
  "id": 4,
  "state": "page-will-navigate",
  "teamId": "T02R0MMHK"
}
[05/10/18, 18:53:53:846] info: Store: UPSERT_WEB_CONTENTS
{
  "id": 7,
  "state": "loaded",
  "teamId": "T0GFBAM8C"
}
[05/10/18, 18:53:53:847] info: Store: UPSERT_WEB_CONTENTS
{
  "id": 5,
  "state": "loaded",
  "teamId": "T4HEMM0UR"
}
[05/10/18, 18:53:53:850] info: Store: UPSERT_WEB_CONTENTS
{
  "id": 3,
  "state": "loaded",
  "teamId": "T5YEC6G73"
}
[05/10/18, 18:53:53:892] info: Store: MAIN_WINDOW_SHOWN
[05/10/18, 18:53:53:964] info: Store: UPSERT_WEB_CONTENTS
{
  "id": 5,
  "state": "empty-page",
  "teamId": "T4HEMM0UR"
}
[05/10/18, 18:53:53:969] info: Store: UPSERT_WEB_CONTENTS
{
  "id": 7,
  "state": "empty-page",
  "teamId": "T0GFBAM8C"
}
[05/10/18, 18:53:54:017] info: Store: UPSERT_WEB_CONTENTS
{
  "id": 3,
  "state": "empty-page",
  "teamId": "T5YEC6G73"
}
[05/10/18, 18:53:54:028] info: Store: UPSERT_WEB_CONTENTS
{
  "id": 5,
  "state": "page-will-navigate",
  "teamId": "T4HEMM0UR"
}
[05/10/18, 18:53:54:031] info: Window is unloading, winssb is no longer accessible
[05/10/18, 18:53:54:053] info: Store: UPSERT_WEB_CONTENTS
{
  "id": 7,
  "state": "page-will-navigate",
  "teamId": "T0GFBAM8C"
}
[05/10/18, 18:53:54:055] info: Store: UPSERT_WEB_CONTENTS
{
  "id": 3,
  "state": "page-will-navigate",
  "teamId": "T5YEC6G73"
}
[05/10/18, 18:53:54:094] info: Store: UPDATE_SESSION_STATUS
{
  "hasValidSession": true,
  "teamId": "T0GFBAM8C"
}
[05/10/18, 18:53:54:147] info: Store: UPDATE_SESSION_STATUS
{
  "hasValidSession": true,
  "teamId": "T02R0MMHK"
}
[05/10/18, 18:53:54:168] info: Store: UPDATE_SESSION_STATUS
{
  "hasValidSession": true,
  "teamId": "T4HEMM0UR"
}
[05/10/18, 18:53:54:187] info: Store: UPSERT_WEB_CONTENTS
{
  "id": 6,
  "state": "loaded",
  "teamId": "T5LFW0CUB"
}
[05/10/18, 18:53:54:189] info: Store: UPDATE_SESSION_STATUS
{
  "hasValidSession": true,
  "teamId": "T5YEC6G73"
}
[05/10/18, 18:53:54:211] info: Store: UPSERT_WEB_CONTENTS
{
  "id": 6,
  "state": "empty-page",
  "teamId": "T5LFW0CUB"
}
[05/10/18, 18:53:54:215] info: Store: UPSERT_WEB_CONTENTS
{
  "id": 6,
  "state": "page-will-navigate",
  "teamId": "T5LFW0CUB"
}
[05/10/18, 18:53:54:366] info: Store: UPDATE_SESSION_STATUS
{
  "hasValidSession": true,
  "teamId": "T0GFBAM8C"
}
[05/10/18, 18:53:54:383] info: Store: UPDATE_SESSION_STATUS
{
  "hasValidSession": true,
  "teamId": "T5YEC6G73"
}
[05/10/18, 18:53:54:384] info: Store: UPDATE_SESSION_STATUS
{
  "hasValidSession": true,
  "teamId": "T4HEMM0UR"
}
[05/10/18, 18:53:54:511] info: Store: UPDATE_SESSION_STATUS
{
  "hasValidSession": true,
  "teamId": "T5LFW0CUB"
}
