[05/04/18, 06:55:12:277] info: ╔════════════════════════════════════════════════════════════════════════════╗
[05/04/18, 06:55:12:279] info: ║      Slack 3.1.1, linux 4.16.5-1-zen on x64 at 05/04/18, 06:55:12:264      ║
[05/04/18, 06:55:12:279] info: ╚════════════════════════════════════════════════════════════════════════════╝
[05/04/18, 06:55:12:436] info: Initializing local storage instance at path: /home/nitoli/.config/Slack/local-settings.json
[05/04/18, 06:55:13:332] error: Calls failed to load, bailing
[05/04/18, 06:55:13:358] info: cld3::loadModule: loading cld3 module
[05/04/18, 06:55:13:580] info: cld3Loader::loadModule: running environment is NODE
[05/04/18, 06:55:13:580] info: cld3Loader::loadModule: constructed module object for runtime
[05/04/18, 06:55:14:532] info: cld3Loader::initializeRuntime: successfully initialized module
[05/04/18, 06:55:14:533] info: cld3Loader::loadModule: initialized wasm binary Runtime
[05/04/18, 06:55:14:551] warn: updateSpellcheckerLanguage: Tried to update language, but spellchecker not initialized
[05/04/18, 06:55:14:552] info: SSBIntegration: Main window preload script loaded 3230.368126
[05/04/18, 06:55:14:577] info: Store: SET_NETWORK_STATUS offline
[05/04/18, 06:55:14:579] info: Store: UPDATE_SESSION_STATUS
{
  "hasValidSession": null,
  "teamId": "T0GFBAM8C"
}
[05/04/18, 06:55:14:580] info: Store: UPDATE_SESSION_STATUS
{
  "hasValidSession": null,
  "teamId": "T5LFW0CUB"
}
[05/04/18, 06:55:14:581] info: Store: UPDATE_SESSION_STATUS
{
  "hasValidSession": null,
  "teamId": "T02R0MMHK"
}
[05/04/18, 06:55:14:581] info: Store: UPDATE_SESSION_STATUS
{
  "hasValidSession": null,
  "teamId": "T4HEMM0UR"
}
[05/04/18, 06:55:14:582] info: Store: UPDATE_SESSION_STATUS
{
  "hasValidSession": null,
  "teamId": "T5YEC6G73"
}
[05/04/18, 06:55:14:583] info: Store: UPSERT_WEB_CONTENTS
{
  "id": 7,
  "state": "loaded",
  "teamId": "T0GFBAM8C"
}
[05/04/18, 06:55:14:584] info: Store: UPSERT_WEB_CONTENTS
{
  "id": 7,
  "state": "empty-page",
  "teamId": "T0GFBAM8C"
}
[05/04/18, 06:55:14:584] info: Store: UPDATE_SESSION_STATUS
{
  "hasValidSession": null,
  "teamId": "T0GFBAM8C"
}
[05/04/18, 06:55:14:585] info: Store: UPSERT_WEB_CONTENTS
{
  "id": 4,
  "state": "loaded",
  "teamId": "T02R0MMHK"
}
[05/04/18, 06:55:14:585] info: Store: UPSERT_WEB_CONTENTS
{
  "id": 4,
  "state": "empty-page",
  "teamId": "T02R0MMHK"
}
[05/04/18, 06:55:14:586] info: Store: UPSERT_WEB_CONTENTS
{
  "id": 6,
  "state": "loaded",
  "teamId": "T5LFW0CUB"
}
[05/04/18, 06:55:14:586] info: Store: UPDATE_SESSION_STATUS
{
  "hasValidSession": null,
  "teamId": "T02R0MMHK"
}
[05/04/18, 06:55:14:587] info: Store: UPSERT_WEB_CONTENTS
{
  "id": 6,
  "state": "empty-page",
  "teamId": "T5LFW0CUB"
}
[05/04/18, 06:55:14:587] info: Store: UPDATE_SESSION_STATUS
{
  "hasValidSession": null,
  "teamId": "T5LFW0CUB"
}
[05/04/18, 06:55:14:593] info: Store: UPSERT_WEB_CONTENTS
{
  "id": 3,
  "state": "loaded",
  "teamId": "T5YEC6G73"
}
[05/04/18, 06:55:14:601] info: Store: UPSERT_WEB_CONTENTS
{
  "id": 3,
  "state": "empty-page",
  "teamId": "T5YEC6G73"
}
[05/04/18, 06:55:14:628] info: Store: UPSERT_WEB_CONTENTS
{
  "id": 5,
  "state": "loaded",
  "teamId": "T4HEMM0UR"
}
[05/04/18, 06:55:14:644] info: Store: UPSERT_WEB_CONTENTS
{
  "id": 5,
  "state": "empty-page",
  "teamId": "T4HEMM0UR"
}
[05/04/18, 06:55:14:687] info: Store: UPDATE_SESSION_STATUS
{
  "hasValidSession": null,
  "teamId": "T5YEC6G73"
}
[05/04/18, 06:55:14:790] info: Store: UPDATE_SESSION_STATUS
{
  "hasValidSession": null,
  "teamId": "T4HEMM0UR"
}
[05/04/18, 06:57:42:681] info: Store: QUIT_APP
[05/04/18, 06:57:42:719] info: Store: REMOVE_WINDOW 2
[05/04/18, 06:57:42:760] info: Store: QUIT_APP
