[05/05/18, 02:36:39:066] info: ╔════════════════════════════════════════════════════════════════════════════╗
[05/05/18, 02:36:39:067] info: ║      Slack 3.1.1, linux 4.16.6-1-zen on x64 at 05/05/18, 02:36:39:045      ║
[05/05/18, 02:36:39:067] info: ╚════════════════════════════════════════════════════════════════════════════╝
[05/05/18, 02:36:39:594] info: Initializing local storage instance at path: /home/nitoli/.config/Slack/local-settings.json
[05/05/18, 02:36:41:097] error: Calls failed to load, bailing
[05/05/18, 02:36:41:099] info: cld3::loadModule: loading cld3 module
[05/05/18, 02:36:41:255] info: cld3Loader::loadModule: running environment is NODE
[05/05/18, 02:36:41:255] info: cld3Loader::loadModule: constructed module object for runtime
[05/05/18, 02:36:42:427] info: cld3Loader::initializeRuntime: successfully initialized module
[05/05/18, 02:36:42:439] info: cld3Loader::loadModule: initialized wasm binary Runtime
[05/05/18, 02:36:42:475] warn: updateSpellcheckerLanguage: Tried to update language, but spellchecker not initialized
[05/05/18, 02:36:42:476] info: SSBIntegration: Main window preload script loaded 4853.348156
[05/05/18, 02:36:42:547] info: Store: UPSERT_WEB_CONTENTS
{
  "id": 5,
  "state": "loaded",
  "teamId": "T4HEMM0UR"
}
[05/05/18, 02:36:42:674] info: Store: UPSERT_WEB_CONTENTS
{
  "id": 5,
  "state": "empty-page",
  "teamId": "T4HEMM0UR"
}
[05/05/18, 02:36:42:717] info: Store: UPSERT_WEB_CONTENTS
{
  "id": 5,
  "state": "page-will-navigate",
  "teamId": "T4HEMM0UR"
}
[05/05/18, 02:36:42:733] info: Window is unloading, winssb is no longer accessible
[05/05/18, 02:36:42:944] info: Store: UPSERT_WEB_CONTENTS
{
  "id": 6,
  "state": "loaded",
  "teamId": "T5LFW0CUB"
}
[05/05/18, 02:36:43:135] info: Store: UPSERT_WEB_CONTENTS
{
  "id": 6,
  "state": "empty-page",
  "teamId": "T5LFW0CUB"
}
[05/05/18, 02:36:43:211] info: Store: UPSERT_WEB_CONTENTS
{
  "id": 6,
  "state": "page-will-navigate",
  "teamId": "T5LFW0CUB"
}
[05/05/18, 02:36:43:691] info: Store: UPSERT_WEB_CONTENTS
{
  "id": 3,
  "state": "loaded",
  "teamId": "T02R0MMHK"
}
[05/05/18, 02:36:43:802] info: Store: UPSERT_WEB_CONTENTS
{
  "id": 3,
  "state": "empty-page",
  "teamId": "T02R0MMHK"
}
[05/05/18, 02:36:43:814] info: Store: UPSERT_WEB_CONTENTS
{
  "id": 3,
  "state": "page-will-navigate",
  "teamId": "T02R0MMHK"
}
[05/05/18, 02:36:43:981] info: Store: UPSERT_WEB_CONTENTS
{
  "id": 4,
  "state": "loaded",
  "teamId": "T5YEC6G73"
}
[05/05/18, 02:36:44:027] info: Store: UPSERT_WEB_CONTENTS
{
  "id": 4,
  "state": "empty-page",
  "teamId": "T5YEC6G73"
}
[05/05/18, 02:36:44:055] info: Store: UPSERT_WEB_CONTENTS
{
  "id": 4,
  "state": "page-will-navigate",
  "teamId": "T5YEC6G73"
}
[05/05/18, 02:36:44:211] info: Store: UPSERT_WEB_CONTENTS
{
  "id": 7,
  "state": "loaded",
  "teamId": "T0GFBAM8C"
}
[05/05/18, 02:36:44:285] info: Store: UPSERT_WEB_CONTENTS
{
  "id": 7,
  "state": "empty-page",
  "teamId": "T0GFBAM8C"
}
[05/05/18, 02:36:44:304] info: Store: UPSERT_WEB_CONTENTS
{
  "id": 7,
  "state": "page-will-navigate",
  "teamId": "T0GFBAM8C"
}
