[05/04/18, 06:55:08:602] info: ╔════════════════════════════════════════════════════════════════════════════╗
[05/04/18, 06:55:08:620] info: ║      Slack 3.1.1, linux 4.16.5-1-zen on x64 at 05/04/18, 06:55:08:574      ║
[05/04/18, 06:55:08:620] info: ╚════════════════════════════════════════════════════════════════════════════╝
[05/04/18, 06:55:08:807] info: Initializing local storage instance at path: /home/nitoli/.config/Slack/local-settings.json
[05/04/18, 06:55:10:214] info: Store: UPSERT_WEB_CONTENTS
{
  "id": 7,
  "state": "loaded",
  "teamId": "T0GFBAM8C"
}
[05/04/18, 06:55:10:249] info: Store: UPSERT_WEB_CONTENTS
{
  "id": 7,
  "state": "empty-page",
  "teamId": "T0GFBAM8C"
}
[05/04/18, 06:55:10:256] info: Store: UPSERT_WEB_CONTENTS
{
  "id": 7,
  "state": "page-will-navigate",
  "teamId": "T0GFBAM8C"
}
[05/04/18, 06:55:10:282] info: Store: UPSERT_WEB_CONTENTS
{
  "id": 6,
  "state": "loaded",
  "teamId": "T5LFW0CUB"
}
[05/04/18, 06:55:10:301] info: Store: UPSERT_WEB_CONTENTS
{
  "id": 6,
  "state": "empty-page",
  "teamId": "T5LFW0CUB"
}
[05/04/18, 06:55:10:313] info: Store: UPSERT_WEB_CONTENTS
{
  "id": 6,
  "state": "page-will-navigate",
  "teamId": "T5LFW0CUB"
}
[05/04/18, 06:55:10:328] info: Store: UPSERT_WEB_CONTENTS
{
  "id": 4,
  "state": "loaded",
  "teamId": "T02R0MMHK"
}
[05/04/18, 06:55:10:373] info: Store: UPSERT_WEB_CONTENTS
{
  "id": 4,
  "state": "empty-page",
  "teamId": "T02R0MMHK"
}
[05/04/18, 06:55:10:376] info: Store: UPSERT_WEB_CONTENTS
{
  "id": 4,
  "state": "page-will-navigate",
  "teamId": "T02R0MMHK"
}
[05/04/18, 06:55:10:656] info: Store: UPSERT_WEB_CONTENTS
{
  "id": 5,
  "state": "loaded",
  "teamId": "T4HEMM0UR"
}
[05/04/18, 06:55:10:683] info: Store: UPSERT_WEB_CONTENTS
{
  "id": 5,
  "state": "empty-page",
  "teamId": "T4HEMM0UR"
}
[05/04/18, 06:55:10:724] info: Store: UPSERT_WEB_CONTENTS
{
  "id": 5,
  "state": "page-will-navigate",
  "teamId": "T4HEMM0UR"
}
[05/04/18, 06:55:10:803] info: Store: UPSERT_WEB_CONTENTS
{
  "id": 3,
  "state": "loaded",
  "teamId": "T5YEC6G73"
}
[05/04/18, 06:55:10:828] info: Store: UPSERT_WEB_CONTENTS
{
  "id": 3,
  "state": "empty-page",
  "teamId": "T5YEC6G73"
}
[05/04/18, 06:55:10:838] info: Store: UPSERT_WEB_CONTENTS
{
  "id": 3,
  "state": "page-will-navigate",
  "teamId": "T5YEC6G73"
}
[05/04/18, 06:55:11:068] info: Store: SET_NETWORK_STATUS offline
[05/04/18, 06:55:11:627] info: Store: UPDATE_SESSION_STATUS
{
  "hasValidSession": null,
  "teamId": "T0GFBAM8C"
}
[05/04/18, 06:55:11:636] info: Store: UPDATE_SESSION_STATUS
{
  "hasValidSession": null,
  "teamId": "T5LFW0CUB"
}
[05/04/18, 06:55:11:657] info: Store: UPDATE_SESSION_STATUS
{
  "hasValidSession": null,
  "teamId": "T02R0MMHK"
}
[05/04/18, 06:55:11:888] info: Store: UPDATE_SESSION_STATUS
{
  "hasValidSession": null,
  "teamId": "T4HEMM0UR"
}
[05/04/18, 06:55:11:906] info: Store: UPDATE_SESSION_STATUS
{
  "hasValidSession": null,
  "teamId": "T5YEC6G73"
}
[05/04/18, 06:55:13:969] info: Store: UPSERT_WEB_CONTENTS
{
  "id": 7,
  "state": "loaded",
  "teamId": "T0GFBAM8C"
}
[05/04/18, 06:55:14:060] info: Store: UPSERT_WEB_CONTENTS
{
  "id": 7,
  "state": "empty-page",
  "teamId": "T0GFBAM8C"
}
[05/04/18, 06:55:14:130] info: Store: UPDATE_SESSION_STATUS
{
  "hasValidSession": null,
  "teamId": "T0GFBAM8C"
}
[05/04/18, 06:55:14:219] info: Store: UPSERT_WEB_CONTENTS
{
  "id": 4,
  "state": "loaded",
  "teamId": "T02R0MMHK"
}
[05/04/18, 06:55:14:267] info: Store: UPSERT_WEB_CONTENTS
{
  "id": 4,
  "state": "empty-page",
  "teamId": "T02R0MMHK"
}
[05/04/18, 06:55:14:280] info: Store: UPSERT_WEB_CONTENTS
{
  "id": 6,
  "state": "loaded",
  "teamId": "T5LFW0CUB"
}
[05/04/18, 06:55:14:340] info: Store: UPDATE_SESSION_STATUS
{
  "hasValidSession": null,
  "teamId": "T02R0MMHK"
}
[05/04/18, 06:55:14:376] info: Store: UPSERT_WEB_CONTENTS
{
  "id": 6,
  "state": "empty-page",
  "teamId": "T5LFW0CUB"
}
[05/04/18, 06:55:14:409] info: Store: UPDATE_SESSION_STATUS
{
  "hasValidSession": null,
  "teamId": "T5LFW0CUB"
}
[05/04/18, 06:55:14:577] info: Store: UPSERT_WEB_CONTENTS
{
  "id": 3,
  "state": "loaded",
  "teamId": "T5YEC6G73"
}
[05/04/18, 06:55:14:600] info: Store: UPSERT_WEB_CONTENTS
{
  "id": 3,
  "state": "empty-page",
  "teamId": "T5YEC6G73"
}
[05/04/18, 06:55:14:627] info: Store: UPSERT_WEB_CONTENTS
{
  "id": 5,
  "state": "loaded",
  "teamId": "T4HEMM0UR"
}
[05/04/18, 06:55:14:644] info: Store: UPSERT_WEB_CONTENTS
{
  "id": 5,
  "state": "empty-page",
  "teamId": "T4HEMM0UR"
}
[05/04/18, 06:55:14:687] info: Store: UPDATE_SESSION_STATUS
{
  "hasValidSession": null,
  "teamId": "T5YEC6G73"
}
[05/04/18, 06:55:14:789] info: Store: UPDATE_SESSION_STATUS
{
  "hasValidSession": null,
  "teamId": "T4HEMM0UR"
}
[05/04/18, 06:57:42:686] info: Store: QUIT_APP
[05/04/18, 06:57:42:721] info: Store: REMOVE_WINDOW 2
[05/05/18, 11:14:08:433] info: ╔════════════════════════════════════════════════════════════════════════════╗
[05/05/18, 11:14:08:435] info: ║      Slack 3.1.1, linux 4.16.6-1-zen on x64 at 05/05/18, 11:14:08:405      ║
[05/05/18, 11:14:08:435] info: ╚════════════════════════════════════════════════════════════════════════════╝
[05/05/18, 11:14:08:942] info: Initializing local storage instance at path: /home/nitoli/.config/Slack/local-settings.json
[05/05/18, 11:14:10:084] error: Calls failed to load, bailing
[05/05/18, 11:14:10:089] info: cld3::loadModule: loading cld3 module
[05/05/18, 11:14:10:167] info: cld3Loader::loadModule: running environment is NODE
[05/05/18, 11:14:10:167] info: cld3Loader::loadModule: constructed module object for runtime
[05/05/18, 11:14:11:094] info: cld3Loader::initializeRuntime: successfully initialized module
[05/05/18, 11:14:11:095] info: cld3Loader::loadModule: initialized wasm binary Runtime
[05/05/18, 11:14:11:111] warn: updateSpellcheckerLanguage: Tried to update language, but spellchecker not initialized
[05/05/18, 11:14:11:111] info: TranslationLookup: locale set to ja-JP for renderer
[05/05/18, 11:14:11:119] info: SSBIntegration: Main window preload script loaded 3995.993148
[05/05/18, 11:14:11:135] info: Store: UPSERT_WEB_CONTENTS
{
  "id": 3,
  "state": "loaded",
  "teamId": "T5LFW0CUB"
}
[05/05/18, 11:14:11:155] info: Store: UPSERT_WEB_CONTENTS
{
  "id": 3,
  "state": "empty-page",
  "teamId": "T5LFW0CUB"
}
[05/05/18, 11:14:11:156] info: Store: UPSERT_WEB_CONTENTS
{
  "id": 3,
  "state": "page-will-navigate",
  "teamId": "T5LFW0CUB"
}
[05/05/18, 11:14:11:156] info: Store: UPSERT_WEB_CONTENTS
{
  "id": 7,
  "state": "loaded",
  "teamId": "T0GFBAM8C"
}
[05/05/18, 11:14:11:203] info: Store: UPSERT_WEB_CONTENTS
{
  "id": 4,
  "state": "loaded",
  "teamId": "T5YEC6G73"
}
[05/05/18, 11:14:11:208] info: Store: UPSERT_WEB_CONTENTS
{
  "id": 7,
  "state": "empty-page",
  "teamId": "T0GFBAM8C"
}
[05/05/18, 11:14:11:208] info: Store: UPSERT_WEB_CONTENTS
{
  "id": 7,
  "state": "page-will-navigate",
  "teamId": "T0GFBAM8C"
}
[05/05/18, 11:14:11:217] info: Store: UPSERT_WEB_CONTENTS
{
  "id": 4,
  "state": "empty-page",
  "teamId": "T5YEC6G73"
}
[05/05/18, 11:14:11:220] info: Store: UPSERT_WEB_CONTENTS
{
  "id": 4,
  "state": "page-will-navigate",
  "teamId": "T5YEC6G73"
}
[05/05/18, 11:14:11:225] info: Window is unloading, winssb is no longer accessible
[05/05/18, 11:14:11:260] info: Store: UPSERT_WEB_CONTENTS
{
  "id": 6,
  "state": "loaded",
  "teamId": "T4HEMM0UR"
}
[05/05/18, 11:14:11:295] info: Store: UPSERT_WEB_CONTENTS
{
  "id": 5,
  "state": "loaded",
  "teamId": "T02R0MMHK"
}
[05/05/18, 11:14:11:310] info: Store: UPSERT_WEB_CONTENTS
{
  "id": 6,
  "state": "empty-page",
  "teamId": "T4HEMM0UR"
}
[05/11/18, 20:10:40:226] info: ╔════════════════════════════════════════════════════════════════════════════╗
[05/11/18, 20:10:40:238] info: ║      Slack 3.1.1, linux 4.16.7-1-zen on x64 at 05/11/18, 20:10:40:221      ║
[05/11/18, 20:10:40:238] info: ╚════════════════════════════════════════════════════════════════════════════╝
[05/11/18, 20:10:40:539] info: Initializing local storage instance at path: /home/nitoli/.config/Slack/local-settings.json
[05/11/18, 20:10:41:795] error: Calls failed to load, bailing
[05/11/18, 20:10:41:797] info: cld3::loadModule: loading cld3 module
[05/11/18, 20:10:41:908] info: cld3Loader::loadModule: running environment is NODE
[05/11/18, 20:10:41:909] info: cld3Loader::loadModule: constructed module object for runtime
[05/11/18, 20:10:42:949] info: cld3Loader::initializeRuntime: successfully initialized module
[05/11/18, 20:10:42:950] info: cld3Loader::loadModule: initialized wasm binary Runtime
[05/11/18, 20:10:42:960] warn: updateSpellcheckerLanguage: Tried to update language, but spellchecker not initialized
[05/11/18, 20:10:42:961] info: SSBIntegration: Main window preload script loaded 3878.241485
[05/11/18, 20:10:42:984] info: Store: UPSERT_WEB_CONTENTS
{
  "id": 7,
  "state": "loaded",
  "teamId": "T0GFBAM8C"
}
[05/11/18, 20:10:42:997] info: Store: UPSERT_WEB_CONTENTS
{
  "id": 6,
  "state": "loaded",
  "teamId": "T5LFW0CUB"
}
[05/11/18, 20:10:43:010] info: Store: UPSERT_WEB_CONTENTS
{
  "id": 7,
  "state": "empty-page",
  "teamId": "T0GFBAM8C"
}
[05/11/18, 20:10:43:011] info: Store: UPSERT_WEB_CONTENTS
{
  "id": 4,
  "state": "loaded",
  "teamId": "T5YEC6G73"
}
[05/11/18, 20:10:43:014] info: Store: UPSERT_WEB_CONTENTS
{
  "id": 7,
  "state": "page-will-navigate",
  "teamId": "T0GFBAM8C"
}
[05/11/18, 20:10:43:023] info: Store: UPSERT_WEB_CONTENTS
{
  "id": 6,
  "state": "empty-page",
  "teamId": "T5LFW0CUB"
}
[05/11/18, 20:10:43:029] info: Store: UPSERT_WEB_CONTENTS
{
  "id": 6,
  "state": "page-will-navigate",
  "teamId": "T5LFW0CUB"
}
[05/11/18, 20:10:43:034] info: Window is unloading, winssb is no longer accessible
[05/11/18, 20:10:43:036] info: Store: UPSERT_WEB_CONTENTS
{
  "id": 3,
  "state": "loaded",
  "teamId": "T02R0MMHK"
}
[05/11/18, 20:10:43:053] info: Store: UPSERT_WEB_CONTENTS
{
  "id": 4,
  "state": "empty-page",
  "teamId": "T5YEC6G73"
}
[05/11/18, 20:10:43:064] info: Store: UPSERT_WEB_CONTENTS
{
  "id": 4,
  "state": "page-will-navigate",
  "teamId": "T5YEC6G73"
}
[05/11/18, 20:10:43:081] info: Store: UPSERT_WEB_CONTENTS
{
  "id": 3,
  "state": "empty-page",
  "teamId": "T02R0MMHK"
}
[05/11/18, 20:10:43:093] info: Store: UPSERT_WEB_CONTENTS
{
  "id": 5,
  "state": "loaded",
  "teamId": "T4HEMM0UR"
}
[05/11/18, 20:10:43:112] info: Store: UPSERT_WEB_CONTENTS
{
  "id": 3,
  "state": "page-will-navigate",
  "teamId": "T02R0MMHK"
}
[05/11/18, 20:10:43:126] info: Store: UPSERT_WEB_CONTENTS
{
  "id": 5,
  "state": "empty-page",
  "teamId": "T4HEMM0UR"
}
[05/11/18, 20:10:43:138] info: Store: UPSERT_WEB_CONTENTS
{
  "id": 5,
  "state": "page-will-navigate",
  "teamId": "T4HEMM0UR"
}
[05/11/18, 20:10:43:485] info: Store: SET_NETWORK_STATUS offline
[05/11/18, 20:10:43:941] info: Store: UPDATE_SESSION_STATUS
{
  "hasValidSession": true,
  "teamId": "T5LFW0CUB"
}
[05/11/18, 20:10:43:948] info: Store: UPDATE_SESSION_STATUS
{
  "hasValidSession": true,
  "teamId": "T5YEC6G73"
}
[05/11/18, 20:10:43:951] info: Store: UPDATE_SESSION_STATUS
{
  "hasValidSession": true,
  "teamId": "T0GFBAM8C"
}
[05/11/18, 20:10:44:217] info: Store: SET_NETWORK_STATUS online
[05/11/18, 20:10:44:223] info: Store: MAIN_WINDOW_SHOWN
[05/11/18, 20:10:44:762] info: Store: UPDATE_SESSION_STATUS
{
  "hasValidSession": true,
  "teamId": "T02R0MMHK"
}
[05/11/18, 20:10:44:771] info: Store: UPDATE_SESSION_STATUS
{
  "hasValidSession": true,
  "teamId": "T4HEMM0UR"
}
