[04/20/18, 14:09:39:580] info: ╔════════════════════════════════════════════════════════════════════════════╗
[04/20/18, 14:09:39:591] info: ║      Slack 3.1.1, linux 4.16.2-2-zen on x64 at 04/20/18, 14:09:39:576      ║
[04/20/18, 14:09:39:591] info: ╚════════════════════════════════════════════════════════════════════════════╝
[04/20/18, 14:09:39:946] info: Initializing local storage instance at path: /home/nitoli/.config/Slack/local-settings.json
[04/20/18, 14:09:41:024] error: Calls failed to load, bailing
[04/20/18, 14:09:41:027] info: cld3::loadModule: loading cld3 module
[04/20/18, 14:09:41:084] info: cld3Loader::loadModule: running environment is NODE
[04/20/18, 14:09:41:084] info: cld3Loader::loadModule: constructed module object for runtime
[04/20/18, 14:09:42:045] info: cld3Loader::initializeRuntime: successfully initialized module
[04/20/18, 14:09:42:045] info: cld3Loader::loadModule: initialized wasm binary Runtime
[04/20/18, 14:09:42:078] warn: updateSpellcheckerLanguage: Tried to update language, but spellchecker not initialized
[04/20/18, 14:09:42:079] info: SSBIntegration: Main window preload script loaded 3462.311687
[04/20/18, 14:09:42:124] info: Store: SET_NETWORK_STATUS offline
[04/20/18, 14:09:42:134] info: Store: UPSERT_WEB_CONTENTS
{
  "id": 5,
  "state": "loaded",
  "teamId": "T4HEMM0UR"
}
[04/20/18, 14:09:42:193] info: Store: UPSERT_WEB_CONTENTS
{
  "id": 5,
  "state": "empty-page",
  "teamId": "T4HEMM0UR"
}
[04/20/18, 14:09:42:250] info: Store: UPSERT_WEB_CONTENTS
{
  "id": 4,
  "state": "loaded",
  "teamId": "T02R0MMHK"
}
[04/20/18, 14:09:42:326] info: Store: UPSERT_WEB_CONTENTS
{
  "id": 4,
  "state": "empty-page",
  "teamId": "T02R0MMHK"
}
[04/20/18, 14:09:42:332] info: Store: UPSERT_WEB_CONTENTS
{
  "id": 3,
  "state": "loaded",
  "teamId": "T5YEC6G73"
}
[04/20/18, 14:09:42:368] info: Store: UPSERT_WEB_CONTENTS
{
  "id": 3,
  "state": "empty-page",
  "teamId": "T5YEC6G73"
}
[04/20/18, 14:09:42:746] info: Store: UPDATE_SESSION_STATUS
{
  "hasValidSession": true,
  "teamId": "T4HEMM0UR"
}
[04/20/18, 14:09:42:785] info: Store: UPDATE_SESSION_STATUS
{
  "hasValidSession": true,
  "teamId": "T5YEC6G73"
}
[04/20/18, 14:09:43:086] info: Store: SET_NETWORK_STATUS online
[04/20/18, 14:09:43:090] info: Store: MAIN_WINDOW_SHOWN
[04/20/18, 14:09:43:104] info: Store: UPSERT_WEB_CONTENTS
{
  "id": 5,
  "state": "page-will-navigate",
  "teamId": "T4HEMM0UR"
}
[04/20/18, 14:09:43:107] info: Window is unloading, winssb is no longer accessible
[04/20/18, 14:09:43:111] info: Store: UPSERT_WEB_CONTENTS
{
  "id": 3,
  "state": "page-will-navigate",
  "teamId": "T5YEC6G73"
}
[04/20/18, 14:09:43:119] info: Store: UPSERT_WEB_CONTENTS
{
  "id": 4,
  "state": "page-will-navigate",
  "teamId": "T02R0MMHK"
}
[04/20/18, 14:09:43:279] info: Store: UPDATE_SESSION_STATUS
{
  "hasValidSession": true,
  "teamId": "T02R0MMHK"
}
[04/20/18, 14:09:43:422] info: Store: UPDATE_SESSION_STATUS
{
  "hasValidSession": true,
  "teamId": "T5YEC6G73"
}
[04/20/18, 14:09:43:465] info: Store: UPDATE_SESSION_STATUS
{
  "hasValidSession": true,
  "teamId": "T02R0MMHK"
}
[04/20/18, 14:09:43:964] info: Store: UPDATE_SESSION_STATUS
{
  "hasValidSession": true,
  "teamId": "T4HEMM0UR"
}
[05/04/18, 07:28:12:210] info: ╔════════════════════════════════════════════════════════════════════════════╗
[05/04/18, 07:28:12:211] info: ║      Slack 3.1.1, linux 4.16.5-1-zen on x64 at 05/04/18, 07:28:12:193      ║
[05/04/18, 07:28:12:211] info: ╚════════════════════════════════════════════════════════════════════════════╝
[05/04/18, 07:28:12:508] info: Initializing local storage instance at path: /home/nitoli/.config/Slack/local-settings.json
[05/04/18, 07:28:13:752] error: Calls failed to load, bailing
[05/04/18, 07:28:13:754] info: cld3::loadModule: loading cld3 module
[05/04/18, 07:28:13:821] info: cld3Loader::loadModule: running environment is NODE
[05/04/18, 07:28:13:821] info: cld3Loader::loadModule: constructed module object for runtime
[05/04/18, 07:28:14:647] info: cld3Loader::initializeRuntime: successfully initialized module
[05/04/18, 07:28:14:647] info: cld3Loader::loadModule: initialized wasm binary Runtime
[05/04/18, 07:28:14:652] warn: updateSpellcheckerLanguage: Tried to update language, but spellchecker not initialized
[05/04/18, 07:28:14:659] info: SSBIntegration: Main window preload script loaded 4017.795069
[05/04/18, 07:28:14:683] info: Store: UPSERT_WEB_CONTENTS
{
  "id": 6,
  "state": "loaded",
  "teamId": "T5LFW0CUB"
}
[05/04/18, 07:28:14:685] info: Store: UPSERT_WEB_CONTENTS
{
  "id": 6,
  "state": "empty-page",
  "teamId": "T5LFW0CUB"
}
[05/04/18, 07:28:14:686] info: Store: UPSERT_WEB_CONTENTS
{
  "id": 6,
  "state": "page-will-navigate",
  "teamId": "T5LFW0CUB"
}
[05/04/18, 07:28:14:686] info: Store: UPSERT_WEB_CONTENTS
{
  "id": 5,
  "state": "loaded",
  "teamId": "T4HEMM0UR"
}
[05/04/18, 07:28:14:687] info: Store: UPSERT_WEB_CONTENTS
{
  "id": 5,
  "state": "empty-page",
  "teamId": "T4HEMM0UR"
}
[05/04/18, 07:28:14:687] info: Store: UPSERT_WEB_CONTENTS
{
  "id": 5,
  "state": "page-will-navigate",
  "teamId": "T4HEMM0UR"
}
[05/04/18, 07:28:14:687] info: Store: UPSERT_WEB_CONTENTS
{
  "id": 7,
  "state": "loaded",
  "teamId": "T0GFBAM8C"
}
[05/04/18, 07:28:14:688] info: Store: UPSERT_WEB_CONTENTS
{
  "id": 4,
  "state": "loaded",
  "teamId": "T02R0MMHK"
}
[05/04/18, 07:28:14:694] info: Store: UPSERT_WEB_CONTENTS
{
  "id": 7,
  "state": "empty-page",
  "teamId": "T0GFBAM8C"
}
[05/04/18, 07:28:14:695] info: Store: UPSERT_WEB_CONTENTS
{
  "id": 7,
  "state": "page-will-navigate",
  "teamId": "T0GFBAM8C"
}
[05/04/18, 07:28:14:702] info: Store: UPSERT_WEB_CONTENTS
{
  "id": 4,
  "state": "empty-page",
  "teamId": "T02R0MMHK"
}
[05/04/18, 07:28:14:706] info: Store: UPSERT_WEB_CONTENTS
{
  "id": 4,
  "state": "page-will-navigate",
  "teamId": "T02R0MMHK"
}
[05/04/18, 07:28:14:717] info: Window is unloading, winssb is no longer accessible
[05/04/18, 07:28:15:105] info: Store: UPSERT_WEB_CONTENTS
{
  "id": 3,
  "state": "loaded",
  "teamId": "T5YEC6G73"
}
[05/04/18, 07:28:15:122] info: Store: UPSERT_WEB_CONTENTS
{
  "id": 3,
  "state": "empty-page",
  "teamId": "T5YEC6G73"
}
[05/04/18, 07:28:15:124] info: Store: UPSERT_WEB_CONTENTS
{
  "id": 3,
  "state": "page-will-navigate",
  "teamId": "T5YEC6G73"
}
[05/04/18, 07:28:15:572] info: Store: UPDATE_SESSION_STATUS
{
  "hasValidSession": true,
  "teamId": "T5LFW0CUB"
}
[05/04/18, 07:28:15:581] info: Store: UPDATE_SESSION_STATUS
{
  "hasValidSession": true,
  "teamId": "T02R0MMHK"
}
[05/04/18, 07:28:15:588] info: Store: UPDATE_SESSION_STATUS
{
  "hasValidSession": true,
  "teamId": "T4HEMM0UR"
}
[05/04/18, 07:28:15:595] info: Store: UPDATE_SESSION_STATUS
{
  "hasValidSession": true,
  "teamId": "T0GFBAM8C"
}
[05/04/18, 07:28:15:602] info: Store: UPDATE_SESSION_STATUS
{
  "hasValidSession": true,
  "teamId": "T5YEC6G73"
}
[05/04/18, 07:28:15:917] info: Store: SET_NETWORK_STATUS online
[05/04/18, 07:28:15:924] info: Store: MAIN_WINDOW_SHOWN
[05/04/18, 07:28:16:949] info: Store: SAVE_WINDOW_SETTINGS
{
  "isMaximized": false,
  "position": [
    10,
    42
  ],
  "size": [
    1900,
    1002
  ]
}
[05/08/18, 13:40:14:847] info: ╔════════════════════════════════════════════════════════════════════════════╗
[05/08/18, 13:40:14:848] info: ║      Slack 3.1.1, linux 4.16.6-1-zen on x64 at 05/08/18, 13:40:14:841      ║
[05/08/18, 13:40:14:848] info: ╚════════════════════════════════════════════════════════════════════════════╝
[05/08/18, 13:40:15:040] info: Initializing local storage instance at path: /home/nitoli/.config/Slack/local-settings.json
[05/08/18, 13:40:15:748] error: Calls failed to load, bailing
[05/08/18, 13:40:15:750] info: cld3::loadModule: loading cld3 module
[05/08/18, 13:40:15:782] info: cld3Loader::loadModule: running environment is NODE
[05/08/18, 13:40:15:782] info: cld3Loader::loadModule: constructed module object for runtime
[05/08/18, 13:40:16:215] info: cld3Loader::initializeRuntime: successfully initialized module
[05/08/18, 13:40:16:215] info: cld3Loader::loadModule: initialized wasm binary Runtime
[05/08/18, 13:40:16:220] warn: updateSpellcheckerLanguage: Tried to update language, but spellchecker not initialized
[05/08/18, 13:40:16:220] info: TranslationLookup: locale set to ja-JP for renderer
[05/08/18, 13:40:16:221] info: SSBIntegration: Main window preload script loaded 2173.038153
[05/10/18, 15:04:24:267] info: ╔════════════════════════════════════════════════════════════════════════════╗
[05/10/18, 15:04:24:268] info: ║      Slack 3.1.1, linux 4.16.7-1-zen on x64 at 05/10/18, 15:04:24:263      ║
[05/10/18, 15:04:24:268] info: ╚════════════════════════════════════════════════════════════════════════════╝
[05/10/18, 15:04:24:536] info: Initializing local storage instance at path: /home/nitoli/.config/Slack/local-settings.json
[05/10/18, 15:04:25:405] error: Calls failed to load, bailing
[05/10/18, 15:04:25:408] info: cld3::loadModule: loading cld3 module
[05/10/18, 15:04:25:498] info: cld3Loader::loadModule: running environment is NODE
[05/10/18, 15:04:25:498] info: cld3Loader::loadModule: constructed module object for runtime
[05/10/18, 15:04:26:261] info: cld3Loader::initializeRuntime: successfully initialized module
[05/10/18, 15:04:26:261] info: cld3Loader::loadModule: initialized wasm binary Runtime
[05/10/18, 15:04:26:282] warn: updateSpellcheckerLanguage: Tried to update language, but spellchecker not initialized
[05/10/18, 15:04:26:283] info: SSBIntegration: Main window preload script loaded 2899.024545
[05/10/18, 15:04:26:325] info: Store: UPSERT_WEB_CONTENTS
{
  "id": 4,
  "state": "loaded",
  "teamId": "T02R0MMHK"
}
[05/10/18, 15:04:26:343] info: Store: UPSERT_WEB_CONTENTS
{
  "id": 4,
  "state": "empty-page",
  "teamId": "T02R0MMHK"
}
[05/10/18, 15:04:26:351] info: Store: UPSERT_WEB_CONTENTS
{
  "id": 4,
  "state": "page-will-navigate",
  "teamId": "T02R0MMHK"
}
[05/10/18, 15:04:26:355] info: Store: UPSERT_WEB_CONTENTS
{
  "id": 7,
  "state": "loaded",
  "teamId": "T0GFBAM8C"
}
[05/10/18, 15:04:26:367] info: Store: UPSERT_WEB_CONTENTS
{
  "id": 7,
  "state": "empty-page",
  "teamId": "T0GFBAM8C"
}
[05/10/18, 15:04:26:382] info: Store: UPSERT_WEB_CONTENTS
{
  "id": 5,
  "state": "loaded",
  "teamId": "T4HEMM0UR"
}
[05/10/18, 15:04:26:386] info: Store: UPSERT_WEB_CONTENTS
{
  "id": 7,
  "state": "page-will-navigate",
  "teamId": "T0GFBAM8C"
}
[05/10/18, 15:04:26:392] info: Window is unloading, winssb is no longer accessible
[05/10/18, 15:04:26:402] info: Store: UPSERT_WEB_CONTENTS
{
  "id": 3,
  "state": "loaded",
  "teamId": "T5YEC6G73"
}
[05/10/18, 15:04:26:432] info: Store: UPSERT_WEB_CONTENTS
{
  "id": 3,
  "state": "empty-page",
  "teamId": "T5YEC6G73"
}
[05/10/18, 15:04:26:437] info: Store: UPSERT_WEB_CONTENTS
{
  "id": 5,
  "state": "empty-page",
  "teamId": "T4HEMM0UR"
}
[05/10/18, 15:04:26:443] info: Store: UPSERT_WEB_CONTENTS
{
  "id": 3,
  "state": "page-will-navigate",
  "teamId": "T5YEC6G73"
}
[05/10/18, 15:04:26:478] info: Store: UPSERT_WEB_CONTENTS
{
  "id": 5,
  "state": "page-will-navigate",
  "teamId": "T4HEMM0UR"
}
[05/11/18, 20:06:28:882] info: ╔════════════════════════════════════════════════════════════════════════════╗
[05/11/18, 20:06:28:884] info: ║      Slack 3.1.1, linux 4.16.7-1-zen on x64 at 05/11/18, 20:06:28:871      ║
[05/11/18, 20:06:28:884] info: ╚════════════════════════════════════════════════════════════════════════════╝
[05/11/18, 20:06:29:246] info: Initializing local storage instance at path: /home/nitoli/.config/Slack/local-settings.json
[05/11/18, 20:06:30:356] error: Calls failed to load, bailing
[05/11/18, 20:06:30:359] info: cld3::loadModule: loading cld3 module
[05/11/18, 20:06:30:438] info: cld3Loader::loadModule: running environment is NODE
[05/11/18, 20:06:30:439] info: cld3Loader::loadModule: constructed module object for runtime
[05/11/18, 20:06:31:461] info: cld3Loader::initializeRuntime: successfully initialized module
[05/11/18, 20:06:31:462] info: cld3Loader::loadModule: initialized wasm binary Runtime
[05/11/18, 20:06:31:484] warn: updateSpellcheckerLanguage: Tried to update language, but spellchecker not initialized
[05/11/18, 20:06:31:485] info: SSBIntegration: Main window preload script loaded 3670.736042
[05/11/18, 20:06:31:527] info: Store: UPSERT_WEB_CONTENTS
{
  "id": 4,
  "state": "loaded",
  "teamId": "T5YEC6G73"
}
[05/11/18, 20:06:31:531] info: Store: UPSERT_WEB_CONTENTS
{
  "id": 3,
  "state": "loaded",
  "teamId": "T02R0MMHK"
}
[05/11/18, 20:06:31:554] info: Store: UPSERT_WEB_CONTENTS
{
  "id": 4,
  "state": "empty-page",
  "teamId": "T5YEC6G73"
}
[05/11/18, 20:06:31:557] info: Store: UPSERT_WEB_CONTENTS
{
  "id": 4,
  "state": "page-will-navigate",
  "teamId": "T5YEC6G73"
}
[05/11/18, 20:06:31:563] info: Store: UPSERT_WEB_CONTENTS
{
  "id": 3,
  "state": "empty-page",
  "teamId": "T02R0MMHK"
}
[05/11/18, 20:06:31:580] info: Store: UPSERT_WEB_CONTENTS
{
  "id": 5,
  "state": "loaded",
  "teamId": "T4HEMM0UR"
}
[05/11/18, 20:06:31:587] info: Store: UPSERT_WEB_CONTENTS
{
  "id": 3,
  "state": "page-will-navigate",
  "teamId": "T02R0MMHK"
}
[05/11/18, 20:06:31:593] info: Window is unloading, winssb is no longer accessible
[05/11/18, 20:06:31:615] info: Store: UPSERT_WEB_CONTENTS
{
  "id": 5,
  "state": "empty-page",
  "teamId": "T4HEMM0UR"
}
[05/11/18, 20:06:31:624] info: Store: UPSERT_WEB_CONTENTS
{
  "id": 7,
  "state": "loaded",
  "teamId": "T0GFBAM8C"
}
[05/11/18, 20:06:31:657] info: Store: UPSERT_WEB_CONTENTS
{
  "id": 5,
  "state": "page-will-navigate",
  "teamId": "T4HEMM0UR"
}
[05/11/18, 20:06:31:684] info: Store: UPSERT_WEB_CONTENTS
{
  "id": 7,
  "state": "empty-page",
  "teamId": "T0GFBAM8C"
}
[05/11/18, 20:06:31:693] info: Store: UPSERT_WEB_CONTENTS
{
  "id": 6,
  "state": "loaded",
  "teamId": "T5LFW0CUB"
}
[05/11/18, 20:06:31:707] info: Store: UPSERT_WEB_CONTENTS
{
  "id": 7,
  "state": "page-will-navigate",
  "teamId": "T0GFBAM8C"
}
[05/11/18, 20:06:31:754] info: Store: UPSERT_WEB_CONTENTS
{
  "id": 6,
  "state": "empty-page",
  "teamId": "T5LFW0CUB"
}
[05/11/18, 20:06:31:764] info: Store: UPSERT_WEB_CONTENTS
{
  "id": 6,
  "state": "page-will-navigate",
  "teamId": "T5LFW0CUB"
}
[05/11/18, 20:06:32:456] info: Store: UPDATE_SESSION_STATUS
{
  "hasValidSession": true,
  "teamId": "T02R0MMHK"
}
[05/11/18, 20:06:32:473] info: Store: UPDATE_SESSION_STATUS
{
  "hasValidSession": true,
  "teamId": "T5YEC6G73"
}
[05/11/18, 20:06:32:526] info: Store: UPDATE_SESSION_STATUS
{
  "hasValidSession": true,
  "teamId": "T4HEMM0UR"
}
[05/11/18, 20:06:32:537] info: Store: UPDATE_SESSION_STATUS
{
  "hasValidSession": true,
  "teamId": "T0GFBAM8C"
}
[05/11/18, 20:06:32:540] info: Store: UPDATE_SESSION_STATUS
{
  "hasValidSession": true,
  "teamId": "T5LFW0CUB"
}
[05/11/18, 20:06:32:809] info: Store: SET_NETWORK_STATUS online
[05/11/18, 20:06:32:824] info: Store: MAIN_WINDOW_SHOWN
