[04/17/18, 02:02:02:004] info: ╔══════════════════════════════════════════════════════════════════════════════╗
[04/17/18, 02:02:02:005] info: ║      Slack 3.1.1, linux 4.15.15-1-ARCH on x64 at 04/17/18, 02:02:01:996      ║
[04/17/18, 02:02:02:005] info: ╚══════════════════════════════════════════════════════════════════════════════╝
[04/17/18, 02:02:02:154] info: Initializing local storage instance at path: /home/nitoli/.config/Slack/local-settings.json
[04/17/18, 02:02:02:853] error: Calls failed to load, bailing
[04/17/18, 02:02:02:858] info: cld3::loadModule: loading cld3 module
[04/17/18, 02:02:02:892] info: cld3Loader::loadModule: running environment is NODE
[04/17/18, 02:02:02:893] info: cld3Loader::loadModule: constructed module object for runtime
[04/17/18, 02:02:03:447] info: cld3Loader::initializeRuntime: successfully initialized module
[04/17/18, 02:02:03:447] info: cld3Loader::loadModule: initialized wasm binary Runtime
[04/17/18, 02:02:03:464] warn: updateSpellcheckerLanguage: Tried to update language, but spellchecker not initialized
[04/17/18, 02:02:03:465] info: SSBIntegration: Main window preload script loaded 2059.705429
[04/17/18, 02:02:08:761] info: Store: UPSERT_WEB_CONTENTS
{
  "id": 3,
  "state": "loaded",
  "teamId": "T5YEC6G73"
}
[04/17/18, 02:02:08:763] info: Store: MAIN_WINDOW_SHOWN
[04/17/18, 02:02:09:582] info: Store: UPSERT_WEB_CONTENTS
{
  "id": 4,
  "state": "loaded",
  "teamId": "T02R0MMHK"
}
[04/17/18, 02:02:09:584] info: Store: UPDATE_SESSION_STATUS
{
  "hasValidSession": true,
  "teamId": "T5YEC6G73"
}
[04/17/18, 02:02:09:585] info: Store: UPDATE_SESSION_STATUS
{
  "hasValidSession": true,
  "teamId": "T02R0MMHK"
}
[04/17/18, 02:02:09:589] info: Store: SELECT_CHANNEL C8Y1H7TEE
[04/17/18, 02:02:09:590] info: Store: UPDATE_TEAM_LOCALE
{
  "locale": "en-US"
}
[04/17/18, 02:02:09:591] info: Store: UPDATE_SETTINGS
{
  "locale": "en-US"
}
[04/17/18, 02:02:09:611] info: Store: UPDATE_TEAM_LOCALE
{
  "locale": "en-US"
}
[04/17/18, 02:02:09:611] info: Store: UPSERT_WEB_CONTENTS
{
  "id": 3,
  "state": "webapp-loaded",
  "teamId": "T5YEC6G73"
}
[04/17/18, 02:02:09:613] info: Store: SELECT_CHANNEL DA087C8ER
[04/17/18, 02:02:09:613] info: Store: UPDATE_TEAM_LOCALE
{
  "locale": "ja-JP"
}
[04/17/18, 02:02:09:632] info: Store: STORE_API_TOKEN
{
  "teamId": "T5YEC6G73",
  "token": "xoxs-⋯"
}
[04/17/18, 02:02:09:633] info: Store: UPDATE_TEAM_THEME
{
  "teamId": "T5YEC6G73",
  "theme": {
    "active_item": "#4C9689",
    "active_item_text": "#FFFFFF",
    "active_presence": "#38978D",
    "badge": "#EB4D5C",
    "column_bg": "#4D394B",
    "hover_item": "#3E313C",
    "menu_bg": "#3E313C",
    "text_color": "#FFFFFF"
  }
}
[04/17/18, 02:02:09:634] info: Store: UPDATE_TEAM_ICONS
{
  "icons": {
    "image_102": "https://slack-files2.s3-us-west-2.amazonaws.com/avatars/2017-06-28/205110093367_6705e64b9b4a8299bd1f_102.png",
    "image_132": "https://slack-files2.s3-us-west-2.amazonaws.com/avatars/2017-06-28/205110093367_6705e64b9b4a8299bd1f_132.png",
    "image_230": "https://slack-files2.s3-us-west-2.amazonaws.com/avatars/2017-06-28/205110093367_6705e64b9b4a8299bd1f_230.png",
    "image_34": "https://slack-files2.s3-us-west-2.amazonaws.com/avatars/2017-06-28/205110093367_6705e64b9b4a8299bd1f_34.png",
    "image_44": "https://slack-files2.s3-us-west-2.amazonaws.com/avatars/2017-06-28/205110093367_6705e64b9b4a8299bd1f_44.png",
    "image_68": "https://slack-files2.s3-us-west-2.amazonaws.com/avatars/2017-06-28/205110093367_6705e64b9b4a8299bd1f_68.png",
    "image_88": "https://slack-files2.s3-us-west-2.amazonaws.com/avatars/2017-06-28/205110093367_6705e64b9b4a8299bd1f_88.png",
    "image_original": "https://slack-files2.s3-us-west-2.amazonaws.com/avatars/2017-06-28/205110093367_6705e64b9b4a8299bd1f_original.png"
  },
  "teamId": "T5YEC6G73"
}
[04/17/18, 02:02:09:647] info: Store: UPDATE_TEAM_LOCALE
{
  "locale": "ja-JP"
}
[04/17/18, 02:02:09:648] info: Store: UPSERT_WEB_CONTENTS
{
  "id": 4,
  "state": "webapp-loaded",
  "teamId": "T02R0MMHK"
}
[04/17/18, 02:02:09:672] info: Store: STORE_API_TOKEN
{
  "teamId": "T02R0MMHK",
  "token": "xoxs-⋯"
}
[04/17/18, 02:02:09:673] info: Store: UPDATE_TEAM_THEME
{
  "teamId": "T02R0MMHK",
  "theme": {
    "active_item": "#4C9689",
    "active_item_text": "#FFFFFF",
    "active_presence": "#38978D",
    "badge": "#EB4D5C",
    "column_bg": "#4D394B",
    "hover_item": "#3E313C",
    "menu_bg": "#3E313C",
    "text_color": "#FFFFFF"
  }
}
[04/17/18, 02:02:09:674] info: Store: UPDATE_TEAM_ICONS
{
  "icons": {
    "image_102": "https://slack-files2.s3-us-west-2.amazonaws.com/avatars/2015-01-14/3400695805_06e3ed8a8ae7228d7c54_102.jpg",
    "image_132": "https://slack-files2.s3-us-west-2.amazonaws.com/avatars/2015-01-14/3400695805_06e3ed8a8ae7228d7c54_132.jpg",
    "image_230": "https://slack-files2.s3-us-west-2.amazonaws.com/avatars/2015-01-14/3400695805_06e3ed8a8ae7228d7c54_132.jpg",
    "image_34": "https://slack-files2.s3-us-west-2.amazonaws.com/avatars/2015-01-14/3400695805_06e3ed8a8ae7228d7c54_34.jpg",
    "image_44": "https://slack-files2.s3-us-west-2.amazonaws.com/avatars/2015-01-14/3400695805_06e3ed8a8ae7228d7c54_44.jpg",
    "image_68": "https://slack-files2.s3-us-west-2.amazonaws.com/avatars/2015-01-14/3400695805_06e3ed8a8ae7228d7c54_68.jpg",
    "image_88": "https://slack-files2.s3-us-west-2.amazonaws.com/avatars/2015-01-14/3400695805_06e3ed8a8ae7228d7c54_88.jpg",
    "image_original": "https://slack-files2.s3-us-west-2.amazonaws.com/avatars/2015-01-14/3400695805_06e3ed8a8ae7228d7c54_original.jpg"
  },
  "teamId": "T02R0MMHK"
}
[04/17/18, 02:02:10:548] info: Store: FOREGROUND_APP
[04/17/18, 02:02:14:463] info: Store: QUIT_APP
[04/17/18, 02:02:14:469] info: Store: UPDATE_TEAM_USAGE
{
  "T5YEC6G73": 7074
}
[04/17/18, 02:02:14:478] info: Couldn't get hint text from messages in channel: Failed to fetch recent messages
[04/17/18, 02:02:14:502] info: Store: REMOVE_WINDOW 2
[04/17/18, 02:02:14:527] info: Store: SET_FULL_SCREEN
[04/17/18, 02:02:14:560] info: Store: QUIT_APP
[04/17/18, 09:10:03:664] info: ╔══════════════════════════════════════════════════════════════════════════════╗
[04/17/18, 09:10:03:665] info: ║      Slack 3.1.1, linux 4.15.15-1-ARCH on x64 at 04/17/18, 09:10:03:660      ║
[04/17/18, 09:10:03:665] info: ╚══════════════════════════════════════════════════════════════════════════════╝
[04/17/18, 09:10:03:902] info: Initializing local storage instance at path: /home/nitoli/.config/Slack/local-settings.json
[04/17/18, 09:10:04:747] error: Calls failed to load, bailing
[04/17/18, 09:10:04:751] info: cld3::loadModule: loading cld3 module
[04/17/18, 09:10:04:813] info: cld3Loader::loadModule: running environment is NODE
[04/17/18, 09:10:04:813] info: cld3Loader::loadModule: constructed module object for runtime
[04/17/18, 09:10:05:458] info: cld3Loader::initializeRuntime: successfully initialized module
[04/17/18, 09:10:05:459] info: cld3Loader::loadModule: initialized wasm binary Runtime
[04/17/18, 09:10:05:468] warn: updateSpellcheckerLanguage: Tried to update language, but spellchecker not initialized
[04/17/18, 09:10:05:469] info: SSBIntegration: Main window preload script loaded 2750.476813
[04/17/18, 09:10:05:537] info: Store: UPSERT_WEB_CONTENTS
{
  "id": 4,
  "state": "loaded",
  "teamId": "T5YEC6G73"
}
[04/17/18, 09:10:05:579] info: Store: UPSERT_WEB_CONTENTS
{
  "id": 4,
  "state": "empty-page",
  "teamId": "T5YEC6G73"
}
[04/17/18, 09:10:05:592] info: Store: UPSERT_WEB_CONTENTS
{
  "id": 4,
  "state": "page-will-navigate",
  "teamId": "T5YEC6G73"
}
[04/17/18, 09:10:05:606] info: Window is unloading, winssb is no longer accessible
[04/17/18, 09:10:06:032] info: Store: UPSERT_WEB_CONTENTS
{
  "id": 3,
  "state": "loaded",
  "teamId": "T02R0MMHK"
}
[04/17/18, 09:10:06:052] info: Store: UPSERT_WEB_CONTENTS
{
  "id": 3,
  "state": "empty-page",
  "teamId": "T02R0MMHK"
}
[04/17/18, 09:10:06:070] info: Store: UPSERT_WEB_CONTENTS
{
  "id": 3,
  "state": "page-will-navigate",
  "teamId": "T02R0MMHK"
}
[04/17/18, 09:10:06:561] info: Store: SET_NETWORK_STATUS offline
[04/17/18, 09:10:07:029] info: Store: UPDATE_SESSION_STATUS
{
  "hasValidSession": true,
  "teamId": "T5YEC6G73"
}
[04/17/18, 09:10:07:314] info: Store: SET_NETWORK_STATUS online
[04/17/18, 09:10:07:322] info: Store: MAIN_WINDOW_SHOWN
[04/24/18, 23:09:57:735] info: ╔════════════════════════════════════════════════════════════════════════════╗
[04/24/18, 23:09:57:747] info: ║      Slack 3.1.1, linux 4.16.3-1-zen on x64 at 04/24/18, 23:09:57:726      ║
[04/24/18, 23:09:57:747] info: ╚════════════════════════════════════════════════════════════════════════════╝
[04/24/18, 23:09:58:028] info: Initializing local storage instance at path: /home/nitoli/.config/Slack/local-settings.json
[04/24/18, 23:10:00:573] info: Store: UPSERT_WEB_CONTENTS
{
  "id": 4,
  "state": "loaded",
  "teamId": "T02R0MMHK"
}
[04/24/18, 23:10:00:575] info: Store: UPSERT_WEB_CONTENTS
{
  "id": 4,
  "state": "empty-page",
  "teamId": "T02R0MMHK"
}
[04/24/18, 23:10:00:575] info: Store: UPSERT_WEB_CONTENTS
{
  "id": 5,
  "state": "loaded",
  "teamId": "T4HEMM0UR"
}
[04/24/18, 23:10:00:575] info: Store: UPSERT_WEB_CONTENTS
{
  "id": 4,
  "state": "page-will-navigate",
  "teamId": "T02R0MMHK"
}
[04/24/18, 23:10:00:576] info: Store: UPSERT_WEB_CONTENTS
{
  "id": 3,
  "state": "loaded",
  "teamId": "T5YEC6G73"
}
[04/24/18, 23:10:00:576] info: Store: UPSERT_WEB_CONTENTS
{
  "id": 5,
  "state": "empty-page",
  "teamId": "T4HEMM0UR"
}
[04/24/18, 23:10:00:576] info: Store: UPSERT_WEB_CONTENTS
{
  "id": 5,
  "state": "page-will-navigate",
  "teamId": "T4HEMM0UR"
}
[04/24/18, 23:10:00:577] info: Store: UPSERT_WEB_CONTENTS
{
  "id": 3,
  "state": "empty-page",
  "teamId": "T5YEC6G73"
}
[04/24/18, 23:10:00:577] info: Store: UPSERT_WEB_CONTENTS
{
  "id": 3,
  "state": "page-will-navigate",
  "teamId": "T5YEC6G73"
}
[04/24/18, 23:10:01:272] info: Store: SET_NETWORK_STATUS offline
[04/24/18, 23:10:01:793] info: Store: UPDATE_SESSION_STATUS
{
  "hasValidSession": true,
  "teamId": "T02R0MMHK"
}
[04/24/18, 23:10:01:822] info: Store: UPDATE_SESSION_STATUS
{
  "hasValidSession": true,
  "teamId": "T5YEC6G73"
}
[04/24/18, 23:10:02:002] info: Store: SET_NETWORK_STATUS online
[04/24/18, 23:10:02:017] info: Store: MAIN_WINDOW_SHOWN
[04/24/18, 23:10:02:034] info: Store: UPDATE_SESSION_STATUS
{
  "hasValidSession": true,
  "teamId": "T4HEMM0UR"
}
[04/24/18, 23:53:45:282] info: ╔════════════════════════════════════════════════════════════════════════════╗
[04/24/18, 23:53:45:290] info: ║      Slack 3.1.1, linux 4.16.3-1-zen on x64 at 04/24/18, 23:53:45:274      ║
[04/24/18, 23:53:45:290] info: ╚════════════════════════════════════════════════════════════════════════════╝
[04/24/18, 23:53:45:518] info: Initializing local storage instance at path: /home/nitoli/.config/Slack/local-settings.json
[04/24/18, 23:53:46:553] info: Store: UPSERT_WEB_CONTENTS
{
  "id": 4,
  "state": "loaded",
  "teamId": "T5YEC6G73"
}
[04/24/18, 23:53:46:556] info: Store: UPSERT_WEB_CONTENTS
{
  "id": 4,
  "state": "empty-page",
  "teamId": "T5YEC6G73"
}
[04/24/18, 23:53:46:557] info: Store: UPSERT_WEB_CONTENTS
{
  "id": 4,
  "state": "page-will-navigate",
  "teamId": "T5YEC6G73"
}
[04/24/18, 23:53:46:727] info: Store: UPSERT_WEB_CONTENTS
{
  "id": 5,
  "state": "loaded",
  "teamId": "T4HEMM0UR"
}
[04/24/18, 23:53:46:728] info: Store: UPSERT_WEB_CONTENTS
{
  "id": 5,
  "state": "empty-page",
  "teamId": "T4HEMM0UR"
}
[04/24/18, 23:53:46:728] info: Store: UPSERT_WEB_CONTENTS
{
  "id": 5,
  "state": "page-will-navigate",
  "teamId": "T4HEMM0UR"
}
[04/24/18, 23:53:46:911] info: Store: UPSERT_WEB_CONTENTS
{
  "id": 3,
  "state": "loaded",
  "teamId": "T02R0MMHK"
}
[04/24/18, 23:53:46:922] info: Store: UPSERT_WEB_CONTENTS
{
  "id": 3,
  "state": "empty-page",
  "teamId": "T02R0MMHK"
}
[04/24/18, 23:53:46:928] info: Store: UPSERT_WEB_CONTENTS
{
  "id": 3,
  "state": "page-will-navigate",
  "teamId": "T02R0MMHK"
}
[04/24/18, 23:53:46:948] info: Store: SET_NETWORK_STATUS offline
[04/24/18, 23:53:47:376] info: Store: UPDATE_SESSION_STATUS
{
  "hasValidSession": true,
  "teamId": "T5YEC6G73"
}
[04/24/18, 23:53:47:393] info: Store: UPDATE_SESSION_STATUS
{
  "hasValidSession": true,
  "teamId": "T02R0MMHK"
}
[04/24/18, 23:53:47:413] info: Store: UPDATE_SESSION_STATUS
{
  "hasValidSession": true,
  "teamId": "T4HEMM0UR"
}
[04/24/18, 23:53:47:677] info: Store: SET_NETWORK_STATUS online
[04/24/18, 23:53:47:680] info: Store: MAIN_WINDOW_SHOWN
[05/09/18, 13:18:37:107] info: ╔════════════════════════════════════════════════════════════════════════════╗
[05/09/18, 13:18:37:108] info: ║      Slack 3.1.1, linux 4.16.7-1-zen on x64 at 05/09/18, 13:18:37:097      ║
[05/09/18, 13:18:37:108] info: ╚════════════════════════════════════════════════════════════════════════════╝
[05/09/18, 13:18:37:350] info: Initializing local storage instance at path: /home/nitoli/.config/Slack/local-settings.json
[05/09/18, 13:18:38:245] error: Calls failed to load, bailing
[05/09/18, 13:18:38:249] info: cld3::loadModule: loading cld3 module
[05/09/18, 13:18:38:328] info: cld3Loader::loadModule: running environment is NODE
[05/09/18, 13:18:38:328] info: cld3Loader::loadModule: constructed module object for runtime
[05/09/18, 13:18:39:077] info: cld3Loader::initializeRuntime: successfully initialized module
[05/09/18, 13:18:39:078] info: cld3Loader::loadModule: initialized wasm binary Runtime
[05/09/18, 13:18:39:117] warn: updateSpellcheckerLanguage: Tried to update language, but spellchecker not initialized
[05/09/18, 13:18:39:117] info: TranslationLookup: locale set to ja-JP for renderer
[05/09/18, 13:18:39:118] info: SSBIntegration: Main window preload script loaded 2831.030389
[05/09/18, 13:18:39:152] info: Store: UPSERT_WEB_CONTENTS
{
  "id": 3,
  "state": "loaded",
  "teamId": "T0GFBAM8C"
}
[05/09/18, 13:18:39:185] info: Store: UPSERT_WEB_CONTENTS
{
  "id": 5,
  "state": "loaded",
  "teamId": "T02R0MMHK"
}
[05/09/18, 13:18:39:201] info: Store: UPSERT_WEB_CONTENTS
{
  "id": 4,
  "state": "loaded",
  "teamId": "T5YEC6G73"
}
[05/09/18, 13:18:39:204] info: Store: UPSERT_WEB_CONTENTS
{
  "id": 3,
  "state": "empty-page",
  "teamId": "T0GFBAM8C"
}
[05/09/18, 13:18:39:210] info: Store: UPSERT_WEB_CONTENTS
{
  "id": 7,
  "state": "loaded",
  "teamId": "T5LFW0CUB"
}
[05/09/18, 13:18:39:215] info: Store: UPSERT_WEB_CONTENTS
{
  "id": 5,
  "state": "empty-page",
  "teamId": "T02R0MMHK"
}
[05/09/18, 13:18:39:218] info: Store: UPSERT_WEB_CONTENTS
{
  "id": 3,
  "state": "page-will-navigate",
  "teamId": "T0GFBAM8C"
}
[05/09/18, 13:18:39:225] info: Window is unloading, winssb is no longer accessible
[05/09/18, 13:18:39:235] info: Store: UPSERT_WEB_CONTENTS
{
  "id": 5,
  "state": "page-will-navigate",
  "teamId": "T02R0MMHK"
}
[05/09/18, 13:18:39:251] info: Store: UPSERT_WEB_CONTENTS
{
  "id": 4,
  "state": "empty-page",
  "teamId": "T5YEC6G73"
}
[05/09/18, 13:18:39:272] info: Store: UPSERT_WEB_CONTENTS
{
  "id": 7,
  "state": "empty-page",
  "teamId": "T5LFW0CUB"
}
[05/09/18, 13:18:39:282] info: Store: UPSERT_WEB_CONTENTS
{
  "id": 4,
  "state": "page-will-navigate",
  "teamId": "T5YEC6G73"
}
[05/09/18, 13:18:39:293] info: Store: UPSERT_WEB_CONTENTS
{
  "id": 7,
  "state": "page-will-navigate",
  "teamId": "T5LFW0CUB"
}
