[05/08/18, 11:09:16:114] info: ╔════════════════════════════════════════════════════════════════════════════╗
[05/08/18, 11:09:16:115] info: ║      Slack 3.1.1, linux 4.16.6-1-zen on x64 at 05/08/18, 11:09:16:110      ║
[05/08/18, 11:09:16:115] info: ╚════════════════════════════════════════════════════════════════════════════╝
[05/08/18, 11:09:16:298] info: Initializing local storage instance at path: /home/nitoli/.config/Slack/local-settings.json
[05/08/18, 11:09:16:987] error: Calls failed to load, bailing
[05/08/18, 11:09:16:990] info: cld3::loadModule: loading cld3 module
[05/08/18, 11:09:17:030] info: cld3Loader::loadModule: running environment is NODE
[05/08/18, 11:09:17:030] info: cld3Loader::loadModule: constructed module object for runtime
[05/08/18, 11:09:17:667] info: cld3Loader::initializeRuntime: successfully initialized module
[05/08/18, 11:09:17:668] info: cld3Loader::loadModule: initialized wasm binary Runtime
[05/08/18, 11:09:17:674] warn: updateSpellcheckerLanguage: Tried to update language, but spellchecker not initialized
[05/08/18, 11:09:17:677] info: TranslationLookup: locale set to ja-JP for renderer
[05/08/18, 11:09:17:678] info: SSBIntegration: Main window preload script loaded 2197.821631
[05/08/18, 11:09:17:693] info: Store: SET_NETWORK_STATUS offline
[05/08/18, 11:09:17:697] info: Store: UPDATE_SESSION_STATUS
{
  "hasValidSession": null,
  "teamId": "T0GFBAM8C"
}
[05/08/18, 11:09:17:697] info: Store: UPDATE_SESSION_STATUS
{
  "hasValidSession": null,
  "teamId": "T5YEC6G73"
}
[05/08/18, 11:09:17:698] info: Store: UPDATE_SESSION_STATUS
{
  "hasValidSession": null,
  "teamId": "T4HEMM0UR"
}
[05/08/18, 11:09:17:698] info: Store: UPDATE_SESSION_STATUS
{
  "hasValidSession": null,
  "teamId": "T5LFW0CUB"
}
[05/08/18, 11:09:17:703] info: Store: UPDATE_SESSION_STATUS
{
  "hasValidSession": null,
  "teamId": "T02R0MMHK"
}
[05/08/18, 11:09:17:703] info: Store: UPSERT_WEB_CONTENTS
{
  "id": 4,
  "state": "loaded",
  "teamId": "T5YEC6G73"
}
[05/08/18, 11:09:17:705] info: Store: UPSERT_WEB_CONTENTS
{
  "id": 4,
  "state": "empty-page",
  "teamId": "T5YEC6G73"
}
[05/08/18, 11:09:17:714] info: Store: UPSERT_WEB_CONTENTS
{
  "id": 6,
  "state": "loaded",
  "teamId": "T4HEMM0UR"
}
[05/08/18, 11:09:17:715] info: Store: UPSERT_WEB_CONTENTS
{
  "id": 7,
  "state": "loaded",
  "teamId": "T0GFBAM8C"
}
[05/08/18, 11:09:17:718] info: Store: UPSERT_WEB_CONTENTS
{
  "id": 6,
  "state": "empty-page",
  "teamId": "T4HEMM0UR"
}
[05/08/18, 11:09:17:721] info: Store: UPSERT_WEB_CONTENTS
{
  "id": 5,
  "state": "loaded",
  "teamId": "T02R0MMHK"
}
[05/08/18, 11:09:17:742] info: Store: UPSERT_WEB_CONTENTS
{
  "id": 7,
  "state": "empty-page",
  "teamId": "T0GFBAM8C"
}
[05/08/18, 11:09:17:748] info: Store: UPSERT_WEB_CONTENTS
{
  "id": 5,
  "state": "empty-page",
  "teamId": "T02R0MMHK"
}
[05/08/18, 11:09:17:765] info: Store: UPDATE_SESSION_STATUS
{
  "hasValidSession": null,
  "teamId": "T5YEC6G73"
}
[05/08/18, 11:09:17:803] info: Store: UPDATE_SESSION_STATUS
{
  "hasValidSession": null,
  "teamId": "T4HEMM0UR"
}
[05/08/18, 11:09:17:815] info: Store: UPDATE_SESSION_STATUS
{
  "hasValidSession": null,
  "teamId": "T0GFBAM8C"
}
[05/08/18, 11:09:17:840] info: Store: UPDATE_SESSION_STATUS
{
  "hasValidSession": null,
  "teamId": "T02R0MMHK"
}
[05/08/18, 11:09:17:861] info: Store: UPSERT_WEB_CONTENTS
{
  "id": 3,
  "state": "loaded",
  "teamId": "T5LFW0CUB"
}
[05/08/18, 11:09:17:878] info: Store: UPSERT_WEB_CONTENTS
{
  "id": 3,
  "state": "empty-page",
  "teamId": "T5LFW0CUB"
}
[05/08/18, 11:09:17:979] info: Store: UPDATE_SESSION_STATUS
{
  "hasValidSession": null,
  "teamId": "T5LFW0CUB"
}
[05/08/18, 11:09:19:601] info: Store: QUIT_APP
[05/08/18, 11:09:19:652] info: Store: REMOVE_WINDOW 2
[05/08/18, 11:09:19:682] info: Store: QUIT_APP
