[05/07/18, 14:43:41:947] info: ╔════════════════════════════════════════════════════════════════════════════╗
[05/07/18, 14:43:41:948] info: ║      Slack 3.1.1, linux 4.16.6-1-zen on x64 at 05/07/18, 14:43:41:943      ║
[05/07/18, 14:43:41:948] info: ╚════════════════════════════════════════════════════════════════════════════╝
[05/07/18, 14:43:42:202] info: Initializing local storage instance at path: /home/nitoli/.config/Slack/local-settings.json
[05/07/18, 14:43:43:120] error: Calls failed to load, bailing
[05/07/18, 14:43:43:122] info: cld3::loadModule: loading cld3 module
[05/07/18, 14:43:43:159] info: cld3Loader::loadModule: running environment is NODE
[05/07/18, 14:43:43:159] info: cld3Loader::loadModule: constructed module object for runtime
[05/07/18, 14:43:44:031] info: cld3Loader::initializeRuntime: successfully initialized module
[05/07/18, 14:43:44:031] info: cld3Loader::loadModule: initialized wasm binary Runtime
[05/07/18, 14:43:44:042] warn: updateSpellcheckerLanguage: Tried to update language, but spellchecker not initialized
[05/07/18, 14:43:44:043] info: SSBIntegration: Main window preload script loaded 3040.271491
[05/07/18, 14:43:44:062] info: Store: UPSERT_WEB_CONTENTS
{
  "id": 7,
  "state": "loaded",
  "teamId": "T0GFBAM8C"
}
[05/07/18, 14:43:44:070] info: Store: UPSERT_WEB_CONTENTS
{
  "id": 4,
  "state": "loaded",
  "teamId": "T02R0MMHK"
}
[05/07/18, 14:43:44:071] info: Store: UPSERT_WEB_CONTENTS
{
  "id": 7,
  "state": "empty-page",
  "teamId": "T0GFBAM8C"
}
[05/07/18, 14:43:44:072] info: Store: UPSERT_WEB_CONTENTS
{
  "id": 7,
  "state": "page-will-navigate",
  "teamId": "T0GFBAM8C"
}
[05/07/18, 14:43:44:072] info: Store: UPSERT_WEB_CONTENTS
{
  "id": 4,
  "state": "empty-page",
  "teamId": "T02R0MMHK"
}
[05/07/18, 14:43:44:072] info: Store: UPSERT_WEB_CONTENTS
{
  "id": 4,
  "state": "page-will-navigate",
  "teamId": "T02R0MMHK"
}
[05/07/18, 14:43:44:078] info: Store: UPSERT_WEB_CONTENTS
{
  "id": 6,
  "state": "loaded",
  "teamId": "T5LFW0CUB"
}
[05/07/18, 14:43:44:085] info: Store: UPSERT_WEB_CONTENTS
{
  "id": 6,
  "state": "empty-page",
  "teamId": "T5LFW0CUB"
}
[05/07/18, 14:43:44:088] info: Store: UPSERT_WEB_CONTENTS
{
  "id": 6,
  "state": "page-will-navigate",
  "teamId": "T5LFW0CUB"
}
[05/07/18, 14:43:44:092] info: Window is unloading, winssb is no longer accessible
[05/07/18, 14:43:44:106] info: Store: UPSERT_WEB_CONTENTS
{
  "id": 3,
  "state": "loaded",
  "teamId": "T5YEC6G73"
}
[05/07/18, 14:43:44:120] info: Store: UPSERT_WEB_CONTENTS
{
  "id": 3,
  "state": "empty-page",
  "teamId": "T5YEC6G73"
}
[05/07/18, 14:43:44:130] info: Store: UPSERT_WEB_CONTENTS
{
  "id": 5,
  "state": "loaded",
  "teamId": "T4HEMM0UR"
}
[05/07/18, 14:43:44:144] info: Store: UPSERT_WEB_CONTENTS
{
  "id": 3,
  "state": "page-will-navigate",
  "teamId": "T5YEC6G73"
}
[05/07/18, 14:43:44:164] info: Store: UPSERT_WEB_CONTENTS
{
  "id": 5,
  "state": "empty-page",
  "teamId": "T4HEMM0UR"
}
[05/07/18, 14:43:44:174] info: Store: UPSERT_WEB_CONTENTS
{
  "id": 5,
  "state": "page-will-navigate",
  "teamId": "T4HEMM0UR"
}
[05/07/18, 14:43:44:354] info: Store: SET_NETWORK_STATUS offline
