[04/28/18, 02:55:54:635] info: ╔════════════════════════════════════════════════════════════════════════════╗
[04/28/18, 02:55:54:636] info: ║      Slack 3.1.1, linux 4.16.4-1-zen on x64 at 04/28/18, 02:55:54:622      ║
[04/28/18, 02:55:54:636] info: ╚════════════════════════════════════════════════════════════════════════════╝
[04/28/18, 02:55:54:923] info: Initializing local storage instance at path: /home/nitoli/.config/Slack/local-settings.json
[04/28/18, 02:55:55:933] info: Store: UPSERT_WEB_CONTENTS
{
  "id": 4,
  "state": "loaded",
  "teamId": "T02R0MMHK"
}
[04/28/18, 02:55:55:972] info: Store: UPSERT_WEB_CONTENTS
{
  "id": 4,
  "state": "empty-page",
  "teamId": "T02R0MMHK"
}
[04/28/18, 02:55:56:003] info: Store: UPSERT_WEB_CONTENTS
{
  "id": 4,
  "state": "page-will-navigate",
  "teamId": "T02R0MMHK"
}
[04/28/18, 02:55:56:360] info: Store: UPSERT_WEB_CONTENTS
{
  "id": 3,
  "state": "loaded",
  "teamId": "T5YEC6G73"
}
[04/28/18, 02:55:56:386] info: Store: UPSERT_WEB_CONTENTS
{
  "id": 5,
  "state": "loaded",
  "teamId": "T4HEMM0UR"
}
[04/28/18, 02:55:56:391] info: Store: UPSERT_WEB_CONTENTS
{
  "id": 3,
  "state": "empty-page",
  "teamId": "T5YEC6G73"
}
[04/28/18, 02:55:56:398] info: Store: UPSERT_WEB_CONTENTS
{
  "id": 3,
  "state": "page-will-navigate",
  "teamId": "T5YEC6G73"
}
[04/28/18, 02:55:56:410] info: Store: UPSERT_WEB_CONTENTS
{
  "id": 5,
  "state": "empty-page",
  "teamId": "T4HEMM0UR"
}
[04/28/18, 02:55:56:421] info: Store: UPSERT_WEB_CONTENTS
{
  "id": 5,
  "state": "page-will-navigate",
  "teamId": "T4HEMM0UR"
}
[04/28/18, 02:55:56:763] info: Store: SET_NETWORK_STATUS offline
[04/28/18, 02:55:57:198] info: Store: UPDATE_SESSION_STATUS
{
  "hasValidSession": true,
  "teamId": "T5YEC6G73"
}
[04/28/18, 02:55:57:201] info: Store: UPDATE_SESSION_STATUS
{
  "hasValidSession": true,
  "teamId": "T02R0MMHK"
}
[04/28/18, 02:55:57:203] info: Store: UPDATE_SESSION_STATUS
{
  "hasValidSession": true,
  "teamId": "T4HEMM0UR"
}
[04/28/18, 02:55:57:597] info: Store: SET_NETWORK_STATUS online
[04/28/18, 02:55:57:603] info: Store: MAIN_WINDOW_SHOWN
