[05/05/18, 01:37:54:663] info: ╔════════════════════════════════════════════════════════════════════════════╗
[05/05/18, 01:37:54:670] info: ║      Slack 3.1.1, linux 4.16.6-1-zen on x64 at 05/05/18, 01:37:54:645      ║
[05/05/18, 01:37:54:670] info: ╚════════════════════════════════════════════════════════════════════════════╝
[05/05/18, 01:37:55:338] info: Initializing local storage instance at path: /home/nitoli/.config/Slack/local-settings.json
[05/05/18, 01:37:56:941] error: Calls failed to load, bailing
[05/05/18, 01:37:56:955] info: cld3::loadModule: loading cld3 module
[05/05/18, 01:37:57:035] info: cld3Loader::loadModule: running environment is NODE
[05/05/18, 01:37:57:035] info: cld3Loader::loadModule: constructed module object for runtime
[05/05/18, 01:37:57:706] info: cld3Loader::initializeRuntime: successfully initialized module
[05/05/18, 01:37:57:706] info: cld3Loader::loadModule: initialized wasm binary Runtime
[05/05/18, 01:37:57:715] warn: updateSpellcheckerLanguage: Tried to update language, but spellchecker not initialized
[05/05/18, 01:37:57:719] info: SSBIntegration: Main window preload script loaded 4806.248646
[05/05/18, 01:37:57:727] info: Store: UPSERT_WEB_CONTENTS
{
  "id": 4,
  "state": "loaded",
  "teamId": "T5YEC6G73"
}
[05/05/18, 01:37:57:729] info: Store: UPSERT_WEB_CONTENTS
{
  "id": 4,
  "state": "empty-page",
  "teamId": "T5YEC6G73"
}
[05/05/18, 01:37:57:729] info: Store: UPSERT_WEB_CONTENTS
{
  "id": 4,
  "state": "page-will-navigate",
  "teamId": "T5YEC6G73"
}
[05/05/18, 01:37:57:730] info: Store: UPSERT_WEB_CONTENTS
{
  "id": 5,
  "state": "loaded",
  "teamId": "T4HEMM0UR"
}
[05/05/18, 01:37:57:730] info: Store: UPSERT_WEB_CONTENTS
{
  "id": 5,
  "state": "empty-page",
  "teamId": "T4HEMM0UR"
}
[05/05/18, 01:37:57:731] info: Store: UPSERT_WEB_CONTENTS
{
  "id": 5,
  "state": "page-will-navigate",
  "teamId": "T4HEMM0UR"
}
[05/05/18, 01:37:57:731] info: Store: UPSERT_WEB_CONTENTS
{
  "id": 7,
  "state": "loaded",
  "teamId": "T0GFBAM8C"
}
[05/05/18, 01:37:57:758] info: Store: UPSERT_WEB_CONTENTS
{
  "id": 3,
  "state": "loaded",
  "teamId": "T02R0MMHK"
}
[05/05/18, 01:37:57:782] info: Store: UPSERT_WEB_CONTENTS
{
  "id": 3,
  "state": "empty-page",
  "teamId": "T02R0MMHK"
}
[05/05/18, 01:37:57:794] info: Store: UPSERT_WEB_CONTENTS
{
  "id": 7,
  "state": "empty-page",
  "teamId": "T0GFBAM8C"
}
[05/05/18, 01:37:57:804] info: Store: UPSERT_WEB_CONTENTS
{
  "id": 7,
  "state": "page-will-navigate",
  "teamId": "T0GFBAM8C"
}
[05/05/18, 01:37:57:822] info: Store: UPSERT_WEB_CONTENTS
{
  "id": 3,
  "state": "page-will-navigate",
  "teamId": "T02R0MMHK"
}
[05/05/18, 01:37:57:822] info: Window is unloading, winssb is no longer accessible
[05/05/18, 01:37:57:949] info: Store: UPSERT_WEB_CONTENTS
{
  "id": 6,
  "state": "loaded",
  "teamId": "T5LFW0CUB"
}
[05/05/18, 01:37:57:968] info: Store: SET_NETWORK_STATUS offline
[05/05/18, 01:37:57:986] info: Store: UPSERT_WEB_CONTENTS
{
  "id": 6,
  "state": "empty-page",
  "teamId": "T5LFW0CUB"
}
[05/05/18, 01:37:58:562] info: Store: UPDATE_SESSION_STATUS
{
  "hasValidSession": true,
  "teamId": "T5YEC6G73"
}
[05/05/18, 01:37:58:583] info: Store: UPDATE_SESSION_STATUS
{
  "hasValidSession": true,
  "teamId": "T0GFBAM8C"
}
[05/05/18, 01:37:58:587] info: Store: UPDATE_SESSION_STATUS
{
  "hasValidSession": true,
  "teamId": "T4HEMM0UR"
}
[05/05/18, 01:37:58:591] info: Store: UPDATE_SESSION_STATUS
{
  "hasValidSession": true,
  "teamId": "T5LFW0CUB"
}
[05/05/18, 01:37:58:662] info: Store: UPDATE_SESSION_STATUS
{
  "hasValidSession": true,
  "teamId": "T02R0MMHK"
}
[05/05/18, 01:37:58:810] info: Store: SET_NETWORK_STATUS online
[05/05/18, 01:37:58:825] info: Store: MAIN_WINDOW_SHOWN
[05/05/18, 01:37:58:864] info: Store: UPSERT_WEB_CONTENTS
{
  "id": 6,
  "state": "page-will-navigate",
  "teamId": "T5LFW0CUB"
}
[05/05/18, 01:37:59:210] info: Store: UPDATE_SESSION_STATUS
{
  "hasValidSession": true,
  "teamId": "T5LFW0CUB"
}
