[05/07/18, 19:25:41:439] info: ╔════════════════════════════════════════════════════════════════════════════╗
[05/07/18, 19:25:41:440] info: ║      Slack 3.1.1, linux 4.16.6-1-zen on x64 at 05/07/18, 19:25:41:437      ║
[05/07/18, 19:25:41:440] info: ╚════════════════════════════════════════════════════════════════════════════╝
[05/07/18, 19:25:41:563] info: Initializing local storage instance at path: /home/nitoli/.config/Slack/local-settings.json
[05/07/18, 19:25:43:206] info: Store: SET_NETWORK_STATUS online
[05/07/18, 19:25:44:987] info: Store: UPSERT_WEB_CONTENTS
{
  "id": 7,
  "state": "loaded",
  "teamId": "T0GFBAM8C"
}
[05/07/18, 19:25:45:033] info: Store: UPSERT_WEB_CONTENTS
{
  "id": 7,
  "state": "empty-page",
  "teamId": "T0GFBAM8C"
}
[05/07/18, 19:25:45:047] info: Store: UPSERT_WEB_CONTENTS
{
  "id": 7,
  "state": "page-will-navigate",
  "teamId": "T0GFBAM8C"
}
[05/07/18, 19:25:45:146] info: Store: UPSERT_WEB_CONTENTS
{
  "id": 4,
  "state": "loaded",
  "teamId": "T02R0MMHK"
}
[05/07/18, 19:25:45:192] info: Store: UPSERT_WEB_CONTENTS
{
  "id": 4,
  "state": "empty-page",
  "teamId": "T02R0MMHK"
}
[05/07/18, 19:25:45:195] info: Store: UPSERT_WEB_CONTENTS
{
  "id": 4,
  "state": "page-will-navigate",
  "teamId": "T02R0MMHK"
}
[05/07/18, 19:25:45:209] info: Store: UPSERT_WEB_CONTENTS
{
  "id": 3,
  "state": "loaded",
  "teamId": "T5YEC6G73"
}
[05/07/18, 19:25:45:215] info: Store: MAIN_WINDOW_SHOWN
[05/07/18, 19:25:45:246] info: Store: UPSERT_WEB_CONTENTS
{
  "id": 6,
  "state": "loaded",
  "teamId": "T5LFW0CUB"
}
