[05/07/18, 18:45:10:077] info: ╔════════════════════════════════════════════════════════════════════════════╗
[05/07/18, 18:45:10:078] info: ║      Slack 3.1.1, linux 4.16.6-1-zen on x64 at 05/07/18, 18:45:10:072      ║
[05/07/18, 18:45:10:078] info: ╚════════════════════════════════════════════════════════════════════════════╝
[05/07/18, 18:45:10:378] info: Initializing local storage instance at path: /home/nitoli/.config/Slack/local-settings.json
[05/07/18, 18:45:11:284] error: Calls failed to load, bailing
[05/07/18, 18:45:11:287] info: cld3::loadModule: loading cld3 module
[05/07/18, 18:45:11:355] info: cld3Loader::loadModule: running environment is NODE
[05/07/18, 18:45:11:355] info: cld3Loader::loadModule: constructed module object for runtime
[05/07/18, 18:45:12:253] info: cld3Loader::initializeRuntime: successfully initialized module
[05/07/18, 18:45:12:255] info: cld3Loader::loadModule: initialized wasm binary Runtime
[05/07/18, 18:45:12:265] warn: updateSpellcheckerLanguage: Tried to update language, but spellchecker not initialized
[05/07/18, 18:45:12:274] info: SSBIntegration: Main window preload script loaded 3094.891043
[05/07/18, 18:45:12:286] info: Store: UPSERT_WEB_CONTENTS
{
  "id": 6,
  "state": "loaded",
  "teamId": "T5LFW0CUB"
}
[05/07/18, 18:45:12:288] info: Store: UPSERT_WEB_CONTENTS
{
  "id": 6,
  "state": "empty-page",
  "teamId": "T5LFW0CUB"
}
[05/07/18, 18:45:12:289] info: Store: UPSERT_WEB_CONTENTS
{
  "id": 6,
  "state": "page-will-navigate",
  "teamId": "T5LFW0CUB"
}
[05/07/18, 18:45:12:299] info: Store: UPSERT_WEB_CONTENTS
{
  "id": 4,
  "state": "loaded",
  "teamId": "T02R0MMHK"
}
[05/07/18, 18:45:12:300] info: Store: UPSERT_WEB_CONTENTS
{
  "id": 3,
  "state": "loaded",
  "teamId": "T5YEC6G73"
}
[05/07/18, 18:45:12:313] info: Store: UPSERT_WEB_CONTENTS
{
  "id": 4,
  "state": "empty-page",
  "teamId": "T02R0MMHK"
}
[05/07/18, 18:45:12:318] info: Store: UPSERT_WEB_CONTENTS
{
  "id": 3,
  "state": "empty-page",
  "teamId": "T5YEC6G73"
}
[05/07/18, 18:45:12:326] info: Store: UPSERT_WEB_CONTENTS
{
  "id": 7,
  "state": "loaded",
  "teamId": "T0GFBAM8C"
}
[05/07/18, 18:45:12:335] info: Store: UPSERT_WEB_CONTENTS
{
  "id": 4,
  "state": "page-will-navigate",
  "teamId": "T02R0MMHK"
}
[05/07/18, 18:45:12:347] info: Store: UPSERT_WEB_CONTENTS
{
  "id": 5,
  "state": "loaded",
  "teamId": "T4HEMM0UR"
}
[05/07/18, 18:45:12:353] info: Store: UPSERT_WEB_CONTENTS
{
  "id": 3,
  "state": "page-will-navigate",
  "teamId": "T5YEC6G73"
}
[05/07/18, 18:45:12:359] info: Window is unloading, winssb is no longer accessible
[05/07/18, 18:45:12:369] info: Store: UPSERT_WEB_CONTENTS
{
  "id": 7,
  "state": "empty-page",
  "teamId": "T0GFBAM8C"
}
[05/07/18, 18:45:12:370] info: Store: UPSERT_WEB_CONTENTS
{
  "id": 5,
  "state": "empty-page",
  "teamId": "T4HEMM0UR"
}
[05/07/18, 18:45:12:375] info: Store: UPSERT_WEB_CONTENTS
{
  "id": 7,
  "state": "page-will-navigate",
  "teamId": "T0GFBAM8C"
}
[05/07/18, 18:45:12:384] info: Store: UPSERT_WEB_CONTENTS
{
  "id": 5,
  "state": "page-will-navigate",
  "teamId": "T4HEMM0UR"
}
[05/07/18, 18:45:12:654] info: Store: SET_NETWORK_STATUS offline
[05/07/18, 18:45:13:032] info: Store: UPDATE_SESSION_STATUS
{
  "hasValidSession": true,
  "teamId": "T02R0MMHK"
}
[05/07/18, 18:45:13:064] info: Store: UPDATE_SESSION_STATUS
{
  "hasValidSession": true,
  "teamId": "T5LFW0CUB"
}
[05/07/18, 18:45:13:082] info: Store: UPDATE_SESSION_STATUS
{
  "hasValidSession": true,
  "teamId": "T5YEC6G73"
}
[05/07/18, 18:45:13:086] info: Store: UPDATE_SESSION_STATUS
{
  "hasValidSession": true,
  "teamId": "T4HEMM0UR"
}
[05/07/18, 18:45:13:088] info: Store: UPDATE_SESSION_STATUS
{
  "hasValidSession": true,
  "teamId": "T0GFBAM8C"
}
[05/07/18, 18:45:13:312] info: Store: SET_NETWORK_STATUS online
[05/07/18, 18:45:13:321] info: Store: MAIN_WINDOW_SHOWN
