[05/09/18, 21:22:24:900] info: ╔════════════════════════════════════════════════════════════════════════════╗
[05/09/18, 21:22:24:904] info: ║      Slack 3.1.1, linux 4.16.7-1-zen on x64 at 05/09/18, 21:22:24:893      ║
[05/09/18, 21:22:24:904] info: ╚════════════════════════════════════════════════════════════════════════════╝
[05/09/18, 21:22:25:157] info: Initializing local storage instance at path: /home/nitoli/.config/Slack/local-settings.json
[05/09/18, 21:22:26:207] error: Calls failed to load, bailing
[05/09/18, 21:22:26:209] info: cld3::loadModule: loading cld3 module
[05/09/18, 21:22:26:254] info: cld3Loader::loadModule: running environment is NODE
[05/09/18, 21:22:26:255] info: cld3Loader::loadModule: constructed module object for runtime
[05/09/18, 21:22:27:095] info: cld3Loader::initializeRuntime: successfully initialized module
[05/09/18, 21:22:27:095] info: cld3Loader::loadModule: initialized wasm binary Runtime
[05/09/18, 21:22:27:125] warn: updateSpellcheckerLanguage: Tried to update language, but spellchecker not initialized
[05/09/18, 21:22:27:127] info: SSBIntegration: Main window preload script loaded 3124.735773
[05/09/18, 21:22:27:136] info: Store: UPSERT_WEB_CONTENTS
{
  "id": 4,
  "state": "loaded",
  "teamId": "T5YEC6G73"
}
[05/09/18, 21:22:27:139] info: Store: UPSERT_WEB_CONTENTS
{
  "id": 3,
  "state": "loaded",
  "teamId": "T02R0MMHK"
}
[05/09/18, 21:22:27:149] info: Store: UPSERT_WEB_CONTENTS
{
  "id": 4,
  "state": "empty-page",
  "teamId": "T5YEC6G73"
}
[05/09/18, 21:22:27:149] info: Store: UPSERT_WEB_CONTENTS
{
  "id": 3,
  "state": "empty-page",
  "teamId": "T02R0MMHK"
}
[05/09/18, 21:22:27:158] info: Store: UPSERT_WEB_CONTENTS
{
  "id": 4,
  "state": "page-will-navigate",
  "teamId": "T5YEC6G73"
}
[05/09/18, 21:22:27:171] info: Store: UPSERT_WEB_CONTENTS
{
  "id": 7,
  "state": "loaded",
  "teamId": "T0GFBAM8C"
}
[05/09/18, 21:22:27:172] info: Store: UPSERT_WEB_CONTENTS
{
  "id": 6,
  "state": "loaded",
  "teamId": "T5LFW0CUB"
}
[05/09/18, 21:22:27:173] info: Store: UPSERT_WEB_CONTENTS
{
  "id": 3,
  "state": "page-will-navigate",
  "teamId": "T02R0MMHK"
}
[05/09/18, 21:22:27:185] info: Store: UPSERT_WEB_CONTENTS
{
  "id": 5,
  "state": "loaded",
  "teamId": "T4HEMM0UR"
}
[05/09/18, 21:22:27:191] info: Store: UPSERT_WEB_CONTENTS
{
  "id": 7,
  "state": "empty-page",
  "teamId": "T0GFBAM8C"
}
[05/09/18, 21:22:27:198] info: Store: UPSERT_WEB_CONTENTS
{
  "id": 6,
  "state": "empty-page",
  "teamId": "T5LFW0CUB"
}
[05/09/18, 21:22:27:207] info: Store: UPSERT_WEB_CONTENTS
{
  "id": 5,
  "state": "empty-page",
  "teamId": "T4HEMM0UR"
}
[05/09/18, 21:22:27:220] info: Store: UPSERT_WEB_CONTENTS
{
  "id": 7,
  "state": "page-will-navigate",
  "teamId": "T0GFBAM8C"
}
[05/09/18, 21:22:27:231] info: Store: UPSERT_WEB_CONTENTS
{
  "id": 6,
  "state": "page-will-navigate",
  "teamId": "T5LFW0CUB"
}
[05/09/18, 21:22:27:234] info: Window is unloading, winssb is no longer accessible
[05/09/18, 21:22:27:238] info: Store: UPSERT_WEB_CONTENTS
{
  "id": 5,
  "state": "page-will-navigate",
  "teamId": "T4HEMM0UR"
}
[05/09/18, 21:22:27:522] info: Store: SET_NETWORK_STATUS offline
[05/09/18, 21:22:27:942] info: Store: UPDATE_SESSION_STATUS
{
  "hasValidSession": true,
  "teamId": "T5YEC6G73"
}
[05/09/18, 21:22:27:970] info: Store: UPDATE_SESSION_STATUS
{
  "hasValidSession": true,
  "teamId": "T02R0MMHK"
}
[05/09/18, 21:22:27:971] info: Store: UPDATE_SESSION_STATUS
{
  "hasValidSession": true,
  "teamId": "T0GFBAM8C"
}
[05/09/18, 21:22:27:973] info: Store: UPDATE_SESSION_STATUS
{
  "hasValidSession": true,
  "teamId": "T5LFW0CUB"
}
[05/09/18, 21:22:27:976] info: Store: UPDATE_SESSION_STATUS
{
  "hasValidSession": true,
  "teamId": "T4HEMM0UR"
}
[05/09/18, 21:22:28:323] info: Store: SET_NETWORK_STATUS online
[05/09/18, 21:22:28:332] info: Store: MAIN_WINDOW_SHOWN
