[05/09/18, 00:40:06:930] info: ╔════════════════════════════════════════════════════════════════════════════╗
[05/09/18, 00:40:06:939] info: ║      Slack 3.1.1, linux 4.16.7-1-zen on x64 at 05/09/18, 00:40:06:918      ║
[05/09/18, 00:40:06:939] info: ╚════════════════════════════════════════════════════════════════════════════╝
[05/09/18, 00:40:07:214] info: Initializing local storage instance at path: /home/nitoli/.config/Slack/local-settings.json
[05/09/18, 00:40:08:110] error: Calls failed to load, bailing
[05/09/18, 00:40:08:117] info: cld3::loadModule: loading cld3 module
[05/09/18, 00:40:08:166] info: cld3Loader::loadModule: running environment is NODE
[05/09/18, 00:40:08:166] info: cld3Loader::loadModule: constructed module object for runtime
[05/09/18, 00:40:08:833] info: cld3Loader::initializeRuntime: successfully initialized module
[05/09/18, 00:40:08:833] info: cld3Loader::loadModule: initialized wasm binary Runtime
[05/09/18, 00:40:08:849] warn: updateSpellcheckerLanguage: Tried to update language, but spellchecker not initialized
[05/09/18, 00:40:08:849] info: TranslationLookup: locale set to ja-JP for renderer
[05/09/18, 00:40:08:850] info: SSBIntegration: Main window preload script loaded 2912.467353
[05/09/18, 00:40:08:865] info: Store: UPSERT_WEB_CONTENTS
{
  "id": 7,
  "state": "loaded",
  "teamId": "T5LFW0CUB"
}
[05/09/18, 00:40:08:867] info: Store: UPSERT_WEB_CONTENTS
{
  "id": 7,
  "state": "empty-page",
  "teamId": "T5LFW0CUB"
}
[05/09/18, 00:40:08:868] info: Store: UPSERT_WEB_CONTENTS
{
  "id": 7,
  "state": "page-will-navigate",
  "teamId": "T5LFW0CUB"
}
[05/09/18, 00:40:08:877] info: Store: UPSERT_WEB_CONTENTS
{
  "id": 4,
  "state": "loaded",
  "teamId": "T5YEC6G73"
}
[05/09/18, 00:40:08:903] info: Store: UPSERT_WEB_CONTENTS
{
  "id": 3,
  "state": "loaded",
  "teamId": "T0GFBAM8C"
}
[05/09/18, 00:40:08:928] info: Store: UPSERT_WEB_CONTENTS
{
  "id": 4,
  "state": "empty-page",
  "teamId": "T5YEC6G73"
}
[05/09/18, 00:40:08:942] info: Store: UPSERT_WEB_CONTENTS
{
  "id": 3,
  "state": "empty-page",
  "teamId": "T0GFBAM8C"
}
[05/09/18, 00:40:08:963] info: Store: UPSERT_WEB_CONTENTS
{
  "id": 4,
  "state": "page-will-navigate",
  "teamId": "T5YEC6G73"
}
[05/09/18, 00:40:08:969] info: Window is unloading, winssb is no longer accessible
[05/09/18, 00:40:08:974] info: Store: UPSERT_WEB_CONTENTS
{
  "id": 3,
  "state": "page-will-navigate",
  "teamId": "T0GFBAM8C"
}
[05/09/18, 00:40:09:101] info: Store: UPSERT_WEB_CONTENTS
{
  "id": 5,
  "state": "loaded",
  "teamId": "T02R0MMHK"
}
[05/09/18, 00:40:09:133] info: Store: UPSERT_WEB_CONTENTS
{
  "id": 5,
  "state": "empty-page",
  "teamId": "T02R0MMHK"
}
[05/09/18, 00:40:09:145] info: Store: UPSERT_WEB_CONTENTS
{
  "id": 5,
  "state": "page-will-navigate",
  "teamId": "T02R0MMHK"
}
[05/09/18, 00:40:09:153] info: Store: UPSERT_WEB_CONTENTS
{
  "id": 6,
  "state": "loaded",
  "teamId": "T4HEMM0UR"
}
[05/09/18, 00:40:09:186] info: Store: UPSERT_WEB_CONTENTS
{
  "id": 6,
  "state": "empty-page",
  "teamId": "T4HEMM0UR"
}
[05/09/18, 00:40:09:195] info: Store: UPSERT_WEB_CONTENTS
{
  "id": 6,
  "state": "page-will-navigate",
  "teamId": "T4HEMM0UR"
}
[05/09/18, 00:40:09:402] info: Store: SET_NETWORK_STATUS offline
[05/09/18, 00:40:09:807] info: Store: UPDATE_SESSION_STATUS
{
  "hasValidSession": true,
  "teamId": "T02R0MMHK"
}
[05/09/18, 00:40:09:834] info: Store: UPDATE_SESSION_STATUS
{
  "hasValidSession": true,
  "teamId": "T5LFW0CUB"
}
[05/09/18, 00:40:09:835] info: Store: UPDATE_SESSION_STATUS
{
  "hasValidSession": true,
  "teamId": "T5YEC6G73"
}
[05/09/18, 00:40:09:842] info: Store: UPDATE_SESSION_STATUS
{
  "hasValidSession": true,
  "teamId": "T4HEMM0UR"
}
[05/09/18, 00:40:09:859] info: Store: UPDATE_SESSION_STATUS
{
  "hasValidSession": true,
  "teamId": "T0GFBAM8C"
}
[05/09/18, 00:40:10:186] info: Store: SET_NETWORK_STATUS online
[05/09/18, 00:40:10:193] info: Store: MAIN_WINDOW_SHOWN
