[05/09/18, 22:02:21:069] info: ╔════════════════════════════════════════════════════════════════════════════╗
[05/09/18, 22:02:21:071] info: ║      Slack 3.1.1, linux 4.16.7-1-zen on x64 at 05/09/18, 22:02:21:052      ║
[05/09/18, 22:02:21:071] info: ╚════════════════════════════════════════════════════════════════════════════╝
[05/09/18, 22:02:21:257] info: Initializing local storage instance at path: /home/nitoli/.config/Slack/local-settings.json
[05/09/18, 22:02:21:851] error: Calls failed to load, bailing
[05/09/18, 22:02:21:853] info: cld3::loadModule: loading cld3 module
[05/09/18, 22:02:21:883] info: cld3Loader::loadModule: running environment is NODE
[05/09/18, 22:02:21:883] info: cld3Loader::loadModule: constructed module object for runtime
[05/09/18, 22:02:22:323] info: cld3Loader::initializeRuntime: successfully initialized module
[05/09/18, 22:02:22:323] info: cld3Loader::loadModule: initialized wasm binary Runtime
[05/09/18, 22:02:22:338] warn: updateSpellcheckerLanguage: Tried to update language, but spellchecker not initialized
[05/09/18, 22:02:22:340] info: SSBIntegration: Main window preload script loaded 2024.737829
[05/09/18, 22:02:22:375] info: Store: UPDATE_SESSION_STATUS
{
  "hasValidSession": true,
  "teamId": "T5YEC6G73"
}
[05/09/18, 22:02:22:390] info: Store: UPDATE_SESSION_STATUS
{
  "hasValidSession": true,
  "teamId": "T0GFBAM8C"
}
[05/09/18, 22:02:22:390] info: Store: UPDATE_SESSION_STATUS
{
  "hasValidSession": true,
  "teamId": "T4HEMM0UR"
}
[05/09/18, 22:02:22:391] info: Store: UPDATE_SESSION_STATUS
{
  "hasValidSession": true,
  "teamId": "T02R0MMHK"
}
[05/09/18, 22:02:22:391] info: Store: UPDATE_SESSION_STATUS
{
  "hasValidSession": true,
  "teamId": "T5LFW0CUB"
}
[05/09/18, 22:02:22:391] info: Store: SET_NETWORK_STATUS online
[05/09/18, 22:02:22:392] info: Store: MAIN_WINDOW_SHOWN
[05/09/18, 22:02:22:407] info: Store: UPSERT_WEB_CONTENTS
{
  "id": 4,
  "state": "loaded",
  "teamId": "T5YEC6G73"
}
[05/09/18, 22:02:22:443] info: Store: UPSERT_WEB_CONTENTS
{
  "id": 4,
  "state": "empty-page",
  "teamId": "T5YEC6G73"
}
[05/09/18, 22:02:22:457] info: Store: UPSERT_WEB_CONTENTS
{
  "id": 4,
  "state": "page-will-navigate",
  "teamId": "T5YEC6G73"
}
[05/09/18, 22:02:22:458] info: Window is unloading, winssb is no longer accessible
[05/09/18, 22:02:22:665] info: Store: UPSERT_WEB_CONTENTS
{
  "id": 7,
  "state": "loaded",
  "teamId": "T0GFBAM8C"
}
[05/09/18, 22:02:22:667] info: Store: UPSERT_WEB_CONTENTS
{
  "id": 6,
  "state": "loaded",
  "teamId": "T5LFW0CUB"
}
[05/09/18, 22:02:22:685] info: Store: UPSERT_WEB_CONTENTS
{
  "id": 7,
  "state": "empty-page",
  "teamId": "T0GFBAM8C"
}
[05/09/18, 22:02:22:696] info: Store: UPSERT_WEB_CONTENTS
{
  "id": 7,
  "state": "page-will-navigate",
  "teamId": "T0GFBAM8C"
}
[05/09/18, 22:02:22:722] info: Store: UPSERT_WEB_CONTENTS
{
  "id": 6,
  "state": "empty-page",
  "teamId": "T5LFW0CUB"
}
[05/09/18, 22:02:22:730] info: Store: UPSERT_WEB_CONTENTS
{
  "id": 6,
  "state": "page-will-navigate",
  "teamId": "T5LFW0CUB"
}
[05/09/18, 22:02:22:769] info: Store: UPSERT_WEB_CONTENTS
{
  "id": 5,
  "state": "loaded",
  "teamId": "T4HEMM0UR"
}
[05/09/18, 22:02:22:777] info: Store: UPSERT_WEB_CONTENTS
{
  "id": 3,
  "state": "loaded",
  "teamId": "T02R0MMHK"
}
[05/09/18, 22:02:22:798] info: Store: UPSERT_WEB_CONTENTS
{
  "id": 5,
  "state": "empty-page",
  "teamId": "T4HEMM0UR"
}
[05/09/18, 22:02:22:802] info: Store: UPSERT_WEB_CONTENTS
{
  "id": 5,
  "state": "page-will-navigate",
  "teamId": "T4HEMM0UR"
}
[05/09/18, 22:02:22:809] info: Store: UPSERT_WEB_CONTENTS
{
  "id": 3,
  "state": "empty-page",
  "teamId": "T02R0MMHK"
}
[05/09/18, 22:02:22:817] info: Store: UPSERT_WEB_CONTENTS
{
  "id": 3,
  "state": "page-will-navigate",
  "teamId": "T02R0MMHK"
}
[05/09/18, 22:02:23:067] info: Store: UPDATE_SESSION_STATUS
{
  "hasValidSession": true,
  "teamId": "T0GFBAM8C"
}
[05/09/18, 22:02:23:151] info: Store: UPDATE_SESSION_STATUS
{
  "hasValidSession": true,
  "teamId": "T02R0MMHK"
}
[05/09/18, 22:02:23:647] info: Store: UPDATE_SESSION_STATUS
{
  "hasValidSession": true,
  "teamId": "T5YEC6G73"
}
