[05/07/18, 17:37:39:893] info: ╔════════════════════════════════════════════════════════════════════════════╗
[05/07/18, 17:37:39:894] info: ║      Slack 3.1.1, linux 4.16.6-1-zen on x64 at 05/07/18, 17:37:39:878      ║
[05/07/18, 17:37:39:894] info: ╚════════════════════════════════════════════════════════════════════════════╝
[05/07/18, 17:37:40:014] info: Initializing local storage instance at path: /home/nitoli/.config/Slack/local-settings.json
[05/07/18, 17:37:40:702] error: Calls failed to load, bailing
[05/07/18, 17:37:40:704] info: cld3::loadModule: loading cld3 module
[05/07/18, 17:37:40:754] info: cld3Loader::loadModule: running environment is NODE
[05/07/18, 17:37:40:755] info: cld3Loader::loadModule: constructed module object for runtime
[05/07/18, 17:37:41:169] info: cld3Loader::initializeRuntime: successfully initialized module
[05/07/18, 17:37:41:169] info: cld3Loader::loadModule: initialized wasm binary Runtime
[05/07/18, 17:37:41:174] warn: updateSpellcheckerLanguage: Tried to update language, but spellchecker not initialized
[05/07/18, 17:37:41:175] info: SSBIntegration: Main window preload script loaded 1779.9169
[05/07/18, 17:37:46:533] info: Store: SELECT_CHANNEL DAHC8TMSR
[05/07/18, 17:37:46:544] info: Store: UPDATE_TEAM_LOCALE
{
  "locale": "en-US"
}
[05/07/18, 17:37:46:544] info: Store: UPDATE_SETTINGS
{
  "locale": "en-US"
}
[05/07/18, 17:37:46:545] info: Store: UPSERT_WEB_CONTENTS
{
  "id": 4,
  "state": "loaded",
  "teamId": "T02R0MMHK"
}
[05/07/18, 17:37:46:546] info: Store: UPDATE_TEAM_LOCALE
{
  "locale": "en-US"
}
[05/07/18, 17:37:46:547] info: Store: UPSERT_WEB_CONTENTS
{
  "id": 4,
  "state": "webapp-loaded",
  "teamId": "T02R0MMHK"
}
[05/07/18, 17:37:46:548] info: Store: UPDATE_TEAM_THEME
{
  "teamId": "T02R0MMHK",
  "theme": {
    "active_item": "#4C9689",
    "active_item_text": "#FFFFFF",
    "active_presence": "#38978D",
    "badge": "#EB4D5C",
    "column_bg": "#4D394B",
    "hover_item": "#3E313C",
    "menu_bg": "#3E313C",
    "text_color": "#FFFFFF"
  }
}
[05/07/18, 17:37:46:549] info: Store: STORE_API_TOKEN
{
  "teamId": "T02R0MMHK",
  "token": "xoxs-⋯"
}
[05/07/18, 17:37:46:550] info: Store: UPDATE_TEAM_ICONS
{
  "icons": {
    "image_102": "https://slack-files2.s3-us-west-2.amazonaws.com/avatars/2015-01-14/3400695805_06e3ed8a8ae7228d7c54_102.jpg",
    "image_132": "https://slack-files2.s3-us-west-2.amazonaws.com/avatars/2015-01-14/3400695805_06e3ed8a8ae7228d7c54_132.jpg",
    "image_230": "https://slack-files2.s3-us-west-2.amazonaws.com/avatars/2015-01-14/3400695805_06e3ed8a8ae7228d7c54_132.jpg",
    "image_34": "https://slack-files2.s3-us-west-2.amazonaws.com/avatars/2015-01-14/3400695805_06e3ed8a8ae7228d7c54_34.jpg",
    "image_44": "https://slack-files2.s3-us-west-2.amazonaws.com/avatars/2015-01-14/3400695805_06e3ed8a8ae7228d7c54_44.jpg",
    "image_68": "https://slack-files2.s3-us-west-2.amazonaws.com/avatars/2015-01-14/3400695805_06e3ed8a8ae7228d7c54_68.jpg",
    "image_88": "https://slack-files2.s3-us-west-2.amazonaws.com/avatars/2015-01-14/3400695805_06e3ed8a8ae7228d7c54_88.jpg",
    "image_original": "https://slack-files2.s3-us-west-2.amazonaws.com/avatars/2015-01-14/3400695805_06e3ed8a8ae7228d7c54_original.jpg"
  },
  "teamId": "T02R0MMHK"
}
[05/07/18, 17:37:46:550] info: Store: UPDATE_SESSION_STATUS
{
  "hasValidSession": true,
  "teamId": "T02R0MMHK"
}
[05/07/18, 17:37:50:371] info: Store: UPSERT_WEB_CONTENTS
{
  "id": 3,
  "state": "loaded",
  "teamId": "T5YEC6G73"
}
[05/07/18, 17:37:51:249] info: Store: UPDATE_SESSION_STATUS
{
  "hasValidSession": true,
  "teamId": "T5YEC6G73"
}
[05/07/18, 17:37:51:261] info: Store: SELECT_CHANNEL C8Y1H7TEE
[05/07/18, 17:37:51:262] info: Store: UPDATE_TEAM_LOCALE
{
  "locale": "en-US"
}
[05/07/18, 17:37:51:481] info: Store: UPDATE_TEAM_LOCALE
{
  "locale": "en-US"
}
[05/07/18, 17:37:51:482] info: Store: UPSERT_WEB_CONTENTS
{
  "id": 3,
  "state": "webapp-loaded",
  "teamId": "T5YEC6G73"
}
[05/07/18, 17:37:51:512] info: Store: SELECT_CHANNEL C0GFH3RHC
[05/07/18, 17:37:51:513] info: Store: UPDATE_TEAM_LOCALE
{
  "locale": "ja-JP"
}
[05/07/18, 17:37:51:552] info: Store: SELECT_CHANNEL C4JRHEQB1
[05/07/18, 17:37:51:553] info: Store: UPDATE_TEAM_LOCALE
{
  "locale": "ja-JP"
}
[05/07/18, 17:37:51:701] info: Store: SELECT_CHANNEL G7GGG2GPN
[05/07/18, 17:37:51:707] info: Store: UPSERT_WEB_CONTENTS
{
  "id": 7,
  "state": "loaded",
  "teamId": "T0GFBAM8C"
}
[05/07/18, 17:37:51:707] info: Store: UPDATE_TEAM_LOCALE
{
  "locale": "ja-JP"
}
[05/07/18, 17:37:51:720] info: Store: UPDATE_TEAM_THEME
{
  "teamId": "T5YEC6G73",
  "theme": {
    "active_item": "#4C9689",
    "active_item_text": "#FFFFFF",
    "active_presence": "#38978D",
    "badge": "#EB4D5C",
    "column_bg": "#4D394B",
    "hover_item": "#3E313C",
    "menu_bg": "#3E313C",
    "text_color": "#FFFFFF"
  }
}
[05/07/18, 17:37:51:724] info: Store: STORE_API_TOKEN
{
  "teamId": "T5YEC6G73",
  "token": "xoxs-⋯"
}
[05/07/18, 17:37:51:752] info: Store: UPDATE_TEAM_ICONS
{
  "icons": {
    "image_102": "https://slack-files2.s3-us-west-2.amazonaws.com/avatars/2017-06-28/205110093367_6705e64b9b4a8299bd1f_102.png",
    "image_132": "https://slack-files2.s3-us-west-2.amazonaws.com/avatars/2017-06-28/205110093367_6705e64b9b4a8299bd1f_132.png",
    "image_230": "https://slack-files2.s3-us-west-2.amazonaws.com/avatars/2017-06-28/205110093367_6705e64b9b4a8299bd1f_230.png",
    "image_34": "https://slack-files2.s3-us-west-2.amazonaws.com/avatars/2017-06-28/205110093367_6705e64b9b4a8299bd1f_34.png",
    "image_44": "https://slack-files2.s3-us-west-2.amazonaws.com/avatars/2017-06-28/205110093367_6705e64b9b4a8299bd1f_44.png",
    "image_68": "https://slack-files2.s3-us-west-2.amazonaws.com/avatars/2017-06-28/205110093367_6705e64b9b4a8299bd1f_68.png",
    "image_88": "https://slack-files2.s3-us-west-2.amazonaws.com/avatars/2017-06-28/205110093367_6705e64b9b4a8299bd1f_88.png",
    "image_original": "https://slack-files2.s3-us-west-2.amazonaws.com/avatars/2017-06-28/205110093367_6705e64b9b4a8299bd1f_original.png"
  },
  "teamId": "T5YEC6G73"
}
[05/07/18, 17:37:51:762] info: Store: UPSERT_WEB_CONTENTS
{
  "id": 5,
  "state": "loaded",
  "teamId": "T4HEMM0UR"
}
[05/07/18, 17:37:51:931] info: Store: UPDATE_SESSION_STATUS
{
  "hasValidSession": true,
  "teamId": "T0GFBAM8C"
}
[05/07/18, 17:37:52:016] info: Store: UPSERT_WEB_CONTENTS
{
  "id": 6,
  "state": "loaded",
  "teamId": "T5LFW0CUB"
}
[05/07/18, 17:37:52:025] info: Store: UPDATE_SESSION_STATUS
{
  "hasValidSession": true,
  "teamId": "T4HEMM0UR"
}
[05/07/18, 17:37:52:033] info: Store: UPDATE_TEAM_LOCALE
{
  "locale": "ja-JP"
}
[05/07/18, 17:37:52:034] info: Store: UPSERT_WEB_CONTENTS
{
  "id": 7,
  "state": "webapp-loaded",
  "teamId": "T0GFBAM8C"
}
[05/07/18, 17:37:52:476] info: Store: UPDATE_TEAM_LOCALE
{
  "locale": "ja-JP"
}
[05/07/18, 17:37:52:477] info: Store: UPSERT_WEB_CONTENTS
{
  "id": 5,
  "state": "webapp-loaded",
  "teamId": "T4HEMM0UR"
}
[05/07/18, 17:37:52:478] info: Store: STORE_API_TOKEN
{
  "teamId": "T0GFBAM8C",
  "token": "xoxs-⋯"
}
[05/07/18, 17:37:52:478] info: Store: UPDATE_TEAM_ICONS
{
  "icons": {
    "image_102": "https://slack-files2.s3-us-west-2.amazonaws.com/avatars/2015-12-19/17054493216_07addcfb3fb1718cbba4_102.png",
    "image_132": "https://slack-files2.s3-us-west-2.amazonaws.com/avatars/2015-12-19/17054493216_07addcfb3fb1718cbba4_132.png",
    "image_230": "https://slack-files2.s3-us-west-2.amazonaws.com/avatars/2015-12-19/17054493216_07addcfb3fb1718cbba4_132.png",
    "image_34": "https://slack-files2.s3-us-west-2.amazonaws.com/avatars/2015-12-19/17054493216_07addcfb3fb1718cbba4_34.png",
    "image_44": "https://slack-files2.s3-us-west-2.amazonaws.com/avatars/2015-12-19/17054493216_07addcfb3fb1718cbba4_44.png",
    "image_68": "https://slack-files2.s3-us-west-2.amazonaws.com/avatars/2015-12-19/17054493216_07addcfb3fb1718cbba4_68.png",
    "image_88": "https://slack-files2.s3-us-west-2.amazonaws.com/avatars/2015-12-19/17054493216_07addcfb3fb1718cbba4_88.png",
    "image_original": "https://slack-files2.s3-us-west-2.amazonaws.com/avatars/2015-12-19/17054493216_07addcfb3fb1718cbba4_original.png"
  },
  "teamId": "T0GFBAM8C"
}
[05/07/18, 17:37:52:482] info: Store: UPDATE_SESSION_STATUS
{
  "hasValidSession": true,
  "teamId": "T5LFW0CUB"
}
[05/07/18, 17:37:52:486] info: Store: UPDATE_TEAM_THEME
{
  "teamId": "T4HEMM0UR",
  "theme": {
    "active_item": "#4C9689",
    "active_item_text": "#FFFFFF",
    "active_presence": "#38978D",
    "badge": "#EB4D5C",
    "column_bg": "#4D394B",
    "hover_item": "#3E313C",
    "menu_bg": "#3E313C",
    "text_color": "#FFFFFF"
  }
}
[05/07/18, 17:37:52:486] info: Store: UPDATE_TEAM_LOCALE
{
  "locale": "ja-JP"
}
[05/07/18, 17:37:52:487] info: Store: UPSERT_WEB_CONTENTS
{
  "id": 6,
  "state": "webapp-loaded",
  "teamId": "T5LFW0CUB"
}
[05/07/18, 17:37:52:571] info: Store: STORE_API_TOKEN
{
  "teamId": "T4HEMM0UR",
  "token": "xoxs-⋯"
}
[05/07/18, 17:37:52:572] info: Store: UPDATE_TEAM_ICONS
{
  "icons": {
    "image_102": "https://slack-files2.s3-us-west-2.amazonaws.com/avatars/2017-03-15/154610708258_f98e05c23845866960a5_102.png",
    "image_132": "https://slack-files2.s3-us-west-2.amazonaws.com/avatars/2017-03-15/154610708258_f98e05c23845866960a5_132.png",
    "image_230": "https://slack-files2.s3-us-west-2.amazonaws.com/avatars/2017-03-15/154610708258_f98e05c23845866960a5_230.png",
    "image_34": "https://slack-files2.s3-us-west-2.amazonaws.com/avatars/2017-03-15/154610708258_f98e05c23845866960a5_34.png",
    "image_44": "https://slack-files2.s3-us-west-2.amazonaws.com/avatars/2017-03-15/154610708258_f98e05c23845866960a5_44.png",
    "image_68": "https://slack-files2.s3-us-west-2.amazonaws.com/avatars/2017-03-15/154610708258_f98e05c23845866960a5_68.png",
    "image_88": "https://slack-files2.s3-us-west-2.amazonaws.com/avatars/2017-03-15/154610708258_f98e05c23845866960a5_88.png",
    "image_original": "https://slack-files2.s3-us-west-2.amazonaws.com/avatars/2017-03-15/154610708258_f98e05c23845866960a5_original.png"
  },
  "teamId": "T4HEMM0UR"
}
[05/07/18, 17:37:52:690] info: Store: UPDATE_TEAM_THEME
{
  "teamId": "T0GFBAM8C",
  "theme": {
    "active_item": "#4C9689",
    "active_item_text": "#FFFFFF",
    "active_presence": "#38978D",
    "badge": "#EB4D5C",
    "column_bg": "#4D394B",
    "hover_item": "#3E313C",
    "menu_bg": "#3E313C",
    "text_color": "#FFFFFF"
  }
}
[05/07/18, 17:37:52:709] info: Store: STORE_API_TOKEN
{
  "teamId": "T5LFW0CUB",
  "token": "xoxs-⋯"
}
[05/07/18, 17:37:52:720] info: Store: UPDATE_TEAM_THEME
{
  "teamId": "T5LFW0CUB",
  "theme": {
    "active_item": "#4C9689",
    "active_item_text": "#FFFFFF",
    "active_presence": "#38978D",
    "badge": "#EB4D5C",
    "column_bg": "#4D394B",
    "hover_item": "#3E313C",
    "menu_bg": "#3E313C",
    "text_color": "#FFFFFF"
  }
}
[05/07/18, 17:37:52:735] info: Store: UPDATE_TEAM_ICONS
{
  "icons": {
    "image_102": "https://slack-files2.s3-us-west-2.amazonaws.com/avatars/2017-08-21/229801110004_7754c1684d8336d012c4_102.jpg",
    "image_132": "https://slack-files2.s3-us-west-2.amazonaws.com/avatars/2017-08-21/229801110004_7754c1684d8336d012c4_132.jpg",
    "image_230": "https://slack-files2.s3-us-west-2.amazonaws.com/avatars/2017-08-21/229801110004_7754c1684d8336d012c4_230.jpg",
    "image_34": "https://slack-files2.s3-us-west-2.amazonaws.com/avatars/2017-08-21/229801110004_7754c1684d8336d012c4_34.jpg",
    "image_44": "https://slack-files2.s3-us-west-2.amazonaws.com/avatars/2017-08-21/229801110004_7754c1684d8336d012c4_44.jpg",
    "image_68": "https://slack-files2.s3-us-west-2.amazonaws.com/avatars/2017-08-21/229801110004_7754c1684d8336d012c4_68.jpg",
    "image_88": "https://slack-files2.s3-us-west-2.amazonaws.com/avatars/2017-08-21/229801110004_7754c1684d8336d012c4_88.jpg",
    "image_original": "https://slack-files2.s3-us-west-2.amazonaws.com/avatars/2017-08-21/229801110004_7754c1684d8336d012c4_original.jpg"
  },
  "teamId": "T5LFW0CUB"
}
[05/07/18, 17:37:52:984] info: Raw Locale list: ["C","en_US.utf8","POSIX",""]
[05/07/18, 17:37:52:984] info: Filtered Locale list: ["en_US"]
[05/07/18, 17:37:52:984] info: Counts: {"en":["en_US"]}
[05/07/18, 17:37:52:985] info: Setting en
[05/07/18, 17:37:52:985] info: Result: {"en":"en-US"}
[05/07/18, 17:37:52:987] info: Requesting to load ja-JP, alternatives are ["ja-JP","ja-JP","ja-JP"]
[05/07/18, 17:37:52:988] info: Loading dictionary for language ja-JP
[05/07/18, 17:37:52:988] info: Returning local copy: /home/nitoli/.config/Slack/dictionaries/ja-JP.bdic
[05/07/18, 17:37:52:995] info: Failed to read file /home/nitoli/.config/Slack/dictionaries/ja-JP.bdic: File exists but is most likely bogus
[05/07/18, 17:37:52:996] info: Actually downloading https://redirector.gvt1.com/edgedl/chrome/dict/ja-jp-3-0.bdic
[05/07/18, 17:37:53:618] info: Loading dictionary for language ja-JP
[05/07/18, 17:37:53:619] info: Returning local copy: /home/nitoli/.config/Slack/dictionaries/ja-JP.bdic
[05/07/18, 17:37:53:621] info: Failed to read file /home/nitoli/.config/Slack/dictionaries/ja-JP.bdic: File exists but is most likely bogus
[05/07/18, 17:37:53:622] info: Actually downloading https://redirector.gvt1.com/edgedl/chrome/dict/ja-jp-3-0.bdic
[05/07/18, 17:37:53:806] info: Loading dictionary for language ja-JP
[05/07/18, 17:37:53:806] info: Returning local copy: /home/nitoli/.config/Slack/dictionaries/ja-JP.bdic
[05/07/18, 17:37:53:808] info: Failed to read file /home/nitoli/.config/Slack/dictionaries/ja-JP.bdic: File exists but is most likely bogus
[05/07/18, 17:37:53:809] info: Actually downloading https://redirector.gvt1.com/edgedl/chrome/dict/ja-jp-3-0.bdic
[05/07/18, 17:37:53:966] info: dictionary for ja-JP_ja-JP is not available
[05/07/18, 17:37:53:967] info: Actually installing spell check provider to Electron
[05/07/18, 17:37:57:130] info: Unloading spellchecker
[05/07/18, 17:37:57:163] info: Restoring spellchecker
[05/07/18, 17:37:57:164] info: Requesting to load ja-JP, alternatives are ["ja-JP","ja-JP","ja-JP"]
[05/07/18, 17:37:57:164] info: Loading dictionary for language ja-JP
[05/07/18, 17:37:57:164] info: Returning local copy: /home/nitoli/.config/Slack/dictionaries/ja-JP.bdic
[05/07/18, 17:37:57:182] info: Failed to read file /home/nitoli/.config/Slack/dictionaries/ja-JP.bdic: File exists but is most likely bogus
[05/07/18, 17:37:57:182] info: Actually downloading https://redirector.gvt1.com/edgedl/chrome/dict/ja-jp-3-0.bdic
[05/07/18, 17:37:57:318] info: Loading dictionary for language ja-JP
[05/07/18, 17:37:57:318] info: Returning local copy: /home/nitoli/.config/Slack/dictionaries/ja-JP.bdic
[05/07/18, 17:37:57:320] info: Failed to read file /home/nitoli/.config/Slack/dictionaries/ja-JP.bdic: File exists but is most likely bogus
[05/07/18, 17:37:57:320] info: Actually downloading https://redirector.gvt1.com/edgedl/chrome/dict/ja-jp-3-0.bdic
[05/07/18, 17:37:57:497] info: Loading dictionary for language ja-JP
[05/07/18, 17:37:57:498] info: Returning local copy: /home/nitoli/.config/Slack/dictionaries/ja-JP.bdic
[05/07/18, 17:37:57:500] info: Failed to read file /home/nitoli/.config/Slack/dictionaries/ja-JP.bdic: File exists but is most likely bogus
[05/07/18, 17:37:57:501] info: Actually downloading https://redirector.gvt1.com/edgedl/chrome/dict/ja-jp-3-0.bdic
[05/07/18, 17:37:57:661] info: dictionary for ja-JP_ja-JP is not available
[05/07/18, 17:37:58:448] info: Unloading spellchecker
[05/07/18, 17:37:58:481] info: Restoring spellchecker
[05/07/18, 17:37:58:481] info: Requesting to load ja-JP, alternatives are ["ja-JP","ja-JP","ja-JP"]
[05/07/18, 17:37:58:482] info: Loading dictionary for language ja-JP
[05/07/18, 17:37:58:482] info: Returning local copy: /home/nitoli/.config/Slack/dictionaries/ja-JP.bdic
[05/07/18, 17:37:58:519] info: Failed to read file /home/nitoli/.config/Slack/dictionaries/ja-JP.bdic: File exists but is most likely bogus
[05/07/18, 17:37:58:520] info: Actually downloading https://redirector.gvt1.com/edgedl/chrome/dict/ja-jp-3-0.bdic
[05/07/18, 17:37:58:665] info: Loading dictionary for language ja-JP
[05/07/18, 17:37:58:666] info: Returning local copy: /home/nitoli/.config/Slack/dictionaries/ja-JP.bdic
[05/07/18, 17:37:58:668] info: Failed to read file /home/nitoli/.config/Slack/dictionaries/ja-JP.bdic: File exists but is most likely bogus
[05/07/18, 17:37:58:668] info: Actually downloading https://redirector.gvt1.com/edgedl/chrome/dict/ja-jp-3-0.bdic
[05/07/18, 17:37:58:838] info: Loading dictionary for language ja-JP
[05/07/18, 17:37:58:839] info: Returning local copy: /home/nitoli/.config/Slack/dictionaries/ja-JP.bdic
[05/07/18, 17:37:58:841] info: Failed to read file /home/nitoli/.config/Slack/dictionaries/ja-JP.bdic: File exists but is most likely bogus
[05/07/18, 17:37:58:843] info: Actually downloading https://redirector.gvt1.com/edgedl/chrome/dict/ja-jp-3-0.bdic
[05/07/18, 17:37:59:002] info: dictionary for ja-JP_ja-JP is not available
[05/07/18, 17:42:09:661] info: Unloading spellchecker
[05/07/18, 17:42:09:689] info: Restoring spellchecker
[05/07/18, 17:42:09:690] info: Requesting to load ja-JP, alternatives are ["ja-JP","ja-JP","ja-JP"]
[05/07/18, 17:42:09:690] info: Loading dictionary for language ja-JP
[05/07/18, 17:42:09:691] info: Returning local copy: /home/nitoli/.config/Slack/dictionaries/ja-JP.bdic
[05/07/18, 17:42:09:718] info: Failed to read file /home/nitoli/.config/Slack/dictionaries/ja-JP.bdic: File exists but is most likely bogus
[05/07/18, 17:42:09:719] info: Actually downloading https://redirector.gvt1.com/edgedl/chrome/dict/ja-jp-3-0.bdic
[05/07/18, 17:42:10:585] info: Loading dictionary for language ja-JP
[05/07/18, 17:42:10:585] info: Returning local copy: /home/nitoli/.config/Slack/dictionaries/ja-JP.bdic
[05/07/18, 17:42:10:587] info: Failed to read file /home/nitoli/.config/Slack/dictionaries/ja-JP.bdic: File exists but is most likely bogus
[05/07/18, 17:42:10:588] info: Actually downloading https://redirector.gvt1.com/edgedl/chrome/dict/ja-jp-3-0.bdic
[05/07/18, 17:42:10:842] info: Loading dictionary for language ja-JP
[05/07/18, 17:42:10:843] info: Returning local copy: /home/nitoli/.config/Slack/dictionaries/ja-JP.bdic
[05/07/18, 17:42:10:845] info: Failed to read file /home/nitoli/.config/Slack/dictionaries/ja-JP.bdic: File exists but is most likely bogus
[05/07/18, 17:42:10:846] info: Actually downloading https://redirector.gvt1.com/edgedl/chrome/dict/ja-jp-3-0.bdic
[05/07/18, 17:42:11:008] info: dictionary for ja-JP_ja-JP is not available
[05/07/18, 17:42:24:524] info: Unloading spellchecker
[05/07/18, 17:42:24:531] info: Restoring spellchecker
[05/07/18, 17:42:24:531] info: Requesting to load ja-JP, alternatives are ["ja-JP","ja-JP","ja-JP"]
[05/07/18, 17:42:24:532] info: Loading dictionary for language ja-JP
[05/07/18, 17:42:24:532] info: Returning local copy: /home/nitoli/.config/Slack/dictionaries/ja-JP.bdic
[05/07/18, 17:42:24:555] info: Failed to read file /home/nitoli/.config/Slack/dictionaries/ja-JP.bdic: File exists but is most likely bogus
[05/07/18, 17:42:24:555] info: Actually downloading https://redirector.gvt1.com/edgedl/chrome/dict/ja-jp-3-0.bdic
[05/07/18, 17:42:24:963] info: Loading dictionary for language ja-JP
[05/07/18, 17:42:24:963] info: Returning local copy: /home/nitoli/.config/Slack/dictionaries/ja-JP.bdic
[05/07/18, 17:42:24:965] info: Failed to read file /home/nitoli/.config/Slack/dictionaries/ja-JP.bdic: File exists but is most likely bogus
[05/07/18, 17:42:24:966] info: Actually downloading https://redirector.gvt1.com/edgedl/chrome/dict/ja-jp-3-0.bdic
[05/07/18, 17:42:25:116] info: Loading dictionary for language ja-JP
[05/07/18, 17:42:25:117] info: Returning local copy: /home/nitoli/.config/Slack/dictionaries/ja-JP.bdic
[05/07/18, 17:42:25:119] info: Failed to read file /home/nitoli/.config/Slack/dictionaries/ja-JP.bdic: File exists but is most likely bogus
[05/07/18, 17:42:25:120] info: Actually downloading https://redirector.gvt1.com/edgedl/chrome/dict/ja-jp-3-0.bdic
[05/07/18, 17:42:25:291] info: dictionary for ja-JP_ja-JP is not available
