[04/27/18, 21:04:29:962] info: ╔════════════════════════════════════════════════════════════════════════════╗
[04/27/18, 21:04:29:963] info: ║      Slack 3.1.1, linux 4.16.4-1-zen on x64 at 04/27/18, 21:04:29:957      ║
[04/27/18, 21:04:29:963] info: ╚════════════════════════════════════════════════════════════════════════════╝
[04/27/18, 21:04:30:084] info: Initializing local storage instance at path: /home/nitoli/.config/Slack/local-settings.json
[04/27/18, 21:04:30:531] error: Calls failed to load, bailing
[04/27/18, 21:04:30:535] info: cld3::loadModule: loading cld3 module
[04/27/18, 21:04:30:565] info: cld3Loader::loadModule: running environment is NODE
[04/27/18, 21:04:30:565] info: cld3Loader::loadModule: constructed module object for runtime
[04/27/18, 21:04:30:900] info: cld3Loader::initializeRuntime: successfully initialized module
[04/27/18, 21:04:30:901] info: cld3Loader::loadModule: initialized wasm binary Runtime
[04/27/18, 21:04:30:905] warn: updateSpellcheckerLanguage: Tried to update language, but spellchecker not initialized
[04/27/18, 21:04:30:906] info: SSBIntegration: Main window preload script loaded 1321.078406
[04/27/18, 21:04:33:745] info: Store: UPSERT_WEB_CONTENTS
{
  "id": 3,
  "state": "loaded",
  "teamId": "T5YEC6G73"
}
[04/27/18, 21:04:33:749] info: Store: MAIN_WINDOW_SHOWN
[04/27/18, 21:04:33:831] info: Store: UPSERT_WEB_CONTENTS
{
  "id": 4,
  "state": "loaded",
  "teamId": "T02R0MMHK"
}
[04/27/18, 21:04:35:482] info: Store: UPDATE_SESSION_STATUS
{
  "hasValidSession": true,
  "teamId": "T5YEC6G73"
}
[04/27/18, 21:04:35:499] info: Store: UPDATE_SESSION_STATUS
{
  "hasValidSession": true,
  "teamId": "T02R0MMHK"
}
[04/27/18, 21:04:35:504] info: Store: SELECT_CHANNEL C8Y1H7TEE
[04/27/18, 21:04:35:504] info: Store: UPDATE_TEAM_LOCALE
{
  "locale": "en-US",
  "teamId": "T5YEC6G73"
}
[04/27/18, 21:04:35:505] info: Store: UPDATE_SETTINGS
{
  "locale": "en-US"
}
[04/27/18, 21:04:35:505] info: Store: UPDATE_TEAM_THEME
{
  "teamId": "T5YEC6G73",
  "theme": {
    "active_item": "#4C9689",
    "active_item_text": "#FFFFFF",
    "active_presence": "#38978D",
    "badge": "#EB4D5C",
    "column_bg": "#4D394B",
    "hover_item": "#3E313C",
    "menu_bg": "#3E313C",
    "text_color": "#FFFFFF"
  }
}
[04/27/18, 21:04:35:506] info: Store: SELECT_CHANNEL C02TQ0GUS
[04/27/18, 21:04:35:506] info: Store: UPDATE_TEAM_LOCALE
{
  "locale": "en-US",
  "teamId": "T02R0MMHK"
}
[04/27/18, 21:04:35:507] info: Store: UPDATE_TEAM_THEME
{
  "teamId": "T02R0MMHK",
  "theme": {
    "active_item": "#4C9689",
    "active_item_text": "#FFFFFF",
    "active_presence": "#38978D",
    "badge": "#EB4D5C",
    "column_bg": "#4D394B",
    "hover_item": "#3E313C",
    "menu_bg": "#3E313C",
    "text_color": "#FFFFFF"
  }
}
[04/27/18, 21:04:35:513] info: Store: UPDATE_TEAM_ICONS
{
  "icons": {
    "image_102": "https://slack-files2.s3-us-west-2.amazonaws.com/avatars/2015-01-14/3400695805_06e3ed8a8ae7228d7c54_102.jpg",
    "image_132": "https://slack-files2.s3-us-west-2.amazonaws.com/avatars/2015-01-14/3400695805_06e3ed8a8ae7228d7c54_132.jpg",
    "image_230": "https://slack-files2.s3-us-west-2.amazonaws.com/avatars/2015-01-14/3400695805_06e3ed8a8ae7228d7c54_132.jpg",
    "image_34": "https://slack-files2.s3-us-west-2.amazonaws.com/avatars/2015-01-14/3400695805_06e3ed8a8ae7228d7c54_34.jpg",
    "image_44": "https://slack-files2.s3-us-west-2.amazonaws.com/avatars/2015-01-14/3400695805_06e3ed8a8ae7228d7c54_44.jpg",
    "image_68": "https://slack-files2.s3-us-west-2.amazonaws.com/avatars/2015-01-14/3400695805_06e3ed8a8ae7228d7c54_68.jpg",
    "image_88": "https://slack-files2.s3-us-west-2.amazonaws.com/avatars/2015-01-14/3400695805_06e3ed8a8ae7228d7c54_88.jpg",
    "image_original": "https://slack-files2.s3-us-west-2.amazonaws.com/avatars/2015-01-14/3400695805_06e3ed8a8ae7228d7c54_original.jpg"
  },
  "teamId": "T02R0MMHK"
}
[04/27/18, 21:04:35:514] info: Store: UPDATE_TEAM_ICONS
{
  "icons": {
    "image_102": "https://slack-files2.s3-us-west-2.amazonaws.com/avatars/2017-06-28/205110093367_6705e64b9b4a8299bd1f_102.png",
    "image_132": "https://slack-files2.s3-us-west-2.amazonaws.com/avatars/2017-06-28/205110093367_6705e64b9b4a8299bd1f_132.png",
    "image_230": "https://slack-files2.s3-us-west-2.amazonaws.com/avatars/2017-06-28/205110093367_6705e64b9b4a8299bd1f_230.png",
    "image_34": "https://slack-files2.s3-us-west-2.amazonaws.com/avatars/2017-06-28/205110093367_6705e64b9b4a8299bd1f_34.png",
    "image_44": "https://slack-files2.s3-us-west-2.amazonaws.com/avatars/2017-06-28/205110093367_6705e64b9b4a8299bd1f_44.png",
    "image_68": "https://slack-files2.s3-us-west-2.amazonaws.com/avatars/2017-06-28/205110093367_6705e64b9b4a8299bd1f_68.png",
    "image_88": "https://slack-files2.s3-us-west-2.amazonaws.com/avatars/2017-06-28/205110093367_6705e64b9b4a8299bd1f_88.png",
    "image_original": "https://slack-files2.s3-us-west-2.amazonaws.com/avatars/2017-06-28/205110093367_6705e64b9b4a8299bd1f_original.png"
  },
  "teamId": "T5YEC6G73"
}
[04/27/18, 21:04:35:514] info: Store: UPDATE_TEAM_LOCALE
{
  "locale": "en-US",
  "teamId": "T02R0MMHK"
}
[04/27/18, 21:04:35:515] info: Store: UPSERT_WEB_CONTENTS
{
  "id": 4,
  "state": "webapp-loaded",
  "teamId": "T02R0MMHK"
}
[04/27/18, 21:04:35:517] info: Store: UPDATE_TEAM_LOCALE
{
  "locale": "en-US",
  "teamId": "T5YEC6G73"
}
[04/27/18, 21:04:35:519] info: Store: UPSERT_WEB_CONTENTS
{
  "id": 3,
  "state": "webapp-loaded",
  "teamId": "T5YEC6G73"
}
[04/27/18, 21:04:35:540] info: Store: STORE_API_TOKEN
{
  "teamId": "T02R0MMHK",
  "token": "xoxs-⋯"
}
[04/27/18, 21:04:35:541] info: Store: SELECT_CHANNEL C4JRHEPK9
[04/27/18, 21:04:35:542] info: Store: UPDATE_TEAM_LOCALE
{
  "locale": "ja-JP"
}
[04/27/18, 21:04:35:875] info: Store: STORE_API_TOKEN
{
  "teamId": "T5YEC6G73",
  "token": "xoxs-⋯"
}
[04/27/18, 21:04:36:105] info: Store: UPSERT_WEB_CONTENTS
{
  "id": 5,
  "state": "loaded",
  "teamId": "T4HEMM0UR"
}
[04/27/18, 21:04:36:250] info: Raw Locale list: ["C","en_US.utf8","POSIX",""]
[04/27/18, 21:04:36:250] info: Filtered Locale list: ["en_US"]
[04/27/18, 21:04:36:251] info: Counts: {"en":["en_US"]}
[04/27/18, 21:04:36:251] info: Setting en
[04/27/18, 21:04:36:252] info: Result: {"en":"en-US"}
[04/27/18, 21:04:36:254] info: Requesting to load ja-JP, alternatives are ["ja-JP","ja-JP","ja-JP"]
[04/27/18, 21:04:36:256] info: Loading dictionary for language ja-JP
[04/27/18, 21:04:36:256] info: Actually downloading https://redirector.gvt1.com/edgedl/chrome/dict/ja-jp-3-0.bdic
[04/27/18, 21:04:36:545] info: Store: UPDATE_TEAM_LOCALE
{
  "locale": "ja-JP"
}
[04/27/18, 21:04:36:554] info: Store: UPSERT_WEB_CONTENTS
{
  "id": 5,
  "state": "webapp-loaded",
  "teamId": "T4HEMM0UR"
}
[04/27/18, 21:04:36:710] info: Store: UPDATE_TEAM_THEME
{
  "teamId": "T4HEMM0UR",
  "theme": {
    "active_item": "#4C9689",
    "active_item_text": "#FFFFFF",
    "active_presence": "#38978D",
    "badge": "#EB4D5C",
    "column_bg": "#4D394B",
    "hover_item": "#3E313C",
    "menu_bg": "#3E313C",
    "text_color": "#FFFFFF"
  }
}
[04/27/18, 21:04:36:732] info: Store: STORE_API_TOKEN
{
  "teamId": "T4HEMM0UR",
  "token": "xoxs-⋯"
}
[04/27/18, 21:04:36:768] info: Store: UPDATE_TEAM_ICONS
{
  "icons": {
    "image_102": "https://slack-files2.s3-us-west-2.amazonaws.com/avatars/2017-03-15/154610708258_f98e05c23845866960a5_102.png",
    "image_132": "https://slack-files2.s3-us-west-2.amazonaws.com/avatars/2017-03-15/154610708258_f98e05c23845866960a5_132.png",
    "image_230": "https://slack-files2.s3-us-west-2.amazonaws.com/avatars/2017-03-15/154610708258_f98e05c23845866960a5_230.png",
    "image_34": "https://slack-files2.s3-us-west-2.amazonaws.com/avatars/2017-03-15/154610708258_f98e05c23845866960a5_34.png",
    "image_44": "https://slack-files2.s3-us-west-2.amazonaws.com/avatars/2017-03-15/154610708258_f98e05c23845866960a5_44.png",
    "image_68": "https://slack-files2.s3-us-west-2.amazonaws.com/avatars/2017-03-15/154610708258_f98e05c23845866960a5_68.png",
    "image_88": "https://slack-files2.s3-us-west-2.amazonaws.com/avatars/2017-03-15/154610708258_f98e05c23845866960a5_88.png",
    "image_original": "https://slack-files2.s3-us-west-2.amazonaws.com/avatars/2017-03-15/154610708258_f98e05c23845866960a5_original.png"
  },
  "teamId": "T4HEMM0UR"
}
[04/27/18, 21:04:36:821] info: Requesting to load ja-JP, alternatives are ["ja-JP","ja-JP","ja-JP"]
[04/27/18, 21:04:36:822] info: Loading dictionary for language ja-JP
[04/27/18, 21:04:36:822] info: Actually downloading https://redirector.gvt1.com/edgedl/chrome/dict/ja-jp-3-0.bdic
[04/27/18, 21:04:36:982] info: Store: UPDATE_SESSION_STATUS
{
  "hasValidSession": true,
  "teamId": "T4HEMM0UR"
}
[04/27/18, 21:04:37:237] info: Loading dictionary for language ja-JP
[04/27/18, 21:04:37:237] info: Returning local copy: /home/nitoli/.config/Slack/dictionaries/ja-JP.bdic
[04/27/18, 21:04:37:242] info: Failed to read file /home/nitoli/.config/Slack/dictionaries/ja-JP.bdic: File exists but is most likely bogus
[04/27/18, 21:04:37:244] info: Actually downloading https://redirector.gvt1.com/edgedl/chrome/dict/ja-jp-3-0.bdic
[04/27/18, 21:04:37:434] info: Loading dictionary for language ja-JP
[04/27/18, 21:04:37:434] info: Returning local copy: /home/nitoli/.config/Slack/dictionaries/ja-JP.bdic
[04/27/18, 21:04:37:435] info: Failed to read file /home/nitoli/.config/Slack/dictionaries/ja-JP.bdic: File exists but is most likely bogus
[04/27/18, 21:04:37:436] info: Actually downloading https://redirector.gvt1.com/edgedl/chrome/dict/ja-jp-3-0.bdic
[04/27/18, 21:04:37:627] info: Loading dictionary for language ja-JP
[04/27/18, 21:04:37:627] info: Returning local copy: /home/nitoli/.config/Slack/dictionaries/ja-JP.bdic
[04/27/18, 21:04:37:628] info: Failed to read file /home/nitoli/.config/Slack/dictionaries/ja-JP.bdic: File exists but is most likely bogus
[04/27/18, 21:04:37:628] info: Actually downloading https://redirector.gvt1.com/edgedl/chrome/dict/ja-jp-3-0.bdic
[04/27/18, 21:04:37:785] info: dictionary for ja-JP_ja-JP is not available
[04/27/18, 21:04:37:785] info: Actually installing spell check provider to Electron
[04/27/18, 21:04:37:921] info: Loading dictionary for language ja-JP
[04/27/18, 21:04:37:921] info: Returning local copy: /home/nitoli/.config/Slack/dictionaries/ja-JP.bdic
[04/27/18, 21:04:37:921] info: Failed to read file /home/nitoli/.config/Slack/dictionaries/ja-JP.bdic: File exists but is most likely bogus
[04/27/18, 21:04:37:925] info: Actually downloading https://redirector.gvt1.com/edgedl/chrome/dict/ja-jp-3-0.bdic
[04/27/18, 21:04:38:415] info: dictionary for ja-JP_ja-JP is not available
[04/27/18, 21:10:12:773] info: Store: SELECT_CHANNEL CA96US34P
[04/27/18, 21:10:34:080] info: Store: SELECT_CHANNEL C8Y1H7TEE
[04/27/18, 21:10:45:947] info: Store: SELECT_CHANNEL CA96US34P
[04/27/18, 21:31:17:357] info: Store: SET_FULL_SCREEN
