[05/07/18, 21:09:37:995] info: ╔════════════════════════════════════════════════════════════════════════════╗
[05/07/18, 21:09:38:001] info: ║      Slack 3.1.1, linux 4.16.6-1-zen on x64 at 05/07/18, 21:09:37:992      ║
[05/07/18, 21:09:38:001] info: ╚════════════════════════════════════════════════════════════════════════════╝
[05/07/18, 21:09:38:235] info: Initializing local storage instance at path: /home/nitoli/.config/Slack/local-settings.json
[05/07/18, 21:09:39:091] error: Calls failed to load, bailing
[05/07/18, 21:09:39:095] info: cld3::loadModule: loading cld3 module
[05/07/18, 21:09:39:155] info: cld3Loader::loadModule: running environment is NODE
[05/07/18, 21:09:39:156] info: cld3Loader::loadModule: constructed module object for runtime
[05/07/18, 21:09:39:998] info: cld3Loader::initializeRuntime: successfully initialized module
[05/07/18, 21:09:39:998] info: cld3Loader::loadModule: initialized wasm binary Runtime
[05/07/18, 21:09:40:013] warn: updateSpellcheckerLanguage: Tried to update language, but spellchecker not initialized
[05/07/18, 21:09:40:014] info: SSBIntegration: Main window preload script loaded 2948.512057
[05/07/18, 21:09:40:035] info: Store: UPSERT_WEB_CONTENTS
{
  "id": 5,
  "state": "loaded",
  "teamId": "T4HEMM0UR"
}
[05/07/18, 21:09:40:062] info: Store: UPSERT_WEB_CONTENTS
{
  "id": 6,
  "state": "loaded",
  "teamId": "T5LFW0CUB"
}
[05/07/18, 21:09:40:064] info: Store: UPSERT_WEB_CONTENTS
{
  "id": 5,
  "state": "empty-page",
  "teamId": "T4HEMM0UR"
}
[05/07/18, 21:09:40:083] info: Store: UPSERT_WEB_CONTENTS
{
  "id": 5,
  "state": "page-will-navigate",
  "teamId": "T4HEMM0UR"
}
[05/07/18, 21:09:40:087] info: Store: UPSERT_WEB_CONTENTS
{
  "id": 4,
  "state": "loaded",
  "teamId": "T02R0MMHK"
}
[05/07/18, 21:09:40:110] info: Store: UPSERT_WEB_CONTENTS
{
  "id": 6,
  "state": "empty-page",
  "teamId": "T5LFW0CUB"
}
[05/07/18, 21:09:40:136] info: Store: UPSERT_WEB_CONTENTS
{
  "id": 6,
  "state": "page-will-navigate",
  "teamId": "T5LFW0CUB"
}
[05/07/18, 21:09:40:146] info: Window is unloading, winssb is no longer accessible
[05/07/18, 21:09:40:148] info: Store: UPSERT_WEB_CONTENTS
{
  "id": 4,
  "state": "empty-page",
  "teamId": "T02R0MMHK"
}
[05/07/18, 21:09:40:158] info: Store: UPSERT_WEB_CONTENTS
{
  "id": 4,
  "state": "page-will-navigate",
  "teamId": "T02R0MMHK"
}
[05/07/18, 21:09:40:249] info: Store: UPSERT_WEB_CONTENTS
{
  "id": 7,
  "state": "loaded",
  "teamId": "T0GFBAM8C"
}
[05/07/18, 21:09:40:266] info: Store: UPSERT_WEB_CONTENTS
{
  "id": 7,
  "state": "empty-page",
  "teamId": "T0GFBAM8C"
}
[05/07/18, 21:09:40:272] info: Store: UPSERT_WEB_CONTENTS
{
  "id": 7,
  "state": "page-will-navigate",
  "teamId": "T0GFBAM8C"
}
[05/07/18, 21:09:40:513] info: Store: UPSERT_WEB_CONTENTS
{
  "id": 3,
  "state": "loaded",
  "teamId": "T5YEC6G73"
}
[05/07/18, 21:09:40:529] info: Store: UPSERT_WEB_CONTENTS
{
  "id": 3,
  "state": "empty-page",
  "teamId": "T5YEC6G73"
}
[05/07/18, 21:09:40:538] info: Store: UPSERT_WEB_CONTENTS
{
  "id": 3,
  "state": "page-will-navigate",
  "teamId": "T5YEC6G73"
}
[05/07/18, 21:09:40:739] info: Store: SET_NETWORK_STATUS offline
