[05/09/18, 21:24:06:270] info: ╔════════════════════════════════════════════════════════════════════════════╗
[05/09/18, 21:24:06:278] info: ║      Slack 3.1.1, linux 4.16.7-1-zen on x64 at 05/09/18, 21:24:06:266      ║
[05/09/18, 21:24:06:278] info: ╚════════════════════════════════════════════════════════════════════════════╝
[05/09/18, 21:24:06:399] info: Initializing local storage instance at path: /home/nitoli/.config/Slack/local-settings.json
[05/09/18, 21:24:06:999] error: Calls failed to load, bailing
[05/09/18, 21:24:07:010] info: cld3::loadModule: loading cld3 module
[05/09/18, 21:24:07:095] info: cld3Loader::loadModule: running environment is NODE
[05/09/18, 21:24:07:095] info: cld3Loader::loadModule: constructed module object for runtime
[05/09/18, 21:24:07:730] info: cld3Loader::initializeRuntime: successfully initialized module
[05/09/18, 21:24:07:731] info: cld3Loader::loadModule: initialized wasm binary Runtime
[05/09/18, 21:24:07:734] warn: updateSpellcheckerLanguage: Tried to update language, but spellchecker not initialized
[05/09/18, 21:24:07:736] info: SSBIntegration: Main window preload script loaded 2131.849463
[05/09/18, 21:24:07:749] info: Store: SET_NETWORK_STATUS online
[05/09/18, 21:24:07:751] info: Store: MAIN_WINDOW_SHOWN
[05/09/18, 21:24:07:752] info: Store: SAVE_WINDOW_SETTINGS
{
  "isMaximized": false,
  "position": [
    12,
    44
  ],
  "size": [
    1896,
    1024
  ]
}
[05/09/18, 21:24:07:753] info: Store: UPSERT_WEB_CONTENTS
{
  "id": 6,
  "state": "loaded",
  "teamId": "T5LFW0CUB"
}
[05/09/18, 21:24:07:753] info: Store: UPSERT_WEB_CONTENTS
{
  "id": 6,
  "state": "empty-page",
  "teamId": "T5LFW0CUB"
}
[05/09/18, 21:24:07:753] info: Store: UPSERT_WEB_CONTENTS
{
  "id": 6,
  "state": "page-will-navigate",
  "teamId": "T5LFW0CUB"
}
[05/09/18, 21:24:07:754] info: Store: UPSERT_WEB_CONTENTS
{
  "id": 5,
  "state": "loaded",
  "teamId": "T4HEMM0UR"
}
[05/09/18, 21:24:07:754] info: Store: UPSERT_WEB_CONTENTS
{
  "id": 5,
  "state": "empty-page",
  "teamId": "T4HEMM0UR"
}
[05/09/18, 21:24:07:754] info: Store: UPSERT_WEB_CONTENTS
{
  "id": 5,
  "state": "page-will-navigate",
  "teamId": "T4HEMM0UR"
}
[05/09/18, 21:24:07:754] info: Store: UPSERT_WEB_CONTENTS
{
  "id": 4,
  "state": "loaded",
  "teamId": "T5YEC6G73"
}
[05/09/18, 21:24:07:755] info: Store: UPSERT_WEB_CONTENTS
{
  "id": 4,
  "state": "empty-page",
  "teamId": "T5YEC6G73"
}
[05/09/18, 21:24:07:755] info: Store: UPSERT_WEB_CONTENTS
{
  "id": 4,
  "state": "page-will-navigate",
  "teamId": "T5YEC6G73"
}
[05/09/18, 21:24:07:755] info: Store: UPSERT_WEB_CONTENTS
{
  "id": 3,
  "state": "loaded",
  "teamId": "T02R0MMHK"
}
[05/09/18, 21:24:07:755] info: Store: UPSERT_WEB_CONTENTS
{
  "id": 3,
  "state": "empty-page",
  "teamId": "T02R0MMHK"
}
[05/09/18, 21:24:07:755] info: Store: UPSERT_WEB_CONTENTS
{
  "id": 3,
  "state": "page-will-navigate",
  "teamId": "T02R0MMHK"
}
[05/09/18, 21:24:07:758] info: Store: UPSERT_WEB_CONTENTS
{
  "id": 7,
  "state": "loaded",
  "teamId": "T0GFBAM8C"
}
[05/09/18, 21:24:07:762] info: Store: UPSERT_WEB_CONTENTS
{
  "id": 7,
  "state": "empty-page",
  "teamId": "T0GFBAM8C"
}
[05/09/18, 21:24:07:767] info: Store: UPSERT_WEB_CONTENTS
{
  "id": 7,
  "state": "page-will-navigate",
  "teamId": "T0GFBAM8C"
}
[05/09/18, 21:24:07:772] info: Window is unloading, winssb is no longer accessible
[05/09/18, 21:24:07:904] info: Store: UPDATE_SESSION_STATUS
{
  "hasValidSession": true,
  "teamId": "T5LFW0CUB"
}
[05/09/18, 21:24:07:951] info: Store: UPDATE_SESSION_STATUS
{
  "hasValidSession": true,
  "teamId": "T4HEMM0UR"
}
[05/09/18, 21:24:08:001] info: Store: UPDATE_SESSION_STATUS
{
  "hasValidSession": true,
  "teamId": "T5YEC6G73"
}
[05/09/18, 21:24:08:061] info: Store: UPDATE_SESSION_STATUS
{
  "hasValidSession": true,
  "teamId": "T02R0MMHK"
}
[05/09/18, 21:24:08:132] info: Store: UPDATE_SESSION_STATUS
{
  "hasValidSession": true,
  "teamId": "T0GFBAM8C"
}
