[05/09/18, 00:41:39:177] info: ╔════════════════════════════════════════════════════════════════════════════╗
[05/09/18, 00:41:39:178] info: ║      Slack 3.1.1, linux 4.16.7-1-zen on x64 at 05/09/18, 00:41:39:165      ║
[05/09/18, 00:41:39:178] info: ╚════════════════════════════════════════════════════════════════════════════╝
[05/09/18, 00:41:39:487] info: Initializing local storage instance at path: /home/nitoli/.config/Slack/local-settings.json
[05/09/18, 00:41:40:596] error: Calls failed to load, bailing
[05/09/18, 00:41:40:598] info: cld3::loadModule: loading cld3 module
[05/09/18, 00:41:40:665] info: cld3Loader::loadModule: running environment is NODE
[05/09/18, 00:41:40:665] info: cld3Loader::loadModule: constructed module object for runtime
[05/09/18, 00:41:41:523] info: cld3Loader::initializeRuntime: successfully initialized module
[05/09/18, 00:41:41:523] info: cld3Loader::loadModule: initialized wasm binary Runtime
[05/09/18, 00:41:41:572] warn: updateSpellcheckerLanguage: Tried to update language, but spellchecker not initialized
[05/09/18, 00:41:41:573] info: TranslationLookup: locale set to ja-JP for renderer
[05/09/18, 00:41:41:574] info: SSBIntegration: Main window preload script loaded 3422.332303
[05/09/18, 00:41:41:606] info: Store: UPSERT_WEB_CONTENTS
{
  "id": 6,
  "state": "loaded",
  "teamId": "T4HEMM0UR"
}
[05/09/18, 00:41:41:610] info: Store: UPSERT_WEB_CONTENTS
{
  "id": 6,
  "state": "empty-page",
  "teamId": "T4HEMM0UR"
}
[05/09/18, 00:41:41:615] info: Store: UPSERT_WEB_CONTENTS
{
  "id": 6,
  "state": "page-will-navigate",
  "teamId": "T4HEMM0UR"
}
[05/09/18, 00:41:41:623] info: Store: UPSERT_WEB_CONTENTS
{
  "id": 3,
  "state": "loaded",
  "teamId": "T0GFBAM8C"
}
[05/09/18, 00:41:41:624] info: Store: UPSERT_WEB_CONTENTS
{
  "id": 7,
  "state": "loaded",
  "teamId": "T5LFW0CUB"
}
[05/09/18, 00:41:41:624] info: Store: UPSERT_WEB_CONTENTS
{
  "id": 3,
  "state": "empty-page",
  "teamId": "T0GFBAM8C"
}
[05/09/18, 00:41:41:625] info: Store: UPSERT_WEB_CONTENTS
{
  "id": 7,
  "state": "empty-page",
  "teamId": "T5LFW0CUB"
}
[05/09/18, 00:41:41:625] info: Store: UPSERT_WEB_CONTENTS
{
  "id": 3,
  "state": "page-will-navigate",
  "teamId": "T0GFBAM8C"
}
[05/09/18, 00:41:41:626] info: Store: UPSERT_WEB_CONTENTS
{
  "id": 7,
  "state": "page-will-navigate",
  "teamId": "T5LFW0CUB"
}
[05/09/18, 00:41:41:631] info: Store: UPSERT_WEB_CONTENTS
{
  "id": 4,
  "state": "loaded",
  "teamId": "T5YEC6G73"
}
[05/09/18, 00:41:41:664] info: Store: UPSERT_WEB_CONTENTS
{
  "id": 4,
  "state": "empty-page",
  "teamId": "T5YEC6G73"
}
[05/09/18, 00:41:41:670] info: Store: UPSERT_WEB_CONTENTS
{
  "id": 4,
  "state": "page-will-navigate",
  "teamId": "T5YEC6G73"
}
[05/09/18, 00:41:41:678] info: Window is unloading, winssb is no longer accessible
[05/09/18, 00:41:41:757] info: Store: UPSERT_WEB_CONTENTS
{
  "id": 5,
  "state": "loaded",
  "teamId": "T02R0MMHK"
}
[05/09/18, 00:41:41:774] info: Store: UPSERT_WEB_CONTENTS
{
  "id": 5,
  "state": "empty-page",
  "teamId": "T02R0MMHK"
}
[05/09/18, 00:41:41:779] info: Store: UPSERT_WEB_CONTENTS
{
  "id": 5,
  "state": "page-will-navigate",
  "teamId": "T02R0MMHK"
}
[05/09/18, 00:41:41:944] info: Store: SET_NETWORK_STATUS offline
[05/09/18, 00:41:42:310] info: Store: UPDATE_SESSION_STATUS
{
  "hasValidSession": true,
  "teamId": "T5YEC6G73"
}
[05/09/18, 00:41:42:331] info: Store: UPDATE_SESSION_STATUS
{
  "hasValidSession": true,
  "teamId": "T02R0MMHK"
}
[05/09/18, 00:41:42:332] info: Store: UPDATE_SESSION_STATUS
{
  "hasValidSession": true,
  "teamId": "T4HEMM0UR"
}
[05/09/18, 00:41:42:334] info: Store: UPDATE_SESSION_STATUS
{
  "hasValidSession": true,
  "teamId": "T5LFW0CUB"
}
[05/09/18, 00:41:42:336] info: Store: UPDATE_SESSION_STATUS
{
  "hasValidSession": true,
  "teamId": "T0GFBAM8C"
}
[05/09/18, 00:41:42:609] info: Store: SET_NETWORK_STATUS online
[05/09/18, 00:41:42:624] info: Store: MAIN_WINDOW_SHOWN
