[04/25/18, 13:34:00:573] info: ╔════════════════════════════════════════════════════════════════════════════╗
[04/25/18, 13:34:00:574] info: ║      Slack 3.1.1, linux 4.16.3-1-zen on x64 at 04/25/18, 13:34:00:562      ║
[04/25/18, 13:34:00:574] info: ╚════════════════════════════════════════════════════════════════════════════╝
[04/25/18, 13:34:00:869] info: Initializing local storage instance at path: /home/nitoli/.config/Slack/local-settings.json
[04/25/18, 13:34:01:648] error: Calls failed to load, bailing
[04/25/18, 13:34:01:650] info: cld3::loadModule: loading cld3 module
[04/25/18, 13:34:01:677] info: cld3Loader::loadModule: running environment is NODE
[04/25/18, 13:34:01:677] info: cld3Loader::loadModule: constructed module object for runtime
[04/25/18, 13:34:02:058] info: cld3Loader::initializeRuntime: successfully initialized module
[04/25/18, 13:34:02:059] info: cld3Loader::loadModule: initialized wasm binary Runtime
[04/25/18, 13:34:02:064] warn: updateSpellcheckerLanguage: Tried to update language, but spellchecker not initialized
[04/25/18, 13:34:02:065] info: SSBIntegration: Main window preload script loaded 2824.835741
[04/25/18, 13:34:02:073] info: Store: UPSERT_WEB_CONTENTS
{
  "id": 4,
  "state": "loaded",
  "teamId": "T02R0MMHK"
}
[04/25/18, 13:34:02:078] info: Store: UPSERT_WEB_CONTENTS
{
  "id": 4,
  "state": "empty-page",
  "teamId": "T02R0MMHK"
}
[04/25/18, 13:34:02:079] info: Store: UPSERT_WEB_CONTENTS
{
  "id": 4,
  "state": "page-will-navigate",
  "teamId": "T02R0MMHK"
}
[04/25/18, 13:34:02:080] info: Store: UPSERT_WEB_CONTENTS
{
  "id": 3,
  "state": "loaded",
  "teamId": "T5YEC6G73"
}
[04/25/18, 13:34:02:080] info: Store: UPSERT_WEB_CONTENTS
{
  "id": 3,
  "state": "empty-page",
  "teamId": "T5YEC6G73"
}
[04/25/18, 13:34:02:080] info: Store: UPSERT_WEB_CONTENTS
{
  "id": 3,
  "state": "page-will-navigate",
  "teamId": "T5YEC6G73"
}
[04/25/18, 13:34:02:081] info: Store: SET_NETWORK_STATUS offline
[04/25/18, 13:34:02:081] info: Store: UPDATE_SESSION_STATUS
{
  "hasValidSession": null,
  "teamId": "T4HEMM0UR"
}
[04/25/18, 13:34:02:082] info: Store: UPDATE_SESSION_STATUS
{
  "hasValidSession": null,
  "teamId": "T02R0MMHK"
}
[04/25/18, 13:34:02:082] info: Store: UPDATE_SESSION_STATUS
{
  "hasValidSession": null,
  "teamId": "T5YEC6G73"
}
[04/25/18, 13:34:02:088] info: Store: UPSERT_WEB_CONTENTS
{
  "id": 5,
  "state": "loaded",
  "teamId": "T4HEMM0UR"
}
[04/25/18, 13:34:02:106] info: Store: UPSERT_WEB_CONTENTS
{
  "id": 5,
  "state": "empty-page",
  "teamId": "T4HEMM0UR"
}
[04/25/18, 13:34:02:185] info: Store: UPDATE_SESSION_STATUS
{
  "hasValidSession": null,
  "teamId": "T4HEMM0UR"
}
[04/25/18, 13:34:02:382] info: Store: UPSERT_WEB_CONTENTS
{
  "id": 4,
  "state": "loaded",
  "teamId": "T02R0MMHK"
}
[04/25/18, 13:34:02:398] info: Store: UPSERT_WEB_CONTENTS
{
  "id": 4,
  "state": "empty-page",
  "teamId": "T02R0MMHK"
}
[04/25/18, 13:34:02:475] info: Store: UPSERT_WEB_CONTENTS
{
  "id": 3,
  "state": "loaded",
  "teamId": "T5YEC6G73"
}
[04/25/18, 13:34:02:484] info: Store: UPSERT_WEB_CONTENTS
{
  "id": 3,
  "state": "empty-page",
  "teamId": "T5YEC6G73"
}
[04/25/18, 13:34:02:491] info: Store: UPDATE_SESSION_STATUS
{
  "hasValidSession": null,
  "teamId": "T02R0MMHK"
}
[04/25/18, 13:34:02:582] info: Store: UPDATE_SESSION_STATUS
{
  "hasValidSession": null,
  "teamId": "T5YEC6G73"
}
[04/25/18, 13:34:10:282] info: Store: QUIT_APP
[04/25/18, 13:34:10:332] info: Store: REMOVE_WINDOW 2
[04/25/18, 13:34:10:399] info: Store: QUIT_APP
[05/01/18, 15:02:10:311] info: ╔════════════════════════════════════════════════════════════════════════════╗
[05/01/18, 15:02:10:312] info: ║      Slack 3.1.1, linux 4.16.5-1-zen on x64 at 05/01/18, 15:02:10:306      ║
[05/01/18, 15:02:10:312] info: ╚════════════════════════════════════════════════════════════════════════════╝
[05/01/18, 15:02:10:546] info: Initializing local storage instance at path: /home/nitoli/.config/Slack/local-settings.json
[05/01/18, 15:02:11:130] error: Calls failed to load, bailing
[05/01/18, 15:02:11:132] info: cld3::loadModule: loading cld3 module
[05/01/18, 15:02:11:168] info: cld3Loader::loadModule: running environment is NODE
[05/01/18, 15:02:11:169] info: cld3Loader::loadModule: constructed module object for runtime
[05/01/18, 15:02:11:720] info: cld3Loader::initializeRuntime: successfully initialized module
[05/01/18, 15:02:11:720] info: cld3Loader::loadModule: initialized wasm binary Runtime
[05/01/18, 15:02:11:725] warn: updateSpellcheckerLanguage: Tried to update language, but spellchecker not initialized
[05/01/18, 15:02:11:730] info: SSBIntegration: Main window preload script loaded 2193.760819
[05/01/18, 15:02:11:739] info: Store: UPSERT_WEB_CONTENTS
{
  "id": 3,
  "state": "loaded",
  "teamId": "T5YEC6G73"
}
[05/01/18, 15:02:11:742] info: Store: UPSERT_WEB_CONTENTS
{
  "id": 3,
  "state": "empty-page",
  "teamId": "T5YEC6G73"
}
[05/01/18, 15:02:11:742] info: Store: UPSERT_WEB_CONTENTS
{
  "id": 3,
  "state": "page-will-navigate",
  "teamId": "T5YEC6G73"
}
[05/01/18, 15:02:11:743] info: Store: SET_NETWORK_STATUS offline
[05/01/18, 15:02:11:743] info: Store: UPDATE_SESSION_STATUS
{
  "hasValidSession": null,
  "teamId": "T02R0MMHK"
}
[05/01/18, 15:02:11:744] info: Store: UPDATE_SESSION_STATUS
{
  "hasValidSession": null,
  "teamId": "T4HEMM0UR"
}
[05/01/18, 15:02:11:744] info: Store: UPDATE_SESSION_STATUS
{
  "hasValidSession": null,
  "teamId": "T5YEC6G73"
}
[05/01/18, 15:02:11:745] info: Store: UPSERT_WEB_CONTENTS
{
  "id": 5,
  "state": "loaded",
  "teamId": "T4HEMM0UR"
}
[05/01/18, 15:02:11:745] info: Store: UPSERT_WEB_CONTENTS
{
  "id": 5,
  "state": "empty-page",
  "teamId": "T4HEMM0UR"
}
[05/01/18, 15:02:11:750] info: Store: UPSERT_WEB_CONTENTS
{
  "id": 4,
  "state": "loaded",
  "teamId": "T02R0MMHK"
}
[05/01/18, 15:02:11:752] info: Store: UPSERT_WEB_CONTENTS
{
  "id": 4,
  "state": "empty-page",
  "teamId": "T02R0MMHK"
}
[05/01/18, 15:02:11:783] info: Store: UPSERT_WEB_CONTENTS
{
  "id": 3,
  "state": "loaded",
  "teamId": "T5YEC6G73"
}
[05/01/18, 15:02:11:794] info: Store: UPSERT_WEB_CONTENTS
{
  "id": 3,
  "state": "empty-page",
  "teamId": "T5YEC6G73"
}
[05/01/18, 15:02:11:818] info: Store: UPDATE_SESSION_STATUS
{
  "hasValidSession": null,
  "teamId": "T4HEMM0UR"
}
[05/01/18, 15:02:11:845] info: Store: UPDATE_SESSION_STATUS
{
  "hasValidSession": null,
  "teamId": "T02R0MMHK"
}
[05/01/18, 15:02:11:886] info: Store: UPDATE_SESSION_STATUS
{
  "hasValidSession": null,
  "teamId": "T5YEC6G73"
}
[05/01/18, 15:04:13:128] info: Store: SET_NETWORK_STATUS slackDown
[05/01/18, 15:04:34:954] info: Store: SET_NETWORK_STATUS online
[05/01/18, 15:04:34:973] info: Store: MAIN_WINDOW_SHOWN
[05/01/18, 15:04:35:034] info: Store: UPSERT_WEB_CONTENTS
{
  "id": 3,
  "state": "page-will-navigate",
  "teamId": "T5YEC6G73"
}
[05/01/18, 15:04:35:049] info: Store: UPSERT_WEB_CONTENTS
{
  "id": 4,
  "state": "page-will-navigate",
  "teamId": "T02R0MMHK"
}
[05/01/18, 15:04:35:061] info: Window is unloading, winssb is no longer accessible
[05/01/18, 15:04:35:061] info: Store: UPSERT_WEB_CONTENTS
{
  "id": 5,
  "state": "page-will-navigate",
  "teamId": "T4HEMM0UR"
}
[05/01/18, 15:04:36:055] info: Store: SAVE_WINDOW_SETTINGS
{
  "isMaximized": false,
  "position": [
    10,
    42
  ],
  "size": [
    1900,
    1002
  ]
}
[05/01/18, 15:04:39:647] info: Store: UPDATE_SESSION_STATUS
{
  "hasValidSession": true,
  "teamId": "T4HEMM0UR"
}
[05/01/18, 15:04:40:482] info: Store: UPDATE_SESSION_STATUS
{
  "hasValidSession": true,
  "teamId": "T5YEC6G73"
}
[05/01/18, 15:04:41:009] info: Store: UPDATE_SESSION_STATUS
{
  "hasValidSession": true,
  "teamId": "T02R0MMHK"
}
[05/01/18, 15:04:47:652] info: Store: UPSERT_WEB_CONTENTS
{
  "id": 5,
  "state": "loaded",
  "teamId": "T4HEMM0UR"
}
[05/01/18, 15:04:53:328] info: Store: UPDATE_SESSION_STATUS
{
  "hasValidSession": true,
  "teamId": "T4HEMM0UR"
}
[05/01/18, 15:04:55:479] info: Store: UPSERT_WEB_CONTENTS
{
  "id": 3,
  "state": "loaded",
  "teamId": "T5YEC6G73"
}
[05/01/18, 15:05:00:076] info: Store: UPDATE_TEAM_ICONS
{
  "icons": {
    "image_102": "https://slack-files2.s3-us-west-2.amazonaws.com/avatars/2017-06-28/205110093367_6705e64b9b4a8299bd1f_102.png",
    "image_132": "https://slack-files2.s3-us-west-2.amazonaws.com/avatars/2017-06-28/205110093367_6705e64b9b4a8299bd1f_132.png",
    "image_230": "https://slack-files2.s3-us-west-2.amazonaws.com/avatars/2017-06-28/205110093367_6705e64b9b4a8299bd1f_230.png",
    "image_34": "https://slack-files2.s3-us-west-2.amazonaws.com/avatars/2017-06-28/205110093367_6705e64b9b4a8299bd1f_34.png",
    "image_44": "https://slack-files2.s3-us-west-2.amazonaws.com/avatars/2017-06-28/205110093367_6705e64b9b4a8299bd1f_44.png",
    "image_68": "https://slack-files2.s3-us-west-2.amazonaws.com/avatars/2017-06-28/205110093367_6705e64b9b4a8299bd1f_68.png",
    "image_88": "https://slack-files2.s3-us-west-2.amazonaws.com/avatars/2017-06-28/205110093367_6705e64b9b4a8299bd1f_88.png",
    "image_original": "https://slack-files2.s3-us-west-2.amazonaws.com/avatars/2017-06-28/205110093367_6705e64b9b4a8299bd1f_original.png"
  },
  "teamId": "T5YEC6G73"
}
[05/01/18, 15:05:00:296] info: Store: SELECT_CHANNEL C8Y1H7TEE
[05/01/18, 15:05:00:300] info: Store: UPDATE_TEAM_LOCALE
{
  "locale": "en-US",
  "teamId": "T5YEC6G73"
}
[05/01/18, 15:05:00:303] info: Store: UPDATE_SETTINGS
{
  "locale": "en-US"
}
[05/01/18, 15:05:00:323] info: Store: UPDATE_TEAM_THEME
{
  "teamId": "T5YEC6G73",
  "theme": {
    "active_item": "#4C9689",
    "active_item_text": "#FFFFFF",
    "active_presence": "#38978D",
    "badge": "#EB4D5C",
    "column_bg": "#4D394B",
    "hover_item": "#3E313C",
    "menu_bg": "#3E313C",
    "text_color": "#FFFFFF"
  }
}
[05/01/18, 15:05:00:586] info: Store: UPSERT_WEB_CONTENTS
{
  "id": 3,
  "state": "webapp-loaded",
  "teamId": "T5YEC6G73"
}
[05/01/18, 15:05:00:784] info: Store: STORE_API_TOKEN
{
  "teamId": "T5YEC6G73",
  "token": "xoxs-⋯"
}
[05/01/18, 15:05:04:390] info: Store: UPDATE_SESSION_STATUS
{
  "hasValidSession": null,
  "teamId": "T5YEC6G73"
}
[05/02/18, 11:09:29:326] info: ╔════════════════════════════════════════════════════════════════════════════╗
[05/02/18, 11:09:29:327] info: ║      Slack 3.1.1, linux 4.16.5-1-zen on x64 at 05/02/18, 11:09:29:322      ║
[05/02/18, 11:09:29:327] info: ╚════════════════════════════════════════════════════════════════════════════╝
[05/02/18, 11:09:29:471] info: Initializing local storage instance at path: /home/nitoli/.config/Slack/local-settings.json
[05/02/18, 11:09:30:116] error: Calls failed to load, bailing
[05/02/18, 11:09:30:129] info: cld3::loadModule: loading cld3 module
[05/02/18, 11:09:30:197] info: cld3Loader::loadModule: running environment is NODE
[05/02/18, 11:09:30:197] info: cld3Loader::loadModule: constructed module object for runtime
[05/02/18, 11:09:30:461] info: cld3Loader::initializeRuntime: successfully initialized module
[05/02/18, 11:09:30:461] info: cld3Loader::loadModule: initialized wasm binary Runtime
[05/02/18, 11:09:30:465] warn: updateSpellcheckerLanguage: Tried to update language, but spellchecker not initialized
[05/02/18, 11:09:30:465] info: SSBIntegration: Main window preload script loaded 1714.640757
[05/02/18, 11:09:30:472] info: Store: SET_NETWORK_STATUS offline
[05/02/18, 11:09:30:474] info: Store: UPDATE_SESSION_STATUS
{
  "hasValidSession": null,
  "teamId": "T02R0MMHK"
}
[05/02/18, 11:09:30:474] info: Store: UPDATE_SESSION_STATUS
{
  "hasValidSession": null,
  "teamId": "T5YEC6G73"
}
[05/02/18, 11:09:30:475] info: Store: UPDATE_SESSION_STATUS
{
  "hasValidSession": null,
  "teamId": "T4HEMM0UR"
}
[05/02/18, 11:09:30:475] info: Store: UPSERT_WEB_CONTENTS
{
  "id": 4,
  "state": "loaded",
  "teamId": "T5YEC6G73"
}
[05/02/18, 11:09:30:476] info: Store: UPSERT_WEB_CONTENTS
{
  "id": 4,
  "state": "empty-page",
  "teamId": "T5YEC6G73"
}
[05/02/18, 11:09:30:477] info: Store: UPSERT_WEB_CONTENTS
{
  "id": 3,
  "state": "loaded",
  "teamId": "T02R0MMHK"
}
[05/02/18, 11:09:30:477] info: Store: UPSERT_WEB_CONTENTS
{
  "id": 3,
  "state": "empty-page",
  "teamId": "T02R0MMHK"
}
[05/02/18, 11:09:30:477] info: Store: UPDATE_SESSION_STATUS
{
  "hasValidSession": null,
  "teamId": "T5YEC6G73"
}
[05/02/18, 11:09:30:478] info: Store: UPDATE_SESSION_STATUS
{
  "hasValidSession": null,
  "teamId": "T02R0MMHK"
}
[05/02/18, 11:09:30:479] info: Store: UPSERT_WEB_CONTENTS
{
  "id": 5,
  "state": "loaded",
  "teamId": "T4HEMM0UR"
}
[05/02/18, 11:09:30:484] info: Store: UPSERT_WEB_CONTENTS
{
  "id": 5,
  "state": "empty-page",
  "teamId": "T4HEMM0UR"
}
[05/02/18, 11:09:30:578] info: Store: UPDATE_SESSION_STATUS
{
  "hasValidSession": null,
  "teamId": "T4HEMM0UR"
}
[05/02/18, 13:20:56:987] info: Store: QUIT_APP
[05/02/18, 13:20:57:019] info: Store: REMOVE_WINDOW 2
[05/02/18, 13:20:57:079] info: Store: QUIT_APP
