[05/05/18, 01:27:19:777] info: ╔════════════════════════════════════════════════════════════════════════════╗
[05/05/18, 01:27:19:778] info: ║      Slack 3.1.1, linux 4.16.6-1-zen on x64 at 05/05/18, 01:27:19:773      ║
[05/05/18, 01:27:19:779] info: ╚════════════════════════════════════════════════════════════════════════════╝
[05/05/18, 01:27:20:089] info: Initializing local storage instance at path: /home/nitoli/.config/Slack/local-settings.json
[05/05/18, 01:27:21:288] error: Calls failed to load, bailing
[05/05/18, 01:27:21:293] info: cld3::loadModule: loading cld3 module
[05/05/18, 01:27:21:382] info: cld3Loader::loadModule: running environment is NODE
[05/05/18, 01:27:21:383] info: cld3Loader::loadModule: constructed module object for runtime
[05/05/18, 01:27:22:113] info: cld3Loader::initializeRuntime: successfully initialized module
[05/05/18, 01:27:22:114] info: cld3Loader::loadModule: initialized wasm binary Runtime
[05/05/18, 01:27:22:125] warn: updateSpellcheckerLanguage: Tried to update language, but spellchecker not initialized
[05/05/18, 01:27:22:126] info: SSBIntegration: Main window preload script loaded 3400.496286
[05/05/18, 01:27:33:138] info: Store: SELECT_CHANNEL DAHC8TMSR
[05/05/18, 01:27:33:144] info: Store: UPDATE_TEAM_LOCALE
{
  "locale": "en-US"
}
[05/05/18, 01:27:33:147] info: Store: UPDATE_SETTINGS
{
  "locale": "en-US"
}
[05/05/18, 01:27:33:148] info: Store: SELECT_CHANNEL C8Y1H7TEE
[05/05/18, 01:27:33:148] info: Store: UPDATE_TEAM_LOCALE
{
  "locale": "en-US"
}
[05/05/18, 01:27:33:154] info: Store: UPSERT_WEB_CONTENTS
{
  "id": 3,
  "state": "loaded",
  "teamId": "T02R0MMHK"
}
[05/05/18, 01:27:33:155] info: Store: UPSERT_WEB_CONTENTS
{
  "id": 4,
  "state": "loaded",
  "teamId": "T5YEC6G73"
}
[05/05/18, 01:27:33:155] info: Store: SELECT_CHANNEL C4JRHEQB1
[05/05/18, 01:27:33:156] info: Store: UPDATE_TEAM_LOCALE
{
  "locale": "ja-JP"
}
[05/05/18, 01:27:33:156] info: Store: SELECT_CHANNEL G7GGG2GPN
[05/05/18, 01:27:33:157] info: Store: SELECT_CHANNEL C0GFH3RHU
[05/05/18, 01:27:33:157] info: Store: UPDATE_TEAM_LOCALE
{
  "locale": "ja-JP"
}
[05/05/18, 01:27:33:158] info: Store: UPDATE_TEAM_LOCALE
{
  "locale": "ja-JP"
}
[05/05/18, 01:27:33:158] info: Store: UPDATE_TEAM_LOCALE
{
  "locale": "en-US"
}
[05/05/18, 01:27:33:158] info: Store: UPSERT_WEB_CONTENTS
{
  "id": 4,
  "state": "webapp-loaded",
  "teamId": "T5YEC6G73"
}
[05/05/18, 01:27:33:160] info: Store: UPDATE_SESSION_STATUS
{
  "hasValidSession": true,
  "teamId": "T5YEC6G73"
}
[05/05/18, 01:27:33:172] info: Store: UPDATE_SESSION_STATUS
{
  "hasValidSession": true,
  "teamId": "T02R0MMHK"
}
[05/05/18, 01:27:33:192] info: Store: UPSERT_WEB_CONTENTS
{
  "id": 5,
  "state": "loaded",
  "teamId": "T4HEMM0UR"
}
[05/05/18, 01:27:33:222] info: Store: UPDATE_TEAM_THEME
{
  "teamId": "T5YEC6G73",
  "theme": {
    "active_item": "#4C9689",
    "active_item_text": "#FFFFFF",
    "active_presence": "#38978D",
    "badge": "#EB4D5C",
    "column_bg": "#4D394B",
    "hover_item": "#3E313C",
    "menu_bg": "#3E313C",
    "text_color": "#FFFFFF"
  }
}
[05/05/18, 01:27:33:222] info: Store: STORE_API_TOKEN
{
  "teamId": "T5YEC6G73",
  "token": "xoxs-⋯"
}
[05/05/18, 01:27:33:223] info: Store: UPDATE_TEAM_ICONS
{
  "icons": {
    "image_102": "https://slack-files2.s3-us-west-2.amazonaws.com/avatars/2017-06-28/205110093367_6705e64b9b4a8299bd1f_102.png",
    "image_132": "https://slack-files2.s3-us-west-2.amazonaws.com/avatars/2017-06-28/205110093367_6705e64b9b4a8299bd1f_132.png",
    "image_230": "https://slack-files2.s3-us-west-2.amazonaws.com/avatars/2017-06-28/205110093367_6705e64b9b4a8299bd1f_230.png",
    "image_34": "https://slack-files2.s3-us-west-2.amazonaws.com/avatars/2017-06-28/205110093367_6705e64b9b4a8299bd1f_34.png",
    "image_44": "https://slack-files2.s3-us-west-2.amazonaws.com/avatars/2017-06-28/205110093367_6705e64b9b4a8299bd1f_44.png",
    "image_68": "https://slack-files2.s3-us-west-2.amazonaws.com/avatars/2017-06-28/205110093367_6705e64b9b4a8299bd1f_68.png",
    "image_88": "https://slack-files2.s3-us-west-2.amazonaws.com/avatars/2017-06-28/205110093367_6705e64b9b4a8299bd1f_88.png",
    "image_original": "https://slack-files2.s3-us-west-2.amazonaws.com/avatars/2017-06-28/205110093367_6705e64b9b4a8299bd1f_original.png"
  },
  "teamId": "T5YEC6G73"
}
[05/05/18, 01:27:33:223] info: Store: UPSERT_WEB_CONTENTS
{
  "id": 6,
  "state": "loaded",
  "teamId": "T5LFW0CUB"
}
[05/05/18, 01:27:33:235] info: Store: UPSERT_WEB_CONTENTS
{
  "id": 7,
  "state": "loaded",
  "teamId": "T0GFBAM8C"
}
[05/05/18, 01:27:33:235] info: Store: UPDATE_TEAM_LOCALE
{
  "locale": "en-US"
}
[05/05/18, 01:27:33:235] info: Store: UPSERT_WEB_CONTENTS
{
  "id": 3,
  "state": "webapp-loaded",
  "teamId": "T02R0MMHK"
}
[05/05/18, 01:27:33:236] info: Store: UPDATE_TEAM_LOCALE
{
  "locale": "ja-JP"
}
[05/05/18, 01:27:33:238] info: Store: UPSERT_WEB_CONTENTS
{
  "id": 5,
  "state": "webapp-loaded",
  "teamId": "T4HEMM0UR"
}
[05/05/18, 01:27:33:244] info: Store: UPDATE_SESSION_STATUS
{
  "hasValidSession": true,
  "teamId": "T5LFW0CUB"
}
[05/05/18, 01:27:33:245] info: Store: STORE_API_TOKEN
{
  "teamId": "T4HEMM0UR",
  "token": "xoxs-⋯"
}
[05/05/18, 01:27:33:427] info: Store: UPDATE_TEAM_LOCALE
{
  "locale": "ja-JP"
}
[05/05/18, 01:27:33:442] info: Store: UPSERT_WEB_CONTENTS
{
  "id": 6,
  "state": "webapp-loaded",
  "teamId": "T5LFW0CUB"
}
[05/05/18, 01:27:33:467] info: Store: UPDATE_TEAM_THEME
{
  "teamId": "T02R0MMHK",
  "theme": {
    "active_item": "#4C9689",
    "active_item_text": "#FFFFFF",
    "active_presence": "#38978D",
    "badge": "#EB4D5C",
    "column_bg": "#4D394B",
    "hover_item": "#3E313C",
    "menu_bg": "#3E313C",
    "text_color": "#FFFFFF"
  }
}
[05/05/18, 01:27:33:517] info: Store: UPDATE_SESSION_STATUS
{
  "hasValidSession": true,
  "teamId": "T4HEMM0UR"
}
[05/05/18, 01:27:33:564] info: Store: UPDATE_TEAM_LOCALE
{
  "locale": "ja-JP"
}
[05/05/18, 01:27:33:577] info: Store: UPSERT_WEB_CONTENTS
{
  "id": 7,
  "state": "webapp-loaded",
  "teamId": "T0GFBAM8C"
}
[05/05/18, 01:27:33:673] info: Store: UPDATE_TEAM_THEME
{
  "teamId": "T5LFW0CUB",
  "theme": {
    "active_item": "#4C9689",
    "active_item_text": "#FFFFFF",
    "active_presence": "#38978D",
    "badge": "#EB4D5C",
    "column_bg": "#4D394B",
    "hover_item": "#3E313C",
    "menu_bg": "#3E313C",
    "text_color": "#FFFFFF"
  }
}
[05/05/18, 01:27:33:683] info: Store: STORE_API_TOKEN
{
  "teamId": "T5LFW0CUB",
  "token": "xoxs-⋯"
}
[05/05/18, 01:27:33:871] info: Store: UPDATE_SESSION_STATUS
{
  "hasValidSession": true,
  "teamId": "T0GFBAM8C"
}
[05/05/18, 01:27:33:872] info: Store: STORE_API_TOKEN
{
  "teamId": "T02R0MMHK",
  "token": "xoxs-⋯"
}
[05/05/18, 01:27:33:900] info: Store: UPDATE_TEAM_THEME
{
  "teamId": "T0GFBAM8C",
  "theme": {
    "active_item": "#4C9689",
    "active_item_text": "#FFFFFF",
    "active_presence": "#38978D",
    "badge": "#EB4D5C",
    "column_bg": "#4D394B",
    "hover_item": "#3E313C",
    "menu_bg": "#3E313C",
    "text_color": "#FFFFFF"
  }
}
[05/05/18, 01:27:33:907] info: Store: UPDATE_TEAM_ICONS
{
  "icons": {
    "image_102": "https://slack-files2.s3-us-west-2.amazonaws.com/avatars/2015-01-14/3400695805_06e3ed8a8ae7228d7c54_102.jpg",
    "image_132": "https://slack-files2.s3-us-west-2.amazonaws.com/avatars/2015-01-14/3400695805_06e3ed8a8ae7228d7c54_132.jpg",
    "image_230": "https://slack-files2.s3-us-west-2.amazonaws.com/avatars/2015-01-14/3400695805_06e3ed8a8ae7228d7c54_132.jpg",
    "image_34": "https://slack-files2.s3-us-west-2.amazonaws.com/avatars/2015-01-14/3400695805_06e3ed8a8ae7228d7c54_34.jpg",
    "image_44": "https://slack-files2.s3-us-west-2.amazonaws.com/avatars/2015-01-14/3400695805_06e3ed8a8ae7228d7c54_44.jpg",
    "image_68": "https://slack-files2.s3-us-west-2.amazonaws.com/avatars/2015-01-14/3400695805_06e3ed8a8ae7228d7c54_68.jpg",
    "image_88": "https://slack-files2.s3-us-west-2.amazonaws.com/avatars/2015-01-14/3400695805_06e3ed8a8ae7228d7c54_88.jpg",
    "image_original": "https://slack-files2.s3-us-west-2.amazonaws.com/avatars/2015-01-14/3400695805_06e3ed8a8ae7228d7c54_original.jpg"
  },
  "teamId": "T02R0MMHK"
}
[05/05/18, 01:27:33:941] info: Store: STORE_API_TOKEN
{
  "teamId": "T0GFBAM8C",
  "token": "xoxs-⋯"
}
[05/05/18, 01:27:34:021] info: Store: UPDATE_TEAM_ICONS
{
  "icons": {
    "image_102": "https://slack-files2.s3-us-west-2.amazonaws.com/avatars/2017-03-15/154610708258_f98e05c23845866960a5_102.png",
    "image_132": "https://slack-files2.s3-us-west-2.amazonaws.com/avatars/2017-03-15/154610708258_f98e05c23845866960a5_132.png",
    "image_230": "https://slack-files2.s3-us-west-2.amazonaws.com/avatars/2017-03-15/154610708258_f98e05c23845866960a5_230.png",
    "image_34": "https://slack-files2.s3-us-west-2.amazonaws.com/avatars/2017-03-15/154610708258_f98e05c23845866960a5_34.png",
    "image_44": "https://slack-files2.s3-us-west-2.amazonaws.com/avatars/2017-03-15/154610708258_f98e05c23845866960a5_44.png",
    "image_68": "https://slack-files2.s3-us-west-2.amazonaws.com/avatars/2017-03-15/154610708258_f98e05c23845866960a5_68.png",
    "image_88": "https://slack-files2.s3-us-west-2.amazonaws.com/avatars/2017-03-15/154610708258_f98e05c23845866960a5_88.png",
    "image_original": "https://slack-files2.s3-us-west-2.amazonaws.com/avatars/2017-03-15/154610708258_f98e05c23845866960a5_original.png"
  },
  "teamId": "T4HEMM0UR"
}
[05/05/18, 01:27:34:021] info: Store: UPDATE_TEAM_ICONS
{
  "icons": {
    "image_102": "https://slack-files2.s3-us-west-2.amazonaws.com/avatars/2015-12-19/17054493216_07addcfb3fb1718cbba4_102.png",
    "image_132": "https://slack-files2.s3-us-west-2.amazonaws.com/avatars/2015-12-19/17054493216_07addcfb3fb1718cbba4_132.png",
    "image_230": "https://slack-files2.s3-us-west-2.amazonaws.com/avatars/2015-12-19/17054493216_07addcfb3fb1718cbba4_132.png",
    "image_34": "https://slack-files2.s3-us-west-2.amazonaws.com/avatars/2015-12-19/17054493216_07addcfb3fb1718cbba4_34.png",
    "image_44": "https://slack-files2.s3-us-west-2.amazonaws.com/avatars/2015-12-19/17054493216_07addcfb3fb1718cbba4_44.png",
    "image_68": "https://slack-files2.s3-us-west-2.amazonaws.com/avatars/2015-12-19/17054493216_07addcfb3fb1718cbba4_68.png",
    "image_88": "https://slack-files2.s3-us-west-2.amazonaws.com/avatars/2015-12-19/17054493216_07addcfb3fb1718cbba4_88.png",
    "image_original": "https://slack-files2.s3-us-west-2.amazonaws.com/avatars/2015-12-19/17054493216_07addcfb3fb1718cbba4_original.png"
  },
  "teamId": "T0GFBAM8C"
}
[05/05/18, 01:27:34:036] info: Store: UPDATE_TEAM_ICONS
{
  "icons": {
    "image_102": "https://slack-files2.s3-us-west-2.amazonaws.com/avatars/2017-08-21/229801110004_7754c1684d8336d012c4_102.jpg",
    "image_132": "https://slack-files2.s3-us-west-2.amazonaws.com/avatars/2017-08-21/229801110004_7754c1684d8336d012c4_132.jpg",
    "image_230": "https://slack-files2.s3-us-west-2.amazonaws.com/avatars/2017-08-21/229801110004_7754c1684d8336d012c4_230.jpg",
    "image_34": "https://slack-files2.s3-us-west-2.amazonaws.com/avatars/2017-08-21/229801110004_7754c1684d8336d012c4_34.jpg",
    "image_44": "https://slack-files2.s3-us-west-2.amazonaws.com/avatars/2017-08-21/229801110004_7754c1684d8336d012c4_44.jpg",
    "image_68": "https://slack-files2.s3-us-west-2.amazonaws.com/avatars/2017-08-21/229801110004_7754c1684d8336d012c4_68.jpg",
    "image_88": "https://slack-files2.s3-us-west-2.amazonaws.com/avatars/2017-08-21/229801110004_7754c1684d8336d012c4_88.jpg",
    "image_original": "https://slack-files2.s3-us-west-2.amazonaws.com/avatars/2017-08-21/229801110004_7754c1684d8336d012c4_original.jpg"
  },
  "teamId": "T5LFW0CUB"
}
[05/05/18, 01:27:34:045] info: Store: UPDATE_TEAM_THEME
{
  "teamId": "T4HEMM0UR",
  "theme": {
    "active_item": "#4C9689",
    "active_item_text": "#FFFFFF",
    "active_presence": "#38978D",
    "badge": "#EB4D5C",
    "column_bg": "#4D394B",
    "hover_item": "#3E313C",
    "menu_bg": "#3E313C",
    "text_color": "#FFFFFF"
  }
}
[05/05/18, 01:30:26:713] info: Store: MAIN_WINDOW_FOCUSED
[05/05/18, 01:30:26:829] info: Store: SELECT_TEAM T5YEC6G73
[05/05/18, 01:32:10:631] info: Store: MAIN_WINDOW_FOCUSED
[05/05/18, 01:32:10:725] info: Store: SELECT_TEAM T02R0MMHK
[05/04/18, 17:03:36:023] info: Store: SET_FULL_SCREEN
[05/04/18, 19:58:29:048] info: Store: FOREGROUND_APP
[05/04/18, 19:58:29:077] info: Store: MAIN_WINDOW_FOCUSED
[05/04/18, 19:58:32:093] info: Store: MAIN_WINDOW_FOCUSED
[05/04/18, 19:58:32:215] info: Store: SELECT_TEAM T5YEC6G73
[05/04/18, 19:59:44:144] info: Store: MAIN_WINDOW_FOCUSED
[05/04/18, 19:59:44:249] info: Store: SELECT_TEAM T02R0MMHK
[05/04/18, 20:12:05:069] info: Store: NEW_NOTIFICATION
{
  "avatarImage": "https://ca.slack-edge.com/T5LFW0CUB-USLACKBOT-sv1444671949-512",
  "channel": "DAGCR0QAV",
  "content": "[REDACTED]",
  "id": "ZV9jsMhyLMWvXA4",
  "imageUri": null,
  "launchUri": "slack://channel?id=DAGCR0QAV&message=1525432324.000339&team=T5LFW0CUB",
  "msg": "1525432324.000339",
  "silent": true,
  "subtitle": "",
  "teamId": "T5LFW0CUB",
  "title": "[REDACTED]"
}
[05/04/18, 20:12:17:564] info: Store: FOREGROUND_APP
[05/04/18, 20:12:17:594] info: Store: MAIN_WINDOW_FOCUSED
[05/04/18, 20:12:19:408] info: Store: MAIN_WINDOW_FOCUSED
[05/04/18, 20:12:19:481] info: Store: SELECT_TEAM T5LFW0CUB
[05/04/18, 20:12:19:492] info: Store: UPDATE_SETTINGS
{
  "locale": "ja-JP"
}
[05/04/18, 20:12:19:492] info: TranslationLookup: locale set to ja-JP for renderer
[05/04/18, 20:12:21:420] info: Store: SELECT_CHANNEL DAGCR0QAV
[05/04/18, 20:13:34:764] info: Store: MAIN_WINDOW_FOCUSED
[05/04/18, 20:13:34:894] info: Store: SELECT_TEAM T4HEMM0UR
[05/04/18, 20:13:36:085] info: Raw Locale list: ["C","en_US.utf8","POSIX",""]
[05/04/18, 20:13:36:086] info: Filtered Locale list: ["en_US"]
[05/04/18, 20:13:36:086] info: Counts: {"en":["en_US"]}
[05/04/18, 20:13:36:086] info: Setting en
[05/04/18, 20:13:36:087] info: Result: {"en":"en-US"}
[05/04/18, 20:13:36:088] info: Requesting to load ja-JP, alternatives are ["ja-JP","ja-JP","ja-JP"]
[05/04/18, 20:13:36:089] info: Loading dictionary for language ja-JP
[05/04/18, 20:13:36:091] info: Returning local copy: /home/nitoli/.config/Slack/dictionaries/ja-JP.bdic
[05/04/18, 20:13:36:103] info: Failed to read file /home/nitoli/.config/Slack/dictionaries/ja-JP.bdic: File exists but is most likely bogus
[05/04/18, 20:13:36:103] info: Actually downloading https://redirector.gvt1.com/edgedl/chrome/dict/ja-jp-3-0.bdic
[05/04/18, 20:13:36:487] info: Loading dictionary for language ja-JP
[05/04/18, 20:13:36:488] info: Returning local copy: /home/nitoli/.config/Slack/dictionaries/ja-JP.bdic
[05/04/18, 20:13:36:490] info: Failed to read file /home/nitoli/.config/Slack/dictionaries/ja-JP.bdic: File exists but is most likely bogus
[05/04/18, 20:13:36:491] info: Actually downloading https://redirector.gvt1.com/edgedl/chrome/dict/ja-jp-3-0.bdic
[05/04/18, 20:13:36:776] info: Loading dictionary for language ja-JP
[05/04/18, 20:13:36:776] info: Returning local copy: /home/nitoli/.config/Slack/dictionaries/ja-JP.bdic
[05/04/18, 20:13:36:778] info: Failed to read file /home/nitoli/.config/Slack/dictionaries/ja-JP.bdic: File exists but is most likely bogus
[05/04/18, 20:13:36:779] info: Actually downloading https://redirector.gvt1.com/edgedl/chrome/dict/ja-jp-3-0.bdic
[05/04/18, 20:13:36:941] info: dictionary for ja-JP_ja-JP is not available
[05/04/18, 20:13:36:942] info: Actually installing spell check provider to Electron
[05/04/18, 20:13:49:051] info: Unloading spellchecker
[05/04/18, 20:13:49:055] info: Restoring spellchecker
[05/04/18, 20:13:49:055] info: Requesting to load ja-JP, alternatives are ["ja-JP","ja-JP","ja-JP"]
[05/04/18, 20:13:49:056] info: Loading dictionary for language ja-JP
[05/04/18, 20:13:49:056] info: Returning local copy: /home/nitoli/.config/Slack/dictionaries/ja-JP.bdic
[05/04/18, 20:13:49:066] info: Store: MAIN_WINDOW_FOCUSED
[05/04/18, 20:13:49:067] info: Failed to read file /home/nitoli/.config/Slack/dictionaries/ja-JP.bdic: File exists but is most likely bogus
[05/04/18, 20:13:49:068] info: Actually downloading https://redirector.gvt1.com/edgedl/chrome/dict/ja-jp-3-0.bdic
[05/04/18, 20:13:49:155] info: Store: SELECT_TEAM T02R0MMHK
[05/04/18, 20:13:49:159] info: Unloading spellchecker
[05/04/18, 20:13:49:161] info: Unloading spellchecker
[05/04/18, 20:13:49:163] info: Store: UPDATE_SETTINGS
{
  "locale": "en-US"
}
[05/04/18, 20:13:49:163] info: TranslationLookup: locale set to en-US for renderer
[05/04/18, 20:13:49:546] info: Loading dictionary for language ja-JP
[05/04/18, 20:13:49:546] info: Returning local copy: /home/nitoli/.config/Slack/dictionaries/ja-JP.bdic
[05/04/18, 20:13:49:547] info: Failed to read file /home/nitoli/.config/Slack/dictionaries/ja-JP.bdic: File exists but is most likely bogus
[05/04/18, 20:13:49:547] info: Actually downloading https://redirector.gvt1.com/edgedl/chrome/dict/ja-jp-3-0.bdic
[05/04/18, 20:13:49:717] info: Loading dictionary for language ja-JP
[05/04/18, 20:13:49:717] info: Returning local copy: /home/nitoli/.config/Slack/dictionaries/ja-JP.bdic
[05/04/18, 20:13:49:717] info: Failed to read file /home/nitoli/.config/Slack/dictionaries/ja-JP.bdic: File exists but is most likely bogus
[05/04/18, 20:13:49:718] info: Actually downloading https://redirector.gvt1.com/edgedl/chrome/dict/ja-jp-3-0.bdic
[05/04/18, 20:13:49:891] info: dictionary for ja-JP_ja-JP is not available
[05/04/18, 20:14:02:576] info: Store: MAIN_WINDOW_FOCUSED
[05/04/18, 20:14:02:692] info: Store: SELECT_TEAM T5YEC6G73
[05/04/18, 20:14:18:862] info: Store: MAIN_WINDOW_FOCUSED
[05/04/18, 20:14:18:970] info: Store: SELECT_TEAM T0GFBAM8C
[05/04/18, 20:14:18:978] info: Store: UPDATE_SETTINGS
{
  "locale": "ja-JP"
}
[05/04/18, 20:14:18:979] info: TranslationLookup: locale set to ja-JP for renderer
[05/04/18, 20:14:35:473] info: Store: MAIN_WINDOW_FOCUSED
[05/04/18, 20:14:35:875] info: Store: SELECT_TEAM T02R0MMHK
[05/04/18, 20:14:35:895] info: Store: UPDATE_SETTINGS
{
  "locale": "en-US"
}
[05/04/18, 20:14:35:896] info: TranslationLookup: locale set to en-US for renderer
[05/04/18, 20:14:37:655] info: Store: MAIN_WINDOW_FOCUSED
[05/04/18, 20:14:37:766] info: Store: SELECT_TEAM T5YEC6G73
[05/04/18, 20:14:38:851] info: Store: MAIN_WINDOW_FOCUSED
[05/04/18, 20:14:38:982] info: Store: SELECT_TEAM T02R0MMHK
[05/04/18, 20:14:39:810] info: Store: MAIN_WINDOW_FOCUSED
[05/04/18, 20:14:39:948] info: Store: SELECT_TEAM T4HEMM0UR
[05/04/18, 20:14:39:977] info: Restoring spellchecker
[05/04/18, 20:14:39:978] info: Requesting to load ja-JP, alternatives are ["ja-JP","ja-JP","ja-JP"]
[05/04/18, 20:14:39:979] info: Loading dictionary for language ja-JP
[05/04/18, 20:14:39:980] info: Returning local copy: /home/nitoli/.config/Slack/dictionaries/ja-JP.bdic
[05/04/18, 20:14:39:982] info: Restoring spellchecker
[05/04/18, 20:14:39:984] info: Requesting to load ja-JP, alternatives are ["ja-JP","ja-JP","ja-JP"]
[05/04/18, 20:14:39:986] info: Loading dictionary for language ja-JP
[05/04/18, 20:14:39:987] info: Returning local copy: /home/nitoli/.config/Slack/dictionaries/ja-JP.bdic
[05/04/18, 20:14:39:988] info: Store: UPDATE_SETTINGS
{
  "locale": "ja-JP"
}
[05/04/18, 20:14:39:990] info: TranslationLookup: locale set to ja-JP for renderer
[05/04/18, 20:14:39:992] info: Failed to read file /home/nitoli/.config/Slack/dictionaries/ja-JP.bdic: File exists but is most likely bogus
[05/04/18, 20:14:39:994] info: Failed to read file /home/nitoli/.config/Slack/dictionaries/ja-JP.bdic: File exists but is most likely bogus
[05/04/18, 20:14:39:995] info: Actually downloading https://redirector.gvt1.com/edgedl/chrome/dict/ja-jp-3-0.bdic
[05/04/18, 20:14:40:069] info: Can't clear out file, bailing
[05/04/18, 20:14:40:069] info: Loading dictionary for language ja-JP
[05/04/18, 20:14:40:069] info: Actually downloading https://redirector.gvt1.com/edgedl/chrome/dict/ja-jp-3-0.bdic
[05/04/18, 20:14:40:574] info: Loading dictionary for language ja-JP
[05/04/18, 20:14:40:575] info: Returning local copy: /home/nitoli/.config/Slack/dictionaries/ja-JP.bdic
[05/04/18, 20:14:40:578] info: Failed to read file /home/nitoli/.config/Slack/dictionaries/ja-JP.bdic: File exists but is most likely bogus
[05/04/18, 20:14:40:580] info: Actually downloading https://redirector.gvt1.com/edgedl/chrome/dict/ja-jp-3-0.bdic
[05/04/18, 20:14:40:731] info: Loading dictionary for language ja-JP
[05/04/18, 20:14:40:732] info: Returning local copy: /home/nitoli/.config/Slack/dictionaries/ja-JP.bdic
[05/04/18, 20:14:40:739] info: Failed to read file /home/nitoli/.config/Slack/dictionaries/ja-JP.bdic: File exists but is most likely bogus
[05/04/18, 20:14:40:740] info: Actually downloading https://redirector.gvt1.com/edgedl/chrome/dict/ja-jp-3-0.bdic
[05/04/18, 20:14:40:793] info: Loading dictionary for language ja-JP
[05/04/18, 20:14:40:793] info: Returning local copy: /home/nitoli/.config/Slack/dictionaries/ja-JP.bdic
[05/04/18, 20:14:40:795] info: Failed to read file /home/nitoli/.config/Slack/dictionaries/ja-JP.bdic: File exists but is most likely bogus
[05/04/18, 20:14:40:795] info: Actually downloading https://redirector.gvt1.com/edgedl/chrome/dict/ja-jp-3-0.bdic
[05/04/18, 20:14:40:949] info: dictionary for ja-JP_ja-JP is not available
[05/04/18, 20:14:41:049] info: dictionary for ja-JP_ja-JP is not available
[05/04/18, 20:14:41:274] info: Unloading spellchecker
[05/04/18, 20:14:41:291] info: Store: MAIN_WINDOW_FOCUSED
[05/04/18, 20:14:41:296] info: Restoring spellchecker
[05/04/18, 20:14:41:298] info: Requesting to load ja-JP, alternatives are ["ja-JP","ja-JP","ja-JP"]
[05/04/18, 20:14:41:299] info: Loading dictionary for language ja-JP
[05/04/18, 20:14:41:299] info: Returning local copy: /home/nitoli/.config/Slack/dictionaries/ja-JP.bdic
[05/04/18, 20:14:41:301] info: Failed to read file /home/nitoli/.config/Slack/dictionaries/ja-JP.bdic: File exists but is most likely bogus
[05/04/18, 20:14:41:302] info: Actually downloading https://redirector.gvt1.com/edgedl/chrome/dict/ja-jp-3-0.bdic
[05/04/18, 20:14:41:397] info: Store: SELECT_TEAM T5LFW0CUB
[05/04/18, 20:14:41:402] info: Unloading spellchecker
[05/04/18, 20:14:41:404] info: Unloading spellchecker
[05/04/18, 20:14:41:469] info: Loading dictionary for language ja-JP
[05/04/18, 20:14:41:470] info: Returning local copy: /home/nitoli/.config/Slack/dictionaries/ja-JP.bdic
[05/04/18, 20:14:41:473] info: Failed to read file /home/nitoli/.config/Slack/dictionaries/ja-JP.bdic: File exists but is most likely bogus
[05/04/18, 20:14:41:474] info: Actually downloading https://redirector.gvt1.com/edgedl/chrome/dict/ja-jp-3-0.bdic
[05/04/18, 20:14:41:638] info: Loading dictionary for language ja-JP
[05/04/18, 20:14:41:638] info: Returning local copy: /home/nitoli/.config/Slack/dictionaries/ja-JP.bdic
[05/04/18, 20:14:41:639] info: Failed to read file /home/nitoli/.config/Slack/dictionaries/ja-JP.bdic: File exists but is most likely bogus
[05/04/18, 20:14:41:643] info: Actually downloading https://redirector.gvt1.com/edgedl/chrome/dict/ja-jp-3-0.bdic
[05/04/18, 20:14:41:798] info: dictionary for ja-JP_ja-JP is not available
[05/04/18, 20:14:45:811] info: Store: MAIN_WINDOW_FOCUSED
[05/04/18, 20:14:46:023] info: Store: SELECT_TEAM T0GFBAM8C
[05/04/18, 20:14:47:125] info: Store: MAIN_WINDOW_FOCUSED
[05/04/18, 20:14:47:612] info: Store: MAIN_WINDOW_FOCUSED
[05/04/18, 20:14:47:887] info: Store: SELECT_TEAM T4HEMM0UR
[05/04/18, 20:14:47:915] info: Restoring spellchecker
[05/04/18, 20:14:47:917] info: Requesting to load ja-JP, alternatives are ["ja-JP","ja-JP","ja-JP"]
[05/04/18, 20:14:47:918] info: Loading dictionary for language ja-JP
[05/04/18, 20:14:47:919] info: Actually downloading https://redirector.gvt1.com/edgedl/chrome/dict/ja-jp-3-0.bdic
[05/04/18, 20:14:47:985] info: Restoring spellchecker
[05/04/18, 20:14:47:986] info: Requesting to load ja-JP, alternatives are ["ja-JP","ja-JP","ja-JP"]
[05/04/18, 20:14:47:986] info: Loading dictionary for language ja-JP
[05/04/18, 20:14:47:987] info: Actually downloading https://redirector.gvt1.com/edgedl/chrome/dict/ja-jp-3-0.bdic
[05/04/18, 20:14:48:417] info: Loading dictionary for language ja-JP
[05/04/18, 20:14:48:418] info: Returning local copy: /home/nitoli/.config/Slack/dictionaries/ja-JP.bdic
[05/04/18, 20:14:48:419] info: Failed to read file /home/nitoli/.config/Slack/dictionaries/ja-JP.bdic: File exists but is most likely bogus
[05/04/18, 20:14:48:422] info: Actually downloading https://redirector.gvt1.com/edgedl/chrome/dict/ja-jp-3-0.bdic
[05/04/18, 20:14:48:606] info: Loading dictionary for language ja-JP
[05/04/18, 20:14:48:606] info: Returning local copy: /home/nitoli/.config/Slack/dictionaries/ja-JP.bdic
[05/04/18, 20:14:48:608] info: Failed to read file /home/nitoli/.config/Slack/dictionaries/ja-JP.bdic: File exists but is most likely bogus
[05/04/18, 20:14:48:609] info: Actually downloading https://redirector.gvt1.com/edgedl/chrome/dict/ja-jp-3-0.bdic
[05/04/18, 20:14:48:643] info: Loading dictionary for language ja-JP
[05/04/18, 20:14:48:644] info: Returning local copy: /home/nitoli/.config/Slack/dictionaries/ja-JP.bdic
[05/04/18, 20:14:48:646] info: Failed to read file /home/nitoli/.config/Slack/dictionaries/ja-JP.bdic: File exists but is most likely bogus
[05/04/18, 20:14:48:646] info: Actually downloading https://redirector.gvt1.com/edgedl/chrome/dict/ja-jp-3-0.bdic
[05/04/18, 20:14:48:757] info: Loading dictionary for language ja-JP
[05/04/18, 20:14:48:758] info: Returning local copy: /home/nitoli/.config/Slack/dictionaries/ja-JP.bdic
[05/04/18, 20:14:48:760] info: Failed to read file /home/nitoli/.config/Slack/dictionaries/ja-JP.bdic: File exists but is most likely bogus
[05/04/18, 20:14:48:761] info: Actually downloading https://redirector.gvt1.com/edgedl/chrome/dict/ja-jp-3-0.bdic
[05/04/18, 20:14:48:926] info: dictionary for ja-JP_ja-JP is not available
[05/04/18, 20:14:49:029] info: dictionary for ja-JP_ja-JP is not available
[05/04/18, 20:15:09:371] info: Unloading spellchecker
[05/04/18, 20:55:09:133] info: Store: NEW_NOTIFICATION
{
  "avatarImage": "https://ca.slack-edge.com/T5YEC6G73-U5Z2SMFB6-65b51f7cdf65-512",
  "channel": "C8Y1H7TEE",
  "content": "[REDACTED]",
  "id": "RoyghrhOwXnv232",
  "imageUri": null,
  "launchUri": "slack://channel?id=C8Y1H7TEE&message=1525434908.000459&team=T5YEC6G73",
  "msg": "1525434908.000459",
  "silent": true,
  "subtitle": "",
  "teamId": "T5YEC6G73",
  "title": "[REDACTED]"
}
[05/04/18, 20:55:22:250] info: Store: FOREGROUND_APP
[05/04/18, 20:55:29:771] info: Restoring spellchecker
[05/04/18, 20:55:29:771] info: Requesting to load ja-JP, alternatives are ["ja-JP","ja-JP","ja-JP"]
[05/04/18, 20:55:29:771] info: Loading dictionary for language ja-JP
[05/04/18, 20:55:29:772] info: Returning local copy: /home/nitoli/.config/Slack/dictionaries/ja-JP.bdic
[05/04/18, 20:55:29:789] info: Store: MAIN_WINDOW_FOCUSED
[05/04/18, 20:55:29:794] info: Failed to read file /home/nitoli/.config/Slack/dictionaries/ja-JP.bdic: File exists but is most likely bogus
[05/04/18, 20:55:29:799] info: Actually downloading https://redirector.gvt1.com/edgedl/chrome/dict/ja-jp-3-0.bdic
[05/04/18, 20:55:30:817] info: Loading dictionary for language ja-JP
[05/04/18, 20:55:30:817] info: Returning local copy: /home/nitoli/.config/Slack/dictionaries/ja-JP.bdic
[05/04/18, 20:55:30:818] info: Failed to read file /home/nitoli/.config/Slack/dictionaries/ja-JP.bdic: File exists but is most likely bogus
[05/04/18, 20:55:30:819] info: Actually downloading https://redirector.gvt1.com/edgedl/chrome/dict/ja-jp-3-0.bdic
[05/04/18, 20:55:30:968] info: Loading dictionary for language ja-JP
[05/04/18, 20:55:30:969] info: Returning local copy: /home/nitoli/.config/Slack/dictionaries/ja-JP.bdic
[05/04/18, 20:55:30:970] info: Failed to read file /home/nitoli/.config/Slack/dictionaries/ja-JP.bdic: File exists but is most likely bogus
[05/04/18, 20:55:30:972] info: Actually downloading https://redirector.gvt1.com/edgedl/chrome/dict/ja-jp-3-0.bdic
[05/04/18, 20:55:31:122] info: dictionary for ja-JP_ja-JP is not available
[05/04/18, 20:55:34:223] info: Unloading spellchecker
[05/04/18, 20:55:34:227] info: Restoring spellchecker
[05/04/18, 20:55:34:228] info: Requesting to load ja-JP, alternatives are ["ja-JP","ja-JP","ja-JP"]
[05/04/18, 20:55:34:228] info: Loading dictionary for language ja-JP
[05/04/18, 20:55:34:229] info: Returning local copy: /home/nitoli/.config/Slack/dictionaries/ja-JP.bdic
[05/04/18, 20:55:34:237] info: Store: MAIN_WINDOW_FOCUSED
[05/04/18, 20:55:34:238] info: Failed to read file /home/nitoli/.config/Slack/dictionaries/ja-JP.bdic: File exists but is most likely bogus
[05/04/18, 20:55:34:239] info: Actually downloading https://redirector.gvt1.com/edgedl/chrome/dict/ja-jp-3-0.bdic
[05/04/18, 20:55:34:341] info: Store: SELECT_TEAM T5YEC6G73
[05/04/18, 20:55:34:360] info: Unloading spellchecker
[05/04/18, 20:55:34:369] info: Unloading spellchecker
[05/04/18, 20:55:34:370] info: Store: UPDATE_SETTINGS
{
  "locale": "en-US"
}
[05/04/18, 20:55:34:370] info: TranslationLookup: locale set to en-US for renderer
[05/04/18, 20:55:34:399] info: Loading dictionary for language ja-JP
[05/04/18, 20:55:34:399] info: Actually downloading https://redirector.gvt1.com/edgedl/chrome/dict/ja-jp-3-0.bdic
[05/04/18, 20:55:34:559] info: Loading dictionary for language ja-JP
[05/04/18, 20:55:34:559] info: Returning local copy: /home/nitoli/.config/Slack/dictionaries/ja-JP.bdic
[05/04/18, 20:55:34:560] info: Failed to read file /home/nitoli/.config/Slack/dictionaries/ja-JP.bdic: File exists but is most likely bogus
[05/04/18, 20:55:34:562] info: Actually downloading https://redirector.gvt1.com/edgedl/chrome/dict/ja-jp-3-0.bdic
[05/04/18, 20:55:34:988] info: dictionary for ja-JP_ja-JP is not available
[05/04/18, 21:16:26:523] info: Store: NEW_NOTIFICATION
{
  "avatarImage": "https://ca.slack-edge.com/T5YEC6G73-U5Z2SMFB6-65b51f7cdf65-512",
  "channel": "C8Y1H7TEE",
  "content": "[REDACTED]",
  "id": "G5kZSBiQDrAv44g",
  "imageUri": null,
  "launchUri": "slack://channel?id=C8Y1H7TEE&message=1525436186.000104&team=T5YEC6G73",
  "msg": "1525436186.000104",
  "silent": true,
  "subtitle": "",
  "teamId": "T5YEC6G73",
  "title": "[REDACTED]"
}
[05/04/18, 21:16:38:586] info: Store: FOREGROUND_APP
[05/04/18, 21:16:38:603] info: Store: MAIN_WINDOW_FOCUSED
[05/04/18, 21:20:40:665] info: Store: NEW_NOTIFICATION
{
  "avatarImage": "https://ca.slack-edge.com/T5YEC6G73-U60Q04VT6-a7586f1eca91-512",
  "channel": "C8Y1H7TEE",
  "content": "[REDACTED]",
  "id": "Oyv7f5sr1WyVD13",
  "imageUri": null,
  "launchUri": "slack://channel?id=C8Y1H7TEE&message=1525436440.000119&team=T5YEC6G73",
  "msg": "1525436440.000119",
  "silent": true,
  "subtitle": "",
  "teamId": "T5YEC6G73",
  "title": "[REDACTED]"
}
[05/04/18, 21:22:03:766] info: Store: NEW_NOTIFICATION
{
  "avatarImage": "https://ca.slack-edge.com/T5YEC6G73-U5Z2SMFB6-65b51f7cdf65-512",
  "channel": "C8Y1H7TEE",
  "content": "[REDACTED]",
  "id": "nrAZc6tZqvAyXy2",
  "imageUri": null,
  "launchUri": "slack://channel?id=C8Y1H7TEE&message=1525436523.000128&team=T5YEC6G73",
  "msg": "1525436523.000128",
  "silent": true,
  "subtitle": "",
  "teamId": "T5YEC6G73",
  "title": "[REDACTED]"
}
[05/04/18, 21:24:18:306] info: Store: NEW_NOTIFICATION
{
  "avatarImage": "https://ca.slack-edge.com/T5YEC6G73-U5Z2SMFB6-65b51f7cdf65-512",
  "channel": "C8Y1H7TEE",
  "content": "[REDACTED]",
  "id": "rRG0I2uykLppzLG",
  "imageUri": null,
  "launchUri": "slack://channel?id=C8Y1H7TEE&message=1525436657.000456&team=T5YEC6G73",
  "msg": "1525436657.000456",
  "silent": true,
  "subtitle": "",
  "teamId": "T5YEC6G73",
  "title": "[REDACTED]"
}
[05/04/18, 21:24:33:134] info: Store: NEW_NOTIFICATION
{
  "avatarImage": "https://ca.slack-edge.com/T5YEC6G73-U5Z2SMFB6-65b51f7cdf65-512",
  "channel": "C8Y1H7TEE",
  "content": "[REDACTED]",
  "id": "32qls9CDVOxxO0O",
  "imageUri": null,
  "launchUri": "slack://channel?id=C8Y1H7TEE&message=1525436672.000397&team=T5YEC6G73",
  "msg": "1525436672.000397",
  "silent": true,
  "subtitle": "",
  "teamId": "T5YEC6G73",
  "title": "[REDACTED]"
}
[05/04/18, 21:29:34:605] info: Store: NEW_NOTIFICATION
{
  "avatarImage": "https://ca.slack-edge.com/T5YEC6G73-U5Z2SMFB6-65b51f7cdf65-512",
  "channel": "C8Y1H7TEE",
  "content": "[REDACTED]",
  "id": "APLnsnFYKB7D7ZL",
  "imageUri": null,
  "launchUri": "slack://channel?id=C8Y1H7TEE&message=1525436974.000149&team=T5YEC6G73",
  "msg": "1525436974.000149",
  "silent": true,
  "subtitle": "",
  "teamId": "T5YEC6G73",
  "title": "[REDACTED]"
}
[05/04/18, 21:30:25:700] info: Store: NEW_NOTIFICATION
{
  "avatarImage": "https://ca.slack-edge.com/T5YEC6G73-U5Z2SMFB6-65b51f7cdf65-512",
  "channel": "C8Y1H7TEE",
  "content": "[REDACTED]",
  "id": "pQDgUyHGlxAmqy2",
  "imageUri": null,
  "launchUri": "slack://channel?id=C8Y1H7TEE&message=1525437025.000177&team=T5YEC6G73",
  "msg": "1525437025.000177",
  "silent": true,
  "subtitle": "",
  "teamId": "T5YEC6G73",
  "title": "[REDACTED]"
}
[05/04/18, 21:31:21:000] info: Store: NEW_NOTIFICATION
{
  "avatarImage": "https://ca.slack-edge.com/T5YEC6G73-U5Z2SMFB6-65b51f7cdf65-512",
  "channel": "C8Y1H7TEE",
  "content": "[REDACTED]",
  "id": "rRG0I4IykLpZKPv",
  "imageUri": null,
  "launchUri": "slack://channel?id=C8Y1H7TEE&message=1525437080.000306&team=T5YEC6G73",
  "msg": "1525437080.000306",
  "silent": true,
  "subtitle": "",
  "teamId": "T5YEC6G73",
  "title": "[REDACTED]"
}
[05/04/18, 21:32:38:555] info: Store: NEW_NOTIFICATION
{
  "avatarImage": "https://ca.slack-edge.com/T5YEC6G73-U5Z2SMFB6-65b51f7cdf65-512",
  "channel": "C8Y1H7TEE",
  "content": "[REDACTED]",
  "id": "1rojcxSXZm6j7R4",
  "imageUri": null,
  "launchUri": "slack://channel?id=C8Y1H7TEE&message=1525437158.000084&team=T5YEC6G73",
  "msg": "1525437158.000084",
  "silent": true,
  "subtitle": "",
  "teamId": "T5YEC6G73",
  "title": "[REDACTED]"
}
