[05/04/18, 07:28:17:870] info: ╔════════════════════════════════════════════════════════════════════════════╗
[05/04/18, 07:28:17:871] info: ║      Slack 3.1.1, linux 4.16.5-1-zen on x64 at 05/04/18, 07:28:17:865      ║
[05/04/18, 07:28:17:871] info: ╚════════════════════════════════════════════════════════════════════════════╝
[05/04/18, 07:28:18:093] info: Initializing local storage instance at path: /home/nitoli/.config/Slack/local-settings.json
[05/04/18, 07:28:19:467] error: Calls failed to load, bailing
[05/04/18, 07:28:19:476] info: cld3::loadModule: loading cld3 module
[05/04/18, 07:28:19:597] info: cld3Loader::loadModule: running environment is NODE
[05/04/18, 07:28:19:597] info: cld3Loader::loadModule: constructed module object for runtime
[05/04/18, 07:28:20:361] info: cld3Loader::initializeRuntime: successfully initialized module
[05/04/18, 07:28:20:361] info: cld3Loader::loadModule: initialized wasm binary Runtime
[05/04/18, 07:28:20:375] warn: updateSpellcheckerLanguage: Tried to update language, but spellchecker not initialized
[05/04/18, 07:28:20:376] info: SSBIntegration: Main window preload script loaded 3598.351511
[05/04/18, 07:28:23:815] info: Store: MAIN_WINDOW_FOCUSED
[05/04/18, 07:28:23:821] info: Store: SELECT_TEAM T02R0MMHK
[05/04/18, 07:28:23:830] info: Store: UPDATE_SETTINGS
{
  "locale": "en-US"
}
[05/04/18, 07:28:26:609] info: Store: UPSERT_WEB_CONTENTS
{
  "id": 3,
  "state": "loaded",
  "teamId": "T5YEC6G73"
}
[05/04/18, 07:28:29:676] info: Store: UPDATE_SESSION_STATUS
{
  "hasValidSession": true,
  "teamId": "T5YEC6G73"
}
[05/04/18, 07:28:29:685] info: Store: UPSERT_WEB_CONTENTS
{
  "id": 4,
  "state": "loaded",
  "teamId": "T02R0MMHK"
}
[05/04/18, 07:28:29:685] info: Store: UPDATE_SESSION_STATUS
{
  "hasValidSession": true,
  "teamId": "T02R0MMHK"
}
[05/04/18, 07:28:29:691] info: Store: SELECT_CHANNEL C611PHRBQ
[05/04/18, 07:28:29:692] info: Store: UPDATE_TEAM_LOCALE
{
  "locale": "en-US",
  "teamId": "T5YEC6G73"
}
[05/04/18, 07:28:29:697] info: Store: UPDATE_TEAM_THEME
{
  "teamId": "T5YEC6G73",
  "theme": {
    "active_item": "#4C9689",
    "active_item_text": "#FFFFFF",
    "active_presence": "#38978D",
    "badge": "#EB4D5C",
    "column_bg": "#4D394B",
    "hover_item": "#3E313C",
    "menu_bg": "#3E313C",
    "text_color": "#FFFFFF"
  }
}
[05/04/18, 07:28:29:701] info: Store: SELECT_CHANNEL G7GGG2GPN
[05/04/18, 07:28:29:702] info: Store: UPDATE_TEAM_LOCALE
{
  "locale": "ja-JP"
}
[05/04/18, 07:28:29:746] info: Store: UPDATE_TEAM_ICONS
{
  "icons": {
    "image_102": "https://slack-files2.s3-us-west-2.amazonaws.com/avatars/2017-06-28/205110093367_6705e64b9b4a8299bd1f_102.png",
    "image_132": "https://slack-files2.s3-us-west-2.amazonaws.com/avatars/2017-06-28/205110093367_6705e64b9b4a8299bd1f_132.png",
    "image_230": "https://slack-files2.s3-us-west-2.amazonaws.com/avatars/2017-06-28/205110093367_6705e64b9b4a8299bd1f_230.png",
    "image_34": "https://slack-files2.s3-us-west-2.amazonaws.com/avatars/2017-06-28/205110093367_6705e64b9b4a8299bd1f_34.png",
    "image_44": "https://slack-files2.s3-us-west-2.amazonaws.com/avatars/2017-06-28/205110093367_6705e64b9b4a8299bd1f_44.png",
    "image_68": "https://slack-files2.s3-us-west-2.amazonaws.com/avatars/2017-06-28/205110093367_6705e64b9b4a8299bd1f_68.png",
    "image_88": "https://slack-files2.s3-us-west-2.amazonaws.com/avatars/2017-06-28/205110093367_6705e64b9b4a8299bd1f_88.png",
    "image_original": "https://slack-files2.s3-us-west-2.amazonaws.com/avatars/2017-06-28/205110093367_6705e64b9b4a8299bd1f_original.png"
  },
  "teamId": "T5YEC6G73"
}
[05/04/18, 07:28:29:749] info: Store: SELECT_CHANNEL C4JRHEQB1
[05/04/18, 07:28:29:750] info: Store: UPDATE_TEAM_LOCALE
{
  "locale": "ja-JP"
}
[05/04/18, 07:28:29:752] info: Store: SELECT_CHANNEL DAHC8TMSR
[05/04/18, 07:28:29:752] info: Store: UPDATE_TEAM_LOCALE
{
  "locale": "en-US"
}
[05/04/18, 07:28:29:753] info: Store: UPDATE_TEAM_LOCALE
{
  "locale": "en-US",
  "teamId": "T5YEC6G73"
}
[05/04/18, 07:28:29:753] info: Store: UPSERT_WEB_CONTENTS
{
  "id": 3,
  "state": "webapp-loaded",
  "teamId": "T5YEC6G73"
}
[05/04/18, 07:28:29:762] info: Store: SELECT_CHANNEL C0GFH3RHU
[05/04/18, 07:28:29:763] info: Store: UPDATE_TEAM_LOCALE
{
  "locale": "ja-JP"
}
[05/04/18, 07:28:29:766] info: Store: UPSERT_WEB_CONTENTS
{
  "id": 6,
  "state": "loaded",
  "teamId": "T5LFW0CUB"
}
[05/04/18, 07:28:29:773] info: Store: STORE_API_TOKEN
{
  "teamId": "T5YEC6G73",
  "token": "xoxs-⋯"
}
[05/04/18, 07:28:29:986] info: Store: UPSERT_WEB_CONTENTS
{
  "id": 5,
  "state": "loaded",
  "teamId": "T4HEMM0UR"
}
[05/04/18, 07:28:29:997] info: Store: UPDATE_SESSION_STATUS
{
  "hasValidSession": true,
  "teamId": "T5LFW0CUB"
}
[05/04/18, 07:28:31:532] info: Store: UPSERT_WEB_CONTENTS
{
  "id": 7,
  "state": "loaded",
  "teamId": "T0GFBAM8C"
}
[05/04/18, 07:28:31:533] info: Store: UPDATE_TEAM_LOCALE
{
  "locale": "ja-JP"
}
[05/04/18, 07:28:31:534] info: Store: UPSERT_WEB_CONTENTS
{
  "id": 6,
  "state": "webapp-loaded",
  "teamId": "T5LFW0CUB"
}
[05/04/18, 07:28:31:535] info: Store: UPDATE_SESSION_STATUS
{
  "hasValidSession": true,
  "teamId": "T0GFBAM8C"
}
[05/04/18, 07:28:31:536] info: Store: UPDATE_SESSION_STATUS
{
  "hasValidSession": true,
  "teamId": "T4HEMM0UR"
}
[05/04/18, 07:28:31:537] info: Store: UPDATE_TEAM_LOCALE
{
  "locale": "ja-JP"
}
[05/04/18, 07:28:31:537] info: Store: UPSERT_WEB_CONTENTS
{
  "id": 5,
  "state": "webapp-loaded",
  "teamId": "T4HEMM0UR"
}
[05/04/18, 07:28:31:542] info: Store: UPDATE_TEAM_ICONS
{
  "icons": {
    "image_102": "https://slack-files2.s3-us-west-2.amazonaws.com/avatars/2015-01-14/3400695805_06e3ed8a8ae7228d7c54_102.jpg",
    "image_132": "https://slack-files2.s3-us-west-2.amazonaws.com/avatars/2015-01-14/3400695805_06e3ed8a8ae7228d7c54_132.jpg",
    "image_230": "https://slack-files2.s3-us-west-2.amazonaws.com/avatars/2015-01-14/3400695805_06e3ed8a8ae7228d7c54_132.jpg",
    "image_34": "https://slack-files2.s3-us-west-2.amazonaws.com/avatars/2015-01-14/3400695805_06e3ed8a8ae7228d7c54_34.jpg",
    "image_44": "https://slack-files2.s3-us-west-2.amazonaws.com/avatars/2015-01-14/3400695805_06e3ed8a8ae7228d7c54_44.jpg",
    "image_68": "https://slack-files2.s3-us-west-2.amazonaws.com/avatars/2015-01-14/3400695805_06e3ed8a8ae7228d7c54_68.jpg",
    "image_88": "https://slack-files2.s3-us-west-2.amazonaws.com/avatars/2015-01-14/3400695805_06e3ed8a8ae7228d7c54_88.jpg",
    "image_original": "https://slack-files2.s3-us-west-2.amazonaws.com/avatars/2015-01-14/3400695805_06e3ed8a8ae7228d7c54_original.jpg"
  },
  "teamId": "T02R0MMHK"
}
[05/04/18, 07:28:31:619] info: Store: UPDATE_TEAM_LOCALE
{
  "locale": "ja-JP"
}
[05/04/18, 07:28:31:620] info: Store: UPSERT_WEB_CONTENTS
{
  "id": 7,
  "state": "webapp-loaded",
  "teamId": "T0GFBAM8C"
}
[05/04/18, 07:28:31:694] info: Store: UPDATE_TEAM_THEME
{
  "teamId": "T5LFW0CUB",
  "theme": {
    "active_item": "#4C9689",
    "active_item_text": "#FFFFFF",
    "active_presence": "#38978D",
    "badge": "#EB4D5C",
    "column_bg": "#4D394B",
    "hover_item": "#3E313C",
    "menu_bg": "#3E313C",
    "text_color": "#FFFFFF"
  }
}
[05/04/18, 07:28:31:694] info: Store: STORE_API_TOKEN
{
  "teamId": "T5LFW0CUB",
  "token": "xoxs-⋯"
}
[05/04/18, 07:28:31:695] info: Store: UPDATE_TEAM_ICONS
{
  "icons": {
    "image_102": "https://slack-files2.s3-us-west-2.amazonaws.com/avatars/2017-08-21/229801110004_7754c1684d8336d012c4_102.jpg",
    "image_132": "https://slack-files2.s3-us-west-2.amazonaws.com/avatars/2017-08-21/229801110004_7754c1684d8336d012c4_132.jpg",
    "image_230": "https://slack-files2.s3-us-west-2.amazonaws.com/avatars/2017-08-21/229801110004_7754c1684d8336d012c4_230.jpg",
    "image_34": "https://slack-files2.s3-us-west-2.amazonaws.com/avatars/2017-08-21/229801110004_7754c1684d8336d012c4_34.jpg",
    "image_44": "https://slack-files2.s3-us-west-2.amazonaws.com/avatars/2017-08-21/229801110004_7754c1684d8336d012c4_44.jpg",
    "image_68": "https://slack-files2.s3-us-west-2.amazonaws.com/avatars/2017-08-21/229801110004_7754c1684d8336d012c4_68.jpg",
    "image_88": "https://slack-files2.s3-us-west-2.amazonaws.com/avatars/2017-08-21/229801110004_7754c1684d8336d012c4_88.jpg",
    "image_original": "https://slack-files2.s3-us-west-2.amazonaws.com/avatars/2017-08-21/229801110004_7754c1684d8336d012c4_original.jpg"
  },
  "teamId": "T5LFW0CUB"
}
[05/04/18, 07:28:31:703] info: Store: UPDATE_TEAM_THEME
{
  "teamId": "T4HEMM0UR",
  "theme": {
    "active_item": "#4C9689",
    "active_item_text": "#FFFFFF",
    "active_presence": "#38978D",
    "badge": "#EB4D5C",
    "column_bg": "#4D394B",
    "hover_item": "#3E313C",
    "menu_bg": "#3E313C",
    "text_color": "#FFFFFF"
  }
}
[05/04/18, 07:28:31:887] info: Store: STORE_API_TOKEN
{
  "teamId": "T4HEMM0UR",
  "token": "xoxs-⋯"
}
[05/04/18, 07:28:31:888] info: Store: UPDATE_TEAM_ICONS
{
  "icons": {
    "image_102": "https://slack-files2.s3-us-west-2.amazonaws.com/avatars/2017-03-15/154610708258_f98e05c23845866960a5_102.png",
    "image_132": "https://slack-files2.s3-us-west-2.amazonaws.com/avatars/2017-03-15/154610708258_f98e05c23845866960a5_132.png",
    "image_230": "https://slack-files2.s3-us-west-2.amazonaws.com/avatars/2017-03-15/154610708258_f98e05c23845866960a5_230.png",
    "image_34": "https://slack-files2.s3-us-west-2.amazonaws.com/avatars/2017-03-15/154610708258_f98e05c23845866960a5_34.png",
    "image_44": "https://slack-files2.s3-us-west-2.amazonaws.com/avatars/2017-03-15/154610708258_f98e05c23845866960a5_44.png",
    "image_68": "https://slack-files2.s3-us-west-2.amazonaws.com/avatars/2017-03-15/154610708258_f98e05c23845866960a5_68.png",
    "image_88": "https://slack-files2.s3-us-west-2.amazonaws.com/avatars/2017-03-15/154610708258_f98e05c23845866960a5_88.png",
    "image_original": "https://slack-files2.s3-us-west-2.amazonaws.com/avatars/2017-03-15/154610708258_f98e05c23845866960a5_original.png"
  },
  "teamId": "T4HEMM0UR"
}
[05/04/18, 07:28:31:955] info: Raw Locale list: ["C","en_US.utf8","POSIX",""]
[05/04/18, 07:28:31:956] info: Filtered Locale list: ["en_US"]
[05/04/18, 07:28:31:956] info: Counts: {"en":["en_US"]}
[05/04/18, 07:28:31:973] info: Setting en
[05/04/18, 07:28:31:974] info: Result: {"en":"en-US"}
[05/04/18, 07:28:31:985] info: Requesting to load ja-JP, alternatives are ["ja-JP","ja-JP","ja-JP"]
[05/04/18, 07:28:31:997] info: Loading dictionary for language ja-JP
[05/04/18, 07:28:31:999] info: Returning local copy: /home/nitoli/.config/Slack/dictionaries/ja-JP.bdic
[05/04/18, 07:28:32:014] info: Store: UPDATE_TEAM_LOCALE
{
  "locale": "en-US",
  "teamId": "T02R0MMHK"
}
[05/04/18, 07:28:32:015] info: Store: UPSERT_WEB_CONTENTS
{
  "id": 4,
  "state": "webapp-loaded",
  "teamId": "T02R0MMHK"
}
[05/04/18, 07:28:32:031] info: Failed to read file /home/nitoli/.config/Slack/dictionaries/ja-JP.bdic: File exists but is most likely bogus
[05/04/18, 07:28:32:039] info: Actually downloading https://redirector.gvt1.com/edgedl/chrome/dict/ja-jp-3-0.bdic
[05/04/18, 07:28:32:177] info: Store: UPDATE_TEAM_THEME
{
  "teamId": "T02R0MMHK",
  "theme": {
    "active_item": "#4C9689",
    "active_item_text": "#FFFFFF",
    "active_presence": "#38978D",
    "badge": "#EB4D5C",
    "column_bg": "#4D394B",
    "hover_item": "#3E313C",
    "menu_bg": "#3E313C",
    "text_color": "#FFFFFF"
  }
}
[05/04/18, 07:28:32:228] info: Store: STORE_API_TOKEN
{
  "teamId": "T0GFBAM8C",
  "token": "xoxs-⋯"
}
[05/04/18, 07:28:32:247] info: Store: UPDATE_TEAM_ICONS
{
  "icons": {
    "image_102": "https://slack-files2.s3-us-west-2.amazonaws.com/avatars/2015-12-19/17054493216_07addcfb3fb1718cbba4_102.png",
    "image_132": "https://slack-files2.s3-us-west-2.amazonaws.com/avatars/2015-12-19/17054493216_07addcfb3fb1718cbba4_132.png",
    "image_230": "https://slack-files2.s3-us-west-2.amazonaws.com/avatars/2015-12-19/17054493216_07addcfb3fb1718cbba4_132.png",
    "image_34": "https://slack-files2.s3-us-west-2.amazonaws.com/avatars/2015-12-19/17054493216_07addcfb3fb1718cbba4_34.png",
    "image_44": "https://slack-files2.s3-us-west-2.amazonaws.com/avatars/2015-12-19/17054493216_07addcfb3fb1718cbba4_44.png",
    "image_68": "https://slack-files2.s3-us-west-2.amazonaws.com/avatars/2015-12-19/17054493216_07addcfb3fb1718cbba4_68.png",
    "image_88": "https://slack-files2.s3-us-west-2.amazonaws.com/avatars/2015-12-19/17054493216_07addcfb3fb1718cbba4_88.png",
    "image_original": "https://slack-files2.s3-us-west-2.amazonaws.com/avatars/2015-12-19/17054493216_07addcfb3fb1718cbba4_original.png"
  },
  "teamId": "T0GFBAM8C"
}
[05/04/18, 07:28:32:326] info: Requesting to load ja-JP, alternatives are ["ja-JP","ja-JP","ja-JP"]
[05/04/18, 07:28:32:327] info: Loading dictionary for language ja-JP
[05/04/18, 07:28:32:327] info: Actually downloading https://redirector.gvt1.com/edgedl/chrome/dict/ja-jp-3-0.bdic
[05/04/18, 07:28:32:591] info: Store: STORE_API_TOKEN
{
  "teamId": "T02R0MMHK",
  "token": "xoxs-⋯"
}
[05/04/18, 07:28:33:040] info: Store: UPDATE_TEAM_THEME
{
  "teamId": "T0GFBAM8C",
  "theme": {
    "active_item": "#4C9689",
    "active_item_text": "#FFFFFF",
    "active_presence": "#38978D",
    "badge": "#EB4D5C",
    "column_bg": "#4D394B",
    "hover_item": "#3E313C",
    "menu_bg": "#3E313C",
    "text_color": "#FFFFFF"
  }
}
[05/04/18, 07:28:33:277] info: Loading dictionary for language ja-JP
[05/04/18, 07:28:33:277] info: Returning local copy: /home/nitoli/.config/Slack/dictionaries/ja-JP.bdic
[05/04/18, 07:28:33:278] info: Failed to read file /home/nitoli/.config/Slack/dictionaries/ja-JP.bdic: File exists but is most likely bogus
[05/04/18, 07:28:33:279] info: Actually downloading https://redirector.gvt1.com/edgedl/chrome/dict/ja-jp-3-0.bdic
[05/04/18, 07:28:33:490] info: Loading dictionary for language ja-JP
[05/04/18, 07:28:33:490] info: Returning local copy: /home/nitoli/.config/Slack/dictionaries/ja-JP.bdic
[05/04/18, 07:28:33:491] info: Failed to read file /home/nitoli/.config/Slack/dictionaries/ja-JP.bdic: File exists but is most likely bogus
[05/04/18, 07:28:33:491] info: Actually downloading https://redirector.gvt1.com/edgedl/chrome/dict/ja-jp-3-0.bdic
[05/04/18, 07:28:33:525] info: Loading dictionary for language ja-JP
[05/04/18, 07:28:33:525] info: Returning local copy: /home/nitoli/.config/Slack/dictionaries/ja-JP.bdic
[05/04/18, 07:28:33:526] info: Failed to read file /home/nitoli/.config/Slack/dictionaries/ja-JP.bdic: File exists but is most likely bogus
[05/04/18, 07:28:33:526] info: Actually downloading https://redirector.gvt1.com/edgedl/chrome/dict/ja-jp-3-0.bdic
[05/04/18, 07:28:33:890] info: Loading dictionary for language ja-JP
[05/04/18, 07:28:33:890] info: Returning local copy: /home/nitoli/.config/Slack/dictionaries/ja-JP.bdic
[05/04/18, 07:28:33:892] info: Failed to read file /home/nitoli/.config/Slack/dictionaries/ja-JP.bdic: File exists but is most likely bogus
[05/04/18, 07:28:33:893] info: Actually downloading https://redirector.gvt1.com/edgedl/chrome/dict/ja-jp-3-0.bdic
[05/04/18, 07:28:34:074] info: dictionary for ja-JP_ja-JP is not available
[05/04/18, 07:28:34:075] info: Actually installing spell check provider to Electron
[05/04/18, 07:28:34:241] info: dictionary for ja-JP_ja-JP is not available
[05/04/18, 07:34:49:006] error: May-4 07:34:49.600 T5YEC6G73 SOCKET-MANAGER: Closing socket because #4108: unexpected socket closure
[05/04/18, 07:36:03:710] info: Store: SELECT_CHANNEL C02R0MMJB
[05/04/18, 07:36:13:298] info: Store: MAIN_WINDOW_FOCUSED
[05/04/18, 07:36:13:382] info: Store: SELECT_TEAM T5YEC6G73
[05/04/18, 07:36:21:353] info: Store: SELECT_CHANNEL C8Y1H7TEE
[05/04/18, 07:36:23:610] info: Requesting to load ja-JP, alternatives are ["ja-JP","ja-JP","ja-JP"]
[05/04/18, 07:36:23:610] info: Loading dictionary for language ja-JP
[05/04/18, 07:36:23:610] info: Returning local copy: /home/nitoli/.config/Slack/dictionaries/ja-JP.bdic
[05/04/18, 07:36:23:611] info: Failed to read file /home/nitoli/.config/Slack/dictionaries/ja-JP.bdic: File exists but is most likely bogus
[05/04/18, 07:36:23:611] info: Actually downloading https://redirector.gvt1.com/edgedl/chrome/dict/ja-jp-3-0.bdic
[05/04/18, 07:36:24:638] info: Loading dictionary for language ja-JP
[05/04/18, 07:36:24:639] info: Returning local copy: /home/nitoli/.config/Slack/dictionaries/ja-JP.bdic
[05/04/18, 07:36:24:641] info: Failed to read file /home/nitoli/.config/Slack/dictionaries/ja-JP.bdic: File exists but is most likely bogus
[05/04/18, 07:36:24:642] info: Actually downloading https://redirector.gvt1.com/edgedl/chrome/dict/ja-jp-3-0.bdic
[05/04/18, 07:36:24:983] info: Loading dictionary for language ja-JP
[05/04/18, 07:36:24:983] info: Returning local copy: /home/nitoli/.config/Slack/dictionaries/ja-JP.bdic
[05/04/18, 07:36:24:986] info: Failed to read file /home/nitoli/.config/Slack/dictionaries/ja-JP.bdic: File exists but is most likely bogus
[05/04/18, 07:36:24:987] info: Actually downloading https://redirector.gvt1.com/edgedl/chrome/dict/ja-jp-3-0.bdic
[05/04/18, 07:36:25:286] info: dictionary for ja-JP_ja-JP is not available
[05/04/18, 07:38:08:423] info: Unloading spellchecker
[05/04/18, 07:38:13:897] info: Restoring spellchecker
[05/04/18, 07:38:13:898] info: Requesting to load ja-JP, alternatives are ["ja-JP","ja-JP","ja-JP"]
[05/04/18, 07:38:13:899] info: Loading dictionary for language ja-JP
[05/04/18, 07:38:13:899] info: Returning local copy: /home/nitoli/.config/Slack/dictionaries/ja-JP.bdic
[05/04/18, 07:38:13:935] info: Failed to read file /home/nitoli/.config/Slack/dictionaries/ja-JP.bdic: File exists but is most likely bogus
[05/04/18, 07:38:13:935] info: Actually downloading https://redirector.gvt1.com/edgedl/chrome/dict/ja-jp-3-0.bdic
[05/04/18, 07:38:14:622] info: Loading dictionary for language ja-JP
[05/04/18, 07:38:14:622] info: Returning local copy: /home/nitoli/.config/Slack/dictionaries/ja-JP.bdic
[05/04/18, 07:38:14:623] info: Failed to read file /home/nitoli/.config/Slack/dictionaries/ja-JP.bdic: File exists but is most likely bogus
[05/04/18, 07:38:14:624] info: Actually downloading https://redirector.gvt1.com/edgedl/chrome/dict/ja-jp-3-0.bdic
[05/04/18, 07:38:15:086] info: Loading dictionary for language ja-JP
[05/04/18, 07:38:15:087] info: Returning local copy: /home/nitoli/.config/Slack/dictionaries/ja-JP.bdic
[05/04/18, 07:38:15:089] info: Failed to read file /home/nitoli/.config/Slack/dictionaries/ja-JP.bdic: File exists but is most likely bogus
[05/04/18, 07:38:15:090] info: Actually downloading https://redirector.gvt1.com/edgedl/chrome/dict/ja-jp-3-0.bdic
[05/04/18, 07:38:15:361] info: dictionary for ja-JP_ja-JP is not available
[05/04/18, 07:39:02:263] info: Unloading spellchecker
[05/04/18, 07:39:02:273] info: Restoring spellchecker
[05/04/18, 07:39:02:275] info: Requesting to load ja-JP, alternatives are ["ja-JP","ja-JP","ja-JP"]
[05/04/18, 07:39:02:277] info: Loading dictionary for language ja-JP
[05/04/18, 07:39:02:278] info: Returning local copy: /home/nitoli/.config/Slack/dictionaries/ja-JP.bdic
[05/04/18, 07:39:02:371] info: Store: MAIN_WINDOW_FOCUSED
[05/04/18, 07:39:02:373] info: Failed to read file /home/nitoli/.config/Slack/dictionaries/ja-JP.bdic: File exists but is most likely bogus
[05/04/18, 07:39:02:373] info: Actually downloading https://redirector.gvt1.com/edgedl/chrome/dict/ja-jp-3-0.bdic
[05/04/18, 07:39:02:818] info: Store: SELECT_TEAM T5LFW0CUB
[05/04/18, 07:39:02:824] info: Unloading spellchecker
[05/04/18, 07:39:02:825] info: Unloading spellchecker
[05/04/18, 07:39:02:825] info: Store: UPDATE_SETTINGS
{
  "locale": "ja-JP"
}
[05/04/18, 07:39:02:826] info: TranslationLookup: locale set to ja-JP for renderer
[05/04/18, 07:39:03:432] info: Loading dictionary for language ja-JP
[05/04/18, 07:39:03:432] info: Returning local copy: /home/nitoli/.config/Slack/dictionaries/ja-JP.bdic
[05/04/18, 07:39:03:433] info: Failed to read file /home/nitoli/.config/Slack/dictionaries/ja-JP.bdic: File exists but is most likely bogus
[05/04/18, 07:39:03:433] info: Actually downloading https://redirector.gvt1.com/edgedl/chrome/dict/ja-jp-3-0.bdic
[05/04/18, 07:39:03:673] info: Loading dictionary for language ja-JP
[05/04/18, 07:39:03:673] info: Returning local copy: /home/nitoli/.config/Slack/dictionaries/ja-JP.bdic
[05/04/18, 07:39:03:677] info: Failed to read file /home/nitoli/.config/Slack/dictionaries/ja-JP.bdic: File exists but is most likely bogus
[05/04/18, 07:39:03:678] info: Actually downloading https://redirector.gvt1.com/edgedl/chrome/dict/ja-jp-3-0.bdic
[05/04/18, 07:39:03:933] info: dictionary for ja-JP_ja-JP is not available
[05/04/18, 07:39:25:045] info: Store: MAIN_WINDOW_FOCUSED
[05/04/18, 07:39:25:164] info: Store: SELECT_TEAM T0GFBAM8C
[05/04/18, 07:40:03:228] info: Store: MAIN_WINDOW_FOCUSED
[05/04/18, 07:40:03:342] info: Store: SELECT_TEAM T5YEC6G73
[05/04/18, 07:40:03:359] info: Restoring spellchecker
[05/04/18, 07:40:03:361] info: Requesting to load ja-JP, alternatives are ["ja-JP","ja-JP","ja-JP"]
[05/04/18, 07:40:03:362] info: Loading dictionary for language ja-JP
[05/04/18, 07:40:03:362] info: Actually downloading https://redirector.gvt1.com/edgedl/chrome/dict/ja-jp-3-0.bdic
[05/04/18, 07:40:03:422] info: Restoring spellchecker
[05/04/18, 07:40:03:423] info: Requesting to load ja-JP, alternatives are ["ja-JP","ja-JP","ja-JP"]
[05/04/18, 07:40:03:423] info: Loading dictionary for language ja-JP
[05/04/18, 07:40:03:423] info: Actually downloading https://redirector.gvt1.com/edgedl/chrome/dict/ja-jp-3-0.bdic
[05/04/18, 07:40:03:461] info: Store: UPDATE_SETTINGS
{
  "locale": "en-US"
}
[05/04/18, 07:40:03:461] info: TranslationLookup: locale set to en-US for renderer
[05/04/18, 07:40:04:264] info: Loading dictionary for language ja-JP
[05/04/18, 07:40:04:264] info: Returning local copy: /home/nitoli/.config/Slack/dictionaries/ja-JP.bdic
[05/04/18, 07:40:04:265] info: Failed to read file /home/nitoli/.config/Slack/dictionaries/ja-JP.bdic: File exists but is most likely bogus
[05/04/18, 07:40:04:266] info: Actually downloading https://redirector.gvt1.com/edgedl/chrome/dict/ja-jp-3-0.bdic
[05/04/18, 07:40:04:485] info: Loading dictionary for language ja-JP
[05/04/18, 07:40:04:486] info: Actually downloading https://redirector.gvt1.com/edgedl/chrome/dict/ja-jp-3-0.bdic
[05/04/18, 07:40:04:655] info: Loading dictionary for language ja-JP
[05/04/18, 07:40:04:655] info: Returning local copy: /home/nitoli/.config/Slack/dictionaries/ja-JP.bdic
[05/04/18, 07:40:04:657] info: Failed to read file /home/nitoli/.config/Slack/dictionaries/ja-JP.bdic: File exists but is most likely bogus
[05/04/18, 07:40:04:658] info: Actually downloading https://redirector.gvt1.com/edgedl/chrome/dict/ja-jp-3-0.bdic
[05/04/18, 07:40:04:699] info: Unloading spellchecker
[05/04/18, 07:40:04:755] info: Store: MAIN_WINDOW_FOCUSED
[05/04/18, 07:40:04:757] info: Restoring spellchecker
[05/04/18, 07:40:04:757] info: Requesting to load ja-JP, alternatives are ["ja-JP","ja-JP","ja-JP"]
[05/04/18, 07:40:04:757] info: Loading dictionary for language ja-JP
[05/04/18, 07:40:04:758] info: Actually downloading https://redirector.gvt1.com/edgedl/chrome/dict/ja-jp-3-0.bdic
[05/04/18, 07:40:04:789] info: Unloading spellchecker
[05/04/18, 07:40:04:863] info: Store: SELECT_TEAM T02R0MMHK
[05/04/18, 07:40:04:868] info: Unloading spellchecker
[05/04/18, 07:40:04:940] info: Loading dictionary for language ja-JP
[05/04/18, 07:40:04:940] info: Returning local copy: /home/nitoli/.config/Slack/dictionaries/ja-JP.bdic
[05/04/18, 07:40:04:941] info: Failed to read file /home/nitoli/.config/Slack/dictionaries/ja-JP.bdic: File exists but is most likely bogus
[05/04/18, 07:40:04:941] info: Actually downloading https://redirector.gvt1.com/edgedl/chrome/dict/ja-jp-3-0.bdic
[05/04/18, 07:40:05:081] info: dictionary for ja-JP_ja-JP is not available
[05/04/18, 07:40:05:324] info: dictionary for ja-JP_ja-JP is not available
[05/04/18, 07:40:05:472] info: Loading dictionary for language ja-JP
[05/04/18, 07:40:05:472] info: Returning local copy: /home/nitoli/.config/Slack/dictionaries/ja-JP.bdic
[05/04/18, 07:40:05:472] info: Failed to read file /home/nitoli/.config/Slack/dictionaries/ja-JP.bdic: File exists but is most likely bogus
[05/04/18, 07:40:05:476] info: Actually downloading https://redirector.gvt1.com/edgedl/chrome/dict/ja-jp-3-0.bdic
[05/04/18, 07:40:05:778] info: Loading dictionary for language ja-JP
[05/04/18, 07:40:05:780] info: Returning local copy: /home/nitoli/.config/Slack/dictionaries/ja-JP.bdic
[05/04/18, 07:40:05:781] info: Failed to read file /home/nitoli/.config/Slack/dictionaries/ja-JP.bdic: File exists but is most likely bogus
[05/04/18, 07:40:05:782] info: Actually downloading https://redirector.gvt1.com/edgedl/chrome/dict/ja-jp-3-0.bdic
[05/04/18, 07:40:06:046] info: dictionary for ja-JP_ja-JP is not available
[05/04/18, 07:40:07:240] info: Store: SELECT_CHANNEL DAHC8TMSR
[05/04/18, 13:28:32:012] info: Store: UNLOAD_WEB_CONTENTS T4HEMM0UR
[05/04/18, 13:39:26:008] info: Store: UNLOAD_WEB_CONTENTS T5LFW0CUB
[05/04/18, 13:40:04:008] info: Store: UNLOAD_WEB_CONTENTS T0GFBAM8C
[05/04/18, 13:40:05:006] info: Store: UNLOAD_WEB_CONTENTS T5YEC6G73
[05/04/18, 16:48:04:196] info: Store: NEW_NOTIFICATION
{
  "avatarImage": "https://ca.slack-edge.com/T02R0MMHK-UAGT53ADQ-74ff4c1302cc-512",
  "channel": "DAHC8TMSR",
  "content": "[REDACTED]",
  "id": "GN6HJhQDrqLZrV",
  "imageUri": null,
  "launchUri": "slack://channel?id=DAHC8TMSR&message=1525387698.000288&team=T02R0MMHK",
  "msg": "1525387698.000288",
  "silent": true,
  "subtitle": "",
  "teamId": "T02R0MMHK",
  "title": "[REDACTED]"
}
