[05/07/18, 19:44:48:543] info: ╔════════════════════════════════════════════════════════════════════════════╗
[05/07/18, 19:44:48:544] info: ║      Slack 3.1.1, linux 4.16.6-1-zen on x64 at 05/07/18, 19:44:48:539      ║
[05/07/18, 19:44:48:544] info: ╚════════════════════════════════════════════════════════════════════════════╝
[05/07/18, 19:44:48:840] info: Initializing local storage instance at path: /home/nitoli/.config/Slack/local-settings.json
[05/07/18, 19:44:49:958] error: Calls failed to load, bailing
[05/07/18, 19:44:49:963] info: cld3::loadModule: loading cld3 module
[05/07/18, 19:44:50:038] info: cld3Loader::loadModule: running environment is NODE
[05/07/18, 19:44:50:038] info: cld3Loader::loadModule: constructed module object for runtime
[05/07/18, 19:44:50:466] info: cld3Loader::initializeRuntime: successfully initialized module
[05/07/18, 19:44:50:466] info: cld3Loader::loadModule: initialized wasm binary Runtime
[05/07/18, 19:44:50:470] warn: updateSpellcheckerLanguage: Tried to update language, but spellchecker not initialized
[05/07/18, 19:44:50:472] info: SSBIntegration: Main window preload script loaded 2861.969516
[05/07/18, 19:44:50:479] info: Store: SET_NETWORK_STATUS online
[05/07/18, 19:44:50:482] info: Store: UPSERT_WEB_CONTENTS
{
  "id": 6,
  "state": "loaded",
  "teamId": "T5LFW0CUB"
}
[05/07/18, 19:44:50:483] info: Store: UPSERT_WEB_CONTENTS
{
  "id": 6,
  "state": "empty-page",
  "teamId": "T5LFW0CUB"
}
[05/07/18, 19:44:50:483] info: Store: UPSERT_WEB_CONTENTS
{
  "id": 6,
  "state": "page-will-navigate",
  "teamId": "T5LFW0CUB"
}
[05/07/18, 19:44:50:484] info: Store: UPSERT_WEB_CONTENTS
{
  "id": 4,
  "state": "loaded",
  "teamId": "T02R0MMHK"
}
[05/07/18, 19:44:50:484] info: Store: UPSERT_WEB_CONTENTS
{
  "id": 4,
  "state": "empty-page",
  "teamId": "T02R0MMHK"
}
[05/07/18, 19:44:50:485] info: Store: UPSERT_WEB_CONTENTS
{
  "id": 4,
  "state": "page-will-navigate",
  "teamId": "T02R0MMHK"
}
[05/07/18, 19:44:50:485] info: Store: UPSERT_WEB_CONTENTS
{
  "id": 7,
  "state": "loaded",
  "teamId": "T0GFBAM8C"
}
[05/07/18, 19:44:50:487] info: Store: UPSERT_WEB_CONTENTS
{
  "id": 7,
  "state": "empty-page",
  "teamId": "T0GFBAM8C"
}
[05/07/18, 19:44:50:488] info: Store: UPDATE_SESSION_STATUS
{
  "hasValidSession": true,
  "teamId": "T5LFW0CUB"
}
[05/07/18, 19:44:50:490] info: Store: UPDATE_SESSION_STATUS
{
  "hasValidSession": true,
  "teamId": "T02R0MMHK"
}
[05/07/18, 19:44:50:491] info: Store: UPSERT_WEB_CONTENTS
{
  "id": 7,
  "state": "page-will-navigate",
  "teamId": "T0GFBAM8C"
}
[05/07/18, 19:44:50:497] info: Store: UPSERT_WEB_CONTENTS
{
  "id": 3,
  "state": "loaded",
  "teamId": "T5YEC6G73"
}
[05/07/18, 19:44:50:499] info: Store: MAIN_WINDOW_SHOWN
[05/07/18, 19:44:50:515] info: Store: UPSERT_WEB_CONTENTS
{
  "id": 3,
  "state": "empty-page",
  "teamId": "T5YEC6G73"
}
[05/07/18, 19:44:50:527] info: Store: UPSERT_WEB_CONTENTS
{
  "id": 3,
  "state": "page-will-navigate",
  "teamId": "T5YEC6G73"
}
[05/07/18, 19:44:50:532] info: Window is unloading, winssb is no longer accessible
[05/07/18, 19:44:50:669] info: Store: UPDATE_SESSION_STATUS
{
  "hasValidSession": true,
  "teamId": "T0GFBAM8C"
}
[05/07/18, 19:44:50:890] info: Store: UPDATE_SESSION_STATUS
{
  "hasValidSession": true,
  "teamId": "T5YEC6G73"
}
