[05/08/18, 16:53:24:198] info: ╔════════════════════════════════════════════════════════════════════════════╗
[05/08/18, 16:53:24:199] info: ║      Slack 3.1.1, linux 4.16.7-1-zen on x64 at 05/08/18, 16:53:24:191      ║
[05/08/18, 16:53:24:199] info: ╚════════════════════════════════════════════════════════════════════════════╝
[05/08/18, 16:53:24:325] info: Initializing local storage instance at path: /home/nitoli/.config/Slack/local-settings.json
[05/08/18, 16:53:24:929] error: Calls failed to load, bailing
[05/08/18, 16:53:24:931] info: cld3::loadModule: loading cld3 module
[05/08/18, 16:53:24:962] info: cld3Loader::loadModule: running environment is NODE
[05/08/18, 16:53:24:962] info: cld3Loader::loadModule: constructed module object for runtime
[05/08/18, 16:53:25:577] info: cld3Loader::initializeRuntime: successfully initialized module
[05/08/18, 16:53:25:577] info: cld3Loader::loadModule: initialized wasm binary Runtime
[05/08/18, 16:53:25:587] warn: updateSpellcheckerLanguage: Tried to update language, but spellchecker not initialized
[05/08/18, 16:53:25:589] info: SSBIntegration: Main window preload script loaded 2283.187316
[05/08/18, 16:53:25:633] info: Store: SET_NETWORK_STATUS offline
[05/08/18, 16:53:25:648] info: Store: UPDATE_SESSION_STATUS
{
  "hasValidSession": null,
  "teamId": "T5YEC6G73"
}
[05/08/18, 16:53:25:649] info: Store: UPDATE_SESSION_STATUS
{
  "hasValidSession": null,
  "teamId": "T5LFW0CUB"
}
[05/08/18, 16:53:25:649] info: Store: UPDATE_SESSION_STATUS
{
  "hasValidSession": null,
  "teamId": "T0GFBAM8C"
}
[05/08/18, 16:53:25:664] info: Store: UPDATE_SESSION_STATUS
{
  "hasValidSession": null,
  "teamId": "T02R0MMHK"
}
[05/08/18, 16:53:25:665] info: Store: UPDATE_SESSION_STATUS
{
  "hasValidSession": null,
  "teamId": "T4HEMM0UR"
}
[05/08/18, 16:53:25:665] info: Store: UPSERT_WEB_CONTENTS
{
  "id": 3,
  "state": "loaded",
  "teamId": "T5YEC6G73"
}
[05/08/18, 16:53:25:669] info: Store: UPSERT_WEB_CONTENTS
{
  "id": 4,
  "state": "loaded",
  "teamId": "T02R0MMHK"
}
[05/08/18, 16:53:25:682] info: Store: UPSERT_WEB_CONTENTS
{
  "id": 3,
  "state": "empty-page",
  "teamId": "T5YEC6G73"
}
[05/08/18, 16:53:25:716] info: Store: UPDATE_SESSION_STATUS
{
  "hasValidSession": null,
  "teamId": "T5YEC6G73"
}
[05/08/18, 16:53:25:716] info: Store: UPSERT_WEB_CONTENTS
{
  "id": 4,
  "state": "empty-page",
  "teamId": "T02R0MMHK"
}
[05/08/18, 16:53:25:731] info: Store: UPSERT_WEB_CONTENTS
{
  "id": 7,
  "state": "loaded",
  "teamId": "T0GFBAM8C"
}
[05/08/18, 16:53:25:748] info: Store: UPSERT_WEB_CONTENTS
{
  "id": 7,
  "state": "empty-page",
  "teamId": "T0GFBAM8C"
}
[05/08/18, 16:53:25:753] info: Store: UPDATE_SESSION_STATUS
{
  "hasValidSession": null,
  "teamId": "T02R0MMHK"
}
[05/08/18, 16:53:25:774] info: Store: UPSERT_WEB_CONTENTS
{
  "id": 5,
  "state": "loaded",
  "teamId": "T4HEMM0UR"
}
[05/08/18, 16:53:25:779] info: Store: UPSERT_WEB_CONTENTS
{
  "id": 6,
  "state": "loaded",
  "teamId": "T5LFW0CUB"
}
[05/08/18, 16:53:25:791] info: Store: UPSERT_WEB_CONTENTS
{
  "id": 5,
  "state": "empty-page",
  "teamId": "T4HEMM0UR"
}
[05/08/18, 16:53:25:795] info: Store: UPSERT_WEB_CONTENTS
{
  "id": 6,
  "state": "empty-page",
  "teamId": "T5LFW0CUB"
}
[05/08/18, 16:53:25:859] info: Store: UPDATE_SESSION_STATUS
{
  "hasValidSession": null,
  "teamId": "T0GFBAM8C"
}
[05/08/18, 16:53:25:891] info: Store: UPDATE_SESSION_STATUS
{
  "hasValidSession": null,
  "teamId": "T4HEMM0UR"
}
[05/08/18, 16:53:25:897] info: Store: UPDATE_SESSION_STATUS
{
  "hasValidSession": null,
  "teamId": "T5LFW0CUB"
}
[05/08/18, 16:53:26:313] info: Store: QUIT_APP
[05/08/18, 16:53:26:348] info: Store: REMOVE_WINDOW 2
[05/08/18, 16:53:26:391] info: Store: QUIT_APP
[05/09/18, 22:20:36:530] info: ╔════════════════════════════════════════════════════════════════════════════╗
[05/09/18, 22:20:36:531] info: ║      Slack 3.1.1, linux 4.16.7-1-zen on x64 at 05/09/18, 22:20:36:525      ║
[05/09/18, 22:20:36:531] info: ╚════════════════════════════════════════════════════════════════════════════╝
[05/09/18, 22:20:36:808] info: Initializing local storage instance at path: /home/nitoli/.config/Slack/local-settings.json
[05/09/18, 22:20:37:710] error: Calls failed to load, bailing
[05/09/18, 22:20:37:713] info: cld3::loadModule: loading cld3 module
[05/09/18, 22:20:37:763] info: cld3Loader::loadModule: running environment is NODE
[05/09/18, 22:20:37:763] info: cld3Loader::loadModule: constructed module object for runtime
[05/09/18, 22:20:38:030] info: cld3Loader::initializeRuntime: successfully initialized module
[05/09/18, 22:20:38:030] info: cld3Loader::loadModule: initialized wasm binary Runtime
[05/09/18, 22:20:38:035] warn: updateSpellcheckerLanguage: Tried to update language, but spellchecker not initialized
[05/09/18, 22:20:38:036] info: SSBIntegration: Main window preload script loaded 2465.926186
[05/09/18, 22:20:38:047] info: Store: UPSERT_WEB_CONTENTS
{
  "id": 3,
  "state": "page-will-navigate",
  "teamId": "T02R0MMHK"
}
[05/09/18, 22:20:38:049] info: Store: SET_NETWORK_STATUS offline
[05/09/18, 22:20:38:050] info: Store: UPDATE_SESSION_STATUS
{
  "hasValidSession": null,
  "teamId": "T5LFW0CUB"
}
[05/09/18, 22:20:38:050] info: Store: UPDATE_SESSION_STATUS
{
  "hasValidSession": null,
  "teamId": "T0GFBAM8C"
}
[05/09/18, 22:20:38:051] info: Store: UPDATE_SESSION_STATUS
{
  "hasValidSession": null,
  "teamId": "T4HEMM0UR"
}
[05/09/18, 22:20:38:051] info: Store: UPDATE_SESSION_STATUS
{
  "hasValidSession": null,
  "teamId": "T5YEC6G73"
}
[05/09/18, 22:20:38:051] info: Store: UPDATE_SESSION_STATUS
{
  "hasValidSession": null,
  "teamId": "T02R0MMHK"
}
[05/09/18, 22:20:38:052] info: Store: UPSERT_WEB_CONTENTS
{
  "id": 5,
  "state": "loaded",
  "teamId": "T4HEMM0UR"
}
[05/09/18, 22:20:38:052] info: Store: UPSERT_WEB_CONTENTS
{
  "id": 5,
  "state": "empty-page",
  "teamId": "T4HEMM0UR"
}
[05/09/18, 22:20:38:052] info: Store: UPSERT_WEB_CONTENTS
{
  "id": 7,
  "state": "loaded",
  "teamId": "T0GFBAM8C"
}
[05/09/18, 22:20:38:053] info: Store: UPDATE_SESSION_STATUS
{
  "hasValidSession": null,
  "teamId": "T4HEMM0UR"
}
[05/09/18, 22:20:38:053] info: Store: UPSERT_WEB_CONTENTS
{
  "id": 7,
  "state": "empty-page",
  "teamId": "T0GFBAM8C"
}
[05/09/18, 22:20:38:054] info: Store: UPSERT_WEB_CONTENTS
{
  "id": 6,
  "state": "loaded",
  "teamId": "T5LFW0CUB"
}
[05/09/18, 22:20:38:054] info: Store: UPSERT_WEB_CONTENTS
{
  "id": 6,
  "state": "empty-page",
  "teamId": "T5LFW0CUB"
}
[05/09/18, 22:20:38:055] info: Store: UPDATE_SESSION_STATUS
{
  "hasValidSession": null,
  "teamId": "T0GFBAM8C"
}
[05/09/18, 22:20:38:055] info: Store: UPDATE_SESSION_STATUS
{
  "hasValidSession": null,
  "teamId": "T5LFW0CUB"
}
[05/09/18, 22:20:38:061] info: Store: UPSERT_WEB_CONTENTS
{
  "id": 4,
  "state": "loaded",
  "teamId": "T5YEC6G73"
}
[05/09/18, 22:20:38:067] info: Store: UPSERT_WEB_CONTENTS
{
  "id": 4,
  "state": "empty-page",
  "teamId": "T5YEC6G73"
}
[05/09/18, 22:20:38:154] info: Store: UPDATE_SESSION_STATUS
{
  "hasValidSession": null,
  "teamId": "T5YEC6G73"
}
[05/09/18, 22:20:38:188] info: Store: UPSERT_WEB_CONTENTS
{
  "id": 3,
  "state": "loaded",
  "teamId": "T02R0MMHK"
}
[05/09/18, 22:20:38:206] info: Store: UPSERT_WEB_CONTENTS
{
  "id": 3,
  "state": "empty-page",
  "teamId": "T02R0MMHK"
}
[05/09/18, 22:20:38:306] info: Store: UPDATE_SESSION_STATUS
{
  "hasValidSession": null,
  "teamId": "T02R0MMHK"
}
[05/09/18, 22:20:46:937] info: Store: QUIT_APP
[05/09/18, 22:20:46:978] info: Store: REMOVE_WINDOW 2
[05/09/18, 22:20:46:994] info: Store: QUIT_APP
