[05/09/18, 13:18:40:521] info: ╔════════════════════════════════════════════════════════════════════════════╗
[05/09/18, 13:18:40:522] info: ║      Slack 3.1.1, linux 4.16.7-1-zen on x64 at 05/09/18, 13:18:40:517      ║
[05/09/18, 13:18:40:522] info: ╚════════════════════════════════════════════════════════════════════════════╝
[05/09/18, 13:18:40:684] info: Initializing local storage instance at path: /home/nitoli/.config/Slack/local-settings.json
[05/09/18, 13:18:41:487] error: Calls failed to load, bailing
[05/09/18, 13:18:41:492] info: cld3::loadModule: loading cld3 module
[05/09/18, 13:18:41:557] info: cld3Loader::loadModule: running environment is NODE
[05/09/18, 13:18:41:557] info: cld3Loader::loadModule: constructed module object for runtime
[05/09/18, 13:18:42:087] info: cld3Loader::initializeRuntime: successfully initialized module
[05/09/18, 13:18:42:087] info: cld3Loader::loadModule: initialized wasm binary Runtime
[05/09/18, 13:18:42:091] warn: updateSpellcheckerLanguage: Tried to update language, but spellchecker not initialized
[05/09/18, 13:18:42:092] info: TranslationLookup: locale set to ja-JP for renderer
[05/09/18, 13:18:42:098] info: SSBIntegration: Main window preload script loaded 2471.459512
[05/09/18, 13:18:42:107] info: Store: UPSERT_WEB_CONTENTS
{
  "id": 6,
  "state": "loaded",
  "teamId": "T4HEMM0UR"
}
[05/09/18, 13:18:42:112] info: Store: UPSERT_WEB_CONTENTS
{
  "id": 6,
  "state": "empty-page",
  "teamId": "T4HEMM0UR"
}
[05/09/18, 13:18:42:112] info: Store: UPSERT_WEB_CONTENTS
{
  "id": 6,
  "state": "page-will-navigate",
  "teamId": "T4HEMM0UR"
}
[05/09/18, 13:18:42:113] info: Store: SET_NETWORK_STATUS offline
[05/09/18, 13:18:42:113] info: Store: UPDATE_SESSION_STATUS
{
  "hasValidSession": null,
  "teamId": "T0GFBAM8C"
}
[05/09/18, 13:18:42:114] info: Store: UPDATE_SESSION_STATUS
{
  "hasValidSession": null,
  "teamId": "T02R0MMHK"
}
[05/09/18, 13:18:42:114] info: Store: UPDATE_SESSION_STATUS
{
  "hasValidSession": null,
  "teamId": "T5YEC6G73"
}
[05/09/18, 13:18:42:114] info: Store: UPDATE_SESSION_STATUS
{
  "hasValidSession": null,
  "teamId": "T5LFW0CUB"
}
[05/09/18, 13:18:42:115] info: Store: UPDATE_SESSION_STATUS
{
  "hasValidSession": null,
  "teamId": "T4HEMM0UR"
}
[05/09/18, 13:18:42:115] info: Store: UPSERT_WEB_CONTENTS
{
  "id": 7,
  "state": "loaded",
  "teamId": "T5LFW0CUB"
}
[05/09/18, 13:18:42:116] info: Store: UPSERT_WEB_CONTENTS
{
  "id": 7,
  "state": "empty-page",
  "teamId": "T5LFW0CUB"
}
[05/09/18, 13:18:42:116] info: Store: UPDATE_SESSION_STATUS
{
  "hasValidSession": null,
  "teamId": "T5LFW0CUB"
}
[05/09/18, 13:18:42:116] info: Store: UPSERT_WEB_CONTENTS
{
  "id": 5,
  "state": "loaded",
  "teamId": "T02R0MMHK"
}
[05/09/18, 13:18:42:117] info: Store: UPSERT_WEB_CONTENTS
{
  "id": 5,
  "state": "empty-page",
  "teamId": "T02R0MMHK"
}
[05/09/18, 13:18:42:121] info: Store: UPSERT_WEB_CONTENTS
{
  "id": 3,
  "state": "loaded",
  "teamId": "T0GFBAM8C"
}
[05/09/18, 13:18:42:127] info: Store: UPSERT_WEB_CONTENTS
{
  "id": 3,
  "state": "empty-page",
  "teamId": "T0GFBAM8C"
}
[05/09/18, 13:18:42:193] info: Store: UPDATE_SESSION_STATUS
{
  "hasValidSession": null,
  "teamId": "T02R0MMHK"
}
[05/09/18, 13:18:42:220] info: Store: UPDATE_SESSION_STATUS
{
  "hasValidSession": null,
  "teamId": "T0GFBAM8C"
}
[05/09/18, 13:18:42:396] info: Store: UPSERT_WEB_CONTENTS
{
  "id": 6,
  "state": "loaded",
  "teamId": "T4HEMM0UR"
}
[05/09/18, 13:18:42:407] info: Store: UPSERT_WEB_CONTENTS
{
  "id": 4,
  "state": "loaded",
  "teamId": "T5YEC6G73"
}
[05/09/18, 13:18:42:416] info: Store: UPSERT_WEB_CONTENTS
{
  "id": 6,
  "state": "empty-page",
  "teamId": "T4HEMM0UR"
}
[05/09/18, 13:18:42:423] info: Store: UPSERT_WEB_CONTENTS
{
  "id": 4,
  "state": "empty-page",
  "teamId": "T5YEC6G73"
}
[05/09/18, 13:18:42:507] info: Store: UPDATE_SESSION_STATUS
{
  "hasValidSession": null,
  "teamId": "T4HEMM0UR"
}
[05/09/18, 13:18:42:520] info: Store: UPDATE_SESSION_STATUS
{
  "hasValidSession": null,
  "teamId": "T5YEC6G73"
}
[05/09/18, 13:18:47:064] info: Store: QUIT_APP
[05/09/18, 13:18:47:105] info: Store: REMOVE_WINDOW 2
[05/09/18, 13:18:47:121] info: Store: QUIT_APP
