[04/30/18, 00:14:30:535] info: ╔════════════════════════════════════════════════════════════════════════════╗
[04/30/18, 00:14:30:545] info: ║      Slack 3.1.1, linux 4.16.5-1-zen on x64 at 04/30/18, 00:14:30:524      ║
[04/30/18, 00:14:30:545] info: ╚════════════════════════════════════════════════════════════════════════════╝
[04/30/18, 00:14:30:938] info: Initializing local storage instance at path: /home/nitoli/.config/Slack/local-settings.json
[04/30/18, 00:14:31:890] error: Calls failed to load, bailing
[04/30/18, 00:14:31:894] info: cld3::loadModule: loading cld3 module
[04/30/18, 00:14:31:950] info: cld3Loader::loadModule: running environment is NODE
[04/30/18, 00:14:31:951] info: cld3Loader::loadModule: constructed module object for runtime
[04/30/18, 00:14:32:754] info: cld3Loader::initializeRuntime: successfully initialized module
[04/30/18, 00:14:32:754] info: cld3Loader::loadModule: initialized wasm binary Runtime
[04/30/18, 00:14:32:764] warn: updateSpellcheckerLanguage: Tried to update language, but spellchecker not initialized
[04/30/18, 00:14:32:765] info: SSBIntegration: Main window preload script loaded 3403.792111
[04/30/18, 00:14:32:792] info: Store: UPSERT_WEB_CONTENTS
{
  "id": 4,
  "state": "loaded",
  "teamId": "T02R0MMHK"
}
[04/30/18, 00:14:32:797] info: Store: UPSERT_WEB_CONTENTS
{
  "id": 4,
  "state": "empty-page",
  "teamId": "T02R0MMHK"
}
[04/30/18, 00:14:32:797] info: Store: UPSERT_WEB_CONTENTS
{
  "id": 4,
  "state": "page-will-navigate",
  "teamId": "T02R0MMHK"
}
[04/30/18, 00:14:32:798] info: Store: UPSERT_WEB_CONTENTS
{
  "id": 3,
  "state": "loaded",
  "teamId": "T5YEC6G73"
}
[04/30/18, 00:14:32:803] info: Store: UPSERT_WEB_CONTENTS
{
  "id": 5,
  "state": "loaded",
  "teamId": "T4HEMM0UR"
}
[04/30/18, 00:14:32:806] info: Store: UPSERT_WEB_CONTENTS
{
  "id": 3,
  "state": "empty-page",
  "teamId": "T5YEC6G73"
}
[04/30/18, 00:14:32:809] info: Store: UPSERT_WEB_CONTENTS
{
  "id": 3,
  "state": "page-will-navigate",
  "teamId": "T5YEC6G73"
}
[04/30/18, 00:14:32:820] info: Store: UPSERT_WEB_CONTENTS
{
  "id": 5,
  "state": "empty-page",
  "teamId": "T4HEMM0UR"
}
[04/30/18, 00:14:32:832] info: Store: UPSERT_WEB_CONTENTS
{
  "id": 5,
  "state": "page-will-navigate",
  "teamId": "T4HEMM0UR"
}
[04/30/18, 00:14:32:836] info: Window is unloading, winssb is no longer accessible
[04/30/18, 00:14:32:966] info: Store: SET_NETWORK_STATUS offline
[04/30/18, 00:14:33:392] info: Store: UPDATE_SESSION_STATUS
{
  "hasValidSession": true,
  "teamId": "T02R0MMHK"
}
[04/30/18, 00:14:33:402] info: Store: UPDATE_SESSION_STATUS
{
  "hasValidSession": true,
  "teamId": "T5YEC6G73"
}
[04/30/18, 00:14:33:427] info: Store: UPDATE_SESSION_STATUS
{
  "hasValidSession": true,
  "teamId": "T4HEMM0UR"
}
