[05/07/18, 17:08:47:160] info: ╔════════════════════════════════════════════════════════════════════════════╗
[05/07/18, 17:08:47:160] info: ║      Slack 3.1.1, linux 4.16.6-1-zen on x64 at 05/07/18, 17:08:47:155      ║
[05/07/18, 17:08:47:160] info: ╚════════════════════════════════════════════════════════════════════════════╝
[05/07/18, 17:08:47:256] info: Initializing local storage instance at path: /home/nitoli/.config/Slack/local-settings.json
[05/07/18, 17:08:47:684] error: Calls failed to load, bailing
[05/07/18, 17:08:47:687] info: cld3::loadModule: loading cld3 module
[05/07/18, 17:08:47:724] info: cld3Loader::loadModule: running environment is NODE
[05/07/18, 17:08:47:725] info: cld3Loader::loadModule: constructed module object for runtime
[05/07/18, 17:08:48:041] info: cld3Loader::initializeRuntime: successfully initialized module
[05/07/18, 17:08:48:041] info: cld3Loader::loadModule: initialized wasm binary Runtime
[05/07/18, 17:08:48:045] warn: updateSpellcheckerLanguage: Tried to update language, but spellchecker not initialized
[05/07/18, 17:08:48:046] info: SSBIntegration: Main window preload script loaded 1283.345312
[05/07/18, 17:08:48:054] info: Store: UPSERT_WEB_CONTENTS
{
  "id": 3,
  "state": "loaded",
  "teamId": "T5YEC6G73"
}
[05/07/18, 17:08:48:057] info: Store: UPSERT_WEB_CONTENTS
{
  "id": 3,
  "state": "empty-page",
  "teamId": "T5YEC6G73"
}
[05/07/18, 17:08:48:058] info: Store: UPSERT_WEB_CONTENTS
{
  "id": 3,
  "state": "page-will-navigate",
  "teamId": "T5YEC6G73"
}
[05/07/18, 17:08:48:058] info: Store: UPSERT_WEB_CONTENTS
{
  "id": 4,
  "state": "loaded",
  "teamId": "T02R0MMHK"
}
[05/07/18, 17:08:48:058] info: Store: UPSERT_WEB_CONTENTS
{
  "id": 4,
  "state": "empty-page",
  "teamId": "T02R0MMHK"
}
[05/07/18, 17:08:48:059] info: Store: UPSERT_WEB_CONTENTS
{
  "id": 4,
  "state": "page-will-navigate",
  "teamId": "T02R0MMHK"
}
[05/07/18, 17:08:48:059] info: Store: SET_NETWORK_STATUS offline
[05/07/18, 17:08:48:059] info: Store: UPDATE_SESSION_STATUS
{
  "hasValidSession": true,
  "teamId": "T4HEMM0UR"
}
[05/07/18, 17:08:48:060] info: Store: UPDATE_SESSION_STATUS
{
  "hasValidSession": true,
  "teamId": "T0GFBAM8C"
}
[05/07/18, 17:08:48:060] info: Store: UPDATE_SESSION_STATUS
{
  "hasValidSession": true,
  "teamId": "T5YEC6G73"
}
[05/07/18, 17:08:48:061] info: Store: UPDATE_SESSION_STATUS
{
  "hasValidSession": true,
  "teamId": "T02R0MMHK"
}
[05/07/18, 17:08:48:061] info: Store: SET_NETWORK_STATUS online
[05/07/18, 17:08:48:061] info: Store: MAIN_WINDOW_SHOWN
[05/07/18, 17:08:48:062] info: Store: UPDATE_SESSION_STATUS
{
  "hasValidSession": true,
  "teamId": "T5LFW0CUB"
}
[05/07/18, 17:08:48:066] info: Store: UPSERT_WEB_CONTENTS
{
  "id": 5,
  "state": "loaded",
  "teamId": "T4HEMM0UR"
}
[05/07/18, 17:08:48:069] info: Store: UPSERT_WEB_CONTENTS
{
  "id": 5,
  "state": "empty-page",
  "teamId": "T4HEMM0UR"
}
[05/07/18, 17:08:48:075] info: Store: UPSERT_WEB_CONTENTS
{
  "id": 5,
  "state": "page-will-navigate",
  "teamId": "T4HEMM0UR"
}
[05/07/18, 17:08:48:078] info: Window is unloading, winssb is no longer accessible
