[05/07/18, 19:02:57:083] info: ╔════════════════════════════════════════════════════════════════════════════╗
[05/07/18, 19:02:57:086] info: ║      Slack 3.1.1, linux 4.16.6-1-zen on x64 at 05/07/18, 19:02:57:079      ║
[05/07/18, 19:02:57:086] info: ╚════════════════════════════════════════════════════════════════════════════╝
[05/07/18, 19:02:57:347] info: Initializing local storage instance at path: /home/nitoli/.config/Slack/local-settings.json
[05/07/18, 19:02:58:238] error: Calls failed to load, bailing
[05/07/18, 19:02:58:244] info: cld3::loadModule: loading cld3 module
[05/07/18, 19:02:58:308] info: cld3Loader::loadModule: running environment is NODE
[05/07/18, 19:02:58:308] info: cld3Loader::loadModule: constructed module object for runtime
[05/07/18, 19:02:59:198] info: cld3Loader::initializeRuntime: successfully initialized module
[05/07/18, 19:02:59:204] info: cld3Loader::loadModule: initialized wasm binary Runtime
[05/07/18, 19:02:59:231] warn: updateSpellcheckerLanguage: Tried to update language, but spellchecker not initialized
[05/07/18, 19:02:59:233] info: SSBIntegration: Main window preload script loaded 3068.564838
[05/07/18, 19:02:59:264] info: Store: UPSERT_WEB_CONTENTS
{
  "id": 7,
  "state": "loaded",
  "teamId": "T0GFBAM8C"
}
[05/07/18, 19:02:59:268] info: Store: UPSERT_WEB_CONTENTS
{
  "id": 7,
  "state": "empty-page",
  "teamId": "T0GFBAM8C"
}
[05/07/18, 19:02:59:270] info: Store: UPSERT_WEB_CONTENTS
{
  "id": 7,
  "state": "page-will-navigate",
  "teamId": "T0GFBAM8C"
}
[05/07/18, 19:02:59:276] info: Store: UPSERT_WEB_CONTENTS
{
  "id": 6,
  "state": "loaded",
  "teamId": "T5LFW0CUB"
}
[05/07/18, 19:02:59:277] info: Store: UPSERT_WEB_CONTENTS
{
  "id": 6,
  "state": "empty-page",
  "teamId": "T5LFW0CUB"
}
[05/07/18, 19:02:59:278] info: Store: UPSERT_WEB_CONTENTS
{
  "id": 6,
  "state": "page-will-navigate",
  "teamId": "T5LFW0CUB"
}
[05/07/18, 19:02:59:280] info: Store: UPSERT_WEB_CONTENTS
{
  "id": 4,
  "state": "loaded",
  "teamId": "T02R0MMHK"
}
[05/07/18, 19:02:59:283] info: Store: UPSERT_WEB_CONTENTS
{
  "id": 3,
  "state": "loaded",
  "teamId": "T5YEC6G73"
}
[05/07/18, 19:02:59:291] info: Store: UPSERT_WEB_CONTENTS
{
  "id": 3,
  "state": "empty-page",
  "teamId": "T5YEC6G73"
}
[05/07/18, 19:02:59:294] info: Store: UPSERT_WEB_CONTENTS
{
  "id": 3,
  "state": "page-will-navigate",
  "teamId": "T5YEC6G73"
}
[05/07/18, 19:02:59:297] info: Store: UPSERT_WEB_CONTENTS
{
  "id": 4,
  "state": "empty-page",
  "teamId": "T02R0MMHK"
}
[05/07/18, 19:02:59:303] info: Store: UPSERT_WEB_CONTENTS
{
  "id": 4,
  "state": "page-will-navigate",
  "teamId": "T02R0MMHK"
}
[05/07/18, 19:02:59:313] info: Window is unloading, winssb is no longer accessible
[05/07/18, 19:02:59:316] info: Store: UPSERT_WEB_CONTENTS
{
  "id": 5,
  "state": "loaded",
  "teamId": "T4HEMM0UR"
}
[05/07/18, 19:02:59:324] info: Store: UPSERT_WEB_CONTENTS
{
  "id": 5,
  "state": "empty-page",
  "teamId": "T4HEMM0UR"
}
[05/07/18, 19:02:59:331] info: Store: UPSERT_WEB_CONTENTS
{
  "id": 5,
  "state": "page-will-navigate",
  "teamId": "T4HEMM0UR"
}
[05/07/18, 19:02:59:418] info: Store: SET_NETWORK_STATUS offline
[05/07/18, 19:02:59:768] info: Store: UPDATE_SESSION_STATUS
{
  "hasValidSession": true,
  "teamId": "T5LFW0CUB"
}
[05/07/18, 19:02:59:783] info: Store: UPDATE_SESSION_STATUS
{
  "hasValidSession": true,
  "teamId": "T0GFBAM8C"
}
[05/07/18, 19:02:59:831] info: Store: UPDATE_SESSION_STATUS
{
  "hasValidSession": true,
  "teamId": "T5YEC6G73"
}
[05/07/18, 19:02:59:845] info: Store: UPDATE_SESSION_STATUS
{
  "hasValidSession": true,
  "teamId": "T02R0MMHK"
}
[05/07/18, 19:02:59:849] info: Store: UPDATE_SESSION_STATUS
{
  "hasValidSession": true,
  "teamId": "T4HEMM0UR"
}
[05/07/18, 19:03:00:110] info: Store: SET_NETWORK_STATUS online
[05/07/18, 19:03:00:120] info: Store: MAIN_WINDOW_SHOWN
