[05/05/18, 02:03:51:019] info: ╔════════════════════════════════════════════════════════════════════════════╗
[05/05/18, 02:03:51:020] info: ║      Slack 3.1.1, linux 4.16.6-1-zen on x64 at 05/05/18, 02:03:51:012      ║
[05/05/18, 02:03:51:020] info: ╚════════════════════════════════════════════════════════════════════════════╝
[05/05/18, 02:03:51:198] info: Initializing local storage instance at path: /home/nitoli/.config/Slack/local-settings.json
[05/05/18, 02:03:52:569] error: Calls failed to load, bailing
[05/05/18, 02:03:52:572] info: cld3::loadModule: loading cld3 module
[05/05/18, 02:03:52:731] info: cld3Loader::loadModule: running environment is NODE
[05/05/18, 02:03:52:732] info: cld3Loader::loadModule: constructed module object for runtime
[05/05/18, 02:03:53:693] info: cld3Loader::initializeRuntime: successfully initialized module
[05/05/18, 02:03:53:694] info: cld3Loader::loadModule: initialized wasm binary Runtime
[05/05/18, 02:03:53:726] warn: updateSpellcheckerLanguage: Tried to update language, but spellchecker not initialized
[05/05/18, 02:03:53:727] info: SSBIntegration: Main window preload script loaded 3932.489548
[05/05/18, 02:03:53:852] info: Store: UPSERT_WEB_CONTENTS
{
  "id": 6,
  "state": "loaded",
  "teamId": "T5LFW0CUB"
}
[05/05/18, 02:03:53:908] info: Store: UPSERT_WEB_CONTENTS
{
  "id": 7,
  "state": "loaded",
  "teamId": "T0GFBAM8C"
}
[05/05/18, 02:03:53:915] info: Store: UPSERT_WEB_CONTENTS
{
  "id": 7,
  "state": "empty-page",
  "teamId": "T0GFBAM8C"
}
[05/05/18, 02:03:53:916] info: Store: UPSERT_WEB_CONTENTS
{
  "id": 7,
  "state": "page-will-navigate",
  "teamId": "T0GFBAM8C"
}
[05/05/18, 02:03:53:941] info: Store: UPSERT_WEB_CONTENTS
{
  "id": 6,
  "state": "empty-page",
  "teamId": "T5LFW0CUB"
}
[05/05/18, 02:03:53:955] info: Store: UPSERT_WEB_CONTENTS
{
  "id": 6,
  "state": "page-will-navigate",
  "teamId": "T5LFW0CUB"
}
[05/05/18, 02:03:53:955] info: Window is unloading, winssb is no longer accessible
[05/05/18, 02:03:54:774] info: Store: UPSERT_WEB_CONTENTS
{
  "id": 5,
  "state": "loaded",
  "teamId": "T4HEMM0UR"
}
[05/05/18, 02:03:54:878] info: Store: UPSERT_WEB_CONTENTS
{
  "id": 5,
  "state": "empty-page",
  "teamId": "T4HEMM0UR"
}
[05/05/18, 02:03:54:904] info: Store: UPSERT_WEB_CONTENTS
{
  "id": 5,
  "state": "page-will-navigate",
  "teamId": "T4HEMM0UR"
}
