[04/29/18, 14:27:23:113] info: ╔════════════════════════════════════════════════════════════════════════════╗
[04/29/18, 14:27:23:114] info: ║      Slack 3.1.1, linux 4.16.4-1-zen on x64 at 04/29/18, 14:27:23:107      ║
[04/29/18, 14:27:23:114] info: ╚════════════════════════════════════════════════════════════════════════════╝
[04/29/18, 14:27:23:244] info: Initializing local storage instance at path: /home/nitoli/.config/Slack/local-settings.json
[04/29/18, 14:27:23:862] error: Calls failed to load, bailing
[04/29/18, 14:27:23:878] info: cld3::loadModule: loading cld3 module
[04/29/18, 14:27:23:936] info: cld3Loader::loadModule: running environment is NODE
[04/29/18, 14:27:23:936] info: cld3Loader::loadModule: constructed module object for runtime
[04/29/18, 14:27:24:366] info: cld3Loader::initializeRuntime: successfully initialized module
[04/29/18, 14:27:24:367] info: cld3Loader::loadModule: initialized wasm binary Runtime
[04/29/18, 14:27:24:380] warn: updateSpellcheckerLanguage: Tried to update language, but spellchecker not initialized
[04/29/18, 14:27:24:381] info: SSBIntegration: Main window preload script loaded 1838.593368
[04/29/18, 14:27:30:310] info: Store: SELECT_CHANNEL CA96US34P
[04/29/18, 14:27:30:313] info: Store: UPDATE_TEAM_LOCALE
{
  "locale": "en-US"
}
[04/29/18, 14:27:30:313] info: Store: UPDATE_SETTINGS
{
  "locale": "en-US"
}
[04/29/18, 14:27:31:630] info: Store: UPSERT_WEB_CONTENTS
{
  "id": 3,
  "state": "loaded",
  "teamId": "T5YEC6G73"
}
[04/29/18, 14:27:31:631] info: Store: SELECT_CHANNEL C4JRHEPK9
[04/29/18, 14:27:31:631] info: Store: UPDATE_TEAM_LOCALE
{
  "locale": "ja-JP"
}
[04/29/18, 14:27:31:981] info: Store: UPDATE_SESSION_STATUS
{
  "hasValidSession": true,
  "teamId": "T5YEC6G73"
}
[04/29/18, 14:27:31:983] info: Store: UPDATE_TEAM_LOCALE
{
  "locale": "en-US"
}
[04/29/18, 14:27:31:985] info: Store: UPSERT_WEB_CONTENTS
{
  "id": 3,
  "state": "webapp-loaded",
  "teamId": "T5YEC6G73"
}
[04/29/18, 14:27:31:989] info: Store: UPSERT_WEB_CONTENTS
{
  "id": 5,
  "state": "loaded",
  "teamId": "T4HEMM0UR"
}
[04/29/18, 14:27:31:992] info: Store: UPDATE_TEAM_THEME
{
  "teamId": "T5YEC6G73",
  "theme": {
    "active_item": "#4C9689",
    "active_item_text": "#FFFFFF",
    "active_presence": "#38978D",
    "badge": "#EB4D5C",
    "column_bg": "#4D394B",
    "hover_item": "#3E313C",
    "menu_bg": "#3E313C",
    "text_color": "#FFFFFF"
  }
}
[04/29/18, 14:27:31:992] info: Store: STORE_API_TOKEN
{
  "teamId": "T5YEC6G73",
  "token": "xoxs-⋯"
}
[04/29/18, 14:27:31:993] info: Store: UPDATE_SESSION_STATUS
{
  "hasValidSession": true,
  "teamId": "T4HEMM0UR"
}
[04/29/18, 14:27:31:994] info: Store: SELECT_CHANNEL C02TQ0GUS
[04/29/18, 14:27:31:994] info: Store: UPDATE_TEAM_LOCALE
{
  "locale": "en-US"
}
[04/29/18, 14:27:31:994] info: Store: UPDATE_TEAM_LOCALE
{
  "locale": "ja-JP"
}
[04/29/18, 14:27:31:995] info: Store: UPDATE_TEAM_ICONS
{
  "icons": {
    "image_102": "https://slack-files2.s3-us-west-2.amazonaws.com/avatars/2017-06-28/205110093367_6705e64b9b4a8299bd1f_102.png",
    "image_132": "https://slack-files2.s3-us-west-2.amazonaws.com/avatars/2017-06-28/205110093367_6705e64b9b4a8299bd1f_132.png",
    "image_230": "https://slack-files2.s3-us-west-2.amazonaws.com/avatars/2017-06-28/205110093367_6705e64b9b4a8299bd1f_230.png",
    "image_34": "https://slack-files2.s3-us-west-2.amazonaws.com/avatars/2017-06-28/205110093367_6705e64b9b4a8299bd1f_34.png",
    "image_44": "https://slack-files2.s3-us-west-2.amazonaws.com/avatars/2017-06-28/205110093367_6705e64b9b4a8299bd1f_44.png",
    "image_68": "https://slack-files2.s3-us-west-2.amazonaws.com/avatars/2017-06-28/205110093367_6705e64b9b4a8299bd1f_68.png",
    "image_88": "https://slack-files2.s3-us-west-2.amazonaws.com/avatars/2017-06-28/205110093367_6705e64b9b4a8299bd1f_88.png",
    "image_original": "https://slack-files2.s3-us-west-2.amazonaws.com/avatars/2017-06-28/205110093367_6705e64b9b4a8299bd1f_original.png"
  },
  "teamId": "T5YEC6G73"
}
[04/29/18, 14:27:31:995] info: Store: UPSERT_WEB_CONTENTS
{
  "id": 5,
  "state": "webapp-loaded",
  "teamId": "T4HEMM0UR"
}
[04/29/18, 14:27:31:997] info: Store: STORE_API_TOKEN
{
  "teamId": "T4HEMM0UR",
  "token": "xoxs-⋯"
}
[04/29/18, 14:27:31:997] info: Store: UPDATE_TEAM_THEME
{
  "teamId": "T4HEMM0UR",
  "theme": {
    "active_item": "#4C9689",
    "active_item_text": "#FFFFFF",
    "active_presence": "#38978D",
    "badge": "#EB4D5C",
    "column_bg": "#4D394B",
    "hover_item": "#3E313C",
    "menu_bg": "#3E313C",
    "text_color": "#FFFFFF"
  }
}
[04/29/18, 14:27:31:998] info: Store: UPDATE_TEAM_ICONS
{
  "icons": {
    "image_102": "https://slack-files2.s3-us-west-2.amazonaws.com/avatars/2017-03-15/154610708258_f98e05c23845866960a5_102.png",
    "image_132": "https://slack-files2.s3-us-west-2.amazonaws.com/avatars/2017-03-15/154610708258_f98e05c23845866960a5_132.png",
    "image_230": "https://slack-files2.s3-us-west-2.amazonaws.com/avatars/2017-03-15/154610708258_f98e05c23845866960a5_230.png",
    "image_34": "https://slack-files2.s3-us-west-2.amazonaws.com/avatars/2017-03-15/154610708258_f98e05c23845866960a5_34.png",
    "image_44": "https://slack-files2.s3-us-west-2.amazonaws.com/avatars/2017-03-15/154610708258_f98e05c23845866960a5_44.png",
    "image_68": "https://slack-files2.s3-us-west-2.amazonaws.com/avatars/2017-03-15/154610708258_f98e05c23845866960a5_68.png",
    "image_88": "https://slack-files2.s3-us-west-2.amazonaws.com/avatars/2017-03-15/154610708258_f98e05c23845866960a5_88.png",
    "image_original": "https://slack-files2.s3-us-west-2.amazonaws.com/avatars/2017-03-15/154610708258_f98e05c23845866960a5_original.png"
  },
  "teamId": "T4HEMM0UR"
}
[04/29/18, 14:27:31:998] info: Store: UPSERT_WEB_CONTENTS
{
  "id": 4,
  "state": "loaded",
  "teamId": "T02R0MMHK"
}
[04/29/18, 14:27:32:019] info: Store: UPDATE_TEAM_LOCALE
{
  "locale": "en-US"
}
[04/29/18, 14:27:32:019] info: Store: UPSERT_WEB_CONTENTS
{
  "id": 4,
  "state": "webapp-loaded",
  "teamId": "T02R0MMHK"
}
[04/29/18, 14:27:32:034] info: Store: STORE_API_TOKEN
{
  "teamId": "T02R0MMHK",
  "token": "xoxs-⋯"
}
[04/29/18, 14:27:32:035] info: Store: UPDATE_TEAM_THEME
{
  "teamId": "T02R0MMHK",
  "theme": {
    "active_item": "#4C9689",
    "active_item_text": "#FFFFFF",
    "active_presence": "#38978D",
    "badge": "#EB4D5C",
    "column_bg": "#4D394B",
    "hover_item": "#3E313C",
    "menu_bg": "#3E313C",
    "text_color": "#FFFFFF"
  }
}
[04/29/18, 14:27:32:208] info: Store: UPDATE_TEAM_ICONS
{
  "icons": {
    "image_102": "https://slack-files2.s3-us-west-2.amazonaws.com/avatars/2015-01-14/3400695805_06e3ed8a8ae7228d7c54_102.jpg",
    "image_132": "https://slack-files2.s3-us-west-2.amazonaws.com/avatars/2015-01-14/3400695805_06e3ed8a8ae7228d7c54_132.jpg",
    "image_230": "https://slack-files2.s3-us-west-2.amazonaws.com/avatars/2015-01-14/3400695805_06e3ed8a8ae7228d7c54_132.jpg",
    "image_34": "https://slack-files2.s3-us-west-2.amazonaws.com/avatars/2015-01-14/3400695805_06e3ed8a8ae7228d7c54_34.jpg",
    "image_44": "https://slack-files2.s3-us-west-2.amazonaws.com/avatars/2015-01-14/3400695805_06e3ed8a8ae7228d7c54_44.jpg",
    "image_68": "https://slack-files2.s3-us-west-2.amazonaws.com/avatars/2015-01-14/3400695805_06e3ed8a8ae7228d7c54_68.jpg",
    "image_88": "https://slack-files2.s3-us-west-2.amazonaws.com/avatars/2015-01-14/3400695805_06e3ed8a8ae7228d7c54_88.jpg",
    "image_original": "https://slack-files2.s3-us-west-2.amazonaws.com/avatars/2015-01-14/3400695805_06e3ed8a8ae7228d7c54_original.jpg"
  },
  "teamId": "T02R0MMHK"
}
[04/29/18, 14:27:32:423] info: Store: UPDATE_SESSION_STATUS
{
  "hasValidSession": true,
  "teamId": "T02R0MMHK"
}
[04/29/18, 14:29:47:181] info: Store: SELECT_CHANNEL C8Y1H7TEE
[04/29/18, 14:30:12:252] info: Store: MAIN_WINDOW_FOCUSED
[04/29/18, 14:30:12:383] info: Store: SELECT_TEAM T4HEMM0UR
[04/29/18, 14:30:12:391] info: Store: UPDATE_SETTINGS
{
  "locale": "ja-JP"
}
[04/29/18, 14:30:12:392] info: TranslationLookup: locale set to ja-JP for renderer
[04/29/18, 14:30:16:849] info: Store: MAIN_WINDOW_FOCUSED
[04/29/18, 14:30:16:984] info: Store: SELECT_TEAM T02R0MMHK
[04/29/18, 14:30:16:993] info: Store: UPDATE_SETTINGS
{
  "locale": "en-US"
}
[04/29/18, 14:30:16:993] info: TranslationLookup: locale set to en-US for renderer
[04/29/18, 14:30:18:135] info: Couldn't detect language for text of length '1433': Not enough reliable text, ignoring sample
[04/29/18, 14:30:36:430] info: Unloading spellchecker
[04/29/18, 14:30:36:454] info: Store: MAIN_WINDOW_FOCUSED
[04/29/18, 14:30:36:573] info: Store: SELECT_TEAM T5YEC6G73
[04/29/18, 14:30:36:581] info: Unloading spellchecker
[04/29/18, 14:30:36:584] info: Unloading spellchecker
[04/29/18, 14:30:48:525] info: Store: MAIN_WINDOW_FOCUSED
[04/29/18, 14:30:48:628] info: Store: SELECT_TEAM T02R0MMHK
[04/29/18, 14:30:55:797] info: Unloading spellchecker
[04/29/18, 14:30:55:814] info: Store: MAIN_WINDOW_FOCUSED
[04/29/18, 14:30:55:874] info: Store: SELECT_TEAM T5YEC6G73
[04/29/18, 14:30:55:880] info: Unloading spellchecker
[04/29/18, 14:30:55:881] info: Unloading spellchecker
[04/29/18, 14:30:57:416] info: Store: MAIN_WINDOW_FOCUSED
[04/29/18, 14:30:57:491] info: Store: SELECT_TEAM T02R0MMHK
[04/29/18, 14:31:32:442] info: Store: SELECT_CHANNEL C04Q8GKJA
[04/29/18, 14:31:34:776] info: Raw Locale list: ["C","en_US.utf8","POSIX",""]
[04/29/18, 14:31:34:776] info: Filtered Locale list: ["en_US"]
[04/29/18, 14:31:34:777] info: Counts: {"en":["en_US"]}
[04/29/18, 14:31:34:778] info: Setting en
[04/29/18, 14:31:34:778] info: Result: {"en":"en-US"}
[04/29/18, 14:31:34:781] info: Requesting to load ja-JP, alternatives are ["ja-JP","ja-JP","ja-JP"]
[04/29/18, 14:31:34:782] info: Loading dictionary for language ja-JP
[04/29/18, 14:31:34:782] info: Returning local copy: /home/nitoli/.config/Slack/dictionaries/ja-JP.bdic
[04/29/18, 14:31:34:784] info: Failed to read file /home/nitoli/.config/Slack/dictionaries/ja-JP.bdic: File exists but is most likely bogus
[04/29/18, 14:31:34:784] info: Actually downloading https://redirector.gvt1.com/edgedl/chrome/dict/ja-jp-3-0.bdic
[04/29/18, 14:31:35:298] info: Loading dictionary for language ja-JP
[04/29/18, 14:31:35:298] info: Returning local copy: /home/nitoli/.config/Slack/dictionaries/ja-JP.bdic
[04/29/18, 14:31:35:299] info: Failed to read file /home/nitoli/.config/Slack/dictionaries/ja-JP.bdic: File exists but is most likely bogus
[04/29/18, 14:31:35:299] info: Actually downloading https://redirector.gvt1.com/edgedl/chrome/dict/ja-jp-3-0.bdic
[04/29/18, 14:31:35:543] info: Loading dictionary for language ja-JP
[04/29/18, 14:31:35:543] info: Returning local copy: /home/nitoli/.config/Slack/dictionaries/ja-JP.bdic
[04/29/18, 14:31:35:551] info: Failed to read file /home/nitoli/.config/Slack/dictionaries/ja-JP.bdic: File exists but is most likely bogus
[04/29/18, 14:31:35:552] info: Actually downloading https://redirector.gvt1.com/edgedl/chrome/dict/ja-jp-3-0.bdic
[04/29/18, 14:31:35:801] info: dictionary for ja-JP_ja-JP is not available
[04/29/18, 14:31:35:802] info: Actually installing spell check provider to Electron
[04/29/18, 14:31:44:449] info: Unloading spellchecker
[04/29/18, 14:31:44:472] info: Store: MAIN_WINDOW_FOCUSED
[04/29/18, 14:31:44:476] info: Restoring spellchecker
[04/29/18, 14:31:44:478] info: Requesting to load ja-JP, alternatives are ["ja-JP","ja-JP","ja-JP"]
[04/29/18, 14:31:44:479] info: Loading dictionary for language ja-JP
[04/29/18, 14:31:44:479] info: Returning local copy: /home/nitoli/.config/Slack/dictionaries/ja-JP.bdic
[04/29/18, 14:31:44:502] info: Failed to read file /home/nitoli/.config/Slack/dictionaries/ja-JP.bdic: File exists but is most likely bogus
[04/29/18, 14:31:44:504] info: Actually downloading https://redirector.gvt1.com/edgedl/chrome/dict/ja-jp-3-0.bdic
[04/29/18, 14:31:44:596] info: Store: SELECT_TEAM T5YEC6G73
[04/29/18, 14:31:44:600] info: Unloading spellchecker
[04/29/18, 14:31:44:601] info: Unloading spellchecker
[04/29/18, 14:31:45:474] info: Loading dictionary for language ja-JP
[04/29/18, 14:31:45:474] info: Returning local copy: /home/nitoli/.config/Slack/dictionaries/ja-JP.bdic
[04/29/18, 14:31:45:477] info: Failed to read file /home/nitoli/.config/Slack/dictionaries/ja-JP.bdic: File exists but is most likely bogus
[04/29/18, 14:31:45:478] info: Actually downloading https://redirector.gvt1.com/edgedl/chrome/dict/ja-jp-3-0.bdic
[04/29/18, 14:31:45:921] info: Loading dictionary for language ja-JP
[04/29/18, 14:31:45:921] info: Returning local copy: /home/nitoli/.config/Slack/dictionaries/ja-JP.bdic
[04/29/18, 14:31:45:922] info: Failed to read file /home/nitoli/.config/Slack/dictionaries/ja-JP.bdic: File exists but is most likely bogus
[04/29/18, 14:31:45:922] info: Actually downloading https://redirector.gvt1.com/edgedl/chrome/dict/ja-jp-3-0.bdic
[04/29/18, 14:31:46:336] info: dictionary for ja-JP_ja-JP is not available
[04/29/18, 14:31:50:765] info: Store: SELECT_CHANNEL CA96US34P
[04/29/18, 14:32:51:169] info: Store: SELECT_CHANNEL C8Y1H7TEE
[04/29/18, 14:37:12:738] info: Store: MAIN_WINDOW_FOCUSED
[04/29/18, 14:37:12:839] info: Store: SELECT_TEAM T02R0MMHK
[04/29/18, 14:37:12:850] info: Restoring spellchecker
[04/29/18, 14:37:12:851] info: Requesting to load ja-JP, alternatives are ["ja-JP","ja-JP","ja-JP"]
[04/29/18, 14:37:12:851] info: Loading dictionary for language ja-JP
[04/29/18, 14:37:12:852] info: Actually downloading https://redirector.gvt1.com/edgedl/chrome/dict/ja-jp-3-0.bdic
[04/29/18, 14:37:12:887] info: Restoring spellchecker
[04/29/18, 14:37:12:887] info: Requesting to load ja-JP, alternatives are ["ja-JP","ja-JP","ja-JP"]
[04/29/18, 14:37:12:888] info: Loading dictionary for language ja-JP
[04/29/18, 14:37:12:888] info: Actually downloading https://redirector.gvt1.com/edgedl/chrome/dict/ja-jp-3-0.bdic
[04/29/18, 14:37:13:501] info: Loading dictionary for language ja-JP
[04/29/18, 14:37:13:502] info: Returning local copy: /home/nitoli/.config/Slack/dictionaries/ja-JP.bdic
[04/29/18, 14:37:13:504] info: Failed to read file /home/nitoli/.config/Slack/dictionaries/ja-JP.bdic: File exists but is most likely bogus
[04/29/18, 14:37:13:505] info: Actually downloading https://redirector.gvt1.com/edgedl/chrome/dict/ja-jp-3-0.bdic
[04/29/18, 14:37:13:836] info: Loading dictionary for language ja-JP
[04/29/18, 14:37:13:836] info: Returning local copy: /home/nitoli/.config/Slack/dictionaries/ja-JP.bdic
[04/29/18, 14:37:13:838] info: Failed to read file /home/nitoli/.config/Slack/dictionaries/ja-JP.bdic: File exists but is most likely bogus
[04/29/18, 14:37:13:839] info: Actually downloading https://redirector.gvt1.com/edgedl/chrome/dict/ja-jp-3-0.bdic
[04/29/18, 14:37:13:860] info: Unloading spellchecker
[04/29/18, 14:37:13:863] info: Restoring spellchecker
[04/29/18, 14:37:13:864] info: Requesting to load ja-JP, alternatives are ["ja-JP","ja-JP","ja-JP"]
[04/29/18, 14:37:13:864] info: Loading dictionary for language ja-JP
[04/29/18, 14:37:13:865] info: Actually downloading https://redirector.gvt1.com/edgedl/chrome/dict/ja-jp-3-0.bdic
[04/29/18, 14:37:13:923] info: Store: MAIN_WINDOW_FOCUSED
[04/29/18, 14:37:13:950] info: Loading dictionary for language ja-JP
[04/29/18, 14:37:13:951] info: Returning local copy: /home/nitoli/.config/Slack/dictionaries/ja-JP.bdic
[04/29/18, 14:37:13:952] info: Failed to read file /home/nitoli/.config/Slack/dictionaries/ja-JP.bdic: File exists but is most likely bogus
[04/29/18, 14:37:13:952] info: Actually downloading https://redirector.gvt1.com/edgedl/chrome/dict/ja-jp-3-0.bdic
[04/29/18, 14:37:13:983] info: Store: SELECT_TEAM T4HEMM0UR
[04/29/18, 14:37:13:987] info: Unloading spellchecker
[04/29/18, 14:37:13:987] info: Unloading spellchecker
[04/29/18, 14:37:13:990] info: Store: UPDATE_SETTINGS
{
  "locale": "ja-JP"
}
[04/29/18, 14:37:13:990] info: TranslationLookup: locale set to ja-JP for renderer
[04/29/18, 14:37:14:115] info: Loading dictionary for language ja-JP
[04/29/18, 14:37:14:116] info: Returning local copy: /home/nitoli/.config/Slack/dictionaries/ja-JP.bdic
[04/29/18, 14:37:14:117] info: Failed to read file /home/nitoli/.config/Slack/dictionaries/ja-JP.bdic: File exists but is most likely bogus
[04/29/18, 14:37:14:117] info: Actually downloading https://redirector.gvt1.com/edgedl/chrome/dict/ja-jp-3-0.bdic
[04/29/18, 14:37:14:290] info: dictionary for ja-JP_ja-JP is not available
[04/29/18, 14:37:14:462] info: dictionary for ja-JP_ja-JP is not available
[04/29/18, 14:37:14:565] info: Loading dictionary for language ja-JP
[04/29/18, 14:37:14:566] info: Returning local copy: /home/nitoli/.config/Slack/dictionaries/ja-JP.bdic
[04/29/18, 14:37:14:567] info: Failed to read file /home/nitoli/.config/Slack/dictionaries/ja-JP.bdic: File exists but is most likely bogus
[04/29/18, 14:37:14:567] info: Actually downloading https://redirector.gvt1.com/edgedl/chrome/dict/ja-jp-3-0.bdic
[04/29/18, 14:37:15:049] info: Loading dictionary for language ja-JP
[04/29/18, 14:37:15:050] info: Returning local copy: /home/nitoli/.config/Slack/dictionaries/ja-JP.bdic
[04/29/18, 14:37:15:052] info: Failed to read file /home/nitoli/.config/Slack/dictionaries/ja-JP.bdic: File exists but is most likely bogus
[04/29/18, 14:37:15:053] info: Actually downloading https://redirector.gvt1.com/edgedl/chrome/dict/ja-jp-3-0.bdic
[04/29/18, 14:37:15:497] info: dictionary for ja-JP_ja-JP is not available
[04/29/18, 14:37:17:463] info: Store: MAIN_WINDOW_FOCUSED
[04/29/18, 14:37:17:594] info: Store: SELECT_TEAM T5YEC6G73
[04/29/18, 14:37:17:617] info: Store: UPDATE_SETTINGS
{
  "locale": "en-US"
}
[04/29/18, 14:37:17:618] info: TranslationLookup: locale set to en-US for renderer
[04/29/18, 14:37:18:620] info: Store: MAIN_WINDOW_FOCUSED
[04/29/18, 14:37:18:717] info: Store: SELECT_TEAM T02R0MMHK
[04/29/18, 14:37:18:732] info: Restoring spellchecker
[04/29/18, 14:37:18:732] info: Requesting to load ja-JP, alternatives are ["ja-JP","ja-JP","ja-JP"]
[04/29/18, 14:37:18:734] info: Loading dictionary for language ja-JP
[04/29/18, 14:37:18:735] info: Actually downloading https://redirector.gvt1.com/edgedl/chrome/dict/ja-jp-3-0.bdic
[04/29/18, 14:37:18:769] info: Restoring spellchecker
[04/29/18, 14:37:18:772] info: Requesting to load ja-JP, alternatives are ["ja-JP","ja-JP","ja-JP"]
[04/29/18, 14:37:18:776] info: Loading dictionary for language ja-JP
[04/29/18, 14:37:18:780] info: Actually downloading https://redirector.gvt1.com/edgedl/chrome/dict/ja-jp-3-0.bdic
[04/29/18, 14:37:19:132] info: Loading dictionary for language ja-JP
[04/29/18, 14:37:19:133] info: Returning local copy: /home/nitoli/.config/Slack/dictionaries/ja-JP.bdic
[04/29/18, 14:37:19:135] info: Failed to read file /home/nitoli/.config/Slack/dictionaries/ja-JP.bdic: File exists but is most likely bogus
[04/29/18, 14:37:19:138] info: Actually downloading https://redirector.gvt1.com/edgedl/chrome/dict/ja-jp-3-0.bdic
[04/29/18, 14:37:19:312] info: Loading dictionary for language ja-JP
[04/29/18, 14:37:19:313] info: Returning local copy: /home/nitoli/.config/Slack/dictionaries/ja-JP.bdic
[04/29/18, 14:37:19:314] info: Failed to read file /home/nitoli/.config/Slack/dictionaries/ja-JP.bdic: File exists but is most likely bogus
[04/29/18, 14:37:19:315] info: Actually downloading https://redirector.gvt1.com/edgedl/chrome/dict/ja-jp-3-0.bdic
[04/29/18, 14:37:19:737] info: Loading dictionary for language ja-JP
[04/29/18, 14:37:19:737] info: Returning local copy: /home/nitoli/.config/Slack/dictionaries/ja-JP.bdic
[04/29/18, 14:37:19:738] info: Failed to read file /home/nitoli/.config/Slack/dictionaries/ja-JP.bdic: File exists but is most likely bogus
[04/29/18, 14:37:19:739] info: Actually downloading https://redirector.gvt1.com/edgedl/chrome/dict/ja-jp-3-0.bdic
[04/29/18, 14:37:19:922] info: Loading dictionary for language ja-JP
[04/29/18, 14:37:19:922] info: Returning local copy: /home/nitoli/.config/Slack/dictionaries/ja-JP.bdic
[04/29/18, 14:37:19:923] info: Failed to read file /home/nitoli/.config/Slack/dictionaries/ja-JP.bdic: File exists but is most likely bogus
[04/29/18, 14:37:19:924] info: Actually downloading https://redirector.gvt1.com/edgedl/chrome/dict/ja-jp-3-0.bdic
[04/29/18, 14:37:20:206] info: dictionary for ja-JP_ja-JP is not available
[04/29/18, 14:37:20:283] info: dictionary for ja-JP_ja-JP is not available
[04/29/18, 14:37:23:502] info: Unloading spellchecker
[04/29/18, 14:37:23:539] info: Store: MAIN_WINDOW_FOCUSED
[04/29/18, 14:37:23:544] info: Restoring spellchecker
[04/29/18, 14:37:23:545] info: Requesting to load ja-JP, alternatives are ["ja-JP","ja-JP","ja-JP"]
[04/29/18, 14:37:23:545] info: Loading dictionary for language ja-JP
[04/29/18, 14:37:23:545] info: Returning local copy: /home/nitoli/.config/Slack/dictionaries/ja-JP.bdic
[04/29/18, 14:37:23:551] info: Failed to read file /home/nitoli/.config/Slack/dictionaries/ja-JP.bdic: File exists but is most likely bogus
[04/29/18, 14:37:23:552] info: Actually downloading https://redirector.gvt1.com/edgedl/chrome/dict/ja-jp-3-0.bdic
[04/29/18, 14:37:23:741] info: Store: SELECT_TEAM T5YEC6G73
[04/29/18, 14:37:23:751] info: Unloading spellchecker
[04/29/18, 14:37:23:764] info: Unloading spellchecker
[04/29/18, 14:37:23:804] info: Loading dictionary for language ja-JP
[04/29/18, 14:37:23:805] info: Returning local copy: /home/nitoli/.config/Slack/dictionaries/ja-JP.bdic
[04/29/18, 14:37:23:806] info: Failed to read file /home/nitoli/.config/Slack/dictionaries/ja-JP.bdic: File exists but is most likely bogus
[04/29/18, 14:37:23:807] info: Actually downloading https://redirector.gvt1.com/edgedl/chrome/dict/ja-jp-3-0.bdic
[04/29/18, 14:37:24:364] info: Loading dictionary for language ja-JP
[04/29/18, 14:37:24:364] info: Returning local copy: /home/nitoli/.config/Slack/dictionaries/ja-JP.bdic
[04/29/18, 14:37:24:365] info: Failed to read file /home/nitoli/.config/Slack/dictionaries/ja-JP.bdic: File exists but is most likely bogus
[04/29/18, 14:37:24:365] info: Actually downloading https://redirector.gvt1.com/edgedl/chrome/dict/ja-jp-3-0.bdic
[04/29/18, 14:37:24:775] info: dictionary for ja-JP_ja-JP is not available
[04/29/18, 14:37:29:921] info: Store: SELECT_CHANNEL DA15P1C1M
[04/29/18, 14:38:00:280] info: Store: SET_FULL_SCREEN
[04/29/18, 14:44:38:994] info: Store: FOREGROUND_APP
[04/29/18, 14:44:39:004] info: Store: MAIN_WINDOW_FOCUSED
[04/29/18, 14:44:41:537] info: Store: SELECT_CHANNEL C8Y1H7TEE
[04/29/18, 16:03:24:873] info: Store: FOREGROUND_APP
[04/29/18, 16:03:24:894] info: Store: MAIN_WINDOW_FOCUSED
