[05/08/18, 11:12:01:509] info: ╔════════════════════════════════════════════════════════════════════════════╗
[05/08/18, 11:12:01:513] info: ║      Slack 3.1.1, linux 4.16.6-1-zen on x64 at 05/08/18, 11:12:01:504      ║
[05/08/18, 11:12:01:513] info: ╚════════════════════════════════════════════════════════════════════════════╝
[05/08/18, 11:12:01:704] info: Initializing local storage instance at path: /home/nitoli/.config/Slack/local-settings.json
[05/08/18, 11:12:02:312] error: Calls failed to load, bailing
[05/08/18, 11:12:02:315] info: cld3::loadModule: loading cld3 module
[05/08/18, 11:12:02:382] info: cld3Loader::loadModule: running environment is NODE
[05/08/18, 11:12:02:382] info: cld3Loader::loadModule: constructed module object for runtime
[05/08/18, 11:12:02:920] info: cld3Loader::initializeRuntime: successfully initialized module
[05/08/18, 11:12:02:920] info: cld3Loader::loadModule: initialized wasm binary Runtime
[05/08/18, 11:12:02:940] warn: updateSpellcheckerLanguage: Tried to update language, but spellchecker not initialized
[05/08/18, 11:12:02:940] info: TranslationLookup: locale set to ja-JP for renderer
[05/08/18, 11:12:02:942] info: SSBIntegration: Main window preload script loaded 2112.021123
[05/08/18, 11:12:02:964] info: Store: UPSERT_WEB_CONTENTS
{
  "id": 3,
  "state": "loaded",
  "teamId": "T5LFW0CUB"
}
[05/08/18, 11:12:02:971] info: Store: UPSERT_WEB_CONTENTS
{
  "id": 3,
  "state": "empty-page",
  "teamId": "T5LFW0CUB"
}
[05/08/18, 11:12:02:972] info: Store: UPSERT_WEB_CONTENTS
{
  "id": 3,
  "state": "page-will-navigate",
  "teamId": "T5LFW0CUB"
}
[05/08/18, 11:12:02:988] info: Store: UPSERT_WEB_CONTENTS
{
  "id": 7,
  "state": "loaded",
  "teamId": "T0GFBAM8C"
}
[05/08/18, 11:12:02:999] info: Store: UPSERT_WEB_CONTENTS
{
  "id": 7,
  "state": "empty-page",
  "teamId": "T0GFBAM8C"
}
[05/08/18, 11:12:03:004] info: Store: UPSERT_WEB_CONTENTS
{
  "id": 7,
  "state": "page-will-navigate",
  "teamId": "T0GFBAM8C"
}
[05/08/18, 11:12:03:010] info: Window is unloading, winssb is no longer accessible
