[05/08/18, 20:47:31:490] info: ╔════════════════════════════════════════════════════════════════════════════╗
[05/08/18, 20:47:31:498] info: ║      Slack 3.1.1, linux 4.16.7-1-zen on x64 at 05/08/18, 20:47:31:485      ║
[05/08/18, 20:47:31:498] info: ╚════════════════════════════════════════════════════════════════════════════╝
[05/08/18, 20:47:32:411] info: Initializing local storage instance at path: /home/nitoli/.config/Slack/local-settings.json
[05/08/18, 20:47:34:952] info: Store: UPSERT_WEB_CONTENTS
{
  "id": 4,
  "state": "loaded",
  "teamId": "T5YEC6G73"
}
[05/08/18, 20:47:34:972] info: Store: UPSERT_WEB_CONTENTS
{
  "id": 4,
  "state": "empty-page",
  "teamId": "T5YEC6G73"
}
[05/08/18, 20:47:34:976] info: Store: UPSERT_WEB_CONTENTS
{
  "id": 4,
  "state": "page-will-navigate",
  "teamId": "T5YEC6G73"
}
[05/08/18, 20:47:34:986] info: Store: UPSERT_WEB_CONTENTS
{
  "id": 6,
  "state": "loaded",
  "teamId": "T5LFW0CUB"
}
[05/08/18, 20:47:34:989] info: Store: UPSERT_WEB_CONTENTS
{
  "id": 6,
  "state": "empty-page",
  "teamId": "T5LFW0CUB"
}
[05/08/18, 20:47:34:998] info: Store: UPSERT_WEB_CONTENTS
{
  "id": 6,
  "state": "page-will-navigate",
  "teamId": "T5LFW0CUB"
}
[05/08/18, 20:47:35:002] info: Store: UPSERT_WEB_CONTENTS
{
  "id": 3,
  "state": "loaded",
  "teamId": "T02R0MMHK"
}
[05/08/18, 20:47:35:009] info: Store: UPSERT_WEB_CONTENTS
{
  "id": 3,
  "state": "empty-page",
  "teamId": "T02R0MMHK"
}
[05/08/18, 20:47:35:018] info: Store: UPSERT_WEB_CONTENTS
{
  "id": 3,
  "state": "page-will-navigate",
  "teamId": "T02R0MMHK"
}
[05/08/18, 20:47:35:021] info: Store: UPSERT_WEB_CONTENTS
{
  "id": 7,
  "state": "loaded",
  "teamId": "T0GFBAM8C"
}
[05/08/18, 20:47:35:024] info: Store: UPSERT_WEB_CONTENTS
{
  "id": 7,
  "state": "empty-page",
  "teamId": "T0GFBAM8C"
}
[05/08/18, 20:47:35:033] info: Store: UPSERT_WEB_CONTENTS
{
  "id": 7,
  "state": "page-will-navigate",
  "teamId": "T0GFBAM8C"
}
[05/08/18, 20:47:35:047] info: Store: UPSERT_WEB_CONTENTS
{
  "id": 5,
  "state": "loaded",
  "teamId": "T4HEMM0UR"
}
[05/08/18, 20:47:35:057] info: Store: UPSERT_WEB_CONTENTS
{
  "id": 5,
  "state": "empty-page",
  "teamId": "T4HEMM0UR"
}
[05/08/18, 20:47:35:066] info: Store: UPSERT_WEB_CONTENTS
{
  "id": 5,
  "state": "page-will-navigate",
  "teamId": "T4HEMM0UR"
}
[05/08/18, 20:47:35:175] info: NetworkStatus: Waiting for network online…
[05/08/18, 20:47:35:177] info: Store: SET_NETWORK_STATUS offline
[05/08/18, 20:47:35:538] warn: Tried to determine signed in status, but errored.
{
  "error": {
    "message": "Failed to fetch",
    "stack": "TypeError: Failed to fetch"
  }
}
[05/08/18, 20:47:35:543] warn: Tried to determine signed in status, but errored.
{
  "error": {
    "message": "Failed to fetch",
    "stack": "TypeError: Failed to fetch"
  }
}
[05/08/18, 20:47:35:544] warn: Tried to determine signed in status, but errored.
{
  "error": {
    "message": "Failed to fetch",
    "stack": "TypeError: Failed to fetch"
  }
}
[05/08/18, 20:47:35:546] warn: Tried to determine signed in status, but errored.
{
  "error": {
    "message": "Failed to fetch",
    "stack": "TypeError: Failed to fetch"
  }
}
[05/08/18, 20:47:35:547] warn: Tried to determine signed in status, but errored.
{
  "error": {
    "message": "Failed to fetch",
    "stack": "TypeError: Failed to fetch"
  }
}
[05/08/18, 20:47:35:708] info: NetworkStatus: Network check failed
{
  "error": {
    "message": "Failed to fetch",
    "stack": "TypeError: Failed to fetch"
  }
}
[05/08/18, 20:47:35:709] info: NetworkStatus: Response from api.test
{
  "status": "offline"
}
[05/08/18, 20:47:35:710] info: Store: UPDATE_SESSION_STATUS
{
  "hasValidSession": null,
  "teamId": "T5YEC6G73"
}
[05/08/18, 20:47:35:719] info: Store: UPDATE_SESSION_STATUS
{
  "hasValidSession": null,
  "teamId": "T5LFW0CUB"
}
[05/08/18, 20:47:35:733] info: Store: UPDATE_SESSION_STATUS
{
  "hasValidSession": null,
  "teamId": "T02R0MMHK"
}
[05/08/18, 20:47:35:741] info: Store: UPDATE_SESSION_STATUS
{
  "hasValidSession": null,
  "teamId": "T0GFBAM8C"
}
[05/08/18, 20:47:35:751] info: Store: UPDATE_SESSION_STATUS
{
  "hasValidSession": null,
  "teamId": "T4HEMM0UR"
}
[05/08/18, 20:47:37:201] info: Store: UPSERT_WEB_CONTENTS
{
  "id": 4,
  "state": "loaded",
  "teamId": "T5YEC6G73"
}
[05/08/18, 20:47:37:271] info: Store: UPSERT_WEB_CONTENTS
{
  "id": 4,
  "state": "empty-page",
  "teamId": "T5YEC6G73"
}
[05/08/18, 20:47:37:304] info: Store: UPSERT_WEB_CONTENTS
{
  "id": 6,
  "state": "loaded",
  "teamId": "T5LFW0CUB"
}
[05/08/18, 20:47:37:348] info: Store: UPSERT_WEB_CONTENTS
{
  "id": 6,
  "state": "empty-page",
  "teamId": "T5LFW0CUB"
}
[05/08/18, 20:47:37:398] warn: Tried to determine signed in status, but errored.
{
  "error": {
    "message": "Failed to fetch",
    "stack": "TypeError: Failed to fetch"
  }
}
[05/08/18, 20:47:37:401] info: Store: UPDATE_SESSION_STATUS
{
  "hasValidSession": null,
  "teamId": "T5YEC6G73"
}
[05/08/18, 20:47:37:448] warn: Tried to determine signed in status, but errored.
{
  "error": {
    "message": "Failed to fetch",
    "stack": "TypeError: Failed to fetch"
  }
}
[05/08/18, 20:47:37:452] info: Store: UPDATE_SESSION_STATUS
{
  "hasValidSession": null,
  "teamId": "T5LFW0CUB"
}
[05/08/18, 20:47:37:522] info: Store: UPSERT_WEB_CONTENTS
{
  "id": 3,
  "state": "loaded",
  "teamId": "T02R0MMHK"
}
[05/08/18, 20:47:37:575] info: Store: UPSERT_WEB_CONTENTS
{
  "id": 3,
  "state": "empty-page",
  "teamId": "T02R0MMHK"
}
[05/08/18, 20:47:37:643] info: Store: UPSERT_WEB_CONTENTS
{
  "id": 7,
  "state": "loaded",
  "teamId": "T0GFBAM8C"
}
[05/08/18, 20:47:37:665] warn: Tried to determine signed in status, but errored.
{
  "error": {
    "message": "Failed to fetch",
    "stack": "TypeError: Failed to fetch"
  }
}
[05/08/18, 20:47:37:670] info: Store: UPDATE_SESSION_STATUS
{
  "hasValidSession": null,
  "teamId": "T02R0MMHK"
}
[05/08/18, 20:47:37:687] info: Store: UPSERT_WEB_CONTENTS
{
  "id": 7,
  "state": "empty-page",
  "teamId": "T0GFBAM8C"
}
[05/08/18, 20:47:37:778] warn: Tried to determine signed in status, but errored.
{
  "error": {
    "message": "Failed to fetch",
    "stack": "TypeError: Failed to fetch"
  }
}
[05/08/18, 20:47:37:782] info: Store: UPDATE_SESSION_STATUS
{
  "hasValidSession": null,
  "teamId": "T0GFBAM8C"
}
[05/08/18, 20:47:37:873] info: Store: UPSERT_WEB_CONTENTS
{
  "id": 5,
  "state": "loaded",
  "teamId": "T4HEMM0UR"
}
[05/08/18, 20:47:37:892] info: Store: UPSERT_WEB_CONTENTS
{
  "id": 5,
  "state": "empty-page",
  "teamId": "T4HEMM0UR"
}
[05/08/18, 20:47:38:018] warn: Tried to determine signed in status, but errored.
{
  "error": {
    "message": "Failed to fetch",
    "stack": "TypeError: Failed to fetch"
  }
}
[05/08/18, 20:47:38:024] info: Store: UPDATE_SESSION_STATUS
{
  "hasValidSession": null,
  "teamId": "T4HEMM0UR"
}
[05/08/18, 20:47:40:530] info: NetworkStatus: Network check failed
{
  "error": {
    "message": "Failed to fetch",
    "stack": "TypeError: Failed to fetch"
  }
}
[05/08/18, 20:47:40:531] info: NetworkStatus: Response from api.test
{
  "status": "offline"
}
[05/08/18, 20:47:45:532] info: NetworkStatus: Network check failed
{
  "error": {
    "message": "Failed to fetch",
    "stack": "TypeError: Failed to fetch"
  }
}
[05/08/18, 20:47:45:533] info: NetworkStatus: Response from api.test
{
  "status": "offline"
}
[05/08/18, 20:47:50:529] info: NetworkStatus: Network check failed
{
  "error": {
    "message": "Failed to fetch",
    "stack": "TypeError: Failed to fetch"
  }
}
[05/08/18, 20:47:50:530] info: NetworkStatus: Response from api.test
{
  "status": "offline"
}
[05/08/18, 20:47:55:550] info: NetworkStatus: Network check failed
{
  "error": {
    "message": "Failed to fetch",
    "stack": "TypeError: Failed to fetch"
  }
}
[05/08/18, 20:47:55:551] info: NetworkStatus: Response from api.test
{
  "status": "offline"
}
[05/08/18, 20:48:00:532] info: NetworkStatus: Network check failed
{
  "error": {
    "message": "Failed to fetch",
    "stack": "TypeError: Failed to fetch"
  }
}
[05/08/18, 20:48:00:533] info: NetworkStatus: Response from api.test
{
  "status": "offline"
}
[05/08/18, 20:48:05:531] info: NetworkStatus: Network check failed
{
  "error": {
    "message": "Failed to fetch",
    "stack": "TypeError: Failed to fetch"
  }
}
[05/08/18, 20:48:05:532] info: NetworkStatus: Response from api.test
{
  "status": "offline"
}
[05/08/18, 20:48:10:532] info: NetworkStatus: Network check failed
{
  "error": {
    "message": "Failed to fetch",
    "stack": "TypeError: Failed to fetch"
  }
}
[05/08/18, 20:48:10:532] info: NetworkStatus: Response from api.test
{
  "status": "offline"
}
[05/08/18, 20:48:15:530] info: NetworkStatus: Network check failed
{
  "error": {
    "message": "Failed to fetch",
    "stack": "TypeError: Failed to fetch"
  }
}
[05/08/18, 20:48:15:531] info: NetworkStatus: Response from api.test
{
  "status": "offline"
}
[05/08/18, 20:48:20:533] info: NetworkStatus: Network check failed
{
  "error": {
    "message": "Failed to fetch",
    "stack": "TypeError: Failed to fetch"
  }
}
[05/08/18, 20:48:20:534] info: NetworkStatus: Response from api.test
{
  "status": "offline"
}
[05/08/18, 20:48:25:536] info: NetworkStatus: Network check failed
{
  "error": {
    "message": "Failed to fetch",
    "stack": "TypeError: Failed to fetch"
  }
}
[05/08/18, 20:48:25:537] info: NetworkStatus: Response from api.test
{
  "status": "offline"
}
[05/08/18, 20:48:30:535] info: NetworkStatus: Network check failed
{
  "error": {
    "message": "Failed to fetch",
    "stack": "TypeError: Failed to fetch"
  }
}
[05/08/18, 20:48:30:535] info: NetworkStatus: Response from api.test
{
  "status": "offline"
}
[05/08/18, 20:48:35:548] info: NetworkStatus: Network check failed
{
  "error": {
    "message": "Failed to fetch",
    "stack": "TypeError: Failed to fetch"
  }
}
[05/08/18, 20:48:35:548] info: NetworkStatus: Response from api.test
{
  "status": "offline"
}
[05/08/18, 20:48:40:566] info: NetworkStatus: Network check failed
{
  "error": {
    "message": "Failed to fetch",
    "stack": "TypeError: Failed to fetch"
  }
}
[05/08/18, 20:48:40:566] info: NetworkStatus: Response from api.test
{
  "status": "offline"
}
[05/08/18, 20:48:45:537] info: NetworkStatus: Network check failed
{
  "error": {
    "message": "Failed to fetch",
    "stack": "TypeError: Failed to fetch"
  }
}
[05/08/18, 20:48:45:538] info: NetworkStatus: Response from api.test
{
  "status": "offline"
}
[05/08/18, 20:48:50:537] info: NetworkStatus: Network check failed
{
  "error": {
    "message": "Failed to fetch",
    "stack": "TypeError: Failed to fetch"
  }
}
[05/08/18, 20:48:50:537] info: NetworkStatus: Response from api.test
{
  "status": "offline"
}
[05/08/18, 20:48:55:556] info: NetworkStatus: Network check failed
{
  "error": {
    "message": "Failed to fetch",
    "stack": "TypeError: Failed to fetch"
  }
}
[05/08/18, 20:48:55:559] info: NetworkStatus: Response from api.test
{
  "status": "offline"
}
[05/08/18, 20:49:00:553] info: NetworkStatus: Network check failed
{
  "error": {
    "message": "Failed to fetch",
    "stack": "TypeError: Failed to fetch"
  }
}
[05/08/18, 20:49:00:553] info: NetworkStatus: Response from api.test
{
  "status": "offline"
}
[05/08/18, 20:49:05:547] info: NetworkStatus: Network check failed
{
  "error": {
    "message": "Failed to fetch",
    "stack": "TypeError: Failed to fetch"
  }
}
[05/08/18, 20:49:05:548] info: NetworkStatus: Response from api.test
{
  "status": "offline"
}
