[04/30/18, 00:14:35:039] info: ╔════════════════════════════════════════════════════════════════════════════╗
[04/30/18, 00:14:35:043] info: ║      Slack 3.1.1, linux 4.16.5-1-zen on x64 at 04/30/18, 00:14:35:030      ║
[04/30/18, 00:14:35:043] info: ╚════════════════════════════════════════════════════════════════════════════╝
[04/30/18, 00:14:35:375] info: Initializing local storage instance at path: /home/nitoli/.config/Slack/local-settings.json
[04/30/18, 00:14:36:735] error: Calls failed to load, bailing
[04/30/18, 00:14:36:744] info: cld3::loadModule: loading cld3 module
[04/30/18, 00:14:36:807] info: cld3Loader::loadModule: running environment is NODE
[04/30/18, 00:14:36:807] info: cld3Loader::loadModule: constructed module object for runtime
[04/30/18, 00:14:37:289] info: cld3Loader::initializeRuntime: successfully initialized module
[04/30/18, 00:14:37:290] info: cld3Loader::loadModule: initialized wasm binary Runtime
[04/30/18, 00:14:37:294] warn: updateSpellcheckerLanguage: Tried to update language, but spellchecker not initialized
[04/30/18, 00:14:37:295] info: SSBIntegration: Main window preload script loaded 3099.134364
[04/30/18, 00:14:46:696] info: Store: SELECT_CHANNEL C04Q8GKJA
[04/30/18, 00:14:46:703] info: Store: UPDATE_TEAM_LOCALE
{
  "locale": "en-US"
}
[04/30/18, 00:14:46:707] info: Store: UPDATE_SETTINGS
{
  "locale": "en-US"
}
[04/30/18, 00:14:49:571] info: Store: SELECT_CHANNEL C4JRHEPK9
[04/30/18, 00:14:49:571] info: Store: UPDATE_TEAM_LOCALE
{
  "locale": "ja-JP"
}
[04/30/18, 00:14:49:578] info: Store: UPSERT_WEB_CONTENTS
{
  "id": 4,
  "state": "loaded",
  "teamId": "T02R0MMHK"
}
[04/30/18, 00:14:49:579] info: Store: UPDATE_SESSION_STATUS
{
  "hasValidSession": true,
  "teamId": "T02R0MMHK"
}
[04/30/18, 00:14:49:579] info: Store: UPDATE_TEAM_LOCALE
{
  "locale": "en-US"
}
[04/30/18, 00:14:49:580] info: Store: UPSERT_WEB_CONTENTS
{
  "id": 4,
  "state": "webapp-loaded",
  "teamId": "T02R0MMHK"
}
[04/30/18, 00:14:49:582] info: Store: UPSERT_WEB_CONTENTS
{
  "id": 5,
  "state": "loaded",
  "teamId": "T4HEMM0UR"
}
[04/30/18, 00:14:49:583] info: Store: UPDATE_TEAM_THEME
{
  "teamId": "T02R0MMHK",
  "theme": {
    "active_item": "#4C9689",
    "active_item_text": "#FFFFFF",
    "active_presence": "#38978D",
    "badge": "#EB4D5C",
    "column_bg": "#4D394B",
    "hover_item": "#3E313C",
    "menu_bg": "#3E313C",
    "text_color": "#FFFFFF"
  }
}
[04/30/18, 00:14:49:587] info: Store: STORE_API_TOKEN
{
  "teamId": "T02R0MMHK",
  "token": "xoxs-⋯"
}
[04/30/18, 00:14:49:590] info: Store: SELECT_CHANNEL C8Y1H7TEE
[04/30/18, 00:14:49:590] info: Store: UPDATE_TEAM_LOCALE
{
  "locale": "en-US"
}
[04/30/18, 00:14:49:591] info: Store: UPDATE_TEAM_LOCALE
{
  "locale": "ja-JP"
}
[04/30/18, 00:14:49:591] info: Store: UPSERT_WEB_CONTENTS
{
  "id": 5,
  "state": "webapp-loaded",
  "teamId": "T4HEMM0UR"
}
[04/30/18, 00:14:49:592] info: Store: UPDATE_TEAM_THEME
{
  "teamId": "T4HEMM0UR",
  "theme": {
    "active_item": "#4C9689",
    "active_item_text": "#FFFFFF",
    "active_presence": "#38978D",
    "badge": "#EB4D5C",
    "column_bg": "#4D394B",
    "hover_item": "#3E313C",
    "menu_bg": "#3E313C",
    "text_color": "#FFFFFF"
  }
}
[04/30/18, 00:14:49:593] info: Store: UPDATE_SESSION_STATUS
{
  "hasValidSession": true,
  "teamId": "T4HEMM0UR"
}
[04/30/18, 00:14:49:593] info: Store: STORE_API_TOKEN
{
  "teamId": "T4HEMM0UR",
  "token": "xoxs-⋯"
}
[04/30/18, 00:14:49:594] info: Store: UPDATE_TEAM_ICONS
{
  "icons": {
    "image_102": "https://slack-files2.s3-us-west-2.amazonaws.com/avatars/2017-03-15/154610708258_f98e05c23845866960a5_102.png",
    "image_132": "https://slack-files2.s3-us-west-2.amazonaws.com/avatars/2017-03-15/154610708258_f98e05c23845866960a5_132.png",
    "image_230": "https://slack-files2.s3-us-west-2.amazonaws.com/avatars/2017-03-15/154610708258_f98e05c23845866960a5_230.png",
    "image_34": "https://slack-files2.s3-us-west-2.amazonaws.com/avatars/2017-03-15/154610708258_f98e05c23845866960a5_34.png",
    "image_44": "https://slack-files2.s3-us-west-2.amazonaws.com/avatars/2017-03-15/154610708258_f98e05c23845866960a5_44.png",
    "image_68": "https://slack-files2.s3-us-west-2.amazonaws.com/avatars/2017-03-15/154610708258_f98e05c23845866960a5_68.png",
    "image_88": "https://slack-files2.s3-us-west-2.amazonaws.com/avatars/2017-03-15/154610708258_f98e05c23845866960a5_88.png",
    "image_original": "https://slack-files2.s3-us-west-2.amazonaws.com/avatars/2017-03-15/154610708258_f98e05c23845866960a5_original.png"
  },
  "teamId": "T4HEMM0UR"
}
[04/30/18, 00:14:49:722] info: Store: UPSERT_WEB_CONTENTS
{
  "id": 3,
  "state": "loaded",
  "teamId": "T5YEC6G73"
}
[04/30/18, 00:14:49:896] info: Store: UPDATE_TEAM_THEME
{
  "teamId": "T5YEC6G73",
  "theme": {
    "active_item": "#4C9689",
    "active_item_text": "#FFFFFF",
    "active_presence": "#38978D",
    "badge": "#EB4D5C",
    "column_bg": "#4D394B",
    "hover_item": "#3E313C",
    "menu_bg": "#3E313C",
    "text_color": "#FFFFFF"
  }
}
[04/30/18, 00:14:50:121] info: postLoadTaskSetup: Desktop client fully loaded
{
  "loadedTime": 24270.333002
}
[04/30/18, 00:14:50:214] info: Store: UPDATE_TEAM_ICONS
{
  "icons": {
    "image_102": "https://slack-files2.s3-us-west-2.amazonaws.com/avatars/2015-01-14/3400695805_06e3ed8a8ae7228d7c54_102.jpg",
    "image_132": "https://slack-files2.s3-us-west-2.amazonaws.com/avatars/2015-01-14/3400695805_06e3ed8a8ae7228d7c54_132.jpg",
    "image_230": "https://slack-files2.s3-us-west-2.amazonaws.com/avatars/2015-01-14/3400695805_06e3ed8a8ae7228d7c54_132.jpg",
    "image_34": "https://slack-files2.s3-us-west-2.amazonaws.com/avatars/2015-01-14/3400695805_06e3ed8a8ae7228d7c54_34.jpg",
    "image_44": "https://slack-files2.s3-us-west-2.amazonaws.com/avatars/2015-01-14/3400695805_06e3ed8a8ae7228d7c54_44.jpg",
    "image_68": "https://slack-files2.s3-us-west-2.amazonaws.com/avatars/2015-01-14/3400695805_06e3ed8a8ae7228d7c54_68.jpg",
    "image_88": "https://slack-files2.s3-us-west-2.amazonaws.com/avatars/2015-01-14/3400695805_06e3ed8a8ae7228d7c54_88.jpg",
    "image_original": "https://slack-files2.s3-us-west-2.amazonaws.com/avatars/2015-01-14/3400695805_06e3ed8a8ae7228d7c54_original.jpg"
  },
  "teamId": "T02R0MMHK"
}
[04/30/18, 00:14:50:308] info: Store: UPDATE_SESSION_STATUS
{
  "hasValidSession": true,
  "teamId": "T5YEC6G73"
}
[04/30/18, 00:14:50:332] info: Store: UPDATE_TEAM_LOCALE
{
  "locale": "en-US",
  "teamId": "T5YEC6G73"
}
[04/30/18, 00:14:50:335] info: Store: UPSERT_WEB_CONTENTS
{
  "id": 3,
  "state": "webapp-loaded",
  "teamId": "T5YEC6G73"
}
[04/30/18, 00:14:50:758] info: Store: STORE_API_TOKEN
{
  "teamId": "T5YEC6G73",
  "token": "xoxs-⋯"
}
[04/30/18, 00:14:50:759] info: Store: UPDATE_TEAM_ICONS
{
  "icons": {
    "image_102": "https://slack-files2.s3-us-west-2.amazonaws.com/avatars/2017-06-28/205110093367_6705e64b9b4a8299bd1f_102.png",
    "image_132": "https://slack-files2.s3-us-west-2.amazonaws.com/avatars/2017-06-28/205110093367_6705e64b9b4a8299bd1f_132.png",
    "image_230": "https://slack-files2.s3-us-west-2.amazonaws.com/avatars/2017-06-28/205110093367_6705e64b9b4a8299bd1f_230.png",
    "image_34": "https://slack-files2.s3-us-west-2.amazonaws.com/avatars/2017-06-28/205110093367_6705e64b9b4a8299bd1f_34.png",
    "image_44": "https://slack-files2.s3-us-west-2.amazonaws.com/avatars/2017-06-28/205110093367_6705e64b9b4a8299bd1f_44.png",
    "image_68": "https://slack-files2.s3-us-west-2.amazonaws.com/avatars/2017-06-28/205110093367_6705e64b9b4a8299bd1f_68.png",
    "image_88": "https://slack-files2.s3-us-west-2.amazonaws.com/avatars/2017-06-28/205110093367_6705e64b9b4a8299bd1f_88.png",
    "image_original": "https://slack-files2.s3-us-west-2.amazonaws.com/avatars/2017-06-28/205110093367_6705e64b9b4a8299bd1f_original.png"
  },
  "teamId": "T5YEC6G73"
}
[04/30/18, 00:14:52:110] info: Raw Locale list: ["C","en_US.utf8","POSIX",""]
[04/30/18, 00:14:52:111] info: Filtered Locale list: ["en_US"]
[04/30/18, 00:14:52:111] info: Counts: {"en":["en_US"]}
[04/30/18, 00:14:52:111] info: Setting en
[04/30/18, 00:14:52:112] info: Result: {"en":"en-US"}
[04/30/18, 00:14:52:115] info: Requesting to load ja-JP, alternatives are ["ja-JP","ja-JP","ja-JP"]
[04/30/18, 00:14:52:118] info: Loading dictionary for language ja-JP
[04/30/18, 00:14:52:118] info: Returning local copy: /home/nitoli/.config/Slack/dictionaries/ja-JP.bdic
[04/30/18, 00:14:52:127] info: Failed to read file /home/nitoli/.config/Slack/dictionaries/ja-JP.bdic: File exists but is most likely bogus
[04/30/18, 00:14:52:127] info: Actually downloading https://redirector.gvt1.com/edgedl/chrome/dict/ja-jp-3-0.bdic
[04/30/18, 00:14:53:011] info: Loading dictionary for language ja-JP
[04/30/18, 00:14:53:012] info: Returning local copy: /home/nitoli/.config/Slack/dictionaries/ja-JP.bdic
[04/30/18, 00:14:53:017] info: Failed to read file /home/nitoli/.config/Slack/dictionaries/ja-JP.bdic: File exists but is most likely bogus
[04/30/18, 00:14:53:018] info: Actually downloading https://redirector.gvt1.com/edgedl/chrome/dict/ja-jp-3-0.bdic
[04/30/18, 00:14:53:358] info: Loading dictionary for language ja-JP
[04/30/18, 00:14:53:358] info: Returning local copy: /home/nitoli/.config/Slack/dictionaries/ja-JP.bdic
[04/30/18, 00:14:53:360] info: Failed to read file /home/nitoli/.config/Slack/dictionaries/ja-JP.bdic: File exists but is most likely bogus
[04/30/18, 00:14:53:361] info: Actually downloading https://redirector.gvt1.com/edgedl/chrome/dict/ja-jp-3-0.bdic
[04/30/18, 00:14:53:620] info: dictionary for ja-JP_ja-JP is not available
[04/30/18, 00:14:53:621] info: Actually installing spell check provider to Electron
[04/30/18, 00:18:37:486] info: Unloading spellchecker
[04/30/18, 00:18:37:509] info: Unloading spellchecker
[04/30/18, 00:19:07:613] info: Restoring spellchecker
[04/30/18, 00:19:07:615] info: Requesting to load ja-JP, alternatives are ["ja-JP","ja-JP","ja-JP"]
[04/30/18, 00:19:07:618] info: Loading dictionary for language ja-JP
[04/30/18, 00:19:07:621] info: Returning local copy: /home/nitoli/.config/Slack/dictionaries/ja-JP.bdic
[04/30/18, 00:19:07:741] info: Failed to read file /home/nitoli/.config/Slack/dictionaries/ja-JP.bdic: File exists but is most likely bogus
[04/30/18, 00:19:07:741] info: Actually downloading https://redirector.gvt1.com/edgedl/chrome/dict/ja-jp-3-0.bdic
[04/30/18, 00:19:08:471] info: Loading dictionary for language ja-JP
[04/30/18, 00:19:08:471] info: Returning local copy: /home/nitoli/.config/Slack/dictionaries/ja-JP.bdic
[04/30/18, 00:19:08:473] info: Failed to read file /home/nitoli/.config/Slack/dictionaries/ja-JP.bdic: File exists but is most likely bogus
[04/30/18, 00:19:08:474] info: Actually downloading https://redirector.gvt1.com/edgedl/chrome/dict/ja-jp-3-0.bdic
[04/30/18, 00:19:08:760] info: Loading dictionary for language ja-JP
[04/30/18, 00:19:08:760] info: Returning local copy: /home/nitoli/.config/Slack/dictionaries/ja-JP.bdic
[04/30/18, 00:19:08:784] info: Failed to read file /home/nitoli/.config/Slack/dictionaries/ja-JP.bdic: File exists but is most likely bogus
[04/30/18, 00:19:08:784] info: Actually downloading https://redirector.gvt1.com/edgedl/chrome/dict/ja-jp-3-0.bdic
[04/30/18, 00:19:09:047] info: dictionary for ja-JP_ja-JP is not available
[04/30/18, 00:27:24:549] info: Unloading spellchecker
[04/30/18, 00:27:24:549] info: Unloading spellchecker
[04/30/18, 00:33:03:935] info: Restoring spellchecker
[04/30/18, 00:33:03:936] info: Requesting to load ja-JP, alternatives are ["ja-JP","ja-JP","ja-JP"]
[04/30/18, 00:33:03:936] info: Loading dictionary for language ja-JP
[04/30/18, 00:33:03:936] info: Returning local copy: /home/nitoli/.config/Slack/dictionaries/ja-JP.bdic
[04/30/18, 00:33:04:161] info: Unloading spellchecker
[04/30/18, 00:33:04:260] info: Unloading spellchecker
[04/30/18, 00:33:04:301] info: Failed to read file /home/nitoli/.config/Slack/dictionaries/ja-JP.bdic: File exists but is most likely bogus
[04/30/18, 00:33:04:302] info: Actually downloading https://redirector.gvt1.com/edgedl/chrome/dict/ja-jp-3-0.bdic
[04/30/18, 00:33:04:949] info: Loading dictionary for language ja-JP
[04/30/18, 00:33:04:950] info: Returning local copy: /home/nitoli/.config/Slack/dictionaries/ja-JP.bdic
[04/30/18, 00:33:04:951] info: Failed to read file /home/nitoli/.config/Slack/dictionaries/ja-JP.bdic: File exists but is most likely bogus
[04/30/18, 00:33:04:952] info: Actually downloading https://redirector.gvt1.com/edgedl/chrome/dict/ja-jp-3-0.bdic
[04/30/18, 00:33:05:222] info: Loading dictionary for language ja-JP
[04/30/18, 00:33:05:223] info: Returning local copy: /home/nitoli/.config/Slack/dictionaries/ja-JP.bdic
[04/30/18, 00:33:05:227] info: Failed to read file /home/nitoli/.config/Slack/dictionaries/ja-JP.bdic: File exists but is most likely bogus
[04/30/18, 00:33:05:229] info: Actually downloading https://redirector.gvt1.com/edgedl/chrome/dict/ja-jp-3-0.bdic
[04/30/18, 00:33:05:592] info: dictionary for ja-JP_ja-JP is not available
[04/30/18, 00:33:05:906] info: Restoring spellchecker
[04/30/18, 00:33:05:906] info: Requesting to load ja-JP, alternatives are ["ja-JP","ja-JP","ja-JP"]
[04/30/18, 00:33:05:907] info: Loading dictionary for language ja-JP
[04/30/18, 00:33:05:907] info: Returning local copy: /home/nitoli/.config/Slack/dictionaries/ja-JP.bdic
[04/30/18, 00:33:05:956] info: Failed to read file /home/nitoli/.config/Slack/dictionaries/ja-JP.bdic: File exists but is most likely bogus
[04/30/18, 00:33:05:956] info: Actually downloading https://redirector.gvt1.com/edgedl/chrome/dict/ja-jp-3-0.bdic
[04/30/18, 00:33:06:202] info: Loading dictionary for language ja-JP
[04/30/18, 00:33:06:202] info: Returning local copy: /home/nitoli/.config/Slack/dictionaries/ja-JP.bdic
[04/30/18, 00:33:06:206] info: Failed to read file /home/nitoli/.config/Slack/dictionaries/ja-JP.bdic: File exists but is most likely bogus
[04/30/18, 00:33:06:207] info: Actually downloading https://redirector.gvt1.com/edgedl/chrome/dict/ja-jp-3-0.bdic
[04/30/18, 00:33:06:457] info: Loading dictionary for language ja-JP
[04/30/18, 00:33:06:457] info: Returning local copy: /home/nitoli/.config/Slack/dictionaries/ja-JP.bdic
[04/30/18, 00:33:06:460] info: Failed to read file /home/nitoli/.config/Slack/dictionaries/ja-JP.bdic: File exists but is most likely bogus
[04/30/18, 00:33:06:461] info: Actually downloading https://redirector.gvt1.com/edgedl/chrome/dict/ja-jp-3-0.bdic
[04/30/18, 00:33:06:741] info: dictionary for ja-JP_ja-JP is not available
[04/30/18, 00:33:27:473] info: Unloading spellchecker
[04/30/18, 00:33:27:473] info: Unloading spellchecker
[04/30/18, 00:34:03:827] info: Restoring spellchecker
[04/30/18, 00:34:03:827] info: Requesting to load ja-JP, alternatives are ["ja-JP","ja-JP","ja-JP"]
[04/30/18, 00:34:03:827] info: Loading dictionary for language ja-JP
[04/30/18, 00:34:03:827] info: Returning local copy: /home/nitoli/.config/Slack/dictionaries/ja-JP.bdic
[04/30/18, 00:34:03:926] info: Failed to read file /home/nitoli/.config/Slack/dictionaries/ja-JP.bdic: File exists but is most likely bogus
[04/30/18, 00:34:03:927] info: Actually downloading https://redirector.gvt1.com/edgedl/chrome/dict/ja-jp-3-0.bdic
[04/30/18, 00:34:04:403] info: Unloading spellchecker
[04/30/18, 00:34:04:404] info: Unloading spellchecker
[04/30/18, 00:34:04:461] info: Loading dictionary for language ja-JP
[04/30/18, 00:34:04:461] info: Returning local copy: /home/nitoli/.config/Slack/dictionaries/ja-JP.bdic
[04/30/18, 00:34:04:464] info: Failed to read file /home/nitoli/.config/Slack/dictionaries/ja-JP.bdic: File exists but is most likely bogus
[04/30/18, 00:34:04:465] info: Actually downloading https://redirector.gvt1.com/edgedl/chrome/dict/ja-jp-3-0.bdic
[04/30/18, 00:34:04:707] info: Loading dictionary for language ja-JP
[04/30/18, 00:34:04:707] info: Returning local copy: /home/nitoli/.config/Slack/dictionaries/ja-JP.bdic
[04/30/18, 00:34:04:711] info: Failed to read file /home/nitoli/.config/Slack/dictionaries/ja-JP.bdic: File exists but is most likely bogus
[04/30/18, 00:34:04:712] info: Actually downloading https://redirector.gvt1.com/edgedl/chrome/dict/ja-jp-3-0.bdic
[04/30/18, 00:34:04:993] info: dictionary for ja-JP_ja-JP is not available
[04/30/18, 00:38:38:804] info: Restoring spellchecker
[04/30/18, 00:38:38:805] info: Requesting to load ja-JP, alternatives are ["ja-JP","ja-JP","ja-JP"]
[04/30/18, 00:38:38:805] info: Loading dictionary for language ja-JP
[04/30/18, 00:38:38:805] info: Returning local copy: /home/nitoli/.config/Slack/dictionaries/ja-JP.bdic
[04/30/18, 00:38:38:935] info: Failed to read file /home/nitoli/.config/Slack/dictionaries/ja-JP.bdic: File exists but is most likely bogus
[04/30/18, 00:38:38:936] info: Actually downloading https://redirector.gvt1.com/edgedl/chrome/dict/ja-jp-3-0.bdic
[04/30/18, 00:38:39:560] info: Loading dictionary for language ja-JP
[04/30/18, 00:38:39:561] info: Returning local copy: /home/nitoli/.config/Slack/dictionaries/ja-JP.bdic
[04/30/18, 00:38:39:563] info: Failed to read file /home/nitoli/.config/Slack/dictionaries/ja-JP.bdic: File exists but is most likely bogus
[04/30/18, 00:38:39:564] info: Actually downloading https://redirector.gvt1.com/edgedl/chrome/dict/ja-jp-3-0.bdic
[04/30/18, 00:38:39:903] info: Loading dictionary for language ja-JP
[04/30/18, 00:38:39:905] info: Returning local copy: /home/nitoli/.config/Slack/dictionaries/ja-JP.bdic
[04/30/18, 00:38:39:907] info: Failed to read file /home/nitoli/.config/Slack/dictionaries/ja-JP.bdic: File exists but is most likely bogus
[04/30/18, 00:38:39:909] info: Actually downloading https://redirector.gvt1.com/edgedl/chrome/dict/ja-jp-3-0.bdic
[04/30/18, 00:38:40:178] info: dictionary for ja-JP_ja-JP is not available
[04/30/18, 00:39:41:298] info: Unloading spellchecker
[04/30/18, 00:39:41:368] info: Store: MAIN_WINDOW_FOCUSED
[04/30/18, 00:39:41:372] info: Restoring spellchecker
[04/30/18, 00:39:41:372] info: Requesting to load ja-JP, alternatives are ["ja-JP","ja-JP","ja-JP"]
[04/30/18, 00:39:41:373] info: Loading dictionary for language ja-JP
[04/30/18, 00:39:41:373] info: Returning local copy: /home/nitoli/.config/Slack/dictionaries/ja-JP.bdic
[04/30/18, 00:39:41:380] info: Unloading spellchecker
[04/30/18, 00:39:41:380] info: Store: SELECT_TEAM T02R0MMHK
[04/30/18, 00:39:41:387] info: Unloading spellchecker
[04/30/18, 00:39:41:388] info: Failed to read file /home/nitoli/.config/Slack/dictionaries/ja-JP.bdic: File exists but is most likely bogus
[04/30/18, 00:39:41:389] info: Actually downloading https://redirector.gvt1.com/edgedl/chrome/dict/ja-jp-3-0.bdic
[04/30/18, 00:39:41:989] info: Loading dictionary for language ja-JP
[04/30/18, 00:39:41:990] info: Returning local copy: /home/nitoli/.config/Slack/dictionaries/ja-JP.bdic
[04/30/18, 00:39:41:990] info: Failed to read file /home/nitoli/.config/Slack/dictionaries/ja-JP.bdic: File exists but is most likely bogus
[04/30/18, 00:39:41:991] info: Actually downloading https://redirector.gvt1.com/edgedl/chrome/dict/ja-jp-3-0.bdic
[04/30/18, 00:39:42:228] info: Loading dictionary for language ja-JP
[04/30/18, 00:39:42:228] info: Returning local copy: /home/nitoli/.config/Slack/dictionaries/ja-JP.bdic
[04/30/18, 00:39:42:229] info: Failed to read file /home/nitoli/.config/Slack/dictionaries/ja-JP.bdic: File exists but is most likely bogus
[04/30/18, 00:39:42:229] info: Actually downloading https://redirector.gvt1.com/edgedl/chrome/dict/ja-jp-3-0.bdic
[04/30/18, 00:39:42:456] info: dictionary for ja-JP_ja-JP is not available
[04/30/18, 00:41:30:808] info: Store: MAIN_WINDOW_FOCUSED
[04/30/18, 00:41:30:968] info: Store: SELECT_TEAM T5YEC6G73
[04/30/18, 00:41:31:007] info: Restoring spellchecker
[04/30/18, 00:41:31:014] info: Requesting to load ja-JP, alternatives are ["ja-JP","ja-JP","ja-JP"]
[04/30/18, 00:41:31:016] info: Loading dictionary for language ja-JP
[04/30/18, 00:41:31:018] info: Actually downloading https://redirector.gvt1.com/edgedl/chrome/dict/ja-jp-3-0.bdic
[04/30/18, 00:41:31:059] info: Restoring spellchecker
[04/30/18, 00:41:31:060] info: Requesting to load ja-JP, alternatives are ["ja-JP","ja-JP","ja-JP"]
[04/30/18, 00:41:31:061] info: Loading dictionary for language ja-JP
[04/30/18, 00:41:31:061] info: Actually downloading https://redirector.gvt1.com/edgedl/chrome/dict/ja-jp-3-0.bdic
[04/30/18, 00:41:31:812] info: Loading dictionary for language ja-JP
[04/30/18, 00:41:31:813] info: Returning local copy: /home/nitoli/.config/Slack/dictionaries/ja-JP.bdic
[04/30/18, 00:41:31:819] info: Failed to read file /home/nitoli/.config/Slack/dictionaries/ja-JP.bdic: File exists but is most likely bogus
[04/30/18, 00:41:31:819] info: Actually downloading https://redirector.gvt1.com/edgedl/chrome/dict/ja-jp-3-0.bdic
[04/30/18, 00:41:32:138] info: Loading dictionary for language ja-JP
[04/30/18, 00:41:32:138] info: Returning local copy: /home/nitoli/.config/Slack/dictionaries/ja-JP.bdic
[04/30/18, 00:41:32:138] info: Failed to read file /home/nitoli/.config/Slack/dictionaries/ja-JP.bdic: File exists but is most likely bogus
[04/30/18, 00:41:32:139] info: Actually downloading https://redirector.gvt1.com/edgedl/chrome/dict/ja-jp-3-0.bdic
[04/30/18, 00:41:32:255] info: Loading dictionary for language ja-JP
[04/30/18, 00:41:32:256] info: Returning local copy: /home/nitoli/.config/Slack/dictionaries/ja-JP.bdic
[04/30/18, 00:41:32:259] info: Failed to read file /home/nitoli/.config/Slack/dictionaries/ja-JP.bdic: File exists but is most likely bogus
[04/30/18, 00:41:32:260] info: Actually downloading https://redirector.gvt1.com/edgedl/chrome/dict/ja-jp-3-0.bdic
[04/30/18, 00:41:32:558] info: Loading dictionary for language ja-JP
[04/30/18, 00:41:32:558] info: Returning local copy: /home/nitoli/.config/Slack/dictionaries/ja-JP.bdic
[04/30/18, 00:41:32:579] info: Failed to read file /home/nitoli/.config/Slack/dictionaries/ja-JP.bdic: File exists but is most likely bogus
[04/30/18, 00:41:32:583] info: Actually downloading https://redirector.gvt1.com/edgedl/chrome/dict/ja-jp-3-0.bdic
[04/30/18, 00:41:32:719] info: dictionary for ja-JP_ja-JP is not available
[04/30/18, 00:41:32:842] info: dictionary for ja-JP_ja-JP is not available
[04/30/18, 00:41:42:987] info: Unloading spellchecker
[04/30/18, 00:41:42:988] info: Unloading spellchecker
[04/30/18, 00:44:32:267] info: Restoring spellchecker
[04/30/18, 00:44:32:268] info: Requesting to load ja-JP, alternatives are ["ja-JP","ja-JP","ja-JP"]
[04/30/18, 00:44:32:268] info: Loading dictionary for language ja-JP
[04/30/18, 00:44:32:268] info: Returning local copy: /home/nitoli/.config/Slack/dictionaries/ja-JP.bdic
[04/30/18, 00:44:32:380] info: Failed to read file /home/nitoli/.config/Slack/dictionaries/ja-JP.bdic: File exists but is most likely bogus
[04/30/18, 00:44:32:381] info: Actually downloading https://redirector.gvt1.com/edgedl/chrome/dict/ja-jp-3-0.bdic
[04/30/18, 00:44:32:902] info: Loading dictionary for language ja-JP
[04/30/18, 00:44:32:903] info: Returning local copy: /home/nitoli/.config/Slack/dictionaries/ja-JP.bdic
[04/30/18, 00:44:32:904] info: Failed to read file /home/nitoli/.config/Slack/dictionaries/ja-JP.bdic: File exists but is most likely bogus
[04/30/18, 00:44:32:905] info: Actually downloading https://redirector.gvt1.com/edgedl/chrome/dict/ja-jp-3-0.bdic
[04/30/18, 00:44:33:205] info: Loading dictionary for language ja-JP
[04/30/18, 00:44:33:206] info: Returning local copy: /home/nitoli/.config/Slack/dictionaries/ja-JP.bdic
[04/30/18, 00:44:33:209] info: Failed to read file /home/nitoli/.config/Slack/dictionaries/ja-JP.bdic: File exists but is most likely bogus
[04/30/18, 00:44:33:211] info: Actually downloading https://redirector.gvt1.com/edgedl/chrome/dict/ja-jp-3-0.bdic
[04/30/18, 00:44:33:470] info: dictionary for ja-JP_ja-JP is not available
[04/30/18, 00:44:33:821] info: Unloading spellchecker
[04/30/18, 00:44:33:825] info: Unloading spellchecker
[04/30/18, 00:44:34:698] info: Restoring spellchecker
[04/30/18, 00:44:34:698] info: Requesting to load ja-JP, alternatives are ["ja-JP","ja-JP","ja-JP"]
[04/30/18, 00:44:34:698] info: Loading dictionary for language ja-JP
[04/30/18, 00:44:34:698] info: Returning local copy: /home/nitoli/.config/Slack/dictionaries/ja-JP.bdic
[04/30/18, 00:44:34:779] info: Failed to read file /home/nitoli/.config/Slack/dictionaries/ja-JP.bdic: File exists but is most likely bogus
[04/30/18, 00:44:34:780] info: Actually downloading https://redirector.gvt1.com/edgedl/chrome/dict/ja-jp-3-0.bdic
[04/30/18, 00:44:35:057] info: Loading dictionary for language ja-JP
[04/30/18, 00:44:35:058] info: Returning local copy: /home/nitoli/.config/Slack/dictionaries/ja-JP.bdic
[04/30/18, 00:44:35:061] info: Failed to read file /home/nitoli/.config/Slack/dictionaries/ja-JP.bdic: File exists but is most likely bogus
[04/30/18, 00:44:35:062] info: Actually downloading https://redirector.gvt1.com/edgedl/chrome/dict/ja-jp-3-0.bdic
[04/30/18, 00:44:35:340] info: Loading dictionary for language ja-JP
[04/30/18, 00:44:35:341] info: Returning local copy: /home/nitoli/.config/Slack/dictionaries/ja-JP.bdic
[04/30/18, 00:44:35:348] info: Failed to read file /home/nitoli/.config/Slack/dictionaries/ja-JP.bdic: File exists but is most likely bogus
[04/30/18, 00:44:35:350] info: Actually downloading https://redirector.gvt1.com/edgedl/chrome/dict/ja-jp-3-0.bdic
[04/30/18, 00:44:35:627] info: dictionary for ja-JP_ja-JP is not available
[04/30/18, 00:44:46:074] info: Unloading spellchecker
[04/30/18, 00:44:46:075] info: Unloading spellchecker
[04/30/18, 00:44:48:591] info: Restoring spellchecker
[04/30/18, 00:44:48:592] info: Requesting to load ja-JP, alternatives are ["ja-JP","ja-JP","ja-JP"]
[04/30/18, 00:44:48:593] info: Loading dictionary for language ja-JP
[04/30/18, 00:44:48:594] info: Returning local copy: /home/nitoli/.config/Slack/dictionaries/ja-JP.bdic
[04/30/18, 00:44:48:647] info: Failed to read file /home/nitoli/.config/Slack/dictionaries/ja-JP.bdic: File exists but is most likely bogus
[04/30/18, 00:44:48:647] info: Actually downloading https://redirector.gvt1.com/edgedl/chrome/dict/ja-jp-3-0.bdic
[04/30/18, 00:44:49:110] info: Unloading spellchecker
[04/30/18, 00:44:49:111] info: Unloading spellchecker
[04/30/18, 00:44:49:247] info: Loading dictionary for language ja-JP
[04/30/18, 00:44:49:247] info: Returning local copy: /home/nitoli/.config/Slack/dictionaries/ja-JP.bdic
[04/30/18, 00:44:49:248] info: Failed to read file /home/nitoli/.config/Slack/dictionaries/ja-JP.bdic: File exists but is most likely bogus
[04/30/18, 00:44:49:249] info: Actually downloading https://redirector.gvt1.com/edgedl/chrome/dict/ja-jp-3-0.bdic
[04/30/18, 00:44:49:520] info: Loading dictionary for language ja-JP
[04/30/18, 00:44:49:523] info: Returning local copy: /home/nitoli/.config/Slack/dictionaries/ja-JP.bdic
[04/30/18, 00:44:49:527] info: Failed to read file /home/nitoli/.config/Slack/dictionaries/ja-JP.bdic: File exists but is most likely bogus
[04/30/18, 00:44:49:528] info: Actually downloading https://redirector.gvt1.com/edgedl/chrome/dict/ja-jp-3-0.bdic
[04/30/18, 00:44:49:798] info: dictionary for ja-JP_ja-JP is not available
[04/30/18, 00:44:50:074] info: Restoring spellchecker
[04/30/18, 00:44:50:074] info: Requesting to load ja-JP, alternatives are ["ja-JP","ja-JP","ja-JP"]
[04/30/18, 00:44:50:074] info: Loading dictionary for language ja-JP
[04/30/18, 00:44:50:074] info: Returning local copy: /home/nitoli/.config/Slack/dictionaries/ja-JP.bdic
[04/30/18, 00:44:50:111] info: Failed to read file /home/nitoli/.config/Slack/dictionaries/ja-JP.bdic: File exists but is most likely bogus
[04/30/18, 00:44:50:111] info: Actually downloading https://redirector.gvt1.com/edgedl/chrome/dict/ja-jp-3-0.bdic
[04/30/18, 00:44:50:365] info: Loading dictionary for language ja-JP
[04/30/18, 00:44:50:366] info: Returning local copy: /home/nitoli/.config/Slack/dictionaries/ja-JP.bdic
[04/30/18, 00:44:50:369] info: Failed to read file /home/nitoli/.config/Slack/dictionaries/ja-JP.bdic: File exists but is most likely bogus
[04/30/18, 00:44:50:371] info: Actually downloading https://redirector.gvt1.com/edgedl/chrome/dict/ja-jp-3-0.bdic
[04/30/18, 00:44:50:630] info: Unloading spellchecker
[04/30/18, 00:44:50:631] info: Unloading spellchecker
[04/30/18, 00:44:50:669] info: Loading dictionary for language ja-JP
[04/30/18, 00:44:50:669] info: Returning local copy: /home/nitoli/.config/Slack/dictionaries/ja-JP.bdic
[04/30/18, 00:44:50:674] info: Failed to read file /home/nitoli/.config/Slack/dictionaries/ja-JP.bdic: File exists but is most likely bogus
[04/30/18, 00:44:50:675] info: Actually downloading https://redirector.gvt1.com/edgedl/chrome/dict/ja-jp-3-0.bdic
[04/30/18, 00:44:50:995] info: dictionary for ja-JP_ja-JP is not available
[04/30/18, 00:47:25:755] info: Restoring spellchecker
[04/30/18, 00:47:25:755] info: Requesting to load ja-JP, alternatives are ["ja-JP","ja-JP","ja-JP"]
[04/30/18, 00:47:25:755] info: Loading dictionary for language ja-JP
[04/30/18, 00:47:25:755] info: Returning local copy: /home/nitoli/.config/Slack/dictionaries/ja-JP.bdic
[04/30/18, 00:47:25:878] info: Failed to read file /home/nitoli/.config/Slack/dictionaries/ja-JP.bdic: File exists but is most likely bogus
[04/30/18, 00:47:25:878] info: Actually downloading https://redirector.gvt1.com/edgedl/chrome/dict/ja-jp-3-0.bdic
[04/30/18, 00:47:26:407] info: Loading dictionary for language ja-JP
[04/30/18, 00:47:26:407] info: Returning local copy: /home/nitoli/.config/Slack/dictionaries/ja-JP.bdic
[04/30/18, 00:47:26:409] info: Failed to read file /home/nitoli/.config/Slack/dictionaries/ja-JP.bdic: File exists but is most likely bogus
[04/30/18, 00:47:26:410] info: Actually downloading https://redirector.gvt1.com/edgedl/chrome/dict/ja-jp-3-0.bdic
[04/30/18, 00:47:26:674] info: Loading dictionary for language ja-JP
[04/30/18, 00:47:26:675] info: Returning local copy: /home/nitoli/.config/Slack/dictionaries/ja-JP.bdic
[04/30/18, 00:47:26:676] info: Failed to read file /home/nitoli/.config/Slack/dictionaries/ja-JP.bdic: File exists but is most likely bogus
[04/30/18, 00:47:26:677] info: Actually downloading https://redirector.gvt1.com/edgedl/chrome/dict/ja-jp-3-0.bdic
[04/30/18, 00:47:26:931] info: dictionary for ja-JP_ja-JP is not available
[04/30/18, 00:47:58:955] info: Unloading spellchecker
[04/30/18, 00:47:58:999] info: Store: SET_FULL_SCREEN
[04/30/18, 00:49:24:250] info: Store: FOREGROUND_APP
[04/30/18, 00:49:24:466] info: Restoring spellchecker
[04/30/18, 00:49:24:467] info: Requesting to load ja-JP, alternatives are ["ja-JP","ja-JP","ja-JP"]
[04/30/18, 00:49:24:468] info: Loading dictionary for language ja-JP
[04/30/18, 00:49:24:468] info: Returning local copy: /home/nitoli/.config/Slack/dictionaries/ja-JP.bdic
[04/30/18, 00:49:24:470] info: Store: MAIN_WINDOW_FOCUSED
[04/30/18, 00:49:24:612] info: Failed to read file /home/nitoli/.config/Slack/dictionaries/ja-JP.bdic: File exists but is most likely bogus
[04/30/18, 00:49:24:615] info: Actually downloading https://redirector.gvt1.com/edgedl/chrome/dict/ja-jp-3-0.bdic
[04/30/18, 00:49:25:196] info: Loading dictionary for language ja-JP
[04/30/18, 00:49:25:197] info: Returning local copy: /home/nitoli/.config/Slack/dictionaries/ja-JP.bdic
[04/30/18, 00:49:25:199] info: Failed to read file /home/nitoli/.config/Slack/dictionaries/ja-JP.bdic: File exists but is most likely bogus
[04/30/18, 00:49:25:200] info: Actually downloading https://redirector.gvt1.com/edgedl/chrome/dict/ja-jp-3-0.bdic
[04/30/18, 00:49:25:469] info: Loading dictionary for language ja-JP
[04/30/18, 00:49:25:470] info: Returning local copy: /home/nitoli/.config/Slack/dictionaries/ja-JP.bdic
[04/30/18, 00:49:25:470] info: Failed to read file /home/nitoli/.config/Slack/dictionaries/ja-JP.bdic: File exists but is most likely bogus
[04/30/18, 00:49:25:471] info: Actually downloading https://redirector.gvt1.com/edgedl/chrome/dict/ja-jp-3-0.bdic
[04/30/18, 00:49:25:707] info: dictionary for ja-JP_ja-JP is not available
[04/30/18, 00:49:27:521] info: Unloading spellchecker
[04/30/18, 00:49:27:526] info: Restoring spellchecker
[04/30/18, 00:49:27:527] info: Requesting to load ja-JP, alternatives are ["ja-JP","ja-JP","ja-JP"]
[04/30/18, 00:49:27:527] info: Loading dictionary for language ja-JP
[04/30/18, 00:49:27:528] info: Returning local copy: /home/nitoli/.config/Slack/dictionaries/ja-JP.bdic
[04/30/18, 00:49:27:583] info: Store: MAIN_WINDOW_FOCUSED
[04/30/18, 00:49:27:586] info: Failed to read file /home/nitoli/.config/Slack/dictionaries/ja-JP.bdic: File exists but is most likely bogus
[04/30/18, 00:49:27:588] info: Actually downloading https://redirector.gvt1.com/edgedl/chrome/dict/ja-jp-3-0.bdic
[04/30/18, 00:49:27:600] info: Store: SELECT_TEAM T5YEC6G73
[04/30/18, 00:49:27:828] info: Loading dictionary for language ja-JP
[04/30/18, 00:49:27:829] info: Returning local copy: /home/nitoli/.config/Slack/dictionaries/ja-JP.bdic
[04/30/18, 00:49:27:831] info: Failed to read file /home/nitoli/.config/Slack/dictionaries/ja-JP.bdic: File exists but is most likely bogus
[04/30/18, 00:49:27:832] info: Actually downloading https://redirector.gvt1.com/edgedl/chrome/dict/ja-jp-3-0.bdic
[04/30/18, 00:49:28:084] info: Loading dictionary for language ja-JP
[04/30/18, 00:49:28:085] info: Returning local copy: /home/nitoli/.config/Slack/dictionaries/ja-JP.bdic
[04/30/18, 00:49:28:086] info: Failed to read file /home/nitoli/.config/Slack/dictionaries/ja-JP.bdic: File exists but is most likely bogus
[04/30/18, 00:49:28:087] info: Actually downloading https://redirector.gvt1.com/edgedl/chrome/dict/ja-jp-3-0.bdic
[04/30/18, 00:49:28:348] info: dictionary for ja-JP_ja-JP is not available
[04/30/18, 00:51:09:714] info: Unloading spellchecker
[04/30/18, 06:14:48:835] info: Store: UNLOAD_WEB_CONTENTS T4HEMM0UR
[04/30/18, 06:41:31:007] info: Store: UNLOAD_WEB_CONTENTS T02R0MMHK
[04/30/18, 09:36:59:789] info: Store: FOREGROUND_APP
[04/30/18, 09:36:59:939] info: Restoring spellchecker
[04/30/18, 09:36:59:940] info: Requesting to load ja-JP, alternatives are ["ja-JP","ja-JP","ja-JP"]
[04/30/18, 09:36:59:940] info: Loading dictionary for language ja-JP
[04/30/18, 09:36:59:942] info: Returning local copy: /home/nitoli/.config/Slack/dictionaries/ja-JP.bdic
[04/30/18, 09:37:00:676] info: Store: MAIN_WINDOW_FOCUSED
[04/30/18, 09:37:00:758] info: Failed to read file /home/nitoli/.config/Slack/dictionaries/ja-JP.bdic: File exists but is most likely bogus
[04/30/18, 09:37:00:759] info: Actually downloading https://redirector.gvt1.com/edgedl/chrome/dict/ja-jp-3-0.bdic
[04/30/18, 09:37:02:200] info: Loading dictionary for language ja-JP
[04/30/18, 09:37:02:201] info: Returning local copy: /home/nitoli/.config/Slack/dictionaries/ja-JP.bdic
[04/30/18, 09:37:02:211] info: Failed to read file /home/nitoli/.config/Slack/dictionaries/ja-JP.bdic: File exists but is most likely bogus
[04/30/18, 09:37:02:212] info: Actually downloading https://redirector.gvt1.com/edgedl/chrome/dict/ja-jp-3-0.bdic
[04/30/18, 09:37:02:498] info: Loading dictionary for language ja-JP
[04/30/18, 09:37:02:499] info: Returning local copy: /home/nitoli/.config/Slack/dictionaries/ja-JP.bdic
[04/30/18, 09:37:02:501] info: Failed to read file /home/nitoli/.config/Slack/dictionaries/ja-JP.bdic: File exists but is most likely bogus
[04/30/18, 09:37:02:502] info: Actually downloading https://redirector.gvt1.com/edgedl/chrome/dict/ja-jp-3-0.bdic
[04/30/18, 09:37:02:793] info: dictionary for ja-JP_ja-JP is not available
[04/30/18, 09:38:38:343] info: Unloading spellchecker
[04/30/18, 09:40:43:569] error: Apr-30 09:40:43.568 T5YEC6G73 SOCKET-MANAGER: Closing socket because #4105: client went offline
[04/30/18, 09:40:44:005] info: Store: SET_NETWORK_STATUS offline
[04/30/18, 09:58:24:279] info: Store: SET_NETWORK_STATUS online
[04/30/18, 09:58:36:271] error: Apr-30 09:58:36.271 T5YEC6G73 SOCKET-MANAGER: Closing socket because we spent 30000 ms in wait_for_connectivity state; giving up
[04/30/18, 09:58:52:159] info: Store: UPDATE_TEAM_ICONS
{
  "icons": {
    "image_102": "https://slack-files2.s3-us-west-2.amazonaws.com/avatars/2017-03-15/154610708258_f98e05c23845866960a5_102.png",
    "image_132": "https://slack-files2.s3-us-west-2.amazonaws.com/avatars/2017-03-15/154610708258_f98e05c23845866960a5_132.png",
    "image_230": "https://slack-files2.s3-us-west-2.amazonaws.com/avatars/2017-03-15/154610708258_f98e05c23845866960a5_230.png",
    "image_34": "https://slack-files2.s3-us-west-2.amazonaws.com/avatars/2017-03-15/154610708258_f98e05c23845866960a5_34.png",
    "image_44": "https://slack-files2.s3-us-west-2.amazonaws.com/avatars/2017-03-15/154610708258_f98e05c23845866960a5_44.png",
    "image_68": "https://slack-files2.s3-us-west-2.amazonaws.com/avatars/2017-03-15/154610708258_f98e05c23845866960a5_68.png",
    "image_88": "https://slack-files2.s3-us-west-2.amazonaws.com/avatars/2017-03-15/154610708258_f98e05c23845866960a5_88.png",
    "image_original": "https://slack-files2.s3-us-west-2.amazonaws.com/avatars/2017-03-15/154610708258_f98e05c23845866960a5_original.png"
  },
  "teamId": "T4HEMM0UR"
}
[04/30/18, 09:58:52:478] info: Store: UPDATE_TEAM_LOCALE
{
  "locale": "ja-JP",
  "teamId": "T4HEMM0UR"
}
[04/30/18, 09:58:53:225] info: Store: UPDATE_TEAM_ICONS
{
  "icons": {
    "image_102": "https://slack-files2.s3-us-west-2.amazonaws.com/avatars/2015-01-14/3400695805_06e3ed8a8ae7228d7c54_102.jpg",
    "image_132": "https://slack-files2.s3-us-west-2.amazonaws.com/avatars/2015-01-14/3400695805_06e3ed8a8ae7228d7c54_132.jpg",
    "image_230": "https://slack-files2.s3-us-west-2.amazonaws.com/avatars/2015-01-14/3400695805_06e3ed8a8ae7228d7c54_132.jpg",
    "image_34": "https://slack-files2.s3-us-west-2.amazonaws.com/avatars/2015-01-14/3400695805_06e3ed8a8ae7228d7c54_34.jpg",
    "image_44": "https://slack-files2.s3-us-west-2.amazonaws.com/avatars/2015-01-14/3400695805_06e3ed8a8ae7228d7c54_44.jpg",
    "image_68": "https://slack-files2.s3-us-west-2.amazonaws.com/avatars/2015-01-14/3400695805_06e3ed8a8ae7228d7c54_68.jpg",
    "image_88": "https://slack-files2.s3-us-west-2.amazonaws.com/avatars/2015-01-14/3400695805_06e3ed8a8ae7228d7c54_88.jpg",
    "image_original": "https://slack-files2.s3-us-west-2.amazonaws.com/avatars/2015-01-14/3400695805_06e3ed8a8ae7228d7c54_original.jpg"
  },
  "teamId": "T02R0MMHK"
}
[04/30/18, 09:58:53:350] info: Store: UPDATE_TEAM_LOCALE
{
  "locale": "en-US",
  "teamId": "T02R0MMHK"
}
[04/30/18, 09:58:55:236] info: Store: UPDATE_TEAM_ICONS
{
  "icons": {
    "image_102": "https://slack-files2.s3-us-west-2.amazonaws.com/avatars/2017-06-28/205110093367_6705e64b9b4a8299bd1f_102.png",
    "image_132": "https://slack-files2.s3-us-west-2.amazonaws.com/avatars/2017-06-28/205110093367_6705e64b9b4a8299bd1f_132.png",
    "image_230": "https://slack-files2.s3-us-west-2.amazonaws.com/avatars/2017-06-28/205110093367_6705e64b9b4a8299bd1f_230.png",
    "image_34": "https://slack-files2.s3-us-west-2.amazonaws.com/avatars/2017-06-28/205110093367_6705e64b9b4a8299bd1f_34.png",
    "image_44": "https://slack-files2.s3-us-west-2.amazonaws.com/avatars/2017-06-28/205110093367_6705e64b9b4a8299bd1f_44.png",
    "image_68": "https://slack-files2.s3-us-west-2.amazonaws.com/avatars/2017-06-28/205110093367_6705e64b9b4a8299bd1f_68.png",
    "image_88": "https://slack-files2.s3-us-west-2.amazonaws.com/avatars/2017-06-28/205110093367_6705e64b9b4a8299bd1f_88.png",
    "image_original": "https://slack-files2.s3-us-west-2.amazonaws.com/avatars/2017-06-28/205110093367_6705e64b9b4a8299bd1f_original.png"
  },
  "teamId": "T5YEC6G73"
}
[04/30/18, 09:58:55:237] info: Store: UPDATE_TEAM_LOCALE
{
  "locale": "en-US",
  "teamId": "T5YEC6G73"
}
