[04/30/18, 00:14:30:447] info: ╔════════════════════════════════════════════════════════════════════════════╗
[04/30/18, 00:14:30:452] info: ║      Slack 3.1.1, linux 4.16.5-1-zen on x64 at 04/30/18, 00:14:30:436      ║
[04/30/18, 00:14:30:452] info: ╚════════════════════════════════════════════════════════════════════════════╝
[04/30/18, 00:14:30:860] info: Initializing local storage instance at path: /home/nitoli/.config/Slack/local-settings.json
[04/30/18, 00:14:31:763] error: Calls failed to load, bailing
[04/30/18, 00:14:31:765] info: cld3::loadModule: loading cld3 module
[04/30/18, 00:14:31:845] info: cld3Loader::loadModule: running environment is NODE
[04/30/18, 00:14:31:845] info: cld3Loader::loadModule: constructed module object for runtime
[04/30/18, 00:14:32:724] info: cld3Loader::initializeRuntime: successfully initialized module
[04/30/18, 00:14:32:724] info: cld3Loader::loadModule: initialized wasm binary Runtime
[04/30/18, 00:14:32:748] warn: updateSpellcheckerLanguage: Tried to update language, but spellchecker not initialized
[04/30/18, 00:14:32:749] info: SSBIntegration: Main window preload script loaded 3376.07805
[04/30/18, 00:14:32:774] info: Store: UPSERT_WEB_CONTENTS
{
  "id": 4,
  "state": "loaded",
  "teamId": "T02R0MMHK"
}
[04/30/18, 00:14:32:779] info: Store: UPSERT_WEB_CONTENTS
{
  "id": 4,
  "state": "empty-page",
  "teamId": "T02R0MMHK"
}
[04/30/18, 00:14:32:779] info: Store: UPSERT_WEB_CONTENTS
{
  "id": 4,
  "state": "page-will-navigate",
  "teamId": "T02R0MMHK"
}
[04/30/18, 00:14:32:787] info: Store: UPSERT_WEB_CONTENTS
{
  "id": 3,
  "state": "loaded",
  "teamId": "T5YEC6G73"
}
[04/30/18, 00:14:32:794] info: Store: UPSERT_WEB_CONTENTS
{
  "id": 5,
  "state": "loaded",
  "teamId": "T4HEMM0UR"
}
[04/30/18, 00:14:32:798] info: Store: UPSERT_WEB_CONTENTS
{
  "id": 3,
  "state": "empty-page",
  "teamId": "T5YEC6G73"
}
[04/30/18, 00:14:32:809] info: Store: UPSERT_WEB_CONTENTS
{
  "id": 3,
  "state": "page-will-navigate",
  "teamId": "T5YEC6G73"
}
[04/30/18, 00:14:32:815] info: Window is unloading, winssb is no longer accessible
[04/30/18, 00:14:32:821] info: Store: UPSERT_WEB_CONTENTS
{
  "id": 5,
  "state": "empty-page",
  "teamId": "T4HEMM0UR"
}
[04/30/18, 00:14:32:834] info: Store: UPSERT_WEB_CONTENTS
{
  "id": 5,
  "state": "page-will-navigate",
  "teamId": "T4HEMM0UR"
}
[04/30/18, 00:14:32:966] info: Store: SET_NETWORK_STATUS offline
[04/30/18, 00:14:33:392] info: Store: UPDATE_SESSION_STATUS
{
  "hasValidSession": true,
  "teamId": "T02R0MMHK"
}
[04/30/18, 00:14:33:403] info: Store: UPDATE_SESSION_STATUS
{
  "hasValidSession": true,
  "teamId": "T5YEC6G73"
}
[04/30/18, 00:14:33:426] info: Store: UPDATE_SESSION_STATUS
{
  "hasValidSession": true,
  "teamId": "T4HEMM0UR"
}
[04/30/18, 00:14:33:693] info: Store: SET_NETWORK_STATUS online
[04/30/18, 00:14:33:696] info: Store: MAIN_WINDOW_SHOWN
