[05/09/18, 00:41:39:302] info: ╔════════════════════════════════════════════════════════════════════════════╗
[05/09/18, 00:41:39:303] info: ║      Slack 3.1.1, linux 4.16.7-1-zen on x64 at 05/09/18, 00:41:39:285      ║
[05/09/18, 00:41:39:303] info: ╚════════════════════════════════════════════════════════════════════════════╝
[05/09/18, 00:41:39:586] info: Initializing local storage instance at path: /home/nitoli/.config/Slack/local-settings.json
[05/09/18, 00:41:40:775] error: Calls failed to load, bailing
[05/09/18, 00:41:40:777] info: cld3::loadModule: loading cld3 module
[05/09/18, 00:41:40:890] info: cld3Loader::loadModule: running environment is NODE
[05/09/18, 00:41:40:890] info: cld3Loader::loadModule: constructed module object for runtime
[05/09/18, 00:41:41:737] info: cld3Loader::initializeRuntime: successfully initialized module
[05/09/18, 00:41:41:738] info: cld3Loader::loadModule: initialized wasm binary Runtime
[05/09/18, 00:41:41:744] warn: updateSpellcheckerLanguage: Tried to update language, but spellchecker not initialized
[05/09/18, 00:41:41:745] info: TranslationLookup: locale set to ja-JP for renderer
[05/09/18, 00:41:41:746] info: SSBIntegration: Main window preload script loaded 3528.505418
[05/09/18, 00:41:41:758] info: Store: UPSERT_WEB_CONTENTS
{
  "id": 6,
  "state": "loaded",
  "teamId": "T4HEMM0UR"
}
[05/09/18, 00:41:41:760] info: Store: UPSERT_WEB_CONTENTS
{
  "id": 6,
  "state": "empty-page",
  "teamId": "T4HEMM0UR"
}
[05/09/18, 00:41:41:760] info: Store: UPSERT_WEB_CONTENTS
{
  "id": 6,
  "state": "page-will-navigate",
  "teamId": "T4HEMM0UR"
}
[05/09/18, 00:41:41:760] info: Store: UPSERT_WEB_CONTENTS
{
  "id": 3,
  "state": "loaded",
  "teamId": "T0GFBAM8C"
}
[05/09/18, 00:41:41:761] info: Store: UPSERT_WEB_CONTENTS
{
  "id": 7,
  "state": "loaded",
  "teamId": "T5LFW0CUB"
}
[05/09/18, 00:41:41:761] info: Store: UPSERT_WEB_CONTENTS
{
  "id": 3,
  "state": "empty-page",
  "teamId": "T0GFBAM8C"
}
[05/09/18, 00:41:41:761] info: Store: UPSERT_WEB_CONTENTS
{
  "id": 7,
  "state": "empty-page",
  "teamId": "T5LFW0CUB"
}
[05/09/18, 00:41:41:761] info: Store: UPSERT_WEB_CONTENTS
{
  "id": 3,
  "state": "page-will-navigate",
  "teamId": "T0GFBAM8C"
}
[05/09/18, 00:41:41:761] info: Store: UPSERT_WEB_CONTENTS
{
  "id": 7,
  "state": "page-will-navigate",
  "teamId": "T5LFW0CUB"
}
[05/09/18, 00:41:41:761] info: Store: UPSERT_WEB_CONTENTS
{
  "id": 4,
  "state": "loaded",
  "teamId": "T5YEC6G73"
}
[05/09/18, 00:41:41:762] info: Store: UPSERT_WEB_CONTENTS
{
  "id": 4,
  "state": "empty-page",
  "teamId": "T5YEC6G73"
}
[05/09/18, 00:41:41:762] info: Store: UPSERT_WEB_CONTENTS
{
  "id": 4,
  "state": "page-will-navigate",
  "teamId": "T5YEC6G73"
}
[05/09/18, 00:41:41:769] info: Store: UPSERT_WEB_CONTENTS
{
  "id": 5,
  "state": "loaded",
  "teamId": "T02R0MMHK"
}
[05/09/18, 00:41:41:775] info: Store: UPSERT_WEB_CONTENTS
{
  "id": 5,
  "state": "empty-page",
  "teamId": "T02R0MMHK"
}
[05/09/18, 00:41:41:779] info: Store: UPSERT_WEB_CONTENTS
{
  "id": 5,
  "state": "page-will-navigate",
  "teamId": "T02R0MMHK"
}
[05/09/18, 00:41:41:785] info: Window is unloading, winssb is no longer accessible
[05/09/18, 00:41:41:944] info: Store: SET_NETWORK_STATUS offline
[05/09/18, 00:41:42:309] info: Store: UPDATE_SESSION_STATUS
{
  "hasValidSession": true,
  "teamId": "T5YEC6G73"
}
[05/09/18, 00:41:42:330] info: Store: UPDATE_SESSION_STATUS
{
  "hasValidSession": true,
  "teamId": "T02R0MMHK"
}
[05/09/18, 00:41:42:332] info: Store: UPDATE_SESSION_STATUS
{
  "hasValidSession": true,
  "teamId": "T4HEMM0UR"
}
[05/09/18, 00:41:42:334] info: Store: UPDATE_SESSION_STATUS
{
  "hasValidSession": true,
  "teamId": "T5LFW0CUB"
}
[05/09/18, 00:41:42:337] info: Store: UPDATE_SESSION_STATUS
{
  "hasValidSession": true,
  "teamId": "T0GFBAM8C"
}
[05/09/18, 00:41:42:609] info: Store: SET_NETWORK_STATUS online
[05/09/18, 00:41:42:622] info: Store: MAIN_WINDOW_SHOWN
[05/09/18, 22:02:21:033] info: ╔════════════════════════════════════════════════════════════════════════════╗
[05/09/18, 22:02:21:034] info: ║      Slack 3.1.1, linux 4.16.7-1-zen on x64 at 05/09/18, 22:02:21:024      ║
[05/09/18, 22:02:21:034] info: ╚════════════════════════════════════════════════════════════════════════════╝
[05/09/18, 22:02:21:307] info: Initializing local storage instance at path: /home/nitoli/.config/Slack/local-settings.json
[05/09/18, 22:02:22:017] error: Calls failed to load, bailing
[05/09/18, 22:02:22:019] info: cld3::loadModule: loading cld3 module
[05/09/18, 22:02:22:080] info: cld3Loader::loadModule: running environment is NODE
[05/09/18, 22:02:22:080] info: cld3Loader::loadModule: constructed module object for runtime
[05/09/18, 22:02:22:752] info: cld3Loader::initializeRuntime: successfully initialized module
[05/09/18, 22:02:22:752] info: cld3Loader::loadModule: initialized wasm binary Runtime
[05/09/18, 22:02:22:759] warn: updateSpellcheckerLanguage: Tried to update language, but spellchecker not initialized
[05/09/18, 22:02:22:761] info: SSBIntegration: Main window preload script loaded 2496.700548
[05/09/18, 22:02:22:772] info: Store: UPDATE_SESSION_STATUS
{
  "hasValidSession": true,
  "teamId": "T5YEC6G73"
}
[05/09/18, 22:02:22:774] info: Store: UPDATE_SESSION_STATUS
{
  "hasValidSession": true,
  "teamId": "T0GFBAM8C"
}
[05/09/18, 22:02:22:774] info: Store: UPDATE_SESSION_STATUS
{
  "hasValidSession": true,
  "teamId": "T4HEMM0UR"
}
[05/09/18, 22:02:22:775] info: Store: UPDATE_SESSION_STATUS
{
  "hasValidSession": true,
  "teamId": "T02R0MMHK"
}
[05/09/18, 22:02:22:775] info: Store: UPDATE_SESSION_STATUS
{
  "hasValidSession": true,
  "teamId": "T5LFW0CUB"
}
[05/09/18, 22:02:22:775] info: Store: SET_NETWORK_STATUS online
[05/09/18, 22:02:22:775] info: Store: MAIN_WINDOW_SHOWN
[05/09/18, 22:02:22:776] info: Store: UPSERT_WEB_CONTENTS
{
  "id": 4,
  "state": "loaded",
  "teamId": "T5YEC6G73"
}
[05/09/18, 22:02:22:778] info: Store: UPSERT_WEB_CONTENTS
{
  "id": 4,
  "state": "empty-page",
  "teamId": "T5YEC6G73"
}
[05/09/18, 22:02:22:778] info: Store: UPSERT_WEB_CONTENTS
{
  "id": 4,
  "state": "page-will-navigate",
  "teamId": "T5YEC6G73"
}
[05/09/18, 22:02:22:779] info: Store: UPSERT_WEB_CONTENTS
{
  "id": 7,
  "state": "loaded",
  "teamId": "T0GFBAM8C"
}
[05/09/18, 22:02:22:779] info: Store: UPSERT_WEB_CONTENTS
{
  "id": 6,
  "state": "loaded",
  "teamId": "T5LFW0CUB"
}
[05/09/18, 22:02:22:780] info: Store: UPSERT_WEB_CONTENTS
{
  "id": 7,
  "state": "empty-page",
  "teamId": "T0GFBAM8C"
}
[05/09/18, 22:02:22:787] info: Store: UPSERT_WEB_CONTENTS
{
  "id": 7,
  "state": "page-will-navigate",
  "teamId": "T0GFBAM8C"
}
[05/09/18, 22:02:22:787] info: Store: UPSERT_WEB_CONTENTS
{
  "id": 6,
  "state": "empty-page",
  "teamId": "T5LFW0CUB"
}
[05/09/18, 22:02:22:788] info: Store: UPSERT_WEB_CONTENTS
{
  "id": 6,
  "state": "page-will-navigate",
  "teamId": "T5LFW0CUB"
}
[05/09/18, 22:02:22:794] info: Store: UPSERT_WEB_CONTENTS
{
  "id": 5,
  "state": "loaded",
  "teamId": "T4HEMM0UR"
}
[05/09/18, 22:02:22:796] info: Store: UPSERT_WEB_CONTENTS
{
  "id": 3,
  "state": "loaded",
  "teamId": "T02R0MMHK"
}
[05/09/18, 22:02:22:799] info: Store: UPSERT_WEB_CONTENTS
{
  "id": 5,
  "state": "empty-page",
  "teamId": "T4HEMM0UR"
}
[05/09/18, 22:02:22:802] info: Store: UPSERT_WEB_CONTENTS
{
  "id": 5,
  "state": "page-will-navigate",
  "teamId": "T4HEMM0UR"
}
[05/09/18, 22:02:22:807] info: Window is unloading, winssb is no longer accessible
[05/09/18, 22:02:22:809] info: Store: UPSERT_WEB_CONTENTS
{
  "id": 3,
  "state": "empty-page",
  "teamId": "T02R0MMHK"
}
[05/09/18, 22:02:22:817] info: Store: UPSERT_WEB_CONTENTS
{
  "id": 3,
  "state": "page-will-navigate",
  "teamId": "T02R0MMHK"
}
[05/09/18, 22:02:23:065] info: Store: UPDATE_SESSION_STATUS
{
  "hasValidSession": true,
  "teamId": "T0GFBAM8C"
}
[05/09/18, 22:02:23:150] info: Store: UPDATE_SESSION_STATUS
{
  "hasValidSession": true,
  "teamId": "T02R0MMHK"
}
[05/09/18, 22:02:23:646] info: Store: UPDATE_SESSION_STATUS
{
  "hasValidSession": true,
  "teamId": "T5YEC6G73"
}
[05/09/18, 22:02:23:720] info: Store: UPDATE_SESSION_STATUS
{
  "hasValidSession": true,
  "teamId": "T5LFW0CUB"
}
[05/09/18, 22:02:23:732] info: Store: UPDATE_SESSION_STATUS
{
  "hasValidSession": true,
  "teamId": "T4HEMM0UR"
}
