[05/09/18, 21:51:42:969] info: ╔════════════════════════════════════════════════════════════════════════════╗
[05/09/18, 21:51:42:971] info: ║      Slack 3.1.1, linux 4.16.7-1-zen on x64 at 05/09/18, 21:51:42:952      ║
[05/09/18, 21:51:42:971] info: ╚════════════════════════════════════════════════════════════════════════════╝
[05/09/18, 21:51:43:324] info: Initializing local storage instance at path: /home/nitoli/.config/Slack/local-settings.json
[05/09/18, 21:51:44:212] error: Calls failed to load, bailing
[05/09/18, 21:51:44:222] info: cld3::loadModule: loading cld3 module
[05/09/18, 21:51:44:286] info: cld3Loader::loadModule: running environment is NODE
[05/09/18, 21:51:44:287] info: cld3Loader::loadModule: constructed module object for runtime
[05/09/18, 21:51:45:018] info: cld3Loader::initializeRuntime: successfully initialized module
[05/09/18, 21:51:45:018] info: cld3Loader::loadModule: initialized wasm binary Runtime
[05/09/18, 21:51:45:068] warn: updateSpellcheckerLanguage: Tried to update language, but spellchecker not initialized
[05/09/18, 21:51:45:069] info: SSBIntegration: Main window preload script loaded 2985.910885
[05/09/18, 21:51:45:147] info: Store: UPSERT_WEB_CONTENTS
{
  "id": 6,
  "state": "loaded",
  "teamId": "T5LFW0CUB"
}
[05/09/18, 21:51:45:149] info: Store: UPSERT_WEB_CONTENTS
{
  "id": 6,
  "state": "empty-page",
  "teamId": "T5LFW0CUB"
}
[05/09/18, 21:51:45:150] info: Store: UPSERT_WEB_CONTENTS
{
  "id": 6,
  "state": "page-will-navigate",
  "teamId": "T5LFW0CUB"
}
[05/09/18, 21:51:45:170] info: Store: UPSERT_WEB_CONTENTS
{
  "id": 7,
  "state": "loaded",
  "teamId": "T0GFBAM8C"
}
[05/09/18, 21:51:45:213] info: Store: UPSERT_WEB_CONTENTS
{
  "id": 7,
  "state": "empty-page",
  "teamId": "T0GFBAM8C"
}
[05/09/18, 21:51:45:240] info: Store: UPSERT_WEB_CONTENTS
{
  "id": 7,
  "state": "page-will-navigate",
  "teamId": "T0GFBAM8C"
}
[05/09/18, 21:51:45:245] info: Window is unloading, winssb is no longer accessible
[05/09/18, 21:51:45:352] info: Store: UPSERT_WEB_CONTENTS
{
  "id": 3,
  "state": "loaded",
  "teamId": "T02R0MMHK"
}
[05/09/18, 21:51:45:386] info: Store: UPSERT_WEB_CONTENTS
{
  "id": 3,
  "state": "empty-page",
  "teamId": "T02R0MMHK"
}
[05/09/18, 21:51:45:395] info: Store: UPSERT_WEB_CONTENTS
{
  "id": 5,
  "state": "loaded",
  "teamId": "T4HEMM0UR"
}
[05/09/18, 21:51:45:400] info: Store: UPSERT_WEB_CONTENTS
{
  "id": 3,
  "state": "page-will-navigate",
  "teamId": "T02R0MMHK"
}
[05/09/18, 21:51:45:416] info: Store: UPSERT_WEB_CONTENTS
{
  "id": 5,
  "state": "empty-page",
  "teamId": "T4HEMM0UR"
}
[05/09/18, 21:51:45:432] info: Store: UPSERT_WEB_CONTENTS
{
  "id": 5,
  "state": "page-will-navigate",
  "teamId": "T4HEMM0UR"
}
[05/09/18, 21:51:45:463] info: Store: UPSERT_WEB_CONTENTS
{
  "id": 4,
  "state": "loaded",
  "teamId": "T5YEC6G73"
}
[05/09/18, 21:51:45:486] info: Store: UPSERT_WEB_CONTENTS
{
  "id": 4,
  "state": "empty-page",
  "teamId": "T5YEC6G73"
}
[05/09/18, 21:51:45:500] info: Store: UPSERT_WEB_CONTENTS
{
  "id": 4,
  "state": "page-will-navigate",
  "teamId": "T5YEC6G73"
}
[05/09/18, 21:51:45:665] info: Store: SET_NETWORK_STATUS offline
[05/09/18, 21:51:46:060] info: Store: UPDATE_SESSION_STATUS
{
  "hasValidSession": true,
  "teamId": "T5YEC6G73"
}
[05/09/18, 21:51:46:083] info: Store: UPDATE_SESSION_STATUS
{
  "hasValidSession": true,
  "teamId": "T0GFBAM8C"
}
[05/09/18, 21:51:46:087] info: Store: UPDATE_SESSION_STATUS
{
  "hasValidSession": true,
  "teamId": "T5LFW0CUB"
}
[05/09/18, 21:51:46:090] info: Store: UPDATE_SESSION_STATUS
{
  "hasValidSession": true,
  "teamId": "T02R0MMHK"
}
[05/09/18, 21:51:46:122] info: Store: UPDATE_SESSION_STATUS
{
  "hasValidSession": true,
  "teamId": "T4HEMM0UR"
}
[05/09/18, 21:51:46:420] info: Store: SET_NETWORK_STATUS online
[05/09/18, 21:51:46:431] info: Store: MAIN_WINDOW_SHOWN
