[05/08/18, 11:12:04:581] info: ╔════════════════════════════════════════════════════════════════════════════╗
[05/08/18, 11:12:04:582] info: ║      Slack 3.1.1, linux 4.16.6-1-zen on x64 at 05/08/18, 11:12:04:573      ║
[05/08/18, 11:12:04:585] info: ╚════════════════════════════════════════════════════════════════════════════╝
[05/08/18, 11:12:04:749] info: Initializing local storage instance at path: /home/nitoli/.config/Slack/local-settings.json
[05/08/18, 11:12:05:490] error: Calls failed to load, bailing
[05/08/18, 11:12:05:497] info: cld3::loadModule: loading cld3 module
[05/08/18, 11:12:05:588] info: cld3Loader::loadModule: running environment is NODE
[05/08/18, 11:12:05:588] info: cld3Loader::loadModule: constructed module object for runtime
[05/08/18, 11:12:06:063] info: cld3Loader::initializeRuntime: successfully initialized module
[05/08/18, 11:12:06:063] info: cld3Loader::loadModule: initialized wasm binary Runtime
[05/08/18, 11:12:06:068] warn: updateSpellcheckerLanguage: Tried to update language, but spellchecker not initialized
[05/08/18, 11:12:06:068] info: TranslationLookup: locale set to ja-JP for renderer
[05/08/18, 11:12:06:069] info: SSBIntegration: Main window preload script loaded 2080.998829
[05/08/18, 11:12:06:075] info: Store: UPDATE_SESSION_STATUS
{
  "hasValidSession": null,
  "teamId": "T5LFW0CUB"
}
[05/08/18, 11:12:06:077] info: Store: UPDATE_SESSION_STATUS
{
  "hasValidSession": null,
  "teamId": "T0GFBAM8C"
}
[05/08/18, 11:12:06:078] info: Store: UPDATE_SESSION_STATUS
{
  "hasValidSession": null,
  "teamId": "T02R0MMHK"
}
[05/08/18, 11:12:06:078] info: Store: UPDATE_SESSION_STATUS
{
  "hasValidSession": null,
  "teamId": "T5YEC6G73"
}
[05/08/18, 11:12:06:078] info: Store: UPDATE_SESSION_STATUS
{
  "hasValidSession": null,
  "teamId": "T4HEMM0UR"
}
[05/08/18, 11:12:06:079] info: Store: SET_NETWORK_STATUS offline
[05/08/18, 11:12:06:079] info: Store: UPSERT_WEB_CONTENTS
{
  "id": 7,
  "state": "loaded",
  "teamId": "T0GFBAM8C"
}
[05/08/18, 11:12:06:080] info: Store: UPSERT_WEB_CONTENTS
{
  "id": 3,
  "state": "loaded",
  "teamId": "T5LFW0CUB"
}
[05/08/18, 11:12:06:081] info: Store: UPSERT_WEB_CONTENTS
{
  "id": 3,
  "state": "empty-page",
  "teamId": "T5LFW0CUB"
}
[05/08/18, 11:12:06:081] info: Store: UPSERT_WEB_CONTENTS
{
  "id": 7,
  "state": "empty-page",
  "teamId": "T0GFBAM8C"
}
[05/08/18, 11:12:06:081] info: Store: UPDATE_SESSION_STATUS
{
  "hasValidSession": null,
  "teamId": "T0GFBAM8C"
}
[05/08/18, 11:12:06:081] info: Store: UPDATE_SESSION_STATUS
{
  "hasValidSession": null,
  "teamId": "T5LFW0CUB"
}
[05/08/18, 11:12:06:081] info: Store: UPSERT_WEB_CONTENTS
{
  "id": 4,
  "state": "loaded",
  "teamId": "T5YEC6G73"
}
[05/08/18, 11:12:06:082] info: Store: UPSERT_WEB_CONTENTS
{
  "id": 4,
  "state": "empty-page",
  "teamId": "T5YEC6G73"
}
[05/08/18, 11:12:06:082] info: Store: UPSERT_WEB_CONTENTS
{
  "id": 6,
  "state": "loaded",
  "teamId": "T4HEMM0UR"
}
[05/08/18, 11:12:06:087] info: Store: UPSERT_WEB_CONTENTS
{
  "id": 6,
  "state": "empty-page",
  "teamId": "T4HEMM0UR"
}
[05/08/18, 11:12:06:098] info: Store: UPSERT_WEB_CONTENTS
{
  "id": 5,
  "state": "loaded",
  "teamId": "T02R0MMHK"
}
[05/08/18, 11:12:06:111] info: Store: UPSERT_WEB_CONTENTS
{
  "id": 5,
  "state": "empty-page",
  "teamId": "T02R0MMHK"
}
[05/08/18, 11:12:06:159] info: Store: UPDATE_SESSION_STATUS
{
  "hasValidSession": null,
  "teamId": "T5YEC6G73"
}
[05/08/18, 11:12:06:190] info: Store: UPDATE_SESSION_STATUS
{
  "hasValidSession": null,
  "teamId": "T4HEMM0UR"
}
[05/08/18, 11:12:06:210] info: Store: UPDATE_SESSION_STATUS
{
  "hasValidSession": null,
  "teamId": "T02R0MMHK"
}
