[05/01/18, 11:18:03:932] info: ╔════════════════════════════════════════════════════════════════════════════╗
[05/01/18, 11:18:03:936] info: ║      Slack 3.1.1, linux 4.16.5-1-zen on x64 at 05/01/18, 11:18:03:928      ║
[05/01/18, 11:18:03:936] info: ╚════════════════════════════════════════════════════════════════════════════╝
[05/01/18, 11:18:04:229] info: Initializing local storage instance at path: /home/nitoli/.config/Slack/local-settings.json
[05/01/18, 11:18:05:051] error: Calls failed to load, bailing
[05/01/18, 11:18:05:061] info: cld3::loadModule: loading cld3 module
[05/01/18, 11:18:05:182] info: cld3Loader::loadModule: running environment is NODE
[05/01/18, 11:18:05:182] info: cld3Loader::loadModule: constructed module object for runtime
[05/01/18, 11:18:06:153] info: cld3Loader::initializeRuntime: successfully initialized module
[05/01/18, 11:18:06:154] info: cld3Loader::loadModule: initialized wasm binary Runtime
[05/01/18, 11:18:06:196] warn: updateSpellcheckerLanguage: Tried to update language, but spellchecker not initialized
[05/01/18, 11:18:06:197] info: SSBIntegration: Main window preload script loaded 3309.258678
[05/01/18, 11:18:06:229] info: Store: UPSERT_WEB_CONTENTS
{
  "id": 5,
  "state": "loaded",
  "teamId": "T4HEMM0UR"
}
[05/01/18, 11:18:06:231] info: Store: UPSERT_WEB_CONTENTS
{
  "id": 5,
  "state": "empty-page",
  "teamId": "T4HEMM0UR"
}
[05/01/18, 11:18:06:232] info: Store: UPSERT_WEB_CONTENTS
{
  "id": 5,
  "state": "page-will-navigate",
  "teamId": "T4HEMM0UR"
}
[05/01/18, 11:18:06:243] info: Store: UPSERT_WEB_CONTENTS
{
  "id": 4,
  "state": "loaded",
  "teamId": "T02R0MMHK"
}
[05/01/18, 11:18:06:258] info: Store: UPSERT_WEB_CONTENTS
{
  "id": 4,
  "state": "empty-page",
  "teamId": "T02R0MMHK"
}
[05/01/18, 11:18:06:267] info: Store: UPSERT_WEB_CONTENTS
{
  "id": 4,
  "state": "page-will-navigate",
  "teamId": "T02R0MMHK"
}
[05/01/18, 11:18:06:268] info: Window is unloading, winssb is no longer accessible
[05/01/18, 11:18:06:345] info: Store: UPSERT_WEB_CONTENTS
{
  "id": 3,
  "state": "loaded",
  "teamId": "T5YEC6G73"
}
[05/04/18, 19:31:45:468] info: ╔════════════════════════════════════════════════════════════════════════════╗
[05/04/18, 19:31:45:473] info: ║      Slack 3.1.1, linux 4.16.6-1-zen on x64 at 05/04/18, 19:31:45:447      ║
[05/04/18, 19:31:45:473] info: ╚════════════════════════════════════════════════════════════════════════════╝
[05/04/18, 19:31:45:968] info: Initializing local storage instance at path: /home/nitoli/.config/Slack/local-settings.json
[05/04/18, 19:31:47:003] error: Calls failed to load, bailing
[05/04/18, 19:31:47:014] info: cld3::loadModule: loading cld3 module
[05/04/18, 19:31:47:109] info: cld3Loader::loadModule: running environment is NODE
[05/04/18, 19:31:47:109] info: cld3Loader::loadModule: constructed module object for runtime
[05/04/18, 19:31:48:178] info: cld3Loader::initializeRuntime: successfully initialized module
[05/04/18, 19:31:48:178] info: cld3Loader::loadModule: initialized wasm binary Runtime
[05/04/18, 19:31:48:186] warn: updateSpellcheckerLanguage: Tried to update language, but spellchecker not initialized
[05/04/18, 19:31:48:199] info: SSBIntegration: Main window preload script loaded 4235.079262
[05/04/18, 19:31:48:244] info: Store: SET_NETWORK_STATUS online
[05/04/18, 19:31:48:254] info: Store: UPSERT_WEB_CONTENTS
{
  "id": 4,
  "state": "loaded",
  "teamId": "T5YEC6G73"
}
[05/04/18, 19:31:48:276] info: Store: UPSERT_WEB_CONTENTS
{
  "id": 4,
  "state": "empty-page",
  "teamId": "T5YEC6G73"
}
[05/04/18, 19:31:48:282] info: Store: UPSERT_WEB_CONTENTS
{
  "id": 4,
  "state": "page-will-navigate",
  "teamId": "T5YEC6G73"
}
[05/04/18, 19:31:48:285] info: Window is unloading, winssb is no longer accessible
[05/04/18, 19:31:48:660] info: Store: UPDATE_SESSION_STATUS
{
  "hasValidSession": true,
  "teamId": "T5YEC6G73"
}
[05/04/18, 19:31:48:795] info: Store: UPSERT_WEB_CONTENTS
{
  "id": 7,
  "state": "loaded",
  "teamId": "T0GFBAM8C"
}
[05/04/18, 19:31:48:861] info: Store: UPSERT_WEB_CONTENTS
{
  "id": 7,
  "state": "empty-page",
  "teamId": "T0GFBAM8C"
}
[05/04/18, 19:31:48:896] info: Store: UPSERT_WEB_CONTENTS
{
  "id": 7,
  "state": "page-will-navigate",
  "teamId": "T0GFBAM8C"
}
[05/04/18, 19:31:49:180] info: Store: UPSERT_WEB_CONTENTS
{
  "id": 6,
  "state": "loaded",
  "teamId": "T5LFW0CUB"
}
[05/04/18, 19:31:49:210] info: Store: UPSERT_WEB_CONTENTS
{
  "id": 6,
  "state": "empty-page",
  "teamId": "T5LFW0CUB"
}
[05/04/18, 19:31:49:227] info: Store: UPSERT_WEB_CONTENTS
{
  "id": 6,
  "state": "page-will-navigate",
  "teamId": "T5LFW0CUB"
}
[05/04/18, 19:31:49:326] info: Store: UPDATE_SESSION_STATUS
{
  "hasValidSession": true,
  "teamId": "T0GFBAM8C"
}
[05/04/18, 19:31:49:411] info: Store: UPSERT_WEB_CONTENTS
{
  "id": 3,
  "state": "loaded",
  "teamId": "T02R0MMHK"
}
[05/04/18, 19:31:49:425] info: Store: MAIN_WINDOW_SHOWN
[05/04/18, 19:31:49:483] info: Store: UPSERT_WEB_CONTENTS
{
  "id": 3,
  "state": "empty-page",
  "teamId": "T02R0MMHK"
}
[05/05/18, 11:18:07:782] info: ╔════════════════════════════════════════════════════════════════════════════╗
[05/05/18, 11:18:07:786] info: ║      Slack 3.1.1, linux 4.16.6-1-zen on x64 at 05/05/18, 11:18:07:778      ║
[05/05/18, 11:18:07:786] info: ╚════════════════════════════════════════════════════════════════════════════╝
[05/05/18, 11:18:07:985] info: Initializing local storage instance at path: /home/nitoli/.config/Slack/local-settings.json
[05/05/18, 11:18:08:603] error: Calls failed to load, bailing
[05/05/18, 11:18:08:606] info: cld3::loadModule: loading cld3 module
[05/05/18, 11:18:08:688] info: cld3Loader::loadModule: running environment is NODE
[05/05/18, 11:18:08:688] info: cld3Loader::loadModule: constructed module object for runtime
[05/05/18, 11:18:09:399] info: cld3Loader::initializeRuntime: successfully initialized module
[05/05/18, 11:18:09:399] info: cld3Loader::loadModule: initialized wasm binary Runtime
[05/05/18, 11:18:09:414] warn: updateSpellcheckerLanguage: Tried to update language, but spellchecker not initialized
[05/05/18, 11:18:09:414] info: TranslationLookup: locale set to ja-JP for renderer
[05/05/18, 11:18:09:415] info: SSBIntegration: Main window preload script loaded 2453.872654
[05/05/18, 11:18:09:441] info: Store: SET_NETWORK_STATUS online
[05/05/18, 11:18:09:446] info: Store: UPSERT_WEB_CONTENTS
{
  "id": 3,
  "state": "loaded",
  "teamId": "T5LFW0CUB"
}
[05/05/18, 11:18:09:447] info: Store: MAIN_WINDOW_SHOWN
[05/05/18, 11:18:09:447] info: Store: UPSERT_WEB_CONTENTS
{
  "id": 3,
  "state": "empty-page",
  "teamId": "T5LFW0CUB"
}
[05/05/18, 11:18:09:448] info: Store: UPSERT_WEB_CONTENTS
{
  "id": 3,
  "state": "page-will-navigate",
  "teamId": "T5LFW0CUB"
}
[05/05/18, 11:18:09:454] info: Store: UPSERT_WEB_CONTENTS
{
  "id": 5,
  "state": "loaded",
  "teamId": "T02R0MMHK"
}
[05/05/18, 11:18:09:465] info: Store: UPSERT_WEB_CONTENTS
{
  "id": 5,
  "state": "empty-page",
  "teamId": "T02R0MMHK"
}
[05/05/18, 11:18:09:474] info: Store: UPSERT_WEB_CONTENTS
{
  "id": 5,
  "state": "page-will-navigate",
  "teamId": "T02R0MMHK"
}
[05/05/18, 11:18:09:478] info: Window is unloading, winssb is no longer accessible
[05/05/18, 11:18:09:490] info: Store: UPSERT_WEB_CONTENTS
{
  "id": 7,
  "state": "loaded",
  "teamId": "T0GFBAM8C"
}
[05/05/18, 11:18:09:517] info: Store: UPSERT_WEB_CONTENTS
{
  "id": 4,
  "state": "loaded",
  "teamId": "T5YEC6G73"
}
[05/05/18, 11:18:09:527] info: Store: UPSERT_WEB_CONTENTS
{
  "id": 7,
  "state": "empty-page",
  "teamId": "T0GFBAM8C"
}
[05/05/18, 11:18:09:543] info: Store: UPSERT_WEB_CONTENTS
{
  "id": 7,
  "state": "page-will-navigate",
  "teamId": "T0GFBAM8C"
}
[05/05/18, 11:18:09:558] info: Store: UPSERT_WEB_CONTENTS
{
  "id": 4,
  "state": "empty-page",
  "teamId": "T5YEC6G73"
}
[05/05/18, 11:18:09:573] info: Store: UPSERT_WEB_CONTENTS
{
  "id": 4,
  "state": "page-will-navigate",
  "teamId": "T5YEC6G73"
}
[05/05/18, 11:18:09:605] info: Store: UPDATE_SESSION_STATUS
{
  "hasValidSession": true,
  "teamId": "T5LFW0CUB"
}
[05/05/18, 11:18:09:869] info: Store: UPDATE_SESSION_STATUS
{
  "hasValidSession": true,
  "teamId": "T5LFW0CUB"
}
[05/05/18, 11:18:09:881] info: Store: UPDATE_SESSION_STATUS
{
  "hasValidSession": true,
  "teamId": "T02R0MMHK"
}
[05/05/18, 11:18:09:894] info: Store: UPDATE_SESSION_STATUS
{
  "hasValidSession": true,
  "teamId": "T0GFBAM8C"
}
[05/05/18, 11:18:09:901] info: Store: UPDATE_SESSION_STATUS
{
  "hasValidSession": true,
  "teamId": "T5YEC6G73"
}
[05/05/18, 11:18:09:926] info: Store: UPSERT_WEB_CONTENTS
{
  "id": 6,
  "state": "loaded",
  "teamId": "T4HEMM0UR"
}
[05/05/18, 11:18:09:939] info: Store: UPSERT_WEB_CONTENTS
{
  "id": 6,
  "state": "empty-page",
  "teamId": "T4HEMM0UR"
}
[05/05/18, 11:18:09:943] info: Store: UPSERT_WEB_CONTENTS
{
  "id": 6,
  "state": "page-will-navigate",
  "teamId": "T4HEMM0UR"
}
[05/05/18, 11:18:10:267] info: Store: UPDATE_SESSION_STATUS
{
  "hasValidSession": true,
  "teamId": "T4HEMM0UR"
}
