[05/01/18, 17:42:04:747] info: ╔════════════════════════════════════════════════════════════════════════════╗
[05/01/18, 17:42:04:748] info: ║      Slack 3.1.1, linux 4.16.5-1-zen on x64 at 05/01/18, 17:42:04:745      ║
[05/01/18, 17:42:04:748] info: ╚════════════════════════════════════════════════════════════════════════════╝
[05/01/18, 17:42:04:846] info: Initializing local storage instance at path: /home/nitoli/.config/Slack/local-settings.json
[05/01/18, 17:42:05:237] error: Calls failed to load, bailing
[05/01/18, 17:42:05:239] info: cld3::loadModule: loading cld3 module
[05/01/18, 17:42:05:267] info: cld3Loader::loadModule: running environment is NODE
[05/01/18, 17:42:05:267] info: cld3Loader::loadModule: constructed module object for runtime
[05/01/18, 17:42:05:553] info: cld3Loader::initializeRuntime: successfully initialized module
[05/01/18, 17:42:05:553] info: cld3Loader::loadModule: initialized wasm binary Runtime
[05/01/18, 17:42:05:556] warn: updateSpellcheckerLanguage: Tried to update language, but spellchecker not initialized
[05/01/18, 17:42:05:557] info: SSBIntegration: Main window preload script loaded 1232.166513
[05/01/18, 17:42:08:082] info: Store: UPSERT_WEB_CONTENTS
{
  "id": 4,
  "state": "loaded",
  "teamId": "T02R0MMHK"
}
[05/01/18, 17:42:08:085] info: Store: UPSERT_WEB_CONTENTS
{
  "id": 5,
  "state": "loaded",
  "teamId": "T4HEMM0UR"
}
[05/01/18, 17:42:08:085] info: Store: UPDATE_SESSION_STATUS
{
  "hasValidSession": true,
  "teamId": "T02R0MMHK"
}
[05/01/18, 17:42:08:100] info: Store: UPDATE_SESSION_STATUS
{
  "hasValidSession": true,
  "teamId": "T4HEMM0UR"
}
[05/01/18, 17:42:08:621] info: Store: SELECT_CHANNEL C04Q8GKJA
[05/01/18, 17:42:08:622] info: Store: UPDATE_TEAM_LOCALE
{
  "locale": "en-US",
  "teamId": "T02R0MMHK"
}
[05/01/18, 17:42:08:623] info: Store: UPDATE_SETTINGS
{
  "locale": "en-US"
}
[05/01/18, 17:42:08:670] info: Store: UPDATE_TEAM_THEME
{
  "teamId": "T02R0MMHK",
  "theme": {
    "active_item": "#4C9689",
    "active_item_text": "#FFFFFF",
    "active_presence": "#38978D",
    "badge": "#EB4D5C",
    "column_bg": "#4D394B",
    "hover_item": "#3E313C",
    "menu_bg": "#3E313C",
    "text_color": "#FFFFFF"
  }
}
[05/01/18, 17:42:08:675] info: Store: UPSERT_WEB_CONTENTS
{
  "id": 3,
  "state": "loaded",
  "teamId": "T5YEC6G73"
}
[05/01/18, 17:42:08:809] info: Store: SELECT_CHANNEL C4JRHEQB1
[05/01/18, 17:42:08:817] info: Store: UPDATE_TEAM_LOCALE
{
  "locale": "ja-JP",
  "teamId": "T4HEMM0UR"
}
[05/01/18, 17:42:08:835] info: Store: UPDATE_TEAM_THEME
{
  "teamId": "T4HEMM0UR",
  "theme": {
    "active_item": "#4C9689",
    "active_item_text": "#FFFFFF",
    "active_presence": "#38978D",
    "badge": "#EB4D5C",
    "column_bg": "#4D394B",
    "hover_item": "#3E313C",
    "menu_bg": "#3E313C",
    "text_color": "#FFFFFF"
  }
}
[05/01/18, 17:42:08:839] info: Store: UPDATE_TEAM_ICONS
{
  "icons": {
    "image_102": "https://slack-files2.s3-us-west-2.amazonaws.com/avatars/2015-01-14/3400695805_06e3ed8a8ae7228d7c54_102.jpg",
    "image_132": "https://slack-files2.s3-us-west-2.amazonaws.com/avatars/2015-01-14/3400695805_06e3ed8a8ae7228d7c54_132.jpg",
    "image_230": "https://slack-files2.s3-us-west-2.amazonaws.com/avatars/2015-01-14/3400695805_06e3ed8a8ae7228d7c54_132.jpg",
    "image_34": "https://slack-files2.s3-us-west-2.amazonaws.com/avatars/2015-01-14/3400695805_06e3ed8a8ae7228d7c54_34.jpg",
    "image_44": "https://slack-files2.s3-us-west-2.amazonaws.com/avatars/2015-01-14/3400695805_06e3ed8a8ae7228d7c54_44.jpg",
    "image_68": "https://slack-files2.s3-us-west-2.amazonaws.com/avatars/2015-01-14/3400695805_06e3ed8a8ae7228d7c54_68.jpg",
    "image_88": "https://slack-files2.s3-us-west-2.amazonaws.com/avatars/2015-01-14/3400695805_06e3ed8a8ae7228d7c54_88.jpg",
    "image_original": "https://slack-files2.s3-us-west-2.amazonaws.com/avatars/2015-01-14/3400695805_06e3ed8a8ae7228d7c54_original.jpg"
  },
  "teamId": "T02R0MMHK"
}
[05/01/18, 17:42:08:956] info: Store: UPDATE_TEAM_LOCALE
{
  "locale": "en-US",
  "teamId": "T02R0MMHK"
}
[05/01/18, 17:42:08:967] info: Store: UPSERT_WEB_CONTENTS
{
  "id": 4,
  "state": "webapp-loaded",
  "teamId": "T02R0MMHK"
}
[05/01/18, 17:42:09:114] info: Store: STORE_API_TOKEN
{
  "teamId": "T02R0MMHK",
  "token": "xoxs-⋯"
}
[05/01/18, 17:42:09:400] info: Store: UPDATE_TEAM_ICONS
{
  "icons": {
    "image_102": "https://slack-files2.s3-us-west-2.amazonaws.com/avatars/2017-03-15/154610708258_f98e05c23845866960a5_102.png",
    "image_132": "https://slack-files2.s3-us-west-2.amazonaws.com/avatars/2017-03-15/154610708258_f98e05c23845866960a5_132.png",
    "image_230": "https://slack-files2.s3-us-west-2.amazonaws.com/avatars/2017-03-15/154610708258_f98e05c23845866960a5_230.png",
    "image_34": "https://slack-files2.s3-us-west-2.amazonaws.com/avatars/2017-03-15/154610708258_f98e05c23845866960a5_34.png",
    "image_44": "https://slack-files2.s3-us-west-2.amazonaws.com/avatars/2017-03-15/154610708258_f98e05c23845866960a5_44.png",
    "image_68": "https://slack-files2.s3-us-west-2.amazonaws.com/avatars/2017-03-15/154610708258_f98e05c23845866960a5_68.png",
    "image_88": "https://slack-files2.s3-us-west-2.amazonaws.com/avatars/2017-03-15/154610708258_f98e05c23845866960a5_88.png",
    "image_original": "https://slack-files2.s3-us-west-2.amazonaws.com/avatars/2017-03-15/154610708258_f98e05c23845866960a5_original.png"
  },
  "teamId": "T4HEMM0UR"
}
[05/01/18, 17:42:09:619] info: Store: UPDATE_TEAM_LOCALE
{
  "locale": "ja-JP",
  "teamId": "T4HEMM0UR"
}
[05/01/18, 17:42:09:638] info: Store: UPSERT_WEB_CONTENTS
{
  "id": 5,
  "state": "webapp-loaded",
  "teamId": "T4HEMM0UR"
}
[05/01/18, 17:42:09:684] info: Store: STORE_API_TOKEN
{
  "teamId": "T4HEMM0UR",
  "token": "xoxs-⋯"
}
[05/01/18, 17:42:13:214] info: Store: UPDATE_SESSION_STATUS
{
  "hasValidSession": true,
  "teamId": "T5YEC6G73"
}
[05/01/18, 17:42:13:488] info: Store: SELECT_CHANNEL C8Y1H7TEE
[05/01/18, 17:42:13:488] info: Store: UPDATE_TEAM_LOCALE
{
  "locale": "en-US",
  "teamId": "T5YEC6G73"
}
[05/01/18, 17:42:13:489] info: Store: UPDATE_TEAM_THEME
{
  "teamId": "T5YEC6G73",
  "theme": {
    "active_item": "#4C9689",
    "active_item_text": "#FFFFFF",
    "active_presence": "#38978D",
    "badge": "#EB4D5C",
    "column_bg": "#4D394B",
    "hover_item": "#3E313C",
    "menu_bg": "#3E313C",
    "text_color": "#FFFFFF"
  }
}
[05/01/18, 17:42:21:734] info: postLoadTaskSetup: Desktop client fully loaded
{
  "loadedTime": 3473659.960739
}
[05/01/18, 17:42:21:886] info: Store: UPDATE_TEAM_ICONS
{
  "icons": {
    "image_102": "https://slack-files2.s3-us-west-2.amazonaws.com/avatars/2017-06-28/205110093367_6705e64b9b4a8299bd1f_102.png",
    "image_132": "https://slack-files2.s3-us-west-2.amazonaws.com/avatars/2017-06-28/205110093367_6705e64b9b4a8299bd1f_132.png",
    "image_230": "https://slack-files2.s3-us-west-2.amazonaws.com/avatars/2017-06-28/205110093367_6705e64b9b4a8299bd1f_230.png",
    "image_34": "https://slack-files2.s3-us-west-2.amazonaws.com/avatars/2017-06-28/205110093367_6705e64b9b4a8299bd1f_34.png",
    "image_44": "https://slack-files2.s3-us-west-2.amazonaws.com/avatars/2017-06-28/205110093367_6705e64b9b4a8299bd1f_44.png",
    "image_68": "https://slack-files2.s3-us-west-2.amazonaws.com/avatars/2017-06-28/205110093367_6705e64b9b4a8299bd1f_68.png",
    "image_88": "https://slack-files2.s3-us-west-2.amazonaws.com/avatars/2017-06-28/205110093367_6705e64b9b4a8299bd1f_88.png",
    "image_original": "https://slack-files2.s3-us-west-2.amazonaws.com/avatars/2017-06-28/205110093367_6705e64b9b4a8299bd1f_original.png"
  },
  "teamId": "T5YEC6G73"
}
[05/01/18, 17:42:21:887] info: Store: UPDATE_TEAM_LOCALE
{
  "locale": "en-US",
  "teamId": "T5YEC6G73"
}
[05/01/18, 17:42:21:888] info: Store: UPSERT_WEB_CONTENTS
{
  "id": 3,
  "state": "webapp-loaded",
  "teamId": "T5YEC6G73"
}
[05/01/18, 17:42:21:908] info: Store: STORE_API_TOKEN
{
  "teamId": "T5YEC6G73",
  "token": "xoxs-⋯"
}
[05/01/18, 17:42:22:312] info: Raw Locale list: ["C","en_US.utf8","POSIX",""]
[05/01/18, 17:42:22:312] info: Filtered Locale list: ["en_US"]
[05/01/18, 17:42:22:313] info: Counts: {"en":["en_US"]}
[05/01/18, 17:42:22:313] info: Setting en
[05/01/18, 17:42:22:314] info: Result: {"en":"en-US"}
[05/01/18, 17:42:22:316] info: Requesting to load ja-JP, alternatives are ["ja-JP","ja-JP","ja-JP"]
[05/01/18, 17:42:22:317] info: Loading dictionary for language ja-JP
[05/01/18, 17:42:22:317] info: Actually downloading https://redirector.gvt1.com/edgedl/chrome/dict/ja-jp-3-0.bdic
[05/01/18, 17:42:25:449] info: Loading dictionary for language ja-JP
[05/01/18, 17:42:25:450] info: Returning local copy: /home/nitoli/.config/Slack/dictionaries/ja-JP.bdic
[05/01/18, 17:42:25:456] info: Failed to read file /home/nitoli/.config/Slack/dictionaries/ja-JP.bdic: File exists but is most likely bogus
[05/01/18, 17:42:25:458] info: Actually downloading https://redirector.gvt1.com/edgedl/chrome/dict/ja-jp-3-0.bdic
[05/01/18, 17:42:29:189] info: Loading dictionary for language ja-JP
[05/01/18, 17:42:29:189] info: Returning local copy: /home/nitoli/.config/Slack/dictionaries/ja-JP.bdic
[05/01/18, 17:42:29:192] info: Failed to read file /home/nitoli/.config/Slack/dictionaries/ja-JP.bdic: File exists but is most likely bogus
[05/01/18, 17:42:29:193] info: Actually downloading https://redirector.gvt1.com/edgedl/chrome/dict/ja-jp-3-0.bdic
[05/01/18, 17:42:30:711] info: dictionary for ja-JP_ja-JP is not available
[05/01/18, 17:42:30:713] info: Actually installing spell check provider to Electron
[05/01/18, 17:44:58:784] error: May-1 17:44:58.784 T5YEC6G73 SOCKET-MANAGER: Closing socket because #4108: unexpected socket closure
[05/01/18, 17:45:37:699] error: May-1 17:45:37.699 T5YEC6G73 SOCKET-MANAGER: Closing socket because #4108: unexpected socket closure
[05/01/18, 17:46:07:716] error: May-1 17:46:07.716 T5YEC6G73 SOCKET-MANAGER: Closing socket because we spent 30000 ms in wait_for_connectivity state; giving up
[05/01/18, 17:48:16:091] info: Unloading spellchecker
[05/01/18, 17:48:16:092] info: Store: SET_FULL_SCREEN
[05/01/18, 17:49:08:307] error: May-1 17:49:08.306 T5YEC6G73 SOCKET-MANAGER: Closing socket because #4105: client went offline
[05/01/18, 17:52:39:031] info: Store: SET_NETWORK_STATUS offline
[05/01/18, 17:52:50:353] info: Store: UPDATE_TEAM_ICONS
{
  "icons": {
    "image_102": "https://slack-files2.s3-us-west-2.amazonaws.com/avatars/2017-06-28/205110093367_6705e64b9b4a8299bd1f_102.png",
    "image_132": "https://slack-files2.s3-us-west-2.amazonaws.com/avatars/2017-06-28/205110093367_6705e64b9b4a8299bd1f_132.png",
    "image_230": "https://slack-files2.s3-us-west-2.amazonaws.com/avatars/2017-06-28/205110093367_6705e64b9b4a8299bd1f_230.png",
    "image_34": "https://slack-files2.s3-us-west-2.amazonaws.com/avatars/2017-06-28/205110093367_6705e64b9b4a8299bd1f_34.png",
    "image_44": "https://slack-files2.s3-us-west-2.amazonaws.com/avatars/2017-06-28/205110093367_6705e64b9b4a8299bd1f_44.png",
    "image_68": "https://slack-files2.s3-us-west-2.amazonaws.com/avatars/2017-06-28/205110093367_6705e64b9b4a8299bd1f_68.png",
    "image_88": "https://slack-files2.s3-us-west-2.amazonaws.com/avatars/2017-06-28/205110093367_6705e64b9b4a8299bd1f_88.png",
    "image_original": "https://slack-files2.s3-us-west-2.amazonaws.com/avatars/2017-06-28/205110093367_6705e64b9b4a8299bd1f_original.png"
  },
  "teamId": "T5YEC6G73"
}
[05/01/18, 17:52:50:354] info: Store: UPDATE_TEAM_LOCALE
{
  "locale": "en-US",
  "teamId": "T5YEC6G73"
}
[05/01/18, 17:52:54:577] info: Store: SET_NETWORK_STATUS online
[05/01/18, 17:53:13:528] info: Store: UPDATE_TEAM_ICONS
{
  "icons": {
    "image_102": "https://slack-files2.s3-us-west-2.amazonaws.com/avatars/2015-01-14/3400695805_06e3ed8a8ae7228d7c54_102.jpg",
    "image_132": "https://slack-files2.s3-us-west-2.amazonaws.com/avatars/2015-01-14/3400695805_06e3ed8a8ae7228d7c54_132.jpg",
    "image_230": "https://slack-files2.s3-us-west-2.amazonaws.com/avatars/2015-01-14/3400695805_06e3ed8a8ae7228d7c54_132.jpg",
    "image_34": "https://slack-files2.s3-us-west-2.amazonaws.com/avatars/2015-01-14/3400695805_06e3ed8a8ae7228d7c54_34.jpg",
    "image_44": "https://slack-files2.s3-us-west-2.amazonaws.com/avatars/2015-01-14/3400695805_06e3ed8a8ae7228d7c54_44.jpg",
    "image_68": "https://slack-files2.s3-us-west-2.amazonaws.com/avatars/2015-01-14/3400695805_06e3ed8a8ae7228d7c54_68.jpg",
    "image_88": "https://slack-files2.s3-us-west-2.amazonaws.com/avatars/2015-01-14/3400695805_06e3ed8a8ae7228d7c54_88.jpg",
    "image_original": "https://slack-files2.s3-us-west-2.amazonaws.com/avatars/2015-01-14/3400695805_06e3ed8a8ae7228d7c54_original.jpg"
  },
  "teamId": "T02R0MMHK"
}
[05/01/18, 17:53:13:669] info: Store: UPDATE_TEAM_LOCALE
{
  "locale": "en-US",
  "teamId": "T02R0MMHK"
}
[05/01/18, 17:53:17:409] info: Store: UPDATE_TEAM_ICONS
{
  "icons": {
    "image_102": "https://slack-files2.s3-us-west-2.amazonaws.com/avatars/2017-03-15/154610708258_f98e05c23845866960a5_102.png",
    "image_132": "https://slack-files2.s3-us-west-2.amazonaws.com/avatars/2017-03-15/154610708258_f98e05c23845866960a5_132.png",
    "image_230": "https://slack-files2.s3-us-west-2.amazonaws.com/avatars/2017-03-15/154610708258_f98e05c23845866960a5_230.png",
    "image_34": "https://slack-files2.s3-us-west-2.amazonaws.com/avatars/2017-03-15/154610708258_f98e05c23845866960a5_34.png",
    "image_44": "https://slack-files2.s3-us-west-2.amazonaws.com/avatars/2017-03-15/154610708258_f98e05c23845866960a5_44.png",
    "image_68": "https://slack-files2.s3-us-west-2.amazonaws.com/avatars/2017-03-15/154610708258_f98e05c23845866960a5_68.png",
    "image_88": "https://slack-files2.s3-us-west-2.amazonaws.com/avatars/2017-03-15/154610708258_f98e05c23845866960a5_88.png",
    "image_original": "https://slack-files2.s3-us-west-2.amazonaws.com/avatars/2017-03-15/154610708258_f98e05c23845866960a5_original.png"
  },
  "teamId": "T4HEMM0UR"
}
[05/01/18, 17:53:17:674] info: Store: UPDATE_TEAM_LOCALE
{
  "locale": "ja-JP",
  "teamId": "T4HEMM0UR"
}
