[05/05/18, 01:27:20:942] info: ╔════════════════════════════════════════════════════════════════════════════╗
[05/05/18, 01:27:20:943] info: ║      Slack 3.1.1, linux 4.16.6-1-zen on x64 at 05/05/18, 01:27:20:914      ║
[05/05/18, 01:27:20:946] info: ╚════════════════════════════════════════════════════════════════════════════╝
[05/05/18, 01:27:21:342] info: Initializing local storage instance at path: /home/nitoli/.config/Slack/local-settings.json
[05/05/18, 01:27:22:775] error: Calls failed to load, bailing
[05/05/18, 01:27:22:792] info: cld3::loadModule: loading cld3 module
[05/05/18, 01:27:22:888] info: cld3Loader::loadModule: running environment is NODE
[05/05/18, 01:27:22:888] info: cld3Loader::loadModule: constructed module object for runtime
[05/05/18, 01:27:23:384] info: cld3Loader::initializeRuntime: successfully initialized module
[05/05/18, 01:27:23:384] info: cld3Loader::loadModule: initialized wasm binary Runtime
[05/05/18, 01:27:23:408] warn: updateSpellcheckerLanguage: Tried to update language, but spellchecker not initialized
[05/05/18, 01:27:23:409] info: SSBIntegration: Main window preload script loaded 3554.972091
[05/05/18, 01:27:33:192] info: Store: SELECT_CHANNEL DAHC8TMSR
[05/05/18, 01:27:33:206] info: Store: UPDATE_TEAM_LOCALE
{
  "locale": "en-US"
}
[05/05/18, 01:27:33:208] info: Store: UPDATE_SETTINGS
{
  "locale": "en-US"
}
[05/05/18, 01:27:33:209] info: Store: SELECT_CHANNEL C8Y1H7TEE
[05/05/18, 01:27:33:209] info: Store: UPDATE_TEAM_LOCALE
{
  "locale": "en-US"
}
[05/05/18, 01:27:33:416] info: Store: UPSERT_WEB_CONTENTS
{
  "id": 3,
  "state": "loaded",
  "teamId": "T02R0MMHK"
}
[05/05/18, 01:27:33:481] info: Store: UPSERT_WEB_CONTENTS
{
  "id": 4,
  "state": "loaded",
  "teamId": "T5YEC6G73"
}
[05/05/18, 01:27:33:483] info: Store: SELECT_CHANNEL C4JRHEQB1
[05/05/18, 01:27:33:483] info: Store: UPDATE_TEAM_LOCALE
{
  "locale": "ja-JP"
}
[05/05/18, 01:27:33:484] info: Store: SELECT_CHANNEL G7GGG2GPN
[05/05/18, 01:27:33:501] info: Store: SELECT_CHANNEL C0GFH3RHU
[05/05/18, 01:27:33:501] info: Store: UPDATE_TEAM_LOCALE
{
  "locale": "ja-JP"
}
[05/05/18, 01:27:33:502] info: Store: UPDATE_TEAM_LOCALE
{
  "locale": "ja-JP"
}
[05/05/18, 01:27:33:502] info: Store: UPDATE_TEAM_LOCALE
{
  "locale": "en-US"
}
[05/05/18, 01:27:33:502] info: Store: UPSERT_WEB_CONTENTS
{
  "id": 4,
  "state": "webapp-loaded",
  "teamId": "T5YEC6G73"
}
[05/05/18, 01:27:33:822] info: Store: UPDATE_SESSION_STATUS
{
  "hasValidSession": true,
  "teamId": "T5YEC6G73"
}
[05/05/18, 01:27:33:823] info: Store: UPDATE_SESSION_STATUS
{
  "hasValidSession": true,
  "teamId": "T02R0MMHK"
}
[05/05/18, 01:27:33:835] info: Store: UPSERT_WEB_CONTENTS
{
  "id": 5,
  "state": "loaded",
  "teamId": "T4HEMM0UR"
}
[05/05/18, 01:27:33:836] info: Store: UPDATE_TEAM_THEME
{
  "teamId": "T5YEC6G73",
  "theme": {
    "active_item": "#4C9689",
    "active_item_text": "#FFFFFF",
    "active_presence": "#38978D",
    "badge": "#EB4D5C",
    "column_bg": "#4D394B",
    "hover_item": "#3E313C",
    "menu_bg": "#3E313C",
    "text_color": "#FFFFFF"
  }
}
[05/05/18, 01:27:33:837] info: Store: STORE_API_TOKEN
{
  "teamId": "T5YEC6G73",
  "token": "xoxs-⋯"
}
[05/05/18, 01:27:33:839] info: Store: UPDATE_TEAM_ICONS
{
  "icons": {
    "image_102": "https://slack-files2.s3-us-west-2.amazonaws.com/avatars/2017-06-28/205110093367_6705e64b9b4a8299bd1f_102.png",
    "image_132": "https://slack-files2.s3-us-west-2.amazonaws.com/avatars/2017-06-28/205110093367_6705e64b9b4a8299bd1f_132.png",
    "image_230": "https://slack-files2.s3-us-west-2.amazonaws.com/avatars/2017-06-28/205110093367_6705e64b9b4a8299bd1f_230.png",
    "image_34": "https://slack-files2.s3-us-west-2.amazonaws.com/avatars/2017-06-28/205110093367_6705e64b9b4a8299bd1f_34.png",
    "image_44": "https://slack-files2.s3-us-west-2.amazonaws.com/avatars/2017-06-28/205110093367_6705e64b9b4a8299bd1f_44.png",
    "image_68": "https://slack-files2.s3-us-west-2.amazonaws.com/avatars/2017-06-28/205110093367_6705e64b9b4a8299bd1f_68.png",
    "image_88": "https://slack-files2.s3-us-west-2.amazonaws.com/avatars/2017-06-28/205110093367_6705e64b9b4a8299bd1f_88.png",
    "image_original": "https://slack-files2.s3-us-west-2.amazonaws.com/avatars/2017-06-28/205110093367_6705e64b9b4a8299bd1f_original.png"
  },
  "teamId": "T5YEC6G73"
}
[05/05/18, 01:27:33:842] info: Store: UPSERT_WEB_CONTENTS
{
  "id": 6,
  "state": "loaded",
  "teamId": "T5LFW0CUB"
}
[05/05/18, 01:27:33:843] info: Store: UPSERT_WEB_CONTENTS
{
  "id": 7,
  "state": "loaded",
  "teamId": "T0GFBAM8C"
}
[05/05/18, 01:27:33:843] info: Store: UPDATE_TEAM_LOCALE
{
  "locale": "en-US"
}
[05/05/18, 01:27:33:844] info: Store: UPSERT_WEB_CONTENTS
{
  "id": 3,
  "state": "webapp-loaded",
  "teamId": "T02R0MMHK"
}
[05/05/18, 01:27:33:846] info: Store: UPDATE_TEAM_LOCALE
{
  "locale": "ja-JP"
}
[05/05/18, 01:27:33:854] info: Store: UPSERT_WEB_CONTENTS
{
  "id": 5,
  "state": "webapp-loaded",
  "teamId": "T4HEMM0UR"
}
[05/05/18, 01:27:33:890] info: Store: UPDATE_SESSION_STATUS
{
  "hasValidSession": true,
  "teamId": "T5LFW0CUB"
}
[05/05/18, 01:27:33:896] info: Store: STORE_API_TOKEN
{
  "teamId": "T4HEMM0UR",
  "token": "xoxs-⋯"
}
[05/05/18, 01:27:33:898] info: Store: UPDATE_TEAM_LOCALE
{
  "locale": "ja-JP"
}
[05/05/18, 01:27:33:904] info: Store: UPSERT_WEB_CONTENTS
{
  "id": 6,
  "state": "webapp-loaded",
  "teamId": "T5LFW0CUB"
}
[05/05/18, 01:27:33:913] info: Store: UPDATE_TEAM_THEME
{
  "teamId": "T02R0MMHK",
  "theme": {
    "active_item": "#4C9689",
    "active_item_text": "#FFFFFF",
    "active_presence": "#38978D",
    "badge": "#EB4D5C",
    "column_bg": "#4D394B",
    "hover_item": "#3E313C",
    "menu_bg": "#3E313C",
    "text_color": "#FFFFFF"
  }
}
[05/05/18, 01:27:33:922] info: Store: UPDATE_SESSION_STATUS
{
  "hasValidSession": true,
  "teamId": "T4HEMM0UR"
}
[05/05/18, 01:27:33:926] info: Store: UPDATE_TEAM_LOCALE
{
  "locale": "ja-JP"
}
[05/05/18, 01:27:33:926] info: Store: UPSERT_WEB_CONTENTS
{
  "id": 7,
  "state": "webapp-loaded",
  "teamId": "T0GFBAM8C"
}
[05/05/18, 01:27:33:929] info: Store: UPDATE_TEAM_THEME
{
  "teamId": "T5LFW0CUB",
  "theme": {
    "active_item": "#4C9689",
    "active_item_text": "#FFFFFF",
    "active_presence": "#38978D",
    "badge": "#EB4D5C",
    "column_bg": "#4D394B",
    "hover_item": "#3E313C",
    "menu_bg": "#3E313C",
    "text_color": "#FFFFFF"
  }
}
[05/05/18, 01:27:33:932] info: Store: STORE_API_TOKEN
{
  "teamId": "T5LFW0CUB",
  "token": "xoxs-⋯"
}
[05/05/18, 01:27:34:052] info: Store: UPDATE_SESSION_STATUS
{
  "hasValidSession": true,
  "teamId": "T0GFBAM8C"
}
[05/05/18, 01:27:34:053] info: Store: STORE_API_TOKEN
{
  "teamId": "T02R0MMHK",
  "token": "xoxs-⋯"
}
[05/05/18, 01:27:34:055] info: Store: UPDATE_TEAM_THEME
{
  "teamId": "T0GFBAM8C",
  "theme": {
    "active_item": "#4C9689",
    "active_item_text": "#FFFFFF",
    "active_presence": "#38978D",
    "badge": "#EB4D5C",
    "column_bg": "#4D394B",
    "hover_item": "#3E313C",
    "menu_bg": "#3E313C",
    "text_color": "#FFFFFF"
  }
}
[05/05/18, 01:27:34:072] info: Store: UPDATE_TEAM_ICONS
{
  "icons": {
    "image_102": "https://slack-files2.s3-us-west-2.amazonaws.com/avatars/2015-01-14/3400695805_06e3ed8a8ae7228d7c54_102.jpg",
    "image_132": "https://slack-files2.s3-us-west-2.amazonaws.com/avatars/2015-01-14/3400695805_06e3ed8a8ae7228d7c54_132.jpg",
    "image_230": "https://slack-files2.s3-us-west-2.amazonaws.com/avatars/2015-01-14/3400695805_06e3ed8a8ae7228d7c54_132.jpg",
    "image_34": "https://slack-files2.s3-us-west-2.amazonaws.com/avatars/2015-01-14/3400695805_06e3ed8a8ae7228d7c54_34.jpg",
    "image_44": "https://slack-files2.s3-us-west-2.amazonaws.com/avatars/2015-01-14/3400695805_06e3ed8a8ae7228d7c54_44.jpg",
    "image_68": "https://slack-files2.s3-us-west-2.amazonaws.com/avatars/2015-01-14/3400695805_06e3ed8a8ae7228d7c54_68.jpg",
    "image_88": "https://slack-files2.s3-us-west-2.amazonaws.com/avatars/2015-01-14/3400695805_06e3ed8a8ae7228d7c54_88.jpg",
    "image_original": "https://slack-files2.s3-us-west-2.amazonaws.com/avatars/2015-01-14/3400695805_06e3ed8a8ae7228d7c54_original.jpg"
  },
  "teamId": "T02R0MMHK"
}
[05/05/18, 01:27:34:094] info: Store: STORE_API_TOKEN
{
  "teamId": "T0GFBAM8C",
  "token": "xoxs-⋯"
}
[05/05/18, 01:27:34:098] info: Store: UPDATE_TEAM_ICONS
{
  "icons": {
    "image_102": "https://slack-files2.s3-us-west-2.amazonaws.com/avatars/2017-03-15/154610708258_f98e05c23845866960a5_102.png",
    "image_132": "https://slack-files2.s3-us-west-2.amazonaws.com/avatars/2017-03-15/154610708258_f98e05c23845866960a5_132.png",
    "image_230": "https://slack-files2.s3-us-west-2.amazonaws.com/avatars/2017-03-15/154610708258_f98e05c23845866960a5_230.png",
    "image_34": "https://slack-files2.s3-us-west-2.amazonaws.com/avatars/2017-03-15/154610708258_f98e05c23845866960a5_34.png",
    "image_44": "https://slack-files2.s3-us-west-2.amazonaws.com/avatars/2017-03-15/154610708258_f98e05c23845866960a5_44.png",
    "image_68": "https://slack-files2.s3-us-west-2.amazonaws.com/avatars/2017-03-15/154610708258_f98e05c23845866960a5_68.png",
    "image_88": "https://slack-files2.s3-us-west-2.amazonaws.com/avatars/2017-03-15/154610708258_f98e05c23845866960a5_88.png",
    "image_original": "https://slack-files2.s3-us-west-2.amazonaws.com/avatars/2017-03-15/154610708258_f98e05c23845866960a5_original.png"
  },
  "teamId": "T4HEMM0UR"
}
[05/05/18, 01:27:34:099] info: Store: UPDATE_TEAM_ICONS
{
  "icons": {
    "image_102": "https://slack-files2.s3-us-west-2.amazonaws.com/avatars/2015-12-19/17054493216_07addcfb3fb1718cbba4_102.png",
    "image_132": "https://slack-files2.s3-us-west-2.amazonaws.com/avatars/2015-12-19/17054493216_07addcfb3fb1718cbba4_132.png",
    "image_230": "https://slack-files2.s3-us-west-2.amazonaws.com/avatars/2015-12-19/17054493216_07addcfb3fb1718cbba4_132.png",
    "image_34": "https://slack-files2.s3-us-west-2.amazonaws.com/avatars/2015-12-19/17054493216_07addcfb3fb1718cbba4_34.png",
    "image_44": "https://slack-files2.s3-us-west-2.amazonaws.com/avatars/2015-12-19/17054493216_07addcfb3fb1718cbba4_44.png",
    "image_68": "https://slack-files2.s3-us-west-2.amazonaws.com/avatars/2015-12-19/17054493216_07addcfb3fb1718cbba4_68.png",
    "image_88": "https://slack-files2.s3-us-west-2.amazonaws.com/avatars/2015-12-19/17054493216_07addcfb3fb1718cbba4_88.png",
    "image_original": "https://slack-files2.s3-us-west-2.amazonaws.com/avatars/2015-12-19/17054493216_07addcfb3fb1718cbba4_original.png"
  },
  "teamId": "T0GFBAM8C"
}
[05/05/18, 01:27:34:102] info: Store: UPDATE_TEAM_ICONS
{
  "icons": {
    "image_102": "https://slack-files2.s3-us-west-2.amazonaws.com/avatars/2017-08-21/229801110004_7754c1684d8336d012c4_102.jpg",
    "image_132": "https://slack-files2.s3-us-west-2.amazonaws.com/avatars/2017-08-21/229801110004_7754c1684d8336d012c4_132.jpg",
    "image_230": "https://slack-files2.s3-us-west-2.amazonaws.com/avatars/2017-08-21/229801110004_7754c1684d8336d012c4_230.jpg",
    "image_34": "https://slack-files2.s3-us-west-2.amazonaws.com/avatars/2017-08-21/229801110004_7754c1684d8336d012c4_34.jpg",
    "image_44": "https://slack-files2.s3-us-west-2.amazonaws.com/avatars/2017-08-21/229801110004_7754c1684d8336d012c4_44.jpg",
    "image_68": "https://slack-files2.s3-us-west-2.amazonaws.com/avatars/2017-08-21/229801110004_7754c1684d8336d012c4_68.jpg",
    "image_88": "https://slack-files2.s3-us-west-2.amazonaws.com/avatars/2017-08-21/229801110004_7754c1684d8336d012c4_88.jpg",
    "image_original": "https://slack-files2.s3-us-west-2.amazonaws.com/avatars/2017-08-21/229801110004_7754c1684d8336d012c4_original.jpg"
  },
  "teamId": "T5LFW0CUB"
}
[05/05/18, 01:27:34:102] info: Store: UPDATE_TEAM_THEME
{
  "teamId": "T4HEMM0UR",
  "theme": {
    "active_item": "#4C9689",
    "active_item_text": "#FFFFFF",
    "active_presence": "#38978D",
    "badge": "#EB4D5C",
    "column_bg": "#4D394B",
    "hover_item": "#3E313C",
    "menu_bg": "#3E313C",
    "text_color": "#FFFFFF"
  }
}
[05/05/18, 01:27:35:361] info: Couldn't detect language for text of length '905': Not enough reliable text, ignoring sample
[05/05/18, 01:28:30:192] info: Unloading spellchecker
[05/05/18, 01:28:30:194] info: Unloading spellchecker
[05/05/18, 01:28:51:817] info: Unloading spellchecker
[05/05/18, 01:28:51:822] info: Unloading spellchecker
[05/05/18, 01:28:55:396] info: Unloading spellchecker
[05/05/18, 01:28:55:399] info: Unloading spellchecker
[05/05/18, 01:29:48:972] info: Unloading spellchecker
[05/05/18, 01:29:48:974] info: Unloading spellchecker
[05/05/18, 01:30:26:707] info: Unloading spellchecker
[05/05/18, 01:30:26:752] info: Store: MAIN_WINDOW_FOCUSED
[05/05/18, 01:30:26:836] info: Store: SELECT_TEAM T5YEC6G73
[05/05/18, 01:30:26:871] info: Unloading spellchecker
[05/05/18, 01:30:26:874] info: Unloading spellchecker
[05/05/18, 01:32:10:632] info: Store: MAIN_WINDOW_FOCUSED
[05/05/18, 01:32:10:725] info: Store: SELECT_TEAM T02R0MMHK
[05/05/18, 01:33:28:386] info: Unloading spellchecker
[05/05/18, 01:33:28:388] info: Unloading spellchecker
[05/04/18, 16:34:24:799] info: Unloading spellchecker
[05/04/18, 16:34:24:810] info: Unloading spellchecker
[05/04/18, 16:37:23:075] info: Unloading spellchecker
[05/04/18, 16:37:23:123] info: Unloading spellchecker
[05/04/18, 16:44:18:185] info: Unloading spellchecker
[05/04/18, 16:44:18:192] info: Unloading spellchecker
[05/04/18, 17:03:36:043] info: Unloading spellchecker
[05/04/18, 17:03:36:043] info: Store: SET_FULL_SCREEN
[05/04/18, 19:58:29:048] info: Store: FOREGROUND_APP
[05/04/18, 19:58:29:134] info: Store: MAIN_WINDOW_FOCUSED
[05/04/18, 19:58:32:100] info: Unloading spellchecker
[05/04/18, 19:58:32:124] info: Store: MAIN_WINDOW_FOCUSED
[05/04/18, 19:58:32:219] info: Store: SELECT_TEAM T5YEC6G73
[05/04/18, 19:58:32:242] info: Unloading spellchecker
[05/04/18, 19:58:32:246] info: Unloading spellchecker
[05/04/18, 19:59:44:146] info: Store: MAIN_WINDOW_FOCUSED
[05/04/18, 19:59:44:250] info: Store: SELECT_TEAM T02R0MMHK
[05/04/18, 19:59:53:257] info: Unloading spellchecker
[05/04/18, 20:12:05:071] info: Store: NEW_NOTIFICATION
{
  "avatarImage": "https://ca.slack-edge.com/T5LFW0CUB-USLACKBOT-sv1444671949-512",
  "channel": "DAGCR0QAV",
  "content": "[REDACTED]",
  "id": "ZV9jsMhyLMWvXA4",
  "imageUri": null,
  "launchUri": "slack://channel?id=DAGCR0QAV&message=1525432324.000339&team=T5LFW0CUB",
  "msg": "1525432324.000339",
  "silent": true,
  "subtitle": "",
  "teamId": "T5LFW0CUB",
  "title": "[REDACTED]"
}
[05/04/18, 20:12:17:565] info: Store: FOREGROUND_APP
[05/04/18, 20:12:17:647] info: Store: MAIN_WINDOW_FOCUSED
[05/04/18, 20:12:19:410] info: Unloading spellchecker
[05/04/18, 20:12:19:411] info: Store: MAIN_WINDOW_FOCUSED
[05/04/18, 20:12:19:483] info: Store: SELECT_TEAM T5LFW0CUB
[05/04/18, 20:12:19:489] info: Unloading spellchecker
[05/04/18, 20:12:19:490] info: Unloading spellchecker
[05/04/18, 20:12:19:493] info: Store: UPDATE_SETTINGS
{
  "locale": "ja-JP"
}
[05/04/18, 20:12:19:494] info: TranslationLookup: locale set to ja-JP for renderer
[05/04/18, 20:12:21:421] info: Store: SELECT_CHANNEL DAGCR0QAV
[05/04/18, 20:13:34:765] info: Store: MAIN_WINDOW_FOCUSED
[05/04/18, 20:13:34:894] info: Store: SELECT_TEAM T4HEMM0UR
[05/04/18, 20:13:49:046] info: Store: MAIN_WINDOW_FOCUSED
[05/04/18, 20:13:49:153] info: Store: SELECT_TEAM T02R0MMHK
[05/04/18, 20:13:49:171] info: Store: UPDATE_SETTINGS
{
  "locale": "en-US"
}
[05/04/18, 20:13:49:171] info: TranslationLookup: locale set to en-US for renderer
[05/04/18, 20:14:02:572] info: Unloading spellchecker
[05/04/18, 20:14:02:594] info: Store: MAIN_WINDOW_FOCUSED
[05/04/18, 20:14:02:697] info: Store: SELECT_TEAM T5YEC6G73
[05/04/18, 20:14:02:705] info: Unloading spellchecker
[05/04/18, 20:14:02:706] info: Unloading spellchecker
[05/04/18, 20:14:18:865] info: Store: MAIN_WINDOW_FOCUSED
[05/04/18, 20:14:18:972] info: Store: SELECT_TEAM T0GFBAM8C
[05/04/18, 20:14:18:980] info: Store: UPDATE_SETTINGS
{
  "locale": "ja-JP"
}
[05/04/18, 20:14:18:981] info: TranslationLookup: locale set to ja-JP for renderer
[05/04/18, 20:14:35:474] info: Store: MAIN_WINDOW_FOCUSED
[05/04/18, 20:14:35:878] info: Store: SELECT_TEAM T02R0MMHK
[05/04/18, 20:14:35:902] info: Store: UPDATE_SETTINGS
{
  "locale": "en-US"
}
[05/04/18, 20:14:35:903] info: TranslationLookup: locale set to en-US for renderer
[05/04/18, 20:14:37:652] info: Unloading spellchecker
[05/04/18, 20:14:37:667] info: Store: MAIN_WINDOW_FOCUSED
[05/04/18, 20:14:37:764] info: Store: SELECT_TEAM T5YEC6G73
[05/04/18, 20:14:37:777] info: Unloading spellchecker
[05/04/18, 20:14:37:781] info: Unloading spellchecker
[05/04/18, 20:14:38:855] info: Store: MAIN_WINDOW_FOCUSED
[05/04/18, 20:14:38:981] info: Store: SELECT_TEAM T02R0MMHK
[05/04/18, 20:14:39:807] info: Unloading spellchecker
[05/04/18, 20:14:39:835] info: Store: MAIN_WINDOW_FOCUSED
[05/04/18, 20:14:39:948] info: Store: SELECT_TEAM T4HEMM0UR
[05/04/18, 20:14:39:968] info: Unloading spellchecker
[05/04/18, 20:14:39:970] info: Unloading spellchecker
[05/04/18, 20:14:39:989] info: Store: UPDATE_SETTINGS
{
  "locale": "ja-JP"
}
[05/04/18, 20:14:39:990] info: TranslationLookup: locale set to ja-JP for renderer
[05/04/18, 20:14:41:275] info: Store: MAIN_WINDOW_FOCUSED
[05/04/18, 20:14:41:396] info: Store: SELECT_TEAM T5LFW0CUB
[05/04/18, 20:14:45:809] info: Store: MAIN_WINDOW_FOCUSED
[05/04/18, 20:14:46:018] info: Store: SELECT_TEAM T0GFBAM8C
[05/04/18, 20:14:47:119] info: Store: MAIN_WINDOW_FOCUSED
[05/04/18, 20:14:47:610] info: Store: MAIN_WINDOW_FOCUSED
[05/04/18, 20:14:47:882] info: Store: SELECT_TEAM T4HEMM0UR
[05/04/18, 20:55:09:133] info: Store: NEW_NOTIFICATION
{
  "avatarImage": "https://ca.slack-edge.com/T5YEC6G73-U5Z2SMFB6-65b51f7cdf65-512",
  "channel": "C8Y1H7TEE",
  "content": "[REDACTED]",
  "id": "RoyghrhOwXnv232",
  "imageUri": null,
  "launchUri": "slack://channel?id=C8Y1H7TEE&message=1525434908.000459&team=T5YEC6G73",
  "msg": "1525434908.000459",
  "silent": true,
  "subtitle": "",
  "teamId": "T5YEC6G73",
  "title": "[REDACTED]"
}
[05/04/18, 20:55:22:251] info: Store: FOREGROUND_APP
[05/04/18, 20:55:29:758] info: Store: MAIN_WINDOW_FOCUSED
[05/04/18, 20:55:34:219] info: Store: MAIN_WINDOW_FOCUSED
[05/04/18, 20:55:34:335] info: Store: SELECT_TEAM T5YEC6G73
[05/04/18, 20:55:34:358] info: Store: UPDATE_SETTINGS
{
  "locale": "en-US"
}
[05/04/18, 20:55:34:360] info: TranslationLookup: locale set to en-US for renderer
[05/04/18, 21:16:26:522] info: Store: NEW_NOTIFICATION
{
  "avatarImage": "https://ca.slack-edge.com/T5YEC6G73-U5Z2SMFB6-65b51f7cdf65-512",
  "channel": "C8Y1H7TEE",
  "content": "[REDACTED]",
  "id": "G5kZSBiQDrAv44g",
  "imageUri": null,
  "launchUri": "slack://channel?id=C8Y1H7TEE&message=1525436186.000104&team=T5YEC6G73",
  "msg": "1525436186.000104",
  "silent": true,
  "subtitle": "",
  "teamId": "T5YEC6G73",
  "title": "[REDACTED]"
}
[05/04/18, 21:16:38:586] info: Store: FOREGROUND_APP
[05/04/18, 21:16:38:599] info: Store: MAIN_WINDOW_FOCUSED
[05/04/18, 21:20:40:657] info: Store: NEW_NOTIFICATION
{
  "avatarImage": "https://ca.slack-edge.com/T5YEC6G73-U60Q04VT6-a7586f1eca91-512",
  "channel": "C8Y1H7TEE",
  "content": "[REDACTED]",
  "id": "Oyv7f5sr1WyVD13",
  "imageUri": null,
  "launchUri": "slack://channel?id=C8Y1H7TEE&message=1525436440.000119&team=T5YEC6G73",
  "msg": "1525436440.000119",
  "silent": true,
  "subtitle": "",
  "teamId": "T5YEC6G73",
  "title": "[REDACTED]"
}
[05/04/18, 21:22:03:766] info: Store: NEW_NOTIFICATION
{
  "avatarImage": "https://ca.slack-edge.com/T5YEC6G73-U5Z2SMFB6-65b51f7cdf65-512",
  "channel": "C8Y1H7TEE",
  "content": "[REDACTED]",
  "id": "nrAZc6tZqvAyXy2",
  "imageUri": null,
  "launchUri": "slack://channel?id=C8Y1H7TEE&message=1525436523.000128&team=T5YEC6G73",
  "msg": "1525436523.000128",
  "silent": true,
  "subtitle": "",
  "teamId": "T5YEC6G73",
  "title": "[REDACTED]"
}
[05/04/18, 21:24:18:304] info: Store: NEW_NOTIFICATION
{
  "avatarImage": "https://ca.slack-edge.com/T5YEC6G73-U5Z2SMFB6-65b51f7cdf65-512",
  "channel": "C8Y1H7TEE",
  "content": "[REDACTED]",
  "id": "rRG0I2uykLppzLG",
  "imageUri": null,
  "launchUri": "slack://channel?id=C8Y1H7TEE&message=1525436657.000456&team=T5YEC6G73",
  "msg": "1525436657.000456",
  "silent": true,
  "subtitle": "",
  "teamId": "T5YEC6G73",
  "title": "[REDACTED]"
}
[05/04/18, 21:24:33:133] info: Store: NEW_NOTIFICATION
{
  "avatarImage": "https://ca.slack-edge.com/T5YEC6G73-U5Z2SMFB6-65b51f7cdf65-512",
  "channel": "C8Y1H7TEE",
  "content": "[REDACTED]",
  "id": "32qls9CDVOxxO0O",
  "imageUri": null,
  "launchUri": "slack://channel?id=C8Y1H7TEE&message=1525436672.000397&team=T5YEC6G73",
  "msg": "1525436672.000397",
  "silent": true,
  "subtitle": "",
  "teamId": "T5YEC6G73",
  "title": "[REDACTED]"
}
[05/04/18, 21:29:34:604] info: Store: NEW_NOTIFICATION
{
  "avatarImage": "https://ca.slack-edge.com/T5YEC6G73-U5Z2SMFB6-65b51f7cdf65-512",
  "channel": "C8Y1H7TEE",
  "content": "[REDACTED]",
  "id": "APLnsnFYKB7D7ZL",
  "imageUri": null,
  "launchUri": "slack://channel?id=C8Y1H7TEE&message=1525436974.000149&team=T5YEC6G73",
  "msg": "1525436974.000149",
  "silent": true,
  "subtitle": "",
  "teamId": "T5YEC6G73",
  "title": "[REDACTED]"
}
[05/04/18, 21:30:25:698] info: Store: NEW_NOTIFICATION
{
  "avatarImage": "https://ca.slack-edge.com/T5YEC6G73-U5Z2SMFB6-65b51f7cdf65-512",
  "channel": "C8Y1H7TEE",
  "content": "[REDACTED]",
  "id": "pQDgUyHGlxAmqy2",
  "imageUri": null,
  "launchUri": "slack://channel?id=C8Y1H7TEE&message=1525437025.000177&team=T5YEC6G73",
  "msg": "1525437025.000177",
  "silent": true,
  "subtitle": "",
  "teamId": "T5YEC6G73",
  "title": "[REDACTED]"
}
[05/04/18, 21:31:20:984] info: Store: NEW_NOTIFICATION
{
  "avatarImage": "https://ca.slack-edge.com/T5YEC6G73-U5Z2SMFB6-65b51f7cdf65-512",
  "channel": "C8Y1H7TEE",
  "content": "[REDACTED]",
  "id": "rRG0I4IykLpZKPv",
  "imageUri": null,
  "launchUri": "slack://channel?id=C8Y1H7TEE&message=1525437080.000306&team=T5YEC6G73",
  "msg": "1525437080.000306",
  "silent": true,
  "subtitle": "",
  "teamId": "T5YEC6G73",
  "title": "[REDACTED]"
}
[05/04/18, 21:32:38:550] info: Store: NEW_NOTIFICATION
{
  "avatarImage": "https://ca.slack-edge.com/T5YEC6G73-U5Z2SMFB6-65b51f7cdf65-512",
  "channel": "C8Y1H7TEE",
  "content": "[REDACTED]",
  "id": "1rojcxSXZm6j7R4",
  "imageUri": null,
  "launchUri": "slack://channel?id=C8Y1H7TEE&message=1525437158.000084&team=T5YEC6G73",
  "msg": "1525437158.000084",
  "silent": true,
  "subtitle": "",
  "teamId": "T5YEC6G73",
  "title": "[REDACTED]"
}
