[05/07/18, 18:13:15:943] info: ╔════════════════════════════════════════════════════════════════════════════╗
[05/07/18, 18:13:15:944] info: ║      Slack 3.1.1, linux 4.16.6-1-zen on x64 at 05/07/18, 18:13:15:935      ║
[05/07/18, 18:13:15:944] info: ╚════════════════════════════════════════════════════════════════════════════╝
[05/07/18, 18:13:16:260] info: Initializing local storage instance at path: /home/nitoli/.config/Slack/local-settings.json
[05/07/18, 18:13:17:244] error: Calls failed to load, bailing
[05/07/18, 18:13:17:253] info: cld3::loadModule: loading cld3 module
[05/07/18, 18:13:17:365] info: cld3Loader::loadModule: running environment is NODE
[05/07/18, 18:13:17:366] info: cld3Loader::loadModule: constructed module object for runtime
[05/07/18, 18:13:18:071] info: cld3Loader::initializeRuntime: successfully initialized module
[05/07/18, 18:13:18:071] info: cld3Loader::loadModule: initialized wasm binary Runtime
[05/07/18, 18:13:18:076] warn: updateSpellcheckerLanguage: Tried to update language, but spellchecker not initialized
[05/07/18, 18:13:18:077] info: SSBIntegration: Main window preload script loaded 2945.555241
[05/07/18, 18:13:18:088] info: Store: SET_NETWORK_STATUS online
[05/07/18, 18:13:18:095] info: Store: UPSERT_WEB_CONTENTS
{
  "id": 6,
  "state": "loaded",
  "teamId": "T5LFW0CUB"
}
[05/07/18, 18:13:18:096] info: Store: UPSERT_WEB_CONTENTS
{
  "id": 6,
  "state": "empty-page",
  "teamId": "T5LFW0CUB"
}
[05/07/18, 18:13:18:096] info: Store: UPSERT_WEB_CONTENTS
{
  "id": 6,
  "state": "page-will-navigate",
  "teamId": "T5LFW0CUB"
}
[05/07/18, 18:13:18:097] info: Store: UPSERT_WEB_CONTENTS
{
  "id": 4,
  "state": "loaded",
  "teamId": "T02R0MMHK"
}
[05/07/18, 18:13:18:098] info: Store: UPSERT_WEB_CONTENTS
{
  "id": 4,
  "state": "empty-page",
  "teamId": "T02R0MMHK"
}
[05/07/18, 18:13:18:098] info: Store: UPSERT_WEB_CONTENTS
{
  "id": 4,
  "state": "page-will-navigate",
  "teamId": "T02R0MMHK"
}
[05/07/18, 18:13:18:099] info: Store: UPDATE_SESSION_STATUS
{
  "hasValidSession": true,
  "teamId": "T5LFW0CUB"
}
[05/07/18, 18:13:18:104] info: Store: UPSERT_WEB_CONTENTS
{
  "id": 5,
  "state": "loaded",
  "teamId": "T4HEMM0UR"
}
[05/07/18, 18:13:18:109] info: Store: UPSERT_WEB_CONTENTS
{
  "id": 7,
  "state": "loaded",
  "teamId": "T0GFBAM8C"
}
[05/07/18, 18:13:18:129] info: Store: UPSERT_WEB_CONTENTS
{
  "id": 7,
  "state": "empty-page",
  "teamId": "T0GFBAM8C"
}
[05/07/18, 18:13:18:130] info: Store: UPSERT_WEB_CONTENTS
{
  "id": 5,
  "state": "empty-page",
  "teamId": "T4HEMM0UR"
}
[05/07/18, 18:13:18:131] info: Store: UPSERT_WEB_CONTENTS
{
  "id": 5,
  "state": "page-will-navigate",
  "teamId": "T4HEMM0UR"
}
[05/07/18, 18:13:18:145] info: Store: UPSERT_WEB_CONTENTS
{
  "id": 7,
  "state": "page-will-navigate",
  "teamId": "T0GFBAM8C"
}
[05/07/18, 18:13:18:151] info: Window is unloading, winssb is no longer accessible
[05/07/18, 18:13:18:178] info: Store: UPDATE_SESSION_STATUS
{
  "hasValidSession": true,
  "teamId": "T02R0MMHK"
}
[05/07/18, 18:13:18:227] info: Store: UPSERT_WEB_CONTENTS
{
  "id": 3,
  "state": "loaded",
  "teamId": "T5YEC6G73"
}
[05/07/18, 18:13:18:236] info: Store: MAIN_WINDOW_SHOWN
[05/07/18, 18:13:18:273] info: Store: UPSERT_WEB_CONTENTS
{
  "id": 3,
  "state": "empty-page",
  "teamId": "T5YEC6G73"
}
[05/07/18, 18:13:18:283] info: Store: UPSERT_WEB_CONTENTS
{
  "id": 3,
  "state": "page-will-navigate",
  "teamId": "T5YEC6G73"
}
[05/07/18, 18:13:18:487] info: Store: UPDATE_SESSION_STATUS
{
  "hasValidSession": true,
  "teamId": "T4HEMM0UR"
}
[05/07/18, 18:13:18:506] info: Store: UPDATE_SESSION_STATUS
{
  "hasValidSession": true,
  "teamId": "T0GFBAM8C"
}
[05/07/18, 18:13:19:153] info: Store: UPDATE_SESSION_STATUS
{
  "hasValidSession": true,
  "teamId": "T5YEC6G73"
}
