[04/17/18, 01:13:13:213] info: ╔══════════════════════════════════════════════════════════════════════════════╗
[04/17/18, 01:13:13:214] info: ║      Slack 3.1.1, linux 4.15.15-1-ARCH on x64 at 04/17/18, 01:13:13:209      ║
[04/17/18, 01:13:13:214] info: ╚══════════════════════════════════════════════════════════════════════════════╝
[04/17/18, 01:13:13:306] info: Initializing local storage instance at path: /home/nitoli/.config/Slack/local-settings.json
[04/17/18, 01:13:13:612] error: Calls failed to load, bailing
[04/17/18, 01:13:13:614] info: cld3::loadModule: loading cld3 module
[04/17/18, 01:13:13:636] info: cld3Loader::loadModule: running environment is NODE
[04/17/18, 01:13:13:637] info: cld3Loader::loadModule: constructed module object for runtime
[04/17/18, 01:13:13:884] info: cld3Loader::initializeRuntime: successfully initialized module
[04/17/18, 01:13:13:884] info: cld3Loader::loadModule: initialized wasm binary Runtime
[04/17/18, 01:13:13:888] warn: updateSpellcheckerLanguage: Tried to update language, but spellchecker not initialized
[04/17/18, 01:13:13:888] info: TranslationLookup: locale set to ja-JP for renderer
[04/17/18, 01:13:13:888] info: SSBIntegration: Main window preload script loaded 986.665155
[04/17/18, 01:13:16:474] info: Store: UPSERT_WEB_CONTENTS
{
  "id": 3,
  "state": "loaded",
  "teamId": "T5YEC6G73"
}
[04/17/18, 01:13:16:479] info: Store: MAIN_WINDOW_SHOWN
[04/17/18, 01:13:16:741] info: Store: UPDATE_SESSION_STATUS
{
  "hasValidSession": true,
  "teamId": "T5YEC6G73"
}
[04/17/18, 01:13:18:274] info: postLoadTaskSetup: Desktop client fully loaded
{
  "loadedTime": 10149.466384
}
[04/17/18, 01:13:18:332] info: Store: SELECT_CHANNEL C5ZRU2HSB
[04/17/18, 01:13:18:333] info: Store: UPDATE_TEAM_LOCALE
{
  "locale": "ja-JP",
  "teamId": "T5YEC6G73"
}
[04/17/18, 01:13:18:333] info: Store: UPDATE_SETTINGS
{
  "locale": "ja-JP"
}
[04/17/18, 01:13:18:333] info: Store: UPDATE_TEAM_THEME
{
  "teamId": "T5YEC6G73",
  "theme": {
    "active_item": "#4C9689",
    "active_item_text": "#FFFFFF",
    "active_presence": "#38978D",
    "badge": "#EB4D5C",
    "column_bg": "#4D394B",
    "hover_item": "#3E313C",
    "menu_bg": "#3E313C",
    "text_color": "#FFFFFF"
  }
}
[04/17/18, 01:13:18:568] info: Store: UPDATE_TEAM_ICONS
{
  "icons": {
    "image_102": "https://slack-files2.s3-us-west-2.amazonaws.com/avatars/2017-06-28/205110093367_6705e64b9b4a8299bd1f_102.png",
    "image_132": "https://slack-files2.s3-us-west-2.amazonaws.com/avatars/2017-06-28/205110093367_6705e64b9b4a8299bd1f_132.png",
    "image_230": "https://slack-files2.s3-us-west-2.amazonaws.com/avatars/2017-06-28/205110093367_6705e64b9b4a8299bd1f_230.png",
    "image_34": "https://slack-files2.s3-us-west-2.amazonaws.com/avatars/2017-06-28/205110093367_6705e64b9b4a8299bd1f_34.png",
    "image_44": "https://slack-files2.s3-us-west-2.amazonaws.com/avatars/2017-06-28/205110093367_6705e64b9b4a8299bd1f_44.png",
    "image_68": "https://slack-files2.s3-us-west-2.amazonaws.com/avatars/2017-06-28/205110093367_6705e64b9b4a8299bd1f_68.png",
    "image_88": "https://slack-files2.s3-us-west-2.amazonaws.com/avatars/2017-06-28/205110093367_6705e64b9b4a8299bd1f_88.png",
    "image_original": "https://slack-files2.s3-us-west-2.amazonaws.com/avatars/2017-06-28/205110093367_6705e64b9b4a8299bd1f_original.png"
  },
  "teamId": "T5YEC6G73"
}
[04/17/18, 01:13:18:570] info: Store: UPDATE_TEAM_LOCALE
{
  "locale": "ja-JP",
  "teamId": "T5YEC6G73"
}
[04/17/18, 01:13:18:571] info: Store: UPSERT_WEB_CONTENTS
{
  "id": 3,
  "state": "webapp-loaded",
  "teamId": "T5YEC6G73"
}
[04/17/18, 01:13:18:678] info: Store: STORE_API_TOKEN
{
  "teamId": "T5YEC6G73",
  "token": "xoxs-⋯"
}
[04/17/18, 01:13:19:672] info: Raw Locale list: ["C","en_US.utf8","POSIX",""]
[04/17/18, 01:13:19:673] info: Filtered Locale list: ["en_US"]
[04/17/18, 01:13:19:673] info: Counts: {"en":["en_US"]}
[04/17/18, 01:13:19:673] info: Setting en
[04/17/18, 01:13:19:674] info: Result: {"en":"en-US"}
[04/17/18, 01:13:19:675] info: Requesting to load ja-JP, alternatives are ["ja-JP","ja-JP","ja-JP"]
[04/17/18, 01:13:19:676] info: Loading dictionary for language ja-JP
[04/17/18, 01:13:19:677] info: Returning local copy: /home/nitoli/.config/Slack/dictionaries/ja-JP.bdic
[04/17/18, 01:13:19:678] info: Failed to read file /home/nitoli/.config/Slack/dictionaries/ja-JP.bdic: File exists but is most likely bogus
[04/17/18, 01:13:19:679] info: Actually downloading https://redirector.gvt1.com/edgedl/chrome/dict/ja-jp-3-0.bdic
[04/17/18, 01:13:19:807] info: Requesting to load ja-JP, alternatives are ["ja-JP","ja-JP","ja-JP"]
[04/17/18, 01:13:19:807] info: Loading dictionary for language ja-JP
[04/17/18, 01:13:19:807] info: Actually downloading https://redirector.gvt1.com/edgedl/chrome/dict/ja-jp-3-0.bdic
[04/17/18, 01:13:21:440] info: Loading dictionary for language ja-JP
[04/17/18, 01:13:21:441] info: Returning local copy: /home/nitoli/.config/Slack/dictionaries/ja-JP.bdic
[04/17/18, 01:13:21:456] info: Loading dictionary for language ja-JP
[04/17/18, 01:13:21:458] info: Returning local copy: /home/nitoli/.config/Slack/dictionaries/ja-JP.bdic
[04/17/18, 01:13:21:460] info: Failed to read file /home/nitoli/.config/Slack/dictionaries/ja-JP.bdic: File exists but is most likely bogus
[04/17/18, 01:13:21:463] info: Actually downloading https://redirector.gvt1.com/edgedl/chrome/dict/ja-jp-3-0.bdic
[04/17/18, 01:13:21:476] info: Failed to read file /home/nitoli/.config/Slack/dictionaries/ja-JP.bdic: File exists but is most likely bogus
[04/17/18, 01:13:21:477] info: Can't clear out file, bailing
[04/17/18, 01:13:21:478] info: Loading dictionary for language ja-JP
[04/17/18, 01:13:21:478] info: Actually downloading https://redirector.gvt1.com/edgedl/chrome/dict/ja-jp-3-0.bdic
[04/17/18, 01:13:21:952] info: Loading dictionary for language ja-JP
[04/17/18, 01:13:21:953] info: Returning local copy: /home/nitoli/.config/Slack/dictionaries/ja-JP.bdic
[04/17/18, 01:13:21:955] info: Failed to read file /home/nitoli/.config/Slack/dictionaries/ja-JP.bdic: File exists but is most likely bogus
[04/17/18, 01:13:21:958] info: Actually downloading https://redirector.gvt1.com/edgedl/chrome/dict/ja-jp-3-0.bdic
[04/17/18, 01:13:22:190] info: dictionary for ja-JP_ja-JP is not available
[04/17/18, 01:13:22:191] info: Actually installing spell check provider to Electron
[04/17/18, 01:13:22:440] info: dictionary for ja-JP_ja-JP is not available
[04/17/18, 01:13:31:519] info: Store: SHOW_WEBAPP_DIALOG
{
  "dialogType": "prefs"
}
[04/17/18, 01:13:40:310] info: Store: UPSERT_WEB_CONTENTS
{
  "id": 3,
  "state": "page-will-navigate",
  "teamId": "T5YEC6G73"
}
[04/17/18, 01:13:40:315] info: Window is unloading, winssb is no longer accessible
[04/17/18, 01:13:40:603] info: Store: UPDATE_SESSION_STATUS
{
  "hasValidSession": true,
  "teamId": "T5YEC6G73"
}
[04/18/18, 12:53:00:361] info: ╔══════════════════════════════════════════════════════════════════════════════╗
[04/18/18, 12:53:00:363] info: ║      Slack 3.1.1, linux 4.15.15-1-ARCH on x64 at 04/18/18, 12:53:00:356      ║
[04/18/18, 12:53:00:363] info: ╚══════════════════════════════════════════════════════════════════════════════╝
[04/18/18, 12:53:00:622] info: Initializing local storage instance at path: /home/nitoli/.config/Slack/local-settings.json
[04/18/18, 12:53:01:298] error: Calls failed to load, bailing
[04/18/18, 12:53:01:306] info: cld3::loadModule: loading cld3 module
[04/18/18, 12:53:01:397] info: cld3Loader::loadModule: running environment is NODE
[04/18/18, 12:53:01:397] info: cld3Loader::loadModule: constructed module object for runtime
[04/18/18, 12:53:01:948] info: cld3Loader::initializeRuntime: successfully initialized module
[04/18/18, 12:53:01:948] info: cld3Loader::loadModule: initialized wasm binary Runtime
[04/18/18, 12:53:01:953] warn: updateSpellcheckerLanguage: Tried to update language, but spellchecker not initialized
[04/18/18, 12:53:01:955] info: SSBIntegration: Main window preload script loaded 2306.37402
[04/18/18, 12:53:05:960] info: Store: UPSERT_WEB_CONTENTS
{
  "id": 3,
  "state": "loaded",
  "teamId": "T5YEC6G73"
}
[04/18/18, 12:53:05:962] info: Store: MAIN_WINDOW_SHOWN
[04/18/18, 12:53:05:972] info: Store: UPDATE_SESSION_STATUS
{
  "hasValidSession": true,
  "teamId": "T5YEC6G73"
}
[04/18/18, 12:53:07:705] info: Store: SELECT_CHANNEL C8Y1H7TEE
[04/18/18, 12:53:07:710] info: Store: UPDATE_TEAM_LOCALE
{
  "locale": "en-US"
}
[04/18/18, 12:53:07:711] info: Store: UPDATE_SETTINGS
{
  "locale": "en-US"
}
[04/18/18, 12:53:07:712] info: Store: SAVE_WINDOW_SETTINGS
{
  "isMaximized": false,
  "position": [
    10,
    42
  ],
  "size": [
    1900,
    980
  ]
}
[04/18/18, 12:53:07:713] info: Store: SELECT_CHANNEL C04Q8GKJA
[04/18/18, 12:53:07:714] info: Store: UPDATE_TEAM_LOCALE
{
  "locale": "en-US"
}
[04/18/18, 12:53:07:715] info: Store: UPSERT_WEB_CONTENTS
{
  "id": 4,
  "state": "loaded",
  "teamId": "T02R0MMHK"
}
[04/18/18, 12:53:08:186] info: Store: UPDATE_TEAM_THEME
{
  "teamId": "T02R0MMHK",
  "theme": {
    "active_item": "#4C9689",
    "active_item_text": "#FFFFFF",
    "active_presence": "#38978D",
    "badge": "#EB4D5C",
    "column_bg": "#4D394B",
    "hover_item": "#3E313C",
    "menu_bg": "#3E313C",
    "text_color": "#FFFFFF"
  }
}
[04/18/18, 12:53:08:186] info: Store: UPDATE_TEAM_THEME
{
  "teamId": "T5YEC6G73",
  "theme": {
    "active_item": "#4C9689",
    "active_item_text": "#FFFFFF",
    "active_presence": "#38978D",
    "badge": "#EB4D5C",
    "column_bg": "#4D394B",
    "hover_item": "#3E313C",
    "menu_bg": "#3E313C",
    "text_color": "#FFFFFF"
  }
}
[04/18/18, 12:53:08:187] info: Store: UPDATE_TEAM_ICONS
{
  "icons": {
    "image_102": "https://slack-files2.s3-us-west-2.amazonaws.com/avatars/2015-01-14/3400695805_06e3ed8a8ae7228d7c54_102.jpg",
    "image_132": "https://slack-files2.s3-us-west-2.amazonaws.com/avatars/2015-01-14/3400695805_06e3ed8a8ae7228d7c54_132.jpg",
    "image_230": "https://slack-files2.s3-us-west-2.amazonaws.com/avatars/2015-01-14/3400695805_06e3ed8a8ae7228d7c54_132.jpg",
    "image_34": "https://slack-files2.s3-us-west-2.amazonaws.com/avatars/2015-01-14/3400695805_06e3ed8a8ae7228d7c54_34.jpg",
    "image_44": "https://slack-files2.s3-us-west-2.amazonaws.com/avatars/2015-01-14/3400695805_06e3ed8a8ae7228d7c54_44.jpg",
    "image_68": "https://slack-files2.s3-us-west-2.amazonaws.com/avatars/2015-01-14/3400695805_06e3ed8a8ae7228d7c54_68.jpg",
    "image_88": "https://slack-files2.s3-us-west-2.amazonaws.com/avatars/2015-01-14/3400695805_06e3ed8a8ae7228d7c54_88.jpg",
    "image_original": "https://slack-files2.s3-us-west-2.amazonaws.com/avatars/2015-01-14/3400695805_06e3ed8a8ae7228d7c54_original.jpg"
  },
  "teamId": "T02R0MMHK"
}
[04/18/18, 12:53:08:187] info: Store: UPDATE_TEAM_ICONS
{
  "icons": {
    "image_102": "https://slack-files2.s3-us-west-2.amazonaws.com/avatars/2017-06-28/205110093367_6705e64b9b4a8299bd1f_102.png",
    "image_132": "https://slack-files2.s3-us-west-2.amazonaws.com/avatars/2017-06-28/205110093367_6705e64b9b4a8299bd1f_132.png",
    "image_230": "https://slack-files2.s3-us-west-2.amazonaws.com/avatars/2017-06-28/205110093367_6705e64b9b4a8299bd1f_230.png",
    "image_34": "https://slack-files2.s3-us-west-2.amazonaws.com/avatars/2017-06-28/205110093367_6705e64b9b4a8299bd1f_34.png",
    "image_44": "https://slack-files2.s3-us-west-2.amazonaws.com/avatars/2017-06-28/205110093367_6705e64b9b4a8299bd1f_44.png",
    "image_68": "https://slack-files2.s3-us-west-2.amazonaws.com/avatars/2017-06-28/205110093367_6705e64b9b4a8299bd1f_68.png",
    "image_88": "https://slack-files2.s3-us-west-2.amazonaws.com/avatars/2017-06-28/205110093367_6705e64b9b4a8299bd1f_88.png",
    "image_original": "https://slack-files2.s3-us-west-2.amazonaws.com/avatars/2017-06-28/205110093367_6705e64b9b4a8299bd1f_original.png"
  },
  "teamId": "T5YEC6G73"
}
[04/18/18, 12:53:08:188] info: Store: UPDATE_SESSION_STATUS
{
  "hasValidSession": true,
  "teamId": "T02R0MMHK"
}
[04/18/18, 12:53:08:192] info: Store: UPDATE_TEAM_LOCALE
{
  "locale": "en-US",
  "teamId": "T02R0MMHK"
}
[04/18/18, 12:53:08:192] info: Store: UPDATE_TEAM_LOCALE
{
  "locale": "en-US",
  "teamId": "T5YEC6G73"
}
[04/18/18, 12:53:08:193] info: Store: UPSERT_WEB_CONTENTS
{
  "id": 4,
  "state": "webapp-loaded",
  "teamId": "T02R0MMHK"
}
[04/18/18, 12:53:08:194] info: Store: UPSERT_WEB_CONTENTS
{
  "id": 3,
  "state": "webapp-loaded",
  "teamId": "T5YEC6G73"
}
[04/18/18, 12:53:08:205] info: Store: STORE_API_TOKEN
{
  "teamId": "T02R0MMHK",
  "token": "xoxs-⋯"
}
[04/18/18, 12:53:08:285] info: Store: STORE_API_TOKEN
{
  "teamId": "T5YEC6G73",
  "token": "xoxs-⋯"
}
[04/24/18, 11:09:01:485] info: ╔════════════════════════════════════════════════════════════════════════════╗
[04/24/18, 11:09:01:486] info: ║      Slack 3.1.1, linux 4.16.3-1-zen on x64 at 04/24/18, 11:09:01:462      ║
[04/24/18, 11:09:01:486] info: ╚════════════════════════════════════════════════════════════════════════════╝
[04/24/18, 11:09:01:902] info: Initializing local storage instance at path: /home/nitoli/.config/Slack/local-settings.json
[04/24/18, 11:09:03:236] error: Calls failed to load, bailing
[04/24/18, 11:09:03:239] info: cld3::loadModule: loading cld3 module
[04/24/18, 11:09:03:338] info: cld3Loader::loadModule: running environment is NODE
[04/24/18, 11:09:03:338] info: cld3Loader::loadModule: constructed module object for runtime
[04/24/18, 11:09:04:052] info: cld3Loader::initializeRuntime: successfully initialized module
[04/24/18, 11:09:04:052] info: cld3Loader::loadModule: initialized wasm binary Runtime
[04/24/18, 11:09:04:074] warn: updateSpellcheckerLanguage: Tried to update language, but spellchecker not initialized
[04/24/18, 11:09:04:075] info: SSBIntegration: Main window preload script loaded 3618.103506
[04/24/18, 11:09:04:086] info: Store: UPSERT_WEB_CONTENTS
{
  "id": 3,
  "state": "loaded",
  "teamId": "T02R0MMHK"
}
[04/24/18, 11:09:04:088] info: Store: UPSERT_WEB_CONTENTS
{
  "id": 3,
  "state": "empty-page",
  "teamId": "T02R0MMHK"
}
[04/24/18, 11:09:04:089] info: Store: UPSERT_WEB_CONTENTS
{
  "id": 3,
  "state": "page-will-navigate",
  "teamId": "T02R0MMHK"
}
[04/24/18, 11:09:04:089] info: Store: UPSERT_WEB_CONTENTS
{
  "id": 5,
  "state": "loaded",
  "teamId": "T4HEMM0UR"
}
[04/24/18, 11:09:04:089] info: Store: UPSERT_WEB_CONTENTS
{
  "id": 5,
  "state": "empty-page",
  "teamId": "T4HEMM0UR"
}
[04/24/18, 11:09:04:090] info: Store: UPSERT_WEB_CONTENTS
{
  "id": 5,
  "state": "page-will-navigate",
  "teamId": "T4HEMM0UR"
}
[04/24/18, 11:09:04:097] info: Store: UPSERT_WEB_CONTENTS
{
  "id": 4,
  "state": "loaded",
  "teamId": "T5YEC6G73"
}
[04/24/18, 11:09:04:101] info: Store: UPSERT_WEB_CONTENTS
{
  "id": 4,
  "state": "empty-page",
  "teamId": "T5YEC6G73"
}
[04/24/18, 11:09:04:116] info: Store: UPSERT_WEB_CONTENTS
{
  "id": 4,
  "state": "page-will-navigate",
  "teamId": "T5YEC6G73"
}
[04/24/18, 11:09:04:147] info: Window is unloading, winssb is no longer accessible
[04/24/18, 18:57:34:708] info: ╔════════════════════════════════════════════════════════════════════════════╗
[04/24/18, 18:57:34:709] info: ║      Slack 3.1.1, linux 4.16.3-1-zen on x64 at 04/24/18, 18:57:34:699      ║
[04/24/18, 18:57:34:709] info: ╚════════════════════════════════════════════════════════════════════════════╝
[04/24/18, 18:57:34:999] info: Initializing local storage instance at path: /home/nitoli/.config/Slack/local-settings.json
[04/24/18, 18:57:36:177] error: Calls failed to load, bailing
[04/24/18, 18:57:36:181] info: cld3::loadModule: loading cld3 module
[04/24/18, 18:57:36:262] info: cld3Loader::loadModule: running environment is NODE
[04/24/18, 18:57:36:263] info: cld3Loader::loadModule: constructed module object for runtime
[04/24/18, 18:57:37:070] info: cld3Loader::initializeRuntime: successfully initialized module
[04/24/18, 18:57:37:070] info: cld3Loader::loadModule: initialized wasm binary Runtime
[04/24/18, 18:57:37:075] warn: updateSpellcheckerLanguage: Tried to update language, but spellchecker not initialized
[04/24/18, 18:57:37:076] info: SSBIntegration: Main window preload script loaded 3274.221381
[04/24/18, 18:57:37:089] info: Store: UPSERT_WEB_CONTENTS
{
  "id": 3,
  "state": "loaded",
  "teamId": "T5YEC6G73"
}
[04/24/18, 18:57:37:106] info: Store: UPSERT_WEB_CONTENTS
{
  "id": 3,
  "state": "empty-page",
  "teamId": "T5YEC6G73"
}
[04/24/18, 18:57:37:110] info: Store: UPSERT_WEB_CONTENTS
{
  "id": 3,
  "state": "page-will-navigate",
  "teamId": "T5YEC6G73"
}
[04/24/18, 18:57:37:118] info: Store: UPSERT_WEB_CONTENTS
{
  "id": 4,
  "state": "loaded",
  "teamId": "T02R0MMHK"
}
[04/24/18, 18:57:37:128] info: Store: UPSERT_WEB_CONTENTS
{
  "id": 5,
  "state": "loaded",
  "teamId": "T4HEMM0UR"
}
[04/24/18, 18:57:37:130] info: Store: UPSERT_WEB_CONTENTS
{
  "id": 4,
  "state": "empty-page",
  "teamId": "T02R0MMHK"
}
[04/24/18, 18:57:37:131] info: Store: UPSERT_WEB_CONTENTS
{
  "id": 4,
  "state": "page-will-navigate",
  "teamId": "T02R0MMHK"
}
[04/24/18, 18:57:37:136] info: Store: UPSERT_WEB_CONTENTS
{
  "id": 5,
  "state": "empty-page",
  "teamId": "T4HEMM0UR"
}
[04/24/18, 18:57:37:141] info: Store: UPSERT_WEB_CONTENTS
{
  "id": 5,
  "state": "page-will-navigate",
  "teamId": "T4HEMM0UR"
}
[04/24/18, 18:57:37:149] info: Window is unloading, winssb is no longer accessible
[05/02/18, 09:46:45:154] info: ╔════════════════════════════════════════════════════════════════════════════╗
[05/02/18, 09:46:45:155] info: ║      Slack 3.1.1, linux 4.16.5-1-zen on x64 at 05/02/18, 09:46:45:134      ║
[05/02/18, 09:46:45:155] info: ╚════════════════════════════════════════════════════════════════════════════╝
[05/02/18, 09:46:45:696] info: Initializing local storage instance at path: /home/nitoli/.config/Slack/local-settings.json
[05/02/18, 09:46:46:640] error: Calls failed to load, bailing
[05/02/18, 09:46:46:642] info: cld3::loadModule: loading cld3 module
[05/02/18, 09:46:46:684] info: cld3Loader::loadModule: running environment is NODE
[05/02/18, 09:46:46:684] info: cld3Loader::loadModule: constructed module object for runtime
[05/02/18, 09:46:47:630] info: cld3Loader::initializeRuntime: successfully initialized module
[05/02/18, 09:46:47:630] info: cld3Loader::loadModule: initialized wasm binary Runtime
[05/02/18, 09:46:47:647] warn: updateSpellcheckerLanguage: Tried to update language, but spellchecker not initialized
[05/02/18, 09:46:47:656] info: SSBIntegration: Main window preload script loaded 3370.702099
[05/02/18, 09:46:47:679] info: Store: UPSERT_WEB_CONTENTS
{
  "id": 5,
  "state": "loaded",
  "teamId": "T4HEMM0UR"
}
[05/02/18, 09:46:47:681] info: Store: UPSERT_WEB_CONTENTS
{
  "id": 5,
  "state": "empty-page",
  "teamId": "T4HEMM0UR"
}
[05/02/18, 09:46:47:683] info: Store: UPSERT_WEB_CONTENTS
{
  "id": 5,
  "state": "page-will-navigate",
  "teamId": "T4HEMM0UR"
}
[05/02/18, 09:46:47:686] info: Store: UPSERT_WEB_CONTENTS
{
  "id": 4,
  "state": "loaded",
  "teamId": "T5YEC6G73"
}
[05/02/18, 09:46:47:687] info: Store: UPSERT_WEB_CONTENTS
{
  "id": 4,
  "state": "empty-page",
  "teamId": "T5YEC6G73"
}
[05/02/18, 09:46:47:687] info: Store: UPSERT_WEB_CONTENTS
{
  "id": 4,
  "state": "page-will-navigate",
  "teamId": "T5YEC6G73"
}
[05/02/18, 09:46:47:688] info: Store: UPSERT_WEB_CONTENTS
{
  "id": 3,
  "state": "loaded",
  "teamId": "T02R0MMHK"
}
[05/02/18, 09:46:47:709] info: Store: UPSERT_WEB_CONTENTS
{
  "id": 3,
  "state": "empty-page",
  "teamId": "T02R0MMHK"
}
[05/02/18, 09:46:47:724] info: Store: UPSERT_WEB_CONTENTS
{
  "id": 3,
  "state": "page-will-navigate",
  "teamId": "T02R0MMHK"
}
[05/02/18, 09:46:47:732] info: Window is unloading, winssb is no longer accessible
[05/02/18, 09:46:47:795] info: Store: SET_NETWORK_STATUS offline
[05/11/18, 20:06:28:965] info: ╔════════════════════════════════════════════════════════════════════════════╗
[05/11/18, 20:06:28:973] info: ║      Slack 3.1.1, linux 4.16.7-1-zen on x64 at 05/11/18, 20:06:28:960      ║
[05/11/18, 20:06:28:974] info: ╚════════════════════════════════════════════════════════════════════════════╝
[05/11/18, 20:06:29:899] info: Initializing local storage instance at path: /home/nitoli/.config/Slack/local-settings.json
[05/11/18, 20:06:30:400] info: NetworkStatus: Waiting for network online…
[05/11/18, 20:06:32:048] info: Store: UPSERT_WEB_CONTENTS
{
  "id": 4,
  "state": "loaded",
  "teamId": "T5YEC6G73"
}
[05/11/18, 20:06:32:059] info: Store: UPSERT_WEB_CONTENTS
{
  "id": 3,
  "state": "loaded",
  "teamId": "T02R0MMHK"
}
[05/11/18, 20:06:32:069] info: Store: UPSERT_WEB_CONTENTS
{
  "id": 4,
  "state": "empty-page",
  "teamId": "T5YEC6G73"
}
[05/11/18, 20:06:32:072] info: Store: UPSERT_WEB_CONTENTS
{
  "id": 4,
  "state": "page-will-navigate",
  "teamId": "T5YEC6G73"
}
[05/11/18, 20:06:32:076] info: Store: UPSERT_WEB_CONTENTS
{
  "id": 3,
  "state": "empty-page",
  "teamId": "T02R0MMHK"
}
[05/11/18, 20:06:32:079] info: Store: UPSERT_WEB_CONTENTS
{
  "id": 5,
  "state": "loaded",
  "teamId": "T4HEMM0UR"
}
[05/11/18, 20:06:32:084] info: Store: UPSERT_WEB_CONTENTS
{
  "id": 3,
  "state": "page-will-navigate",
  "teamId": "T02R0MMHK"
}
[05/11/18, 20:06:32:088] info: Store: UPSERT_WEB_CONTENTS
{
  "id": 5,
  "state": "empty-page",
  "teamId": "T4HEMM0UR"
}
[05/11/18, 20:06:32:091] info: Store: UPSERT_WEB_CONTENTS
{
  "id": 7,
  "state": "loaded",
  "teamId": "T0GFBAM8C"
}
[05/11/18, 20:06:32:094] info: Store: UPSERT_WEB_CONTENTS
{
  "id": 5,
  "state": "page-will-navigate",
  "teamId": "T4HEMM0UR"
}
[05/11/18, 20:06:32:097] info: Store: UPSERT_WEB_CONTENTS
{
  "id": 7,
  "state": "empty-page",
  "teamId": "T0GFBAM8C"
}
[05/11/18, 20:06:32:100] info: Store: UPSERT_WEB_CONTENTS
{
  "id": 6,
  "state": "loaded",
  "teamId": "T5LFW0CUB"
}
[05/11/18, 20:06:32:103] info: Store: UPSERT_WEB_CONTENTS
{
  "id": 7,
  "state": "page-will-navigate",
  "teamId": "T0GFBAM8C"
}
[05/11/18, 20:06:32:106] info: Store: UPSERT_WEB_CONTENTS
{
  "id": 6,
  "state": "empty-page",
  "teamId": "T5LFW0CUB"
}
[05/11/18, 20:06:32:110] info: Store: UPSERT_WEB_CONTENTS
{
  "id": 6,
  "state": "page-will-navigate",
  "teamId": "T5LFW0CUB"
}
[05/11/18, 20:06:32:403] info: NetworkStatus: Response from api.test
{
  "status": "online"
}
[05/11/18, 20:06:32:458] info: Store: UPDATE_SESSION_STATUS
{
  "hasValidSession": true,
  "teamId": "T02R0MMHK"
}
[05/11/18, 20:06:32:474] info: Store: UPDATE_SESSION_STATUS
{
  "hasValidSession": true,
  "teamId": "T5YEC6G73"
}
[05/11/18, 20:06:32:530] info: Store: UPDATE_SESSION_STATUS
{
  "hasValidSession": true,
  "teamId": "T4HEMM0UR"
}
[05/11/18, 20:06:32:539] info: Store: UPDATE_SESSION_STATUS
{
  "hasValidSession": true,
  "teamId": "T0GFBAM8C"
}
[05/11/18, 20:06:32:544] info: Store: UPDATE_SESSION_STATUS
{
  "hasValidSession": true,
  "teamId": "T5LFW0CUB"
}
[05/11/18, 20:06:32:817] info: Store: SET_NETWORK_STATUS online
[05/11/18, 20:06:32:830] info: Store: MAIN_WINDOW_SHOWN
[05/11/18, 20:07:35:565] info: Store: SELECT_CHANNEL C02TQ0GUS
[05/11/18, 20:07:35:639] info: Store: UPDATE_TEAM_LOCALE
{
  "locale": "en-US"
}
[05/11/18, 20:07:35:742] info: Store: UPDATE_SETTINGS
{
  "locale": "en-US"
}
