[05/05/18, 01:37:54:548] info: ╔════════════════════════════════════════════════════════════════════════════╗
[05/05/18, 01:37:54:549] info: ║      Slack 3.1.1, linux 4.16.6-1-zen on x64 at 05/05/18, 01:37:54:534      ║
[05/05/18, 01:37:54:549] info: ╚════════════════════════════════════════════════════════════════════════════╝
[05/05/18, 01:37:55:141] info: Initializing local storage instance at path: /home/nitoli/.config/Slack/local-settings.json
[05/05/18, 01:37:57:069] error: Calls failed to load, bailing
[05/05/18, 01:37:57:077] info: cld3::loadModule: loading cld3 module
[05/05/18, 01:37:57:166] info: cld3Loader::loadModule: running environment is NODE
[05/05/18, 01:37:57:167] info: cld3Loader::loadModule: constructed module object for runtime
[05/05/18, 01:37:57:900] info: cld3Loader::initializeRuntime: successfully initialized module
[05/05/18, 01:37:57:900] info: cld3Loader::loadModule: initialized wasm binary Runtime
[05/05/18, 01:37:57:924] warn: updateSpellcheckerLanguage: Tried to update language, but spellchecker not initialized
[05/05/18, 01:37:57:925] info: SSBIntegration: Main window preload script loaded 5166.976758
[05/05/18, 01:37:57:945] info: Store: UPSERT_WEB_CONTENTS
{
  "id": 4,
  "state": "loaded",
  "teamId": "T5YEC6G73"
}
[05/05/18, 01:37:57:953] info: Store: UPSERT_WEB_CONTENTS
{
  "id": 4,
  "state": "empty-page",
  "teamId": "T5YEC6G73"
}
[05/05/18, 01:37:57:953] info: Store: UPSERT_WEB_CONTENTS
{
  "id": 4,
  "state": "page-will-navigate",
  "teamId": "T5YEC6G73"
}
[05/05/18, 01:37:57:954] info: Store: UPSERT_WEB_CONTENTS
{
  "id": 5,
  "state": "loaded",
  "teamId": "T4HEMM0UR"
}
[05/05/18, 01:37:57:961] info: Store: UPSERT_WEB_CONTENTS
{
  "id": 5,
  "state": "empty-page",
  "teamId": "T4HEMM0UR"
}
[05/05/18, 01:37:57:961] info: Store: UPSERT_WEB_CONTENTS
{
  "id": 5,
  "state": "page-will-navigate",
  "teamId": "T4HEMM0UR"
}
[05/05/18, 01:37:57:962] info: Store: UPSERT_WEB_CONTENTS
{
  "id": 7,
  "state": "loaded",
  "teamId": "T0GFBAM8C"
}
[05/05/18, 01:37:57:962] info: Store: UPSERT_WEB_CONTENTS
{
  "id": 3,
  "state": "loaded",
  "teamId": "T02R0MMHK"
}
[05/05/18, 01:37:57:962] info: Store: UPSERT_WEB_CONTENTS
{
  "id": 3,
  "state": "empty-page",
  "teamId": "T02R0MMHK"
}
[05/05/18, 01:37:57:963] info: Store: UPSERT_WEB_CONTENTS
{
  "id": 7,
  "state": "empty-page",
  "teamId": "T0GFBAM8C"
}
[05/05/18, 01:37:57:963] info: Store: UPSERT_WEB_CONTENTS
{
  "id": 7,
  "state": "page-will-navigate",
  "teamId": "T0GFBAM8C"
}
[05/05/18, 01:37:57:963] info: Store: UPSERT_WEB_CONTENTS
{
  "id": 3,
  "state": "page-will-navigate",
  "teamId": "T02R0MMHK"
}
[05/05/18, 01:37:57:979] info: Store: UPSERT_WEB_CONTENTS
{
  "id": 6,
  "state": "loaded",
  "teamId": "T5LFW0CUB"
}
[05/05/18, 01:37:57:981] info: Store: SET_NETWORK_STATUS offline
[05/05/18, 01:37:57:987] info: Store: UPSERT_WEB_CONTENTS
{
  "id": 6,
  "state": "empty-page",
  "teamId": "T5LFW0CUB"
}
[05/05/18, 01:37:58:561] info: Store: UPDATE_SESSION_STATUS
{
  "hasValidSession": true,
  "teamId": "T5YEC6G73"
}
[05/05/18, 01:37:58:579] info: Store: UPDATE_SESSION_STATUS
{
  "hasValidSession": true,
  "teamId": "T0GFBAM8C"
}
[05/05/18, 01:37:58:584] info: Store: UPDATE_SESSION_STATUS
{
  "hasValidSession": true,
  "teamId": "T4HEMM0UR"
}
[05/05/18, 01:37:58:588] info: Store: UPDATE_SESSION_STATUS
{
  "hasValidSession": true,
  "teamId": "T5LFW0CUB"
}
[05/05/18, 01:37:58:659] info: Store: UPDATE_SESSION_STATUS
{
  "hasValidSession": true,
  "teamId": "T02R0MMHK"
}
[05/05/18, 01:37:58:810] info: Store: SET_NETWORK_STATUS online
[05/05/18, 01:37:58:831] info: Store: MAIN_WINDOW_SHOWN
[05/05/18, 01:37:58:862] info: Store: UPSERT_WEB_CONTENTS
{
  "id": 6,
  "state": "page-will-navigate",
  "teamId": "T5LFW0CUB"
}
[05/05/18, 01:37:58:878] info: Window is unloading, winssb is no longer accessible
[05/05/18, 01:37:59:209] info: Store: UPDATE_SESSION_STATUS
{
  "hasValidSession": true,
  "teamId": "T5LFW0CUB"
}
