[05/09/18, 21:53:27:064] info: ╔════════════════════════════════════════════════════════════════════════════╗
[05/09/18, 21:53:27:065] info: ║      Slack 3.1.1, linux 4.16.7-1-zen on x64 at 05/09/18, 21:53:27:057      ║
[05/09/18, 21:53:27:065] info: ╚════════════════════════════════════════════════════════════════════════════╝
[05/09/18, 21:53:27:443] info: Initializing local storage instance at path: /home/nitoli/.config/Slack/local-settings.json
[05/09/18, 21:53:28:479] error: Calls failed to load, bailing
[05/09/18, 21:53:28:483] info: cld3::loadModule: loading cld3 module
[05/09/18, 21:53:28:554] info: cld3Loader::loadModule: running environment is NODE
[05/09/18, 21:53:28:554] info: cld3Loader::loadModule: constructed module object for runtime
[05/09/18, 21:53:28:949] info: cld3Loader::initializeRuntime: successfully initialized module
[05/09/18, 21:53:28:949] info: cld3Loader::loadModule: initialized wasm binary Runtime
[05/09/18, 21:53:28:954] warn: updateSpellcheckerLanguage: Tried to update language, but spellchecker not initialized
[05/09/18, 21:53:28:955] info: SSBIntegration: Main window preload script loaded 2687.968582
[05/09/18, 21:53:28:968] info: Store: SET_NETWORK_STATUS offline
[05/09/18, 21:53:28:969] info: Store: UPDATE_SESSION_STATUS
{
  "hasValidSession": true,
  "teamId": "T5YEC6G73"
}
[05/09/18, 21:53:28:970] info: Store: UPDATE_SESSION_STATUS
{
  "hasValidSession": true,
  "teamId": "T02R0MMHK"
}
[05/09/18, 21:53:28:970] info: Store: UPDATE_SESSION_STATUS
{
  "hasValidSession": true,
  "teamId": "T0GFBAM8C"
}
[05/09/18, 21:53:28:970] info: Store: UPDATE_SESSION_STATUS
{
  "hasValidSession": true,
  "teamId": "T5LFW0CUB"
}
[05/09/18, 21:53:28:971] info: Store: UPDATE_SESSION_STATUS
{
  "hasValidSession": true,
  "teamId": "T4HEMM0UR"
}
[05/09/18, 21:53:28:971] info: Store: SET_NETWORK_STATUS online
[05/09/18, 21:53:28:971] info: Store: MAIN_WINDOW_SHOWN
[05/09/18, 21:53:28:972] info: Store: UPSERT_WEB_CONTENTS
{
  "id": 3,
  "state": "loaded",
  "teamId": "T02R0MMHK"
}
[05/09/18, 21:53:28:972] info: Store: UPSERT_WEB_CONTENTS
{
  "id": 3,
  "state": "empty-page",
  "teamId": "T02R0MMHK"
}
[05/09/18, 21:53:28:973] info: Store: UPSERT_WEB_CONTENTS
{
  "id": 3,
  "state": "page-will-navigate",
  "teamId": "T02R0MMHK"
}
[05/09/18, 21:53:28:973] info: Store: UPSERT_WEB_CONTENTS
{
  "id": 7,
  "state": "loaded",
  "teamId": "T0GFBAM8C"
}
[05/09/18, 21:53:28:973] info: Store: UPSERT_WEB_CONTENTS
{
  "id": 7,
  "state": "empty-page",
  "teamId": "T0GFBAM8C"
}
[05/09/18, 21:53:28:973] info: Store: UPSERT_WEB_CONTENTS
{
  "id": 7,
  "state": "page-will-navigate",
  "teamId": "T0GFBAM8C"
}
[05/09/18, 21:53:28:974] info: Store: UPSERT_WEB_CONTENTS
{
  "id": 4,
  "state": "loaded",
  "teamId": "T5YEC6G73"
}
[05/09/18, 21:53:28:974] info: Store: UPDATE_SESSION_STATUS
{
  "hasValidSession": true,
  "teamId": "T02R0MMHK"
}
[05/09/18, 21:53:28:974] info: Store: UPSERT_WEB_CONTENTS
{
  "id": 4,
  "state": "empty-page",
  "teamId": "T5YEC6G73"
}
[05/09/18, 21:53:28:974] info: Store: UPSERT_WEB_CONTENTS
{
  "id": 4,
  "state": "page-will-navigate",
  "teamId": "T5YEC6G73"
}
[05/09/18, 21:53:28:975] info: Store: UPSERT_WEB_CONTENTS
{
  "id": 6,
  "state": "loaded",
  "teamId": "T5LFW0CUB"
}
[05/09/18, 21:53:28:981] info: Store: UPSERT_WEB_CONTENTS
{
  "id": 6,
  "state": "empty-page",
  "teamId": "T5LFW0CUB"
}
[05/09/18, 21:53:28:985] info: Store: UPSERT_WEB_CONTENTS
{
  "id": 6,
  "state": "page-will-navigate",
  "teamId": "T5LFW0CUB"
}
[05/09/18, 21:53:28:988] info: Window is unloading, winssb is no longer accessible
[05/09/18, 21:53:29:023] info: Store: UPDATE_SESSION_STATUS
{
  "hasValidSession": true,
  "teamId": "T0GFBAM8C"
}
[05/09/18, 21:53:29:242] info: Store: UPDATE_SESSION_STATUS
{
  "hasValidSession": true,
  "teamId": "T5YEC6G73"
}
[05/09/18, 21:53:29:329] info: Store: UPDATE_SESSION_STATUS
{
  "hasValidSession": true,
  "teamId": "T5LFW0CUB"
}
