[05/08/18, 11:16:12:754] info: ╔════════════════════════════════════════════════════════════════════════════╗
[05/08/18, 11:16:12:755] info: ║      Slack 3.1.1, linux 4.16.6-1-zen on x64 at 05/08/18, 11:16:12:750      ║
[05/08/18, 11:16:12:755] info: ╚════════════════════════════════════════════════════════════════════════════╝
[05/08/18, 11:16:12:982] info: Initializing local storage instance at path: /home/nitoli/.config/Slack/local-settings.json
[05/08/18, 11:16:13:818] error: Calls failed to load, bailing
[05/08/18, 11:16:13:821] info: cld3::loadModule: loading cld3 module
[05/08/18, 11:16:13:902] info: cld3Loader::loadModule: running environment is NODE
[05/08/18, 11:16:13:902] info: cld3Loader::loadModule: constructed module object for runtime
[05/08/18, 11:16:14:613] info: cld3Loader::initializeRuntime: successfully initialized module
[05/08/18, 11:16:14:613] info: cld3Loader::loadModule: initialized wasm binary Runtime
[05/08/18, 11:16:14:641] warn: updateSpellcheckerLanguage: Tried to update language, but spellchecker not initialized
[05/08/18, 11:16:14:641] info: TranslationLookup: locale set to ja-JP for renderer
[05/08/18, 11:16:14:642] info: SSBIntegration: Main window preload script loaded 2488.411844
[05/08/18, 11:16:14:674] info: Store: UPSERT_WEB_CONTENTS
{
  "id": 4,
  "state": "loaded",
  "teamId": "T5YEC6G73"
}
[05/08/18, 11:16:14:681] info: Store: UPSERT_WEB_CONTENTS
{
  "id": 4,
  "state": "empty-page",
  "teamId": "T5YEC6G73"
}
[05/08/18, 11:16:14:682] info: Store: UPSERT_WEB_CONTENTS
{
  "id": 4,
  "state": "page-will-navigate",
  "teamId": "T5YEC6G73"
}
[05/08/18, 11:16:14:682] info: Store: UPSERT_WEB_CONTENTS
{
  "id": 7,
  "state": "loaded",
  "teamId": "T0GFBAM8C"
}
[05/08/18, 11:16:14:683] info: Store: UPSERT_WEB_CONTENTS
{
  "id": 7,
  "state": "empty-page",
  "teamId": "T0GFBAM8C"
}
[05/08/18, 11:16:14:699] info: Store: UPSERT_WEB_CONTENTS
{
  "id": 7,
  "state": "page-will-navigate",
  "teamId": "T0GFBAM8C"
}
[05/08/18, 11:16:14:706] info: Store: UPSERT_WEB_CONTENTS
{
  "id": 6,
  "state": "loaded",
  "teamId": "T4HEMM0UR"
}
[05/08/18, 11:16:14:712] info: Store: UPSERT_WEB_CONTENTS
{
  "id": 6,
  "state": "empty-page",
  "teamId": "T4HEMM0UR"
}
[05/08/18, 11:16:14:722] info: Store: UPSERT_WEB_CONTENTS
{
  "id": 6,
  "state": "page-will-navigate",
  "teamId": "T4HEMM0UR"
}
[05/08/18, 11:16:14:730] info: Window is unloading, winssb is no longer accessible
[05/08/18, 11:16:14:786] info: Store: UPSERT_WEB_CONTENTS
{
  "id": 3,
  "state": "loaded",
  "teamId": "T5LFW0CUB"
}
[05/08/18, 11:16:14:834] info: Store: UPSERT_WEB_CONTENTS
{
  "id": 3,
  "state": "empty-page",
  "teamId": "T5LFW0CUB"
}
[05/08/18, 11:16:14:841] info: Store: UPSERT_WEB_CONTENTS
{
  "id": 3,
  "state": "page-will-navigate",
  "teamId": "T5LFW0CUB"
}
