[05/03/18, 02:59:57:862] info: ╔════════════════════════════════════════════════════════════════════════════╗
[05/03/18, 02:59:57:865] info: ║      Slack 3.1.1, linux 4.16.5-1-zen on x64 at 05/03/18, 02:59:57:848      ║
[05/03/18, 02:59:57:865] info: ╚════════════════════════════════════════════════════════════════════════════╝
[05/03/18, 02:59:58:224] info: Initializing local storage instance at path: /home/nitoli/.config/Slack/local-settings.json
[05/03/18, 02:59:59:283] error: Calls failed to load, bailing
[05/03/18, 02:59:59:291] info: cld3::loadModule: loading cld3 module
[05/03/18, 02:59:59:342] info: cld3Loader::loadModule: running environment is NODE
[05/03/18, 02:59:59:343] info: cld3Loader::loadModule: constructed module object for runtime
[05/03/18, 03:00:00:048] info: cld3Loader::initializeRuntime: successfully initialized module
[05/03/18, 03:00:00:050] info: cld3Loader::loadModule: initialized wasm binary Runtime
[05/03/18, 03:00:00:062] warn: updateSpellcheckerLanguage: Tried to update language, but spellchecker not initialized
[05/03/18, 03:00:00:065] info: SSBIntegration: Main window preload script loaded 3214.523303
[05/03/18, 03:00:10:862] info: Store: UPSERT_WEB_CONTENTS
{
  "id": 14,
  "state": "loaded",
  "teamId": "T0GFBAM8C"
}
[05/03/18, 03:00:13:103] info: Store: UPDATE_SESSION_STATUS
{
  "hasValidSession": true,
  "teamId": "T0GFBAM8C"
}
[05/03/18, 03:00:13:140] info: Store: UPDATE_TEAM_ICONS
{
  "icons": {
    "image_102": "https://slack-files2.s3-us-west-2.amazonaws.com/avatars/2015-12-19/17054493216_07addcfb3fb1718cbba4_102.png",
    "image_132": "https://slack-files2.s3-us-west-2.amazonaws.com/avatars/2015-12-19/17054493216_07addcfb3fb1718cbba4_132.png",
    "image_230": "https://slack-files2.s3-us-west-2.amazonaws.com/avatars/2015-12-19/17054493216_07addcfb3fb1718cbba4_132.png",
    "image_34": "https://slack-files2.s3-us-west-2.amazonaws.com/avatars/2015-12-19/17054493216_07addcfb3fb1718cbba4_34.png",
    "image_44": "https://slack-files2.s3-us-west-2.amazonaws.com/avatars/2015-12-19/17054493216_07addcfb3fb1718cbba4_44.png",
    "image_68": "https://slack-files2.s3-us-west-2.amazonaws.com/avatars/2015-12-19/17054493216_07addcfb3fb1718cbba4_68.png",
    "image_88": "https://slack-files2.s3-us-west-2.amazonaws.com/avatars/2015-12-19/17054493216_07addcfb3fb1718cbba4_88.png",
    "image_original": "https://slack-files2.s3-us-west-2.amazonaws.com/avatars/2015-12-19/17054493216_07addcfb3fb1718cbba4_original.png"
  },
  "teamId": "T0GFBAM8C"
}
[05/03/18, 03:00:14:996] info: postLoadTaskSetup: Desktop client fully loaded
{
  "loadedTime": 1970536.44954
}
[05/03/18, 03:00:15:537] info: Store: SELECT_CHANNEL C0GFH3RHC
[05/03/18, 03:00:15:543] info: Store: UPDATE_TEAM_LOCALE
{
  "locale": "ja-JP",
  "teamId": "T0GFBAM8C"
}
[05/03/18, 03:00:15:544] info: Store: UPDATE_SETTINGS
{
  "locale": "ja-JP"
}
[05/03/18, 03:00:15:548] info: TranslationLookup: locale set to ja-JP for renderer
[05/03/18, 03:00:15:600] info: Store: UPDATE_TEAM_THEME
{
  "teamId": "T0GFBAM8C",
  "theme": {
    "active_item": "#4C9689",
    "active_item_text": "#FFFFFF",
    "active_presence": "#38978D",
    "badge": "#EB4D5C",
    "column_bg": "#4D394B",
    "hover_item": "#3E313C",
    "menu_bg": "#3E313C",
    "text_color": "#FFFFFF"
  }
}
[05/03/18, 03:00:15:601] info: Store: SELECT_CHANNEL DAHBUMLTX
[05/03/18, 03:00:15:602] info: Store: UPSERT_WEB_CONTENTS
{
  "id": 14,
  "state": "webapp-loaded",
  "teamId": "T0GFBAM8C"
}
[05/03/18, 03:00:15:869] info: Store: STORE_API_TOKEN
{
  "teamId": "T0GFBAM8C",
  "token": "xoxs-⋯"
}
[05/03/18, 03:00:19:334] info: Unloading spellchecker
[05/03/18, 03:00:19:337] info: Unloading spellchecker
[05/03/18, 03:00:20:300] info: Couldn't get hint text from messages in channel: Failed to fetch recent messages
[05/03/18, 03:00:20:865] info: Couldn't get hint text from messages in channel: Failed to fetch recent messages
[05/03/18, 03:00:22:663] info: Raw Locale list: ["C","en_US.utf8","POSIX",""]
[05/03/18, 03:00:22:663] info: Filtered Locale list: ["en_US"]
[05/03/18, 03:00:22:663] info: Counts: {"en":["en_US"]}
[05/03/18, 03:00:22:664] info: Setting en
[05/03/18, 03:00:22:665] info: Result: {"en":"en-US"}
[05/03/18, 03:00:22:666] info: Requesting to load ja-JP, alternatives are ["ja-JP","ja-JP","ja-JP"]
[05/03/18, 03:00:22:667] info: Loading dictionary for language ja-JP
[05/03/18, 03:00:22:668] info: Returning local copy: /home/nitoli/.config/Slack/dictionaries/ja-JP.bdic
[05/03/18, 03:00:22:673] info: Failed to read file /home/nitoli/.config/Slack/dictionaries/ja-JP.bdic: File exists but is most likely bogus
[05/03/18, 03:00:22:674] info: Actually downloading https://redirector.gvt1.com/edgedl/chrome/dict/ja-jp-3-0.bdic
[05/03/18, 03:00:23:107] info: Loading dictionary for language ja-JP
[05/03/18, 03:00:23:107] info: Returning local copy: /home/nitoli/.config/Slack/dictionaries/ja-JP.bdic
[05/03/18, 03:00:23:108] info: Failed to read file /home/nitoli/.config/Slack/dictionaries/ja-JP.bdic: File exists but is most likely bogus
[05/03/18, 03:00:23:109] info: Actually downloading https://redirector.gvt1.com/edgedl/chrome/dict/ja-jp-3-0.bdic
[05/03/18, 03:00:23:275] info: Loading dictionary for language ja-JP
[05/03/18, 03:00:23:276] info: Returning local copy: /home/nitoli/.config/Slack/dictionaries/ja-JP.bdic
[05/03/18, 03:00:23:279] info: Failed to read file /home/nitoli/.config/Slack/dictionaries/ja-JP.bdic: File exists but is most likely bogus
[05/03/18, 03:00:23:282] info: Actually downloading https://redirector.gvt1.com/edgedl/chrome/dict/ja-jp-3-0.bdic
[05/03/18, 03:00:23:539] info: dictionary for ja-JP_ja-JP is not available
[05/03/18, 03:00:23:539] info: Actually installing spell check provider to Electron
[05/03/18, 03:00:23:562] info: Store: SELECT_CHANNEL C0GFH3RHC
[05/03/18, 03:00:25:537] info: Couldn't detect language for text of length '1262': Not enough reliable text, ignoring sample
[05/03/18, 03:00:31:161] info: Store: SELECT_CHANNEL C0GFH3RHU
[05/03/18, 03:00:33:590] info: Requesting to load ja-JP, alternatives are ["ja-JP","ja-JP","ja-JP"]
[05/03/18, 03:00:33:590] info: Loading dictionary for language ja-JP
[05/03/18, 03:00:33:590] info: Returning local copy: /home/nitoli/.config/Slack/dictionaries/ja-JP.bdic
[05/03/18, 03:00:33:591] info: Failed to read file /home/nitoli/.config/Slack/dictionaries/ja-JP.bdic: File exists but is most likely bogus
[05/03/18, 03:00:33:591] info: Actually downloading https://redirector.gvt1.com/edgedl/chrome/dict/ja-jp-3-0.bdic
[05/03/18, 03:00:33:976] info: Loading dictionary for language ja-JP
[05/03/18, 03:00:33:977] info: Returning local copy: /home/nitoli/.config/Slack/dictionaries/ja-JP.bdic
[05/03/18, 03:00:33:979] info: Failed to read file /home/nitoli/.config/Slack/dictionaries/ja-JP.bdic: File exists but is most likely bogus
[05/03/18, 03:00:33:980] info: Actually downloading https://redirector.gvt1.com/edgedl/chrome/dict/ja-jp-3-0.bdic
[05/03/18, 03:00:34:126] info: Loading dictionary for language ja-JP
[05/03/18, 03:00:34:126] info: Returning local copy: /home/nitoli/.config/Slack/dictionaries/ja-JP.bdic
[05/03/18, 03:00:34:129] info: Failed to read file /home/nitoli/.config/Slack/dictionaries/ja-JP.bdic: File exists but is most likely bogus
[05/03/18, 03:00:34:131] info: Actually downloading https://redirector.gvt1.com/edgedl/chrome/dict/ja-jp-3-0.bdic
[05/03/18, 03:00:34:268] info: dictionary for ja-JP_ja-JP is not available
[05/03/18, 03:01:08:762] info: Store: SELECT_CHANNEL DAGGSCRDW
[05/03/18, 03:01:14:670] info: Couldn't get hint text from messages in channel: Failed to fetch recent messages
[05/03/18, 03:01:25:986] info: Unloading spellchecker
[05/03/18, 03:01:26:004] info: Unloading spellchecker
[05/03/18, 03:01:27:633] info: Restoring spellchecker
[05/03/18, 03:01:27:634] info: Requesting to load ja-JP, alternatives are ["ja-JP","ja-JP","ja-JP"]
[05/03/18, 03:01:27:637] info: Loading dictionary for language ja-JP
[05/03/18, 03:01:27:645] info: Returning local copy: /home/nitoli/.config/Slack/dictionaries/ja-JP.bdic
[05/03/18, 03:01:27:689] info: Failed to read file /home/nitoli/.config/Slack/dictionaries/ja-JP.bdic: File exists but is most likely bogus
[05/03/18, 03:01:27:690] info: Actually downloading https://redirector.gvt1.com/edgedl/chrome/dict/ja-jp-3-0.bdic
[05/03/18, 03:01:28:129] info: Loading dictionary for language ja-JP
[05/03/18, 03:01:28:131] info: Returning local copy: /home/nitoli/.config/Slack/dictionaries/ja-JP.bdic
[05/03/18, 03:01:28:134] info: Failed to read file /home/nitoli/.config/Slack/dictionaries/ja-JP.bdic: File exists but is most likely bogus
[05/03/18, 03:01:28:134] info: Actually downloading https://redirector.gvt1.com/edgedl/chrome/dict/ja-jp-3-0.bdic
[05/03/18, 03:01:28:272] info: Loading dictionary for language ja-JP
[05/03/18, 03:01:28:273] info: Returning local copy: /home/nitoli/.config/Slack/dictionaries/ja-JP.bdic
[05/03/18, 03:01:28:274] info: Failed to read file /home/nitoli/.config/Slack/dictionaries/ja-JP.bdic: File exists but is most likely bogus
[05/03/18, 03:01:28:274] info: Actually downloading https://redirector.gvt1.com/edgedl/chrome/dict/ja-jp-3-0.bdic
[05/03/18, 03:01:28:408] info: dictionary for ja-JP_ja-JP is not available
[05/03/18, 03:01:29:966] info: Store: SELECT_CHANNEL C0GFH3RHU
[05/03/18, 03:01:30:396] info: Requesting to load ja-JP, alternatives are ["ja-JP","ja-JP","ja-JP"]
[05/03/18, 03:01:30:396] info: Loading dictionary for language ja-JP
[05/03/18, 03:01:30:398] info: Returning local copy: /home/nitoli/.config/Slack/dictionaries/ja-JP.bdic
[05/03/18, 03:01:30:400] info: Failed to read file /home/nitoli/.config/Slack/dictionaries/ja-JP.bdic: File exists but is most likely bogus
[05/03/18, 03:01:30:400] info: Actually downloading https://redirector.gvt1.com/edgedl/chrome/dict/ja-jp-3-0.bdic
[05/03/18, 03:01:30:509] info: Loading dictionary for language ja-JP
[05/03/18, 03:01:30:509] info: Returning local copy: /home/nitoli/.config/Slack/dictionaries/ja-JP.bdic
[05/03/18, 03:01:30:511] info: Failed to read file /home/nitoli/.config/Slack/dictionaries/ja-JP.bdic: File exists but is most likely bogus
[05/03/18, 03:01:30:512] info: Actually downloading https://redirector.gvt1.com/edgedl/chrome/dict/ja-jp-3-0.bdic
[05/03/18, 03:01:30:682] info: Loading dictionary for language ja-JP
[05/03/18, 03:01:30:682] info: Returning local copy: /home/nitoli/.config/Slack/dictionaries/ja-JP.bdic
[05/03/18, 03:01:30:687] info: Failed to read file /home/nitoli/.config/Slack/dictionaries/ja-JP.bdic: File exists but is most likely bogus
[05/03/18, 03:01:30:688] info: Actually downloading https://redirector.gvt1.com/edgedl/chrome/dict/ja-jp-3-0.bdic
[05/03/18, 03:01:30:822] info: dictionary for ja-JP_ja-JP is not available
[05/03/18, 03:01:34:729] info: Unloading spellchecker
[05/03/18, 03:01:34:730] info: Store: SET_FULL_SCREEN
[05/03/18, 03:17:50:869] info: Store: FOREGROUND_APP
[05/03/18, 03:17:50:978] info: Restoring spellchecker
[05/03/18, 03:17:50:979] info: Requesting to load ja-JP, alternatives are ["ja-JP","ja-JP","ja-JP"]
[05/03/18, 03:17:50:979] info: Loading dictionary for language ja-JP
[05/03/18, 03:17:50:981] info: Returning local copy: /home/nitoli/.config/Slack/dictionaries/ja-JP.bdic
[05/03/18, 03:17:51:026] info: Store: MAIN_WINDOW_FOCUSED
[05/03/18, 03:17:51:027] info: Failed to read file /home/nitoli/.config/Slack/dictionaries/ja-JP.bdic: File exists but is most likely bogus
[05/03/18, 03:17:51:029] info: Actually downloading https://redirector.gvt1.com/edgedl/chrome/dict/ja-jp-3-0.bdic
[05/03/18, 03:17:51:594] info: Loading dictionary for language ja-JP
[05/03/18, 03:17:51:595] info: Returning local copy: /home/nitoli/.config/Slack/dictionaries/ja-JP.bdic
[05/03/18, 03:17:51:600] info: Failed to read file /home/nitoli/.config/Slack/dictionaries/ja-JP.bdic: File exists but is most likely bogus
[05/03/18, 03:17:51:602] info: Actually downloading https://redirector.gvt1.com/edgedl/chrome/dict/ja-jp-3-0.bdic
[05/03/18, 03:17:51:750] info: Loading dictionary for language ja-JP
[05/03/18, 03:17:51:750] info: Returning local copy: /home/nitoli/.config/Slack/dictionaries/ja-JP.bdic
[05/03/18, 03:17:51:751] info: Failed to read file /home/nitoli/.config/Slack/dictionaries/ja-JP.bdic: File exists but is most likely bogus
[05/03/18, 03:17:51:751] info: Actually downloading https://redirector.gvt1.com/edgedl/chrome/dict/ja-jp-3-0.bdic
[05/03/18, 03:17:51:881] info: dictionary for ja-JP_ja-JP is not available
[05/03/18, 03:17:55:467] info: Unloading spellchecker
[05/03/18, 03:17:55:468] info: Store: MAIN_WINDOW_FOCUSED
[05/03/18, 03:17:55:476] info: Restoring spellchecker
[05/03/18, 03:17:55:477] info: Requesting to load ja-JP, alternatives are ["ja-JP","ja-JP","ja-JP"]
[05/03/18, 03:17:55:478] info: Loading dictionary for language ja-JP
[05/03/18, 03:17:55:478] info: Returning local copy: /home/nitoli/.config/Slack/dictionaries/ja-JP.bdic
[05/03/18, 03:17:55:524] info: Failed to read file /home/nitoli/.config/Slack/dictionaries/ja-JP.bdic: File exists but is most likely bogus
[05/03/18, 03:17:55:525] info: Actually downloading https://redirector.gvt1.com/edgedl/chrome/dict/ja-jp-3-0.bdic
[05/03/18, 03:17:55:568] info: Store: SELECT_TEAM T5YEC6G73
[05/03/18, 03:17:55:581] info: Unloading spellchecker
[05/03/18, 03:17:55:587] info: Unloading spellchecker
[05/03/18, 03:17:55:588] info: Store: UPDATE_SETTINGS
{
  "locale": "en-US"
}
[05/03/18, 03:17:55:589] info: TranslationLookup: locale set to en-US for renderer
[05/03/18, 03:17:55:640] info: Loading dictionary for language ja-JP
[05/03/18, 03:17:55:640] info: Returning local copy: /home/nitoli/.config/Slack/dictionaries/ja-JP.bdic
[05/03/18, 03:17:55:641] info: Failed to read file /home/nitoli/.config/Slack/dictionaries/ja-JP.bdic: File exists but is most likely bogus
[05/03/18, 03:17:55:641] info: Actually downloading https://redirector.gvt1.com/edgedl/chrome/dict/ja-jp-3-0.bdic
[05/03/18, 03:17:55:831] info: Loading dictionary for language ja-JP
[05/03/18, 03:17:55:832] info: Returning local copy: /home/nitoli/.config/Slack/dictionaries/ja-JP.bdic
[05/03/18, 03:17:55:832] info: Failed to read file /home/nitoli/.config/Slack/dictionaries/ja-JP.bdic: File exists but is most likely bogus
[05/03/18, 03:17:55:833] info: Actually downloading https://redirector.gvt1.com/edgedl/chrome/dict/ja-jp-3-0.bdic
[05/03/18, 03:17:55:945] info: dictionary for ja-JP_ja-JP is not available
[05/03/18, 03:17:56:846] info: Store: MAIN_WINDOW_FOCUSED
[05/03/18, 03:17:56:953] info: Store: SELECT_TEAM T02R0MMHK
[05/03/18, 03:18:31:475] info: Store: SELECT_CHANNEL DAHC8TMSR
[05/03/18, 03:22:44:703] info: Store: NEW_NOTIFICATION
{
  "avatarImage": "https://ca.slack-edge.com/T5LFW0CUB-U7Q4KGJHW-e0a9e71ac967-512",
  "channel": "G7GGG2GPN",
  "content": "[REDACTED]",
  "id": "LJ05fPhmnKE4w9J",
  "imageUri": null,
  "launchUri": "slack://channel?id=G7GGG2GPN&message=1525285364.000612&team=T5LFW0CUB",
  "msg": "1525285364.000612",
  "silent": true,
  "subtitle": "",
  "teamId": "T5LFW0CUB",
  "title": "[REDACTED]"
}
[05/03/18, 03:22:56:114] info: Store: NEW_NOTIFICATION
{
  "avatarImage": "https://ca.slack-edge.com/T5LFW0CUB-U7Q4KGJHW-e0a9e71ac967-512",
  "channel": "G7GGG2GPN",
  "content": "[REDACTED]",
  "id": "wr2RfviKrQDGKoM",
  "imageUri": null,
  "launchUri": "slack://channel?id=G7GGG2GPN&message=1525285376.000032&team=T5LFW0CUB",
  "msg": "1525285376.000032",
  "silent": true,
  "subtitle": "",
  "teamId": "T5LFW0CUB",
  "title": "[REDACTED]"
}
[05/03/18, 03:26:18:250] info: Store: NEW_NOTIFICATION
{
  "avatarImage": "https://ca.slack-edge.com/T5LFW0CUB-U7LV729FH-7abf48109563-512",
  "channel": "G7GGG2GPN",
  "content": "[REDACTED]",
  "id": "8EWBiOsMDR8xY5D",
  "imageUri": null,
  "launchUri": "slack://channel?id=G7GGG2GPN&message=1525285578.000148&team=T5LFW0CUB",
  "msg": "1525285578.000148",
  "silent": true,
  "subtitle": "",
  "teamId": "T5LFW0CUB",
  "title": "[REDACTED]"
}
[05/03/18, 03:29:42:805] info: Store: NEW_NOTIFICATION
{
  "avatarImage": "https://ca.slack-edge.com/T5LFW0CUB-U5LLUGFBP-09baf110cf7e-512",
  "channel": "G7GGG2GPN",
  "content": "[REDACTED]",
  "id": "R1k5HgtOw0k7l65",
  "imageUri": null,
  "launchUri": "slack://channel?id=G7GGG2GPN&message=1525285782.000626&team=T5LFW0CUB",
  "msg": "1525285782.000626",
  "silent": true,
  "subtitle": "",
  "teamId": "T5LFW0CUB",
  "title": "[REDACTED]"
}
[05/03/18, 03:33:47:985] info: Store: NEW_NOTIFICATION
{
  "avatarImage": "https://ca.slack-edge.com/T5LFW0CUB-U7LV729FH-7abf48109563-512",
  "channel": "G7GGG2GPN",
  "content": "[REDACTED]",
  "id": "nO7NimuZq0BgAzq",
  "imageUri": null,
  "launchUri": "slack://channel?id=G7GGG2GPN&message=1525286027.000784&team=T5LFW0CUB",
  "msg": "1525286027.000784",
  "silent": true,
  "subtitle": "",
  "teamId": "T5LFW0CUB",
  "title": "[REDACTED]"
}
[05/03/18, 03:34:00:678] info: Store: NEW_NOTIFICATION
{
  "avatarImage": "https://ca.slack-edge.com/T5LFW0CUB-U7Q4KGJHW-e0a9e71ac967-512",
  "channel": "G7GGG2GPN",
  "content": "[REDACTED]",
  "id": "0LEXtgCWvrygXy8",
  "imageUri": null,
  "launchUri": "slack://channel?id=G7GGG2GPN&message=1525286040.000550&team=T5LFW0CUB",
  "msg": "1525286040.000550",
  "silent": true,
  "subtitle": "",
  "teamId": "T5LFW0CUB",
  "title": "[REDACTED]"
}
[05/03/18, 03:34:15:736] info: Store: NEW_NOTIFICATION
{
  "avatarImage": "https://ca.slack-edge.com/T5LFW0CUB-U7LV729FH-7abf48109563-512",
  "channel": "G7GGG2GPN",
  "content": "[REDACTED]",
  "id": "x187H9FwJgOLYnQ",
  "imageUri": null,
  "launchUri": "slack://channel?id=G7GGG2GPN&message=1525286055.000567&team=T5LFW0CUB",
  "msg": "1525286055.000567",
  "silent": true,
  "subtitle": "",
  "teamId": "T5LFW0CUB",
  "title": "[REDACTED]"
}
[05/03/18, 03:34:20:203] info: Store: NEW_NOTIFICATION
{
  "avatarImage": "https://ca.slack-edge.com/T5LFW0CUB-U7LV729FH-7abf48109563-512",
  "channel": "G7GGG2GPN",
  "content": "[REDACTED]",
  "id": "p2BXCyHGlkmQJzB",
  "imageUri": null,
  "launchUri": "slack://channel?id=G7GGG2GPN&message=1525286060.000133&team=T5LFW0CUB",
  "msg": "1525286060.000133",
  "silent": true,
  "subtitle": "",
  "teamId": "T5LFW0CUB",
  "title": "[REDACTED]"
}
[05/03/18, 03:38:52:186] info: Store: NEW_NOTIFICATION
{
  "avatarImage": "https://ca.slack-edge.com/T5LFW0CUB-U7Q4KGJHW-e0a9e71ac967-512",
  "channel": "G7GGG2GPN",
  "content": "[REDACTED]",
  "id": "g28QC4I3wKWnP59",
  "imageUri": null,
  "launchUri": "slack://channel?id=G7GGG2GPN&message=1525286332.000033&team=T5LFW0CUB",
  "msg": "1525286332.000033",
  "silent": true,
  "subtitle": "",
  "teamId": "T5LFW0CUB",
  "title": "[REDACTED]"
}
[05/03/18, 03:39:32:308] info: Store: NEW_NOTIFICATION
{
  "avatarImage": "https://ca.slack-edge.com/T5LFW0CUB-U5LLUGFBP-09baf110cf7e-512",
  "channel": "G7GGG2GPN",
  "content": "[REDACTED]",
  "id": "WqpjIZSnkLYA4pw",
  "imageUri": null,
  "launchUri": "slack://channel?id=G7GGG2GPN&message=1525286372.000190&team=T5LFW0CUB",
  "msg": "1525286372.000190",
  "silent": true,
  "subtitle": "",
  "teamId": "T5LFW0CUB",
  "title": "[REDACTED]"
}
[05/03/18, 03:39:44:641] info: Store: NEW_NOTIFICATION
{
  "avatarImage": "https://ca.slack-edge.com/T5LFW0CUB-U5LLUGFBP-09baf110cf7e-512",
  "channel": "G7GGG2GPN",
  "content": "[REDACTED]",
  "id": "O8L5H3Tr1jxOgm1",
  "imageUri": null,
  "launchUri": "slack://channel?id=G7GGG2GPN&message=1525286384.000498&team=T5LFW0CUB",
  "msg": "1525286384.000498",
  "silent": true,
  "subtitle": "",
  "teamId": "T5LFW0CUB",
  "title": "[REDACTED]"
}
[05/03/18, 03:53:21:661] info: Store: NEW_NOTIFICATION
{
  "avatarImage": "https://ca.slack-edge.com/T5LFW0CUB-U7Q4KGJHW-e0a9e71ac967-512",
  "channel": "G7GGG2GPN",
  "content": "[REDACTED]",
  "id": "Q7j5cmUkWQpB112",
  "imageUri": null,
  "launchUri": "slack://channel?id=G7GGG2GPN&message=1525287201.000513&team=T5LFW0CUB",
  "msg": "1525287201.000513",
  "silent": true,
  "subtitle": "",
  "teamId": "T5LFW0CUB",
  "title": "[REDACTED]"
}
[05/03/18, 03:53:40:346] info: Store: NEW_NOTIFICATION
{
  "avatarImage": "https://ca.slack-edge.com/T5LFW0CUB-U7Q4KGJHW-e0a9e71ac967-512",
  "channel": "G7GGG2GPN",
  "content": "[REDACTED]",
  "id": "my8MfLc9X3gov3Q",
  "imageUri": null,
  "launchUri": "slack://channel?id=G7GGG2GPN&message=1525287220.000238&team=T5LFW0CUB",
  "msg": "1525287220.000238",
  "silent": true,
  "subtitle": "",
  "teamId": "T5LFW0CUB",
  "title": "[REDACTED]"
}
[05/03/18, 03:55:52:452] info: Store: NEW_NOTIFICATION
{
  "avatarImage": "https://ca.slack-edge.com/T5LFW0CUB-U7Q4KGJHW-e0a9e71ac967-512",
  "channel": "G7GGG2GPN",
  "content": "[REDACTED]",
  "id": "G8zQHyfQDY38PNZ",
  "imageUri": null,
  "launchUri": "slack://channel?id=G7GGG2GPN&message=1525287352.000191&team=T5LFW0CUB",
  "msg": "1525287352.000191",
  "silent": true,
  "subtitle": "",
  "teamId": "T5LFW0CUB",
  "title": "[REDACTED]"
}
[05/03/18, 05:11:34:920] info: Store: FOREGROUND_APP
[05/03/18, 05:11:34:952] info: Store: MAIN_WINDOW_FOCUSED
[05/03/18, 07:42:35:070] info: Store: FOREGROUND_APP
[05/03/18, 07:42:35:083] info: Store: MAIN_WINDOW_FOCUSED
[05/03/18, 07:43:26:758] info: Store: FOREGROUND_APP
[05/03/18, 07:43:26:783] info: Store: MAIN_WINDOW_FOCUSED
[05/03/18, 07:43:28:927] info: Store: MAIN_WINDOW_FOCUSED
[05/03/18, 07:43:29:077] info: Store: SELECT_TEAM T5YEC6G73
[05/03/18, 07:43:31:866] info: Store: SELECT_CHANNEL C611PHRBQ
[05/03/18, 07:44:17:881] info: Store: MAIN_WINDOW_FOCUSED
[05/03/18, 07:44:19:482] info: Store: MAIN_WINDOW_FOCUSED
[05/03/18, 07:44:19:586] info: Store: SELECT_TEAM T02R0MMHK
[05/03/18, 07:44:32:187] info: Store: MAIN_WINDOW_FOCUSED
[05/03/18, 07:44:32:343] info: Store: SELECT_TEAM T5LFW0CUB
[05/03/18, 07:44:32:356] info: Store: UPDATE_SETTINGS
{
  "locale": "ja-JP"
}
[05/03/18, 07:44:32:357] info: TranslationLookup: locale set to ja-JP for renderer
[05/03/18, 07:44:36:045] info: Store: SELECT_CHANNEL G7GGG2GPN
[05/03/18, 07:44:45:528] info: Store: MAIN_WINDOW_FOCUSED
[05/03/18, 07:44:45:640] info: Store: SELECT_TEAM T02R0MMHK
[05/03/18, 07:44:45:653] info: Store: UPDATE_SETTINGS
{
  "locale": "en-US"
}
[05/03/18, 07:44:45:654] info: TranslationLookup: locale set to en-US for renderer
[05/03/18, 07:44:47:706] info: Store: MAIN_WINDOW_FOCUSED
[05/03/18, 07:44:47:833] info: Store: SELECT_TEAM T5YEC6G73
[05/03/18, 07:46:36:959] info: Store: MAIN_WINDOW_FOCUSED
[05/03/18, 07:51:40:232] info: Store: MAIN_WINDOW_FOCUSED
[05/03/18, 08:27:54:522] info: Store: UNLOAD_WEB_CONTENTS T4HEMM0UR
[05/03/18, 09:17:56:513] info: Store: UNLOAD_WEB_CONTENTS T0GFBAM8C
