[05/07/18, 14:43:41:986] info: ╔════════════════════════════════════════════════════════════════════════════╗
[05/07/18, 14:43:41:992] info: ║      Slack 3.1.1, linux 4.16.6-1-zen on x64 at 05/07/18, 14:43:41:982      ║
[05/07/18, 14:43:41:992] info: ╚════════════════════════════════════════════════════════════════════════════╝
[05/07/18, 14:43:42:236] info: Initializing local storage instance at path: /home/nitoli/.config/Slack/local-settings.json
[05/07/18, 14:43:43:164] error: Calls failed to load, bailing
[05/07/18, 14:43:43:166] info: cld3::loadModule: loading cld3 module
[05/07/18, 14:43:43:238] info: cld3Loader::loadModule: running environment is NODE
[05/07/18, 14:43:43:239] info: cld3Loader::loadModule: constructed module object for runtime
[05/07/18, 14:43:44:071] info: cld3Loader::initializeRuntime: successfully initialized module
[05/07/18, 14:43:44:071] info: cld3Loader::loadModule: initialized wasm binary Runtime
[05/07/18, 14:43:44:077] warn: updateSpellcheckerLanguage: Tried to update language, but spellchecker not initialized
[05/07/18, 14:43:44:079] info: SSBIntegration: Main window preload script loaded 2955.847545
[05/07/18, 14:43:44:104] info: Store: UPSERT_WEB_CONTENTS
{
  "id": 7,
  "state": "loaded",
  "teamId": "T0GFBAM8C"
}
[05/07/18, 14:43:44:107] info: Store: UPSERT_WEB_CONTENTS
{
  "id": 4,
  "state": "loaded",
  "teamId": "T02R0MMHK"
}
[05/07/18, 14:43:44:108] info: Store: UPSERT_WEB_CONTENTS
{
  "id": 7,
  "state": "empty-page",
  "teamId": "T0GFBAM8C"
}
[05/07/18, 14:43:44:108] info: Store: UPSERT_WEB_CONTENTS
{
  "id": 7,
  "state": "page-will-navigate",
  "teamId": "T0GFBAM8C"
}
[05/07/18, 14:43:44:109] info: Store: UPSERT_WEB_CONTENTS
{
  "id": 4,
  "state": "empty-page",
  "teamId": "T02R0MMHK"
}
[05/07/18, 14:43:44:110] info: Store: UPSERT_WEB_CONTENTS
{
  "id": 4,
  "state": "page-will-navigate",
  "teamId": "T02R0MMHK"
}
[05/07/18, 14:43:44:110] info: Store: UPSERT_WEB_CONTENTS
{
  "id": 6,
  "state": "loaded",
  "teamId": "T5LFW0CUB"
}
[05/07/18, 14:43:44:111] info: Store: UPSERT_WEB_CONTENTS
{
  "id": 6,
  "state": "empty-page",
  "teamId": "T5LFW0CUB"
}
[05/07/18, 14:43:44:111] info: Store: UPSERT_WEB_CONTENTS
{
  "id": 6,
  "state": "page-will-navigate",
  "teamId": "T5LFW0CUB"
}
[05/07/18, 14:43:44:116] info: Store: UPSERT_WEB_CONTENTS
{
  "id": 3,
  "state": "loaded",
  "teamId": "T5YEC6G73"
}
[05/07/18, 14:43:44:123] info: Store: UPSERT_WEB_CONTENTS
{
  "id": 3,
  "state": "empty-page",
  "teamId": "T5YEC6G73"
}
[05/07/18, 14:43:44:134] info: Store: UPSERT_WEB_CONTENTS
{
  "id": 5,
  "state": "loaded",
  "teamId": "T4HEMM0UR"
}
[05/07/18, 14:43:44:144] info: Store: UPSERT_WEB_CONTENTS
{
  "id": 3,
  "state": "page-will-navigate",
  "teamId": "T5YEC6G73"
}
[05/07/18, 14:43:44:145] info: Window is unloading, winssb is no longer accessible
[05/07/18, 14:43:44:168] info: Store: UPSERT_WEB_CONTENTS
{
  "id": 5,
  "state": "empty-page",
  "teamId": "T4HEMM0UR"
}
[05/07/18, 14:43:44:175] info: Store: UPSERT_WEB_CONTENTS
{
  "id": 5,
  "state": "page-will-navigate",
  "teamId": "T4HEMM0UR"
}
[05/07/18, 14:43:44:357] info: Store: SET_NETWORK_STATUS offline
