[05/02/18, 11:09:28:948] info: ╔════════════════════════════════════════════════════════════════════════════╗
[05/02/18, 11:09:28:949] info: ║      Slack 3.1.1, linux 4.16.5-1-zen on x64 at 05/02/18, 11:09:28:945      ║
[05/02/18, 11:09:28:950] info: ╚════════════════════════════════════════════════════════════════════════════╝
[05/02/18, 11:09:29:091] info: Initializing local storage instance at path: /home/nitoli/.config/Slack/local-settings.json
[05/02/18, 11:09:29:621] error: Calls failed to load, bailing
[05/02/18, 11:09:29:626] info: cld3::loadModule: loading cld3 module
[05/02/18, 11:09:29:667] info: cld3Loader::loadModule: running environment is NODE
[05/02/18, 11:09:29:667] info: cld3Loader::loadModule: constructed module object for runtime
[05/02/18, 11:09:30:113] info: cld3Loader::initializeRuntime: successfully initialized module
[05/02/18, 11:09:30:113] info: cld3Loader::loadModule: initialized wasm binary Runtime
[05/02/18, 11:09:30:122] warn: updateSpellcheckerLanguage: Tried to update language, but spellchecker not initialized
[05/02/18, 11:09:30:123] info: SSBIntegration: Main window preload script loaded 1663.185454
[05/02/18, 11:09:30:157] info: Store: UPSERT_WEB_CONTENTS
{
  "id": 5,
  "state": "loaded",
  "teamId": "T4HEMM0UR"
}
[05/02/18, 11:09:30:159] info: Store: UPSERT_WEB_CONTENTS
{
  "id": 5,
  "state": "empty-page",
  "teamId": "T4HEMM0UR"
}
[05/02/18, 11:09:30:160] info: Store: UPSERT_WEB_CONTENTS
{
  "id": 5,
  "state": "page-will-navigate",
  "teamId": "T4HEMM0UR"
}
[05/02/18, 11:09:30:161] info: Store: SET_NETWORK_STATUS offline
[05/02/18, 11:09:30:163] info: Store: UPDATE_SESSION_STATUS
{
  "hasValidSession": null,
  "teamId": "T02R0MMHK"
}
[05/02/18, 11:09:30:164] info: Store: UPDATE_SESSION_STATUS
{
  "hasValidSession": null,
  "teamId": "T5YEC6G73"
}
[05/02/18, 11:09:30:164] info: Store: UPDATE_SESSION_STATUS
{
  "hasValidSession": null,
  "teamId": "T4HEMM0UR"
}
[05/02/18, 11:09:30:174] info: Store: UPSERT_WEB_CONTENTS
{
  "id": 4,
  "state": "loaded",
  "teamId": "T5YEC6G73"
}
[05/02/18, 11:09:30:194] info: Store: UPSERT_WEB_CONTENTS
{
  "id": 4,
  "state": "empty-page",
  "teamId": "T5YEC6G73"
}
[05/02/18, 11:09:30:224] info: Store: UPSERT_WEB_CONTENTS
{
  "id": 3,
  "state": "loaded",
  "teamId": "T02R0MMHK"
}
[05/02/18, 11:09:30:243] info: Store: UPSERT_WEB_CONTENTS
{
  "id": 3,
  "state": "empty-page",
  "teamId": "T02R0MMHK"
}
[05/02/18, 11:09:30:276] info: Store: UPDATE_SESSION_STATUS
{
  "hasValidSession": null,
  "teamId": "T5YEC6G73"
}
[05/02/18, 11:09:30:350] info: Store: UPDATE_SESSION_STATUS
{
  "hasValidSession": null,
  "teamId": "T02R0MMHK"
}
[05/02/18, 11:09:30:472] info: Store: UPSERT_WEB_CONTENTS
{
  "id": 5,
  "state": "loaded",
  "teamId": "T4HEMM0UR"
}
[05/02/18, 11:09:30:484] info: Store: UPSERT_WEB_CONTENTS
{
  "id": 5,
  "state": "empty-page",
  "teamId": "T4HEMM0UR"
}
[05/02/18, 11:09:30:578] info: Store: UPDATE_SESSION_STATUS
{
  "hasValidSession": null,
  "teamId": "T4HEMM0UR"
}
[05/02/18, 13:20:56:987] info: Store: QUIT_APP
[05/02/18, 13:20:57:019] info: Store: REMOVE_WINDOW 2
[05/02/18, 13:20:57:079] info: Store: QUIT_APP
