[05/05/18, 01:26:54:126] info: ╔════════════════════════════════════════════════════════════════════════════╗
[05/05/18, 01:26:54:127] info: ║      Slack 3.1.1, linux 4.16.6-1-zen on x64 at 05/05/18, 01:26:54:115      ║
[05/05/18, 01:26:54:127] info: ╚════════════════════════════════════════════════════════════════════════════╝
[05/05/18, 01:26:54:563] info: Initializing local storage instance at path: /home/nitoli/.config/Slack/local-settings.json
[05/05/18, 01:26:56:806] error: Calls failed to load, bailing
[05/05/18, 01:26:56:844] info: cld3::loadModule: loading cld3 module
[05/05/18, 01:26:57:102] info: cld3Loader::loadModule: running environment is NODE
[05/05/18, 01:26:57:103] info: cld3Loader::loadModule: constructed module object for runtime
[05/05/18, 01:26:58:147] info: cld3Loader::initializeRuntime: successfully initialized module
[05/05/18, 01:26:58:168] info: cld3Loader::loadModule: initialized wasm binary Runtime
[05/05/18, 01:26:58:202] warn: updateSpellcheckerLanguage: Tried to update language, but spellchecker not initialized
[05/05/18, 01:26:58:210] info: SSBIntegration: Main window preload script loaded 5961.702364
[05/05/18, 01:26:58:329] info: Store: UPSERT_WEB_CONTENTS
{
  "id": 3,
  "state": "loaded",
  "teamId": "T02R0MMHK"
}
[05/05/18, 01:26:58:345] info: Store: UPSERT_WEB_CONTENTS
{
  "id": 3,
  "state": "empty-page",
  "teamId": "T02R0MMHK"
}
[05/05/18, 01:26:58:345] info: Store: UPSERT_WEB_CONTENTS
{
  "id": 3,
  "state": "page-will-navigate",
  "teamId": "T02R0MMHK"
}
[05/05/18, 01:26:58:346] info: Store: UPSERT_WEB_CONTENTS
{
  "id": 7,
  "state": "loaded",
  "teamId": "T0GFBAM8C"
}
[05/05/18, 01:26:58:346] info: Store: UPSERT_WEB_CONTENTS
{
  "id": 7,
  "state": "empty-page",
  "teamId": "T0GFBAM8C"
}
[05/05/18, 01:26:58:363] info: Store: UPSERT_WEB_CONTENTS
{
  "id": 7,
  "state": "page-will-navigate",
  "teamId": "T0GFBAM8C"
}
[05/05/18, 01:26:58:377] info: Store: UPSERT_WEB_CONTENTS
{
  "id": 6,
  "state": "loaded",
  "teamId": "T5LFW0CUB"
}
[05/05/18, 01:26:58:510] info: Store: UPSERT_WEB_CONTENTS
{
  "id": 6,
  "state": "empty-page",
  "teamId": "T5LFW0CUB"
}
[05/05/18, 01:26:58:592] info: Store: UPSERT_WEB_CONTENTS
{
  "id": 6,
  "state": "page-will-navigate",
  "teamId": "T5LFW0CUB"
}
[05/05/18, 01:26:58:593] info: Window is unloading, winssb is no longer accessible
[05/05/18, 01:26:59:074] info: Store: UPSERT_WEB_CONTENTS
{
  "id": 4,
  "state": "loaded",
  "teamId": "T5YEC6G73"
}
[05/05/18, 01:26:59:127] info: Store: UPSERT_WEB_CONTENTS
{
  "id": 4,
  "state": "empty-page",
  "teamId": "T5YEC6G73"
}
[05/05/18, 01:26:59:152] info: Store: UPSERT_WEB_CONTENTS
{
  "id": 5,
  "state": "loaded",
  "teamId": "T4HEMM0UR"
}
[05/05/18, 01:26:59:162] info: Store: UPSERT_WEB_CONTENTS
{
  "id": 4,
  "state": "page-will-navigate",
  "teamId": "T5YEC6G73"
}
[05/05/18, 01:26:59:182] info: Store: UPSERT_WEB_CONTENTS
{
  "id": 5,
  "state": "empty-page",
  "teamId": "T4HEMM0UR"
}
[05/05/18, 01:26:59:238] info: Store: UPSERT_WEB_CONTENTS
{
  "id": 5,
  "state": "page-will-navigate",
  "teamId": "T4HEMM0UR"
}
[05/05/18, 01:26:59:311] info: Store: SET_NETWORK_STATUS offline
[05/05/18, 01:27:00:018] info: Store: UPDATE_SESSION_STATUS
{
  "hasValidSession": true,
  "teamId": "T02R0MMHK"
}
[05/05/18, 01:27:00:079] info: Store: UPDATE_SESSION_STATUS
{
  "hasValidSession": true,
  "teamId": "T0GFBAM8C"
}
[05/05/18, 01:27:00:095] info: Store: UPDATE_SESSION_STATUS
{
  "hasValidSession": true,
  "teamId": "T4HEMM0UR"
}
[05/05/18, 01:27:00:095] info: Store: UPDATE_SESSION_STATUS
{
  "hasValidSession": true,
  "teamId": "T5LFW0CUB"
}
[05/05/18, 01:27:00:096] info: Store: UPDATE_SESSION_STATUS
{
  "hasValidSession": true,
  "teamId": "T5YEC6G73"
}
