[05/09/18, 21:54:25:308] info: ╔════════════════════════════════════════════════════════════════════════════╗
[05/09/18, 21:54:25:309] info: ║      Slack 3.1.1, linux 4.16.7-1-zen on x64 at 05/09/18, 21:54:25:304      ║
[05/09/18, 21:54:25:309] info: ╚════════════════════════════════════════════════════════════════════════════╝
[05/09/18, 21:54:25:611] info: Initializing local storage instance at path: /home/nitoli/.config/Slack/local-settings.json
[05/09/18, 21:54:26:578] error: Calls failed to load, bailing
[05/09/18, 21:54:26:583] info: cld3::loadModule: loading cld3 module
[05/09/18, 21:54:26:640] info: cld3Loader::loadModule: running environment is NODE
[05/09/18, 21:54:26:640] info: cld3Loader::loadModule: constructed module object for runtime
[05/09/18, 21:54:27:646] info: cld3Loader::initializeRuntime: successfully initialized module
[05/09/18, 21:54:27:646] info: cld3Loader::loadModule: initialized wasm binary Runtime
[05/09/18, 21:54:27:666] warn: updateSpellcheckerLanguage: Tried to update language, but spellchecker not initialized
[05/09/18, 21:54:27:676] info: SSBIntegration: Main window preload script loaded 3388.054318
[05/09/18, 21:54:27:717] info: Store: UPSERT_WEB_CONTENTS
{
  "id": 6,
  "state": "loaded",
  "teamId": "T5LFW0CUB"
}
[05/09/18, 21:54:27:731] info: Store: UPSERT_WEB_CONTENTS
{
  "id": 4,
  "state": "loaded",
  "teamId": "T5YEC6G73"
}
[05/09/18, 21:54:27:734] info: Store: UPSERT_WEB_CONTENTS
{
  "id": 6,
  "state": "empty-page",
  "teamId": "T5LFW0CUB"
}
[05/09/18, 21:54:27:735] info: Store: UPSERT_WEB_CONTENTS
{
  "id": 6,
  "state": "page-will-navigate",
  "teamId": "T5LFW0CUB"
}
[05/09/18, 21:54:27:736] info: Store: UPSERT_WEB_CONTENTS
{
  "id": 4,
  "state": "empty-page",
  "teamId": "T5YEC6G73"
}
[05/09/18, 21:54:27:736] info: Store: UPSERT_WEB_CONTENTS
{
  "id": 4,
  "state": "page-will-navigate",
  "teamId": "T5YEC6G73"
}
[05/09/18, 21:54:27:741] info: Store: UPSERT_WEB_CONTENTS
{
  "id": 5,
  "state": "loaded",
  "teamId": "T4HEMM0UR"
}
[05/09/18, 21:54:27:759] info: Store: UPSERT_WEB_CONTENTS
{
  "id": 5,
  "state": "empty-page",
  "teamId": "T4HEMM0UR"
}
[05/09/18, 21:54:27:767] info: Store: UPSERT_WEB_CONTENTS
{
  "id": 5,
  "state": "page-will-navigate",
  "teamId": "T4HEMM0UR"
}
[05/09/18, 21:54:27:776] info: Window is unloading, winssb is no longer accessible
[05/09/18, 21:54:27:777] info: Store: UPSERT_WEB_CONTENTS
{
  "id": 7,
  "state": "loaded",
  "teamId": "T0GFBAM8C"
}
[05/09/18, 21:54:27:831] info: Store: UPSERT_WEB_CONTENTS
{
  "id": 7,
  "state": "empty-page",
  "teamId": "T0GFBAM8C"
}
[05/09/18, 21:54:27:842] info: Store: UPSERT_WEB_CONTENTS
{
  "id": 7,
  "state": "page-will-navigate",
  "teamId": "T0GFBAM8C"
}
[05/09/18, 21:54:27:865] info: Store: UPSERT_WEB_CONTENTS
{
  "id": 3,
  "state": "loaded",
  "teamId": "T02R0MMHK"
}
[05/09/18, 21:54:27:899] info: Store: UPSERT_WEB_CONTENTS
{
  "id": 3,
  "state": "empty-page",
  "teamId": "T02R0MMHK"
}
[05/09/18, 21:54:27:913] info: Store: UPSERT_WEB_CONTENTS
{
  "id": 3,
  "state": "page-will-navigate",
  "teamId": "T02R0MMHK"
}
[05/09/18, 21:54:28:012] info: Store: SET_NETWORK_STATUS offline
