[05/08/18, 15:25:13:282] info: ╔════════════════════════════════════════════════════════════════════════════╗
[05/08/18, 15:25:13:283] info: ║      Slack 3.1.1, linux 4.16.6-1-zen on x64 at 05/08/18, 15:25:13:278      ║
[05/08/18, 15:25:13:283] info: ╚════════════════════════════════════════════════════════════════════════════╝
[05/08/18, 15:25:13:415] info: Initializing local storage instance at path: /home/nitoli/.config/Slack/local-settings.json
[05/08/18, 15:25:14:063] error: Calls failed to load, bailing
[05/08/18, 15:25:14:079] info: cld3::loadModule: loading cld3 module
[05/08/18, 15:25:14:162] info: cld3Loader::loadModule: running environment is NODE
[05/08/18, 15:25:14:163] info: cld3Loader::loadModule: constructed module object for runtime
[05/08/18, 15:25:14:632] info: cld3Loader::initializeRuntime: successfully initialized module
[05/08/18, 15:25:14:632] info: cld3Loader::loadModule: initialized wasm binary Runtime
[05/08/18, 15:25:14:639] warn: updateSpellcheckerLanguage: Tried to update language, but spellchecker not initialized
[05/08/18, 15:25:14:639] info: TranslationLookup: locale set to ja-JP for renderer
[05/08/18, 15:25:14:642] info: SSBIntegration: Main window preload script loaded 1796.79763
[05/08/18, 15:25:25:150] info: Store: SELECT_CHANNEL C8Y1H7TEE
[05/08/18, 15:25:25:153] info: Store: UPDATE_TEAM_LOCALE
{
  "locale": "en-US"
}
[05/08/18, 15:25:25:154] info: Store: UPDATE_SETTINGS
{
  "locale": "ja-JP"
}
[05/08/18, 15:25:25:167] info: Store: SELECT_CHANNEL C4JRHEQB1
[05/08/18, 15:25:25:168] info: Store: UPDATE_TEAM_LOCALE
{
  "locale": "ja-JP"
}
[05/08/18, 15:25:25:169] info: Store: SELECT_CHANNEL DAKU6817C
[05/08/18, 15:25:25:170] info: Store: UPDATE_TEAM_LOCALE
{
  "locale": "en-US"
}
[05/08/18, 15:25:25:171] info: Store: UPSERT_WEB_CONTENTS
{
  "id": 4,
  "state": "loaded",
  "teamId": "T5YEC6G73"
}
[05/08/18, 15:25:25:172] info: Store: UPDATE_SESSION_STATUS
{
  "hasValidSession": true,
  "teamId": "T5YEC6G73"
}
[05/08/18, 15:25:25:173] info: Store: UPDATE_TEAM_LOCALE
{
  "locale": "en-US"
}
[05/08/18, 15:25:25:174] info: Store: UPSERT_WEB_CONTENTS
{
  "id": 4,
  "state": "webapp-loaded",
  "teamId": "T5YEC6G73"
}
[05/08/18, 15:25:25:189] info: Store: UPSERT_WEB_CONTENTS
{
  "id": 6,
  "state": "loaded",
  "teamId": "T4HEMM0UR"
}
[05/08/18, 15:25:25:252] info: Store: UPDATE_TEAM_THEME
{
  "teamId": "T5YEC6G73",
  "theme": {
    "active_item": "#4C9689",
    "active_item_text": "#FFFFFF",
    "active_presence": "#38978D",
    "badge": "#EB4D5C",
    "column_bg": "#4D394B",
    "hover_item": "#3E313C",
    "menu_bg": "#3E313C",
    "text_color": "#FFFFFF"
  }
}
[05/08/18, 15:25:25:253] info: Store: UPSERT_WEB_CONTENTS
{
  "id": 5,
  "state": "loaded",
  "teamId": "T02R0MMHK"
}
[05/08/18, 15:25:25:253] info: Store: STORE_API_TOKEN
{
  "teamId": "T5YEC6G73",
  "token": "xoxs-⋯"
}
[05/08/18, 15:25:25:253] info: Store: UPDATE_TEAM_ICONS
{
  "icons": {
    "image_102": "https://slack-files2.s3-us-west-2.amazonaws.com/avatars/2017-06-28/205110093367_6705e64b9b4a8299bd1f_102.png",
    "image_132": "https://slack-files2.s3-us-west-2.amazonaws.com/avatars/2017-06-28/205110093367_6705e64b9b4a8299bd1f_132.png",
    "image_230": "https://slack-files2.s3-us-west-2.amazonaws.com/avatars/2017-06-28/205110093367_6705e64b9b4a8299bd1f_230.png",
    "image_34": "https://slack-files2.s3-us-west-2.amazonaws.com/avatars/2017-06-28/205110093367_6705e64b9b4a8299bd1f_34.png",
    "image_44": "https://slack-files2.s3-us-west-2.amazonaws.com/avatars/2017-06-28/205110093367_6705e64b9b4a8299bd1f_44.png",
    "image_68": "https://slack-files2.s3-us-west-2.amazonaws.com/avatars/2017-06-28/205110093367_6705e64b9b4a8299bd1f_68.png",
    "image_88": "https://slack-files2.s3-us-west-2.amazonaws.com/avatars/2017-06-28/205110093367_6705e64b9b4a8299bd1f_88.png",
    "image_original": "https://slack-files2.s3-us-west-2.amazonaws.com/avatars/2017-06-28/205110093367_6705e64b9b4a8299bd1f_original.png"
  },
  "teamId": "T5YEC6G73"
}
[05/08/18, 15:25:25:254] info: Store: SELECT_CHANNEL G7GGG2GPN
[05/08/18, 15:25:25:254] info: Store: UPDATE_SESSION_STATUS
{
  "hasValidSession": true,
  "teamId": "T4HEMM0UR"
}
[05/08/18, 15:25:25:256] info: Store: SELECT_CHANNEL C0GFH3RHC
[05/08/18, 15:25:25:257] info: Store: UPDATE_TEAM_LOCALE
{
  "locale": "ja-JP"
}
[05/08/18, 15:25:25:257] info: Store: UPDATE_SESSION_STATUS
{
  "hasValidSession": true,
  "teamId": "T02R0MMHK"
}
[05/08/18, 15:25:25:258] info: Store: UPDATE_TEAM_LOCALE
{
  "locale": "ja-JP"
}
[05/08/18, 15:25:25:258] info: Store: UPDATE_TEAM_LOCALE
{
  "locale": "en-US"
}
[05/08/18, 15:25:25:259] info: Store: UPSERT_WEB_CONTENTS
{
  "id": 5,
  "state": "webapp-loaded",
  "teamId": "T02R0MMHK"
}
[05/08/18, 15:25:25:260] info: Store: UPDATE_TEAM_LOCALE
{
  "locale": "ja-JP"
}
[05/08/18, 15:25:25:260] info: Store: UPSERT_WEB_CONTENTS
{
  "id": 6,
  "state": "webapp-loaded",
  "teamId": "T4HEMM0UR"
}
[05/08/18, 15:25:25:262] info: Store: UPDATE_TEAM_THEME
{
  "teamId": "T02R0MMHK",
  "theme": {
    "active_item": "#4C9689",
    "active_item_text": "#FFFFFF",
    "active_presence": "#38978D",
    "badge": "#EB4D5C",
    "column_bg": "#4D394B",
    "hover_item": "#3E313C",
    "menu_bg": "#3E313C",
    "text_color": "#FFFFFF"
  }
}
[05/08/18, 15:25:25:263] info: Store: STORE_API_TOKEN
{
  "teamId": "T02R0MMHK",
  "token": "xoxs-⋯"
}
[05/08/18, 15:25:25:264] info: Store: UPDATE_TEAM_ICONS
{
  "icons": {
    "image_102": "https://slack-files2.s3-us-west-2.amazonaws.com/avatars/2015-01-14/3400695805_06e3ed8a8ae7228d7c54_102.jpg",
    "image_132": "https://slack-files2.s3-us-west-2.amazonaws.com/avatars/2015-01-14/3400695805_06e3ed8a8ae7228d7c54_132.jpg",
    "image_230": "https://slack-files2.s3-us-west-2.amazonaws.com/avatars/2015-01-14/3400695805_06e3ed8a8ae7228d7c54_132.jpg",
    "image_34": "https://slack-files2.s3-us-west-2.amazonaws.com/avatars/2015-01-14/3400695805_06e3ed8a8ae7228d7c54_34.jpg",
    "image_44": "https://slack-files2.s3-us-west-2.amazonaws.com/avatars/2015-01-14/3400695805_06e3ed8a8ae7228d7c54_44.jpg",
    "image_68": "https://slack-files2.s3-us-west-2.amazonaws.com/avatars/2015-01-14/3400695805_06e3ed8a8ae7228d7c54_68.jpg",
    "image_88": "https://slack-files2.s3-us-west-2.amazonaws.com/avatars/2015-01-14/3400695805_06e3ed8a8ae7228d7c54_88.jpg",
    "image_original": "https://slack-files2.s3-us-west-2.amazonaws.com/avatars/2015-01-14/3400695805_06e3ed8a8ae7228d7c54_original.jpg"
  },
  "teamId": "T02R0MMHK"
}
[05/08/18, 15:25:25:316] info: Store: UPSERT_WEB_CONTENTS
{
  "id": 7,
  "state": "loaded",
  "teamId": "T0GFBAM8C"
}
[05/08/18, 15:25:25:317] info: Store: UPDATE_TEAM_THEME
{
  "teamId": "T4HEMM0UR",
  "theme": {
    "active_item": "#4C9689",
    "active_item_text": "#FFFFFF",
    "active_presence": "#38978D",
    "badge": "#EB4D5C",
    "column_bg": "#4D394B",
    "hover_item": "#3E313C",
    "menu_bg": "#3E313C",
    "text_color": "#FFFFFF"
  }
}
[05/08/18, 15:25:25:321] info: Store: UPSERT_WEB_CONTENTS
{
  "id": 3,
  "state": "loaded",
  "teamId": "T5LFW0CUB"
}
[05/08/18, 15:25:25:322] info: Store: MAIN_WINDOW_SHOWN
[05/08/18, 15:25:25:341] info: Store: STORE_API_TOKEN
{
  "teamId": "T4HEMM0UR",
  "token": "xoxs-⋯"
}
[05/08/18, 15:25:25:344] info: Store: UPDATE_TEAM_ICONS
{
  "icons": {
    "image_102": "https://slack-files2.s3-us-west-2.amazonaws.com/avatars/2017-03-15/154610708258_f98e05c23845866960a5_102.png",
    "image_132": "https://slack-files2.s3-us-west-2.amazonaws.com/avatars/2017-03-15/154610708258_f98e05c23845866960a5_132.png",
    "image_230": "https://slack-files2.s3-us-west-2.amazonaws.com/avatars/2017-03-15/154610708258_f98e05c23845866960a5_230.png",
    "image_34": "https://slack-files2.s3-us-west-2.amazonaws.com/avatars/2017-03-15/154610708258_f98e05c23845866960a5_34.png",
    "image_44": "https://slack-files2.s3-us-west-2.amazonaws.com/avatars/2017-03-15/154610708258_f98e05c23845866960a5_44.png",
    "image_68": "https://slack-files2.s3-us-west-2.amazonaws.com/avatars/2017-03-15/154610708258_f98e05c23845866960a5_68.png",
    "image_88": "https://slack-files2.s3-us-west-2.amazonaws.com/avatars/2017-03-15/154610708258_f98e05c23845866960a5_88.png",
    "image_original": "https://slack-files2.s3-us-west-2.amazonaws.com/avatars/2017-03-15/154610708258_f98e05c23845866960a5_original.png"
  },
  "teamId": "T4HEMM0UR"
}
[05/08/18, 15:25:25:556] info: Store: UPDATE_SESSION_STATUS
{
  "hasValidSession": true,
  "teamId": "T0GFBAM8C"
}
[05/08/18, 15:25:25:655] info: Store: UPDATE_SESSION_STATUS
{
  "hasValidSession": true,
  "teamId": "T5LFW0CUB"
}
[05/08/18, 15:25:26:454] info: Store: UPDATE_TEAM_LOCALE
{
  "locale": "ja-JP"
}
[05/08/18, 15:25:26:507] info: Store: UPSERT_WEB_CONTENTS
{
  "id": 7,
  "state": "webapp-loaded",
  "teamId": "T0GFBAM8C"
}
[05/08/18, 15:25:26:784] info: Store: UPDATE_TEAM_THEME
{
  "teamId": "T0GFBAM8C",
  "theme": {
    "active_item": "#4C9689",
    "active_item_text": "#FFFFFF",
    "active_presence": "#38978D",
    "badge": "#EB4D5C",
    "column_bg": "#4D394B",
    "hover_item": "#3E313C",
    "menu_bg": "#3E313C",
    "text_color": "#FFFFFF"
  }
}
[05/08/18, 15:25:26:808] info: Store: STORE_API_TOKEN
{
  "teamId": "T0GFBAM8C",
  "token": "xoxs-⋯"
}
[05/08/18, 15:25:26:812] info: Store: UPDATE_TEAM_ICONS
{
  "icons": {
    "image_102": "https://slack-files2.s3-us-west-2.amazonaws.com/avatars/2015-12-19/17054493216_07addcfb3fb1718cbba4_102.png",
    "image_132": "https://slack-files2.s3-us-west-2.amazonaws.com/avatars/2015-12-19/17054493216_07addcfb3fb1718cbba4_132.png",
    "image_230": "https://slack-files2.s3-us-west-2.amazonaws.com/avatars/2015-12-19/17054493216_07addcfb3fb1718cbba4_132.png",
    "image_34": "https://slack-files2.s3-us-west-2.amazonaws.com/avatars/2015-12-19/17054493216_07addcfb3fb1718cbba4_34.png",
    "image_44": "https://slack-files2.s3-us-west-2.amazonaws.com/avatars/2015-12-19/17054493216_07addcfb3fb1718cbba4_44.png",
    "image_68": "https://slack-files2.s3-us-west-2.amazonaws.com/avatars/2015-12-19/17054493216_07addcfb3fb1718cbba4_68.png",
    "image_88": "https://slack-files2.s3-us-west-2.amazonaws.com/avatars/2015-12-19/17054493216_07addcfb3fb1718cbba4_88.png",
    "image_original": "https://slack-files2.s3-us-west-2.amazonaws.com/avatars/2015-12-19/17054493216_07addcfb3fb1718cbba4_original.png"
  },
  "teamId": "T0GFBAM8C"
}
[05/08/18, 15:25:26:978] info: Store: UPDATE_TEAM_LOCALE
{
  "locale": "ja-JP"
}
[05/08/18, 15:25:26:982] info: Store: UPSERT_WEB_CONTENTS
{
  "id": 3,
  "state": "webapp-loaded",
  "teamId": "T5LFW0CUB"
}
[05/08/18, 15:25:27:148] info: Store: UPDATE_TEAM_THEME
{
  "teamId": "T5LFW0CUB",
  "theme": {
    "active_item": "#4C9689",
    "active_item_text": "#FFFFFF",
    "active_presence": "#38978D",
    "badge": "#EB4D5C",
    "column_bg": "#4D394B",
    "hover_item": "#3E313C",
    "menu_bg": "#3E313C",
    "text_color": "#FFFFFF"
  }
}
[05/08/18, 15:25:27:374] info: Store: STORE_API_TOKEN
{
  "teamId": "T5LFW0CUB",
  "token": "xoxs-⋯"
}
[05/08/18, 15:25:27:379] info: Store: UPDATE_TEAM_ICONS
{
  "icons": {
    "image_102": "https://slack-files2.s3-us-west-2.amazonaws.com/avatars/2017-08-21/229801110004_7754c1684d8336d012c4_102.jpg",
    "image_132": "https://slack-files2.s3-us-west-2.amazonaws.com/avatars/2017-08-21/229801110004_7754c1684d8336d012c4_132.jpg",
    "image_230": "https://slack-files2.s3-us-west-2.amazonaws.com/avatars/2017-08-21/229801110004_7754c1684d8336d012c4_230.jpg",
    "image_34": "https://slack-files2.s3-us-west-2.amazonaws.com/avatars/2017-08-21/229801110004_7754c1684d8336d012c4_34.jpg",
    "image_44": "https://slack-files2.s3-us-west-2.amazonaws.com/avatars/2017-08-21/229801110004_7754c1684d8336d012c4_44.jpg",
    "image_68": "https://slack-files2.s3-us-west-2.amazonaws.com/avatars/2017-08-21/229801110004_7754c1684d8336d012c4_68.jpg",
    "image_88": "https://slack-files2.s3-us-west-2.amazonaws.com/avatars/2017-08-21/229801110004_7754c1684d8336d012c4_88.jpg",
    "image_original": "https://slack-files2.s3-us-west-2.amazonaws.com/avatars/2017-08-21/229801110004_7754c1684d8336d012c4_original.jpg"
  },
  "teamId": "T5LFW0CUB"
}
[05/08/18, 15:25:32:323] info: Store: MAIN_WINDOW_FOCUSED
[05/08/18, 15:25:32:457] info: Store: SELECT_TEAM T5YEC6G73
[05/08/18, 15:25:32:481] info: Store: UPDATE_SETTINGS
{
  "locale": "en-US"
}
[05/08/18, 15:25:32:484] info: TranslationLookup: locale set to en-US for renderer
[05/08/18, 15:26:32:613] info: Store: SELECT_CHANNEL DA5E079JP
[05/08/18, 15:28:39:087] info: Store: MAIN_WINDOW_FOCUSED
[05/08/18, 15:28:49:697] info: Store: MAIN_WINDOW_FOCUSED
[05/08/18, 15:30:07:984] info: Store: MAIN_WINDOW_FOCUSED
[05/08/18, 15:31:00:368] info: Store: MAIN_WINDOW_FOCUSED
[05/08/18, 15:31:18:080] info: Store: SELECT_CHANNEL C8Y1H7TEE
[05/08/18, 15:31:25:728] info: Store: MAIN_WINDOW_FOCUSED
[05/08/18, 15:31:26:525] info: Store: MAIN_WINDOW_FOCUSED
[05/08/18, 15:39:47:248] info: Store: MAIN_WINDOW_FOCUSED
[05/08/18, 15:39:49:677] info: Store: MAIN_WINDOW_FOCUSED
[05/08/18, 15:39:49:756] info: Store: SELECT_TEAM T5LFW0CUB
[05/08/18, 15:39:49:767] info: Store: UPDATE_SETTINGS
{
  "locale": "ja-JP"
}
[05/08/18, 15:39:49:768] info: TranslationLookup: locale set to ja-JP for renderer
[05/08/18, 15:39:52:630] info: Store: MAIN_WINDOW_FOCUSED
[05/08/18, 15:39:52:722] info: Store: SELECT_TEAM T5YEC6G73
[05/08/18, 15:39:52:732] info: Store: UPDATE_SETTINGS
{
  "locale": "en-US"
}
[05/08/18, 15:39:52:733] info: TranslationLookup: locale set to en-US for renderer
[05/08/18, 15:39:55:764] info: Store: SELECT_CHANNEL DA5E079JP
[05/08/18, 16:01:30:234] info: Store: NEW_NOTIFICATION
{
  "avatarImage": "https://ca.slack-edge.com/T5YEC6G73-U603XNVAP-83d16d22ab82-512",
  "channel": "C8Y1H7TEE",
  "content": "[REDACTED]",
  "id": "KL5QHqhAxk0xx8V",
  "imageUri": null,
  "launchUri": "slack://channel?id=C8Y1H7TEE&message=1525762890.000027&team=T5YEC6G73",
  "msg": "1525762890.000027",
  "silent": true,
  "subtitle": "",
  "teamId": "T5YEC6G73",
  "title": "[REDACTED]"
}
[05/08/18, 16:01:35:957] info: Store: NEW_NOTIFICATION
{
  "avatarImage": "https://ca.slack-edge.com/T5YEC6G73-U603XNVAP-83d16d22ab82-512",
  "channel": "C8Y1H7TEE",
  "content": "[REDACTED]",
  "id": "3yKwCXiDVjkVNwW",
  "imageUri": null,
  "launchUri": "slack://channel?id=C8Y1H7TEE&message=1525762895.000376&team=T5YEC6G73",
  "msg": "1525762895.000376",
  "silent": true,
  "subtitle": "",
  "teamId": "T5YEC6G73",
  "title": "[REDACTED]"
}
