[05/10/18, 11:26:37:418] info: ╔════════════════════════════════════════════════════════════════════════════╗
[05/10/18, 11:26:37:419] info: ║      Slack 3.1.1, linux 4.16.7-1-zen on x64 at 05/10/18, 11:26:37:415      ║
[05/10/18, 11:26:37:419] info: ╚════════════════════════════════════════════════════════════════════════════╝
[05/10/18, 11:26:37:635] info: Initializing local storage instance at path: /home/nitoli/.config/Slack/local-settings.json
[05/10/18, 11:26:37:761] info: NetworkStatus: Waiting for network online…
[05/10/18, 11:26:38:353] info: NetworkStatus: Response from api.test
{
  "status": "online"
}
[05/10/18, 11:26:38:756] info: Store: SET_NETWORK_STATUS online
[05/10/18, 11:26:47:317] info: Store: SELECT_CHANNEL DAKC3SXMX
[05/10/18, 11:26:47:332] info: Store: UPDATE_TEAM_LOCALE
{
  "locale": "en-US"
}
[05/10/18, 11:26:47:337] info: Store: UPDATE_SETTINGS
{
  "locale": "en-US"
}
[05/10/18, 11:26:47:499] info: Store: SELECT_CHANNEL C0GFH3RHU
[05/10/18, 11:26:47:504] info: Store: UPDATE_TEAM_LOCALE
{
  "locale": "ja-JP"
}
[05/10/18, 11:26:47:608] info: Store: SELECT_CHANNEL G80MPJULU
[05/10/18, 11:26:47:895] info: Store: UPDATE_TEAM_LOCALE
{
  "locale": "ja-JP"
}
[05/10/18, 11:26:47:927] info: Store: SELECT_CHANNEL C4JRHEQB1
[05/10/18, 11:26:47:935] info: Store: UPDATE_TEAM_LOCALE
{
  "locale": "ja-JP"
}
[05/10/18, 11:26:47:969] info: Store: UPSERT_WEB_CONTENTS
{
  "id": 3,
  "state": "loaded",
  "teamId": "T02R0MMHK"
}
[05/10/18, 11:26:47:979] info: Store: MAIN_WINDOW_SHOWN
[05/10/18, 11:26:48:037] info: Store: UPSERT_WEB_CONTENTS
{
  "id": 7,
  "state": "loaded",
  "teamId": "T0GFBAM8C"
}
[05/10/18, 11:26:48:289] info: Store: UPDATE_SESSION_STATUS
{
  "hasValidSession": true,
  "teamId": "T02R0MMHK"
}
[05/10/18, 11:26:48:367] info: Store: UPDATE_SESSION_STATUS
{
  "hasValidSession": true,
  "teamId": "T0GFBAM8C"
}
[05/10/18, 11:26:48:707] info: Store: UPSERT_WEB_CONTENTS
{
  "id": 6,
  "state": "loaded",
  "teamId": "T5LFW0CUB"
}
[05/10/18, 11:26:48:841] info: Store: UPDATE_TEAM_LOCALE
{
  "locale": "ja-JP"
}
[05/10/18, 11:26:48:856] info: Store: UPSERT_WEB_CONTENTS
{
  "id": 7,
  "state": "webapp-loaded",
  "teamId": "T0GFBAM8C"
}
[05/10/18, 11:26:49:006] info: Store: UPDATE_SESSION_STATUS
{
  "hasValidSession": true,
  "teamId": "T5LFW0CUB"
}
[05/10/18, 11:26:49:046] info: Store: UPSERT_WEB_CONTENTS
{
  "id": 5,
  "state": "loaded",
  "teamId": "T4HEMM0UR"
}
[05/10/18, 11:26:49:182] info: Store: SELECT_CHANNEL DA0493S4S
[05/10/18, 11:26:49:195] info: Store: UPDATE_TEAM_LOCALE
{
  "locale": "en-US"
}
[05/10/18, 11:26:49:206] info: Store: STORE_API_TOKEN
{
  "teamId": "T0GFBAM8C",
  "token": "xoxs-⋯"
}
[05/10/18, 11:26:49:223] info: Store: UPDATE_TEAM_ICONS
{
  "icons": {
    "image_102": "https://slack-files2.s3-us-west-2.amazonaws.com/avatars/2015-12-19/17054493216_07addcfb3fb1718cbba4_102.png",
    "image_132": "https://slack-files2.s3-us-west-2.amazonaws.com/avatars/2015-12-19/17054493216_07addcfb3fb1718cbba4_132.png",
    "image_230": "https://slack-files2.s3-us-west-2.amazonaws.com/avatars/2015-12-19/17054493216_07addcfb3fb1718cbba4_132.png",
    "image_34": "https://slack-files2.s3-us-west-2.amazonaws.com/avatars/2015-12-19/17054493216_07addcfb3fb1718cbba4_34.png",
    "image_44": "https://slack-files2.s3-us-west-2.amazonaws.com/avatars/2015-12-19/17054493216_07addcfb3fb1718cbba4_44.png",
    "image_68": "https://slack-files2.s3-us-west-2.amazonaws.com/avatars/2015-12-19/17054493216_07addcfb3fb1718cbba4_68.png",
    "image_88": "https://slack-files2.s3-us-west-2.amazonaws.com/avatars/2015-12-19/17054493216_07addcfb3fb1718cbba4_88.png",
    "image_original": "https://slack-files2.s3-us-west-2.amazonaws.com/avatars/2015-12-19/17054493216_07addcfb3fb1718cbba4_original.png"
  },
  "teamId": "T0GFBAM8C"
}
[05/10/18, 11:26:49:234] info: Store: UPDATE_TEAM_THEME
{
  "teamId": "T02R0MMHK",
  "theme": {
    "active_item": "#4C9689",
    "active_item_text": "#FFFFFF",
    "active_presence": "#38978D",
    "badge": "#EB4D5C",
    "column_bg": "#4D394B",
    "hover_item": "#3E313C",
    "menu_bg": "#3E313C",
    "text_color": "#FFFFFF"
  }
}
[05/10/18, 11:26:49:257] info: Store: UPDATE_TEAM_THEME
{
  "teamId": "T4HEMM0UR",
  "theme": {
    "active_item": "#4C9689",
    "active_item_text": "#FFFFFF",
    "active_presence": "#38978D",
    "badge": "#EB4D5C",
    "column_bg": "#4D394B",
    "hover_item": "#3E313C",
    "menu_bg": "#3E313C",
    "text_color": "#FFFFFF"
  }
}
[05/10/18, 11:26:49:346] info: Store: UPDATE_TEAM_LOCALE
{
  "locale": "ja-JP"
}
[05/10/18, 11:26:49:350] info: Store: UPDATE_TEAM_ICONS
{
  "icons": {
    "image_102": "https://slack-files2.s3-us-west-2.amazonaws.com/avatars/2015-01-14/3400695805_06e3ed8a8ae7228d7c54_102.jpg",
    "image_132": "https://slack-files2.s3-us-west-2.amazonaws.com/avatars/2015-01-14/3400695805_06e3ed8a8ae7228d7c54_132.jpg",
    "image_230": "https://slack-files2.s3-us-west-2.amazonaws.com/avatars/2015-01-14/3400695805_06e3ed8a8ae7228d7c54_132.jpg",
    "image_34": "https://slack-files2.s3-us-west-2.amazonaws.com/avatars/2015-01-14/3400695805_06e3ed8a8ae7228d7c54_34.jpg",
    "image_44": "https://slack-files2.s3-us-west-2.amazonaws.com/avatars/2015-01-14/3400695805_06e3ed8a8ae7228d7c54_44.jpg",
    "image_68": "https://slack-files2.s3-us-west-2.amazonaws.com/avatars/2015-01-14/3400695805_06e3ed8a8ae7228d7c54_68.jpg",
    "image_88": "https://slack-files2.s3-us-west-2.amazonaws.com/avatars/2015-01-14/3400695805_06e3ed8a8ae7228d7c54_88.jpg",
    "image_original": "https://slack-files2.s3-us-west-2.amazonaws.com/avatars/2015-01-14/3400695805_06e3ed8a8ae7228d7c54_original.jpg"
  },
  "teamId": "T02R0MMHK"
}
[05/10/18, 11:26:49:374] info: Store: UPSERT_WEB_CONTENTS
{
  "id": 6,
  "state": "webapp-loaded",
  "teamId": "T5LFW0CUB"
}
[05/10/18, 11:26:49:475] info: Store: UPDATE_TEAM_THEME
{
  "teamId": "T5LFW0CUB",
  "theme": {
    "active_item": "#4C9689",
    "active_item_text": "#FFFFFF",
    "active_presence": "#38978D",
    "badge": "#EB4D5C",
    "column_bg": "#4D394B",
    "hover_item": "#3E313C",
    "menu_bg": "#3E313C",
    "text_color": "#FFFFFF"
  }
}
[05/10/18, 11:26:49:493] info: Store: STORE_API_TOKEN
{
  "teamId": "T5LFW0CUB",
  "token": "xoxs-⋯"
}
[05/10/18, 11:26:49:504] info: Store: UPDATE_TEAM_ICONS
{
  "icons": {
    "image_102": "https://slack-files2.s3-us-west-2.amazonaws.com/avatars/2017-08-21/229801110004_7754c1684d8336d012c4_102.jpg",
    "image_132": "https://slack-files2.s3-us-west-2.amazonaws.com/avatars/2017-08-21/229801110004_7754c1684d8336d012c4_132.jpg",
    "image_230": "https://slack-files2.s3-us-west-2.amazonaws.com/avatars/2017-08-21/229801110004_7754c1684d8336d012c4_230.jpg",
    "image_34": "https://slack-files2.s3-us-west-2.amazonaws.com/avatars/2017-08-21/229801110004_7754c1684d8336d012c4_34.jpg",
    "image_44": "https://slack-files2.s3-us-west-2.amazonaws.com/avatars/2017-08-21/229801110004_7754c1684d8336d012c4_44.jpg",
    "image_68": "https://slack-files2.s3-us-west-2.amazonaws.com/avatars/2017-08-21/229801110004_7754c1684d8336d012c4_68.jpg",
    "image_88": "https://slack-files2.s3-us-west-2.amazonaws.com/avatars/2017-08-21/229801110004_7754c1684d8336d012c4_88.jpg",
    "image_original": "https://slack-files2.s3-us-west-2.amazonaws.com/avatars/2017-08-21/229801110004_7754c1684d8336d012c4_original.jpg"
  },
  "teamId": "T5LFW0CUB"
}
[05/10/18, 11:26:49:519] info: Store: UPDATE_TEAM_LOCALE
{
  "locale": "en-US",
  "teamId": "T02R0MMHK"
}
[05/10/18, 11:26:49:538] info: Store: UPSERT_WEB_CONTENTS
{
  "id": 3,
  "state": "webapp-loaded",
  "teamId": "T02R0MMHK"
}
[05/10/18, 11:26:49:586] info: Store: UPSERT_WEB_CONTENTS
{
  "id": 4,
  "state": "loaded",
  "teamId": "T5YEC6G73"
}
[05/10/18, 11:26:49:682] info: Store: UPDATE_TEAM_THEME
{
  "teamId": "T0GFBAM8C",
  "theme": {
    "active_item": "#4C9689",
    "active_item_text": "#FFFFFF",
    "active_presence": "#38978D",
    "badge": "#EB4D5C",
    "column_bg": "#4D394B",
    "hover_item": "#3E313C",
    "menu_bg": "#3E313C",
    "text_color": "#FFFFFF"
  }
}
[05/10/18, 11:26:49:790] info: Store: UPDATE_SESSION_STATUS
{
  "hasValidSession": true,
  "teamId": "T4HEMM0UR"
}
[05/10/18, 11:26:49:809] info: Store: UPDATE_TEAM_LOCALE
{
  "locale": "en-US"
}
[05/10/18, 11:26:49:813] info: Store: UPSERT_WEB_CONTENTS
{
  "id": 4,
  "state": "webapp-loaded",
  "teamId": "T5YEC6G73"
}
[05/10/18, 11:26:49:845] info: Store: STORE_API_TOKEN
{
  "teamId": "T02R0MMHK",
  "token": "xoxs-⋯"
}
[05/10/18, 11:26:49:907] info: Store: UPDATE_SESSION_STATUS
{
  "hasValidSession": true,
  "teamId": "T5YEC6G73"
}
[05/10/18, 11:26:50:042] info: Store: STORE_API_TOKEN
{
  "teamId": "T5YEC6G73",
  "token": "xoxs-⋯"
}
[05/10/18, 11:26:50:294] info: Store: UPDATE_TEAM_ICONS
{
  "icons": {
    "image_102": "https://slack-files2.s3-us-west-2.amazonaws.com/avatars/2017-03-15/154610708258_f98e05c23845866960a5_102.png",
    "image_132": "https://slack-files2.s3-us-west-2.amazonaws.com/avatars/2017-03-15/154610708258_f98e05c23845866960a5_132.png",
    "image_230": "https://slack-files2.s3-us-west-2.amazonaws.com/avatars/2017-03-15/154610708258_f98e05c23845866960a5_230.png",
    "image_34": "https://slack-files2.s3-us-west-2.amazonaws.com/avatars/2017-03-15/154610708258_f98e05c23845866960a5_34.png",
    "image_44": "https://slack-files2.s3-us-west-2.amazonaws.com/avatars/2017-03-15/154610708258_f98e05c23845866960a5_44.png",
    "image_68": "https://slack-files2.s3-us-west-2.amazonaws.com/avatars/2017-03-15/154610708258_f98e05c23845866960a5_68.png",
    "image_88": "https://slack-files2.s3-us-west-2.amazonaws.com/avatars/2017-03-15/154610708258_f98e05c23845866960a5_88.png",
    "image_original": "https://slack-files2.s3-us-west-2.amazonaws.com/avatars/2017-03-15/154610708258_f98e05c23845866960a5_original.png"
  },
  "teamId": "T4HEMM0UR"
}
[05/10/18, 11:26:50:327] info: Store: UPDATE_TEAM_THEME
{
  "teamId": "T5YEC6G73",
  "theme": {
    "active_item": "#4C9689",
    "active_item_text": "#FFFFFF",
    "active_presence": "#38978D",
    "badge": "#EB4D5C",
    "column_bg": "#4D394B",
    "hover_item": "#3E313C",
    "menu_bg": "#3E313C",
    "text_color": "#FFFFFF"
  }
}
[05/10/18, 11:26:50:353] info: Store: UPDATE_TEAM_ICONS
{
  "icons": {
    "image_102": "https://slack-files2.s3-us-west-2.amazonaws.com/avatars/2017-06-28/205110093367_6705e64b9b4a8299bd1f_102.png",
    "image_132": "https://slack-files2.s3-us-west-2.amazonaws.com/avatars/2017-06-28/205110093367_6705e64b9b4a8299bd1f_132.png",
    "image_230": "https://slack-files2.s3-us-west-2.amazonaws.com/avatars/2017-06-28/205110093367_6705e64b9b4a8299bd1f_230.png",
    "image_34": "https://slack-files2.s3-us-west-2.amazonaws.com/avatars/2017-06-28/205110093367_6705e64b9b4a8299bd1f_34.png",
    "image_44": "https://slack-files2.s3-us-west-2.amazonaws.com/avatars/2017-06-28/205110093367_6705e64b9b4a8299bd1f_44.png",
    "image_68": "https://slack-files2.s3-us-west-2.amazonaws.com/avatars/2017-06-28/205110093367_6705e64b9b4a8299bd1f_68.png",
    "image_88": "https://slack-files2.s3-us-west-2.amazonaws.com/avatars/2017-06-28/205110093367_6705e64b9b4a8299bd1f_88.png",
    "image_original": "https://slack-files2.s3-us-west-2.amazonaws.com/avatars/2017-06-28/205110093367_6705e64b9b4a8299bd1f_original.png"
  },
  "teamId": "T5YEC6G73"
}
[05/10/18, 11:26:50:571] info: Store: UPDATE_TEAM_LOCALE
{
  "locale": "ja-JP",
  "teamId": "T4HEMM0UR"
}
[05/10/18, 11:26:50:587] info: Store: UPSERT_WEB_CONTENTS
{
  "id": 5,
  "state": "webapp-loaded",
  "teamId": "T4HEMM0UR"
}
[05/10/18, 11:26:50:645] info: Store: STORE_API_TOKEN
{
  "teamId": "T4HEMM0UR",
  "token": "xoxs-⋯"
}
[05/10/18, 11:27:29:195] info: Store: MAIN_WINDOW_FOCUSED
[05/10/18, 11:27:29:265] info: Store: SELECT_TEAM T5YEC6G73
[05/10/18, 11:27:32:922] info: Store: SELECT_CHANNEL C8Y1H7TEE
[05/10/18, 11:55:59:290] info: Store: MAIN_WINDOW_FOCUSED
[05/10/18, 11:55:59:298] info: Store: MAIN_WINDOW_FOCUSED
[05/10/18, 11:56:02:099] info: Store: MAIN_WINDOW_FOCUSED
[05/10/18, 11:56:02:635] info: Store: MAIN_WINDOW_FOCUSED
[05/10/18, 11:56:02:741] info: Store: SELECT_TEAM T5LFW0CUB
[05/10/18, 11:56:02:805] info: Store: UPDATE_SETTINGS
{
  "locale": "ja-JP"
}
[05/10/18, 11:56:02:806] info: TranslationLookup: locale set to ja-JP for renderer
[05/10/18, 11:56:05:869] info: Store: SELECT_CHANNEL G7GGG2GPN
[05/10/18, 11:56:16:174] info: Store: SELECT_CHANNEL C75CPA2CX
[05/10/18, 11:56:52:966] info: Store: MAIN_WINDOW_FOCUSED
[05/10/18, 11:56:53:058] info: Store: SELECT_TEAM T5YEC6G73
[05/10/18, 11:56:53:067] info: Store: UPDATE_SETTINGS
{
  "locale": "en-US"
}
[05/10/18, 11:56:53:067] info: TranslationLookup: locale set to en-US for renderer
[05/10/18, 11:56:56:291] info: Store: MAIN_WINDOW_FOCUSED
[05/10/18, 12:21:15:187] info: Store: SET_NETWORK_STATUS offline
[05/10/18, 12:21:21:552] info: NetworkStatus: Waiting for network online…
[05/10/18, 12:21:21:567] info: NetworkStatus: Network check failed
{
  "error": {
    "message": "Failed to fetch",
    "stack": "TypeError: Failed to fetch"
  }
}
[05/10/18, 12:21:21:568] info: NetworkStatus: Response from api.test
{
  "status": "offline"
}
[05/10/18, 12:21:26:568] info: NetworkStatus: Network check failed
{
  "error": {
    "message": "Failed to fetch",
    "stack": "TypeError: Failed to fetch"
  }
}
[05/10/18, 12:21:26:568] info: NetworkStatus: Response from api.test
{
  "status": "offline"
}
[05/10/18, 12:21:31:568] info: NetworkStatus: Network check failed
{
  "error": {
    "message": "Failed to fetch",
    "stack": "TypeError: Failed to fetch"
  }
}
[05/10/18, 12:21:31:569] info: NetworkStatus: Response from api.test
{
  "status": "offline"
}
[05/10/18, 12:21:36:570] info: NetworkStatus: Network check failed
{
  "error": {
    "message": "Failed to fetch",
    "stack": "TypeError: Failed to fetch"
  }
}
[05/10/18, 12:21:36:571] info: NetworkStatus: Response from api.test
{
  "status": "offline"
}
[05/10/18, 12:21:36:645] info: NetworkStatus: Waiting for network online…
[05/10/18, 12:21:36:670] info: NetworkStatus: Network check failed
{
  "error": {
    "message": "Failed to fetch",
    "stack": "TypeError: Failed to fetch"
  }
}
[05/10/18, 12:21:36:671] info: NetworkStatus: Response from api.test
{
  "status": "offline"
}
[05/10/18, 12:21:41:685] info: NetworkStatus: Network check failed
{
  "error": {
    "message": "Failed to fetch",
    "stack": "TypeError: Failed to fetch"
  }
}
[05/10/18, 12:21:41:686] info: NetworkStatus: Response from api.test
{
  "status": "offline"
}
[05/10/18, 12:21:46:739] info: NetworkStatus: Network check failed
{
  "error": {
    "message": "Failed to fetch",
    "stack": "TypeError: Failed to fetch"
  }
}
[05/10/18, 12:21:46:739] info: NetworkStatus: Response from api.test
{
  "status": "offline"
}
[05/10/18, 12:21:51:688] info: NetworkStatus: Network check failed
{
  "error": {
    "message": "Failed to fetch",
    "stack": "TypeError: Failed to fetch"
  }
}
[05/10/18, 12:21:51:688] info: NetworkStatus: Response from api.test
{
  "status": "offline"
}
[05/10/18, 12:21:56:687] info: NetworkStatus: Network check failed
{
  "error": {
    "message": "Failed to fetch",
    "stack": "TypeError: Failed to fetch"
  }
}
[05/10/18, 12:21:56:687] info: NetworkStatus: Response from api.test
{
  "status": "offline"
}
[05/10/18, 12:22:01:688] info: NetworkStatus: Network check failed
{
  "error": {
    "message": "Failed to fetch",
    "stack": "TypeError: Failed to fetch"
  }
}
[05/10/18, 12:22:01:688] info: NetworkStatus: Response from api.test
{
  "status": "offline"
}
[05/10/18, 12:22:06:686] info: NetworkStatus: Network check failed
{
  "error": {
    "message": "Failed to fetch",
    "stack": "TypeError: Failed to fetch"
  }
}
[05/10/18, 12:22:06:686] info: NetworkStatus: Response from api.test
{
  "status": "offline"
}
[05/10/18, 12:22:11:696] info: NetworkStatus: Network check failed
{
  "error": {
    "message": "Failed to fetch",
    "stack": "TypeError: Failed to fetch"
  }
}
[05/10/18, 12:22:11:696] info: NetworkStatus: Response from api.test
{
  "status": "offline"
}
[05/10/18, 12:22:16:690] info: NetworkStatus: Network check failed
{
  "error": {
    "message": "Failed to fetch",
    "stack": "TypeError: Failed to fetch"
  }
}
[05/10/18, 12:22:16:690] info: NetworkStatus: Response from api.test
{
  "status": "offline"
}
[05/10/18, 12:22:21:686] info: NetworkStatus: Network check failed
{
  "error": {
    "message": "Failed to fetch",
    "stack": "TypeError: Failed to fetch"
  }
}
[05/10/18, 12:22:21:686] info: NetworkStatus: Response from api.test
{
  "status": "offline"
}
[05/10/18, 12:22:26:690] info: NetworkStatus: Network check failed
{
  "error": {
    "message": "Failed to fetch",
    "stack": "TypeError: Failed to fetch"
  }
}
[05/10/18, 12:22:26:691] info: NetworkStatus: Response from api.test
{
  "status": "offline"
}
[05/10/18, 12:22:31:694] info: NetworkStatus: Network check failed
{
  "error": {
    "message": "Failed to fetch",
    "stack": "TypeError: Failed to fetch"
  }
}
[05/10/18, 12:22:31:694] info: NetworkStatus: Response from api.test
{
  "status": "offline"
}
[05/10/18, 12:22:36:694] info: NetworkStatus: Network check failed
{
  "error": {
    "message": "Failed to fetch",
    "stack": "TypeError: Failed to fetch"
  }
}
[05/10/18, 12:22:36:695] info: NetworkStatus: Response from api.test
{
  "status": "offline"
}
[05/10/18, 12:22:41:708] info: NetworkStatus: Network check failed
{
  "error": {
    "message": "Failed to fetch",
    "stack": "TypeError: Failed to fetch"
  }
}
[05/10/18, 12:22:41:708] info: NetworkStatus: Response from api.test
{
  "status": "offline"
}
[05/10/18, 12:22:46:745] info: NetworkStatus: Network check failed
{
  "error": {
    "message": "Failed to fetch",
    "stack": "TypeError: Failed to fetch"
  }
}
[05/10/18, 12:22:46:745] info: NetworkStatus: Response from api.test
{
  "status": "offline"
}
[05/10/18, 12:22:51:696] info: NetworkStatus: Network check failed
{
  "error": {
    "message": "Failed to fetch",
    "stack": "TypeError: Failed to fetch"
  }
}
[05/10/18, 12:22:51:696] info: NetworkStatus: Response from api.test
{
  "status": "offline"
}
[05/10/18, 12:22:56:701] info: NetworkStatus: Network check failed
{
  "error": {
    "message": "Failed to fetch",
    "stack": "TypeError: Failed to fetch"
  }
}
[05/10/18, 12:22:56:701] info: NetworkStatus: Response from api.test
{
  "status": "offline"
}
[05/10/18, 12:23:01:699] info: NetworkStatus: Network check failed
{
  "error": {
    "message": "Failed to fetch",
    "stack": "TypeError: Failed to fetch"
  }
}
[05/10/18, 12:23:01:699] info: NetworkStatus: Response from api.test
{
  "status": "offline"
}
[05/10/18, 12:23:06:703] info: NetworkStatus: Network check failed
{
  "error": {
    "message": "Failed to fetch",
    "stack": "TypeError: Failed to fetch"
  }
}
[05/10/18, 12:23:06:703] info: NetworkStatus: Response from api.test
{
  "status": "offline"
}
[05/10/18, 12:23:11:705] info: NetworkStatus: Network check failed
{
  "error": {
    "message": "Failed to fetch",
    "stack": "TypeError: Failed to fetch"
  }
}
[05/10/18, 12:23:11:706] info: NetworkStatus: Response from api.test
{
  "status": "offline"
}
[05/10/18, 12:23:16:704] info: NetworkStatus: Network check failed
{
  "error": {
    "message": "Failed to fetch",
    "stack": "TypeError: Failed to fetch"
  }
}
[05/10/18, 12:23:16:705] info: NetworkStatus: Response from api.test
{
  "status": "offline"
}
[05/10/18, 12:23:21:705] info: NetworkStatus: Network check failed
{
  "error": {
    "message": "Failed to fetch",
    "stack": "TypeError: Failed to fetch"
  }
}
[05/10/18, 12:23:21:705] info: NetworkStatus: Response from api.test
{
  "status": "offline"
}
[05/10/18, 12:23:26:705] info: NetworkStatus: Network check failed
{
  "error": {
    "message": "Failed to fetch",
    "stack": "TypeError: Failed to fetch"
  }
}
[05/10/18, 12:23:26:705] info: NetworkStatus: Response from api.test
{
  "status": "offline"
}
[05/10/18, 12:23:31:703] info: NetworkStatus: Network check failed
{
  "error": {
    "message": "Failed to fetch",
    "stack": "TypeError: Failed to fetch"
  }
}
[05/10/18, 12:23:31:704] info: NetworkStatus: Response from api.test
{
  "status": "offline"
}
[05/10/18, 12:23:36:707] info: NetworkStatus: Network check failed
{
  "error": {
    "message": "Failed to fetch",
    "stack": "TypeError: Failed to fetch"
  }
}
[05/10/18, 12:23:36:707] info: NetworkStatus: Response from api.test
{
  "status": "offline"
}
[05/10/18, 12:23:41:706] info: NetworkStatus: Network check failed
{
  "error": {
    "message": "Failed to fetch",
    "stack": "TypeError: Failed to fetch"
  }
}
[05/10/18, 12:23:41:707] info: NetworkStatus: Response from api.test
{
  "status": "offline"
}
[05/10/18, 12:23:46:744] info: NetworkStatus: Network check failed
{
  "error": {
    "message": "Failed to fetch",
    "stack": "TypeError: Failed to fetch"
  }
}
[05/10/18, 12:23:46:744] info: NetworkStatus: Response from api.test
{
  "status": "offline"
}
[05/10/18, 12:23:51:711] info: NetworkStatus: Network check failed
{
  "error": {
    "message": "Failed to fetch",
    "stack": "TypeError: Failed to fetch"
  }
}
[05/10/18, 12:23:51:712] info: NetworkStatus: Response from api.test
{
  "status": "offline"
}
[05/10/18, 12:23:56:714] info: NetworkStatus: Network check failed
{
  "error": {
    "message": "Failed to fetch",
    "stack": "TypeError: Failed to fetch"
  }
}
[05/10/18, 12:23:56:714] info: NetworkStatus: Response from api.test
{
  "status": "offline"
}
[05/10/18, 12:24:01:711] info: NetworkStatus: Network check failed
{
  "error": {
    "message": "Failed to fetch",
    "stack": "TypeError: Failed to fetch"
  }
}
[05/10/18, 12:24:01:712] info: NetworkStatus: Response from api.test
{
  "status": "offline"
}
[05/10/18, 12:24:06:716] info: NetworkStatus: Network check failed
{
  "error": {
    "message": "Failed to fetch",
    "stack": "TypeError: Failed to fetch"
  }
}
[05/10/18, 12:24:06:717] info: NetworkStatus: Response from api.test
{
  "status": "offline"
}
[05/10/18, 12:24:11:716] info: NetworkStatus: Network check failed
{
  "error": {
    "message": "Failed to fetch",
    "stack": "TypeError: Failed to fetch"
  }
}
[05/10/18, 12:24:11:717] info: NetworkStatus: Response from api.test
{
  "status": "offline"
}
[05/10/18, 12:24:16:715] info: NetworkStatus: Network check failed
{
  "error": {
    "message": "Failed to fetch",
    "stack": "TypeError: Failed to fetch"
  }
}
[05/10/18, 12:24:16:715] info: NetworkStatus: Response from api.test
{
  "status": "offline"
}
[05/10/18, 12:24:21:718] info: NetworkStatus: Network check failed
{
  "error": {
    "message": "Failed to fetch",
    "stack": "TypeError: Failed to fetch"
  }
}
[05/10/18, 12:24:21:719] info: NetworkStatus: Response from api.test
{
  "status": "offline"
}
[05/10/18, 12:24:26:717] info: NetworkStatus: Network check failed
{
  "error": {
    "message": "Failed to fetch",
    "stack": "TypeError: Failed to fetch"
  }
}
[05/10/18, 12:24:26:718] info: NetworkStatus: Response from api.test
{
  "status": "offline"
}
[05/10/18, 12:24:31:721] info: NetworkStatus: Network check failed
{
  "error": {
    "message": "Failed to fetch",
    "stack": "TypeError: Failed to fetch"
  }
}
[05/10/18, 12:24:31:722] info: NetworkStatus: Response from api.test
{
  "status": "offline"
}
[05/10/18, 12:24:36:722] info: NetworkStatus: Network check failed
{
  "error": {
    "message": "Failed to fetch",
    "stack": "TypeError: Failed to fetch"
  }
}
[05/10/18, 12:24:36:722] info: NetworkStatus: Response from api.test
{
  "status": "offline"
}
[05/10/18, 12:24:41:727] info: NetworkStatus: Network check failed
{
  "error": {
    "message": "Failed to fetch",
    "stack": "TypeError: Failed to fetch"
  }
}
[05/10/18, 12:24:41:727] info: NetworkStatus: Response from api.test
{
  "status": "offline"
}
[05/10/18, 12:24:46:750] info: NetworkStatus: Network check failed
{
  "error": {
    "message": "Failed to fetch",
    "stack": "TypeError: Failed to fetch"
  }
}
[05/10/18, 12:24:46:751] info: NetworkStatus: Response from api.test
{
  "status": "offline"
}
[05/10/18, 12:24:51:742] info: NetworkStatus: Network check failed
{
  "error": {
    "message": "Failed to fetch",
    "stack": "TypeError: Failed to fetch"
  }
}
[05/10/18, 12:24:51:742] info: NetworkStatus: Response from api.test
{
  "status": "offline"
}
[05/10/18, 12:24:56:726] info: NetworkStatus: Network check failed
{
  "error": {
    "message": "Failed to fetch",
    "stack": "TypeError: Failed to fetch"
  }
}
[05/10/18, 12:24:56:726] info: NetworkStatus: Response from api.test
{
  "status": "offline"
}
[05/10/18, 12:25:01:734] info: NetworkStatus: Network check failed
{
  "error": {
    "message": "Failed to fetch",
    "stack": "TypeError: Failed to fetch"
  }
}
[05/10/18, 12:25:01:734] info: NetworkStatus: Response from api.test
{
  "status": "offline"
}
[05/10/18, 12:25:06:729] info: NetworkStatus: Network check failed
{
  "error": {
    "message": "Failed to fetch",
    "stack": "TypeError: Failed to fetch"
  }
}
[05/10/18, 12:25:06:730] info: NetworkStatus: Response from api.test
{
  "status": "offline"
}
[05/10/18, 12:25:11:735] info: NetworkStatus: Network check failed
{
  "error": {
    "message": "Failed to fetch",
    "stack": "TypeError: Failed to fetch"
  }
}
[05/10/18, 12:25:11:736] info: NetworkStatus: Response from api.test
{
  "status": "offline"
}
[05/10/18, 12:25:16:740] info: NetworkStatus: Network check failed
{
  "error": {
    "message": "Failed to fetch",
    "stack": "TypeError: Failed to fetch"
  }
}
[05/10/18, 12:25:16:740] info: NetworkStatus: Response from api.test
{
  "status": "offline"
}
[05/10/18, 12:25:21:748] info: NetworkStatus: Network check failed
{
  "error": {
    "message": "Failed to fetch",
    "stack": "TypeError: Failed to fetch"
  }
}
[05/10/18, 12:25:21:749] info: NetworkStatus: Response from api.test
{
  "status": "offline"
}
[05/10/18, 12:25:26:727] info: NetworkStatus: Network check failed
{
  "error": {
    "message": "Failed to fetch",
    "stack": "TypeError: Failed to fetch"
  }
}
[05/10/18, 12:25:26:728] info: NetworkStatus: Response from api.test
{
  "status": "offline"
}
[05/10/18, 12:25:31:736] info: NetworkStatus: Network check failed
{
  "error": {
    "message": "Failed to fetch",
    "stack": "TypeError: Failed to fetch"
  }
}
[05/10/18, 12:25:31:737] info: NetworkStatus: Response from api.test
{
  "status": "offline"
}
[05/10/18, 12:25:36:749] info: NetworkStatus: Network check failed
{
  "error": {
    "message": "Failed to fetch",
    "stack": "TypeError: Failed to fetch"
  }
}
[05/10/18, 12:25:36:750] info: NetworkStatus: Response from api.test
{
  "status": "offline"
}
[05/10/18, 12:25:41:753] info: NetworkStatus: Network check failed
{
  "error": {
    "message": "Failed to fetch",
    "stack": "TypeError: Failed to fetch"
  }
}
[05/10/18, 12:25:41:754] info: NetworkStatus: Response from api.test
{
  "status": "offline"
}
[05/10/18, 12:25:46:748] info: NetworkStatus: Network check failed
{
  "error": {
    "message": "Failed to fetch",
    "stack": "TypeError: Failed to fetch"
  }
}
[05/10/18, 12:25:46:748] info: NetworkStatus: Response from api.test
{
  "status": "offline"
}
[05/10/18, 12:25:51:768] info: NetworkStatus: Network check failed
{
  "error": {
    "message": "Failed to fetch",
    "stack": "TypeError: Failed to fetch"
  }
}
[05/10/18, 12:25:51:769] info: NetworkStatus: Response from api.test
{
  "status": "offline"
}
[05/10/18, 12:25:56:744] info: NetworkStatus: Network check failed
{
  "error": {
    "message": "Failed to fetch",
    "stack": "TypeError: Failed to fetch"
  }
}
[05/10/18, 12:25:56:745] info: NetworkStatus: Response from api.test
{
  "status": "offline"
}
[05/10/18, 12:26:01:740] info: NetworkStatus: Network check failed
{
  "error": {
    "message": "Failed to fetch",
    "stack": "TypeError: Failed to fetch"
  }
}
[05/10/18, 12:26:01:741] info: NetworkStatus: Response from api.test
{
  "status": "offline"
}
[05/10/18, 12:26:06:740] info: NetworkStatus: Network check failed
{
  "error": {
    "message": "Failed to fetch",
    "stack": "TypeError: Failed to fetch"
  }
}
[05/10/18, 12:26:06:740] info: NetworkStatus: Response from api.test
{
  "status": "offline"
}
[05/10/18, 12:26:11:742] info: NetworkStatus: Network check failed
{
  "error": {
    "message": "Failed to fetch",
    "stack": "TypeError: Failed to fetch"
  }
}
[05/10/18, 12:26:11:743] info: NetworkStatus: Response from api.test
{
  "status": "offline"
}
[05/10/18, 12:26:16:746] info: NetworkStatus: Network check failed
{
  "error": {
    "message": "Failed to fetch",
    "stack": "TypeError: Failed to fetch"
  }
}
[05/10/18, 12:26:16:747] info: NetworkStatus: Response from api.test
{
  "status": "offline"
}
[05/10/18, 12:26:21:740] info: NetworkStatus: Network check failed
{
  "error": {
    "message": "Failed to fetch",
    "stack": "TypeError: Failed to fetch"
  }
}
[05/10/18, 12:26:21:741] info: NetworkStatus: Response from api.test
{
  "status": "offline"
}
[05/10/18, 12:26:26:751] info: NetworkStatus: Network check failed
{
  "error": {
    "message": "Failed to fetch",
    "stack": "TypeError: Failed to fetch"
  }
}
[05/10/18, 12:26:26:751] info: NetworkStatus: Response from api.test
{
  "status": "offline"
}
[05/10/18, 12:26:31:758] info: NetworkStatus: Network check failed
{
  "error": {
    "message": "Failed to fetch",
    "stack": "TypeError: Failed to fetch"
  }
}
[05/10/18, 12:26:31:759] info: NetworkStatus: Response from api.test
{
  "status": "offline"
}
[05/10/18, 12:26:36:759] info: NetworkStatus: Network check failed
{
  "error": {
    "message": "Failed to fetch",
    "stack": "TypeError: Failed to fetch"
  }
}
[05/10/18, 12:26:36:759] info: NetworkStatus: Response from api.test
{
  "status": "offline"
}
[05/10/18, 12:26:41:748] info: NetworkStatus: Network check failed
{
  "error": {
    "message": "Failed to fetch",
    "stack": "TypeError: Failed to fetch"
  }
}
[05/10/18, 12:26:41:748] info: NetworkStatus: Response from api.test
{
  "status": "offline"
}
[05/10/18, 12:26:46:753] info: NetworkStatus: Network check failed
{
  "error": {
    "message": "Failed to fetch",
    "stack": "TypeError: Failed to fetch"
  }
}
[05/10/18, 12:26:46:754] info: NetworkStatus: Response from api.test
{
  "status": "offline"
}
[05/10/18, 12:26:51:747] info: NetworkStatus: Network check failed
{
  "error": {
    "message": "Failed to fetch",
    "stack": "TypeError: Failed to fetch"
  }
}
[05/10/18, 12:26:51:748] info: NetworkStatus: Response from api.test
{
  "status": "offline"
}
[05/10/18, 12:26:56:785] info: NetworkStatus: Network check failed
{
  "error": {
    "message": "Failed to fetch",
    "stack": "TypeError: Failed to fetch"
  }
}
[05/10/18, 12:26:56:786] info: NetworkStatus: Response from api.test
{
  "status": "offline"
}
[05/10/18, 12:27:01:758] info: NetworkStatus: Network check failed
{
  "error": {
    "message": "Failed to fetch",
    "stack": "TypeError: Failed to fetch"
  }
}
[05/10/18, 12:27:01:759] info: NetworkStatus: Response from api.test
{
  "status": "offline"
}
[05/10/18, 12:27:06:755] info: NetworkStatus: Network check failed
{
  "error": {
    "message": "Failed to fetch",
    "stack": "TypeError: Failed to fetch"
  }
}
[05/10/18, 12:27:06:755] info: NetworkStatus: Response from api.test
{
  "status": "offline"
}
[05/10/18, 12:27:11:759] info: NetworkStatus: Network check failed
{
  "error": {
    "message": "Failed to fetch",
    "stack": "TypeError: Failed to fetch"
  }
}
[05/10/18, 12:27:11:760] info: NetworkStatus: Response from api.test
{
  "status": "offline"
}
[05/10/18, 12:27:16:764] info: NetworkStatus: Network check failed
{
  "error": {
    "message": "Failed to fetch",
    "stack": "TypeError: Failed to fetch"
  }
}
[05/10/18, 12:27:16:765] info: NetworkStatus: Response from api.test
{
  "status": "offline"
}
[05/10/18, 12:27:21:759] info: NetworkStatus: Network check failed
{
  "error": {
    "message": "Failed to fetch",
    "stack": "TypeError: Failed to fetch"
  }
}
[05/10/18, 12:27:21:761] info: NetworkStatus: Response from api.test
{
  "status": "offline"
}
[05/10/18, 12:27:26:758] info: NetworkStatus: Network check failed
{
  "error": {
    "message": "Failed to fetch",
    "stack": "TypeError: Failed to fetch"
  }
}
[05/10/18, 12:27:26:758] info: NetworkStatus: Response from api.test
{
  "status": "offline"
}
[05/10/18, 12:27:31:764] info: NetworkStatus: Network check failed
{
  "error": {
    "message": "Failed to fetch",
    "stack": "TypeError: Failed to fetch"
  }
}
[05/10/18, 12:27:31:764] info: NetworkStatus: Response from api.test
{
  "status": "offline"
}
[05/10/18, 12:27:36:767] info: NetworkStatus: Network check failed
{
  "error": {
    "message": "Failed to fetch",
    "stack": "TypeError: Failed to fetch"
  }
}
[05/10/18, 12:27:36:767] info: NetworkStatus: Response from api.test
{
  "status": "offline"
}
[05/10/18, 12:27:41:765] info: NetworkStatus: Network check failed
{
  "error": {
    "message": "Failed to fetch",
    "stack": "TypeError: Failed to fetch"
  }
}
[05/10/18, 12:27:41:766] info: NetworkStatus: Response from api.test
{
  "status": "offline"
}
[05/10/18, 12:27:46:764] info: NetworkStatus: Network check failed
{
  "error": {
    "message": "Failed to fetch",
    "stack": "TypeError: Failed to fetch"
  }
}
[05/10/18, 12:27:46:765] info: NetworkStatus: Response from api.test
{
  "status": "offline"
}
[05/10/18, 12:27:51:769] info: NetworkStatus: Network check failed
{
  "error": {
    "message": "Failed to fetch",
    "stack": "TypeError: Failed to fetch"
  }
}
[05/10/18, 12:27:51:770] info: NetworkStatus: Response from api.test
{
  "status": "offline"
}
[05/10/18, 12:27:56:768] info: NetworkStatus: Network check failed
{
  "error": {
    "message": "Failed to fetch",
    "stack": "TypeError: Failed to fetch"
  }
}
[05/10/18, 12:27:56:769] info: NetworkStatus: Response from api.test
{
  "status": "offline"
}
[05/10/18, 12:28:01:784] info: NetworkStatus: Network check failed
{
  "error": {
    "message": "Failed to fetch",
    "stack": "TypeError: Failed to fetch"
  }
}
[05/10/18, 12:28:01:785] info: NetworkStatus: Response from api.test
{
  "status": "offline"
}
[05/10/18, 12:28:06:771] info: NetworkStatus: Network check failed
{
  "error": {
    "message": "Failed to fetch",
    "stack": "TypeError: Failed to fetch"
  }
}
[05/10/18, 12:28:06:772] info: NetworkStatus: Response from api.test
{
  "status": "offline"
}
[05/10/18, 12:28:11:768] info: NetworkStatus: Network check failed
{
  "error": {
    "message": "Failed to fetch",
    "stack": "TypeError: Failed to fetch"
  }
}
[05/10/18, 12:28:11:769] info: NetworkStatus: Response from api.test
{
  "status": "offline"
}
[05/10/18, 12:28:16:773] info: NetworkStatus: Network check failed
{
  "error": {
    "message": "Failed to fetch",
    "stack": "TypeError: Failed to fetch"
  }
}
[05/10/18, 12:28:16:774] info: NetworkStatus: Response from api.test
{
  "status": "offline"
}
[05/10/18, 12:28:21:769] info: NetworkStatus: Network check failed
{
  "error": {
    "message": "Failed to fetch",
    "stack": "TypeError: Failed to fetch"
  }
}
[05/10/18, 12:28:21:769] info: NetworkStatus: Response from api.test
{
  "status": "offline"
}
[05/10/18, 12:28:26:777] info: NetworkStatus: Network check failed
{
  "error": {
    "message": "Failed to fetch",
    "stack": "TypeError: Failed to fetch"
  }
}
[05/10/18, 12:28:26:779] info: NetworkStatus: Response from api.test
{
  "status": "offline"
}
[05/10/18, 12:28:31:774] info: NetworkStatus: Network check failed
{
  "error": {
    "message": "Failed to fetch",
    "stack": "TypeError: Failed to fetch"
  }
}
[05/10/18, 12:28:31:775] info: NetworkStatus: Response from api.test
{
  "status": "offline"
}
[05/10/18, 12:28:36:777] info: NetworkStatus: Network check failed
{
  "error": {
    "message": "Failed to fetch",
    "stack": "TypeError: Failed to fetch"
  }
}
[05/10/18, 12:28:36:778] info: NetworkStatus: Response from api.test
{
  "status": "offline"
}
[05/10/18, 12:28:41:778] info: NetworkStatus: Network check failed
{
  "error": {
    "message": "Failed to fetch",
    "stack": "TypeError: Failed to fetch"
  }
}
[05/10/18, 12:28:41:778] info: NetworkStatus: Response from api.test
{
  "status": "offline"
}
[05/10/18, 12:28:46:778] info: NetworkStatus: Network check failed
{
  "error": {
    "message": "Failed to fetch",
    "stack": "TypeError: Failed to fetch"
  }
}
[05/10/18, 12:28:46:778] info: NetworkStatus: Response from api.test
{
  "status": "offline"
}
[05/10/18, 12:28:51:780] info: NetworkStatus: Network check failed
{
  "error": {
    "message": "Failed to fetch",
    "stack": "TypeError: Failed to fetch"
  }
}
[05/10/18, 12:28:51:780] info: NetworkStatus: Response from api.test
{
  "status": "offline"
}
[05/10/18, 12:28:56:776] info: NetworkStatus: Network check failed
{
  "error": {
    "message": "Failed to fetch",
    "stack": "TypeError: Failed to fetch"
  }
}
[05/10/18, 12:28:56:776] info: NetworkStatus: Response from api.test
{
  "status": "offline"
}
[05/10/18, 12:29:01:776] info: NetworkStatus: Network check failed
{
  "error": {
    "message": "Failed to fetch",
    "stack": "TypeError: Failed to fetch"
  }
}
[05/10/18, 12:29:01:776] info: NetworkStatus: Response from api.test
{
  "status": "offline"
}
[05/10/18, 12:29:06:799] info: NetworkStatus: Network check failed
{
  "error": {
    "message": "Failed to fetch",
    "stack": "TypeError: Failed to fetch"
  }
}
[05/10/18, 12:29:06:800] info: NetworkStatus: Response from api.test
{
  "status": "offline"
}
[05/10/18, 12:29:11:785] info: NetworkStatus: Network check failed
{
  "error": {
    "message": "Failed to fetch",
    "stack": "TypeError: Failed to fetch"
  }
}
[05/10/18, 12:29:11:786] info: NetworkStatus: Response from api.test
{
  "status": "offline"
}
[05/10/18, 12:29:16:786] info: NetworkStatus: Network check failed
{
  "error": {
    "message": "Failed to fetch",
    "stack": "TypeError: Failed to fetch"
  }
}
[05/10/18, 12:29:16:787] info: NetworkStatus: Response from api.test
{
  "status": "offline"
}
[05/10/18, 12:29:21:786] info: NetworkStatus: Network check failed
{
  "error": {
    "message": "Failed to fetch",
    "stack": "TypeError: Failed to fetch"
  }
}
[05/10/18, 12:29:21:787] info: NetworkStatus: Response from api.test
{
  "status": "offline"
}
[05/10/18, 12:29:26:791] info: NetworkStatus: Network check failed
{
  "error": {
    "message": "Failed to fetch",
    "stack": "TypeError: Failed to fetch"
  }
}
[05/10/18, 12:29:26:792] info: NetworkStatus: Response from api.test
{
  "status": "offline"
}
[05/10/18, 12:29:31:790] info: NetworkStatus: Network check failed
{
  "error": {
    "message": "Failed to fetch",
    "stack": "TypeError: Failed to fetch"
  }
}
[05/10/18, 12:29:31:790] info: NetworkStatus: Response from api.test
{
  "status": "offline"
}
[05/10/18, 12:29:36:795] info: NetworkStatus: Network check failed
{
  "error": {
    "message": "Failed to fetch",
    "stack": "TypeError: Failed to fetch"
  }
}
[05/10/18, 12:29:36:796] info: NetworkStatus: Response from api.test
{
  "status": "offline"
}
[05/10/18, 12:29:41:802] info: NetworkStatus: Network check failed
{
  "error": {
    "message": "Failed to fetch",
    "stack": "TypeError: Failed to fetch"
  }
}
[05/10/18, 12:29:41:802] info: NetworkStatus: Response from api.test
{
  "status": "offline"
}
[05/10/18, 12:29:46:793] info: NetworkStatus: Network check failed
{
  "error": {
    "message": "Failed to fetch",
    "stack": "TypeError: Failed to fetch"
  }
}
[05/10/18, 12:29:46:793] info: NetworkStatus: Response from api.test
{
  "status": "offline"
}
[05/10/18, 12:29:51:805] info: NetworkStatus: Network check failed
{
  "error": {
    "message": "Failed to fetch",
    "stack": "TypeError: Failed to fetch"
  }
}
[05/10/18, 12:29:51:805] info: NetworkStatus: Response from api.test
{
  "status": "offline"
}
[05/10/18, 12:29:56:795] info: NetworkStatus: Network check failed
{
  "error": {
    "message": "Failed to fetch",
    "stack": "TypeError: Failed to fetch"
  }
}
[05/10/18, 12:29:56:795] info: NetworkStatus: Response from api.test
{
  "status": "offline"
}
[05/10/18, 12:30:01:799] info: NetworkStatus: Network check failed
{
  "error": {
    "message": "Failed to fetch",
    "stack": "TypeError: Failed to fetch"
  }
}
[05/10/18, 12:30:01:799] info: NetworkStatus: Response from api.test
{
  "status": "offline"
}
[05/10/18, 12:30:06:798] info: NetworkStatus: Network check failed
{
  "error": {
    "message": "Failed to fetch",
    "stack": "TypeError: Failed to fetch"
  }
}
[05/10/18, 12:30:06:798] info: NetworkStatus: Response from api.test
{
  "status": "offline"
}
[05/10/18, 12:30:11:836] info: NetworkStatus: Network check failed
{
  "error": {
    "message": "Failed to fetch",
    "stack": "TypeError: Failed to fetch"
  }
}
[05/10/18, 12:30:11:836] info: NetworkStatus: Response from api.test
{
  "status": "offline"
}
[05/10/18, 12:30:16:798] info: NetworkStatus: Network check failed
{
  "error": {
    "message": "Failed to fetch",
    "stack": "TypeError: Failed to fetch"
  }
}
[05/10/18, 12:30:16:798] info: NetworkStatus: Response from api.test
{
  "status": "offline"
}
[05/10/18, 12:30:23:782] info: NetworkStatus: Network check failed
{
  "error": {
    "message": "Failed to fetch",
    "stack": "TypeError: Failed to fetch"
  }
}
[05/10/18, 12:30:23:783] info: NetworkStatus: Response from api.test
{
  "status": "offline"
}
[05/10/18, 12:30:26:771] info: NetworkStatus: Network check failed
{
  "error": {
    "message": "Failed to fetch",
    "stack": "TypeError: Failed to fetch"
  }
}
[05/10/18, 12:30:26:772] info: NetworkStatus: Response from api.test
{
  "status": "offline"
}
[05/10/18, 12:30:31:773] info: NetworkStatus: Network check failed
{
  "error": {
    "message": "Failed to fetch",
    "stack": "TypeError: Failed to fetch"
  }
}
[05/10/18, 12:30:31:774] info: NetworkStatus: Response from api.test
{
  "status": "offline"
}
[05/10/18, 12:30:32:934] info: NetworkStatus: Waiting for network online…
[05/10/18, 12:30:32:949] info: NetworkStatus: Network check failed
{
  "error": {
    "message": "Failed to fetch",
    "stack": "TypeError: Failed to fetch"
  }
}
[05/10/18, 12:30:32:951] info: NetworkStatus: Response from api.test
{
  "status": "offline"
}
[05/10/18, 12:30:35:931] info: Store: UPDATE_TEAM_ICONS
{
  "icons": {
    "image_102": "https://slack-files2.s3-us-west-2.amazonaws.com/avatars/2017-03-15/154610708258_f98e05c23845866960a5_102.png",
    "image_132": "https://slack-files2.s3-us-west-2.amazonaws.com/avatars/2017-03-15/154610708258_f98e05c23845866960a5_132.png",
    "image_230": "https://slack-files2.s3-us-west-2.amazonaws.com/avatars/2017-03-15/154610708258_f98e05c23845866960a5_230.png",
    "image_34": "https://slack-files2.s3-us-west-2.amazonaws.com/avatars/2017-03-15/154610708258_f98e05c23845866960a5_34.png",
    "image_44": "https://slack-files2.s3-us-west-2.amazonaws.com/avatars/2017-03-15/154610708258_f98e05c23845866960a5_44.png",
    "image_68": "https://slack-files2.s3-us-west-2.amazonaws.com/avatars/2017-03-15/154610708258_f98e05c23845866960a5_68.png",
    "image_88": "https://slack-files2.s3-us-west-2.amazonaws.com/avatars/2017-03-15/154610708258_f98e05c23845866960a5_88.png",
    "image_original": "https://slack-files2.s3-us-west-2.amazonaws.com/avatars/2017-03-15/154610708258_f98e05c23845866960a5_original.png"
  },
  "teamId": "T4HEMM0UR"
}
[05/10/18, 12:30:36:151] info: Store: UPDATE_TEAM_LOCALE
{
  "locale": "ja-JP",
  "teamId": "T4HEMM0UR"
}
[05/10/18, 12:30:38:338] info: NetworkStatus: Response from api.test
{
  "status": "online"
}
[05/10/18, 12:30:38:744] info: Store: SET_NETWORK_STATUS online
[05/10/18, 12:30:38:753] warn: Base Component: Attempting to update LoadingScreen when unmounted.
[05/10/18, 12:30:41:758] info: Store: UPDATE_TEAM_ICONS
{
  "icons": {
    "image_102": "https://slack-files2.s3-us-west-2.amazonaws.com/avatars/2015-01-14/3400695805_06e3ed8a8ae7228d7c54_102.jpg",
    "image_132": "https://slack-files2.s3-us-west-2.amazonaws.com/avatars/2015-01-14/3400695805_06e3ed8a8ae7228d7c54_132.jpg",
    "image_230": "https://slack-files2.s3-us-west-2.amazonaws.com/avatars/2015-01-14/3400695805_06e3ed8a8ae7228d7c54_132.jpg",
    "image_34": "https://slack-files2.s3-us-west-2.amazonaws.com/avatars/2015-01-14/3400695805_06e3ed8a8ae7228d7c54_34.jpg",
    "image_44": "https://slack-files2.s3-us-west-2.amazonaws.com/avatars/2015-01-14/3400695805_06e3ed8a8ae7228d7c54_44.jpg",
    "image_68": "https://slack-files2.s3-us-west-2.amazonaws.com/avatars/2015-01-14/3400695805_06e3ed8a8ae7228d7c54_68.jpg",
    "image_88": "https://slack-files2.s3-us-west-2.amazonaws.com/avatars/2015-01-14/3400695805_06e3ed8a8ae7228d7c54_88.jpg",
    "image_original": "https://slack-files2.s3-us-west-2.amazonaws.com/avatars/2015-01-14/3400695805_06e3ed8a8ae7228d7c54_original.jpg"
  },
  "teamId": "T02R0MMHK"
}
[05/10/18, 12:30:41:875] info: Store: UPDATE_TEAM_LOCALE
{
  "locale": "en-US",
  "teamId": "T02R0MMHK"
}
[05/10/18, 12:31:48:501] info: Store: UPDATE_TEAM_ICONS
{
  "icons": {
    "image_102": "https://slack-files2.s3-us-west-2.amazonaws.com/avatars/2017-06-28/205110093367_6705e64b9b4a8299bd1f_102.png",
    "image_132": "https://slack-files2.s3-us-west-2.amazonaws.com/avatars/2017-06-28/205110093367_6705e64b9b4a8299bd1f_132.png",
    "image_230": "https://slack-files2.s3-us-west-2.amazonaws.com/avatars/2017-06-28/205110093367_6705e64b9b4a8299bd1f_230.png",
    "image_34": "https://slack-files2.s3-us-west-2.amazonaws.com/avatars/2017-06-28/205110093367_6705e64b9b4a8299bd1f_34.png",
    "image_44": "https://slack-files2.s3-us-west-2.amazonaws.com/avatars/2017-06-28/205110093367_6705e64b9b4a8299bd1f_44.png",
    "image_68": "https://slack-files2.s3-us-west-2.amazonaws.com/avatars/2017-06-28/205110093367_6705e64b9b4a8299bd1f_68.png",
    "image_88": "https://slack-files2.s3-us-west-2.amazonaws.com/avatars/2017-06-28/205110093367_6705e64b9b4a8299bd1f_88.png",
    "image_original": "https://slack-files2.s3-us-west-2.amazonaws.com/avatars/2017-06-28/205110093367_6705e64b9b4a8299bd1f_original.png"
  },
  "teamId": "T5YEC6G73"
}
[05/10/18, 12:31:48:605] info: Store: UPDATE_TEAM_LOCALE
{
  "locale": "en-US",
  "teamId": "T5YEC6G73"
}
[05/10/18, 12:32:22:753] info: Store: UPDATE_TEAM_ICONS
{
  "icons": {
    "image_102": "https://slack-files2.s3-us-west-2.amazonaws.com/avatars/2015-12-19/17054493216_07addcfb3fb1718cbba4_102.png",
    "image_132": "https://slack-files2.s3-us-west-2.amazonaws.com/avatars/2015-12-19/17054493216_07addcfb3fb1718cbba4_132.png",
    "image_230": "https://slack-files2.s3-us-west-2.amazonaws.com/avatars/2015-12-19/17054493216_07addcfb3fb1718cbba4_132.png",
    "image_34": "https://slack-files2.s3-us-west-2.amazonaws.com/avatars/2015-12-19/17054493216_07addcfb3fb1718cbba4_34.png",
    "image_44": "https://slack-files2.s3-us-west-2.amazonaws.com/avatars/2015-12-19/17054493216_07addcfb3fb1718cbba4_44.png",
    "image_68": "https://slack-files2.s3-us-west-2.amazonaws.com/avatars/2015-12-19/17054493216_07addcfb3fb1718cbba4_68.png",
    "image_88": "https://slack-files2.s3-us-west-2.amazonaws.com/avatars/2015-12-19/17054493216_07addcfb3fb1718cbba4_88.png",
    "image_original": "https://slack-files2.s3-us-west-2.amazonaws.com/avatars/2015-12-19/17054493216_07addcfb3fb1718cbba4_original.png"
  },
  "teamId": "T0GFBAM8C"
}
[05/10/18, 12:32:22:962] info: Store: UPDATE_TEAM_LOCALE
{
  "locale": "ja-JP",
  "teamId": "T0GFBAM8C"
}
[05/10/18, 12:32:26:858] info: Store: UPDATE_TEAM_ICONS
{
  "icons": {
    "image_102": "https://slack-files2.s3-us-west-2.amazonaws.com/avatars/2017-08-21/229801110004_7754c1684d8336d012c4_102.jpg",
    "image_132": "https://slack-files2.s3-us-west-2.amazonaws.com/avatars/2017-08-21/229801110004_7754c1684d8336d012c4_132.jpg",
    "image_230": "https://slack-files2.s3-us-west-2.amazonaws.com/avatars/2017-08-21/229801110004_7754c1684d8336d012c4_230.jpg",
    "image_34": "https://slack-files2.s3-us-west-2.amazonaws.com/avatars/2017-08-21/229801110004_7754c1684d8336d012c4_34.jpg",
    "image_44": "https://slack-files2.s3-us-west-2.amazonaws.com/avatars/2017-08-21/229801110004_7754c1684d8336d012c4_44.jpg",
    "image_68": "https://slack-files2.s3-us-west-2.amazonaws.com/avatars/2017-08-21/229801110004_7754c1684d8336d012c4_68.jpg",
    "image_88": "https://slack-files2.s3-us-west-2.amazonaws.com/avatars/2017-08-21/229801110004_7754c1684d8336d012c4_88.jpg",
    "image_original": "https://slack-files2.s3-us-west-2.amazonaws.com/avatars/2017-08-21/229801110004_7754c1684d8336d012c4_original.jpg"
  },
  "teamId": "T5LFW0CUB"
}
[05/10/18, 12:32:27:103] info: Store: UPDATE_TEAM_LOCALE
{
  "locale": "ja-JP",
  "teamId": "T5LFW0CUB"
}
[05/10/18, 12:49:52:159] info: Store: SET_NETWORK_STATUS offline
[05/10/18, 12:50:03:466] info: NetworkStatus: Waiting for network online…
[05/10/18, 12:50:03:475] info: NetworkStatus: Network check failed
{
  "error": {
    "message": "Failed to fetch",
    "stack": "TypeError: Failed to fetch"
  }
}
[05/10/18, 12:50:03:476] info: NetworkStatus: Response from api.test
{
  "status": "offline"
}
[05/10/18, 12:50:08:835] info: NetworkStatus: Response from api.test
{
  "status": "online"
}
[05/10/18, 12:50:09:240] info: Store: SET_NETWORK_STATUS online
[05/10/18, 12:50:09:247] warn: Base Component: Attempting to update LoadingScreen when unmounted.
[05/10/18, 12:54:00:054] info: Store: SET_NETWORK_STATUS offline
[05/10/18, 12:54:01:997] info: NetworkStatus: Waiting for network online…
[05/10/18, 12:54:02:013] info: NetworkStatus: Network check failed
{
  "error": {
    "message": "Failed to fetch",
    "stack": "TypeError: Failed to fetch"
  }
}
[05/10/18, 12:54:02:015] info: NetworkStatus: Response from api.test
{
  "status": "offline"
}
[05/10/18, 12:54:07:626] info: NetworkStatus: Response from api.test
{
  "status": "online"
}
[05/10/18, 12:54:08:035] info: Store: SET_NETWORK_STATUS online
[05/10/18, 12:54:08:040] warn: Base Component: Attempting to update LoadingScreen when unmounted.
[05/10/18, 12:57:42:049] info: Store: MAIN_WINDOW_FOCUSED
[05/10/18, 12:57:42:051] info: Store: MAIN_WINDOW_FOCUSED
[05/10/18, 13:14:23:726] info: Store: MAIN_WINDOW_FOCUSED
[05/10/18, 13:14:23:735] info: Store: MAIN_WINDOW_FOCUSED
