[05/01/18, 15:21:55:378] info: ╔════════════════════════════════════════════════════════════════════════════╗
[05/01/18, 15:21:55:383] info: ║      Slack 3.1.1, linux 4.16.5-1-zen on x64 at 05/01/18, 15:21:55:352      ║
[05/01/18, 15:21:55:383] info: ╚════════════════════════════════════════════════════════════════════════════╝
[05/01/18, 15:21:55:596] info: Initializing local storage instance at path: /home/nitoli/.config/Slack/local-settings.json
[05/01/18, 15:21:57:115] info: Store: UPSERT_WEB_CONTENTS
{
  "id": 3,
  "state": "loaded",
  "teamId": "T5YEC6G73"
}
[05/01/18, 15:21:57:156] info: Store: UPSERT_WEB_CONTENTS
{
  "id": 3,
  "state": "empty-page",
  "teamId": "T5YEC6G73"
}
[05/01/18, 15:21:57:175] info: Store: UPSERT_WEB_CONTENTS
{
  "id": 3,
  "state": "page-will-navigate",
  "teamId": "T5YEC6G73"
}
[05/01/18, 15:21:57:195] info: Store: UPSERT_WEB_CONTENTS
{
  "id": 4,
  "state": "loaded",
  "teamId": "T02R0MMHK"
}
[05/01/18, 15:21:57:256] info: Store: UPSERT_WEB_CONTENTS
{
  "id": 4,
  "state": "empty-page",
  "teamId": "T02R0MMHK"
}
[05/01/18, 15:21:57:273] info: Store: UPSERT_WEB_CONTENTS
{
  "id": 4,
  "state": "page-will-navigate",
  "teamId": "T02R0MMHK"
}
[05/01/18, 15:21:57:289] info: Store: UPSERT_WEB_CONTENTS
{
  "id": 5,
  "state": "loaded",
  "teamId": "T4HEMM0UR"
}
[05/01/18, 15:21:57:313] info: Store: UPSERT_WEB_CONTENTS
{
  "id": 5,
  "state": "empty-page",
  "teamId": "T4HEMM0UR"
}
[05/01/18, 15:21:57:334] info: Store: UPSERT_WEB_CONTENTS
{
  "id": 5,
  "state": "page-will-navigate",
  "teamId": "T4HEMM0UR"
}
[05/01/18, 15:21:57:859] info: Store: UPDATE_SESSION_STATUS
{
  "hasValidSession": true,
  "teamId": "T02R0MMHK"
}
[05/01/18, 15:21:57:869] info: Store: UPDATE_SESSION_STATUS
{
  "hasValidSession": true,
  "teamId": "T5YEC6G73"
}
[05/01/18, 15:21:57:884] info: Store: UPDATE_SESSION_STATUS
{
  "hasValidSession": true,
  "teamId": "T4HEMM0UR"
}
[05/01/18, 15:21:58:180] info: Store: SET_NETWORK_STATUS online
[05/01/18, 15:21:58:185] info: Store: MAIN_WINDOW_SHOWN
[05/08/18, 13:41:40:331] info: ╔════════════════════════════════════════════════════════════════════════════╗
[05/08/18, 13:41:40:332] info: ║      Slack 3.1.1, linux 4.16.6-1-zen on x64 at 05/08/18, 13:41:40:319      ║
[05/08/18, 13:41:40:332] info: ╚════════════════════════════════════════════════════════════════════════════╝
[05/08/18, 13:41:40:501] info: Initializing local storage instance at path: /home/nitoli/.config/Slack/local-settings.json
[05/08/18, 13:41:41:484] error: Calls failed to load, bailing
[05/08/18, 13:41:41:487] info: cld3::loadModule: loading cld3 module
[05/08/18, 13:41:41:546] info: cld3Loader::loadModule: running environment is NODE
[05/08/18, 13:41:41:547] info: cld3Loader::loadModule: constructed module object for runtime
[05/08/18, 13:41:42:220] info: cld3Loader::initializeRuntime: successfully initialized module
[05/08/18, 13:41:42:221] info: cld3Loader::loadModule: initialized wasm binary Runtime
[05/08/18, 13:41:42:240] warn: updateSpellcheckerLanguage: Tried to update language, but spellchecker not initialized
[05/08/18, 13:41:42:240] info: TranslationLookup: locale set to ja-JP for renderer
[05/08/18, 13:41:42:241] info: SSBIntegration: Main window preload script loaded 2990.431434
[05/08/18, 13:41:42:287] info: Store: SET_NETWORK_STATUS offline
[05/08/18, 13:41:42:296] info: Store: UPSERT_WEB_CONTENTS
{
  "id": 3,
  "state": "loaded",
  "teamId": "T5LFW0CUB"
}
[05/08/18, 13:41:42:339] info: Store: UPSERT_WEB_CONTENTS
{
  "id": 3,
  "state": "empty-page",
  "teamId": "T5LFW0CUB"
}
[05/08/18, 13:41:42:649] info: Store: UPSERT_WEB_CONTENTS
{
  "id": 6,
  "state": "loaded",
  "teamId": "T4HEMM0UR"
}
[05/08/18, 13:41:42:671] info: Store: UPDATE_SESSION_STATUS
{
  "hasValidSession": true,
  "teamId": "T5LFW0CUB"
}
[05/08/18, 13:41:42:701] info: Store: UPSERT_WEB_CONTENTS
{
  "id": 6,
  "state": "empty-page",
  "teamId": "T4HEMM0UR"
}
[05/08/18, 13:41:42:940] info: Store: UPSERT_WEB_CONTENTS
{
  "id": 5,
  "state": "loaded",
  "teamId": "T02R0MMHK"
}
[05/08/18, 13:41:42:956] info: Store: UPSERT_WEB_CONTENTS
{
  "id": 7,
  "state": "loaded",
  "teamId": "T0GFBAM8C"
}
[05/08/18, 13:41:42:973] info: Store: UPSERT_WEB_CONTENTS
{
  "id": 5,
  "state": "empty-page",
  "teamId": "T02R0MMHK"
}
[05/08/18, 13:41:42:988] info: Store: UPSERT_WEB_CONTENTS
{
  "id": 7,
  "state": "empty-page",
  "teamId": "T0GFBAM8C"
}
[05/08/18, 13:41:43:004] info: Store: UPDATE_SESSION_STATUS
{
  "hasValidSession": true,
  "teamId": "T4HEMM0UR"
}
[05/08/18, 13:41:43:051] info: Store: UPSERT_WEB_CONTENTS
{
  "id": 4,
  "state": "loaded",
  "teamId": "T5YEC6G73"
}
[05/08/18, 13:41:43:088] info: Store: UPSERT_WEB_CONTENTS
{
  "id": 4,
  "state": "empty-page",
  "teamId": "T5YEC6G73"
}
[05/08/18, 13:41:43:264] info: Store: UPDATE_SESSION_STATUS
{
  "hasValidSession": true,
  "teamId": "T02R0MMHK"
}
[05/08/18, 13:41:43:279] info: Store: UPDATE_SESSION_STATUS
{
  "hasValidSession": true,
  "teamId": "T0GFBAM8C"
}
[05/08/18, 13:41:43:352] info: Store: UPDATE_SESSION_STATUS
{
  "hasValidSession": true,
  "teamId": "T5YEC6G73"
}
[05/08/18, 13:41:46:299] info: Store: SET_NETWORK_STATUS online
[05/08/18, 13:41:46:312] info: Store: MAIN_WINDOW_SHOWN
[05/08/18, 13:41:46:356] info: Store: UPSERT_WEB_CONTENTS
{
  "id": 3,
  "state": "page-will-navigate",
  "teamId": "T5LFW0CUB"
}
[05/08/18, 13:41:46:365] info: Window is unloading, winssb is no longer accessible
[05/08/18, 13:41:46:372] info: Store: UPSERT_WEB_CONTENTS
{
  "id": 7,
  "state": "page-will-navigate",
  "teamId": "T0GFBAM8C"
}
[05/08/18, 13:41:46:396] info: Store: UPSERT_WEB_CONTENTS
{
  "id": 6,
  "state": "page-will-navigate",
  "teamId": "T4HEMM0UR"
}
[05/08/18, 13:41:46:407] info: Store: UPSERT_WEB_CONTENTS
{
  "id": 5,
  "state": "page-will-navigate",
  "teamId": "T02R0MMHK"
}
[05/08/18, 13:41:46:428] info: Store: UPSERT_WEB_CONTENTS
{
  "id": 4,
  "state": "page-will-navigate",
  "teamId": "T5YEC6G73"
}
[05/08/18, 13:41:46:669] info: Store: UPDATE_SESSION_STATUS
{
  "hasValidSession": true,
  "teamId": "T5LFW0CUB"
}
[05/08/18, 13:41:46:705] info: Store: UPDATE_SESSION_STATUS
{
  "hasValidSession": true,
  "teamId": "T4HEMM0UR"
}
[05/08/18, 13:41:46:733] info: Store: UPDATE_SESSION_STATUS
{
  "hasValidSession": true,
  "teamId": "T0GFBAM8C"
}
[05/08/18, 13:41:46:754] info: Store: UPDATE_SESSION_STATUS
{
  "hasValidSession": true,
  "teamId": "T02R0MMHK"
}
[05/08/18, 13:41:46:772] info: Store: UPDATE_SESSION_STATUS
{
  "hasValidSession": true,
  "teamId": "T5YEC6G73"
}
[05/08/18, 19:34:46:470] info: ╔════════════════════════════════════════════════════════════════════════════╗
[05/08/18, 19:34:46:471] info: ║      Slack 3.1.1, linux 4.16.7-1-zen on x64 at 05/08/18, 19:34:46:450      ║
[05/08/18, 19:34:46:471] info: ╚════════════════════════════════════════════════════════════════════════════╝
[05/08/18, 19:34:46:823] info: Initializing local storage instance at path: /home/nitoli/.config/Slack/local-settings.json
[05/08/18, 19:34:47:742] error: Calls failed to load, bailing
[05/08/18, 19:34:47:745] info: cld3::loadModule: loading cld3 module
[05/08/18, 19:34:47:831] info: cld3Loader::loadModule: running environment is NODE
[05/08/18, 19:34:47:832] info: cld3Loader::loadModule: constructed module object for runtime
[05/08/18, 19:34:48:659] info: cld3Loader::initializeRuntime: successfully initialized module
[05/08/18, 19:34:48:659] info: cld3Loader::loadModule: initialized wasm binary Runtime
[05/08/18, 19:34:48:677] warn: updateSpellcheckerLanguage: Tried to update language, but spellchecker not initialized
[05/08/18, 19:34:48:678] info: SSBIntegration: Main window preload script loaded 3170.929828
[05/08/18, 19:34:48:703] info: Store: UPSERT_WEB_CONTENTS
{
  "id": 4,
  "state": "loaded",
  "teamId": "T02R0MMHK"
}
[05/08/18, 19:34:48:708] info: Store: UPSERT_WEB_CONTENTS
{
  "id": 4,
  "state": "empty-page",
  "teamId": "T02R0MMHK"
}
[05/08/18, 19:34:48:708] info: Store: UPSERT_WEB_CONTENTS
{
  "id": 4,
  "state": "page-will-navigate",
  "teamId": "T02R0MMHK"
}
[05/08/18, 19:34:48:709] info: Store: UPSERT_WEB_CONTENTS
{
  "id": 5,
  "state": "loaded",
  "teamId": "T4HEMM0UR"
}
[05/08/18, 19:34:48:709] info: Store: UPSERT_WEB_CONTENTS
{
  "id": 5,
  "state": "empty-page",
  "teamId": "T4HEMM0UR"
}
[05/08/18, 19:34:48:711] info: Store: UPSERT_WEB_CONTENTS
{
  "id": 5,
  "state": "page-will-navigate",
  "teamId": "T4HEMM0UR"
}
[05/08/18, 19:34:48:729] info: Store: UPSERT_WEB_CONTENTS
{
  "id": 7,
  "state": "loaded",
  "teamId": "T0GFBAM8C"
}
[05/08/18, 19:34:48:745] info: Store: UPSERT_WEB_CONTENTS
{
  "id": 7,
  "state": "empty-page",
  "teamId": "T0GFBAM8C"
}
[05/08/18, 19:34:48:757] info: Store: UPSERT_WEB_CONTENTS
{
  "id": 7,
  "state": "page-will-navigate",
  "teamId": "T0GFBAM8C"
}
[05/08/18, 19:34:48:763] info: Window is unloading, winssb is no longer accessible
[05/08/18, 19:34:48:792] info: Store: UPSERT_WEB_CONTENTS
{
  "id": 3,
  "state": "loaded",
  "teamId": "T5YEC6G73"
}
[05/08/18, 19:34:48:824] info: Store: UPSERT_WEB_CONTENTS
{
  "id": 3,
  "state": "empty-page",
  "teamId": "T5YEC6G73"
}
[05/08/18, 19:34:48:858] info: Store: UPSERT_WEB_CONTENTS
{
  "id": 6,
  "state": "loaded",
  "teamId": "T5LFW0CUB"
}
[05/08/18, 19:34:48:860] info: Store: UPSERT_WEB_CONTENTS
{
  "id": 3,
  "state": "page-will-navigate",
  "teamId": "T5YEC6G73"
}
[05/08/18, 19:34:48:879] info: Store: UPSERT_WEB_CONTENTS
{
  "id": 6,
  "state": "empty-page",
  "teamId": "T5LFW0CUB"
}
[05/08/18, 19:34:48:884] info: Store: UPSERT_WEB_CONTENTS
{
  "id": 6,
  "state": "page-will-navigate",
  "teamId": "T5LFW0CUB"
}
[05/08/18, 19:34:49:204] info: Store: SET_NETWORK_STATUS offline
[05/08/18, 19:34:49:593] info: Store: UPDATE_SESSION_STATUS
{
  "hasValidSession": true,
  "teamId": "T4HEMM0UR"
}
[05/08/18, 19:34:49:603] info: Store: UPDATE_SESSION_STATUS
{
  "hasValidSession": true,
  "teamId": "T5LFW0CUB"
}
[05/08/18, 19:34:49:610] info: Store: UPDATE_SESSION_STATUS
{
  "hasValidSession": true,
  "teamId": "T02R0MMHK"
}
[05/08/18, 19:34:49:620] info: Store: UPDATE_SESSION_STATUS
{
  "hasValidSession": true,
  "teamId": "T0GFBAM8C"
}
[05/08/18, 19:34:49:634] info: Store: UPDATE_SESSION_STATUS
{
  "hasValidSession": true,
  "teamId": "T5YEC6G73"
}
[05/08/18, 19:34:49:845] info: Store: SET_NETWORK_STATUS online
[05/08/18, 19:34:49:863] info: Store: MAIN_WINDOW_SHOWN
[05/09/18, 16:40:34:438] info: ╔════════════════════════════════════════════════════════════════════════════╗
[05/09/18, 16:40:34:439] info: ║      Slack 3.1.1, linux 4.16.7-1-zen on x64 at 05/09/18, 16:40:34:435      ║
[05/09/18, 16:40:34:439] info: ╚════════════════════════════════════════════════════════════════════════════╝
[05/09/18, 16:40:34:764] info: Initializing local storage instance at path: /home/nitoli/.config/Slack/local-settings.json
[05/09/18, 16:40:35:043] info: NetworkStatus: Waiting for network online…
[05/09/18, 16:40:35:726] info: TranslationLookup: locale set to ja-JP for renderer
[05/09/18, 16:40:36:503] info: NetworkStatus: Response from api.test
{
  "status": "online"
}
[05/09/18, 16:40:36:920] info: Store: SET_NETWORK_STATUS online
[05/09/18, 16:40:37:839] info: Store: UPSERT_WEB_CONTENTS
{
  "id": 3,
  "state": "loaded",
  "teamId": "T0GFBAM8C"
}
[05/09/18, 16:40:37:866] info: Store: MAIN_WINDOW_SHOWN
[05/09/18, 16:40:37:971] info: Store: UPSERT_WEB_CONTENTS
{
  "id": 3,
  "state": "empty-page",
  "teamId": "T0GFBAM8C"
}
[05/09/18, 16:40:37:981] info: Store: UPSERT_WEB_CONTENTS
{
  "id": 3,
  "state": "page-will-navigate",
  "teamId": "T0GFBAM8C"
}
[05/09/18, 16:40:38:215] info: Store: UPSERT_WEB_CONTENTS
{
  "id": 4,
  "state": "loaded",
  "teamId": "T5YEC6G73"
}
[05/09/18, 16:40:38:240] info: Store: UPSERT_WEB_CONTENTS
{
  "id": 4,
  "state": "empty-page",
  "teamId": "T5YEC6G73"
}
[05/09/18, 16:40:38:260] info: Store: UPSERT_WEB_CONTENTS
{
  "id": 4,
  "state": "page-will-navigate",
  "teamId": "T5YEC6G73"
}
[05/09/18, 16:40:38:353] info: Store: UPSERT_WEB_CONTENTS
{
  "id": 7,
  "state": "loaded",
  "teamId": "T5LFW0CUB"
}
[05/09/18, 16:40:38:365] info: Store: UPSERT_WEB_CONTENTS
{
  "id": 6,
  "state": "loaded",
  "teamId": "T4HEMM0UR"
}
[05/09/18, 16:40:38:371] info: Store: UPSERT_WEB_CONTENTS
{
  "id": 7,
  "state": "empty-page",
  "teamId": "T5LFW0CUB"
}
[05/09/18, 16:40:38:379] info: Store: UPSERT_WEB_CONTENTS
{
  "id": 7,
  "state": "page-will-navigate",
  "teamId": "T5LFW0CUB"
}
[05/09/18, 16:40:38:386] info: Store: UPSERT_WEB_CONTENTS
{
  "id": 6,
  "state": "empty-page",
  "teamId": "T4HEMM0UR"
}
[05/09/18, 16:40:38:391] info: Store: UPDATE_SESSION_STATUS
{
  "hasValidSession": true,
  "teamId": "T0GFBAM8C"
}
[05/09/18, 16:40:38:399] info: Store: UPSERT_WEB_CONTENTS
{
  "id": 6,
  "state": "page-will-navigate",
  "teamId": "T4HEMM0UR"
}
[05/09/18, 16:40:38:575] info: Store: UPDATE_SESSION_STATUS
{
  "hasValidSession": true,
  "teamId": "T5YEC6G73"
}
[05/09/18, 16:40:38:695] info: Store: UPDATE_SESSION_STATUS
{
  "hasValidSession": true,
  "teamId": "T5LFW0CUB"
}
[05/09/18, 16:40:38:782] info: Store: UPDATE_SESSION_STATUS
{
  "hasValidSession": true,
  "teamId": "T4HEMM0UR"
}
[05/09/18, 16:40:38:891] info: Store: SAVE_WINDOW_SETTINGS
{
  "isMaximized": false,
  "position": [
    12,
    1124
  ],
  "size": [
    1896,
    1024
  ]
}
[05/09/18, 16:40:42:380] info: Store: MAIN_WINDOW_FOCUSED
[05/09/18, 16:40:42:558] info: Store: SELECT_TEAM T02R0MMHK
[05/09/18, 16:40:42:611] info: Store: UPDATE_SETTINGS
{
  "locale": "en-US"
}
[05/09/18, 16:40:42:612] info: TranslationLookup: locale set to en-US for renderer
[05/09/18, 16:40:45:916] info: Store: SELECT_CHANNEL DAHC8TMSR
[05/09/18, 16:40:45:942] info: Store: UPDATE_TEAM_LOCALE
{
  "locale": "en-US"
}
[05/09/18, 16:40:47:367] info: Store: UPSERT_WEB_CONTENTS
{
  "id": 5,
  "state": "loaded",
  "teamId": "T02R0MMHK"
}
[05/09/18, 16:40:47:690] info: Store: UPDATE_SESSION_STATUS
{
  "hasValidSession": true,
  "teamId": "T02R0MMHK"
}
[05/09/18, 16:40:48:068] info: Store: UPDATE_TEAM_THEME
{
  "teamId": "T02R0MMHK",
  "theme": {
    "active_item": "#4C9689",
    "active_item_text": "#FFFFFF",
    "active_presence": "#38978D",
    "badge": "#EB4D5C",
    "column_bg": "#4D394B",
    "hover_item": "#3E313C",
    "menu_bg": "#3E313C",
    "text_color": "#FFFFFF"
  }
}
[05/09/18, 16:40:48:388] info: Store: UPDATE_TEAM_ICONS
{
  "icons": {
    "image_102": "https://slack-files2.s3-us-west-2.amazonaws.com/avatars/2015-01-14/3400695805_06e3ed8a8ae7228d7c54_102.jpg",
    "image_132": "https://slack-files2.s3-us-west-2.amazonaws.com/avatars/2015-01-14/3400695805_06e3ed8a8ae7228d7c54_132.jpg",
    "image_230": "https://slack-files2.s3-us-west-2.amazonaws.com/avatars/2015-01-14/3400695805_06e3ed8a8ae7228d7c54_132.jpg",
    "image_34": "https://slack-files2.s3-us-west-2.amazonaws.com/avatars/2015-01-14/3400695805_06e3ed8a8ae7228d7c54_34.jpg",
    "image_44": "https://slack-files2.s3-us-west-2.amazonaws.com/avatars/2015-01-14/3400695805_06e3ed8a8ae7228d7c54_44.jpg",
    "image_68": "https://slack-files2.s3-us-west-2.amazonaws.com/avatars/2015-01-14/3400695805_06e3ed8a8ae7228d7c54_68.jpg",
    "image_88": "https://slack-files2.s3-us-west-2.amazonaws.com/avatars/2015-01-14/3400695805_06e3ed8a8ae7228d7c54_88.jpg",
    "image_original": "https://slack-files2.s3-us-west-2.amazonaws.com/avatars/2015-01-14/3400695805_06e3ed8a8ae7228d7c54_original.jpg"
  },
  "teamId": "T02R0MMHK"
}
[05/09/18, 16:40:48:590] info: Store: UPDATE_TEAM_LOCALE
{
  "locale": "en-US",
  "teamId": "T02R0MMHK"
}
[05/09/18, 16:40:48:615] info: Store: UPSERT_WEB_CONTENTS
{
  "id": 5,
  "state": "webapp-loaded",
  "teamId": "T02R0MMHK"
}
[05/09/18, 16:40:49:211] info: Store: STORE_API_TOKEN
{
  "teamId": "T02R0MMHK",
  "token": "xoxs-⋯"
}
[05/09/18, 16:40:50:127] info: Store: UPSERT_WEB_CONTENTS
{
  "id": 3,
  "state": "loaded",
  "teamId": "T0GFBAM8C"
}
[05/09/18, 16:40:50:940] info: Store: UPDATE_SESSION_STATUS
{
  "hasValidSession": true,
  "teamId": "T0GFBAM8C"
}
[05/09/18, 16:40:50:948] info: Store: SELECT_CHANNEL C8Y1H7TEE
[05/09/18, 16:40:50:959] info: Store: UPDATE_TEAM_LOCALE
{
  "locale": "en-US"
}
[05/09/18, 16:40:51:596] info: Store: UPSERT_WEB_CONTENTS
{
  "id": 4,
  "state": "loaded",
  "teamId": "T5YEC6G73"
}
[05/09/18, 16:40:51:777] info: Store: SELECT_CHANNEL C0GFH3RHU
[05/09/18, 16:40:51:793] info: Store: UPDATE_TEAM_LOCALE
{
  "locale": "ja-JP"
}
[05/09/18, 16:40:51:928] info: Store: UPDATE_TEAM_LOCALE
{
  "locale": "en-US"
}
[05/09/18, 16:40:51:950] info: Store: UPSERT_WEB_CONTENTS
{
  "id": 4,
  "state": "webapp-loaded",
  "teamId": "T5YEC6G73"
}
[05/09/18, 16:40:52:109] info: Store: UPDATE_TEAM_THEME
{
  "teamId": "T5YEC6G73",
  "theme": {
    "active_item": "#4C9689",
    "active_item_text": "#FFFFFF",
    "active_presence": "#38978D",
    "badge": "#EB4D5C",
    "column_bg": "#4D394B",
    "hover_item": "#3E313C",
    "menu_bg": "#3E313C",
    "text_color": "#FFFFFF"
  }
}
[05/09/18, 16:40:52:122] info: Store: STORE_API_TOKEN
{
  "teamId": "T5YEC6G73",
  "token": "xoxs-⋯"
}
[05/09/18, 16:40:52:424] info: Store: UPDATE_SESSION_STATUS
{
  "hasValidSession": true,
  "teamId": "T5YEC6G73"
}
[05/09/18, 16:40:52:483] info: Store: SELECT_CHANNEL C02R0MMJ9
[05/09/18, 16:40:52:694] info: Store: UPDATE_TEAM_LOCALE
{
  "locale": "ja-JP"
}
[05/09/18, 16:40:52:701] info: Store: UPSERT_WEB_CONTENTS
{
  "id": 3,
  "state": "webapp-loaded",
  "teamId": "T0GFBAM8C"
}
[05/09/18, 16:40:52:834] info: Store: STORE_API_TOKEN
{
  "teamId": "T0GFBAM8C",
  "token": "xoxs-⋯"
}
[05/09/18, 16:40:52:956] info: Store: SELECT_CHANNEL G80MPJULU
[05/09/18, 16:40:53:014] info: Store: UPDATE_TEAM_THEME
{
  "teamId": "T0GFBAM8C",
  "theme": {
    "active_item": "#4C9689",
    "active_item_text": "#FFFFFF",
    "active_presence": "#38978D",
    "badge": "#EB4D5C",
    "column_bg": "#4D394B",
    "hover_item": "#3E313C",
    "menu_bg": "#3E313C",
    "text_color": "#FFFFFF"
  }
}
[05/09/18, 16:40:53:029] info: Store: UPDATE_TEAM_ICONS
{
  "icons": {
    "image_102": "https://slack-files2.s3-us-west-2.amazonaws.com/avatars/2017-06-28/205110093367_6705e64b9b4a8299bd1f_102.png",
    "image_132": "https://slack-files2.s3-us-west-2.amazonaws.com/avatars/2017-06-28/205110093367_6705e64b9b4a8299bd1f_132.png",
    "image_230": "https://slack-files2.s3-us-west-2.amazonaws.com/avatars/2017-06-28/205110093367_6705e64b9b4a8299bd1f_230.png",
    "image_34": "https://slack-files2.s3-us-west-2.amazonaws.com/avatars/2017-06-28/205110093367_6705e64b9b4a8299bd1f_34.png",
    "image_44": "https://slack-files2.s3-us-west-2.amazonaws.com/avatars/2017-06-28/205110093367_6705e64b9b4a8299bd1f_44.png",
    "image_68": "https://slack-files2.s3-us-west-2.amazonaws.com/avatars/2017-06-28/205110093367_6705e64b9b4a8299bd1f_68.png",
    "image_88": "https://slack-files2.s3-us-west-2.amazonaws.com/avatars/2017-06-28/205110093367_6705e64b9b4a8299bd1f_88.png",
    "image_original": "https://slack-files2.s3-us-west-2.amazonaws.com/avatars/2017-06-28/205110093367_6705e64b9b4a8299bd1f_original.png"
  },
  "teamId": "T5YEC6G73"
}
[05/09/18, 16:40:53:060] info: Store: UPDATE_TEAM_ICONS
{
  "icons": {
    "image_102": "https://slack-files2.s3-us-west-2.amazonaws.com/avatars/2015-12-19/17054493216_07addcfb3fb1718cbba4_102.png",
    "image_132": "https://slack-files2.s3-us-west-2.amazonaws.com/avatars/2015-12-19/17054493216_07addcfb3fb1718cbba4_132.png",
    "image_230": "https://slack-files2.s3-us-west-2.amazonaws.com/avatars/2015-12-19/17054493216_07addcfb3fb1718cbba4_132.png",
    "image_34": "https://slack-files2.s3-us-west-2.amazonaws.com/avatars/2015-12-19/17054493216_07addcfb3fb1718cbba4_34.png",
    "image_44": "https://slack-files2.s3-us-west-2.amazonaws.com/avatars/2015-12-19/17054493216_07addcfb3fb1718cbba4_44.png",
    "image_68": "https://slack-files2.s3-us-west-2.amazonaws.com/avatars/2015-12-19/17054493216_07addcfb3fb1718cbba4_68.png",
    "image_88": "https://slack-files2.s3-us-west-2.amazonaws.com/avatars/2015-12-19/17054493216_07addcfb3fb1718cbba4_88.png",
    "image_original": "https://slack-files2.s3-us-west-2.amazonaws.com/avatars/2015-12-19/17054493216_07addcfb3fb1718cbba4_original.png"
  },
  "teamId": "T0GFBAM8C"
}
[05/09/18, 16:40:53:155] info: Store: UPDATE_TEAM_LOCALE
{
  "locale": "ja-JP"
}
[05/09/18, 16:40:53:333] info: Store: SELECT_CHANNEL C4JRHEQB1
[05/09/18, 16:40:53:341] info: Store: UPDATE_TEAM_LOCALE
{
  "locale": "ja-JP"
}
[05/09/18, 16:40:53:452] info: Store: UPSERT_WEB_CONTENTS
{
  "id": 7,
  "state": "loaded",
  "teamId": "T5LFW0CUB"
}
[05/09/18, 16:40:53:766] info: Store: UPDATE_SESSION_STATUS
{
  "hasValidSession": true,
  "teamId": "T5LFW0CUB"
}
[05/09/18, 16:40:53:885] info: Store: UPSERT_WEB_CONTENTS
{
  "id": 6,
  "state": "loaded",
  "teamId": "T4HEMM0UR"
}
[05/09/18, 16:40:53:984] info: Store: UPDATE_TEAM_LOCALE
{
  "locale": "ja-JP"
}
[05/09/18, 16:40:53:992] info: Store: UPSERT_WEB_CONTENTS
{
  "id": 7,
  "state": "webapp-loaded",
  "teamId": "T5LFW0CUB"
}
[05/09/18, 16:40:54:132] info: Store: STORE_API_TOKEN
{
  "teamId": "T5LFW0CUB",
  "token": "xoxs-⋯"
}
[05/09/18, 16:40:54:155] info: Store: UPDATE_TEAM_THEME
{
  "teamId": "T5LFW0CUB",
  "theme": {
    "active_item": "#4C9689",
    "active_item_text": "#FFFFFF",
    "active_presence": "#38978D",
    "badge": "#EB4D5C",
    "column_bg": "#4D394B",
    "hover_item": "#3E313C",
    "menu_bg": "#3E313C",
    "text_color": "#FFFFFF"
  }
}
[05/09/18, 16:40:54:164] info: Store: UPDATE_TEAM_ICONS
{
  "icons": {
    "image_102": "https://slack-files2.s3-us-west-2.amazonaws.com/avatars/2017-08-21/229801110004_7754c1684d8336d012c4_102.jpg",
    "image_132": "https://slack-files2.s3-us-west-2.amazonaws.com/avatars/2017-08-21/229801110004_7754c1684d8336d012c4_132.jpg",
    "image_230": "https://slack-files2.s3-us-west-2.amazonaws.com/avatars/2017-08-21/229801110004_7754c1684d8336d012c4_230.jpg",
    "image_34": "https://slack-files2.s3-us-west-2.amazonaws.com/avatars/2017-08-21/229801110004_7754c1684d8336d012c4_34.jpg",
    "image_44": "https://slack-files2.s3-us-west-2.amazonaws.com/avatars/2017-08-21/229801110004_7754c1684d8336d012c4_44.jpg",
    "image_68": "https://slack-files2.s3-us-west-2.amazonaws.com/avatars/2017-08-21/229801110004_7754c1684d8336d012c4_68.jpg",
    "image_88": "https://slack-files2.s3-us-west-2.amazonaws.com/avatars/2017-08-21/229801110004_7754c1684d8336d012c4_88.jpg",
    "image_original": "https://slack-files2.s3-us-west-2.amazonaws.com/avatars/2017-08-21/229801110004_7754c1684d8336d012c4_original.jpg"
  },
  "teamId": "T5LFW0CUB"
}
[05/09/18, 16:40:54:199] info: Store: UPDATE_SESSION_STATUS
{
  "hasValidSession": true,
  "teamId": "T4HEMM0UR"
}
[05/09/18, 16:40:54:228] info: Store: UPDATE_TEAM_LOCALE
{
  "locale": "ja-JP"
}
[05/09/18, 16:40:54:231] info: Store: UPSERT_WEB_CONTENTS
{
  "id": 6,
  "state": "webapp-loaded",
  "teamId": "T4HEMM0UR"
}
[05/09/18, 16:40:54:298] info: Store: UPDATE_TEAM_THEME
{
  "teamId": "T4HEMM0UR",
  "theme": {
    "active_item": "#4C9689",
    "active_item_text": "#FFFFFF",
    "active_presence": "#38978D",
    "badge": "#EB4D5C",
    "column_bg": "#4D394B",
    "hover_item": "#3E313C",
    "menu_bg": "#3E313C",
    "text_color": "#FFFFFF"
  }
}
[05/09/18, 16:40:54:307] info: Store: STORE_API_TOKEN
{
  "teamId": "T4HEMM0UR",
  "token": "xoxs-⋯"
}
[05/09/18, 16:40:55:013] info: Store: UPDATE_TEAM_ICONS
{
  "icons": {
    "image_102": "https://slack-files2.s3-us-west-2.amazonaws.com/avatars/2017-03-15/154610708258_f98e05c23845866960a5_102.png",
    "image_132": "https://slack-files2.s3-us-west-2.amazonaws.com/avatars/2017-03-15/154610708258_f98e05c23845866960a5_132.png",
    "image_230": "https://slack-files2.s3-us-west-2.amazonaws.com/avatars/2017-03-15/154610708258_f98e05c23845866960a5_230.png",
    "image_34": "https://slack-files2.s3-us-west-2.amazonaws.com/avatars/2017-03-15/154610708258_f98e05c23845866960a5_34.png",
    "image_44": "https://slack-files2.s3-us-west-2.amazonaws.com/avatars/2017-03-15/154610708258_f98e05c23845866960a5_44.png",
    "image_68": "https://slack-files2.s3-us-west-2.amazonaws.com/avatars/2017-03-15/154610708258_f98e05c23845866960a5_68.png",
    "image_88": "https://slack-files2.s3-us-west-2.amazonaws.com/avatars/2017-03-15/154610708258_f98e05c23845866960a5_88.png",
    "image_original": "https://slack-files2.s3-us-west-2.amazonaws.com/avatars/2017-03-15/154610708258_f98e05c23845866960a5_original.png"
  },
  "teamId": "T4HEMM0UR"
}
[05/09/18, 16:40:57:723] info: Store: SELECT_CHANNEL C02TQ0GUS
[05/09/18, 16:41:00:476] info: Store: SELECT_CHANNEL C02R0MMJ9
[05/10/18, 09:46:39:549] info: ╔════════════════════════════════════════════════════════════════════════════╗
[05/10/18, 09:46:39:550] info: ║      Slack 3.1.1, linux 4.16.7-1-zen on x64 at 05/10/18, 09:46:39:545      ║
[05/10/18, 09:46:39:550] info: ╚════════════════════════════════════════════════════════════════════════════╝
[05/10/18, 09:46:39:782] info: Initializing local storage instance at path: /home/nitoli/.config/Slack/local-settings.json
[05/10/18, 09:46:40:651] error: Calls failed to load, bailing
[05/10/18, 09:46:40:654] info: cld3::loadModule: loading cld3 module
[05/10/18, 09:46:40:708] info: cld3Loader::loadModule: running environment is NODE
[05/10/18, 09:46:40:709] info: cld3Loader::loadModule: constructed module object for runtime
[05/10/18, 09:46:41:280] info: cld3Loader::initializeRuntime: successfully initialized module
[05/10/18, 09:46:41:280] info: cld3Loader::loadModule: initialized wasm binary Runtime
[05/10/18, 09:46:41:297] warn: updateSpellcheckerLanguage: Tried to update language, but spellchecker not initialized
[05/10/18, 09:46:41:298] info: SSBIntegration: Main window preload script loaded 2411.786808
[05/10/18, 09:46:41:330] info: Store: UPSERT_WEB_CONTENTS
{
  "id": 4,
  "state": "loaded",
  "teamId": "T5YEC6G73"
}
[05/10/18, 09:46:41:361] info: Store: UPSERT_WEB_CONTENTS
{
  "id": 4,
  "state": "empty-page",
  "teamId": "T5YEC6G73"
}
[05/10/18, 09:46:41:383] info: Store: UPSERT_WEB_CONTENTS
{
  "id": 4,
  "state": "page-will-navigate",
  "teamId": "T5YEC6G73"
}
[05/10/18, 09:46:41:402] info: Window is unloading, winssb is no longer accessible
[05/10/18, 09:46:41:417] info: Store: UPSERT_WEB_CONTENTS
{
  "id": 5,
  "state": "loaded",
  "teamId": "T4HEMM0UR"
}
[05/10/18, 09:46:41:472] info: Store: UPSERT_WEB_CONTENTS
{
  "id": 5,
  "state": "empty-page",
  "teamId": "T4HEMM0UR"
}
[05/10/18, 09:46:41:483] info: Store: UPSERT_WEB_CONTENTS
{
  "id": 5,
  "state": "page-will-navigate",
  "teamId": "T4HEMM0UR"
}
