[05/07/18, 21:15:52:440] info: ╔════════════════════════════════════════════════════════════════════════════╗
[05/07/18, 21:15:52:441] info: ║      Slack 3.1.1, linux 4.16.6-1-zen on x64 at 05/07/18, 21:15:52:433      ║
[05/07/18, 21:15:52:441] info: ╚════════════════════════════════════════════════════════════════════════════╝
[05/07/18, 21:15:52:709] info: Initializing local storage instance at path: /home/nitoli/.config/Slack/local-settings.json
[05/07/18, 21:15:53:826] error: Calls failed to load, bailing
[05/07/18, 21:15:53:828] info: cld3::loadModule: loading cld3 module
[05/07/18, 21:15:53:966] info: cld3Loader::loadModule: running environment is NODE
[05/07/18, 21:15:53:974] info: cld3Loader::loadModule: constructed module object for runtime
[05/07/18, 21:15:54:682] info: cld3Loader::initializeRuntime: successfully initialized module
[05/07/18, 21:15:54:682] info: cld3Loader::loadModule: initialized wasm binary Runtime
[05/07/18, 21:15:54:690] warn: updateSpellcheckerLanguage: Tried to update language, but spellchecker not initialized
[05/07/18, 21:15:54:691] info: SSBIntegration: Main window preload script loaded 3186.566461
[05/07/18, 21:15:54:719] info: Store: UPSERT_WEB_CONTENTS
{
  "id": 3,
  "state": "loaded",
  "teamId": "T5YEC6G73"
}
[05/07/18, 21:15:54:721] info: Store: UPSERT_WEB_CONTENTS
{
  "id": 3,
  "state": "empty-page",
  "teamId": "T5YEC6G73"
}
[05/07/18, 21:15:54:725] info: Store: UPSERT_WEB_CONTENTS
{
  "id": 4,
  "state": "loaded",
  "teamId": "T02R0MMHK"
}
[05/07/18, 21:15:54:726] info: Store: UPSERT_WEB_CONTENTS
{
  "id": 3,
  "state": "page-will-navigate",
  "teamId": "T5YEC6G73"
}
[05/07/18, 21:15:54:726] info: Store: UPSERT_WEB_CONTENTS
{
  "id": 4,
  "state": "empty-page",
  "teamId": "T02R0MMHK"
}
[05/07/18, 21:15:54:727] info: Store: UPSERT_WEB_CONTENTS
{
  "id": 4,
  "state": "page-will-navigate",
  "teamId": "T02R0MMHK"
}
[05/07/18, 21:15:54:728] info: Store: UPSERT_WEB_CONTENTS
{
  "id": 5,
  "state": "loaded",
  "teamId": "T4HEMM0UR"
}
[05/07/18, 21:15:54:745] info: Store: UPSERT_WEB_CONTENTS
{
  "id": 5,
  "state": "empty-page",
  "teamId": "T4HEMM0UR"
}
[05/07/18, 21:15:54:752] info: Store: UPSERT_WEB_CONTENTS
{
  "id": 5,
  "state": "page-will-navigate",
  "teamId": "T4HEMM0UR"
}
[05/07/18, 21:15:54:753] info: Window is unloading, winssb is no longer accessible
[05/07/18, 21:15:54:773] info: Store: UPSERT_WEB_CONTENTS
{
  "id": 7,
  "state": "loaded",
  "teamId": "T0GFBAM8C"
}
[05/07/18, 21:15:54:799] info: Store: UPSERT_WEB_CONTENTS
{
  "id": 7,
  "state": "empty-page",
  "teamId": "T0GFBAM8C"
}
[05/07/18, 21:15:54:804] info: Store: UPSERT_WEB_CONTENTS
{
  "id": 7,
  "state": "page-will-navigate",
  "teamId": "T0GFBAM8C"
}
[05/07/18, 21:15:54:824] info: Store: UPSERT_WEB_CONTENTS
{
  "id": 6,
  "state": "loaded",
  "teamId": "T5LFW0CUB"
}
[05/08/18, 20:52:06:479] info: ╔════════════════════════════════════════════════════════════════════════════╗
[05/08/18, 20:52:06:480] info: ║      Slack 3.1.1, linux 4.16.7-1-zen on x64 at 05/08/18, 20:52:06:477      ║
[05/08/18, 20:52:06:480] info: ╚════════════════════════════════════════════════════════════════════════════╝
[05/08/18, 20:52:06:554] info: Initializing local storage instance at path: /home/nitoli/.config/Slack/local-settings.json
[05/08/18, 20:52:06:794] error: Calls failed to load, bailing
[05/08/18, 20:52:06:795] info: cld3::loadModule: loading cld3 module
[05/08/18, 20:52:06:813] info: cld3Loader::loadModule: running environment is NODE
[05/08/18, 20:52:06:814] info: cld3Loader::loadModule: constructed module object for runtime
[05/08/18, 20:52:06:977] info: cld3Loader::initializeRuntime: successfully initialized module
[05/08/18, 20:52:06:977] info: cld3Loader::loadModule: initialized wasm binary Runtime
[05/08/18, 20:52:06:980] warn: updateSpellcheckerLanguage: Tried to update language, but spellchecker not initialized
[05/08/18, 20:52:06:981] info: SSBIntegration: Main window preload script loaded 779.522979
[05/08/18, 20:52:06:987] info: Store: UPSERT_WEB_CONTENTS
{
  "id": 6,
  "state": "loaded",
  "teamId": "T5LFW0CUB"
}
[05/08/18, 20:52:06:988] info: Store: UPSERT_WEB_CONTENTS
{
  "id": 7,
  "state": "empty-page",
  "teamId": "T0GFBAM8C"
}
[05/08/18, 20:52:06:989] info: Store: UPSERT_WEB_CONTENTS
{
  "id": 7,
  "state": "page-will-navigate",
  "teamId": "T0GFBAM8C"
}
[05/08/18, 20:52:06:989] info: Store: UPSERT_WEB_CONTENTS
{
  "id": 6,
  "state": "empty-page",
  "teamId": "T5LFW0CUB"
}
[05/08/18, 20:52:06:989] info: Store: UPSERT_WEB_CONTENTS
{
  "id": 6,
  "state": "page-will-navigate",
  "teamId": "T5LFW0CUB"
}
[05/08/18, 20:52:06:989] info: Store: UPSERT_WEB_CONTENTS
{
  "id": 3,
  "state": "loaded",
  "teamId": "T02R0MMHK"
}
[05/08/18, 20:52:06:989] info: Store: UPSERT_WEB_CONTENTS
{
  "id": 3,
  "state": "empty-page",
  "teamId": "T02R0MMHK"
}
[05/08/18, 20:52:06:990] info: Store: UPSERT_WEB_CONTENTS
{
  "id": 3,
  "state": "page-will-navigate",
  "teamId": "T02R0MMHK"
}
[05/08/18, 20:52:06:990] info: Store: UPSERT_WEB_CONTENTS
{
  "id": 4,
  "state": "loaded",
  "teamId": "T5YEC6G73"
}
[05/08/18, 20:52:06:990] info: Store: UPSERT_WEB_CONTENTS
{
  "id": 4,
  "state": "empty-page",
  "teamId": "T5YEC6G73"
}
[05/08/18, 20:52:06:990] info: Store: UPSERT_WEB_CONTENTS
{
  "id": 4,
  "state": "page-will-navigate",
  "teamId": "T5YEC6G73"
}
[05/08/18, 20:52:06:990] info: Store: SAVE_WINDOW_SETTINGS
{
  "isMaximized": false,
  "position": [
    12,
    44
  ],
  "size": [
    1896,
    1024
  ]
}
[05/08/18, 20:52:06:991] info: Store: UPSERT_WEB_CONTENTS
{
  "id": 5,
  "state": "loaded",
  "teamId": "T4HEMM0UR"
}
[05/08/18, 20:52:06:993] info: Store: UPSERT_WEB_CONTENTS
{
  "id": 5,
  "state": "empty-page",
  "teamId": "T4HEMM0UR"
}
[05/08/18, 20:52:06:998] info: Store: UPSERT_WEB_CONTENTS
{
  "id": 5,
  "state": "page-will-navigate",
  "teamId": "T4HEMM0UR"
}
