[05/07/18, 19:35:16:102] info: ╔════════════════════════════════════════════════════════════════════════════╗
[05/07/18, 19:35:16:103] info: ║      Slack 3.1.1, linux 4.16.6-1-zen on x64 at 05/07/18, 19:35:16:095      ║
[05/07/18, 19:35:16:103] info: ╚════════════════════════════════════════════════════════════════════════════╝
[05/07/18, 19:35:16:481] info: Initializing local storage instance at path: /home/nitoli/.config/Slack/local-settings.json
[05/07/18, 19:35:17:518] error: Calls failed to load, bailing
[05/07/18, 19:35:17:521] info: cld3::loadModule: loading cld3 module
[05/07/18, 19:35:17:628] info: cld3Loader::loadModule: running environment is NODE
[05/07/18, 19:35:17:628] info: cld3Loader::loadModule: constructed module object for runtime
[05/07/18, 19:35:18:322] info: cld3Loader::initializeRuntime: successfully initialized module
[05/07/18, 19:35:18:323] info: cld3Loader::loadModule: initialized wasm binary Runtime
[05/07/18, 19:35:18:327] warn: updateSpellcheckerLanguage: Tried to update language, but spellchecker not initialized
[05/07/18, 19:35:18:328] info: SSBIntegration: Main window preload script loaded 3166.773378
[05/07/18, 19:35:18:349] info: Store: UPSERT_WEB_CONTENTS
{
  "id": 4,
  "state": "loaded",
  "teamId": "T02R0MMHK"
}
[05/07/18, 19:35:18:364] info: Store: UPSERT_WEB_CONTENTS
{
  "id": 5,
  "state": "loaded",
  "teamId": "T4HEMM0UR"
}
[05/07/18, 19:35:18:364] info: Store: UPSERT_WEB_CONTENTS
{
  "id": 4,
  "state": "empty-page",
  "teamId": "T02R0MMHK"
}
[05/07/18, 19:35:18:365] info: Store: UPSERT_WEB_CONTENTS
{
  "id": 5,
  "state": "empty-page",
  "teamId": "T4HEMM0UR"
}
[05/07/18, 19:35:18:365] info: Store: UPSERT_WEB_CONTENTS
{
  "id": 4,
  "state": "page-will-navigate",
  "teamId": "T02R0MMHK"
}
[05/07/18, 19:35:18:365] info: Store: UPSERT_WEB_CONTENTS
{
  "id": 5,
  "state": "page-will-navigate",
  "teamId": "T4HEMM0UR"
}
[05/07/18, 19:35:18:366] info: Store: UPSERT_WEB_CONTENTS
{
  "id": 7,
  "state": "loaded",
  "teamId": "T0GFBAM8C"
}
[05/07/18, 19:35:18:366] info: Store: UPSERT_WEB_CONTENTS
{
  "id": 7,
  "state": "empty-page",
  "teamId": "T0GFBAM8C"
}
[05/07/18, 19:35:18:366] info: Store: UPSERT_WEB_CONTENTS
{
  "id": 7,
  "state": "page-will-navigate",
  "teamId": "T0GFBAM8C"
}
[05/07/18, 19:35:18:367] info: Store: UPSERT_WEB_CONTENTS
{
  "id": 6,
  "state": "loaded",
  "teamId": "T5LFW0CUB"
}
[05/07/18, 19:35:18:367] info: Store: UPSERT_WEB_CONTENTS
{
  "id": 6,
  "state": "empty-page",
  "teamId": "T5LFW0CUB"
}
[05/07/18, 19:35:18:376] info: Store: UPSERT_WEB_CONTENTS
{
  "id": 6,
  "state": "page-will-navigate",
  "teamId": "T5LFW0CUB"
}
[05/07/18, 19:35:18:390] info: Store: UPSERT_WEB_CONTENTS
{
  "id": 3,
  "state": "loaded",
  "teamId": "T5YEC6G73"
}
[05/07/18, 19:35:18:398] info: Store: UPSERT_WEB_CONTENTS
{
  "id": 3,
  "state": "empty-page",
  "teamId": "T5YEC6G73"
}
[05/07/18, 19:35:18:410] info: Store: UPSERT_WEB_CONTENTS
{
  "id": 3,
  "state": "page-will-navigate",
  "teamId": "T5YEC6G73"
}
[05/07/18, 19:35:18:411] info: Window is unloading, winssb is no longer accessible
[05/07/18, 19:35:18:560] info: Store: SET_NETWORK_STATUS offline
[05/07/18, 19:35:19:029] info: Store: UPDATE_SESSION_STATUS
{
  "hasValidSession": true,
  "teamId": "T0GFBAM8C"
}
[05/07/18, 19:35:19:050] info: Store: UPDATE_SESSION_STATUS
{
  "hasValidSession": true,
  "teamId": "T02R0MMHK"
}
[05/07/18, 19:35:19:051] info: Store: UPDATE_SESSION_STATUS
{
  "hasValidSession": true,
  "teamId": "T5YEC6G73"
}
[05/07/18, 19:35:19:051] info: Store: UPDATE_SESSION_STATUS
{
  "hasValidSession": true,
  "teamId": "T4HEMM0UR"
}
[05/07/18, 19:35:19:077] info: Store: UPDATE_SESSION_STATUS
{
  "hasValidSession": true,
  "teamId": "T5LFW0CUB"
}
[05/07/18, 19:35:19:406] info: Store: SET_NETWORK_STATUS online
[05/07/18, 19:35:19:415] info: Store: MAIN_WINDOW_SHOWN
[05/07/18, 19:35:20:249] info: Store: UPSERT_WEB_CONTENTS
{
  "id": 4,
  "state": "loaded",
  "teamId": "T02R0MMHK"
}
