[05/01/18, 15:21:54:889] info: ╔════════════════════════════════════════════════════════════════════════════╗
[05/01/18, 15:21:54:900] info: ║      Slack 3.1.1, linux 4.16.5-1-zen on x64 at 05/01/18, 15:21:54:885      ║
[05/01/18, 15:21:54:900] info: ╚════════════════════════════════════════════════════════════════════════════╝
[05/01/18, 15:21:55:243] info: Initializing local storage instance at path: /home/nitoli/.config/Slack/local-settings.json
[05/01/18, 15:21:56:312] error: Calls failed to load, bailing
[05/01/18, 15:21:56:315] info: cld3::loadModule: loading cld3 module
[05/01/18, 15:21:56:395] info: cld3Loader::loadModule: running environment is NODE
[05/01/18, 15:21:56:396] info: cld3Loader::loadModule: constructed module object for runtime
[05/01/18, 15:21:57:232] info: cld3Loader::initializeRuntime: successfully initialized module
[05/01/18, 15:21:57:233] info: cld3Loader::loadModule: initialized wasm binary Runtime
[05/01/18, 15:21:57:259] warn: updateSpellcheckerLanguage: Tried to update language, but spellchecker not initialized
[05/01/18, 15:21:57:260] info: SSBIntegration: Main window preload script loaded 3467.741299
[05/01/18, 15:21:57:282] info: Store: UPSERT_WEB_CONTENTS
{
  "id": 3,
  "state": "loaded",
  "teamId": "T5YEC6G73"
}
[05/01/18, 15:21:57:284] info: Store: UPSERT_WEB_CONTENTS
{
  "id": 3,
  "state": "empty-page",
  "teamId": "T5YEC6G73"
}
[05/01/18, 15:21:57:285] info: Store: UPSERT_WEB_CONTENTS
{
  "id": 3,
  "state": "page-will-navigate",
  "teamId": "T5YEC6G73"
}
[05/01/18, 15:21:57:285] info: Store: UPSERT_WEB_CONTENTS
{
  "id": 4,
  "state": "loaded",
  "teamId": "T02R0MMHK"
}
[05/01/18, 15:21:57:286] info: Store: UPSERT_WEB_CONTENTS
{
  "id": 4,
  "state": "empty-page",
  "teamId": "T02R0MMHK"
}
[05/01/18, 15:21:57:286] info: Store: UPSERT_WEB_CONTENTS
{
  "id": 4,
  "state": "page-will-navigate",
  "teamId": "T02R0MMHK"
}
[05/01/18, 15:21:57:294] info: Store: UPSERT_WEB_CONTENTS
{
  "id": 5,
  "state": "loaded",
  "teamId": "T4HEMM0UR"
}
[05/01/18, 15:21:57:310] info: Store: UPSERT_WEB_CONTENTS
{
  "id": 5,
  "state": "empty-page",
  "teamId": "T4HEMM0UR"
}
[05/01/18, 15:21:57:333] info: Store: UPSERT_WEB_CONTENTS
{
  "id": 5,
  "state": "page-will-navigate",
  "teamId": "T4HEMM0UR"
}
[05/01/18, 15:21:57:335] info: Window is unloading, winssb is no longer accessible
[05/01/18, 15:21:57:858] info: Store: UPDATE_SESSION_STATUS
{
  "hasValidSession": true,
  "teamId": "T02R0MMHK"
}
[05/01/18, 15:21:57:868] info: Store: UPDATE_SESSION_STATUS
{
  "hasValidSession": true,
  "teamId": "T5YEC6G73"
}
[05/01/18, 15:21:57:884] info: Store: UPDATE_SESSION_STATUS
{
  "hasValidSession": true,
  "teamId": "T4HEMM0UR"
}
[05/01/18, 15:21:58:179] info: Store: SET_NETWORK_STATUS online
[05/01/18, 15:21:58:182] info: Store: MAIN_WINDOW_SHOWN
