[05/09/18, 21:51:43:168] info: ╔════════════════════════════════════════════════════════════════════════════╗
[05/09/18, 21:51:43:182] info: ║      Slack 3.1.1, linux 4.16.7-1-zen on x64 at 05/09/18, 21:51:43:132      ║
[05/09/18, 21:51:43:182] info: ╚════════════════════════════════════════════════════════════════════════════╝
[05/09/18, 21:51:43:483] info: Initializing local storage instance at path: /home/nitoli/.config/Slack/local-settings.json
[05/09/18, 21:51:44:376] error: Calls failed to load, bailing
[05/09/18, 21:51:44:378] info: cld3::loadModule: loading cld3 module
[05/09/18, 21:51:44:436] info: cld3Loader::loadModule: running environment is NODE
[05/09/18, 21:51:44:437] info: cld3Loader::loadModule: constructed module object for runtime
[05/09/18, 21:51:45:347] info: cld3Loader::initializeRuntime: successfully initialized module
[05/09/18, 21:51:45:348] info: cld3Loader::loadModule: initialized wasm binary Runtime
[05/09/18, 21:51:45:363] warn: updateSpellcheckerLanguage: Tried to update language, but spellchecker not initialized
[05/09/18, 21:51:45:374] info: SSBIntegration: Main window preload script loaded 3211.993951
[05/09/18, 21:51:45:396] info: Store: UPSERT_WEB_CONTENTS
{
  "id": 6,
  "state": "loaded",
  "teamId": "T5LFW0CUB"
}
[05/09/18, 21:51:45:398] info: Store: UPSERT_WEB_CONTENTS
{
  "id": 6,
  "state": "empty-page",
  "teamId": "T5LFW0CUB"
}
[05/09/18, 21:51:45:399] info: Store: UPSERT_WEB_CONTENTS
{
  "id": 6,
  "state": "page-will-navigate",
  "teamId": "T5LFW0CUB"
}
[05/09/18, 21:51:45:399] info: Store: UPSERT_WEB_CONTENTS
{
  "id": 7,
  "state": "loaded",
  "teamId": "T0GFBAM8C"
}
[05/09/18, 21:51:45:400] info: Store: UPSERT_WEB_CONTENTS
{
  "id": 7,
  "state": "empty-page",
  "teamId": "T0GFBAM8C"
}
[05/09/18, 21:51:45:400] info: Store: UPSERT_WEB_CONTENTS
{
  "id": 7,
  "state": "page-will-navigate",
  "teamId": "T0GFBAM8C"
}
[05/09/18, 21:51:45:401] info: Store: UPSERT_WEB_CONTENTS
{
  "id": 3,
  "state": "loaded",
  "teamId": "T02R0MMHK"
}
[05/09/18, 21:51:45:401] info: Store: UPSERT_WEB_CONTENTS
{
  "id": 3,
  "state": "empty-page",
  "teamId": "T02R0MMHK"
}
[05/09/18, 21:51:45:407] info: Store: UPSERT_WEB_CONTENTS
{
  "id": 5,
  "state": "loaded",
  "teamId": "T4HEMM0UR"
}
[05/09/18, 21:51:45:415] info: Store: UPSERT_WEB_CONTENTS
{
  "id": 3,
  "state": "page-will-navigate",
  "teamId": "T02R0MMHK"
}
[05/09/18, 21:51:45:416] info: Store: UPSERT_WEB_CONTENTS
{
  "id": 5,
  "state": "empty-page",
  "teamId": "T4HEMM0UR"
}
[05/09/18, 21:51:45:434] info: Store: UPSERT_WEB_CONTENTS
{
  "id": 5,
  "state": "page-will-navigate",
  "teamId": "T4HEMM0UR"
}
[05/09/18, 21:51:45:442] info: Window is unloading, winssb is no longer accessible
[05/09/18, 21:51:45:465] info: Store: UPSERT_WEB_CONTENTS
{
  "id": 4,
  "state": "loaded",
  "teamId": "T5YEC6G73"
}
[05/09/18, 21:51:45:486] info: Store: UPSERT_WEB_CONTENTS
{
  "id": 4,
  "state": "empty-page",
  "teamId": "T5YEC6G73"
}
[05/09/18, 21:51:45:501] info: Store: UPSERT_WEB_CONTENTS
{
  "id": 4,
  "state": "page-will-navigate",
  "teamId": "T5YEC6G73"
}
[05/09/18, 21:51:45:666] info: Store: SET_NETWORK_STATUS offline
[05/09/18, 21:51:46:060] info: Store: UPDATE_SESSION_STATUS
{
  "hasValidSession": true,
  "teamId": "T5YEC6G73"
}
[05/09/18, 21:51:46:083] info: Store: UPDATE_SESSION_STATUS
{
  "hasValidSession": true,
  "teamId": "T0GFBAM8C"
}
[05/09/18, 21:51:46:087] info: Store: UPDATE_SESSION_STATUS
{
  "hasValidSession": true,
  "teamId": "T5LFW0CUB"
}
[05/09/18, 21:51:46:089] info: Store: UPDATE_SESSION_STATUS
{
  "hasValidSession": true,
  "teamId": "T02R0MMHK"
}
[05/09/18, 21:51:46:122] info: Store: UPDATE_SESSION_STATUS
{
  "hasValidSession": true,
  "teamId": "T4HEMM0UR"
}
[05/09/18, 21:51:46:420] info: Store: SET_NETWORK_STATUS online
[05/09/18, 21:51:46:434] info: Store: MAIN_WINDOW_SHOWN
