[05/07/18, 16:55:15:775] info: ╔════════════════════════════════════════════════════════════════════════════╗
[05/07/18, 16:55:15:776] info: ║      Slack 3.1.1, linux 4.16.6-1-zen on x64 at 05/07/18, 16:55:15:766      ║
[05/07/18, 16:55:15:776] info: ╚════════════════════════════════════════════════════════════════════════════╝
[05/07/18, 16:55:15:929] info: Initializing local storage instance at path: /home/nitoli/.config/Slack/local-settings.json
[05/07/18, 16:55:16:584] error: Calls failed to load, bailing
[05/07/18, 16:55:16:587] info: cld3::loadModule: loading cld3 module
[05/07/18, 16:55:16:618] info: cld3Loader::loadModule: running environment is NODE
[05/07/18, 16:55:16:619] info: cld3Loader::loadModule: constructed module object for runtime
[05/07/18, 16:55:16:972] info: cld3Loader::initializeRuntime: successfully initialized module
[05/07/18, 16:55:16:972] info: cld3Loader::loadModule: initialized wasm binary Runtime
[05/07/18, 16:55:16:977] warn: updateSpellcheckerLanguage: Tried to update language, but spellchecker not initialized
[05/07/18, 16:55:16:978] info: SSBIntegration: Main window preload script loaded 1913.388508
[05/07/18, 16:55:16:993] info: Store: SET_NETWORK_STATUS online
[05/07/18, 16:55:16:995] info: Store: MAIN_WINDOW_SHOWN
[05/07/18, 16:55:16:997] info: Store: UPSERT_WEB_CONTENTS
{
  "id": 5,
  "state": "loaded",
  "teamId": "T4HEMM0UR"
}
[05/07/18, 16:55:17:011] info: Store: UPSERT_WEB_CONTENTS
{
  "id": 5,
  "state": "empty-page",
  "teamId": "T4HEMM0UR"
}
[05/07/18, 16:55:17:015] info: Store: UPSERT_WEB_CONTENTS
{
  "id": 5,
  "state": "page-will-navigate",
  "teamId": "T4HEMM0UR"
}
[05/07/18, 16:55:17:021] info: Window is unloading, winssb is no longer accessible
[05/07/18, 16:55:17:461] info: Store: UPDATE_SESSION_STATUS
{
  "hasValidSession": true,
  "teamId": "T4HEMM0UR"
}
[05/07/18, 16:55:17:495] info: Store: UPSERT_WEB_CONTENTS
{
  "id": 7,
  "state": "loaded",
  "teamId": "T0GFBAM8C"
}
[05/07/18, 16:55:17:549] info: Store: UPSERT_WEB_CONTENTS
{
  "id": 7,
  "state": "empty-page",
  "teamId": "T0GFBAM8C"
}
[05/07/18, 16:55:17:559] info: Store: UPSERT_WEB_CONTENTS
{
  "id": 7,
  "state": "page-will-navigate",
  "teamId": "T0GFBAM8C"
}
[05/07/18, 16:55:17:696] info: Store: UPSERT_WEB_CONTENTS
{
  "id": 4,
  "state": "loaded",
  "teamId": "T02R0MMHK"
}
[05/07/18, 16:55:17:712] info: Store: UPSERT_WEB_CONTENTS
{
  "id": 6,
  "state": "loaded",
  "teamId": "T5LFW0CUB"
}
[05/07/18, 16:55:17:719] info: Store: UPSERT_WEB_CONTENTS
{
  "id": 4,
  "state": "empty-page",
  "teamId": "T02R0MMHK"
}
[05/07/18, 16:55:17:734] info: Store: UPSERT_WEB_CONTENTS
{
  "id": 4,
  "state": "page-will-navigate",
  "teamId": "T02R0MMHK"
}
[05/07/18, 16:55:17:744] info: Store: UPSERT_WEB_CONTENTS
{
  "id": 6,
  "state": "empty-page",
  "teamId": "T5LFW0CUB"
}
[05/07/18, 16:55:17:760] info: Store: UPSERT_WEB_CONTENTS
{
  "id": 6,
  "state": "page-will-navigate",
  "teamId": "T5LFW0CUB"
}
[05/07/18, 16:55:17:795] info: Store: UPSERT_WEB_CONTENTS
{
  "id": 3,
  "state": "loaded",
  "teamId": "T5YEC6G73"
}
[05/07/18, 16:55:17:817] info: Store: UPSERT_WEB_CONTENTS
{
  "id": 3,
  "state": "empty-page",
  "teamId": "T5YEC6G73"
}
[05/07/18, 16:55:17:831] info: Store: UPSERT_WEB_CONTENTS
{
  "id": 3,
  "state": "page-will-navigate",
  "teamId": "T5YEC6G73"
}
[05/07/18, 16:55:17:880] info: Store: UPDATE_SESSION_STATUS
{
  "hasValidSession": true,
  "teamId": "T0GFBAM8C"
}
