[05/09/18, 21:53:23:222] info: ╔════════════════════════════════════════════════════════════════════════════╗
[05/09/18, 21:53:23:223] info: ║      Slack 3.1.1, linux 4.16.7-1-zen on x64 at 05/09/18, 21:53:23:215      ║
[05/09/18, 21:53:23:223] info: ╚════════════════════════════════════════════════════════════════════════════╝
[05/09/18, 21:53:23:496] info: Initializing local storage instance at path: /home/nitoli/.config/Slack/local-settings.json
[05/09/18, 21:53:24:705] error: Calls failed to load, bailing
[05/09/18, 21:53:24:707] info: cld3::loadModule: loading cld3 module
[05/09/18, 21:53:24:772] info: cld3Loader::loadModule: running environment is NODE
[05/09/18, 21:53:24:772] info: cld3Loader::loadModule: constructed module object for runtime
[05/09/18, 21:53:25:750] info: cld3Loader::initializeRuntime: successfully initialized module
[05/09/18, 21:53:25:750] info: cld3Loader::loadModule: initialized wasm binary Runtime
[05/09/18, 21:53:25:758] warn: updateSpellcheckerLanguage: Tried to update language, but spellchecker not initialized
[05/09/18, 21:53:25:759] info: SSBIntegration: Main window preload script loaded 3502.596427
[05/09/18, 21:53:25:780] info: Store: UPSERT_WEB_CONTENTS
{
  "id": 3,
  "state": "loaded",
  "teamId": "T02R0MMHK"
}
[05/09/18, 21:53:25:784] info: Store: UPSERT_WEB_CONTENTS
{
  "id": 3,
  "state": "empty-page",
  "teamId": "T02R0MMHK"
}
[05/09/18, 21:53:25:784] info: Store: UPSERT_WEB_CONTENTS
{
  "id": 7,
  "state": "loaded",
  "teamId": "T0GFBAM8C"
}
[05/09/18, 21:53:25:785] info: Store: UPSERT_WEB_CONTENTS
{
  "id": 3,
  "state": "page-will-navigate",
  "teamId": "T02R0MMHK"
}
[05/09/18, 21:53:25:787] info: Store: UPSERT_WEB_CONTENTS
{
  "id": 7,
  "state": "empty-page",
  "teamId": "T0GFBAM8C"
}
[05/09/18, 21:53:25:788] info: Store: UPSERT_WEB_CONTENTS
{
  "id": 7,
  "state": "page-will-navigate",
  "teamId": "T0GFBAM8C"
}
[05/09/18, 21:53:25:789] info: Store: UPSERT_WEB_CONTENTS
{
  "id": 4,
  "state": "loaded",
  "teamId": "T5YEC6G73"
}
[05/09/18, 21:53:25:789] info: Store: UPSERT_WEB_CONTENTS
{
  "id": 4,
  "state": "empty-page",
  "teamId": "T5YEC6G73"
}
[05/09/18, 21:53:25:790] info: Store: UPSERT_WEB_CONTENTS
{
  "id": 4,
  "state": "page-will-navigate",
  "teamId": "T5YEC6G73"
}
[05/09/18, 21:53:25:790] info: Store: UPSERT_WEB_CONTENTS
{
  "id": 6,
  "state": "loaded",
  "teamId": "T5LFW0CUB"
}
[05/09/18, 21:53:25:809] info: Store: UPSERT_WEB_CONTENTS
{
  "id": 6,
  "state": "empty-page",
  "teamId": "T5LFW0CUB"
}
[05/09/18, 21:53:25:810] info: Store: UPSERT_WEB_CONTENTS
{
  "id": 5,
  "state": "loaded",
  "teamId": "T4HEMM0UR"
}
[05/09/18, 21:53:25:814] info: Store: UPSERT_WEB_CONTENTS
{
  "id": 6,
  "state": "page-will-navigate",
  "teamId": "T5LFW0CUB"
}
[05/09/18, 21:53:25:818] info: Store: UPSERT_WEB_CONTENTS
{
  "id": 5,
  "state": "empty-page",
  "teamId": "T4HEMM0UR"
}
[05/09/18, 21:53:25:827] info: Store: UPSERT_WEB_CONTENTS
{
  "id": 5,
  "state": "page-will-navigate",
  "teamId": "T4HEMM0UR"
}
[05/09/18, 21:53:25:834] info: Window is unloading, winssb is no longer accessible
[05/09/18, 21:53:26:401] info: Store: SET_NETWORK_STATUS offline
[05/09/18, 21:53:26:821] info: Store: UPDATE_SESSION_STATUS
{
  "hasValidSession": true,
  "teamId": "T5YEC6G73"
}
[05/09/18, 21:53:26:843] info: Store: UPDATE_SESSION_STATUS
{
  "hasValidSession": true,
  "teamId": "T02R0MMHK"
}
[05/09/18, 21:53:26:858] info: Store: UPDATE_SESSION_STATUS
{
  "hasValidSession": true,
  "teamId": "T0GFBAM8C"
}
[05/09/18, 21:53:27:199] info: Store: UPDATE_SESSION_STATUS
{
  "hasValidSession": true,
  "teamId": "T5LFW0CUB"
}
[05/09/18, 21:53:27:199] info: Store: UPDATE_SESSION_STATUS
{
  "hasValidSession": true,
  "teamId": "T4HEMM0UR"
}
[05/09/18, 21:53:27:228] info: Store: SET_NETWORK_STATUS online
[05/09/18, 21:53:27:247] info: Store: MAIN_WINDOW_SHOWN
