[05/04/18, 07:28:12:634] info: ╔════════════════════════════════════════════════════════════════════════════╗
[05/04/18, 07:28:12:636] info: ║      Slack 3.1.1, linux 4.16.5-1-zen on x64 at 05/04/18, 07:28:12:630      ║
[05/04/18, 07:28:12:636] info: ╚════════════════════════════════════════════════════════════════════════════╝
[05/04/18, 07:28:12:966] info: Initializing local storage instance at path: /home/nitoli/.config/Slack/local-settings.json
[05/04/18, 07:28:14:306] info: Store: UPSERT_WEB_CONTENTS
{
  "id": 6,
  "state": "loaded",
  "teamId": "T5LFW0CUB"
}
[05/04/18, 07:28:14:354] info: Store: UPSERT_WEB_CONTENTS
{
  "id": 6,
  "state": "empty-page",
  "teamId": "T5LFW0CUB"
}
[05/04/18, 07:28:14:367] info: Store: UPSERT_WEB_CONTENTS
{
  "id": 6,
  "state": "page-will-navigate",
  "teamId": "T5LFW0CUB"
}
[05/04/18, 07:28:14:506] info: Store: UPSERT_WEB_CONTENTS
{
  "id": 5,
  "state": "loaded",
  "teamId": "T4HEMM0UR"
}
[05/04/18, 07:28:14:541] info: Store: UPSERT_WEB_CONTENTS
{
  "id": 5,
  "state": "empty-page",
  "teamId": "T4HEMM0UR"
}
[05/04/18, 07:28:14:557] info: Store: UPSERT_WEB_CONTENTS
{
  "id": 5,
  "state": "page-will-navigate",
  "teamId": "T4HEMM0UR"
}
[05/04/18, 07:28:14:676] info: Store: UPSERT_WEB_CONTENTS
{
  "id": 7,
  "state": "loaded",
  "teamId": "T0GFBAM8C"
}
[05/04/18, 07:28:14:681] info: Store: UPSERT_WEB_CONTENTS
{
  "id": 4,
  "state": "loaded",
  "teamId": "T02R0MMHK"
}
[05/04/18, 07:28:14:689] info: Store: UPSERT_WEB_CONTENTS
{
  "id": 7,
  "state": "empty-page",
  "teamId": "T0GFBAM8C"
}
[05/04/18, 07:28:14:693] info: Store: UPSERT_WEB_CONTENTS
{
  "id": 7,
  "state": "page-will-navigate",
  "teamId": "T0GFBAM8C"
}
[05/04/18, 07:28:14:701] info: Store: UPSERT_WEB_CONTENTS
{
  "id": 4,
  "state": "empty-page",
  "teamId": "T02R0MMHK"
}
[05/04/18, 07:28:14:706] info: Store: UPSERT_WEB_CONTENTS
{
  "id": 4,
  "state": "page-will-navigate",
  "teamId": "T02R0MMHK"
}
[05/04/18, 07:28:15:106] info: Store: UPSERT_WEB_CONTENTS
{
  "id": 3,
  "state": "loaded",
  "teamId": "T5YEC6G73"
}
[05/04/18, 07:28:15:122] info: Store: UPSERT_WEB_CONTENTS
{
  "id": 3,
  "state": "empty-page",
  "teamId": "T5YEC6G73"
}
[05/04/18, 07:28:15:125] info: Store: UPSERT_WEB_CONTENTS
{
  "id": 3,
  "state": "page-will-navigate",
  "teamId": "T5YEC6G73"
}
[05/04/18, 07:28:15:572] info: Store: UPDATE_SESSION_STATUS
{
  "hasValidSession": true,
  "teamId": "T5LFW0CUB"
}
[05/04/18, 07:28:15:581] info: Store: UPDATE_SESSION_STATUS
{
  "hasValidSession": true,
  "teamId": "T02R0MMHK"
}
[05/04/18, 07:28:15:589] info: Store: UPDATE_SESSION_STATUS
{
  "hasValidSession": true,
  "teamId": "T4HEMM0UR"
}
[05/04/18, 07:28:15:595] info: Store: UPDATE_SESSION_STATUS
{
  "hasValidSession": true,
  "teamId": "T0GFBAM8C"
}
[05/04/18, 07:28:15:603] info: Store: UPDATE_SESSION_STATUS
{
  "hasValidSession": true,
  "teamId": "T5YEC6G73"
}
[05/04/18, 07:28:15:921] info: Store: SET_NETWORK_STATUS online
[05/04/18, 07:28:15:926] info: Store: MAIN_WINDOW_SHOWN
[05/08/18, 13:40:13:372] info: ╔════════════════════════════════════════════════════════════════════════════╗
[05/08/18, 13:40:13:373] info: ║      Slack 3.1.1, linux 4.16.6-1-zen on x64 at 05/08/18, 13:40:13:369      ║
[05/08/18, 13:40:13:373] info: ╚════════════════════════════════════════════════════════════════════════════╝
[05/08/18, 13:40:13:462] info: Initializing local storage instance at path: /home/nitoli/.config/Slack/local-settings.json
[05/08/18, 13:40:13:482] info: TranslationLookup: locale set to ja-JP for renderer
[05/08/18, 13:40:15:417] info: Store: SET_NETWORK_STATUS online
[05/08/18, 13:40:16:455] info: Store: UPSERT_WEB_CONTENTS
{
  "id": 7,
  "state": "loaded",
  "teamId": "T0GFBAM8C"
}
[05/08/18, 13:40:16:537] info: Store: UPSERT_WEB_CONTENTS
{
  "id": 7,
  "state": "empty-page",
  "teamId": "T0GFBAM8C"
}
[05/08/18, 13:40:16:547] info: Store: UPSERT_WEB_CONTENTS
{
  "id": 7,
  "state": "page-will-navigate",
  "teamId": "T0GFBAM8C"
}
[05/08/18, 13:40:16:719] info: Store: UPSERT_WEB_CONTENTS
{
  "id": 6,
  "state": "loaded",
  "teamId": "T4HEMM0UR"
}
[05/08/18, 13:40:16:736] info: Store: UPSERT_WEB_CONTENTS
{
  "id": 6,
  "state": "empty-page",
  "teamId": "T4HEMM0UR"
}
[05/08/18, 13:40:16:743] info: Store: UPSERT_WEB_CONTENTS
{
  "id": 6,
  "state": "page-will-navigate",
  "teamId": "T4HEMM0UR"
}
[05/08/18, 13:40:16:749] info: Store: UPSERT_WEB_CONTENTS
{
  "id": 5,
  "state": "loaded",
  "teamId": "T02R0MMHK"
}
[05/08/18, 13:40:16:765] info: Store: UPSERT_WEB_CONTENTS
{
  "id": 5,
  "state": "empty-page",
  "teamId": "T02R0MMHK"
}
[05/08/18, 13:40:16:771] info: Store: UPSERT_WEB_CONTENTS
{
  "id": 5,
  "state": "page-will-navigate",
  "teamId": "T02R0MMHK"
}
[05/08/18, 13:40:16:804] info: Store: UPSERT_WEB_CONTENTS
{
  "id": 3,
  "state": "loaded",
  "teamId": "T5LFW0CUB"
}
[05/08/18, 13:40:16:807] info: Store: MAIN_WINDOW_SHOWN
[05/09/18, 16:40:35:647] info: ╔════════════════════════════════════════════════════════════════════════════╗
[05/09/18, 16:40:35:648] info: ║      Slack 3.1.1, linux 4.16.7-1-zen on x64 at 05/09/18, 16:40:35:633      ║
[05/09/18, 16:40:35:648] info: ╚════════════════════════════════════════════════════════════════════════════╝
[05/09/18, 16:40:35:890] info: Initializing local storage instance at path: /home/nitoli/.config/Slack/local-settings.json
[05/09/18, 16:40:37:044] error: Calls failed to load, bailing
[05/09/18, 16:40:37:046] info: cld3::loadModule: loading cld3 module
[05/09/18, 16:40:37:108] info: cld3Loader::loadModule: running environment is NODE
[05/09/18, 16:40:37:108] info: cld3Loader::loadModule: constructed module object for runtime
[05/09/18, 16:40:37:642] info: cld3Loader::initializeRuntime: successfully initialized module
[05/09/18, 16:40:37:642] info: cld3Loader::loadModule: initialized wasm binary Runtime
[05/09/18, 16:40:37:654] warn: updateSpellcheckerLanguage: Tried to update language, but spellchecker not initialized
[05/09/18, 16:40:37:655] info: TranslationLookup: locale set to ja-JP for renderer
[05/09/18, 16:40:37:656] info: SSBIntegration: Main window preload script loaded 2773.413093
[05/09/18, 16:40:38:033] info: Store: UPSERT_WEB_CONTENTS
{
  "id": 3,
  "state": "loaded",
  "teamId": "T0GFBAM8C"
}
[05/09/18, 16:40:38:036] info: Store: MAIN_WINDOW_SHOWN
[05/09/18, 16:40:38:053] info: Store: UPSERT_WEB_CONTENTS
{
  "id": 3,
  "state": "empty-page",
  "teamId": "T0GFBAM8C"
}
[05/09/18, 16:40:38:054] info: Store: UPSERT_WEB_CONTENTS
{
  "id": 3,
  "state": "page-will-navigate",
  "teamId": "T0GFBAM8C"
}
[05/09/18, 16:40:38:333] info: Store: UPSERT_WEB_CONTENTS
{
  "id": 4,
  "state": "loaded",
  "teamId": "T5YEC6G73"
}
[05/09/18, 16:40:38:336] info: Store: UPSERT_WEB_CONTENTS
{
  "id": 4,
  "state": "empty-page",
  "teamId": "T5YEC6G73"
}
[05/09/18, 16:40:38:337] info: Store: UPSERT_WEB_CONTENTS
{
  "id": 4,
  "state": "page-will-navigate",
  "teamId": "T5YEC6G73"
}
[05/09/18, 16:40:38:353] info: Store: UPSERT_WEB_CONTENTS
{
  "id": 7,
  "state": "loaded",
  "teamId": "T5LFW0CUB"
}
[05/09/18, 16:40:38:382] info: Store: UPSERT_WEB_CONTENTS
{
  "id": 6,
  "state": "loaded",
  "teamId": "T4HEMM0UR"
}
[05/09/18, 16:40:38:383] info: Store: UPSERT_WEB_CONTENTS
{
  "id": 7,
  "state": "empty-page",
  "teamId": "T5LFW0CUB"
}
[05/09/18, 16:40:38:883] info: Store: UPSERT_WEB_CONTENTS
{
  "id": 7,
  "state": "page-will-navigate",
  "teamId": "T5LFW0CUB"
}
[05/09/18, 16:40:38:884] info: Store: UPSERT_WEB_CONTENTS
{
  "id": 6,
  "state": "empty-page",
  "teamId": "T4HEMM0UR"
}
[05/09/18, 16:40:38:886] info: Store: UPDATE_SESSION_STATUS
{
  "hasValidSession": true,
  "teamId": "T0GFBAM8C"
}
[05/09/18, 16:40:38:887] info: Store: UPSERT_WEB_CONTENTS
{
  "id": 6,
  "state": "page-will-navigate",
  "teamId": "T4HEMM0UR"
}
[05/09/18, 16:40:38:888] info: Store: UPDATE_SESSION_STATUS
{
  "hasValidSession": true,
  "teamId": "T5YEC6G73"
}
[05/09/18, 16:40:38:889] info: Store: UPDATE_SESSION_STATUS
{
  "hasValidSession": true,
  "teamId": "T5LFW0CUB"
}
[05/09/18, 16:40:38:907] info: Store: UPDATE_SESSION_STATUS
{
  "hasValidSession": true,
  "teamId": "T4HEMM0UR"
}
[05/09/18, 16:40:38:909] info: Store: SAVE_WINDOW_SETTINGS
{
  "isMaximized": false,
  "position": [
    12,
    1124
  ],
  "size": [
    1896,
    1024
  ]
}
[05/09/18, 16:40:42:945] info: Store: MAIN_WINDOW_FOCUSED
[05/09/18, 16:40:42:951] info: Store: SELECT_TEAM T02R0MMHK
[05/09/18, 16:40:42:990] info: Store: UPDATE_SETTINGS
{
  "locale": "en-US"
}
[05/09/18, 16:40:42:991] info: TranslationLookup: locale set to en-US for renderer
[05/09/18, 16:40:47:846] info: Store: SELECT_CHANNEL DAHC8TMSR
[05/09/18, 16:40:47:846] info: Store: UPDATE_TEAM_LOCALE
{
  "locale": "en-US"
}
[05/09/18, 16:40:48:035] info: Store: UPSERT_WEB_CONTENTS
{
  "id": 5,
  "state": "loaded",
  "teamId": "T02R0MMHK"
}
[05/09/18, 16:40:48:097] info: Store: UPDATE_SESSION_STATUS
{
  "hasValidSession": true,
  "teamId": "T02R0MMHK"
}
[05/09/18, 16:40:48:612] info: postLoadTaskSetup: Desktop client fully loaded
{
  "loadedTime": 17642.88027
}
[05/09/18, 16:40:48:765] info: Store: UPDATE_TEAM_THEME
{
  "teamId": "T02R0MMHK",
  "theme": {
    "active_item": "#4C9689",
    "active_item_text": "#FFFFFF",
    "active_presence": "#38978D",
    "badge": "#EB4D5C",
    "column_bg": "#4D394B",
    "hover_item": "#3E313C",
    "menu_bg": "#3E313C",
    "text_color": "#FFFFFF"
  }
}
[05/09/18, 16:40:49:206] info: Store: UPDATE_TEAM_ICONS
{
  "icons": {
    "image_102": "https://slack-files2.s3-us-west-2.amazonaws.com/avatars/2015-01-14/3400695805_06e3ed8a8ae7228d7c54_102.jpg",
    "image_132": "https://slack-files2.s3-us-west-2.amazonaws.com/avatars/2015-01-14/3400695805_06e3ed8a8ae7228d7c54_132.jpg",
    "image_230": "https://slack-files2.s3-us-west-2.amazonaws.com/avatars/2015-01-14/3400695805_06e3ed8a8ae7228d7c54_132.jpg",
    "image_34": "https://slack-files2.s3-us-west-2.amazonaws.com/avatars/2015-01-14/3400695805_06e3ed8a8ae7228d7c54_34.jpg",
    "image_44": "https://slack-files2.s3-us-west-2.amazonaws.com/avatars/2015-01-14/3400695805_06e3ed8a8ae7228d7c54_44.jpg",
    "image_68": "https://slack-files2.s3-us-west-2.amazonaws.com/avatars/2015-01-14/3400695805_06e3ed8a8ae7228d7c54_68.jpg",
    "image_88": "https://slack-files2.s3-us-west-2.amazonaws.com/avatars/2015-01-14/3400695805_06e3ed8a8ae7228d7c54_88.jpg",
    "image_original": "https://slack-files2.s3-us-west-2.amazonaws.com/avatars/2015-01-14/3400695805_06e3ed8a8ae7228d7c54_original.jpg"
  },
  "teamId": "T02R0MMHK"
}
[05/09/18, 16:40:49:207] info: Store: UPDATE_TEAM_LOCALE
{
  "locale": "en-US",
  "teamId": "T02R0MMHK"
}
[05/09/18, 16:40:49:208] info: Store: UPSERT_WEB_CONTENTS
{
  "id": 5,
  "state": "webapp-loaded",
  "teamId": "T02R0MMHK"
}
[05/09/18, 16:40:49:594] info: Store: STORE_API_TOKEN
{
  "teamId": "T02R0MMHK",
  "token": "xoxs-⋯"
}
[05/09/18, 16:40:50:920] info: Store: UPSERT_WEB_CONTENTS
{
  "id": 3,
  "state": "loaded",
  "teamId": "T0GFBAM8C"
}
[05/09/18, 16:40:51:407] info: Store: UPDATE_SESSION_STATUS
{
  "hasValidSession": true,
  "teamId": "T0GFBAM8C"
}
[05/09/18, 16:40:51:408] info: Store: SELECT_CHANNEL C8Y1H7TEE
[05/09/18, 16:40:51:408] info: Store: UPDATE_TEAM_LOCALE
{
  "locale": "en-US"
}
[05/09/18, 16:40:51:611] info: Store: UPSERT_WEB_CONTENTS
{
  "id": 4,
  "state": "loaded",
  "teamId": "T5YEC6G73"
}
[05/09/18, 16:40:51:824] info: Store: SELECT_CHANNEL C0GFH3RHU
[05/09/18, 16:40:51:825] info: Store: UPDATE_TEAM_LOCALE
{
  "locale": "ja-JP"
}
[05/09/18, 16:40:51:928] info: Store: UPDATE_TEAM_LOCALE
{
  "locale": "en-US"
}
[05/09/18, 16:40:51:947] info: Store: UPSERT_WEB_CONTENTS
{
  "id": 4,
  "state": "webapp-loaded",
  "teamId": "T5YEC6G73"
}
[05/09/18, 16:40:52:108] info: Store: UPDATE_TEAM_THEME
{
  "teamId": "T5YEC6G73",
  "theme": {
    "active_item": "#4C9689",
    "active_item_text": "#FFFFFF",
    "active_presence": "#38978D",
    "badge": "#EB4D5C",
    "column_bg": "#4D394B",
    "hover_item": "#3E313C",
    "menu_bg": "#3E313C",
    "text_color": "#FFFFFF"
  }
}
[05/09/18, 16:40:52:122] info: Store: STORE_API_TOKEN
{
  "teamId": "T5YEC6G73",
  "token": "xoxs-⋯"
}
[05/09/18, 16:40:52:425] info: Store: UPDATE_SESSION_STATUS
{
  "hasValidSession": true,
  "teamId": "T5YEC6G73"
}
[05/09/18, 16:40:52:613] info: Store: SELECT_CHANNEL C02R0MMJ9
[05/09/18, 16:40:52:717] info: Store: UPDATE_TEAM_LOCALE
{
  "locale": "ja-JP"
}
[05/09/18, 16:40:52:719] info: Store: UPSERT_WEB_CONTENTS
{
  "id": 3,
  "state": "webapp-loaded",
  "teamId": "T0GFBAM8C"
}
[05/09/18, 16:40:52:731] info: Couldn't detect language for text of length '1052': Not enough reliable text, ignoring sample
[05/09/18, 16:40:52:844] info: Store: STORE_API_TOKEN
{
  "teamId": "T0GFBAM8C",
  "token": "xoxs-⋯"
}
[05/09/18, 16:40:52:957] info: Store: SELECT_CHANNEL G80MPJULU
[05/09/18, 16:40:53:013] info: Store: UPDATE_TEAM_THEME
{
  "teamId": "T0GFBAM8C",
  "theme": {
    "active_item": "#4C9689",
    "active_item_text": "#FFFFFF",
    "active_presence": "#38978D",
    "badge": "#EB4D5C",
    "column_bg": "#4D394B",
    "hover_item": "#3E313C",
    "menu_bg": "#3E313C",
    "text_color": "#FFFFFF"
  }
}
[05/09/18, 16:40:53:028] info: Store: UPDATE_TEAM_ICONS
{
  "icons": {
    "image_102": "https://slack-files2.s3-us-west-2.amazonaws.com/avatars/2017-06-28/205110093367_6705e64b9b4a8299bd1f_102.png",
    "image_132": "https://slack-files2.s3-us-west-2.amazonaws.com/avatars/2017-06-28/205110093367_6705e64b9b4a8299bd1f_132.png",
    "image_230": "https://slack-files2.s3-us-west-2.amazonaws.com/avatars/2017-06-28/205110093367_6705e64b9b4a8299bd1f_230.png",
    "image_34": "https://slack-files2.s3-us-west-2.amazonaws.com/avatars/2017-06-28/205110093367_6705e64b9b4a8299bd1f_34.png",
    "image_44": "https://slack-files2.s3-us-west-2.amazonaws.com/avatars/2017-06-28/205110093367_6705e64b9b4a8299bd1f_44.png",
    "image_68": "https://slack-files2.s3-us-west-2.amazonaws.com/avatars/2017-06-28/205110093367_6705e64b9b4a8299bd1f_68.png",
    "image_88": "https://slack-files2.s3-us-west-2.amazonaws.com/avatars/2017-06-28/205110093367_6705e64b9b4a8299bd1f_88.png",
    "image_original": "https://slack-files2.s3-us-west-2.amazonaws.com/avatars/2017-06-28/205110093367_6705e64b9b4a8299bd1f_original.png"
  },
  "teamId": "T5YEC6G73"
}
[05/09/18, 16:40:53:032] info: Store: UPDATE_TEAM_ICONS
{
  "icons": {
    "image_102": "https://slack-files2.s3-us-west-2.amazonaws.com/avatars/2015-12-19/17054493216_07addcfb3fb1718cbba4_102.png",
    "image_132": "https://slack-files2.s3-us-west-2.amazonaws.com/avatars/2015-12-19/17054493216_07addcfb3fb1718cbba4_132.png",
    "image_230": "https://slack-files2.s3-us-west-2.amazonaws.com/avatars/2015-12-19/17054493216_07addcfb3fb1718cbba4_132.png",
    "image_34": "https://slack-files2.s3-us-west-2.amazonaws.com/avatars/2015-12-19/17054493216_07addcfb3fb1718cbba4_34.png",
    "image_44": "https://slack-files2.s3-us-west-2.amazonaws.com/avatars/2015-12-19/17054493216_07addcfb3fb1718cbba4_44.png",
    "image_68": "https://slack-files2.s3-us-west-2.amazonaws.com/avatars/2015-12-19/17054493216_07addcfb3fb1718cbba4_68.png",
    "image_88": "https://slack-files2.s3-us-west-2.amazonaws.com/avatars/2015-12-19/17054493216_07addcfb3fb1718cbba4_88.png",
    "image_original": "https://slack-files2.s3-us-west-2.amazonaws.com/avatars/2015-12-19/17054493216_07addcfb3fb1718cbba4_original.png"
  },
  "teamId": "T0GFBAM8C"
}
[05/09/18, 16:40:53:155] info: Store: UPDATE_TEAM_LOCALE
{
  "locale": "ja-JP"
}
[05/09/18, 16:40:53:655] info: Store: SELECT_CHANNEL C4JRHEQB1
[05/09/18, 16:40:53:656] info: Store: UPDATE_TEAM_LOCALE
{
  "locale": "ja-JP"
}
[05/09/18, 16:40:53:657] info: Store: UPSERT_WEB_CONTENTS
{
  "id": 7,
  "state": "loaded",
  "teamId": "T5LFW0CUB"
}
[05/09/18, 16:40:53:774] info: Store: UPDATE_SESSION_STATUS
{
  "hasValidSession": true,
  "teamId": "T5LFW0CUB"
}
[05/09/18, 16:40:53:885] info: Store: UPSERT_WEB_CONTENTS
{
  "id": 6,
  "state": "loaded",
  "teamId": "T4HEMM0UR"
}
[05/09/18, 16:40:53:995] info: Store: UPDATE_TEAM_LOCALE
{
  "locale": "ja-JP"
}
[05/09/18, 16:40:54:053] info: Store: UPSERT_WEB_CONTENTS
{
  "id": 7,
  "state": "webapp-loaded",
  "teamId": "T5LFW0CUB"
}
[05/09/18, 16:40:54:133] info: Store: STORE_API_TOKEN
{
  "teamId": "T5LFW0CUB",
  "token": "xoxs-⋯"
}
[05/09/18, 16:40:54:154] info: Store: UPDATE_TEAM_THEME
{
  "teamId": "T5LFW0CUB",
  "theme": {
    "active_item": "#4C9689",
    "active_item_text": "#FFFFFF",
    "active_presence": "#38978D",
    "badge": "#EB4D5C",
    "column_bg": "#4D394B",
    "hover_item": "#3E313C",
    "menu_bg": "#3E313C",
    "text_color": "#FFFFFF"
  }
}
[05/09/18, 16:40:54:162] info: Store: UPDATE_TEAM_ICONS
{
  "icons": {
    "image_102": "https://slack-files2.s3-us-west-2.amazonaws.com/avatars/2017-08-21/229801110004_7754c1684d8336d012c4_102.jpg",
    "image_132": "https://slack-files2.s3-us-west-2.amazonaws.com/avatars/2017-08-21/229801110004_7754c1684d8336d012c4_132.jpg",
    "image_230": "https://slack-files2.s3-us-west-2.amazonaws.com/avatars/2017-08-21/229801110004_7754c1684d8336d012c4_230.jpg",
    "image_34": "https://slack-files2.s3-us-west-2.amazonaws.com/avatars/2017-08-21/229801110004_7754c1684d8336d012c4_34.jpg",
    "image_44": "https://slack-files2.s3-us-west-2.amazonaws.com/avatars/2017-08-21/229801110004_7754c1684d8336d012c4_44.jpg",
    "image_68": "https://slack-files2.s3-us-west-2.amazonaws.com/avatars/2017-08-21/229801110004_7754c1684d8336d012c4_68.jpg",
    "image_88": "https://slack-files2.s3-us-west-2.amazonaws.com/avatars/2017-08-21/229801110004_7754c1684d8336d012c4_88.jpg",
    "image_original": "https://slack-files2.s3-us-west-2.amazonaws.com/avatars/2017-08-21/229801110004_7754c1684d8336d012c4_original.jpg"
  },
  "teamId": "T5LFW0CUB"
}
[05/09/18, 16:40:54:199] info: Store: UPDATE_SESSION_STATUS
{
  "hasValidSession": true,
  "teamId": "T4HEMM0UR"
}
[05/09/18, 16:40:54:227] info: Store: UPDATE_TEAM_LOCALE
{
  "locale": "ja-JP"
}
[05/09/18, 16:40:54:230] info: Store: UPSERT_WEB_CONTENTS
{
  "id": 6,
  "state": "webapp-loaded",
  "teamId": "T4HEMM0UR"
}
[05/09/18, 16:40:54:298] info: Store: UPDATE_TEAM_THEME
{
  "teamId": "T4HEMM0UR",
  "theme": {
    "active_item": "#4C9689",
    "active_item_text": "#FFFFFF",
    "active_presence": "#38978D",
    "badge": "#EB4D5C",
    "column_bg": "#4D394B",
    "hover_item": "#3E313C",
    "menu_bg": "#3E313C",
    "text_color": "#FFFFFF"
  }
}
[05/09/18, 16:40:54:306] info: Store: STORE_API_TOKEN
{
  "teamId": "T4HEMM0UR",
  "token": "xoxs-⋯"
}
[05/09/18, 16:40:54:583] info: Raw Locale list: ["C","en_US.utf8","POSIX",""]
[05/09/18, 16:40:54:583] info: Filtered Locale list: ["en_US"]
[05/09/18, 16:40:54:584] info: Counts: {"en":["en_US"]}
[05/09/18, 16:40:54:584] info: Setting en
[05/09/18, 16:40:54:585] info: Result: {"en":"en-US"}
[05/09/18, 16:40:54:589] info: Requesting to load ja-JP, alternatives are ["ja-JP","ja-JP","ja-JP"]
[05/09/18, 16:40:54:590] info: Loading dictionary for language ja-JP
[05/09/18, 16:40:54:591] info: Actually downloading https://redirector.gvt1.com/edgedl/chrome/dict/ja-jp-3-0.bdic
[05/09/18, 16:40:54:956] info: Loading dictionary for language ja-JP
[05/09/18, 16:40:54:956] info: Returning local copy: /home/nitoli/.config/Slack/dictionaries/ja-JP.bdic
[05/09/18, 16:40:54:962] info: Failed to read file /home/nitoli/.config/Slack/dictionaries/ja-JP.bdic: File exists but is most likely bogus
[05/09/18, 16:40:54:963] info: Actually downloading https://redirector.gvt1.com/edgedl/chrome/dict/ja-jp-3-0.bdic
[05/09/18, 16:40:55:012] info: Store: UPDATE_TEAM_ICONS
{
  "icons": {
    "image_102": "https://slack-files2.s3-us-west-2.amazonaws.com/avatars/2017-03-15/154610708258_f98e05c23845866960a5_102.png",
    "image_132": "https://slack-files2.s3-us-west-2.amazonaws.com/avatars/2017-03-15/154610708258_f98e05c23845866960a5_132.png",
    "image_230": "https://slack-files2.s3-us-west-2.amazonaws.com/avatars/2017-03-15/154610708258_f98e05c23845866960a5_230.png",
    "image_34": "https://slack-files2.s3-us-west-2.amazonaws.com/avatars/2017-03-15/154610708258_f98e05c23845866960a5_34.png",
    "image_44": "https://slack-files2.s3-us-west-2.amazonaws.com/avatars/2017-03-15/154610708258_f98e05c23845866960a5_44.png",
    "image_68": "https://slack-files2.s3-us-west-2.amazonaws.com/avatars/2017-03-15/154610708258_f98e05c23845866960a5_68.png",
    "image_88": "https://slack-files2.s3-us-west-2.amazonaws.com/avatars/2017-03-15/154610708258_f98e05c23845866960a5_88.png",
    "image_original": "https://slack-files2.s3-us-west-2.amazonaws.com/avatars/2017-03-15/154610708258_f98e05c23845866960a5_original.png"
  },
  "teamId": "T4HEMM0UR"
}
[05/09/18, 16:40:55:103] info: Loading dictionary for language ja-JP
[05/09/18, 16:40:55:104] info: Returning local copy: /home/nitoli/.config/Slack/dictionaries/ja-JP.bdic
[05/09/18, 16:40:55:106] info: Failed to read file /home/nitoli/.config/Slack/dictionaries/ja-JP.bdic: File exists but is most likely bogus
[05/09/18, 16:40:55:107] info: Actually downloading https://redirector.gvt1.com/edgedl/chrome/dict/ja-jp-3-0.bdic
[05/09/18, 16:40:55:312] info: dictionary for ja-JP_ja-JP is not available
[05/09/18, 16:40:55:313] info: Actually installing spell check provider to Electron
[05/09/18, 16:40:57:774] info: Store: SELECT_CHANNEL C02TQ0GUS
[05/09/18, 16:41:00:033] info: Requesting to load ja-JP, alternatives are ["ja-JP","ja-JP","ja-JP"]
[05/09/18, 16:41:00:034] info: Loading dictionary for language ja-JP
[05/09/18, 16:41:00:034] info: Returning local copy: /home/nitoli/.config/Slack/dictionaries/ja-JP.bdic
[05/09/18, 16:41:00:034] info: Failed to read file /home/nitoli/.config/Slack/dictionaries/ja-JP.bdic: File exists but is most likely bogus
[05/09/18, 16:41:00:035] info: Actually downloading https://redirector.gvt1.com/edgedl/chrome/dict/ja-jp-3-0.bdic
[05/09/18, 16:41:00:134] info: Loading dictionary for language ja-JP
[05/09/18, 16:41:00:135] info: Returning local copy: /home/nitoli/.config/Slack/dictionaries/ja-JP.bdic
[05/09/18, 16:41:00:137] info: Failed to read file /home/nitoli/.config/Slack/dictionaries/ja-JP.bdic: File exists but is most likely bogus
[05/09/18, 16:41:00:138] info: Actually downloading https://redirector.gvt1.com/edgedl/chrome/dict/ja-jp-3-0.bdic
[05/09/18, 16:41:00:306] info: Loading dictionary for language ja-JP
[05/09/18, 16:41:00:307] info: Returning local copy: /home/nitoli/.config/Slack/dictionaries/ja-JP.bdic
[05/09/18, 16:41:00:307] info: Failed to read file /home/nitoli/.config/Slack/dictionaries/ja-JP.bdic: File exists but is most likely bogus
[05/09/18, 16:41:00:307] info: Actually downloading https://redirector.gvt1.com/edgedl/chrome/dict/ja-jp-3-0.bdic
[05/09/18, 16:41:00:423] info: dictionary for ja-JP_ja-JP is not available
[05/09/18, 16:41:00:587] info: Store: SELECT_CHANNEL C02R0MMJ9
[05/09/18, 16:41:00:630] info: Requesting to load ja-JP, alternatives are ["ja-JP","ja-JP","ja-JP"]
[05/09/18, 16:41:00:630] info: Loading dictionary for language ja-JP
[05/09/18, 16:41:00:630] info: Returning local copy: /home/nitoli/.config/Slack/dictionaries/ja-JP.bdic
[05/09/18, 16:41:00:638] info: Failed to read file /home/nitoli/.config/Slack/dictionaries/ja-JP.bdic: File exists but is most likely bogus
[05/09/18, 16:41:00:639] info: Actually downloading https://redirector.gvt1.com/edgedl/chrome/dict/ja-jp-3-0.bdic
[05/09/18, 16:41:00:734] info: Loading dictionary for language ja-JP
[05/09/18, 16:41:00:735] info: Returning local copy: /home/nitoli/.config/Slack/dictionaries/ja-JP.bdic
[05/09/18, 16:41:00:735] info: Failed to read file /home/nitoli/.config/Slack/dictionaries/ja-JP.bdic: File exists but is most likely bogus
[05/09/18, 16:41:00:736] info: Actually downloading https://redirector.gvt1.com/edgedl/chrome/dict/ja-jp-3-0.bdic
[05/09/18, 16:41:00:923] info: Loading dictionary for language ja-JP
[05/09/18, 16:41:00:923] info: Returning local copy: /home/nitoli/.config/Slack/dictionaries/ja-JP.bdic
[05/09/18, 16:41:00:927] info: Failed to read file /home/nitoli/.config/Slack/dictionaries/ja-JP.bdic: File exists but is most likely bogus
[05/09/18, 16:41:00:928] info: Actually downloading https://redirector.gvt1.com/edgedl/chrome/dict/ja-jp-3-0.bdic
[05/09/18, 16:41:01:055] info: dictionary for ja-JP_ja-JP is not available
[05/09/18, 16:41:07:684] info: Unloading spellchecker
[05/09/18, 16:41:07:687] info: Unloading spellchecker
[05/09/18, 16:43:32:859] info: Restoring spellchecker
[05/09/18, 16:43:32:860] info: Requesting to load ja-JP, alternatives are ["ja-JP","ja-JP","ja-JP"]
[05/09/18, 16:43:32:861] info: Loading dictionary for language ja-JP
[05/09/18, 16:43:32:861] info: Returning local copy: /home/nitoli/.config/Slack/dictionaries/ja-JP.bdic
[05/09/18, 16:43:32:906] info: Failed to read file /home/nitoli/.config/Slack/dictionaries/ja-JP.bdic: File exists but is most likely bogus
[05/09/18, 16:43:32:907] info: Actually downloading https://redirector.gvt1.com/edgedl/chrome/dict/ja-jp-3-0.bdic
[05/09/18, 16:43:33:394] info: Loading dictionary for language ja-JP
[05/09/18, 16:43:33:395] info: Returning local copy: /home/nitoli/.config/Slack/dictionaries/ja-JP.bdic
[05/09/18, 16:43:33:397] info: Failed to read file /home/nitoli/.config/Slack/dictionaries/ja-JP.bdic: File exists but is most likely bogus
[05/09/18, 16:43:33:400] info: Actually downloading https://redirector.gvt1.com/edgedl/chrome/dict/ja-jp-3-0.bdic
[05/09/18, 16:43:33:550] info: Loading dictionary for language ja-JP
[05/09/18, 16:43:33:551] info: Returning local copy: /home/nitoli/.config/Slack/dictionaries/ja-JP.bdic
[05/09/18, 16:43:33:553] info: Failed to read file /home/nitoli/.config/Slack/dictionaries/ja-JP.bdic: File exists but is most likely bogus
[05/09/18, 16:43:33:554] info: Actually downloading https://redirector.gvt1.com/edgedl/chrome/dict/ja-jp-3-0.bdic
[05/09/18, 16:43:33:700] info: dictionary for ja-JP_ja-JP is not available
[05/09/18, 16:43:48:414] info: Unloading spellchecker
[05/09/18, 16:43:48:420] info: Unloading spellchecker
[05/09/18, 16:47:25:403] info: Restoring spellchecker
[05/09/18, 16:47:25:404] info: Requesting to load ja-JP, alternatives are ["ja-JP","ja-JP","ja-JP"]
[05/09/18, 16:47:25:405] info: Loading dictionary for language ja-JP
[05/09/18, 16:47:25:405] info: Returning local copy: /home/nitoli/.config/Slack/dictionaries/ja-JP.bdic
[05/09/18, 16:47:25:444] info: Failed to read file /home/nitoli/.config/Slack/dictionaries/ja-JP.bdic: File exists but is most likely bogus
[05/09/18, 16:47:25:444] info: Actually downloading https://redirector.gvt1.com/edgedl/chrome/dict/ja-jp-3-0.bdic
[05/09/18, 16:47:25:899] info: Loading dictionary for language ja-JP
[05/09/18, 16:47:25:900] info: Returning local copy: /home/nitoli/.config/Slack/dictionaries/ja-JP.bdic
[05/09/18, 16:47:25:902] info: Failed to read file /home/nitoli/.config/Slack/dictionaries/ja-JP.bdic: File exists but is most likely bogus
[05/09/18, 16:47:25:903] info: Actually downloading https://redirector.gvt1.com/edgedl/chrome/dict/ja-jp-3-0.bdic
[05/09/18, 16:47:26:049] info: Loading dictionary for language ja-JP
[05/09/18, 16:47:26:050] info: Returning local copy: /home/nitoli/.config/Slack/dictionaries/ja-JP.bdic
[05/09/18, 16:47:26:052] info: Failed to read file /home/nitoli/.config/Slack/dictionaries/ja-JP.bdic: File exists but is most likely bogus
[05/09/18, 16:47:26:053] info: Actually downloading https://redirector.gvt1.com/edgedl/chrome/dict/ja-jp-3-0.bdic
[05/09/18, 16:47:26:189] info: dictionary for ja-JP_ja-JP is not available
[05/09/18, 23:47:53:746] info: ╔════════════════════════════════════════════════════════════════════════════╗
[05/09/18, 23:47:53:747] info: ║      Slack 3.1.1, linux 4.16.7-1-zen on x64 at 05/09/18, 23:47:53:742      ║
[05/09/18, 23:47:53:747] info: ╚════════════════════════════════════════════════════════════════════════════╝
[05/09/18, 23:47:54:081] info: Initializing local storage instance at path: /home/nitoli/.config/Slack/local-settings.json
[05/09/18, 23:47:55:115] error: Calls failed to load, bailing
[05/09/18, 23:47:55:118] info: cld3::loadModule: loading cld3 module
[05/09/18, 23:47:55:166] info: cld3Loader::loadModule: running environment is NODE
[05/09/18, 23:47:55:166] info: cld3Loader::loadModule: constructed module object for runtime
[05/09/18, 23:47:55:768] info: cld3Loader::initializeRuntime: successfully initialized module
[05/09/18, 23:47:55:769] info: cld3Loader::loadModule: initialized wasm binary Runtime
[05/09/18, 23:47:55:790] warn: updateSpellcheckerLanguage: Tried to update language, but spellchecker not initialized
[05/09/18, 23:47:55:791] info: SSBIntegration: Main window preload script loaded 2850.574639
[05/09/18, 23:47:55:868] info: Store: UPSERT_WEB_CONTENTS
{
  "id": 7,
  "state": "loaded",
  "teamId": "T0GFBAM8C"
}
[05/09/18, 23:47:55:933] info: Store: UPSERT_WEB_CONTENTS
{
  "id": 7,
  "state": "empty-page",
  "teamId": "T0GFBAM8C"
}
[05/09/18, 23:47:55:950] info: Store: UPSERT_WEB_CONTENTS
{
  "id": 7,
  "state": "page-will-navigate",
  "teamId": "T0GFBAM8C"
}
[05/09/18, 23:47:55:953] info: Window is unloading, winssb is no longer accessible
[05/09/18, 23:47:56:012] info: Store: UPSERT_WEB_CONTENTS
{
  "id": 5,
  "state": "loaded",
  "teamId": "T4HEMM0UR"
}
[05/09/18, 23:47:56:033] info: Store: UPSERT_WEB_CONTENTS
{
  "id": 5,
  "state": "empty-page",
  "teamId": "T4HEMM0UR"
}
[05/09/18, 23:47:56:057] info: Store: UPSERT_WEB_CONTENTS
{
  "id": 5,
  "state": "page-will-navigate",
  "teamId": "T4HEMM0UR"
}
[05/09/18, 23:47:56:076] info: Store: UPSERT_WEB_CONTENTS
{
  "id": 4,
  "state": "loaded",
  "teamId": "T5YEC6G73"
}
[05/09/18, 23:47:56:084] info: Store: UPSERT_WEB_CONTENTS
{
  "id": 3,
  "state": "loaded",
  "teamId": "T02R0MMHK"
}
[05/09/18, 23:47:56:096] info: Store: UPSERT_WEB_CONTENTS
{
  "id": 4,
  "state": "empty-page",
  "teamId": "T5YEC6G73"
}
[05/09/18, 23:47:56:101] info: Store: UPSERT_WEB_CONTENTS
{
  "id": 4,
  "state": "page-will-navigate",
  "teamId": "T5YEC6G73"
}
[05/09/18, 23:47:56:111] info: Store: UPSERT_WEB_CONTENTS
{
  "id": 3,
  "state": "empty-page",
  "teamId": "T02R0MMHK"
}
[05/09/18, 23:47:56:123] info: Store: UPSERT_WEB_CONTENTS
{
  "id": 3,
  "state": "page-will-navigate",
  "teamId": "T02R0MMHK"
}
[05/09/18, 23:47:56:145] info: Store: UPSERT_WEB_CONTENTS
{
  "id": 6,
  "state": "loaded",
  "teamId": "T5LFW0CUB"
}
[05/09/18, 23:47:56:176] info: Store: UPSERT_WEB_CONTENTS
{
  "id": 6,
  "state": "empty-page",
  "teamId": "T5LFW0CUB"
}
[05/09/18, 23:47:56:190] info: Store: UPSERT_WEB_CONTENTS
{
  "id": 6,
  "state": "page-will-navigate",
  "teamId": "T5LFW0CUB"
}
[05/09/18, 23:47:56:220] info: Store: SET_NETWORK_STATUS offline
[05/09/18, 23:47:56:654] info: Store: UPDATE_SESSION_STATUS
{
  "hasValidSession": true,
  "teamId": "T0GFBAM8C"
}
[05/09/18, 23:47:56:663] info: Store: UPDATE_SESSION_STATUS
{
  "hasValidSession": true,
  "teamId": "T4HEMM0UR"
}
[05/09/18, 23:47:56:730] info: Store: UPDATE_SESSION_STATUS
{
  "hasValidSession": true,
  "teamId": "T5LFW0CUB"
}
[05/09/18, 23:47:56:736] info: Store: UPDATE_SESSION_STATUS
{
  "hasValidSession": true,
  "teamId": "T02R0MMHK"
}
[05/09/18, 23:47:56:748] info: Store: UPDATE_SESSION_STATUS
{
  "hasValidSession": true,
  "teamId": "T5YEC6G73"
}
[05/09/18, 23:47:56:926] info: Store: SET_NETWORK_STATUS online
[05/09/18, 23:47:56:940] info: Store: MAIN_WINDOW_SHOWN
[05/10/18, 16:42:23:214] info: ╔════════════════════════════════════════════════════════════════════════════╗
[05/10/18, 16:42:23:215] info: ║      Slack 3.1.1, linux 4.16.7-1-zen on x64 at 05/10/18, 16:42:23:210      ║
[05/10/18, 16:42:23:215] info: ╚════════════════════════════════════════════════════════════════════════════╝
[05/10/18, 16:42:23:459] info: Initializing local storage instance at path: /home/nitoli/.config/Slack/local-settings.json
[05/10/18, 16:42:24:326] error: Calls failed to load, bailing
[05/10/18, 16:42:24:328] info: cld3::loadModule: loading cld3 module
[05/10/18, 16:42:24:402] info: cld3Loader::loadModule: running environment is NODE
[05/10/18, 16:42:24:402] info: cld3Loader::loadModule: constructed module object for runtime
[05/10/18, 16:42:25:136] info: cld3Loader::initializeRuntime: successfully initialized module
[05/10/18, 16:42:25:137] info: cld3Loader::loadModule: initialized wasm binary Runtime
[05/10/18, 16:42:25:144] warn: updateSpellcheckerLanguage: Tried to update language, but spellchecker not initialized
[05/10/18, 16:42:25:145] info: SSBIntegration: Main window preload script loaded 2743.215025
[05/10/18, 16:42:25:172] info: Store: UPSERT_WEB_CONTENTS
{
  "id": 4,
  "state": "loaded",
  "teamId": "T02R0MMHK"
}
[05/10/18, 16:42:25:173] info: Store: UPSERT_WEB_CONTENTS
{
  "id": 4,
  "state": "empty-page",
  "teamId": "T02R0MMHK"
}
[05/10/18, 16:42:25:200] info: Store: UPSERT_WEB_CONTENTS
{
  "id": 5,
  "state": "loaded",
  "teamId": "T4HEMM0UR"
}
[05/10/18, 16:42:25:211] info: Store: UPSERT_WEB_CONTENTS
{
  "id": 7,
  "state": "loaded",
  "teamId": "T0GFBAM8C"
}
[05/10/18, 16:42:25:219] info: Store: UPSERT_WEB_CONTENTS
{
  "id": 4,
  "state": "page-will-navigate",
  "teamId": "T02R0MMHK"
}
[05/10/18, 16:42:25:226] info: Store: UPSERT_WEB_CONTENTS
{
  "id": 5,
  "state": "empty-page",
  "teamId": "T4HEMM0UR"
}
[05/10/18, 16:42:25:229] info: Store: UPSERT_WEB_CONTENTS
{
  "id": 7,
  "state": "empty-page",
  "teamId": "T0GFBAM8C"
}
[05/10/18, 16:42:25:238] info: Store: UPSERT_WEB_CONTENTS
{
  "id": 5,
  "state": "page-will-navigate",
  "teamId": "T4HEMM0UR"
}
[05/10/18, 16:42:25:254] info: Store: UPSERT_WEB_CONTENTS
{
  "id": 7,
  "state": "page-will-navigate",
  "teamId": "T0GFBAM8C"
}
[05/10/18, 16:42:25:260] info: Window is unloading, winssb is no longer accessible
[05/10/18, 16:42:25:265] info: Store: UPSERT_WEB_CONTENTS
{
  "id": 3,
  "state": "loaded",
  "teamId": "T5YEC6G73"
}
[05/10/18, 16:42:25:292] info: Store: UPSERT_WEB_CONTENTS
{
  "id": 6,
  "state": "loaded",
  "teamId": "T5LFW0CUB"
}
[05/10/18, 16:42:25:327] info: Store: UPSERT_WEB_CONTENTS
{
  "id": 3,
  "state": "empty-page",
  "teamId": "T5YEC6G73"
}
[05/10/18, 16:42:25:331] info: Store: UPSERT_WEB_CONTENTS
{
  "id": 3,
  "state": "page-will-navigate",
  "teamId": "T5YEC6G73"
}
[05/10/18, 16:42:25:362] info: Store: UPSERT_WEB_CONTENTS
{
  "id": 6,
  "state": "empty-page",
  "teamId": "T5LFW0CUB"
}
[05/10/18, 16:42:25:381] info: Store: UPSERT_WEB_CONTENTS
{
  "id": 6,
  "state": "page-will-navigate",
  "teamId": "T5LFW0CUB"
}
[05/10/18, 23:19:31:162] info: ╔════════════════════════════════════════════════════════════════════════════╗
[05/10/18, 23:19:31:163] info: ║      Slack 3.1.1, linux 4.16.7-1-zen on x64 at 05/10/18, 23:19:31:143      ║
[05/10/18, 23:19:31:163] info: ╚════════════════════════════════════════════════════════════════════════════╝
[05/10/18, 23:19:31:491] info: Initializing local storage instance at path: /home/nitoli/.config/Slack/local-settings.json
[05/10/18, 23:19:32:409] error: Calls failed to load, bailing
[05/10/18, 23:19:32:415] info: cld3::loadModule: loading cld3 module
[05/10/18, 23:19:32:514] info: cld3Loader::loadModule: running environment is NODE
[05/10/18, 23:19:32:514] info: cld3Loader::loadModule: constructed module object for runtime
[05/10/18, 23:19:33:293] info: cld3Loader::initializeRuntime: successfully initialized module
[05/10/18, 23:19:33:293] info: cld3Loader::loadModule: initialized wasm binary Runtime
[05/10/18, 23:19:33:303] warn: updateSpellcheckerLanguage: Tried to update language, but spellchecker not initialized
[05/10/18, 23:19:33:304] info: SSBIntegration: Main window preload script loaded 3073.18718
[05/10/18, 23:19:33:322] info: Store: UPSERT_WEB_CONTENTS
{
  "id": 5,
  "state": "loaded",
  "teamId": "T4HEMM0UR"
}
[05/10/18, 23:19:33:329] info: Store: UPSERT_WEB_CONTENTS
{
  "id": 5,
  "state": "empty-page",
  "teamId": "T4HEMM0UR"
}
[05/10/18, 23:19:33:329] info: Store: UPSERT_WEB_CONTENTS
{
  "id": 4,
  "state": "loaded",
  "teamId": "T02R0MMHK"
}
[05/10/18, 23:19:33:330] info: Store: UPSERT_WEB_CONTENTS
{
  "id": 5,
  "state": "page-will-navigate",
  "teamId": "T4HEMM0UR"
}
[05/10/18, 23:19:33:330] info: Store: UPSERT_WEB_CONTENTS
{
  "id": 4,
  "state": "empty-page",
  "teamId": "T02R0MMHK"
}
[05/10/18, 23:19:33:330] info: Store: UPSERT_WEB_CONTENTS
{
  "id": 4,
  "state": "page-will-navigate",
  "teamId": "T02R0MMHK"
}
[05/10/18, 23:19:33:330] info: Store: UPSERT_WEB_CONTENTS
{
  "id": 6,
  "state": "loaded",
  "teamId": "T5LFW0CUB"
}
[05/10/18, 23:19:33:331] info: Store: UPSERT_WEB_CONTENTS
{
  "id": 7,
  "state": "loaded",
  "teamId": "T0GFBAM8C"
}
[05/10/18, 23:19:33:345] info: Store: UPSERT_WEB_CONTENTS
{
  "id": 7,
  "state": "empty-page",
  "teamId": "T0GFBAM8C"
}
[05/10/18, 23:19:33:370] info: Store: UPSERT_WEB_CONTENTS
{
  "id": 6,
  "state": "empty-page",
  "teamId": "T5LFW0CUB"
}
[05/10/18, 23:19:33:371] info: Store: UPSERT_WEB_CONTENTS
{
  "id": 7,
  "state": "page-will-navigate",
  "teamId": "T0GFBAM8C"
}
[05/10/18, 23:19:33:375] info: Window is unloading, winssb is no longer accessible
[05/10/18, 23:19:33:379] info: Store: UPSERT_WEB_CONTENTS
{
  "id": 6,
  "state": "page-will-navigate",
  "teamId": "T5LFW0CUB"
}
[05/10/18, 23:19:33:464] info: Store: UPSERT_WEB_CONTENTS
{
  "id": 3,
  "state": "loaded",
  "teamId": "T5YEC6G73"
}
[05/10/18, 23:19:33:491] info: Store: UPSERT_WEB_CONTENTS
{
  "id": 3,
  "state": "empty-page",
  "teamId": "T5YEC6G73"
}
[05/10/18, 23:19:33:498] info: Store: UPSERT_WEB_CONTENTS
{
  "id": 3,
  "state": "page-will-navigate",
  "teamId": "T5YEC6G73"
}
[05/10/18, 23:19:33:524] info: Store: SET_NETWORK_STATUS offline
[05/10/18, 23:19:33:987] info: Store: UPDATE_SESSION_STATUS
{
  "hasValidSession": true,
  "teamId": "T4HEMM0UR"
}
[05/10/18, 23:19:33:999] info: Store: UPDATE_SESSION_STATUS
{
  "hasValidSession": true,
  "teamId": "T5LFW0CUB"
}
[05/10/18, 23:19:34:001] info: Store: UPDATE_SESSION_STATUS
{
  "hasValidSession": true,
  "teamId": "T0GFBAM8C"
}
[05/10/18, 23:19:34:012] info: Store: UPDATE_SESSION_STATUS
{
  "hasValidSession": true,
  "teamId": "T02R0MMHK"
}
[05/10/18, 23:19:34:014] info: Store: UPDATE_SESSION_STATUS
{
  "hasValidSession": true,
  "teamId": "T5YEC6G73"
}
[05/10/18, 23:19:34:256] info: Store: SET_NETWORK_STATUS online
[05/10/18, 23:19:34:268] info: Store: MAIN_WINDOW_SHOWN
