[05/07/18, 17:37:32:902] info: ╔════════════════════════════════════════════════════════════════════════════╗
[05/07/18, 17:37:32:913] info: ║      Slack 3.1.1, linux 4.16.6-1-zen on x64 at 05/07/18, 17:37:32:892      ║
[05/07/18, 17:37:32:913] info: ╚════════════════════════════════════════════════════════════════════════════╝
[05/07/18, 17:37:33:077] info: Initializing local storage instance at path: /home/nitoli/.config/Slack/local-settings.json
[05/07/18, 17:37:34:085] error: Calls failed to load, bailing
[05/07/18, 17:37:34:100] info: cld3::loadModule: loading cld3 module
[05/07/18, 17:37:34:185] info: cld3Loader::loadModule: running environment is NODE
[05/07/18, 17:37:34:185] info: cld3Loader::loadModule: constructed module object for runtime
[05/07/18, 17:37:34:825] info: cld3Loader::initializeRuntime: successfully initialized module
[05/07/18, 17:37:34:825] info: cld3Loader::loadModule: initialized wasm binary Runtime
[05/07/18, 17:37:34:855] warn: updateSpellcheckerLanguage: Tried to update language, but spellchecker not initialized
[05/07/18, 17:37:34:857] info: SSBIntegration: Main window preload script loaded 2879.489399
[05/07/18, 17:37:34:886] info: Store: UPSERT_WEB_CONTENTS
{
  "id": 4,
  "state": "loaded",
  "teamId": "T02R0MMHK"
}
[05/07/18, 17:37:34:888] info: Store: UPSERT_WEB_CONTENTS
{
  "id": 4,
  "state": "empty-page",
  "teamId": "T02R0MMHK"
}
[05/07/18, 17:37:34:889] info: Store: UPSERT_WEB_CONTENTS
{
  "id": 4,
  "state": "page-will-navigate",
  "teamId": "T02R0MMHK"
}
[05/07/18, 17:37:34:899] info: Store: UPSERT_WEB_CONTENTS
{
  "id": 7,
  "state": "loaded",
  "teamId": "T0GFBAM8C"
}
[05/07/18, 17:37:34:900] info: Store: UPSERT_WEB_CONTENTS
{
  "id": 7,
  "state": "empty-page",
  "teamId": "T0GFBAM8C"
}
[05/07/18, 17:37:34:900] info: Store: UPSERT_WEB_CONTENTS
{
  "id": 7,
  "state": "page-will-navigate",
  "teamId": "T0GFBAM8C"
}
[05/07/18, 17:37:34:903] info: Store: UPSERT_WEB_CONTENTS
{
  "id": 5,
  "state": "loaded",
  "teamId": "T4HEMM0UR"
}
[05/07/18, 17:37:34:924] info: Store: UPSERT_WEB_CONTENTS
{
  "id": 6,
  "state": "loaded",
  "teamId": "T5LFW0CUB"
}
[05/07/18, 17:37:34:927] info: Store: UPSERT_WEB_CONTENTS
{
  "id": 5,
  "state": "empty-page",
  "teamId": "T4HEMM0UR"
}
[05/07/18, 17:37:34:931] info: Store: UPSERT_WEB_CONTENTS
{
  "id": 6,
  "state": "empty-page",
  "teamId": "T5LFW0CUB"
}
[05/07/18, 17:37:34:945] info: Store: UPSERT_WEB_CONTENTS
{
  "id": 5,
  "state": "page-will-navigate",
  "teamId": "T4HEMM0UR"
}
[05/07/18, 17:37:34:957] info: Window is unloading, winssb is no longer accessible
[05/07/18, 17:37:34:960] info: Store: UPSERT_WEB_CONTENTS
{
  "id": 6,
  "state": "page-will-navigate",
  "teamId": "T5LFW0CUB"
}
[05/07/18, 17:37:35:071] info: Store: UPSERT_WEB_CONTENTS
{
  "id": 3,
  "state": "loaded",
  "teamId": "T5YEC6G73"
}
[05/07/18, 17:37:35:101] info: Store: UPSERT_WEB_CONTENTS
{
  "id": 3,
  "state": "empty-page",
  "teamId": "T5YEC6G73"
}
[05/07/18, 17:37:35:105] info: Store: UPSERT_WEB_CONTENTS
{
  "id": 3,
  "state": "page-will-navigate",
  "teamId": "T5YEC6G73"
}
[05/07/18, 17:37:35:292] info: Store: SET_NETWORK_STATUS offline
[05/07/18, 17:37:35:772] info: Store: UPDATE_SESSION_STATUS
{
  "hasValidSession": true,
  "teamId": "T4HEMM0UR"
}
[05/07/18, 17:37:35:795] info: Store: UPDATE_SESSION_STATUS
{
  "hasValidSession": true,
  "teamId": "T5LFW0CUB"
}
[05/07/18, 17:37:35:799] info: Store: UPDATE_SESSION_STATUS
{
  "hasValidSession": true,
  "teamId": "T5YEC6G73"
}
[05/07/18, 17:37:35:801] info: Store: UPDATE_SESSION_STATUS
{
  "hasValidSession": true,
  "teamId": "T02R0MMHK"
}
[05/07/18, 17:37:35:801] info: Store: UPDATE_SESSION_STATUS
{
  "hasValidSession": true,
  "teamId": "T0GFBAM8C"
}
