[05/07/18, 19:59:08:376] info: ╔════════════════════════════════════════════════════════════════════════════╗
[05/07/18, 19:59:08:377] info: ║      Slack 3.1.1, linux 4.16.6-1-zen on x64 at 05/07/18, 19:59:08:365      ║
[05/07/18, 19:59:08:377] info: ╚════════════════════════════════════════════════════════════════════════════╝
[05/07/18, 19:59:08:617] info: Initializing local storage instance at path: /home/nitoli/.config/Slack/local-settings.json
[05/07/18, 19:59:09:327] error: Calls failed to load, bailing
[05/07/18, 19:59:09:332] info: cld3::loadModule: loading cld3 module
[05/07/18, 19:59:09:392] info: cld3Loader::loadModule: running environment is NODE
[05/07/18, 19:59:09:396] info: cld3Loader::loadModule: constructed module object for runtime
[05/07/18, 19:59:10:052] info: cld3Loader::initializeRuntime: successfully initialized module
[05/07/18, 19:59:10:052] info: cld3Loader::loadModule: initialized wasm binary Runtime
[05/07/18, 19:59:10:057] warn: updateSpellcheckerLanguage: Tried to update language, but spellchecker not initialized
[05/07/18, 19:59:10:058] info: SSBIntegration: Main window preload script loaded 2453.514942
[05/07/18, 19:59:10:075] info: Store: SET_NETWORK_STATUS online
[05/07/18, 19:59:10:078] info: Store: UPSERT_WEB_CONTENTS
{
  "id": 4,
  "state": "loaded",
  "teamId": "T02R0MMHK"
}
[05/07/18, 19:59:10:078] info: Store: UPSERT_WEB_CONTENTS
{
  "id": 4,
  "state": "empty-page",
  "teamId": "T02R0MMHK"
}
[05/07/18, 19:59:10:079] info: Store: UPSERT_WEB_CONTENTS
{
  "id": 4,
  "state": "page-will-navigate",
  "teamId": "T02R0MMHK"
}
[05/07/18, 19:59:10:079] info: Store: UPSERT_WEB_CONTENTS
{
  "id": 6,
  "state": "loaded",
  "teamId": "T5LFW0CUB"
}
[05/07/18, 19:59:10:080] info: Store: UPSERT_WEB_CONTENTS
{
  "id": 6,
  "state": "empty-page",
  "teamId": "T5LFW0CUB"
}
[05/07/18, 19:59:10:089] info: Store: UPSERT_WEB_CONTENTS
{
  "id": 6,
  "state": "page-will-navigate",
  "teamId": "T5LFW0CUB"
}
[05/07/18, 19:59:10:095] info: Store: UPSERT_WEB_CONTENTS
{
  "id": 7,
  "state": "loaded",
  "teamId": "T0GFBAM8C"
}
[05/07/18, 19:59:10:103] info: Store: UPSERT_WEB_CONTENTS
{
  "id": 7,
  "state": "empty-page",
  "teamId": "T0GFBAM8C"
}
[05/07/18, 19:59:10:110] info: Store: UPSERT_WEB_CONTENTS
{
  "id": 7,
  "state": "page-will-navigate",
  "teamId": "T0GFBAM8C"
}
[05/07/18, 19:59:10:111] info: Window is unloading, winssb is no longer accessible
[05/07/18, 19:59:10:294] info: Store: UPDATE_SESSION_STATUS
{
  "hasValidSession": true,
  "teamId": "T02R0MMHK"
}
[05/07/18, 19:59:10:386] info: Store: UPDATE_SESSION_STATUS
{
  "hasValidSession": true,
  "teamId": "T5LFW0CUB"
}
[05/07/18, 19:59:10:448] info: Store: UPSERT_WEB_CONTENTS
{
  "id": 3,
  "state": "loaded",
  "teamId": "T5YEC6G73"
}
[05/07/18, 19:59:10:455] info: Store: MAIN_WINDOW_SHOWN
[05/07/18, 19:59:10:510] info: Store: UPSERT_WEB_CONTENTS
{
  "id": 3,
  "state": "empty-page",
  "teamId": "T5YEC6G73"
}
[05/07/18, 19:59:10:518] info: Store: UPDATE_SESSION_STATUS
{
  "hasValidSession": true,
  "teamId": "T0GFBAM8C"
}
[05/07/18, 19:59:10:538] info: Store: UPSERT_WEB_CONTENTS
{
  "id": 3,
  "state": "page-will-navigate",
  "teamId": "T5YEC6G73"
}
[05/07/18, 19:59:10:542] info: Store: UPSERT_WEB_CONTENTS
{
  "id": 5,
  "state": "loaded",
  "teamId": "T4HEMM0UR"
}
[05/07/18, 19:59:10:558] info: Store: UPSERT_WEB_CONTENTS
{
  "id": 5,
  "state": "empty-page",
  "teamId": "T4HEMM0UR"
}
[05/07/18, 19:59:10:576] info: Store: UPSERT_WEB_CONTENTS
{
  "id": 5,
  "state": "page-will-navigate",
  "teamId": "T4HEMM0UR"
}
[05/07/18, 19:59:10:858] info: Store: UPDATE_SESSION_STATUS
{
  "hasValidSession": true,
  "teamId": "T5YEC6G73"
}
[05/07/18, 19:59:10:906] info: Store: UPDATE_SESSION_STATUS
{
  "hasValidSession": true,
  "teamId": "T4HEMM0UR"
}
