[04/26/18, 22:59:45:387] info: ╔════════════════════════════════════════════════════════════════════════════╗
[04/26/18, 22:59:45:393] info: ║      Slack 3.1.1, linux 4.16.3-1-zen on x64 at 04/26/18, 22:59:45:375      ║
[04/26/18, 22:59:45:393] info: ╚════════════════════════════════════════════════════════════════════════════╝
[04/26/18, 22:59:45:711] info: Initializing local storage instance at path: /home/nitoli/.config/Slack/local-settings.json
[04/26/18, 22:59:46:827] info: Store: UPSERT_WEB_CONTENTS
{
  "id": 4,
  "state": "loaded",
  "teamId": "T02R0MMHK"
}
[04/26/18, 22:59:46:864] info: Store: UPSERT_WEB_CONTENTS
{
  "id": 4,
  "state": "empty-page",
  "teamId": "T02R0MMHK"
}
[04/26/18, 22:59:46:867] info: Store: UPSERT_WEB_CONTENTS
{
  "id": 4,
  "state": "page-will-navigate",
  "teamId": "T02R0MMHK"
}
[04/26/18, 22:59:47:069] info: Store: UPSERT_WEB_CONTENTS
{
  "id": 5,
  "state": "loaded",
  "teamId": "T4HEMM0UR"
}
[04/26/18, 22:59:47:095] info: Store: UPSERT_WEB_CONTENTS
{
  "id": 5,
  "state": "empty-page",
  "teamId": "T4HEMM0UR"
}
[04/26/18, 22:59:47:121] info: Store: UPSERT_WEB_CONTENTS
{
  "id": 5,
  "state": "page-will-navigate",
  "teamId": "T4HEMM0UR"
}
[04/26/18, 22:59:47:232] info: Store: SET_NETWORK_STATUS offline
[04/26/18, 22:59:47:247] info: Store: UPSERT_WEB_CONTENTS
{
  "id": 3,
  "state": "loaded",
  "teamId": "T5YEC6G73"
}
[04/26/18, 22:59:47:300] info: Store: UPSERT_WEB_CONTENTS
{
  "id": 3,
  "state": "empty-page",
  "teamId": "T5YEC6G73"
}
[04/26/18, 22:59:47:684] info: Store: UPDATE_SESSION_STATUS
{
  "hasValidSession": true,
  "teamId": "T02R0MMHK"
}
[04/26/18, 22:59:47:692] info: Store: UPDATE_SESSION_STATUS
{
  "hasValidSession": true,
  "teamId": "T4HEMM0UR"
}
[04/26/18, 22:59:47:707] info: Store: UPDATE_SESSION_STATUS
{
  "hasValidSession": true,
  "teamId": "T5YEC6G73"
}
[04/26/18, 22:59:47:989] info: Store: SET_NETWORK_STATUS online
[04/26/18, 22:59:47:995] info: Store: MAIN_WINDOW_SHOWN
[05/11/18, 09:26:46:291] info: ╔════════════════════════════════════════════════════════════════════════════╗
[05/11/18, 09:26:46:292] info: ║      Slack 3.1.1, linux 4.16.7-1-zen on x64 at 05/11/18, 09:26:46:287      ║
[05/11/18, 09:26:46:292] info: ╚════════════════════════════════════════════════════════════════════════════╝
[05/11/18, 09:26:46:545] info: Initializing local storage instance at path: /home/nitoli/.config/Slack/local-settings.json
[05/11/18, 09:26:47:462] error: Calls failed to load, bailing
[05/11/18, 09:26:47:465] info: cld3::loadModule: loading cld3 module
[05/11/18, 09:26:47:524] info: cld3Loader::loadModule: running environment is NODE
[05/11/18, 09:26:47:524] info: cld3Loader::loadModule: constructed module object for runtime
[05/11/18, 09:26:48:021] info: cld3Loader::initializeRuntime: successfully initialized module
[05/11/18, 09:26:48:021] info: cld3Loader::loadModule: initialized wasm binary Runtime
[05/11/18, 09:26:48:029] warn: updateSpellcheckerLanguage: Tried to update language, but spellchecker not initialized
[05/11/18, 09:26:48:030] info: SSBIntegration: Main window preload script loaded 2461.836553
[05/11/18, 09:26:48:074] info: Store: UPSERT_WEB_CONTENTS
{
  "id": 3,
  "state": "loaded",
  "teamId": "T02R0MMHK"
}
[05/11/18, 09:26:48:103] info: Store: UPSERT_WEB_CONTENTS
{
  "id": 3,
  "state": "empty-page",
  "teamId": "T02R0MMHK"
}
[05/11/18, 09:26:48:112] info: Store: UPSERT_WEB_CONTENTS
{
  "id": 3,
  "state": "page-will-navigate",
  "teamId": "T02R0MMHK"
}
[05/11/18, 09:26:48:128] info: Window is unloading, winssb is no longer accessible
[05/11/18, 09:26:48:260] info: Store: UPSERT_WEB_CONTENTS
{
  "id": 4,
  "state": "loaded",
  "teamId": "T5YEC6G73"
}
[05/11/18, 20:10:40:247] info: ╔════════════════════════════════════════════════════════════════════════════╗
[05/11/18, 20:10:40:252] info: ║      Slack 3.1.1, linux 4.16.7-1-zen on x64 at 05/11/18, 20:10:40:236      ║
[05/11/18, 20:10:40:256] info: ╚════════════════════════════════════════════════════════════════════════════╝
[05/11/18, 20:10:40:555] info: Initializing local storage instance at path: /home/nitoli/.config/Slack/local-settings.json
[05/11/18, 20:10:41:794] error: Calls failed to load, bailing
[05/11/18, 20:10:41:801] info: cld3::loadModule: loading cld3 module
[05/11/18, 20:10:41:881] info: cld3Loader::loadModule: running environment is NODE
[05/11/18, 20:10:41:881] info: cld3Loader::loadModule: constructed module object for runtime
[05/11/18, 20:10:43:017] info: cld3Loader::initializeRuntime: successfully initialized module
[05/11/18, 20:10:43:018] info: cld3Loader::loadModule: initialized wasm binary Runtime
[05/11/18, 20:10:43:044] warn: updateSpellcheckerLanguage: Tried to update language, but spellchecker not initialized
[05/11/18, 20:10:43:046] info: SSBIntegration: Main window preload script loaded 3953.573269
[05/11/18, 20:10:43:084] info: Store: UPSERT_WEB_CONTENTS
{
  "id": 7,
  "state": "loaded",
  "teamId": "T0GFBAM8C"
}
[05/11/18, 20:10:43:092] info: Store: UPSERT_WEB_CONTENTS
{
  "id": 6,
  "state": "loaded",
  "teamId": "T5LFW0CUB"
}
[05/11/18, 20:10:43:096] info: Store: UPSERT_WEB_CONTENTS
{
  "id": 7,
  "state": "empty-page",
  "teamId": "T0GFBAM8C"
}
[05/11/18, 20:10:43:097] info: Store: UPSERT_WEB_CONTENTS
{
  "id": 4,
  "state": "loaded",
  "teamId": "T5YEC6G73"
}
[05/11/18, 20:10:43:097] info: Store: UPSERT_WEB_CONTENTS
{
  "id": 7,
  "state": "page-will-navigate",
  "teamId": "T0GFBAM8C"
}
[05/11/18, 20:10:43:098] info: Store: UPSERT_WEB_CONTENTS
{
  "id": 6,
  "state": "empty-page",
  "teamId": "T5LFW0CUB"
}
[05/11/18, 20:10:43:099] info: Store: UPSERT_WEB_CONTENTS
{
  "id": 6,
  "state": "page-will-navigate",
  "teamId": "T5LFW0CUB"
}
[05/11/18, 20:10:43:099] info: Store: UPSERT_WEB_CONTENTS
{
  "id": 3,
  "state": "loaded",
  "teamId": "T02R0MMHK"
}
[05/11/18, 20:10:43:100] info: Store: UPSERT_WEB_CONTENTS
{
  "id": 4,
  "state": "empty-page",
  "teamId": "T5YEC6G73"
}
[05/11/18, 20:10:43:100] info: Store: UPSERT_WEB_CONTENTS
{
  "id": 4,
  "state": "page-will-navigate",
  "teamId": "T5YEC6G73"
}
[05/11/18, 20:10:43:102] info: Store: UPSERT_WEB_CONTENTS
{
  "id": 3,
  "state": "empty-page",
  "teamId": "T02R0MMHK"
}
[05/11/18, 20:10:43:107] info: Store: UPSERT_WEB_CONTENTS
{
  "id": 5,
  "state": "loaded",
  "teamId": "T4HEMM0UR"
}
[05/11/18, 20:10:43:116] info: Store: UPSERT_WEB_CONTENTS
{
  "id": 3,
  "state": "page-will-navigate",
  "teamId": "T02R0MMHK"
}
[05/11/18, 20:10:43:126] info: Store: UPSERT_WEB_CONTENTS
{
  "id": 5,
  "state": "empty-page",
  "teamId": "T4HEMM0UR"
}
[05/11/18, 20:10:43:138] info: Store: UPSERT_WEB_CONTENTS
{
  "id": 5,
  "state": "page-will-navigate",
  "teamId": "T4HEMM0UR"
}
[05/11/18, 20:10:43:147] info: Window is unloading, winssb is no longer accessible
[05/11/18, 20:10:43:485] info: Store: SET_NETWORK_STATUS offline
[05/11/18, 20:10:43:942] info: Store: UPDATE_SESSION_STATUS
{
  "hasValidSession": true,
  "teamId": "T5LFW0CUB"
}
[05/11/18, 20:10:43:949] info: Store: UPDATE_SESSION_STATUS
{
  "hasValidSession": true,
  "teamId": "T5YEC6G73"
}
[05/11/18, 20:10:43:951] info: Store: UPDATE_SESSION_STATUS
{
  "hasValidSession": true,
  "teamId": "T0GFBAM8C"
}
[05/11/18, 20:10:44:217] info: Store: SET_NETWORK_STATUS online
[05/11/18, 20:10:44:227] info: Store: MAIN_WINDOW_SHOWN
[05/11/18, 20:10:44:762] info: Store: UPDATE_SESSION_STATUS
{
  "hasValidSession": true,
  "teamId": "T02R0MMHK"
}
[05/11/18, 20:10:44:771] info: Store: UPDATE_SESSION_STATUS
{
  "hasValidSession": true,
  "teamId": "T4HEMM0UR"
}
