[05/08/18, 20:52:01:820] info: ╔════════════════════════════════════════════════════════════════════════════╗
[05/08/18, 20:52:01:821] info: ║      Slack 3.1.1, linux 4.16.7-1-zen on x64 at 05/08/18, 20:52:01:811      ║
[05/08/18, 20:52:01:821] info: ╚════════════════════════════════════════════════════════════════════════════╝
[05/08/18, 20:52:01:945] info: Initializing local storage instance at path: /home/nitoli/.config/Slack/local-settings.json
[05/08/18, 20:52:02:691] error: Calls failed to load, bailing
[05/08/18, 20:52:02:694] info: cld3::loadModule: loading cld3 module
[05/08/18, 20:52:02:728] info: cld3Loader::loadModule: running environment is NODE
[05/08/18, 20:52:02:728] info: cld3Loader::loadModule: constructed module object for runtime
[05/08/18, 20:52:03:367] info: cld3Loader::initializeRuntime: successfully initialized module
[05/08/18, 20:52:03:368] info: cld3Loader::loadModule: initialized wasm binary Runtime
[05/08/18, 20:52:03:372] warn: updateSpellcheckerLanguage: Tried to update language, but spellchecker not initialized
[05/08/18, 20:52:03:373] info: SSBIntegration: Main window preload script loaded 2369.723424
[05/08/18, 20:52:03:398] info: Store: UPSERT_WEB_CONTENTS
{
  "id": 7,
  "state": "loaded",
  "teamId": "T0GFBAM8C"
}
[05/08/18, 20:52:03:403] info: Store: UPSERT_WEB_CONTENTS
{
  "id": 7,
  "state": "empty-page",
  "teamId": "T0GFBAM8C"
}
[05/08/18, 20:52:03:404] info: Store: UPSERT_WEB_CONTENTS
{
  "id": 7,
  "state": "page-will-navigate",
  "teamId": "T0GFBAM8C"
}
[05/08/18, 20:52:03:405] info: Store: UPSERT_WEB_CONTENTS
{
  "id": 6,
  "state": "loaded",
  "teamId": "T5LFW0CUB"
}
[05/08/18, 20:52:03:456] info: Store: UPSERT_WEB_CONTENTS
{
  "id": 6,
  "state": "empty-page",
  "teamId": "T5LFW0CUB"
}
[05/08/18, 20:52:03:462] info: Store: UPSERT_WEB_CONTENTS
{
  "id": 4,
  "state": "loaded",
  "teamId": "T5YEC6G73"
}
[05/08/18, 20:52:03:474] info: Store: UPSERT_WEB_CONTENTS
{
  "id": 6,
  "state": "page-will-navigate",
  "teamId": "T5LFW0CUB"
}
[05/08/18, 20:52:03:479] info: Window is unloading, winssb is no longer accessible
[05/08/18, 20:52:03:507] info: Store: UPSERT_WEB_CONTENTS
{
  "id": 4,
  "state": "empty-page",
  "teamId": "T5YEC6G73"
}
[05/08/18, 20:52:03:531] info: Store: UPSERT_WEB_CONTENTS
{
  "id": 4,
  "state": "page-will-navigate",
  "teamId": "T5YEC6G73"
}
