[05/07/18, 17:08:44:537] info: ╔════════════════════════════════════════════════════════════════════════════╗
[05/07/18, 17:08:44:538] info: ║      Slack 3.1.1, linux 4.16.6-1-zen on x64 at 05/07/18, 17:08:44:528      ║
[05/07/18, 17:08:44:538] info: ╚════════════════════════════════════════════════════════════════════════════╝
[05/07/18, 17:08:44:800] info: Initializing local storage instance at path: /home/nitoli/.config/Slack/local-settings.json
[05/07/18, 17:08:45:806] error: Calls failed to load, bailing
[05/07/18, 17:08:45:811] info: cld3::loadModule: loading cld3 module
[05/07/18, 17:08:45:931] info: cld3Loader::loadModule: running environment is NODE
[05/07/18, 17:08:45:931] info: cld3Loader::loadModule: constructed module object for runtime
[05/07/18, 17:08:46:727] info: cld3Loader::initializeRuntime: successfully initialized module
[05/07/18, 17:08:46:727] info: cld3Loader::loadModule: initialized wasm binary Runtime
[05/07/18, 17:08:46:738] warn: updateSpellcheckerLanguage: Tried to update language, but spellchecker not initialized
[05/07/18, 17:08:46:739] info: SSBIntegration: Main window preload script loaded 3036.777627
[05/07/18, 17:08:46:746] info: Store: UPSERT_WEB_CONTENTS
{
  "id": 5,
  "state": "loaded",
  "teamId": "T4HEMM0UR"
}
[05/07/18, 17:08:46:749] info: Store: UPSERT_WEB_CONTENTS
{
  "id": 7,
  "state": "loaded",
  "teamId": "T0GFBAM8C"
}
[05/07/18, 17:08:46:749] info: Store: UPSERT_WEB_CONTENTS
{
  "id": 5,
  "state": "empty-page",
  "teamId": "T4HEMM0UR"
}
[05/07/18, 17:08:46:750] info: Store: UPSERT_WEB_CONTENTS
{
  "id": 5,
  "state": "page-will-navigate",
  "teamId": "T4HEMM0UR"
}
[05/07/18, 17:08:46:750] info: Store: UPSERT_WEB_CONTENTS
{
  "id": 6,
  "state": "loaded",
  "teamId": "T5LFW0CUB"
}
[05/07/18, 17:08:46:751] info: Store: UPSERT_WEB_CONTENTS
{
  "id": 7,
  "state": "empty-page",
  "teamId": "T0GFBAM8C"
}
[05/07/18, 17:08:46:751] info: Store: UPSERT_WEB_CONTENTS
{
  "id": 6,
  "state": "empty-page",
  "teamId": "T5LFW0CUB"
}
[05/07/18, 17:08:46:751] info: Store: UPSERT_WEB_CONTENTS
{
  "id": 7,
  "state": "page-will-navigate",
  "teamId": "T0GFBAM8C"
}
[05/07/18, 17:08:46:752] info: Store: UPSERT_WEB_CONTENTS
{
  "id": 6,
  "state": "page-will-navigate",
  "teamId": "T5LFW0CUB"
}
[05/07/18, 17:08:46:752] info: Store: UPSERT_WEB_CONTENTS
{
  "id": 3,
  "state": "loaded",
  "teamId": "T5YEC6G73"
}
[05/07/18, 17:08:46:752] info: Store: UPSERT_WEB_CONTENTS
{
  "id": 3,
  "state": "empty-page",
  "teamId": "T5YEC6G73"
}
[05/07/18, 17:08:46:753] info: Store: UPSERT_WEB_CONTENTS
{
  "id": 3,
  "state": "page-will-navigate",
  "teamId": "T5YEC6G73"
}
[05/07/18, 17:08:46:759] info: Store: UPSERT_WEB_CONTENTS
{
  "id": 4,
  "state": "loaded",
  "teamId": "T02R0MMHK"
}
[05/07/18, 17:08:46:766] info: Store: UPSERT_WEB_CONTENTS
{
  "id": 4,
  "state": "empty-page",
  "teamId": "T02R0MMHK"
}
[05/07/18, 17:08:46:778] info: Store: UPSERT_WEB_CONTENTS
{
  "id": 4,
  "state": "page-will-navigate",
  "teamId": "T02R0MMHK"
}
[05/07/18, 17:08:46:782] info: Window is unloading, winssb is no longer accessible
[05/07/18, 17:08:46:883] info: Store: SET_NETWORK_STATUS offline
[05/07/18, 17:08:47:308] info: Store: UPDATE_SESSION_STATUS
{
  "hasValidSession": true,
  "teamId": "T4HEMM0UR"
}
[05/07/18, 17:08:47:363] info: Store: UPDATE_SESSION_STATUS
{
  "hasValidSession": true,
  "teamId": "T0GFBAM8C"
}
[05/07/18, 17:08:47:388] info: Store: UPDATE_SESSION_STATUS
{
  "hasValidSession": true,
  "teamId": "T5YEC6G73"
}
[05/07/18, 17:08:47:398] info: Store: UPDATE_SESSION_STATUS
{
  "hasValidSession": true,
  "teamId": "T02R0MMHK"
}
[05/07/18, 17:08:47:678] info: Store: SET_NETWORK_STATUS online
[05/07/18, 17:08:47:685] info: Store: MAIN_WINDOW_SHOWN
[05/07/18, 17:08:47:895] info: Store: UPDATE_SESSION_STATUS
{
  "hasValidSession": true,
  "teamId": "T5LFW0CUB"
}
[05/07/18, 17:08:48:054] info: Store: UPSERT_WEB_CONTENTS
{
  "id": 5,
  "state": "loaded",
  "teamId": "T4HEMM0UR"
}
[05/07/18, 17:08:48:069] info: Store: UPSERT_WEB_CONTENTS
{
  "id": 5,
  "state": "empty-page",
  "teamId": "T4HEMM0UR"
}
[05/07/18, 17:08:48:075] info: Store: UPSERT_WEB_CONTENTS
{
  "id": 5,
  "state": "page-will-navigate",
  "teamId": "T4HEMM0UR"
}
[05/07/18, 17:08:48:320] info: Store: UPDATE_SESSION_STATUS
{
  "hasValidSession": null,
  "teamId": "T4HEMM0UR"
}
