[04/29/18, 14:27:18:526] info: ╔════════════════════════════════════════════════════════════════════════════╗
[04/29/18, 14:27:18:528] info: ║      Slack 3.1.1, linux 4.16.4-1-zen on x64 at 04/29/18, 14:27:18:520      ║
[04/29/18, 14:27:18:528] info: ╚════════════════════════════════════════════════════════════════════════════╝
[04/29/18, 14:27:18:816] info: Initializing local storage instance at path: /home/nitoli/.config/Slack/local-settings.json
[04/29/18, 14:27:19:710] error: Calls failed to load, bailing
[04/29/18, 14:27:19:721] info: cld3::loadModule: loading cld3 module
[04/29/18, 14:27:19:849] info: cld3Loader::loadModule: running environment is NODE
[04/29/18, 14:27:19:859] info: cld3Loader::loadModule: constructed module object for runtime
[04/29/18, 14:27:20:447] info: cld3Loader::initializeRuntime: successfully initialized module
[04/29/18, 14:27:20:447] info: cld3Loader::loadModule: initialized wasm binary Runtime
[04/29/18, 14:27:20:456] warn: updateSpellcheckerLanguage: Tried to update language, but spellchecker not initialized
[04/29/18, 14:27:20:457] info: SSBIntegration: Main window preload script loaded 3375.600731
[04/29/18, 14:27:20:471] info: Store: UPSERT_WEB_CONTENTS
{
  "id": 3,
  "state": "loaded",
  "teamId": "T5YEC6G73"
}
[04/29/18, 14:27:20:477] info: Store: UPSERT_WEB_CONTENTS
{
  "id": 3,
  "state": "empty-page",
  "teamId": "T5YEC6G73"
}
[04/29/18, 14:27:20:478] info: Store: UPSERT_WEB_CONTENTS
{
  "id": 3,
  "state": "page-will-navigate",
  "teamId": "T5YEC6G73"
}
[04/29/18, 14:27:20:478] info: Store: UPSERT_WEB_CONTENTS
{
  "id": 5,
  "state": "loaded",
  "teamId": "T4HEMM0UR"
}
[04/29/18, 14:27:20:478] info: Store: UPSERT_WEB_CONTENTS
{
  "id": 5,
  "state": "empty-page",
  "teamId": "T4HEMM0UR"
}
[04/29/18, 14:27:20:479] info: Store: UPSERT_WEB_CONTENTS
{
  "id": 5,
  "state": "page-will-navigate",
  "teamId": "T4HEMM0UR"
}
[04/29/18, 14:27:20:487] info: Store: UPSERT_WEB_CONTENTS
{
  "id": 4,
  "state": "loaded",
  "teamId": "T02R0MMHK"
}
[04/29/18, 14:27:20:502] info: Store: UPSERT_WEB_CONTENTS
{
  "id": 4,
  "state": "empty-page",
  "teamId": "T02R0MMHK"
}
[04/29/18, 14:27:20:513] info: Store: UPSERT_WEB_CONTENTS
{
  "id": 4,
  "state": "page-will-navigate",
  "teamId": "T02R0MMHK"
}
[04/29/18, 14:27:20:518] info: Window is unloading, winssb is no longer accessible
[04/29/18, 14:27:20:969] info: Store: UPDATE_SESSION_STATUS
{
  "hasValidSession": true,
  "teamId": "T4HEMM0UR"
}
[04/29/18, 14:27:20:979] info: Store: UPDATE_SESSION_STATUS
{
  "hasValidSession": true,
  "teamId": "T5YEC6G73"
}
[04/29/18, 14:27:21:007] info: Store: UPDATE_SESSION_STATUS
{
  "hasValidSession": true,
  "teamId": "T02R0MMHK"
}
[04/29/18, 14:27:21:295] info: Store: SET_NETWORK_STATUS online
[04/29/18, 14:27:21:298] info: Store: MAIN_WINDOW_SHOWN
[05/04/18, 06:18:51:597] info: ╔════════════════════════════════════════════════════════════════════════════╗
[05/04/18, 06:18:51:599] info: ║      Slack 3.1.1, linux 4.16.5-1-zen on x64 at 05/04/18, 06:18:51:578      ║
[05/04/18, 06:18:51:599] info: ╚════════════════════════════════════════════════════════════════════════════╝
[05/04/18, 06:18:52:171] info: Initializing local storage instance at path: /home/nitoli/.config/Slack/local-settings.json
[05/04/18, 06:18:53:562] error: Calls failed to load, bailing
[05/04/18, 06:18:53:572] info: cld3::loadModule: loading cld3 module
[05/04/18, 06:18:53:680] info: cld3Loader::loadModule: running environment is NODE
[05/04/18, 06:18:53:680] info: cld3Loader::loadModule: constructed module object for runtime
[05/04/18, 06:18:54:733] info: cld3Loader::initializeRuntime: successfully initialized module
[05/04/18, 06:18:54:733] info: cld3Loader::loadModule: initialized wasm binary Runtime
[05/04/18, 06:18:54:773] warn: updateSpellcheckerLanguage: Tried to update language, but spellchecker not initialized
[05/04/18, 06:18:54:774] info: SSBIntegration: Main window preload script loaded 4678.975203
[05/04/18, 06:18:54:796] info: Store: UPSERT_WEB_CONTENTS
{
  "id": 6,
  "state": "loaded",
  "teamId": "T5LFW0CUB"
}
[05/04/18, 06:18:54:799] info: Store: UPSERT_WEB_CONTENTS
{
  "id": 6,
  "state": "empty-page",
  "teamId": "T5LFW0CUB"
}
[05/04/18, 06:18:54:799] info: Store: UPSERT_WEB_CONTENTS
{
  "id": 6,
  "state": "page-will-navigate",
  "teamId": "T5LFW0CUB"
}
[05/04/18, 06:18:54:830] info: Store: UPSERT_WEB_CONTENTS
{
  "id": 5,
  "state": "loaded",
  "teamId": "T4HEMM0UR"
}
[05/04/18, 06:18:54:850] info: Store: UPSERT_WEB_CONTENTS
{
  "id": 5,
  "state": "empty-page",
  "teamId": "T4HEMM0UR"
}
[05/04/18, 06:18:54:870] info: Store: UPSERT_WEB_CONTENTS
{
  "id": 3,
  "state": "loaded",
  "teamId": "T5YEC6G73"
}
[05/04/18, 06:18:54:871] info: Store: UPSERT_WEB_CONTENTS
{
  "id": 5,
  "state": "page-will-navigate",
  "teamId": "T4HEMM0UR"
}
[05/04/18, 06:18:54:884] info: Window is unloading, winssb is no longer accessible
[05/04/18, 06:18:54:908] info: Store: UPSERT_WEB_CONTENTS
{
  "id": 3,
  "state": "empty-page",
  "teamId": "T5YEC6G73"
}
[05/04/18, 06:18:54:923] info: Store: UPSERT_WEB_CONTENTS
{
  "id": 3,
  "state": "page-will-navigate",
  "teamId": "T5YEC6G73"
}
