[05/09/18, 21:53:23:251] info: ╔════════════════════════════════════════════════════════════════════════════╗
[05/09/18, 21:53:23:252] info: ║      Slack 3.1.1, linux 4.16.7-1-zen on x64 at 05/09/18, 21:53:23:240      ║
[05/09/18, 21:53:23:252] info: ╚════════════════════════════════════════════════════════════════════════════╝
[05/09/18, 21:53:23:548] info: Initializing local storage instance at path: /home/nitoli/.config/Slack/local-settings.json
[05/09/18, 21:53:24:712] error: Calls failed to load, bailing
[05/09/18, 21:53:24:714] info: cld3::loadModule: loading cld3 module
[05/09/18, 21:53:24:763] info: cld3Loader::loadModule: running environment is NODE
[05/09/18, 21:53:24:763] info: cld3Loader::loadModule: constructed module object for runtime
[05/09/18, 21:53:25:587] info: cld3Loader::initializeRuntime: successfully initialized module
[05/09/18, 21:53:25:587] info: cld3Loader::loadModule: initialized wasm binary Runtime
[05/09/18, 21:53:25:607] warn: updateSpellcheckerLanguage: Tried to update language, but spellchecker not initialized
[05/09/18, 21:53:25:608] info: SSBIntegration: Main window preload script loaded 3301.053049
[05/09/18, 21:53:25:646] info: Store: UPSERT_WEB_CONTENTS
{
  "id": 3,
  "state": "loaded",
  "teamId": "T02R0MMHK"
}
[05/09/18, 21:53:25:660] info: Store: UPSERT_WEB_CONTENTS
{
  "id": 3,
  "state": "empty-page",
  "teamId": "T02R0MMHK"
}
[05/09/18, 21:53:25:664] info: Store: UPSERT_WEB_CONTENTS
{
  "id": 7,
  "state": "loaded",
  "teamId": "T0GFBAM8C"
}
[05/09/18, 21:53:25:686] info: Store: UPSERT_WEB_CONTENTS
{
  "id": 3,
  "state": "page-will-navigate",
  "teamId": "T02R0MMHK"
}
[05/09/18, 21:53:25:687] info: Store: UPSERT_WEB_CONTENTS
{
  "id": 7,
  "state": "empty-page",
  "teamId": "T0GFBAM8C"
}
[05/09/18, 21:53:25:690] info: Store: UPSERT_WEB_CONTENTS
{
  "id": 7,
  "state": "page-will-navigate",
  "teamId": "T0GFBAM8C"
}
[05/09/18, 21:53:25:697] info: Window is unloading, winssb is no longer accessible
[05/09/18, 21:53:25:698] info: Store: UPSERT_WEB_CONTENTS
{
  "id": 4,
  "state": "loaded",
  "teamId": "T5YEC6G73"
}
[05/09/18, 21:53:25:716] info: Store: UPSERT_WEB_CONTENTS
{
  "id": 4,
  "state": "empty-page",
  "teamId": "T5YEC6G73"
}
[05/09/18, 21:53:25:726] info: Store: UPSERT_WEB_CONTENTS
{
  "id": 4,
  "state": "page-will-navigate",
  "teamId": "T5YEC6G73"
}
[05/09/18, 21:53:25:746] info: Store: UPSERT_WEB_CONTENTS
{
  "id": 6,
  "state": "loaded",
  "teamId": "T5LFW0CUB"
}
[05/09/18, 21:53:25:782] info: Store: UPSERT_WEB_CONTENTS
{
  "id": 6,
  "state": "empty-page",
  "teamId": "T5LFW0CUB"
}
[05/09/18, 21:53:25:793] info: Store: UPSERT_WEB_CONTENTS
{
  "id": 5,
  "state": "loaded",
  "teamId": "T4HEMM0UR"
}
[05/09/18, 21:53:25:806] info: Store: UPSERT_WEB_CONTENTS
{
  "id": 6,
  "state": "page-will-navigate",
  "teamId": "T5LFW0CUB"
}
[05/09/18, 21:53:25:817] info: Store: UPSERT_WEB_CONTENTS
{
  "id": 5,
  "state": "empty-page",
  "teamId": "T4HEMM0UR"
}
[05/09/18, 21:53:25:826] info: Store: UPSERT_WEB_CONTENTS
{
  "id": 5,
  "state": "page-will-navigate",
  "teamId": "T4HEMM0UR"
}
