[05/04/18, 07:28:18:481] info: ╔════════════════════════════════════════════════════════════════════════════╗
[05/04/18, 07:28:18:483] info: ║      Slack 3.1.1, linux 4.16.5-1-zen on x64 at 05/04/18, 07:28:18:477      ║
[05/04/18, 07:28:18:483] info: ╚════════════════════════════════════════════════════════════════════════════╝
[05/04/18, 07:28:18:745] info: Initializing local storage instance at path: /home/nitoli/.config/Slack/local-settings.json
[05/04/18, 07:28:20:237] error: Calls failed to load, bailing
[05/04/18, 07:28:20:240] info: cld3::loadModule: loading cld3 module
[05/04/18, 07:28:20:286] info: cld3Loader::loadModule: running environment is NODE
[05/04/18, 07:28:20:290] info: cld3Loader::loadModule: constructed module object for runtime
[05/04/18, 07:28:20:882] info: cld3Loader::initializeRuntime: successfully initialized module
[05/04/18, 07:28:20:882] info: cld3Loader::loadModule: initialized wasm binary Runtime
[05/04/18, 07:28:20:889] warn: updateSpellcheckerLanguage: Tried to update language, but spellchecker not initialized
[05/04/18, 07:28:20:890] info: SSBIntegration: Main window preload script loaded 3432.314768
[05/04/18, 07:28:23:975] info: Store: MAIN_WINDOW_FOCUSED
[05/04/18, 07:28:23:977] info: Store: SELECT_TEAM T02R0MMHK
[05/04/18, 07:28:24:530] info: Store: UPDATE_SETTINGS
{
  "locale": "en-US"
}
[05/04/18, 07:28:26:933] info: Store: UPSERT_WEB_CONTENTS
{
  "id": 3,
  "state": "loaded",
  "teamId": "T5YEC6G73"
}
[05/04/18, 07:28:27:398] info: Store: UPDATE_SESSION_STATUS
{
  "hasValidSession": true,
  "teamId": "T5YEC6G73"
}
[05/04/18, 07:28:29:917] info: Store: UPSERT_WEB_CONTENTS
{
  "id": 4,
  "state": "loaded",
  "teamId": "T02R0MMHK"
}
[05/04/18, 07:28:31:945] info: postLoadTaskSetup: Desktop client fully loaded
{
  "loadedTime": 24847.819587
}
[05/04/18, 07:28:32:143] info: Store: UPDATE_SESSION_STATUS
{
  "hasValidSession": true,
  "teamId": "T02R0MMHK"
}
[05/04/18, 07:28:32:146] info: Store: SELECT_CHANNEL C611PHRBQ
[05/04/18, 07:28:32:147] info: Store: UPDATE_TEAM_LOCALE
{
  "locale": "en-US",
  "teamId": "T5YEC6G73"
}
[05/04/18, 07:28:32:148] info: Store: UPDATE_TEAM_THEME
{
  "teamId": "T5YEC6G73",
  "theme": {
    "active_item": "#4C9689",
    "active_item_text": "#FFFFFF",
    "active_presence": "#38978D",
    "badge": "#EB4D5C",
    "column_bg": "#4D394B",
    "hover_item": "#3E313C",
    "menu_bg": "#3E313C",
    "text_color": "#FFFFFF"
  }
}
[05/04/18, 07:28:32:153] info: Store: SELECT_CHANNEL G7GGG2GPN
[05/04/18, 07:28:32:154] info: Store: UPDATE_TEAM_LOCALE
{
  "locale": "ja-JP"
}
[05/04/18, 07:28:32:154] info: Store: UPDATE_TEAM_ICONS
{
  "icons": {
    "image_102": "https://slack-files2.s3-us-west-2.amazonaws.com/avatars/2017-06-28/205110093367_6705e64b9b4a8299bd1f_102.png",
    "image_132": "https://slack-files2.s3-us-west-2.amazonaws.com/avatars/2017-06-28/205110093367_6705e64b9b4a8299bd1f_132.png",
    "image_230": "https://slack-files2.s3-us-west-2.amazonaws.com/avatars/2017-06-28/205110093367_6705e64b9b4a8299bd1f_230.png",
    "image_34": "https://slack-files2.s3-us-west-2.amazonaws.com/avatars/2017-06-28/205110093367_6705e64b9b4a8299bd1f_34.png",
    "image_44": "https://slack-files2.s3-us-west-2.amazonaws.com/avatars/2017-06-28/205110093367_6705e64b9b4a8299bd1f_44.png",
    "image_68": "https://slack-files2.s3-us-west-2.amazonaws.com/avatars/2017-06-28/205110093367_6705e64b9b4a8299bd1f_68.png",
    "image_88": "https://slack-files2.s3-us-west-2.amazonaws.com/avatars/2017-06-28/205110093367_6705e64b9b4a8299bd1f_88.png",
    "image_original": "https://slack-files2.s3-us-west-2.amazonaws.com/avatars/2017-06-28/205110093367_6705e64b9b4a8299bd1f_original.png"
  },
  "teamId": "T5YEC6G73"
}
[05/04/18, 07:28:32:155] info: Store: SELECT_CHANNEL C4JRHEQB1
[05/04/18, 07:28:32:156] info: Store: UPDATE_TEAM_LOCALE
{
  "locale": "ja-JP"
}
[05/04/18, 07:28:32:156] info: Store: SELECT_CHANNEL DAHC8TMSR
[05/04/18, 07:28:32:157] info: Store: UPDATE_TEAM_LOCALE
{
  "locale": "en-US"
}
[05/04/18, 07:28:32:157] info: Store: UPDATE_TEAM_LOCALE
{
  "locale": "en-US",
  "teamId": "T5YEC6G73"
}
[05/04/18, 07:28:32:158] info: Store: UPSERT_WEB_CONTENTS
{
  "id": 3,
  "state": "webapp-loaded",
  "teamId": "T5YEC6G73"
}
[05/04/18, 07:28:32:159] info: Store: SELECT_CHANNEL C0GFH3RHU
[05/04/18, 07:28:32:159] info: Store: UPDATE_TEAM_LOCALE
{
  "locale": "ja-JP"
}
[05/04/18, 07:28:32:160] info: Store: UPSERT_WEB_CONTENTS
{
  "id": 6,
  "state": "loaded",
  "teamId": "T5LFW0CUB"
}
[05/04/18, 07:28:32:160] info: Store: STORE_API_TOKEN
{
  "teamId": "T5YEC6G73",
  "token": "xoxs-⋯"
}
[05/04/18, 07:28:32:224] info: Store: UPSERT_WEB_CONTENTS
{
  "id": 5,
  "state": "loaded",
  "teamId": "T4HEMM0UR"
}
[05/04/18, 07:28:32:224] info: Store: UPDATE_SESSION_STATUS
{
  "hasValidSession": true,
  "teamId": "T5LFW0CUB"
}
[05/04/18, 07:28:32:225] info: Store: UPSERT_WEB_CONTENTS
{
  "id": 7,
  "state": "loaded",
  "teamId": "T0GFBAM8C"
}
[05/04/18, 07:28:32:226] info: Store: UPDATE_TEAM_LOCALE
{
  "locale": "ja-JP"
}
[05/04/18, 07:28:32:227] info: Store: UPSERT_WEB_CONTENTS
{
  "id": 6,
  "state": "webapp-loaded",
  "teamId": "T5LFW0CUB"
}
[05/04/18, 07:28:32:227] info: Store: UPDATE_SESSION_STATUS
{
  "hasValidSession": true,
  "teamId": "T0GFBAM8C"
}
[05/04/18, 07:28:32:233] info: Store: UPDATE_SESSION_STATUS
{
  "hasValidSession": true,
  "teamId": "T4HEMM0UR"
}
[05/04/18, 07:28:32:568] info: Store: UPDATE_TEAM_LOCALE
{
  "locale": "ja-JP"
}
[05/04/18, 07:28:32:569] info: Store: UPSERT_WEB_CONTENTS
{
  "id": 5,
  "state": "webapp-loaded",
  "teamId": "T4HEMM0UR"
}
[05/04/18, 07:28:32:570] info: Store: UPDATE_TEAM_ICONS
{
  "icons": {
    "image_102": "https://slack-files2.s3-us-west-2.amazonaws.com/avatars/2015-01-14/3400695805_06e3ed8a8ae7228d7c54_102.jpg",
    "image_132": "https://slack-files2.s3-us-west-2.amazonaws.com/avatars/2015-01-14/3400695805_06e3ed8a8ae7228d7c54_132.jpg",
    "image_230": "https://slack-files2.s3-us-west-2.amazonaws.com/avatars/2015-01-14/3400695805_06e3ed8a8ae7228d7c54_132.jpg",
    "image_34": "https://slack-files2.s3-us-west-2.amazonaws.com/avatars/2015-01-14/3400695805_06e3ed8a8ae7228d7c54_34.jpg",
    "image_44": "https://slack-files2.s3-us-west-2.amazonaws.com/avatars/2015-01-14/3400695805_06e3ed8a8ae7228d7c54_44.jpg",
    "image_68": "https://slack-files2.s3-us-west-2.amazonaws.com/avatars/2015-01-14/3400695805_06e3ed8a8ae7228d7c54_68.jpg",
    "image_88": "https://slack-files2.s3-us-west-2.amazonaws.com/avatars/2015-01-14/3400695805_06e3ed8a8ae7228d7c54_88.jpg",
    "image_original": "https://slack-files2.s3-us-west-2.amazonaws.com/avatars/2015-01-14/3400695805_06e3ed8a8ae7228d7c54_original.jpg"
  },
  "teamId": "T02R0MMHK"
}
[05/04/18, 07:28:32:572] info: Store: UPDATE_TEAM_LOCALE
{
  "locale": "ja-JP"
}
[05/04/18, 07:28:32:573] info: Store: UPSERT_WEB_CONTENTS
{
  "id": 7,
  "state": "webapp-loaded",
  "teamId": "T0GFBAM8C"
}
[05/04/18, 07:28:32:574] info: Store: UPDATE_TEAM_THEME
{
  "teamId": "T5LFW0CUB",
  "theme": {
    "active_item": "#4C9689",
    "active_item_text": "#FFFFFF",
    "active_presence": "#38978D",
    "badge": "#EB4D5C",
    "column_bg": "#4D394B",
    "hover_item": "#3E313C",
    "menu_bg": "#3E313C",
    "text_color": "#FFFFFF"
  }
}
[05/04/18, 07:28:32:574] info: Store: STORE_API_TOKEN
{
  "teamId": "T5LFW0CUB",
  "token": "xoxs-⋯"
}
[05/04/18, 07:28:32:576] info: Store: UPDATE_TEAM_ICONS
{
  "icons": {
    "image_102": "https://slack-files2.s3-us-west-2.amazonaws.com/avatars/2017-08-21/229801110004_7754c1684d8336d012c4_102.jpg",
    "image_132": "https://slack-files2.s3-us-west-2.amazonaws.com/avatars/2017-08-21/229801110004_7754c1684d8336d012c4_132.jpg",
    "image_230": "https://slack-files2.s3-us-west-2.amazonaws.com/avatars/2017-08-21/229801110004_7754c1684d8336d012c4_230.jpg",
    "image_34": "https://slack-files2.s3-us-west-2.amazonaws.com/avatars/2017-08-21/229801110004_7754c1684d8336d012c4_34.jpg",
    "image_44": "https://slack-files2.s3-us-west-2.amazonaws.com/avatars/2017-08-21/229801110004_7754c1684d8336d012c4_44.jpg",
    "image_68": "https://slack-files2.s3-us-west-2.amazonaws.com/avatars/2017-08-21/229801110004_7754c1684d8336d012c4_68.jpg",
    "image_88": "https://slack-files2.s3-us-west-2.amazonaws.com/avatars/2017-08-21/229801110004_7754c1684d8336d012c4_88.jpg",
    "image_original": "https://slack-files2.s3-us-west-2.amazonaws.com/avatars/2017-08-21/229801110004_7754c1684d8336d012c4_original.jpg"
  },
  "teamId": "T5LFW0CUB"
}
[05/04/18, 07:28:32:579] info: Store: UPDATE_TEAM_THEME
{
  "teamId": "T4HEMM0UR",
  "theme": {
    "active_item": "#4C9689",
    "active_item_text": "#FFFFFF",
    "active_presence": "#38978D",
    "badge": "#EB4D5C",
    "column_bg": "#4D394B",
    "hover_item": "#3E313C",
    "menu_bg": "#3E313C",
    "text_color": "#FFFFFF"
  }
}
[05/04/18, 07:28:32:581] info: Store: STORE_API_TOKEN
{
  "teamId": "T4HEMM0UR",
  "token": "xoxs-⋯"
}
[05/04/18, 07:28:32:583] info: Store: UPDATE_TEAM_ICONS
{
  "icons": {
    "image_102": "https://slack-files2.s3-us-west-2.amazonaws.com/avatars/2017-03-15/154610708258_f98e05c23845866960a5_102.png",
    "image_132": "https://slack-files2.s3-us-west-2.amazonaws.com/avatars/2017-03-15/154610708258_f98e05c23845866960a5_132.png",
    "image_230": "https://slack-files2.s3-us-west-2.amazonaws.com/avatars/2017-03-15/154610708258_f98e05c23845866960a5_230.png",
    "image_34": "https://slack-files2.s3-us-west-2.amazonaws.com/avatars/2017-03-15/154610708258_f98e05c23845866960a5_34.png",
    "image_44": "https://slack-files2.s3-us-west-2.amazonaws.com/avatars/2017-03-15/154610708258_f98e05c23845866960a5_44.png",
    "image_68": "https://slack-files2.s3-us-west-2.amazonaws.com/avatars/2017-03-15/154610708258_f98e05c23845866960a5_68.png",
    "image_88": "https://slack-files2.s3-us-west-2.amazonaws.com/avatars/2017-03-15/154610708258_f98e05c23845866960a5_88.png",
    "image_original": "https://slack-files2.s3-us-west-2.amazonaws.com/avatars/2017-03-15/154610708258_f98e05c23845866960a5_original.png"
  },
  "teamId": "T4HEMM0UR"
}
[05/04/18, 07:28:32:584] info: Store: UPDATE_TEAM_LOCALE
{
  "locale": "en-US",
  "teamId": "T02R0MMHK"
}
[05/04/18, 07:28:32:584] info: Store: UPSERT_WEB_CONTENTS
{
  "id": 4,
  "state": "webapp-loaded",
  "teamId": "T02R0MMHK"
}
[05/04/18, 07:28:32:608] info: Store: UPDATE_TEAM_THEME
{
  "teamId": "T02R0MMHK",
  "theme": {
    "active_item": "#4C9689",
    "active_item_text": "#FFFFFF",
    "active_presence": "#38978D",
    "badge": "#EB4D5C",
    "column_bg": "#4D394B",
    "hover_item": "#3E313C",
    "menu_bg": "#3E313C",
    "text_color": "#FFFFFF"
  }
}
[05/04/18, 07:28:32:627] info: Store: STORE_API_TOKEN
{
  "teamId": "T0GFBAM8C",
  "token": "xoxs-⋯"
}
[05/04/18, 07:28:32:654] info: Store: UPDATE_TEAM_ICONS
{
  "icons": {
    "image_102": "https://slack-files2.s3-us-west-2.amazonaws.com/avatars/2015-12-19/17054493216_07addcfb3fb1718cbba4_102.png",
    "image_132": "https://slack-files2.s3-us-west-2.amazonaws.com/avatars/2015-12-19/17054493216_07addcfb3fb1718cbba4_132.png",
    "image_230": "https://slack-files2.s3-us-west-2.amazonaws.com/avatars/2015-12-19/17054493216_07addcfb3fb1718cbba4_132.png",
    "image_34": "https://slack-files2.s3-us-west-2.amazonaws.com/avatars/2015-12-19/17054493216_07addcfb3fb1718cbba4_34.png",
    "image_44": "https://slack-files2.s3-us-west-2.amazonaws.com/avatars/2015-12-19/17054493216_07addcfb3fb1718cbba4_44.png",
    "image_68": "https://slack-files2.s3-us-west-2.amazonaws.com/avatars/2015-12-19/17054493216_07addcfb3fb1718cbba4_68.png",
    "image_88": "https://slack-files2.s3-us-west-2.amazonaws.com/avatars/2015-12-19/17054493216_07addcfb3fb1718cbba4_88.png",
    "image_original": "https://slack-files2.s3-us-west-2.amazonaws.com/avatars/2015-12-19/17054493216_07addcfb3fb1718cbba4_original.png"
  },
  "teamId": "T0GFBAM8C"
}
[05/04/18, 07:28:32:736] info: Store: STORE_API_TOKEN
{
  "teamId": "T02R0MMHK",
  "token": "xoxs-⋯"
}
[05/04/18, 07:28:33:095] info: Store: UPDATE_TEAM_THEME
{
  "teamId": "T0GFBAM8C",
  "theme": {
    "active_item": "#4C9689",
    "active_item_text": "#FFFFFF",
    "active_presence": "#38978D",
    "badge": "#EB4D5C",
    "column_bg": "#4D394B",
    "hover_item": "#3E313C",
    "menu_bg": "#3E313C",
    "text_color": "#FFFFFF"
  }
}
[05/04/18, 07:28:34:089] info: Couldn't detect language for text of length '704': Not enough reliable text, ignoring sample
[05/04/18, 07:29:00:486] info: Unloading spellchecker
[05/04/18, 07:29:00:516] info: Unloading spellchecker
[05/04/18, 07:29:02:148] info: Unloading spellchecker
[05/04/18, 07:29:02:250] info: Unloading spellchecker
[05/04/18, 07:29:05:746] info: Unloading spellchecker
[05/04/18, 07:29:05:752] info: Unloading spellchecker
[05/04/18, 07:31:59:374] info: Unloading spellchecker
[05/04/18, 07:31:59:374] info: Unloading spellchecker
[05/04/18, 07:32:40:482] info: Unloading spellchecker
[05/04/18, 07:32:40:524] info: Unloading spellchecker
[05/04/18, 07:33:52:220] info: Unloading spellchecker
[05/04/18, 07:33:52:224] info: Unloading spellchecker
[05/04/18, 07:34:19:334] info: Unloading spellchecker
[05/04/18, 07:34:19:367] info: Unloading spellchecker
[05/04/18, 07:36:03:785] info: Store: SELECT_CHANNEL C02R0MMJB
[05/04/18, 07:36:06:021] info: Couldn't detect language for text of length '1642': Not enough reliable text, ignoring sample
[05/04/18, 07:36:13:335] info: Unloading spellchecker
[05/04/18, 07:36:13:335] info: Store: MAIN_WINDOW_FOCUSED
[05/04/18, 07:36:13:382] info: Store: SELECT_TEAM T5YEC6G73
[05/04/18, 07:36:13:387] info: Unloading spellchecker
[05/04/18, 07:36:13:388] info: Unloading spellchecker
[05/04/18, 07:36:21:289] info: Store: SELECT_CHANNEL C8Y1H7TEE
[05/04/18, 07:39:02:258] info: Store: MAIN_WINDOW_FOCUSED
[05/04/18, 07:39:02:388] info: Store: SELECT_TEAM T5LFW0CUB
[05/04/18, 07:39:02:399] info: Store: UPDATE_SETTINGS
{
  "locale": "ja-JP"
}
[05/04/18, 07:39:02:400] info: TranslationLookup: locale set to ja-JP for renderer
[05/04/18, 07:39:25:050] info: Store: MAIN_WINDOW_FOCUSED
[05/04/18, 07:39:25:164] info: Store: SELECT_TEAM T0GFBAM8C
[05/04/18, 07:40:03:231] info: Store: MAIN_WINDOW_FOCUSED
[05/04/18, 07:40:03:345] info: Store: SELECT_TEAM T5YEC6G73
[05/04/18, 07:40:03:351] info: Store: UPDATE_SETTINGS
{
  "locale": "en-US"
}
[05/04/18, 07:40:03:351] info: TranslationLookup: locale set to en-US for renderer
[05/04/18, 07:40:04:698] info: Store: MAIN_WINDOW_FOCUSED
[05/04/18, 07:40:04:773] info: Store: SELECT_TEAM T02R0MMHK
[05/04/18, 07:40:07:327] info: Store: SELECT_CHANNEL DAHC8TMSR
[05/04/18, 07:40:07:605] info: Couldn't detect language for text of length '843': Not enough reliable text, ignoring sample
[05/04/18, 07:40:21:978] info: Unloading spellchecker
[05/04/18, 07:40:21:981] info: Unloading spellchecker
[05/04/18, 07:42:45:764] info: Unloading spellchecker
[05/04/18, 07:42:45:765] info: Unloading spellchecker
[05/04/18, 07:58:48:129] info: Unloading spellchecker
[05/04/18, 07:58:48:132] info: Unloading spellchecker
[05/04/18, 09:41:10:876] error: May-4 09:41:10.876 T02R0MMHK SOCKET-MANAGER: Closing socket because #4108: unexpected socket closure
[05/04/18, 13:28:32:008] info: Store: UNLOAD_WEB_CONTENTS T4HEMM0UR
[05/04/18, 13:39:26:007] info: Store: UNLOAD_WEB_CONTENTS T5LFW0CUB
[05/04/18, 13:40:04:008] info: Store: UNLOAD_WEB_CONTENTS T0GFBAM8C
[05/04/18, 13:40:05:007] info: Store: UNLOAD_WEB_CONTENTS T5YEC6G73
[05/04/18, 16:48:04:185] warn: Unable to read quiet hours setting: windows-quiet-hours works only on Windows
[05/04/18, 16:48:04:185] warn: Unable to read quiet hours setting: windows-quiet-hours works only on Windows
[05/04/18, 16:48:04:211] info: Store: NEW_NOTIFICATION
{
  "avatarImage": "https://ca.slack-edge.com/T02R0MMHK-UAGT53ADQ-74ff4c1302cc-512",
  "channel": "DAHC8TMSR",
  "content": "[REDACTED]",
  "id": "GN6HJhQDrqLZrV",
  "imageUri": null,
  "launchUri": "slack://channel?id=DAHC8TMSR&message=1525387698.000288&team=T02R0MMHK",
  "msg": "1525387698.000288",
  "silent": true,
  "subtitle": "",
  "teamId": "T02R0MMHK",
  "title": "[REDACTED]"
}
[05/04/18, 18:46:14:939] info: Unloading spellchecker
[05/04/18, 18:46:14:949] info: Unloading spellchecker
[05/04/18, 18:47:37:060] info: Unloading spellchecker
[05/04/18, 18:47:37:066] info: Unloading spellchecker
[05/04/18, 18:47:38:201] info: Unloading spellchecker
[05/04/18, 18:47:38:237] info: Unloading spellchecker
[05/04/18, 18:48:07:234] info: Unloading spellchecker
[05/04/18, 18:48:07:235] info: Unloading spellchecker
