[05/08/18, 13:41:48:142] info: ╔════════════════════════════════════════════════════════════════════════════╗
[05/08/18, 13:41:48:143] info: ║      Slack 3.1.1, linux 4.16.6-1-zen on x64 at 05/08/18, 13:41:48:138      ║
[05/08/18, 13:41:48:143] info: ╚════════════════════════════════════════════════════════════════════════════╝
[05/08/18, 13:41:48:277] info: Initializing local storage instance at path: /home/nitoli/.config/Slack/local-settings.json
[05/08/18, 13:41:48:805] error: Calls failed to load, bailing
[05/08/18, 13:41:48:807] info: cld3::loadModule: loading cld3 module
[05/08/18, 13:41:48:846] info: cld3Loader::loadModule: running environment is NODE
[05/08/18, 13:41:48:846] info: cld3Loader::loadModule: constructed module object for runtime
[05/08/18, 13:41:49:386] info: cld3Loader::initializeRuntime: successfully initialized module
[05/08/18, 13:41:49:387] info: cld3Loader::loadModule: initialized wasm binary Runtime
[05/08/18, 13:41:49:398] warn: updateSpellcheckerLanguage: Tried to update language, but spellchecker not initialized
[05/08/18, 13:41:49:398] info: TranslationLookup: locale set to ja-JP for renderer
[05/08/18, 13:41:49:400] info: SSBIntegration: Main window preload script loaded 1740.719255
[05/08/18, 13:42:02:487] info: Store: SELECT_CHANNEL C4TEJ603W
[05/08/18, 13:42:02:489] info: Store: UPDATE_TEAM_LOCALE
{
  "locale": "en-US"
}
[05/08/18, 13:42:02:491] info: Store: UPDATE_SETTINGS
{
  "locale": "ja-JP"
}
[05/08/18, 13:42:02:493] info: Store: SELECT_CHANNEL C611PHRBQ
[05/08/18, 13:42:02:494] info: Store: UPDATE_TEAM_LOCALE
{
  "locale": "en-US"
}
[05/08/18, 13:42:02:498] info: Store: UPSERT_WEB_CONTENTS
{
  "id": 5,
  "state": "loaded",
  "teamId": "T02R0MMHK"
}
[05/08/18, 13:42:02:543] info: Store: SELECT_CHANNEL G7GGG2GPN
[05/08/18, 13:42:02:544] info: Store: UPSERT_WEB_CONTENTS
{
  "id": 4,
  "state": "loaded",
  "teamId": "T5YEC6G73"
}
[05/08/18, 13:42:02:545] info: Store: UPDATE_SESSION_STATUS
{
  "hasValidSession": true,
  "teamId": "T02R0MMHK"
}
[05/08/18, 13:42:02:547] info: Store: UPDATE_TEAM_LOCALE
{
  "locale": "en-US"
}
[05/08/18, 13:42:02:548] info: Store: UPSERT_WEB_CONTENTS
{
  "id": 5,
  "state": "webapp-loaded",
  "teamId": "T02R0MMHK"
}
[05/08/18, 13:42:02:552] info: Store: UPDATE_TEAM_LOCALE
{
  "locale": "ja-JP"
}
[05/08/18, 13:42:02:554] info: Store: UPDATE_TEAM_THEME
{
  "teamId": "T5YEC6G73",
  "theme": {
    "active_item": "#4C9689",
    "active_item_text": "#FFFFFF",
    "active_presence": "#38978D",
    "badge": "#EB4D5C",
    "column_bg": "#4D394B",
    "hover_item": "#3E313C",
    "menu_bg": "#3E313C",
    "text_color": "#FFFFFF"
  }
}
[05/08/18, 13:42:02:571] info: Store: UPDATE_TEAM_THEME
{
  "teamId": "T02R0MMHK",
  "theme": {
    "active_item": "#4C9689",
    "active_item_text": "#FFFFFF",
    "active_presence": "#38978D",
    "badge": "#EB4D5C",
    "column_bg": "#4D394B",
    "hover_item": "#3E313C",
    "menu_bg": "#3E313C",
    "text_color": "#FFFFFF"
  }
}
[05/08/18, 13:42:02:572] info: Store: STORE_API_TOKEN
{
  "teamId": "T02R0MMHK",
  "token": "xoxs-⋯"
}
[05/08/18, 13:42:02:575] info: Store: UPDATE_SESSION_STATUS
{
  "hasValidSession": true,
  "teamId": "T5YEC6G73"
}
[05/08/18, 13:42:02:862] info: Store: UPSERT_WEB_CONTENTS
{
  "id": 3,
  "state": "loaded",
  "teamId": "T5LFW0CUB"
}
[05/08/18, 13:42:03:087] info: Store: UPDATE_TEAM_ICONS
{
  "icons": {
    "image_102": "https://slack-files2.s3-us-west-2.amazonaws.com/avatars/2017-06-28/205110093367_6705e64b9b4a8299bd1f_102.png",
    "image_132": "https://slack-files2.s3-us-west-2.amazonaws.com/avatars/2017-06-28/205110093367_6705e64b9b4a8299bd1f_132.png",
    "image_230": "https://slack-files2.s3-us-west-2.amazonaws.com/avatars/2017-06-28/205110093367_6705e64b9b4a8299bd1f_230.png",
    "image_34": "https://slack-files2.s3-us-west-2.amazonaws.com/avatars/2017-06-28/205110093367_6705e64b9b4a8299bd1f_34.png",
    "image_44": "https://slack-files2.s3-us-west-2.amazonaws.com/avatars/2017-06-28/205110093367_6705e64b9b4a8299bd1f_44.png",
    "image_68": "https://slack-files2.s3-us-west-2.amazonaws.com/avatars/2017-06-28/205110093367_6705e64b9b4a8299bd1f_68.png",
    "image_88": "https://slack-files2.s3-us-west-2.amazonaws.com/avatars/2017-06-28/205110093367_6705e64b9b4a8299bd1f_88.png",
    "image_original": "https://slack-files2.s3-us-west-2.amazonaws.com/avatars/2017-06-28/205110093367_6705e64b9b4a8299bd1f_original.png"
  },
  "teamId": "T5YEC6G73"
}
[05/08/18, 13:42:04:373] info: Store: UPDATE_TEAM_LOCALE
{
  "locale": "en-US",
  "teamId": "T5YEC6G73"
}
[05/08/18, 13:42:04:374] info: Store: UPSERT_WEB_CONTENTS
{
  "id": 4,
  "state": "webapp-loaded",
  "teamId": "T5YEC6G73"
}
[05/08/18, 13:42:04:379] info: Store: UPDATE_TEAM_ICONS
{
  "icons": {
    "image_102": "https://slack-files2.s3-us-west-2.amazonaws.com/avatars/2015-01-14/3400695805_06e3ed8a8ae7228d7c54_102.jpg",
    "image_132": "https://slack-files2.s3-us-west-2.amazonaws.com/avatars/2015-01-14/3400695805_06e3ed8a8ae7228d7c54_132.jpg",
    "image_230": "https://slack-files2.s3-us-west-2.amazonaws.com/avatars/2015-01-14/3400695805_06e3ed8a8ae7228d7c54_132.jpg",
    "image_34": "https://slack-files2.s3-us-west-2.amazonaws.com/avatars/2015-01-14/3400695805_06e3ed8a8ae7228d7c54_34.jpg",
    "image_44": "https://slack-files2.s3-us-west-2.amazonaws.com/avatars/2015-01-14/3400695805_06e3ed8a8ae7228d7c54_44.jpg",
    "image_68": "https://slack-files2.s3-us-west-2.amazonaws.com/avatars/2015-01-14/3400695805_06e3ed8a8ae7228d7c54_68.jpg",
    "image_88": "https://slack-files2.s3-us-west-2.amazonaws.com/avatars/2015-01-14/3400695805_06e3ed8a8ae7228d7c54_88.jpg",
    "image_original": "https://slack-files2.s3-us-west-2.amazonaws.com/avatars/2015-01-14/3400695805_06e3ed8a8ae7228d7c54_original.jpg"
  },
  "teamId": "T02R0MMHK"
}
[05/08/18, 13:42:04:380] info: Store: UPDATE_SESSION_STATUS
{
  "hasValidSession": true,
  "teamId": "T5LFW0CUB"
}
[05/08/18, 13:42:04:381] info: Store: STORE_API_TOKEN
{
  "teamId": "T5YEC6G73",
  "token": "xoxs-⋯"
}
[05/08/18, 13:42:04:382] info: Store: SELECT_CHANNEL C4JRHEQB1
[05/08/18, 13:42:04:382] info: Store: UPDATE_TEAM_LOCALE
{
  "locale": "ja-JP"
}
[05/08/18, 13:42:04:390] info: Store: UPDATE_TEAM_LOCALE
{
  "locale": "ja-JP"
}
[05/08/18, 13:42:04:390] info: Store: UPSERT_WEB_CONTENTS
{
  "id": 3,
  "state": "webapp-loaded",
  "teamId": "T5LFW0CUB"
}
[05/08/18, 13:42:04:391] info: Store: SELECT_CHANNEL C0GFH3RHC
[05/08/18, 13:42:04:392] info: Store: UPDATE_TEAM_LOCALE
{
  "locale": "ja-JP"
}
[05/08/18, 13:42:04:450] info: Store: UPSERT_WEB_CONTENTS
{
  "id": 6,
  "state": "loaded",
  "teamId": "T4HEMM0UR"
}
[05/08/18, 13:42:04:538] info: Store: UPSERT_WEB_CONTENTS
{
  "id": 7,
  "state": "loaded",
  "teamId": "T0GFBAM8C"
}
[05/08/18, 13:42:04:603] info: Store: UPDATE_TEAM_THEME
{
  "teamId": "T5LFW0CUB",
  "theme": {
    "active_item": "#4C9689",
    "active_item_text": "#FFFFFF",
    "active_presence": "#38978D",
    "badge": "#EB4D5C",
    "column_bg": "#4D394B",
    "hover_item": "#3E313C",
    "menu_bg": "#3E313C",
    "text_color": "#FFFFFF"
  }
}
[05/08/18, 13:42:04:688] info: Store: STORE_API_TOKEN
{
  "teamId": "T5LFW0CUB",
  "token": "xoxs-⋯"
}
[05/08/18, 13:42:04:699] info: Store: UPDATE_TEAM_ICONS
{
  "icons": {
    "image_102": "https://slack-files2.s3-us-west-2.amazonaws.com/avatars/2017-08-21/229801110004_7754c1684d8336d012c4_102.jpg",
    "image_132": "https://slack-files2.s3-us-west-2.amazonaws.com/avatars/2017-08-21/229801110004_7754c1684d8336d012c4_132.jpg",
    "image_230": "https://slack-files2.s3-us-west-2.amazonaws.com/avatars/2017-08-21/229801110004_7754c1684d8336d012c4_230.jpg",
    "image_34": "https://slack-files2.s3-us-west-2.amazonaws.com/avatars/2017-08-21/229801110004_7754c1684d8336d012c4_34.jpg",
    "image_44": "https://slack-files2.s3-us-west-2.amazonaws.com/avatars/2017-08-21/229801110004_7754c1684d8336d012c4_44.jpg",
    "image_68": "https://slack-files2.s3-us-west-2.amazonaws.com/avatars/2017-08-21/229801110004_7754c1684d8336d012c4_68.jpg",
    "image_88": "https://slack-files2.s3-us-west-2.amazonaws.com/avatars/2017-08-21/229801110004_7754c1684d8336d012c4_88.jpg",
    "image_original": "https://slack-files2.s3-us-west-2.amazonaws.com/avatars/2017-08-21/229801110004_7754c1684d8336d012c4_original.jpg"
  },
  "teamId": "T5LFW0CUB"
}
[05/08/18, 13:42:04:743] info: Store: UPDATE_SESSION_STATUS
{
  "hasValidSession": true,
  "teamId": "T4HEMM0UR"
}
[05/08/18, 13:42:04:838] info: Store: UPDATE_SESSION_STATUS
{
  "hasValidSession": true,
  "teamId": "T0GFBAM8C"
}
[05/08/18, 13:42:04:860] info: Store: UPDATE_TEAM_LOCALE
{
  "locale": "ja-JP"
}
[05/08/18, 13:42:04:871] info: Store: UPSERT_WEB_CONTENTS
{
  "id": 6,
  "state": "webapp-loaded",
  "teamId": "T4HEMM0UR"
}
[05/08/18, 13:42:04:931] info: Store: UPDATE_TEAM_LOCALE
{
  "locale": "ja-JP"
}
[05/08/18, 13:42:04:936] info: Store: UPSERT_WEB_CONTENTS
{
  "id": 7,
  "state": "webapp-loaded",
  "teamId": "T0GFBAM8C"
}
[05/08/18, 13:42:04:993] info: Store: UPDATE_TEAM_THEME
{
  "teamId": "T4HEMM0UR",
  "theme": {
    "active_item": "#4C9689",
    "active_item_text": "#FFFFFF",
    "active_presence": "#38978D",
    "badge": "#EB4D5C",
    "column_bg": "#4D394B",
    "hover_item": "#3E313C",
    "menu_bg": "#3E313C",
    "text_color": "#FFFFFF"
  }
}
[05/08/18, 13:42:05:016] info: Store: STORE_API_TOKEN
{
  "teamId": "T4HEMM0UR",
  "token": "xoxs-⋯"
}
[05/08/18, 13:42:05:063] info: Store: STORE_API_TOKEN
{
  "teamId": "T0GFBAM8C",
  "token": "xoxs-⋯"
}
[05/08/18, 13:42:05:073] info: Store: UPDATE_TEAM_THEME
{
  "teamId": "T0GFBAM8C",
  "theme": {
    "active_item": "#4C9689",
    "active_item_text": "#FFFFFF",
    "active_presence": "#38978D",
    "badge": "#EB4D5C",
    "column_bg": "#4D394B",
    "hover_item": "#3E313C",
    "menu_bg": "#3E313C",
    "text_color": "#FFFFFF"
  }
}
[05/08/18, 13:42:06:002] info: Store: UPDATE_TEAM_ICONS
{
  "icons": {
    "image_102": "https://slack-files2.s3-us-west-2.amazonaws.com/avatars/2017-03-15/154610708258_f98e05c23845866960a5_102.png",
    "image_132": "https://slack-files2.s3-us-west-2.amazonaws.com/avatars/2017-03-15/154610708258_f98e05c23845866960a5_132.png",
    "image_230": "https://slack-files2.s3-us-west-2.amazonaws.com/avatars/2017-03-15/154610708258_f98e05c23845866960a5_230.png",
    "image_34": "https://slack-files2.s3-us-west-2.amazonaws.com/avatars/2017-03-15/154610708258_f98e05c23845866960a5_34.png",
    "image_44": "https://slack-files2.s3-us-west-2.amazonaws.com/avatars/2017-03-15/154610708258_f98e05c23845866960a5_44.png",
    "image_68": "https://slack-files2.s3-us-west-2.amazonaws.com/avatars/2017-03-15/154610708258_f98e05c23845866960a5_68.png",
    "image_88": "https://slack-files2.s3-us-west-2.amazonaws.com/avatars/2017-03-15/154610708258_f98e05c23845866960a5_88.png",
    "image_original": "https://slack-files2.s3-us-west-2.amazonaws.com/avatars/2017-03-15/154610708258_f98e05c23845866960a5_original.png"
  },
  "teamId": "T4HEMM0UR"
}
[05/08/18, 13:42:06:020] info: Store: UPDATE_TEAM_ICONS
{
  "icons": {
    "image_102": "https://slack-files2.s3-us-west-2.amazonaws.com/avatars/2015-12-19/17054493216_07addcfb3fb1718cbba4_102.png",
    "image_132": "https://slack-files2.s3-us-west-2.amazonaws.com/avatars/2015-12-19/17054493216_07addcfb3fb1718cbba4_132.png",
    "image_230": "https://slack-files2.s3-us-west-2.amazonaws.com/avatars/2015-12-19/17054493216_07addcfb3fb1718cbba4_132.png",
    "image_34": "https://slack-files2.s3-us-west-2.amazonaws.com/avatars/2015-12-19/17054493216_07addcfb3fb1718cbba4_34.png",
    "image_44": "https://slack-files2.s3-us-west-2.amazonaws.com/avatars/2015-12-19/17054493216_07addcfb3fb1718cbba4_44.png",
    "image_68": "https://slack-files2.s3-us-west-2.amazonaws.com/avatars/2015-12-19/17054493216_07addcfb3fb1718cbba4_68.png",
    "image_88": "https://slack-files2.s3-us-west-2.amazonaws.com/avatars/2015-12-19/17054493216_07addcfb3fb1718cbba4_88.png",
    "image_original": "https://slack-files2.s3-us-west-2.amazonaws.com/avatars/2015-12-19/17054493216_07addcfb3fb1718cbba4_original.png"
  },
  "teamId": "T0GFBAM8C"
}
[05/08/18, 13:42:08:384] info: Store: NEW_NOTIFICATION
{
  "avatarImage": "https://ca.slack-edge.com/T5YEC6G73-U603XNVAP-83d16d22ab82-512",
  "channel": "C8Y1H7TEE",
  "content": "[REDACTED]",
  "id": "6NRfoh50vZ4JQE",
  "imageUri": null,
  "launchUri": "slack://channel?id=C8Y1H7TEE&message=1525754529.000178&team=T5YEC6G73",
  "msg": "1525754529.000178",
  "silent": true,
  "subtitle": "",
  "teamId": "T5YEC6G73",
  "title": "[REDACTED]"
}
[05/08/18, 13:42:14:625] info: Store: NEW_NOTIFICATION
{
  "avatarImage": "https://ca.slack-edge.com/T5YEC6G73-U603XNVAP-83d16d22ab82-512",
  "channel": "C8Y1H7TEE",
  "content": "[REDACTED]",
  "id": "Do9hoiZNvgmgov",
  "imageUri": null,
  "launchUri": "slack://channel?id=C8Y1H7TEE&message=1525754535.000212&team=T5YEC6G73",
  "msg": "1525754535.000212",
  "silent": true,
  "subtitle": "",
  "teamId": "T5YEC6G73",
  "title": "[REDACTED]"
}
[05/08/18, 13:45:40:674] info: Store: NEW_NOTIFICATION
{
  "avatarImage": "https://ca.slack-edge.com/T5YEC6G73-U60Q04VT6-a7586f1eca91-512",
  "channel": "C8Y1H7TEE",
  "content": "[REDACTED]",
  "id": "NB9SVsRA92DR1r",
  "imageUri": null,
  "launchUri": "slack://channel?id=C8Y1H7TEE&message=1525754740.000124&team=T5YEC6G73",
  "msg": "1525754740.000124",
  "silent": true,
  "subtitle": "",
  "teamId": "T5YEC6G73",
  "title": "[REDACTED]"
}
[05/08/18, 13:48:32:616] info: Store: SELECT_CHANNEL DAHRMR6AJ
[05/08/18, 13:48:34:693] info: Store: MAIN_WINDOW_FOCUSED
[05/08/18, 13:48:34:776] info: Store: SELECT_TEAM T5YEC6G73
[05/08/18, 13:48:34:785] info: Store: UPDATE_SETTINGS
{
  "locale": "en-US"
}
[05/08/18, 13:48:34:786] info: TranslationLookup: locale set to en-US for renderer
[05/08/18, 13:48:37:087] info: Store: SELECT_CHANNEL DA5E079JP
[05/08/18, 13:48:38:709] info: Store: SELECT_CHANNEL C8Y1H7TEE
[05/08/18, 13:48:39:655] info: Store: SELECT_CHANNEL C611PHRBQ
[05/08/18, 13:49:05:548] info: Store: SELECT_CHANNEL C8Y1H7TEE
[05/08/18, 13:49:08:882] info: Store: SELECT_CHANNEL DA5E079JP
[05/08/18, 13:54:59:592] info: Store: NEW_NOTIFICATION
{
  "avatarImage": "https://ca.slack-edge.com/T5YEC6G73-U603XNVAP-83d16d22ab82-512",
  "channel": "C8Y1H7TEE",
  "content": "[REDACTED]",
  "id": "QG0CNtkWvEmZ4X",
  "imageUri": null,
  "launchUri": "slack://channel?id=C8Y1H7TEE&message=1525755299.000076&team=T5YEC6G73",
  "msg": "1525755299.000076",
  "silent": true,
  "subtitle": "",
  "teamId": "T5YEC6G73",
  "title": "[REDACTED]"
}
[05/08/18, 13:57:38:883] info: Store: NEW_NOTIFICATION
{
  "avatarImage": "https://ca.slack-edge.com/T5YEC6G73-U60Q04VT6-a7586f1eca91-512",
  "channel": "C8Y1H7TEE",
  "content": "[REDACTED]",
  "id": "wwmCyuKrXwMkYK",
  "imageUri": null,
  "launchUri": "slack://channel?id=C8Y1H7TEE&message=1525755458.000190&team=T5YEC6G73",
  "msg": "1525755458.000190",
  "silent": true,
  "subtitle": "",
  "teamId": "T5YEC6G73",
  "title": "[REDACTED]"
}
[05/08/18, 14:12:04:410] info: Store: FOREGROUND_APP
[05/08/18, 14:12:04:466] info: Store: MAIN_WINDOW_FOCUSED
[05/08/18, 14:38:57:551] info: Store: FOREGROUND_APP
[05/08/18, 14:40:18:312] info: Store: MAIN_WINDOW_FOCUSED
[05/08/18, 14:40:22:312] info: Store: MAIN_WINDOW_FOCUSED
[05/08/18, 14:40:22:404] info: Store: SELECT_TEAM T02R0MMHK
[05/08/18, 14:40:24:174] info: Raw Locale list: ["C","en_US.utf8","POSIX",""]
[05/08/18, 14:40:24:174] info: Filtered Locale list: ["en_US"]
[05/08/18, 14:40:24:174] info: Counts: {"en":["en_US"]}
[05/08/18, 14:40:24:174] info: Setting en
[05/08/18, 14:40:24:175] info: Result: {"en":"en-US"}
[05/08/18, 14:40:24:177] info: Requesting to load ja-JP, alternatives are ["ja-JP","ja-JP","ja-JP"]
[05/08/18, 14:40:24:177] info: Loading dictionary for language ja-JP
[05/08/18, 14:40:24:178] info: Returning local copy: /home/nitoli/.config/Slack/dictionaries/ja-JP.bdic
[05/08/18, 14:40:24:179] info: Failed to read file /home/nitoli/.config/Slack/dictionaries/ja-JP.bdic: File exists but is most likely bogus
[05/08/18, 14:40:24:180] info: Actually downloading https://redirector.gvt1.com/edgedl/chrome/dict/ja-jp-3-0.bdic
[05/08/18, 14:40:24:630] info: Loading dictionary for language ja-JP
[05/08/18, 14:40:24:630] info: Returning local copy: /home/nitoli/.config/Slack/dictionaries/ja-JP.bdic
[05/08/18, 14:40:24:632] info: Failed to read file /home/nitoli/.config/Slack/dictionaries/ja-JP.bdic: File exists but is most likely bogus
[05/08/18, 14:40:24:633] info: Actually downloading https://redirector.gvt1.com/edgedl/chrome/dict/ja-jp-3-0.bdic
[05/08/18, 14:40:24:775] info: Loading dictionary for language ja-JP
[05/08/18, 14:40:24:777] info: Returning local copy: /home/nitoli/.config/Slack/dictionaries/ja-JP.bdic
[05/08/18, 14:40:24:785] info: Failed to read file /home/nitoli/.config/Slack/dictionaries/ja-JP.bdic: File exists but is most likely bogus
[05/08/18, 14:40:24:786] info: Actually downloading https://redirector.gvt1.com/edgedl/chrome/dict/ja-jp-3-0.bdic
[05/08/18, 14:40:24:911] info: dictionary for ja-JP_ja-JP is not available
[05/08/18, 14:40:24:912] info: Actually installing spell check provider to Electron
[05/08/18, 14:40:38:612] info: Store: SELECT_CHANNEL DAKC3SXMX
[05/08/18, 14:40:44:544] info: Couldn't get hint text from messages in channel: Failed to fetch recent messages
[05/08/18, 14:42:20:133] info: Unloading spellchecker
[05/08/18, 14:42:20:151] info: Restoring spellchecker
[05/08/18, 14:42:20:151] info: Requesting to load ja-JP, alternatives are ["ja-JP","ja-JP","ja-JP"]
[05/08/18, 14:42:20:152] info: Loading dictionary for language ja-JP
[05/08/18, 14:42:20:152] info: Returning local copy: /home/nitoli/.config/Slack/dictionaries/ja-JP.bdic
[05/08/18, 14:42:20:182] info: Store: MAIN_WINDOW_FOCUSED
[05/08/18, 14:42:20:183] info: Failed to read file /home/nitoli/.config/Slack/dictionaries/ja-JP.bdic: File exists but is most likely bogus
[05/08/18, 14:42:20:184] info: Actually downloading https://redirector.gvt1.com/edgedl/chrome/dict/ja-jp-3-0.bdic
[05/08/18, 14:42:20:649] info: Loading dictionary for language ja-JP
[05/08/18, 14:42:20:650] info: Returning local copy: /home/nitoli/.config/Slack/dictionaries/ja-JP.bdic
[05/08/18, 14:42:20:651] info: Failed to read file /home/nitoli/.config/Slack/dictionaries/ja-JP.bdic: File exists but is most likely bogus
[05/08/18, 14:42:20:652] info: Actually downloading https://redirector.gvt1.com/edgedl/chrome/dict/ja-jp-3-0.bdic
[05/08/18, 14:42:20:773] info: Loading dictionary for language ja-JP
[05/08/18, 14:42:20:774] info: Returning local copy: /home/nitoli/.config/Slack/dictionaries/ja-JP.bdic
[05/08/18, 14:42:20:776] info: Failed to read file /home/nitoli/.config/Slack/dictionaries/ja-JP.bdic: File exists but is most likely bogus
[05/08/18, 14:42:20:778] info: Actually downloading https://redirector.gvt1.com/edgedl/chrome/dict/ja-jp-3-0.bdic
[05/08/18, 14:42:20:894] info: dictionary for ja-JP_ja-JP is not available
[05/08/18, 14:42:22:939] info: Unloading spellchecker
[05/08/18, 14:42:22:956] info: Store: MAIN_WINDOW_FOCUSED
[05/08/18, 14:42:22:958] info: Restoring spellchecker
[05/08/18, 14:42:22:959] info: Requesting to load ja-JP, alternatives are ["ja-JP","ja-JP","ja-JP"]
[05/08/18, 14:42:22:959] info: Loading dictionary for language ja-JP
[05/08/18, 14:42:22:959] info: Returning local copy: /home/nitoli/.config/Slack/dictionaries/ja-JP.bdic
[05/08/18, 14:42:22:975] info: Failed to read file /home/nitoli/.config/Slack/dictionaries/ja-JP.bdic: File exists but is most likely bogus
[05/08/18, 14:42:22:976] info: Actually downloading https://redirector.gvt1.com/edgedl/chrome/dict/ja-jp-3-0.bdic
[05/08/18, 14:42:23:006] info: Store: SELECT_TEAM T5LFW0CUB
[05/08/18, 14:42:23:033] info: Unloading spellchecker
[05/08/18, 14:42:23:035] info: Unloading spellchecker
[05/08/18, 14:42:23:035] info: Store: UPDATE_SETTINGS
{
  "locale": "ja-JP"
}
[05/08/18, 14:42:23:036] info: TranslationLookup: locale set to ja-JP for renderer
[05/08/18, 14:42:23:099] info: Loading dictionary for language ja-JP
[05/08/18, 14:42:23:099] info: Returning local copy: /home/nitoli/.config/Slack/dictionaries/ja-JP.bdic
[05/08/18, 14:42:23:100] info: Failed to read file /home/nitoli/.config/Slack/dictionaries/ja-JP.bdic: File exists but is most likely bogus
[05/08/18, 14:42:23:101] info: Actually downloading https://redirector.gvt1.com/edgedl/chrome/dict/ja-jp-3-0.bdic
[05/08/18, 14:42:23:248] info: Loading dictionary for language ja-JP
[05/08/18, 14:42:23:249] info: Returning local copy: /home/nitoli/.config/Slack/dictionaries/ja-JP.bdic
[05/08/18, 14:42:23:250] info: Failed to read file /home/nitoli/.config/Slack/dictionaries/ja-JP.bdic: File exists but is most likely bogus
[05/08/18, 14:42:23:250] info: Actually downloading https://redirector.gvt1.com/edgedl/chrome/dict/ja-jp-3-0.bdic
[05/08/18, 14:42:23:349] info: dictionary for ja-JP_ja-JP is not available
[05/08/18, 14:42:24:765] info: Store: MAIN_WINDOW_FOCUSED
[05/08/18, 14:42:24:871] info: Store: SELECT_TEAM T5YEC6G73
[05/08/18, 14:42:24:879] info: Store: UPDATE_SETTINGS
{
  "locale": "en-US"
}
[05/08/18, 14:42:24:880] info: TranslationLookup: locale set to en-US for renderer
[05/08/18, 14:42:26:836] info: Store: MAIN_WINDOW_FOCUSED
[05/08/18, 14:42:26:932] info: Store: SELECT_TEAM T5LFW0CUB
[05/08/18, 14:42:26:958] info: Store: UPDATE_SETTINGS
{
  "locale": "ja-JP"
}
[05/08/18, 14:42:26:958] info: TranslationLookup: locale set to ja-JP for renderer
[05/08/18, 14:42:27:877] info: Store: SELECT_CHANNEL G80MPJULU
[05/08/18, 14:42:31:206] info: Store: MAIN_WINDOW_FOCUSED
[05/08/18, 14:42:31:307] info: Store: SELECT_TEAM T5YEC6G73
[05/08/18, 14:42:31:323] info: Store: UPDATE_SETTINGS
{
  "locale": "en-US"
}
[05/08/18, 14:42:31:324] info: TranslationLookup: locale set to en-US for renderer
[05/08/18, 14:42:32:686] info: Store: MAIN_WINDOW_FOCUSED
[05/08/18, 14:42:32:772] info: Store: SELECT_TEAM T02R0MMHK
[05/08/18, 14:42:32:804] info: Restoring spellchecker
[05/08/18, 14:42:32:804] info: Requesting to load ja-JP, alternatives are ["ja-JP","ja-JP","ja-JP"]
[05/08/18, 14:42:32:805] info: Loading dictionary for language ja-JP
[05/08/18, 14:42:32:805] info: Returning local copy: /home/nitoli/.config/Slack/dictionaries/ja-JP.bdic
[05/08/18, 14:42:32:808] info: Restoring spellchecker
[05/08/18, 14:42:32:817] info: Requesting to load ja-JP, alternatives are ["ja-JP","ja-JP","ja-JP"]
[05/08/18, 14:42:32:817] info: Loading dictionary for language ja-JP
[05/08/18, 14:42:32:817] info: Returning local copy: /home/nitoli/.config/Slack/dictionaries/ja-JP.bdic
[05/08/18, 14:42:32:897] info: Failed to read file /home/nitoli/.config/Slack/dictionaries/ja-JP.bdic: File exists but is most likely bogus
[05/08/18, 14:42:32:898] info: Failed to read file /home/nitoli/.config/Slack/dictionaries/ja-JP.bdic: File exists but is most likely bogus
[05/08/18, 14:42:32:900] info: Can't clear out file, bailing
[05/08/18, 14:42:32:901] info: Loading dictionary for language ja-JP
[05/08/18, 14:42:32:901] info: Actually downloading https://redirector.gvt1.com/edgedl/chrome/dict/ja-jp-3-0.bdic
[05/08/18, 14:42:32:995] info: Can't clear out file, bailing
[05/08/18, 14:42:32:996] info: Loading dictionary for language ja-JP
[05/08/18, 14:42:32:997] info: Actually downloading https://redirector.gvt1.com/edgedl/chrome/dict/ja-jp-3-0.bdic
[05/08/18, 14:42:33:434] info: Loading dictionary for language ja-JP
[05/08/18, 14:42:33:434] info: Returning local copy: /home/nitoli/.config/Slack/dictionaries/ja-JP.bdic
[05/08/18, 14:42:33:435] info: Failed to read file /home/nitoli/.config/Slack/dictionaries/ja-JP.bdic: File exists but is most likely bogus
[05/08/18, 14:42:33:437] info: Actually downloading https://redirector.gvt1.com/edgedl/chrome/dict/ja-jp-3-0.bdic
[05/08/18, 14:42:33:544] info: Loading dictionary for language ja-JP
[05/08/18, 14:42:33:545] info: Returning local copy: /home/nitoli/.config/Slack/dictionaries/ja-JP.bdic
[05/08/18, 14:42:33:576] info: dictionary for ja-JP_ja-JP is not available
[05/08/18, 14:42:33:580] info: Failed to read file /home/nitoli/.config/Slack/dictionaries/ja-JP.bdic: File exists but is most likely bogus
[05/08/18, 14:42:33:580] info: Actually downloading https://redirector.gvt1.com/edgedl/chrome/dict/ja-jp-3-0.bdic
[05/08/18, 14:42:33:699] info: dictionary for ja-JP_ja-JP is not available
[05/08/18, 14:42:39:196] info: Unloading spellchecker
[05/08/18, 14:42:39:212] info: Restoring spellchecker
[05/08/18, 14:42:39:213] info: Requesting to load ja-JP, alternatives are ["ja-JP","ja-JP","ja-JP"]
[05/08/18, 14:42:39:214] info: Loading dictionary for language ja-JP
[05/08/18, 14:42:39:214] info: Returning local copy: /home/nitoli/.config/Slack/dictionaries/ja-JP.bdic
[05/08/18, 14:42:39:240] info: Store: MAIN_WINDOW_FOCUSED
[05/08/18, 14:42:39:245] info: Failed to read file /home/nitoli/.config/Slack/dictionaries/ja-JP.bdic: File exists but is most likely bogus
[05/08/18, 14:42:39:246] info: Actually downloading https://redirector.gvt1.com/edgedl/chrome/dict/ja-jp-3-0.bdic
[05/08/18, 14:42:39:643] info: Loading dictionary for language ja-JP
[05/08/18, 14:42:39:644] info: Returning local copy: /home/nitoli/.config/Slack/dictionaries/ja-JP.bdic
[05/08/18, 14:42:39:646] info: Failed to read file /home/nitoli/.config/Slack/dictionaries/ja-JP.bdic: File exists but is most likely bogus
[05/08/18, 14:42:39:647] info: Actually downloading https://redirector.gvt1.com/edgedl/chrome/dict/ja-jp-3-0.bdic
[05/08/18, 14:42:39:769] info: Loading dictionary for language ja-JP
[05/08/18, 14:42:39:769] info: Returning local copy: /home/nitoli/.config/Slack/dictionaries/ja-JP.bdic
[05/08/18, 14:42:39:772] info: Failed to read file /home/nitoli/.config/Slack/dictionaries/ja-JP.bdic: File exists but is most likely bogus
[05/08/18, 14:42:39:776] info: Actually downloading https://redirector.gvt1.com/edgedl/chrome/dict/ja-jp-3-0.bdic
[05/08/18, 14:42:39:915] info: dictionary for ja-JP_ja-JP is not available
[05/08/18, 14:42:42:593] info: Unloading spellchecker
[05/08/18, 14:42:42:625] info: Restoring spellchecker
[05/08/18, 14:42:42:630] info: Requesting to load ja-JP, alternatives are ["ja-JP","ja-JP","ja-JP"]
[05/08/18, 14:42:42:632] info: Loading dictionary for language ja-JP
[05/08/18, 14:42:42:632] info: Returning local copy: /home/nitoli/.config/Slack/dictionaries/ja-JP.bdic
[05/08/18, 14:42:42:655] info: Store: MAIN_WINDOW_FOCUSED
[05/08/18, 14:42:42:659] info: Failed to read file /home/nitoli/.config/Slack/dictionaries/ja-JP.bdic: File exists but is most likely bogus
[05/08/18, 14:42:42:661] info: Actually downloading https://redirector.gvt1.com/edgedl/chrome/dict/ja-jp-3-0.bdic
[05/08/18, 14:42:42:777] info: Loading dictionary for language ja-JP
[05/08/18, 14:42:42:778] info: Returning local copy: /home/nitoli/.config/Slack/dictionaries/ja-JP.bdic
[05/08/18, 14:42:42:778] info: Failed to read file /home/nitoli/.config/Slack/dictionaries/ja-JP.bdic: File exists but is most likely bogus
[05/08/18, 14:42:42:779] info: Actually downloading https://redirector.gvt1.com/edgedl/chrome/dict/ja-jp-3-0.bdic
[05/08/18, 14:42:42:888] info: Loading dictionary for language ja-JP
[05/08/18, 14:42:42:888] info: Returning local copy: /home/nitoli/.config/Slack/dictionaries/ja-JP.bdic
[05/08/18, 14:42:42:889] info: Failed to read file /home/nitoli/.config/Slack/dictionaries/ja-JP.bdic: File exists but is most likely bogus
[05/08/18, 14:42:42:890] info: Actually downloading https://redirector.gvt1.com/edgedl/chrome/dict/ja-jp-3-0.bdic
[05/08/18, 14:42:43:018] info: dictionary for ja-JP_ja-JP is not available
[05/08/18, 14:44:35:971] info: Unloading spellchecker
[05/08/18, 14:44:35:999] info: Restoring spellchecker
[05/08/18, 14:44:36:000] info: Requesting to load ja-JP, alternatives are ["ja-JP","ja-JP","ja-JP"]
[05/08/18, 14:44:36:000] info: Loading dictionary for language ja-JP
[05/08/18, 14:44:36:001] info: Returning local copy: /home/nitoli/.config/Slack/dictionaries/ja-JP.bdic
[05/08/18, 14:44:36:034] info: Store: MAIN_WINDOW_FOCUSED
[05/08/18, 14:44:36:035] info: Failed to read file /home/nitoli/.config/Slack/dictionaries/ja-JP.bdic: File exists but is most likely bogus
[05/08/18, 14:44:36:035] info: Actually downloading https://redirector.gvt1.com/edgedl/chrome/dict/ja-jp-3-0.bdic
[05/08/18, 14:44:36:503] info: Loading dictionary for language ja-JP
[05/08/18, 14:44:36:504] info: Returning local copy: /home/nitoli/.config/Slack/dictionaries/ja-JP.bdic
[05/08/18, 14:44:36:506] info: Failed to read file /home/nitoli/.config/Slack/dictionaries/ja-JP.bdic: File exists but is most likely bogus
[05/08/18, 14:44:36:507] info: Actually downloading https://redirector.gvt1.com/edgedl/chrome/dict/ja-jp-3-0.bdic
[05/08/18, 14:44:36:622] info: Loading dictionary for language ja-JP
[05/08/18, 14:44:36:622] info: Returning local copy: /home/nitoli/.config/Slack/dictionaries/ja-JP.bdic
[05/08/18, 14:44:36:624] info: Failed to read file /home/nitoli/.config/Slack/dictionaries/ja-JP.bdic: File exists but is most likely bogus
[05/08/18, 14:44:36:625] info: Actually downloading https://redirector.gvt1.com/edgedl/chrome/dict/ja-jp-3-0.bdic
[05/08/18, 14:44:36:741] info: dictionary for ja-JP_ja-JP is not available
[05/08/18, 14:44:40:712] info: Unloading spellchecker
[05/08/18, 14:44:40:714] info: Restoring spellchecker
[05/08/18, 14:44:40:714] info: Requesting to load ja-JP, alternatives are ["ja-JP","ja-JP","ja-JP"]
[05/08/18, 14:44:40:714] info: Loading dictionary for language ja-JP
[05/08/18, 14:44:40:715] info: Returning local copy: /home/nitoli/.config/Slack/dictionaries/ja-JP.bdic
[05/08/18, 14:44:40:722] info: Store: MAIN_WINDOW_FOCUSED
[05/08/18, 14:44:40:723] info: Failed to read file /home/nitoli/.config/Slack/dictionaries/ja-JP.bdic: File exists but is most likely bogus
[05/08/18, 14:44:40:723] info: Actually downloading https://redirector.gvt1.com/edgedl/chrome/dict/ja-jp-3-0.bdic
[05/08/18, 14:44:40:804] info: Store: SELECT_TEAM T5YEC6G73
[05/08/18, 14:44:40:814] info: Unloading spellchecker
[05/08/18, 14:44:40:820] info: Unloading spellchecker
[05/08/18, 14:44:40:891] info: Loading dictionary for language ja-JP
[05/08/18, 14:44:40:892] info: Returning local copy: /home/nitoli/.config/Slack/dictionaries/ja-JP.bdic
[05/08/18, 14:44:40:906] info: Failed to read file /home/nitoli/.config/Slack/dictionaries/ja-JP.bdic: File exists but is most likely bogus
[05/08/18, 14:44:40:908] info: Actually downloading https://redirector.gvt1.com/edgedl/chrome/dict/ja-jp-3-0.bdic
[05/08/18, 14:44:41:047] info: Loading dictionary for language ja-JP
[05/08/18, 14:44:41:048] info: Returning local copy: /home/nitoli/.config/Slack/dictionaries/ja-JP.bdic
[05/08/18, 14:44:41:049] info: Failed to read file /home/nitoli/.config/Slack/dictionaries/ja-JP.bdic: File exists but is most likely bogus
[05/08/18, 14:44:41:050] info: Actually downloading https://redirector.gvt1.com/edgedl/chrome/dict/ja-jp-3-0.bdic
[05/08/18, 14:44:41:192] info: dictionary for ja-JP_ja-JP is not available
[05/08/18, 14:44:43:491] info: Store: SELECT_CHANNEL C8Y1H7TEE
[05/08/18, 14:44:45:342] info: Store: MAIN_WINDOW_FOCUSED
[05/08/18, 14:44:45:419] info: Store: SELECT_TEAM T02R0MMHK
[05/08/18, 14:44:45:446] info: Restoring spellchecker
[05/08/18, 14:44:45:447] info: Requesting to load ja-JP, alternatives are ["ja-JP","ja-JP","ja-JP"]
[05/08/18, 14:44:45:448] info: Loading dictionary for language ja-JP
[05/08/18, 14:44:45:449] info: Actually downloading https://redirector.gvt1.com/edgedl/chrome/dict/ja-jp-3-0.bdic
[05/08/18, 14:44:45:503] info: Restoring spellchecker
[05/08/18, 14:44:45:504] info: Requesting to load ja-JP, alternatives are ["ja-JP","ja-JP","ja-JP"]
[05/08/18, 14:44:45:505] info: Loading dictionary for language ja-JP
[05/08/18, 14:44:45:505] info: Actually downloading https://redirector.gvt1.com/edgedl/chrome/dict/ja-jp-3-0.bdic
[05/08/18, 14:44:45:607] info: Loading dictionary for language ja-JP
[05/08/18, 14:44:45:607] info: Returning local copy: /home/nitoli/.config/Slack/dictionaries/ja-JP.bdic
[05/08/18, 14:44:45:608] info: Failed to read file /home/nitoli/.config/Slack/dictionaries/ja-JP.bdic: File exists but is most likely bogus
[05/08/18, 14:44:45:608] info: Actually downloading https://redirector.gvt1.com/edgedl/chrome/dict/ja-jp-3-0.bdic
[05/08/18, 14:44:45:731] info: Loading dictionary for language ja-JP
[05/08/18, 14:44:45:732] info: Returning local copy: /home/nitoli/.config/Slack/dictionaries/ja-JP.bdic
[05/08/18, 14:44:45:733] info: Failed to read file /home/nitoli/.config/Slack/dictionaries/ja-JP.bdic: File exists but is most likely bogus
[05/08/18, 14:44:45:733] info: Actually downloading https://redirector.gvt1.com/edgedl/chrome/dict/ja-jp-3-0.bdic
[05/08/18, 14:44:45:831] info: dictionary for ja-JP_ja-JP is not available
[05/08/18, 14:44:45:997] info: Loading dictionary for language ja-JP
[05/08/18, 14:44:45:998] info: Returning local copy: /home/nitoli/.config/Slack/dictionaries/ja-JP.bdic
[05/08/18, 14:44:46:002] info: Failed to read file /home/nitoli/.config/Slack/dictionaries/ja-JP.bdic: File exists but is most likely bogus
[05/08/18, 14:44:46:004] info: Actually downloading https://redirector.gvt1.com/edgedl/chrome/dict/ja-jp-3-0.bdic
[05/08/18, 14:44:46:107] info: Loading dictionary for language ja-JP
[05/08/18, 14:44:46:107] info: Returning local copy: /home/nitoli/.config/Slack/dictionaries/ja-JP.bdic
[05/08/18, 14:44:46:117] info: Failed to read file /home/nitoli/.config/Slack/dictionaries/ja-JP.bdic: File exists but is most likely bogus
[05/08/18, 14:44:46:118] info: Actually downloading https://redirector.gvt1.com/edgedl/chrome/dict/ja-jp-3-0.bdic
[05/08/18, 14:44:46:224] info: dictionary for ja-JP_ja-JP is not available
[05/08/18, 14:44:54:665] info: Store: SELECT_CHANNEL DAK7NJRDE
[05/08/18, 14:45:00:608] info: Couldn't get hint text from messages in channel: Failed to fetch recent messages
[05/08/18, 14:49:07:948] warn: Unable to read quiet hours setting: windows-quiet-hours works only on Windows
[05/08/18, 14:49:07:948] warn: Unable to read quiet hours setting: windows-quiet-hours works only on Windows
[05/08/18, 14:49:07:975] info: Store: NEW_NOTIFICATION
{
  "avatarImage": "https://ca.slack-edge.com/T02R0MMHK-UA472U7QE-g5d9f11f2c28-512",
  "channel": "DAKU6817C",
  "content": "[REDACTED]",
  "id": "xxGTJhwJxknK93",
  "imageUri": null,
  "launchUri": "slack://channel?id=DAKU6817C&message=1525758547.000192&team=T02R0MMHK",
  "msg": "1525758547.000192",
  "silent": true,
  "subtitle": "",
  "teamId": "T02R0MMHK",
  "title": "[REDACTED]"
}
[05/08/18, 14:49:25:660] info: Unloading spellchecker
[05/08/18, 14:49:25:678] info: Restoring spellchecker
[05/08/18, 14:49:25:679] info: Requesting to load ja-JP, alternatives are ["ja-JP","ja-JP","ja-JP"]
[05/08/18, 14:49:25:684] info: Loading dictionary for language ja-JP
[05/08/18, 14:49:25:686] info: Returning local copy: /home/nitoli/.config/Slack/dictionaries/ja-JP.bdic
[05/08/18, 14:49:25:715] info: Store: MAIN_WINDOW_FOCUSED
[05/08/18, 14:49:25:718] info: Failed to read file /home/nitoli/.config/Slack/dictionaries/ja-JP.bdic: File exists but is most likely bogus
[05/08/18, 14:49:25:718] info: Actually downloading https://redirector.gvt1.com/edgedl/chrome/dict/ja-jp-3-0.bdic
[05/08/18, 14:49:26:244] info: Loading dictionary for language ja-JP
[05/08/18, 14:49:26:244] info: Returning local copy: /home/nitoli/.config/Slack/dictionaries/ja-JP.bdic
[05/08/18, 14:49:26:246] info: Failed to read file /home/nitoli/.config/Slack/dictionaries/ja-JP.bdic: File exists but is most likely bogus
[05/08/18, 14:49:26:247] info: Actually downloading https://redirector.gvt1.com/edgedl/chrome/dict/ja-jp-3-0.bdic
[05/08/18, 14:49:26:414] info: Loading dictionary for language ja-JP
[05/08/18, 14:49:26:415] info: Returning local copy: /home/nitoli/.config/Slack/dictionaries/ja-JP.bdic
[05/08/18, 14:49:26:417] info: Failed to read file /home/nitoli/.config/Slack/dictionaries/ja-JP.bdic: File exists but is most likely bogus
[05/08/18, 14:49:26:418] info: Actually downloading https://redirector.gvt1.com/edgedl/chrome/dict/ja-jp-3-0.bdic
[05/08/18, 14:49:26:542] info: dictionary for ja-JP_ja-JP is not available
[05/08/18, 14:49:28:519] info: Store: SELECT_CHANNEL DAKU6817C
[05/08/18, 14:49:28:832] info: Couldn't detect language for text of length '17': Failed to identify language, ignoring sample
[05/08/18, 14:49:33:336] info: Store: SELECT_CHANNEL DAK7NJRDE
[05/08/18, 14:49:33:358] info: Requesting to load ja-JP, alternatives are ["ja-JP","ja-JP","ja-JP"]
[05/08/18, 14:49:33:359] info: Loading dictionary for language ja-JP
[05/08/18, 14:49:33:359] info: Returning local copy: /home/nitoli/.config/Slack/dictionaries/ja-JP.bdic
[05/08/18, 14:49:33:360] info: Failed to read file /home/nitoli/.config/Slack/dictionaries/ja-JP.bdic: File exists but is most likely bogus
[05/08/18, 14:49:33:361] info: Actually downloading https://redirector.gvt1.com/edgedl/chrome/dict/ja-jp-3-0.bdic
[05/08/18, 14:49:33:757] info: Loading dictionary for language ja-JP
[05/08/18, 14:49:33:757] info: Returning local copy: /home/nitoli/.config/Slack/dictionaries/ja-JP.bdic
[05/08/18, 14:49:33:758] info: Failed to read file /home/nitoli/.config/Slack/dictionaries/ja-JP.bdic: File exists but is most likely bogus
[05/08/18, 14:49:33:759] info: Actually downloading https://redirector.gvt1.com/edgedl/chrome/dict/ja-jp-3-0.bdic
[05/08/18, 14:49:33:943] info: Loading dictionary for language ja-JP
[05/08/18, 14:49:33:943] info: Returning local copy: /home/nitoli/.config/Slack/dictionaries/ja-JP.bdic
[05/08/18, 14:49:33:946] info: Failed to read file /home/nitoli/.config/Slack/dictionaries/ja-JP.bdic: File exists but is most likely bogus
[05/08/18, 14:49:33:947] info: Actually downloading https://redirector.gvt1.com/edgedl/chrome/dict/ja-jp-3-0.bdic
[05/08/18, 14:49:34:124] info: dictionary for ja-JP_ja-JP is not available
[05/08/18, 14:51:29:693] info: Unloading spellchecker
[05/08/18, 14:51:29:701] info: Restoring spellchecker
[05/08/18, 14:51:29:701] info: Requesting to load ja-JP, alternatives are ["ja-JP","ja-JP","ja-JP"]
[05/08/18, 14:51:29:702] info: Loading dictionary for language ja-JP
[05/08/18, 14:51:29:703] info: Returning local copy: /home/nitoli/.config/Slack/dictionaries/ja-JP.bdic
[05/08/18, 14:51:29:733] info: Store: MAIN_WINDOW_FOCUSED
[05/08/18, 14:51:29:735] info: Failed to read file /home/nitoli/.config/Slack/dictionaries/ja-JP.bdic: File exists but is most likely bogus
[05/08/18, 14:51:29:735] info: Actually downloading https://redirector.gvt1.com/edgedl/chrome/dict/ja-jp-3-0.bdic
[05/08/18, 14:51:30:262] info: Loading dictionary for language ja-JP
[05/08/18, 14:51:30:263] info: Returning local copy: /home/nitoli/.config/Slack/dictionaries/ja-JP.bdic
[05/08/18, 14:51:30:265] info: Failed to read file /home/nitoli/.config/Slack/dictionaries/ja-JP.bdic: File exists but is most likely bogus
[05/08/18, 14:51:30:266] info: Actually downloading https://redirector.gvt1.com/edgedl/chrome/dict/ja-jp-3-0.bdic
[05/08/18, 14:51:30:404] info: Loading dictionary for language ja-JP
[05/08/18, 14:51:30:405] info: Returning local copy: /home/nitoli/.config/Slack/dictionaries/ja-JP.bdic
[05/08/18, 14:51:30:407] info: Failed to read file /home/nitoli/.config/Slack/dictionaries/ja-JP.bdic: File exists but is most likely bogus
[05/08/18, 14:51:30:411] info: Actually downloading https://redirector.gvt1.com/edgedl/chrome/dict/ja-jp-3-0.bdic
[05/08/18, 14:51:30:557] info: dictionary for ja-JP_ja-JP is not available
[05/08/18, 14:55:28:346] info: Unloading spellchecker
[05/08/18, 14:55:28:388] info: Restoring spellchecker
[05/08/18, 14:55:28:388] info: Requesting to load ja-JP, alternatives are ["ja-JP","ja-JP","ja-JP"]
[05/08/18, 14:55:28:388] info: Loading dictionary for language ja-JP
[05/08/18, 14:55:28:388] info: Returning local copy: /home/nitoli/.config/Slack/dictionaries/ja-JP.bdic
[05/08/18, 14:55:28:391] info: Store: MAIN_WINDOW_FOCUSED
[05/08/18, 14:55:28:406] info: Failed to read file /home/nitoli/.config/Slack/dictionaries/ja-JP.bdic: File exists but is most likely bogus
[05/08/18, 14:55:28:409] info: Actually downloading https://redirector.gvt1.com/edgedl/chrome/dict/ja-jp-3-0.bdic
[05/08/18, 14:55:28:892] info: Loading dictionary for language ja-JP
[05/08/18, 14:55:28:892] info: Returning local copy: /home/nitoli/.config/Slack/dictionaries/ja-JP.bdic
[05/08/18, 14:55:28:895] info: Failed to read file /home/nitoli/.config/Slack/dictionaries/ja-JP.bdic: File exists but is most likely bogus
[05/08/18, 14:55:28:896] info: Actually downloading https://redirector.gvt1.com/edgedl/chrome/dict/ja-jp-3-0.bdic
[05/08/18, 14:55:29:060] info: Loading dictionary for language ja-JP
[05/08/18, 14:55:29:060] info: Returning local copy: /home/nitoli/.config/Slack/dictionaries/ja-JP.bdic
[05/08/18, 14:55:29:063] info: Failed to read file /home/nitoli/.config/Slack/dictionaries/ja-JP.bdic: File exists but is most likely bogus
[05/08/18, 14:55:29:064] info: Actually downloading https://redirector.gvt1.com/edgedl/chrome/dict/ja-jp-3-0.bdic
[05/08/18, 14:55:29:203] info: dictionary for ja-JP_ja-JP is not available
[05/08/18, 14:56:00:109] info: Unloading spellchecker
[05/08/18, 14:56:00:139] info: Restoring spellchecker
[05/08/18, 14:56:00:140] info: Requesting to load ja-JP, alternatives are ["ja-JP","ja-JP","ja-JP"]
[05/08/18, 14:56:00:141] info: Loading dictionary for language ja-JP
[05/08/18, 14:56:00:142] info: Returning local copy: /home/nitoli/.config/Slack/dictionaries/ja-JP.bdic
[05/08/18, 14:56:00:167] info: Store: MAIN_WINDOW_FOCUSED
[05/08/18, 14:56:00:168] info: Failed to read file /home/nitoli/.config/Slack/dictionaries/ja-JP.bdic: File exists but is most likely bogus
[05/08/18, 14:56:00:168] info: Actually downloading https://redirector.gvt1.com/edgedl/chrome/dict/ja-jp-3-0.bdic
[05/08/18, 14:56:00:622] info: Loading dictionary for language ja-JP
[05/08/18, 14:56:00:623] info: Returning local copy: /home/nitoli/.config/Slack/dictionaries/ja-JP.bdic
[05/08/18, 14:56:00:626] info: Failed to read file /home/nitoli/.config/Slack/dictionaries/ja-JP.bdic: File exists but is most likely bogus
[05/08/18, 14:56:00:627] info: Actually downloading https://redirector.gvt1.com/edgedl/chrome/dict/ja-jp-3-0.bdic
[05/08/18, 14:56:00:819] info: Loading dictionary for language ja-JP
[05/08/18, 14:56:00:819] info: Returning local copy: /home/nitoli/.config/Slack/dictionaries/ja-JP.bdic
[05/08/18, 14:56:00:852] info: Failed to read file /home/nitoli/.config/Slack/dictionaries/ja-JP.bdic: File exists but is most likely bogus
[05/08/18, 14:56:00:858] info: Actually downloading https://redirector.gvt1.com/edgedl/chrome/dict/ja-jp-3-0.bdic
[05/08/18, 14:56:00:959] info: dictionary for ja-JP_ja-JP is not available
[05/08/18, 14:56:08:820] info: Store: SELECT_CHANNEL DAKU6817C
[05/08/18, 14:56:09:164] info: Couldn't detect language for text of length '17': Failed to identify language, ignoring sample
[05/08/18, 14:59:05:909] info: Unloading spellchecker
[05/08/18, 14:59:05:937] info: Restoring spellchecker
[05/08/18, 14:59:05:938] info: Requesting to load ja-JP, alternatives are ["ja-JP","ja-JP","ja-JP"]
[05/08/18, 14:59:05:938] info: Loading dictionary for language ja-JP
[05/08/18, 14:59:05:939] info: Returning local copy: /home/nitoli/.config/Slack/dictionaries/ja-JP.bdic
[05/08/18, 14:59:05:961] info: Store: MAIN_WINDOW_FOCUSED
[05/08/18, 14:59:05:968] info: Failed to read file /home/nitoli/.config/Slack/dictionaries/ja-JP.bdic: File exists but is most likely bogus
[05/08/18, 14:59:05:970] info: Actually downloading https://redirector.gvt1.com/edgedl/chrome/dict/ja-jp-3-0.bdic
[05/08/18, 14:59:06:447] info: Loading dictionary for language ja-JP
[05/08/18, 14:59:06:447] info: Returning local copy: /home/nitoli/.config/Slack/dictionaries/ja-JP.bdic
[05/08/18, 14:59:06:450] info: Failed to read file /home/nitoli/.config/Slack/dictionaries/ja-JP.bdic: File exists but is most likely bogus
[05/08/18, 14:59:06:451] info: Actually downloading https://redirector.gvt1.com/edgedl/chrome/dict/ja-jp-3-0.bdic
[05/08/18, 14:59:06:599] info: Loading dictionary for language ja-JP
[05/08/18, 14:59:06:600] info: Returning local copy: /home/nitoli/.config/Slack/dictionaries/ja-JP.bdic
[05/08/18, 14:59:06:603] info: Failed to read file /home/nitoli/.config/Slack/dictionaries/ja-JP.bdic: File exists but is most likely bogus
[05/08/18, 14:59:06:604] info: Actually downloading https://redirector.gvt1.com/edgedl/chrome/dict/ja-jp-3-0.bdic
[05/08/18, 14:59:06:750] info: dictionary for ja-JP_ja-JP is not available
[05/08/18, 14:59:09:001] info: Unloading spellchecker
[05/08/18, 14:59:09:008] info: Restoring spellchecker
[05/08/18, 14:59:09:009] info: Requesting to load ja-JP, alternatives are ["ja-JP","ja-JP","ja-JP"]
[05/08/18, 14:59:09:010] info: Loading dictionary for language ja-JP
[05/08/18, 14:59:09:010] info: Returning local copy: /home/nitoli/.config/Slack/dictionaries/ja-JP.bdic
[05/08/18, 14:59:09:027] info: Store: MAIN_WINDOW_FOCUSED
[05/08/18, 14:59:09:028] info: Failed to read file /home/nitoli/.config/Slack/dictionaries/ja-JP.bdic: File exists but is most likely bogus
[05/08/18, 14:59:09:030] info: Actually downloading https://redirector.gvt1.com/edgedl/chrome/dict/ja-jp-3-0.bdic
[05/08/18, 14:59:09:061] info: Store: SELECT_TEAM T5LFW0CUB
[05/08/18, 14:59:09:070] info: Unloading spellchecker
[05/08/18, 14:59:09:074] info: Unloading spellchecker
[05/08/18, 14:59:09:075] info: Store: UPDATE_SETTINGS
{
  "locale": "ja-JP"
}
[05/08/18, 14:59:09:077] info: TranslationLookup: locale set to ja-JP for renderer
[05/08/18, 14:59:09:174] info: Loading dictionary for language ja-JP
[05/08/18, 14:59:09:175] info: Returning local copy: /home/nitoli/.config/Slack/dictionaries/ja-JP.bdic
[05/08/18, 14:59:09:177] info: Failed to read file /home/nitoli/.config/Slack/dictionaries/ja-JP.bdic: File exists but is most likely bogus
[05/08/18, 14:59:09:178] info: Actually downloading https://redirector.gvt1.com/edgedl/chrome/dict/ja-jp-3-0.bdic
[05/08/18, 14:59:09:341] info: Loading dictionary for language ja-JP
[05/08/18, 14:59:09:341] info: Returning local copy: /home/nitoli/.config/Slack/dictionaries/ja-JP.bdic
[05/08/18, 14:59:09:343] info: Failed to read file /home/nitoli/.config/Slack/dictionaries/ja-JP.bdic: File exists but is most likely bogus
[05/08/18, 14:59:09:344] info: Actually downloading https://redirector.gvt1.com/edgedl/chrome/dict/ja-jp-3-0.bdic
[05/08/18, 14:59:09:486] info: dictionary for ja-JP_ja-JP is not available
[05/08/18, 14:59:19:144] info: Store: SELECT_CHANNEL G7GGG2GPN
