[05/09/18, 21:50:50:999] info: ╔════════════════════════════════════════════════════════════════════════════╗
[05/09/18, 21:50:51:011] info: ║      Slack 3.1.1, linux 4.16.7-1-zen on x64 at 05/09/18, 21:50:50:984      ║
[05/09/18, 21:50:51:011] info: ╚════════════════════════════════════════════════════════════════════════════╝
[05/09/18, 21:50:51:265] info: Initializing local storage instance at path: /home/nitoli/.config/Slack/local-settings.json
[05/09/18, 21:50:52:138] error: Calls failed to load, bailing
[05/09/18, 21:50:52:140] info: cld3::loadModule: loading cld3 module
[05/09/18, 21:50:52:197] info: cld3Loader::loadModule: running environment is NODE
[05/09/18, 21:50:52:204] info: cld3Loader::loadModule: constructed module object for runtime
[05/09/18, 21:50:53:137] info: cld3Loader::initializeRuntime: successfully initialized module
[05/09/18, 21:50:53:144] info: cld3Loader::loadModule: initialized wasm binary Runtime
[05/09/18, 21:50:53:170] warn: updateSpellcheckerLanguage: Tried to update language, but spellchecker not initialized
[05/09/18, 21:50:53:174] info: SSBIntegration: Main window preload script loaded 3202.177964
[05/09/18, 21:50:53:200] info: Store: UPSERT_WEB_CONTENTS
{
  "id": 7,
  "state": "loaded",
  "teamId": "T0GFBAM8C"
}
[05/09/18, 21:50:53:202] info: Store: UPSERT_WEB_CONTENTS
{
  "id": 4,
  "state": "loaded",
  "teamId": "T5YEC6G73"
}
[05/09/18, 21:50:53:202] info: Store: UPSERT_WEB_CONTENTS
{
  "id": 7,
  "state": "empty-page",
  "teamId": "T0GFBAM8C"
}
[05/09/18, 21:50:53:203] info: Store: UPSERT_WEB_CONTENTS
{
  "id": 4,
  "state": "empty-page",
  "teamId": "T5YEC6G73"
}
[05/09/18, 21:50:53:213] info: Store: UPSERT_WEB_CONTENTS
{
  "id": 7,
  "state": "page-will-navigate",
  "teamId": "T0GFBAM8C"
}
[05/09/18, 21:50:53:213] info: Store: UPSERT_WEB_CONTENTS
{
  "id": 4,
  "state": "page-will-navigate",
  "teamId": "T5YEC6G73"
}
[05/09/18, 21:50:53:242] info: Store: UPSERT_WEB_CONTENTS
{
  "id": 6,
  "state": "loaded",
  "teamId": "T5LFW0CUB"
}
[05/09/18, 21:50:53:245] info: Store: UPSERT_WEB_CONTENTS
{
  "id": 3,
  "state": "loaded",
  "teamId": "T02R0MMHK"
}
[05/09/18, 21:50:53:252] info: Store: UPSERT_WEB_CONTENTS
{
  "id": 6,
  "state": "empty-page",
  "teamId": "T5LFW0CUB"
}
[05/09/18, 21:50:53:256] info: Store: UPSERT_WEB_CONTENTS
{
  "id": 3,
  "state": "empty-page",
  "teamId": "T02R0MMHK"
}
[05/09/18, 21:50:53:260] info: Store: UPSERT_WEB_CONTENTS
{
  "id": 6,
  "state": "page-will-navigate",
  "teamId": "T5LFW0CUB"
}
[05/09/18, 21:50:53:267] info: Window is unloading, winssb is no longer accessible
[05/09/18, 21:50:53:270] info: Store: UPSERT_WEB_CONTENTS
{
  "id": 3,
  "state": "page-will-navigate",
  "teamId": "T02R0MMHK"
}
[05/09/18, 21:50:53:300] info: Store: UPSERT_WEB_CONTENTS
{
  "id": 5,
  "state": "loaded",
  "teamId": "T4HEMM0UR"
}
[05/09/18, 21:50:53:331] info: Store: UPSERT_WEB_CONTENTS
{
  "id": 5,
  "state": "empty-page",
  "teamId": "T4HEMM0UR"
}
[05/09/18, 21:50:53:336] info: Store: UPSERT_WEB_CONTENTS
{
  "id": 5,
  "state": "page-will-navigate",
  "teamId": "T4HEMM0UR"
}
[05/09/18, 21:50:53:463] info: Store: SET_NETWORK_STATUS offline
[05/09/18, 21:50:53:964] info: Store: UPDATE_SESSION_STATUS
{
  "hasValidSession": true,
  "teamId": "T5YEC6G73"
}
[05/09/18, 21:50:53:988] info: Store: UPDATE_SESSION_STATUS
{
  "hasValidSession": true,
  "teamId": "T0GFBAM8C"
}
[05/09/18, 21:50:53:994] info: Store: UPDATE_SESSION_STATUS
{
  "hasValidSession": true,
  "teamId": "T4HEMM0UR"
}
[05/09/18, 21:50:53:997] info: Store: UPDATE_SESSION_STATUS
{
  "hasValidSession": true,
  "teamId": "T02R0MMHK"
}
[05/09/18, 21:50:53:999] info: Store: UPDATE_SESSION_STATUS
{
  "hasValidSession": true,
  "teamId": "T5LFW0CUB"
}
[05/09/18, 21:50:54:179] info: Store: SET_NETWORK_STATUS online
[05/09/18, 21:50:54:201] info: Store: MAIN_WINDOW_SHOWN
