[05/08/18, 11:16:12:963] info: ╔════════════════════════════════════════════════════════════════════════════╗
[05/08/18, 11:16:12:964] info: ║      Slack 3.1.1, linux 4.16.6-1-zen on x64 at 05/08/18, 11:16:12:957      ║
[05/08/18, 11:16:12:965] info: ╚════════════════════════════════════════════════════════════════════════════╝
[05/08/18, 11:16:13:220] info: Initializing local storage instance at path: /home/nitoli/.config/Slack/local-settings.json
[05/08/18, 11:16:13:868] error: Calls failed to load, bailing
[05/08/18, 11:16:13:872] info: cld3::loadModule: loading cld3 module
[05/08/18, 11:16:13:937] info: cld3Loader::loadModule: running environment is NODE
[05/08/18, 11:16:13:937] info: cld3Loader::loadModule: constructed module object for runtime
[05/08/18, 11:16:14:535] info: cld3Loader::initializeRuntime: successfully initialized module
[05/08/18, 11:16:14:535] info: cld3Loader::loadModule: initialized wasm binary Runtime
[05/08/18, 11:16:14:556] warn: updateSpellcheckerLanguage: Tried to update language, but spellchecker not initialized
[05/08/18, 11:16:14:556] info: TranslationLookup: locale set to ja-JP for renderer
[05/08/18, 11:16:14:557] info: SSBIntegration: Main window preload script loaded 2394.552043
[05/08/18, 11:16:14:577] info: Store: UPSERT_WEB_CONTENTS
{
  "id": 4,
  "state": "loaded",
  "teamId": "T5YEC6G73"
}
[05/08/18, 11:16:14:579] info: Store: UPSERT_WEB_CONTENTS
{
  "id": 4,
  "state": "empty-page",
  "teamId": "T5YEC6G73"
}
[05/08/18, 11:16:14:586] info: Store: UPSERT_WEB_CONTENTS
{
  "id": 4,
  "state": "page-will-navigate",
  "teamId": "T5YEC6G73"
}
[05/08/18, 11:16:14:590] info: Store: UPSERT_WEB_CONTENTS
{
  "id": 7,
  "state": "loaded",
  "teamId": "T0GFBAM8C"
}
[05/08/18, 11:16:14:611] info: Store: UPSERT_WEB_CONTENTS
{
  "id": 7,
  "state": "empty-page",
  "teamId": "T0GFBAM8C"
}
[05/08/18, 11:16:14:627] info: Store: UPSERT_WEB_CONTENTS
{
  "id": 7,
  "state": "page-will-navigate",
  "teamId": "T0GFBAM8C"
}
[05/08/18, 11:16:14:628] info: Window is unloading, winssb is no longer accessible
[05/08/18, 11:16:14:673] info: Store: UPSERT_WEB_CONTENTS
{
  "id": 6,
  "state": "loaded",
  "teamId": "T4HEMM0UR"
}
[05/08/18, 11:16:14:710] info: Store: UPSERT_WEB_CONTENTS
{
  "id": 6,
  "state": "empty-page",
  "teamId": "T4HEMM0UR"
}
[05/08/18, 11:16:14:718] info: Store: UPSERT_WEB_CONTENTS
{
  "id": 6,
  "state": "page-will-navigate",
  "teamId": "T4HEMM0UR"
}
