[05/07/18, 18:28:03:104] info: ╔════════════════════════════════════════════════════════════════════════════╗
[05/07/18, 18:28:03:105] info: ║      Slack 3.1.1, linux 4.16.6-1-zen on x64 at 05/07/18, 18:28:03:100      ║
[05/07/18, 18:28:03:106] info: ╚════════════════════════════════════════════════════════════════════════════╝
[05/07/18, 18:28:03:416] info: Initializing local storage instance at path: /home/nitoli/.config/Slack/local-settings.json
[05/07/18, 18:28:03:752] info: NetworkStatus: Waiting for network online…
[05/07/18, 18:28:05:260] info: NetworkStatus: Response from api.test
{
  "status": "online"
}
[05/07/18, 18:28:05:667] info: Store: SET_NETWORK_STATUS online
[05/07/18, 18:28:06:406] info: Store: UPSERT_WEB_CONTENTS
{
  "id": 7,
  "state": "loaded",
  "teamId": "T0GFBAM8C"
}
[05/07/18, 18:28:06:430] info: Store: UPSERT_WEB_CONTENTS
{
  "id": 5,
  "state": "loaded",
  "teamId": "T4HEMM0UR"
}
[05/07/18, 18:28:06:446] info: Store: UPSERT_WEB_CONTENTS
{
  "id": 7,
  "state": "empty-page",
  "teamId": "T0GFBAM8C"
}
[05/07/18, 18:28:06:464] info: Store: UPSERT_WEB_CONTENTS
{
  "id": 7,
  "state": "page-will-navigate",
  "teamId": "T0GFBAM8C"
}
[05/07/18, 18:28:06:470] info: Store: UPSERT_WEB_CONTENTS
{
  "id": 5,
  "state": "empty-page",
  "teamId": "T4HEMM0UR"
}
[05/07/18, 18:28:06:483] info: Store: UPSERT_WEB_CONTENTS
{
  "id": 5,
  "state": "page-will-navigate",
  "teamId": "T4HEMM0UR"
}
[05/07/18, 18:28:06:497] info: Store: UPSERT_WEB_CONTENTS
{
  "id": 3,
  "state": "loaded",
  "teamId": "T5YEC6G73"
}
[05/07/18, 18:28:06:507] info: Store: MAIN_WINDOW_SHOWN
[05/07/18, 18:28:06:599] info: Store: UPSERT_WEB_CONTENTS
{
  "id": 3,
  "state": "empty-page",
  "teamId": "T5YEC6G73"
}
[05/07/18, 18:28:06:606] info: Store: UPSERT_WEB_CONTENTS
{
  "id": 3,
  "state": "page-will-navigate",
  "teamId": "T5YEC6G73"
}
[05/07/18, 18:28:06:621] info: Store: UPSERT_WEB_CONTENTS
{
  "id": 4,
  "state": "loaded",
  "teamId": "T02R0MMHK"
}
[05/07/18, 18:28:06:668] info: Store: UPSERT_WEB_CONTENTS
{
  "id": 4,
  "state": "empty-page",
  "teamId": "T02R0MMHK"
}
[05/07/18, 18:28:06:683] info: Store: UPSERT_WEB_CONTENTS
{
  "id": 4,
  "state": "page-will-navigate",
  "teamId": "T02R0MMHK"
}
[05/07/18, 18:28:06:735] info: Store: UPSERT_WEB_CONTENTS
{
  "id": 6,
  "state": "loaded",
  "teamId": "T5LFW0CUB"
}
[05/07/18, 18:28:06:755] info: Store: UPSERT_WEB_CONTENTS
{
  "id": 6,
  "state": "empty-page",
  "teamId": "T5LFW0CUB"
}
[05/07/18, 18:28:06:764] info: Store: UPSERT_WEB_CONTENTS
{
  "id": 6,
  "state": "page-will-navigate",
  "teamId": "T5LFW0CUB"
}
[05/07/18, 18:28:06:811] info: Store: UPDATE_SESSION_STATUS
{
  "hasValidSession": true,
  "teamId": "T0GFBAM8C"
}
[05/07/18, 18:28:06:838] info: Store: UPDATE_SESSION_STATUS
{
  "hasValidSession": true,
  "teamId": "T4HEMM0UR"
}
[05/07/18, 18:28:06:846] info: Store: UPDATE_SESSION_STATUS
{
  "hasValidSession": true,
  "teamId": "T5YEC6G73"
}
[05/07/18, 18:28:07:027] info: Store: UPDATE_SESSION_STATUS
{
  "hasValidSession": true,
  "teamId": "T5YEC6G73"
}
[05/07/18, 18:28:07:045] info: Store: UPDATE_SESSION_STATUS
{
  "hasValidSession": true,
  "teamId": "T02R0MMHK"
}
[05/07/18, 18:28:07:192] info: Store: UPDATE_SESSION_STATUS
{
  "hasValidSession": true,
  "teamId": "T5LFW0CUB"
}
[05/07/18, 18:28:17:312] info: Store: UPSERT_WEB_CONTENTS
{
  "id": 3,
  "state": "loaded",
  "teamId": "T5YEC6G73"
}
[05/07/18, 18:28:18:214] info: Store: UPSERT_WEB_CONTENTS
{
  "id": 6,
  "state": "loaded",
  "teamId": "T5LFW0CUB"
}
[05/07/18, 18:28:18:353] info: Store: UPDATE_SESSION_STATUS
{
  "hasValidSession": true,
  "teamId": "T5YEC6G73"
}
[05/07/18, 18:28:18:536] info: Store: SELECT_CHANNEL C4TEJ603W
[05/07/18, 18:28:18:568] info: Store: UPDATE_TEAM_LOCALE
{
  "locale": "en-US"
}
[05/07/18, 18:28:18:573] info: Store: UPDATE_SETTINGS
{
  "locale": "en-US"
}
[05/07/18, 18:28:19:188] info: Store: UPDATE_SESSION_STATUS
{
  "hasValidSession": true,
  "teamId": "T5LFW0CUB"
}
[05/07/18, 18:28:19:470] info: Store: SELECT_CHANNEL CA96US34P
[05/07/18, 18:28:19:500] info: Store: UPDATE_TEAM_LOCALE
{
  "locale": "en-US"
}
[05/07/18, 18:28:19:882] info: Store: UPSERT_WEB_CONTENTS
{
  "id": 4,
  "state": "loaded",
  "teamId": "T02R0MMHK"
}
[05/07/18, 18:28:20:277] info: Store: UPDATE_SESSION_STATUS
{
  "hasValidSession": true,
  "teamId": "T02R0MMHK"
}
[05/07/18, 18:28:20:507] info: Store: SELECT_CHANNEL C4JRHEQB1
[05/07/18, 18:28:20:529] info: Store: UPDATE_TEAM_LOCALE
{
  "locale": "ja-JP"
}
[05/07/18, 18:28:20:603] info: Store: SELECT_CHANNEL C0GFH3RHC
[05/07/18, 18:28:20:622] info: Store: UPDATE_TEAM_LOCALE
{
  "locale": "ja-JP"
}
[05/07/18, 18:28:20:748] info: Store: UPDATE_TEAM_LOCALE
{
  "locale": "en-US"
}
[05/07/18, 18:28:20:775] info: Store: UPSERT_WEB_CONTENTS
{
  "id": 4,
  "state": "webapp-loaded",
  "teamId": "T02R0MMHK"
}
[05/07/18, 18:28:21:309] info: Store: UPDATE_TEAM_THEME
{
  "teamId": "T02R0MMHK",
  "theme": {
    "active_item": "#4C9689",
    "active_item_text": "#FFFFFF",
    "active_presence": "#38978D",
    "badge": "#EB4D5C",
    "column_bg": "#4D394B",
    "hover_item": "#3E313C",
    "menu_bg": "#3E313C",
    "text_color": "#FFFFFF"
  }
}
[05/07/18, 18:28:21:363] info: Store: STORE_API_TOKEN
{
  "teamId": "T02R0MMHK",
  "token": "xoxs-⋯"
}
[05/07/18, 18:28:21:421] info: Store: UPDATE_TEAM_ICONS
{
  "icons": {
    "image_102": "https://slack-files2.s3-us-west-2.amazonaws.com/avatars/2015-01-14/3400695805_06e3ed8a8ae7228d7c54_102.jpg",
    "image_132": "https://slack-files2.s3-us-west-2.amazonaws.com/avatars/2015-01-14/3400695805_06e3ed8a8ae7228d7c54_132.jpg",
    "image_230": "https://slack-files2.s3-us-west-2.amazonaws.com/avatars/2015-01-14/3400695805_06e3ed8a8ae7228d7c54_132.jpg",
    "image_34": "https://slack-files2.s3-us-west-2.amazonaws.com/avatars/2015-01-14/3400695805_06e3ed8a8ae7228d7c54_34.jpg",
    "image_44": "https://slack-files2.s3-us-west-2.amazonaws.com/avatars/2015-01-14/3400695805_06e3ed8a8ae7228d7c54_44.jpg",
    "image_68": "https://slack-files2.s3-us-west-2.amazonaws.com/avatars/2015-01-14/3400695805_06e3ed8a8ae7228d7c54_68.jpg",
    "image_88": "https://slack-files2.s3-us-west-2.amazonaws.com/avatars/2015-01-14/3400695805_06e3ed8a8ae7228d7c54_88.jpg",
    "image_original": "https://slack-files2.s3-us-west-2.amazonaws.com/avatars/2015-01-14/3400695805_06e3ed8a8ae7228d7c54_original.jpg"
  },
  "teamId": "T02R0MMHK"
}
[05/07/18, 18:28:21:673] info: Store: SELECT_CHANNEL G7GGG2GPN
[05/07/18, 18:28:21:789] info: Store: UPDATE_TEAM_ICONS
{
  "icons": {
    "image_102": "https://slack-files2.s3-us-west-2.amazonaws.com/avatars/2017-06-28/205110093367_6705e64b9b4a8299bd1f_102.png",
    "image_132": "https://slack-files2.s3-us-west-2.amazonaws.com/avatars/2017-06-28/205110093367_6705e64b9b4a8299bd1f_132.png",
    "image_230": "https://slack-files2.s3-us-west-2.amazonaws.com/avatars/2017-06-28/205110093367_6705e64b9b4a8299bd1f_230.png",
    "image_34": "https://slack-files2.s3-us-west-2.amazonaws.com/avatars/2017-06-28/205110093367_6705e64b9b4a8299bd1f_34.png",
    "image_44": "https://slack-files2.s3-us-west-2.amazonaws.com/avatars/2017-06-28/205110093367_6705e64b9b4a8299bd1f_44.png",
    "image_68": "https://slack-files2.s3-us-west-2.amazonaws.com/avatars/2017-06-28/205110093367_6705e64b9b4a8299bd1f_68.png",
    "image_88": "https://slack-files2.s3-us-west-2.amazonaws.com/avatars/2017-06-28/205110093367_6705e64b9b4a8299bd1f_88.png",
    "image_original": "https://slack-files2.s3-us-west-2.amazonaws.com/avatars/2017-06-28/205110093367_6705e64b9b4a8299bd1f_original.png"
  },
  "teamId": "T5YEC6G73"
}
[05/07/18, 18:28:21:879] info: Store: UPSERT_WEB_CONTENTS
{
  "id": 5,
  "state": "loaded",
  "teamId": "T4HEMM0UR"
}
[05/07/18, 18:28:21:994] info: Store: UPDATE_TEAM_LOCALE
{
  "locale": "ja-JP"
}
[05/07/18, 18:28:22:029] info: Store: UPSERT_WEB_CONTENTS
{
  "id": 7,
  "state": "loaded",
  "teamId": "T0GFBAM8C"
}
[05/07/18, 18:28:22:189] info: Store: UPDATE_TEAM_LOCALE
{
  "locale": "en-US",
  "teamId": "T5YEC6G73"
}
[05/07/18, 18:28:22:218] info: Store: UPSERT_WEB_CONTENTS
{
  "id": 3,
  "state": "webapp-loaded",
  "teamId": "T5YEC6G73"
}
[05/07/18, 18:28:22:236] info: Store: UPDATE_SESSION_STATUS
{
  "hasValidSession": true,
  "teamId": "T4HEMM0UR"
}
[05/07/18, 18:28:22:386] info: Store: UPDATE_SESSION_STATUS
{
  "hasValidSession": true,
  "teamId": "T0GFBAM8C"
}
[05/07/18, 18:28:22:531] info: Store: UPDATE_TEAM_THEME
{
  "teamId": "T5YEC6G73",
  "theme": {
    "active_item": "#4C9689",
    "active_item_text": "#FFFFFF",
    "active_presence": "#38978D",
    "badge": "#EB4D5C",
    "column_bg": "#4D394B",
    "hover_item": "#3E313C",
    "menu_bg": "#3E313C",
    "text_color": "#FFFFFF"
  }
}
[05/07/18, 18:28:22:551] info: Store: UPDATE_TEAM_LOCALE
{
  "locale": "ja-JP"
}
[05/07/18, 18:28:22:554] info: Store: UPSERT_WEB_CONTENTS
{
  "id": 5,
  "state": "webapp-loaded",
  "teamId": "T4HEMM0UR"
}
[05/07/18, 18:28:22:598] info: Store: UPDATE_TEAM_LOCALE
{
  "locale": "ja-JP"
}
[05/07/18, 18:28:22:604] info: Store: UPSERT_WEB_CONTENTS
{
  "id": 7,
  "state": "webapp-loaded",
  "teamId": "T0GFBAM8C"
}
[05/07/18, 18:28:22:737] info: Store: UPDATE_TEAM_THEME
{
  "teamId": "T4HEMM0UR",
  "theme": {
    "active_item": "#4C9689",
    "active_item_text": "#FFFFFF",
    "active_presence": "#38978D",
    "badge": "#EB4D5C",
    "column_bg": "#4D394B",
    "hover_item": "#3E313C",
    "menu_bg": "#3E313C",
    "text_color": "#FFFFFF"
  }
}
[05/07/18, 18:28:22:762] info: Store: STORE_API_TOKEN
{
  "teamId": "T4HEMM0UR",
  "token": "xoxs-⋯"
}
[05/07/18, 18:28:22:769] info: Store: UPDATE_TEAM_ICONS
{
  "icons": {
    "image_102": "https://slack-files2.s3-us-west-2.amazonaws.com/avatars/2017-03-15/154610708258_f98e05c23845866960a5_102.png",
    "image_132": "https://slack-files2.s3-us-west-2.amazonaws.com/avatars/2017-03-15/154610708258_f98e05c23845866960a5_132.png",
    "image_230": "https://slack-files2.s3-us-west-2.amazonaws.com/avatars/2017-03-15/154610708258_f98e05c23845866960a5_230.png",
    "image_34": "https://slack-files2.s3-us-west-2.amazonaws.com/avatars/2017-03-15/154610708258_f98e05c23845866960a5_34.png",
    "image_44": "https://slack-files2.s3-us-west-2.amazonaws.com/avatars/2017-03-15/154610708258_f98e05c23845866960a5_44.png",
    "image_68": "https://slack-files2.s3-us-west-2.amazonaws.com/avatars/2017-03-15/154610708258_f98e05c23845866960a5_68.png",
    "image_88": "https://slack-files2.s3-us-west-2.amazonaws.com/avatars/2017-03-15/154610708258_f98e05c23845866960a5_88.png",
    "image_original": "https://slack-files2.s3-us-west-2.amazonaws.com/avatars/2017-03-15/154610708258_f98e05c23845866960a5_original.png"
  },
  "teamId": "T4HEMM0UR"
}
[05/07/18, 18:28:22:793] info: Store: UPDATE_TEAM_LOCALE
{
  "locale": "ja-JP"
}
[05/07/18, 18:28:22:796] info: Store: UPSERT_WEB_CONTENTS
{
  "id": 6,
  "state": "webapp-loaded",
  "teamId": "T5LFW0CUB"
}
[05/07/18, 18:28:22:868] info: Store: STORE_API_TOKEN
{
  "teamId": "T5YEC6G73",
  "token": "xoxs-⋯"
}
[05/07/18, 18:28:22:935] info: Store: UPDATE_TEAM_THEME
{
  "teamId": "T0GFBAM8C",
  "theme": {
    "active_item": "#4C9689",
    "active_item_text": "#FFFFFF",
    "active_presence": "#38978D",
    "badge": "#EB4D5C",
    "column_bg": "#4D394B",
    "hover_item": "#3E313C",
    "menu_bg": "#3E313C",
    "text_color": "#FFFFFF"
  }
}
[05/07/18, 18:28:22:970] info: Store: STORE_API_TOKEN
{
  "teamId": "T0GFBAM8C",
  "token": "xoxs-⋯"
}
[05/07/18, 18:28:22:998] info: Store: UPDATE_TEAM_ICONS
{
  "icons": {
    "image_102": "https://slack-files2.s3-us-west-2.amazonaws.com/avatars/2015-12-19/17054493216_07addcfb3fb1718cbba4_102.png",
    "image_132": "https://slack-files2.s3-us-west-2.amazonaws.com/avatars/2015-12-19/17054493216_07addcfb3fb1718cbba4_132.png",
    "image_230": "https://slack-files2.s3-us-west-2.amazonaws.com/avatars/2015-12-19/17054493216_07addcfb3fb1718cbba4_132.png",
    "image_34": "https://slack-files2.s3-us-west-2.amazonaws.com/avatars/2015-12-19/17054493216_07addcfb3fb1718cbba4_34.png",
    "image_44": "https://slack-files2.s3-us-west-2.amazonaws.com/avatars/2015-12-19/17054493216_07addcfb3fb1718cbba4_44.png",
    "image_68": "https://slack-files2.s3-us-west-2.amazonaws.com/avatars/2015-12-19/17054493216_07addcfb3fb1718cbba4_68.png",
    "image_88": "https://slack-files2.s3-us-west-2.amazonaws.com/avatars/2015-12-19/17054493216_07addcfb3fb1718cbba4_88.png",
    "image_original": "https://slack-files2.s3-us-west-2.amazonaws.com/avatars/2015-12-19/17054493216_07addcfb3fb1718cbba4_original.png"
  },
  "teamId": "T0GFBAM8C"
}
[05/07/18, 18:28:23:020] info: Store: STORE_API_TOKEN
{
  "teamId": "T5LFW0CUB",
  "token": "xoxs-⋯"
}
[05/07/18, 18:28:23:035] info: Store: UPDATE_TEAM_THEME
{
  "teamId": "T5LFW0CUB",
  "theme": {
    "active_item": "#4C9689",
    "active_item_text": "#FFFFFF",
    "active_presence": "#38978D",
    "badge": "#EB4D5C",
    "column_bg": "#4D394B",
    "hover_item": "#3E313C",
    "menu_bg": "#3E313C",
    "text_color": "#FFFFFF"
  }
}
[05/07/18, 18:28:23:055] info: Store: UPDATE_TEAM_ICONS
{
  "icons": {
    "image_102": "https://slack-files2.s3-us-west-2.amazonaws.com/avatars/2017-08-21/229801110004_7754c1684d8336d012c4_102.jpg",
    "image_132": "https://slack-files2.s3-us-west-2.amazonaws.com/avatars/2017-08-21/229801110004_7754c1684d8336d012c4_132.jpg",
    "image_230": "https://slack-files2.s3-us-west-2.amazonaws.com/avatars/2017-08-21/229801110004_7754c1684d8336d012c4_230.jpg",
    "image_34": "https://slack-files2.s3-us-west-2.amazonaws.com/avatars/2017-08-21/229801110004_7754c1684d8336d012c4_34.jpg",
    "image_44": "https://slack-files2.s3-us-west-2.amazonaws.com/avatars/2017-08-21/229801110004_7754c1684d8336d012c4_44.jpg",
    "image_68": "https://slack-files2.s3-us-west-2.amazonaws.com/avatars/2017-08-21/229801110004_7754c1684d8336d012c4_68.jpg",
    "image_88": "https://slack-files2.s3-us-west-2.amazonaws.com/avatars/2017-08-21/229801110004_7754c1684d8336d012c4_88.jpg",
    "image_original": "https://slack-files2.s3-us-west-2.amazonaws.com/avatars/2017-08-21/229801110004_7754c1684d8336d012c4_original.jpg"
  },
  "teamId": "T5LFW0CUB"
}
[05/07/18, 18:28:29:793] info: Store: SELECT_CHANNEL DA5E079JP
[05/07/18, 18:29:17:306] info: Store: SAVE_WINDOW_SETTINGS
{
  "isMaximized": false,
  "position": [
    966,
    44
  ],
  "size": [
    942,
    1024
  ]
}
