[05/08/18, 11:12:01:471] info: ╔════════════════════════════════════════════════════════════════════════════╗
[05/08/18, 11:12:01:472] info: ║      Slack 3.1.1, linux 4.16.6-1-zen on x64 at 05/08/18, 11:12:01:460      ║
[05/08/18, 11:12:01:472] info: ╚════════════════════════════════════════════════════════════════════════════╝
[05/08/18, 11:12:01:651] info: Initializing local storage instance at path: /home/nitoli/.config/Slack/local-settings.json
[05/08/18, 11:12:02:226] error: Calls failed to load, bailing
[05/08/18, 11:12:02:228] info: cld3::loadModule: loading cld3 module
[05/08/18, 11:12:02:291] info: cld3Loader::loadModule: running environment is NODE
[05/08/18, 11:12:02:291] info: cld3Loader::loadModule: constructed module object for runtime
[05/08/18, 11:12:02:877] info: cld3Loader::initializeRuntime: successfully initialized module
[05/08/18, 11:12:02:878] info: cld3Loader::loadModule: initialized wasm binary Runtime
[05/08/18, 11:12:02:885] warn: updateSpellcheckerLanguage: Tried to update language, but spellchecker not initialized
[05/08/18, 11:12:02:885] info: TranslationLookup: locale set to ja-JP for renderer
[05/08/18, 11:12:02:886] info: SSBIntegration: Main window preload script loaded 2039.005855
[05/08/18, 11:12:02:924] info: Store: UPSERT_WEB_CONTENTS
{
  "id": 3,
  "state": "loaded",
  "teamId": "T5LFW0CUB"
}
[05/08/18, 11:12:02:947] info: Store: UPSERT_WEB_CONTENTS
{
  "id": 3,
  "state": "empty-page",
  "teamId": "T5LFW0CUB"
}
[05/08/18, 11:12:02:963] info: Store: UPSERT_WEB_CONTENTS
{
  "id": 3,
  "state": "page-will-navigate",
  "teamId": "T5LFW0CUB"
}
[05/08/18, 11:12:02:973] info: Window is unloading, winssb is no longer accessible
[05/08/18, 11:12:02:977] info: Store: UPSERT_WEB_CONTENTS
{
  "id": 7,
  "state": "loaded",
  "teamId": "T0GFBAM8C"
}
[05/08/18, 11:12:02:998] info: Store: UPSERT_WEB_CONTENTS
{
  "id": 7,
  "state": "empty-page",
  "teamId": "T0GFBAM8C"
}
[05/08/18, 11:12:03:005] info: Store: UPSERT_WEB_CONTENTS
{
  "id": 7,
  "state": "page-will-navigate",
  "teamId": "T0GFBAM8C"
}
