[05/05/18, 01:27:18:970] info: ╔════════════════════════════════════════════════════════════════════════════╗
[05/05/18, 01:27:18:972] info: ║      Slack 3.1.1, linux 4.16.6-1-zen on x64 at 05/05/18, 01:27:18:966      ║
[05/05/18, 01:27:18:972] info: ╚════════════════════════════════════════════════════════════════════════════╝
[05/05/18, 01:27:19:215] info: Initializing local storage instance at path: /home/nitoli/.config/Slack/local-settings.json
[05/05/18, 01:27:20:492] error: Calls failed to load, bailing
[05/05/18, 01:27:20:509] info: cld3::loadModule: loading cld3 module
[05/05/18, 01:27:20:588] info: cld3Loader::loadModule: running environment is NODE
[05/05/18, 01:27:20:588] info: cld3Loader::loadModule: constructed module object for runtime
[05/05/18, 01:27:21:144] info: cld3Loader::initializeRuntime: successfully initialized module
[05/05/18, 01:27:21:144] info: cld3Loader::loadModule: initialized wasm binary Runtime
[05/05/18, 01:27:21:167] warn: updateSpellcheckerLanguage: Tried to update language, but spellchecker not initialized
[05/05/18, 01:27:21:168] info: SSBIntegration: Main window preload script loaded 2889.305482
[05/05/18, 01:27:33:670] info: Store: SELECT_CHANNEL DAHC8TMSR
[05/05/18, 01:27:33:679] info: Store: UPDATE_TEAM_LOCALE
{
  "locale": "en-US"
}
[05/05/18, 01:27:33:684] info: Store: UPDATE_SETTINGS
{
  "locale": "en-US"
}
[05/05/18, 01:27:33:685] info: Store: SELECT_CHANNEL C8Y1H7TEE
[05/05/18, 01:27:33:685] info: Store: UPDATE_TEAM_LOCALE
{
  "locale": "en-US"
}
[05/05/18, 01:27:33:705] info: Store: UPSERT_WEB_CONTENTS
{
  "id": 3,
  "state": "loaded",
  "teamId": "T02R0MMHK"
}
[05/05/18, 01:27:33:706] info: Store: UPSERT_WEB_CONTENTS
{
  "id": 4,
  "state": "loaded",
  "teamId": "T5YEC6G73"
}
[05/05/18, 01:27:33:723] info: Store: SELECT_CHANNEL C4JRHEQB1
[05/05/18, 01:27:33:725] info: Store: UPDATE_TEAM_LOCALE
{
  "locale": "ja-JP"
}
[05/05/18, 01:27:33:725] info: Store: SELECT_CHANNEL G7GGG2GPN
[05/05/18, 01:27:33:727] info: Store: SELECT_CHANNEL C0GFH3RHU
[05/05/18, 01:27:33:727] info: Store: UPDATE_TEAM_LOCALE
{
  "locale": "ja-JP"
}
[05/05/18, 01:27:33:728] info: Store: UPDATE_TEAM_LOCALE
{
  "locale": "ja-JP"
}
[05/05/18, 01:27:33:745] info: Store: UPDATE_TEAM_LOCALE
{
  "locale": "en-US"
}
[05/05/18, 01:27:33:745] info: Store: UPSERT_WEB_CONTENTS
{
  "id": 4,
  "state": "webapp-loaded",
  "teamId": "T5YEC6G73"
}
[05/05/18, 01:27:33:747] info: Store: UPDATE_SESSION_STATUS
{
  "hasValidSession": true,
  "teamId": "T5YEC6G73"
}
[05/05/18, 01:27:33:748] info: Store: UPDATE_SESSION_STATUS
{
  "hasValidSession": true,
  "teamId": "T02R0MMHK"
}
[05/05/18, 01:27:33:748] info: Store: UPSERT_WEB_CONTENTS
{
  "id": 5,
  "state": "loaded",
  "teamId": "T4HEMM0UR"
}
[05/05/18, 01:27:33:749] info: Store: UPDATE_TEAM_THEME
{
  "teamId": "T5YEC6G73",
  "theme": {
    "active_item": "#4C9689",
    "active_item_text": "#FFFFFF",
    "active_presence": "#38978D",
    "badge": "#EB4D5C",
    "column_bg": "#4D394B",
    "hover_item": "#3E313C",
    "menu_bg": "#3E313C",
    "text_color": "#FFFFFF"
  }
}
[05/05/18, 01:27:33:757] info: Store: STORE_API_TOKEN
{
  "teamId": "T5YEC6G73",
  "token": "xoxs-⋯"
}
[05/05/18, 01:27:33:758] info: Store: UPDATE_TEAM_ICONS
{
  "icons": {
    "image_102": "https://slack-files2.s3-us-west-2.amazonaws.com/avatars/2017-06-28/205110093367_6705e64b9b4a8299bd1f_102.png",
    "image_132": "https://slack-files2.s3-us-west-2.amazonaws.com/avatars/2017-06-28/205110093367_6705e64b9b4a8299bd1f_132.png",
    "image_230": "https://slack-files2.s3-us-west-2.amazonaws.com/avatars/2017-06-28/205110093367_6705e64b9b4a8299bd1f_230.png",
    "image_34": "https://slack-files2.s3-us-west-2.amazonaws.com/avatars/2017-06-28/205110093367_6705e64b9b4a8299bd1f_34.png",
    "image_44": "https://slack-files2.s3-us-west-2.amazonaws.com/avatars/2017-06-28/205110093367_6705e64b9b4a8299bd1f_44.png",
    "image_68": "https://slack-files2.s3-us-west-2.amazonaws.com/avatars/2017-06-28/205110093367_6705e64b9b4a8299bd1f_68.png",
    "image_88": "https://slack-files2.s3-us-west-2.amazonaws.com/avatars/2017-06-28/205110093367_6705e64b9b4a8299bd1f_88.png",
    "image_original": "https://slack-files2.s3-us-west-2.amazonaws.com/avatars/2017-06-28/205110093367_6705e64b9b4a8299bd1f_original.png"
  },
  "teamId": "T5YEC6G73"
}
[05/05/18, 01:27:33:759] info: Store: UPSERT_WEB_CONTENTS
{
  "id": 6,
  "state": "loaded",
  "teamId": "T5LFW0CUB"
}
[05/05/18, 01:27:33:761] info: Store: UPSERT_WEB_CONTENTS
{
  "id": 7,
  "state": "loaded",
  "teamId": "T0GFBAM8C"
}
[05/05/18, 01:27:33:762] info: Store: UPDATE_TEAM_LOCALE
{
  "locale": "en-US"
}
[05/05/18, 01:27:33:768] info: Store: UPSERT_WEB_CONTENTS
{
  "id": 3,
  "state": "webapp-loaded",
  "teamId": "T02R0MMHK"
}
[05/05/18, 01:27:33:919] info: Store: UPDATE_TEAM_LOCALE
{
  "locale": "ja-JP"
}
[05/05/18, 01:27:33:921] info: Store: UPSERT_WEB_CONTENTS
{
  "id": 5,
  "state": "webapp-loaded",
  "teamId": "T4HEMM0UR"
}
[05/05/18, 01:27:33:922] info: Store: UPDATE_SESSION_STATUS
{
  "hasValidSession": true,
  "teamId": "T5LFW0CUB"
}
[05/05/18, 01:27:33:922] info: Store: STORE_API_TOKEN
{
  "teamId": "T4HEMM0UR",
  "token": "xoxs-⋯"
}
[05/05/18, 01:27:33:923] info: Store: UPDATE_TEAM_LOCALE
{
  "locale": "ja-JP"
}
[05/05/18, 01:27:33:928] info: Store: UPSERT_WEB_CONTENTS
{
  "id": 6,
  "state": "webapp-loaded",
  "teamId": "T5LFW0CUB"
}
[05/05/18, 01:27:33:929] info: Store: UPDATE_TEAM_THEME
{
  "teamId": "T02R0MMHK",
  "theme": {
    "active_item": "#4C9689",
    "active_item_text": "#FFFFFF",
    "active_presence": "#38978D",
    "badge": "#EB4D5C",
    "column_bg": "#4D394B",
    "hover_item": "#3E313C",
    "menu_bg": "#3E313C",
    "text_color": "#FFFFFF"
  }
}
[05/05/18, 01:27:33:932] info: Store: UPDATE_SESSION_STATUS
{
  "hasValidSession": true,
  "teamId": "T4HEMM0UR"
}
[05/05/18, 01:27:33:935] info: Store: UPDATE_TEAM_LOCALE
{
  "locale": "ja-JP"
}
[05/05/18, 01:27:33:936] info: Store: UPSERT_WEB_CONTENTS
{
  "id": 7,
  "state": "webapp-loaded",
  "teamId": "T0GFBAM8C"
}
[05/05/18, 01:27:33:944] info: Store: UPDATE_TEAM_THEME
{
  "teamId": "T5LFW0CUB",
  "theme": {
    "active_item": "#4C9689",
    "active_item_text": "#FFFFFF",
    "active_presence": "#38978D",
    "badge": "#EB4D5C",
    "column_bg": "#4D394B",
    "hover_item": "#3E313C",
    "menu_bg": "#3E313C",
    "text_color": "#FFFFFF"
  }
}
[05/05/18, 01:27:33:944] info: Store: STORE_API_TOKEN
{
  "teamId": "T5LFW0CUB",
  "token": "xoxs-⋯"
}
[05/05/18, 01:27:33:948] info: Store: UPDATE_SESSION_STATUS
{
  "hasValidSession": true,
  "teamId": "T0GFBAM8C"
}
[05/05/18, 01:27:33:949] info: Store: STORE_API_TOKEN
{
  "teamId": "T02R0MMHK",
  "token": "xoxs-⋯"
}
[05/05/18, 01:27:33:949] info: Store: UPDATE_TEAM_THEME
{
  "teamId": "T0GFBAM8C",
  "theme": {
    "active_item": "#4C9689",
    "active_item_text": "#FFFFFF",
    "active_presence": "#38978D",
    "badge": "#EB4D5C",
    "column_bg": "#4D394B",
    "hover_item": "#3E313C",
    "menu_bg": "#3E313C",
    "text_color": "#FFFFFF"
  }
}
[05/05/18, 01:27:33:954] info: Store: UPDATE_TEAM_ICONS
{
  "icons": {
    "image_102": "https://slack-files2.s3-us-west-2.amazonaws.com/avatars/2015-01-14/3400695805_06e3ed8a8ae7228d7c54_102.jpg",
    "image_132": "https://slack-files2.s3-us-west-2.amazonaws.com/avatars/2015-01-14/3400695805_06e3ed8a8ae7228d7c54_132.jpg",
    "image_230": "https://slack-files2.s3-us-west-2.amazonaws.com/avatars/2015-01-14/3400695805_06e3ed8a8ae7228d7c54_132.jpg",
    "image_34": "https://slack-files2.s3-us-west-2.amazonaws.com/avatars/2015-01-14/3400695805_06e3ed8a8ae7228d7c54_34.jpg",
    "image_44": "https://slack-files2.s3-us-west-2.amazonaws.com/avatars/2015-01-14/3400695805_06e3ed8a8ae7228d7c54_44.jpg",
    "image_68": "https://slack-files2.s3-us-west-2.amazonaws.com/avatars/2015-01-14/3400695805_06e3ed8a8ae7228d7c54_68.jpg",
    "image_88": "https://slack-files2.s3-us-west-2.amazonaws.com/avatars/2015-01-14/3400695805_06e3ed8a8ae7228d7c54_88.jpg",
    "image_original": "https://slack-files2.s3-us-west-2.amazonaws.com/avatars/2015-01-14/3400695805_06e3ed8a8ae7228d7c54_original.jpg"
  },
  "teamId": "T02R0MMHK"
}
[05/05/18, 01:27:33:955] info: Store: STORE_API_TOKEN
{
  "teamId": "T0GFBAM8C",
  "token": "xoxs-⋯"
}
[05/05/18, 01:27:34:025] info: Store: UPDATE_TEAM_ICONS
{
  "icons": {
    "image_102": "https://slack-files2.s3-us-west-2.amazonaws.com/avatars/2017-03-15/154610708258_f98e05c23845866960a5_102.png",
    "image_132": "https://slack-files2.s3-us-west-2.amazonaws.com/avatars/2017-03-15/154610708258_f98e05c23845866960a5_132.png",
    "image_230": "https://slack-files2.s3-us-west-2.amazonaws.com/avatars/2017-03-15/154610708258_f98e05c23845866960a5_230.png",
    "image_34": "https://slack-files2.s3-us-west-2.amazonaws.com/avatars/2017-03-15/154610708258_f98e05c23845866960a5_34.png",
    "image_44": "https://slack-files2.s3-us-west-2.amazonaws.com/avatars/2017-03-15/154610708258_f98e05c23845866960a5_44.png",
    "image_68": "https://slack-files2.s3-us-west-2.amazonaws.com/avatars/2017-03-15/154610708258_f98e05c23845866960a5_68.png",
    "image_88": "https://slack-files2.s3-us-west-2.amazonaws.com/avatars/2017-03-15/154610708258_f98e05c23845866960a5_88.png",
    "image_original": "https://slack-files2.s3-us-west-2.amazonaws.com/avatars/2017-03-15/154610708258_f98e05c23845866960a5_original.png"
  },
  "teamId": "T4HEMM0UR"
}
[05/05/18, 01:27:34:038] info: Store: UPDATE_TEAM_ICONS
{
  "icons": {
    "image_102": "https://slack-files2.s3-us-west-2.amazonaws.com/avatars/2015-12-19/17054493216_07addcfb3fb1718cbba4_102.png",
    "image_132": "https://slack-files2.s3-us-west-2.amazonaws.com/avatars/2015-12-19/17054493216_07addcfb3fb1718cbba4_132.png",
    "image_230": "https://slack-files2.s3-us-west-2.amazonaws.com/avatars/2015-12-19/17054493216_07addcfb3fb1718cbba4_132.png",
    "image_34": "https://slack-files2.s3-us-west-2.amazonaws.com/avatars/2015-12-19/17054493216_07addcfb3fb1718cbba4_34.png",
    "image_44": "https://slack-files2.s3-us-west-2.amazonaws.com/avatars/2015-12-19/17054493216_07addcfb3fb1718cbba4_44.png",
    "image_68": "https://slack-files2.s3-us-west-2.amazonaws.com/avatars/2015-12-19/17054493216_07addcfb3fb1718cbba4_68.png",
    "image_88": "https://slack-files2.s3-us-west-2.amazonaws.com/avatars/2015-12-19/17054493216_07addcfb3fb1718cbba4_88.png",
    "image_original": "https://slack-files2.s3-us-west-2.amazonaws.com/avatars/2015-12-19/17054493216_07addcfb3fb1718cbba4_original.png"
  },
  "teamId": "T0GFBAM8C"
}
[05/05/18, 01:27:34:038] info: Store: UPDATE_TEAM_ICONS
{
  "icons": {
    "image_102": "https://slack-files2.s3-us-west-2.amazonaws.com/avatars/2017-08-21/229801110004_7754c1684d8336d012c4_102.jpg",
    "image_132": "https://slack-files2.s3-us-west-2.amazonaws.com/avatars/2017-08-21/229801110004_7754c1684d8336d012c4_132.jpg",
    "image_230": "https://slack-files2.s3-us-west-2.amazonaws.com/avatars/2017-08-21/229801110004_7754c1684d8336d012c4_230.jpg",
    "image_34": "https://slack-files2.s3-us-west-2.amazonaws.com/avatars/2017-08-21/229801110004_7754c1684d8336d012c4_34.jpg",
    "image_44": "https://slack-files2.s3-us-west-2.amazonaws.com/avatars/2017-08-21/229801110004_7754c1684d8336d012c4_44.jpg",
    "image_68": "https://slack-files2.s3-us-west-2.amazonaws.com/avatars/2017-08-21/229801110004_7754c1684d8336d012c4_68.jpg",
    "image_88": "https://slack-files2.s3-us-west-2.amazonaws.com/avatars/2017-08-21/229801110004_7754c1684d8336d012c4_88.jpg",
    "image_original": "https://slack-files2.s3-us-west-2.amazonaws.com/avatars/2017-08-21/229801110004_7754c1684d8336d012c4_original.jpg"
  },
  "teamId": "T5LFW0CUB"
}
[05/05/18, 01:27:34:040] info: Store: UPDATE_TEAM_THEME
{
  "teamId": "T4HEMM0UR",
  "theme": {
    "active_item": "#4C9689",
    "active_item_text": "#FFFFFF",
    "active_presence": "#38978D",
    "badge": "#EB4D5C",
    "column_bg": "#4D394B",
    "hover_item": "#3E313C",
    "menu_bg": "#3E313C",
    "text_color": "#FFFFFF"
  }
}
[05/05/18, 01:30:26:713] info: Store: MAIN_WINDOW_FOCUSED
[05/05/18, 01:30:26:831] info: Store: SELECT_TEAM T5YEC6G73
[05/05/18, 01:32:10:631] info: Store: MAIN_WINDOW_FOCUSED
[05/05/18, 01:32:10:724] info: Store: SELECT_TEAM T02R0MMHK
[05/04/18, 17:03:36:020] info: Store: SET_FULL_SCREEN
[05/04/18, 19:58:29:048] info: Store: FOREGROUND_APP
[05/04/18, 19:58:29:068] info: Store: MAIN_WINDOW_FOCUSED
[05/04/18, 19:58:32:093] info: Store: MAIN_WINDOW_FOCUSED
[05/04/18, 19:58:32:218] info: Store: SELECT_TEAM T5YEC6G73
[05/04/18, 19:59:44:144] info: Store: MAIN_WINDOW_FOCUSED
[05/04/18, 19:59:44:249] info: Store: SELECT_TEAM T02R0MMHK
[05/04/18, 20:12:05:069] info: Store: NEW_NOTIFICATION
{
  "avatarImage": "https://ca.slack-edge.com/T5LFW0CUB-USLACKBOT-sv1444671949-512",
  "channel": "DAGCR0QAV",
  "content": "[REDACTED]",
  "id": "ZV9jsMhyLMWvXA4",
  "imageUri": null,
  "launchUri": "slack://channel?id=DAGCR0QAV&message=1525432324.000339&team=T5LFW0CUB",
  "msg": "1525432324.000339",
  "silent": true,
  "subtitle": "",
  "teamId": "T5LFW0CUB",
  "title": "[REDACTED]"
}
[05/04/18, 20:12:17:564] info: Store: FOREGROUND_APP
[05/04/18, 20:12:17:590] info: Store: MAIN_WINDOW_FOCUSED
[05/04/18, 20:12:19:408] info: Store: MAIN_WINDOW_FOCUSED
[05/04/18, 20:12:19:481] info: Store: SELECT_TEAM T5LFW0CUB
[05/04/18, 20:12:19:493] info: Store: UPDATE_SETTINGS
{
  "locale": "ja-JP"
}
[05/04/18, 20:12:19:493] info: TranslationLookup: locale set to ja-JP for renderer
[05/04/18, 20:12:21:420] info: Store: SELECT_CHANNEL DAGCR0QAV
[05/04/18, 20:13:34:764] info: Store: MAIN_WINDOW_FOCUSED
[05/04/18, 20:13:34:894] info: Store: SELECT_TEAM T4HEMM0UR
[05/04/18, 20:13:49:045] info: Store: MAIN_WINDOW_FOCUSED
[05/04/18, 20:13:49:153] info: Store: SELECT_TEAM T02R0MMHK
[05/04/18, 20:13:49:162] info: Store: UPDATE_SETTINGS
{
  "locale": "en-US"
}
[05/04/18, 20:13:49:162] info: TranslationLookup: locale set to en-US for renderer
[05/04/18, 20:14:02:573] info: Store: MAIN_WINDOW_FOCUSED
[05/04/18, 20:14:02:692] info: Store: SELECT_TEAM T5YEC6G73
[05/04/18, 20:14:18:861] info: Store: MAIN_WINDOW_FOCUSED
[05/04/18, 20:14:18:970] info: Store: SELECT_TEAM T0GFBAM8C
[05/04/18, 20:14:18:985] info: Store: UPDATE_SETTINGS
{
  "locale": "ja-JP"
}
[05/04/18, 20:14:18:985] info: TranslationLookup: locale set to ja-JP for renderer
[05/04/18, 20:14:20:900] info: Raw Locale list: ["C","en_US.utf8","POSIX",""]
[05/04/18, 20:14:20:900] info: Filtered Locale list: ["en_US"]
[05/04/18, 20:14:20:901] info: Counts: {"en":["en_US"]}
[05/04/18, 20:14:20:901] info: Setting en
[05/04/18, 20:14:20:901] info: Result: {"en":"en-US"}
[05/04/18, 20:14:20:907] info: Requesting to load ja-JP, alternatives are ["ja-JP","ja-JP","ja-JP"]
[05/04/18, 20:14:20:908] info: Loading dictionary for language ja-JP
[05/04/18, 20:14:20:908] info: Returning local copy: /home/nitoli/.config/Slack/dictionaries/ja-JP.bdic
[05/04/18, 20:14:20:911] info: Failed to read file /home/nitoli/.config/Slack/dictionaries/ja-JP.bdic: File exists but is most likely bogus
[05/04/18, 20:14:20:913] info: Actually downloading https://redirector.gvt1.com/edgedl/chrome/dict/ja-jp-3-0.bdic
[05/04/18, 20:14:21:349] info: Loading dictionary for language ja-JP
[05/04/18, 20:14:21:349] info: Returning local copy: /home/nitoli/.config/Slack/dictionaries/ja-JP.bdic
[05/04/18, 20:14:21:351] info: Failed to read file /home/nitoli/.config/Slack/dictionaries/ja-JP.bdic: File exists but is most likely bogus
[05/04/18, 20:14:21:353] info: Actually downloading https://redirector.gvt1.com/edgedl/chrome/dict/ja-jp-3-0.bdic
[05/04/18, 20:14:21:506] info: Loading dictionary for language ja-JP
[05/04/18, 20:14:21:506] info: Returning local copy: /home/nitoli/.config/Slack/dictionaries/ja-JP.bdic
[05/04/18, 20:14:21:507] info: Failed to read file /home/nitoli/.config/Slack/dictionaries/ja-JP.bdic: File exists but is most likely bogus
[05/04/18, 20:14:21:507] info: Actually downloading https://redirector.gvt1.com/edgedl/chrome/dict/ja-jp-3-0.bdic
[05/04/18, 20:14:21:660] info: dictionary for ja-JP_ja-JP is not available
[05/04/18, 20:14:21:662] info: Actually installing spell check provider to Electron
[05/04/18, 20:14:35:473] info: Unloading spellchecker
[05/04/18, 20:14:35:498] info: Store: MAIN_WINDOW_FOCUSED
[05/04/18, 20:14:35:499] info: Restoring spellchecker
[05/04/18, 20:14:35:499] info: Requesting to load ja-JP, alternatives are ["ja-JP","ja-JP","ja-JP"]
[05/04/18, 20:14:35:500] info: Loading dictionary for language ja-JP
[05/04/18, 20:14:35:500] info: Returning local copy: /home/nitoli/.config/Slack/dictionaries/ja-JP.bdic
[05/04/18, 20:14:35:500] info: Failed to read file /home/nitoli/.config/Slack/dictionaries/ja-JP.bdic: File exists but is most likely bogus
[05/04/18, 20:14:35:501] info: Actually downloading https://redirector.gvt1.com/edgedl/chrome/dict/ja-jp-3-0.bdic
[05/04/18, 20:14:35:873] info: Store: SELECT_TEAM T02R0MMHK
[05/04/18, 20:14:35:886] info: Unloading spellchecker
[05/04/18, 20:14:35:889] info: Unloading spellchecker
[05/04/18, 20:14:35:895] info: Store: UPDATE_SETTINGS
{
  "locale": "en-US"
}
[05/04/18, 20:14:35:896] info: TranslationLookup: locale set to en-US for renderer
[05/04/18, 20:14:35:927] info: Loading dictionary for language ja-JP
[05/04/18, 20:14:35:927] info: Returning local copy: /home/nitoli/.config/Slack/dictionaries/ja-JP.bdic
[05/04/18, 20:14:35:929] info: Failed to read file /home/nitoli/.config/Slack/dictionaries/ja-JP.bdic: File exists but is most likely bogus
[05/04/18, 20:14:35:929] info: Actually downloading https://redirector.gvt1.com/edgedl/chrome/dict/ja-jp-3-0.bdic
[05/04/18, 20:14:36:070] info: Loading dictionary for language ja-JP
[05/04/18, 20:14:36:070] info: Returning local copy: /home/nitoli/.config/Slack/dictionaries/ja-JP.bdic
[05/04/18, 20:14:36:070] info: Failed to read file /home/nitoli/.config/Slack/dictionaries/ja-JP.bdic: File exists but is most likely bogus
[05/04/18, 20:14:36:071] info: Actually downloading https://redirector.gvt1.com/edgedl/chrome/dict/ja-jp-3-0.bdic
[05/04/18, 20:14:36:262] info: dictionary for ja-JP_ja-JP is not available
[05/04/18, 20:14:37:654] info: Store: MAIN_WINDOW_FOCUSED
[05/04/18, 20:14:37:764] info: Store: SELECT_TEAM T5YEC6G73
[05/04/18, 20:14:38:851] info: Store: MAIN_WINDOW_FOCUSED
[05/04/18, 20:14:38:979] info: Store: SELECT_TEAM T02R0MMHK
[05/04/18, 20:14:39:810] info: Store: MAIN_WINDOW_FOCUSED
[05/04/18, 20:14:39:946] info: Store: SELECT_TEAM T4HEMM0UR
[05/04/18, 20:14:39:974] info: Store: UPDATE_SETTINGS
{
  "locale": "ja-JP"
}
[05/04/18, 20:14:39:975] info: TranslationLookup: locale set to ja-JP for renderer
[05/04/18, 20:14:41:276] info: Store: MAIN_WINDOW_FOCUSED
[05/04/18, 20:14:41:397] info: Store: SELECT_TEAM T5LFW0CUB
[05/04/18, 20:14:45:811] info: Store: MAIN_WINDOW_FOCUSED
[05/04/18, 20:14:46:023] info: Store: SELECT_TEAM T0GFBAM8C
[05/04/18, 20:14:46:035] info: Restoring spellchecker
[05/04/18, 20:14:46:035] info: Requesting to load ja-JP, alternatives are ["ja-JP","ja-JP","ja-JP"]
[05/04/18, 20:14:46:035] info: Loading dictionary for language ja-JP
[05/04/18, 20:14:46:036] info: Actually downloading https://redirector.gvt1.com/edgedl/chrome/dict/ja-jp-3-0.bdic
[05/04/18, 20:14:46:074] info: Restoring spellchecker
[05/04/18, 20:14:46:075] info: Requesting to load ja-JP, alternatives are ["ja-JP","ja-JP","ja-JP"]
[05/04/18, 20:14:46:075] info: Loading dictionary for language ja-JP
[05/04/18, 20:14:46:076] info: Actually downloading https://redirector.gvt1.com/edgedl/chrome/dict/ja-jp-3-0.bdic
[05/04/18, 20:14:46:560] info: Loading dictionary for language ja-JP
[05/04/18, 20:14:46:561] info: Returning local copy: /home/nitoli/.config/Slack/dictionaries/ja-JP.bdic
[05/04/18, 20:14:46:562] info: Failed to read file /home/nitoli/.config/Slack/dictionaries/ja-JP.bdic: File exists but is most likely bogus
[05/04/18, 20:14:46:564] info: Actually downloading https://redirector.gvt1.com/edgedl/chrome/dict/ja-jp-3-0.bdic
[05/04/18, 20:14:46:758] info: Loading dictionary for language ja-JP
[05/04/18, 20:14:46:758] info: Returning local copy: /home/nitoli/.config/Slack/dictionaries/ja-JP.bdic
[05/04/18, 20:14:46:761] info: Failed to read file /home/nitoli/.config/Slack/dictionaries/ja-JP.bdic: File exists but is most likely bogus
[05/04/18, 20:14:46:762] info: Actually downloading https://redirector.gvt1.com/edgedl/chrome/dict/ja-jp-3-0.bdic
[05/04/18, 20:14:46:799] info: Loading dictionary for language ja-JP
[05/04/18, 20:14:46:800] info: Returning local copy: /home/nitoli/.config/Slack/dictionaries/ja-JP.bdic
[05/04/18, 20:14:46:802] info: Failed to read file /home/nitoli/.config/Slack/dictionaries/ja-JP.bdic: File exists but is most likely bogus
[05/04/18, 20:14:46:804] info: Actually downloading https://redirector.gvt1.com/edgedl/chrome/dict/ja-jp-3-0.bdic
[05/04/18, 20:14:46:972] info: Loading dictionary for language ja-JP
[05/04/18, 20:14:46:972] info: Returning local copy: /home/nitoli/.config/Slack/dictionaries/ja-JP.bdic
[05/04/18, 20:14:46:975] info: Failed to read file /home/nitoli/.config/Slack/dictionaries/ja-JP.bdic: File exists but is most likely bogus
[05/04/18, 20:14:46:976] info: Actually downloading https://redirector.gvt1.com/edgedl/chrome/dict/ja-jp-3-0.bdic
[05/04/18, 20:14:47:103] info: dictionary for ja-JP_ja-JP is not available
[05/04/18, 20:14:47:116] info: Unloading spellchecker
[05/04/18, 20:14:47:172] info: Store: MAIN_WINDOW_FOCUSED
[05/04/18, 20:14:47:176] info: Restoring spellchecker
[05/04/18, 20:14:47:177] info: Requesting to load ja-JP, alternatives are ["ja-JP","ja-JP","ja-JP"]
[05/04/18, 20:14:47:177] info: Loading dictionary for language ja-JP
[05/04/18, 20:14:47:177] info: Returning local copy: /home/nitoli/.config/Slack/dictionaries/ja-JP.bdic
[05/04/18, 20:14:47:202] info: Failed to read file /home/nitoli/.config/Slack/dictionaries/ja-JP.bdic: File exists but is most likely bogus
[05/04/18, 20:14:47:202] info: Actually downloading https://redirector.gvt1.com/edgedl/chrome/dict/ja-jp-3-0.bdic
[05/04/18, 20:14:47:217] info: dictionary for ja-JP_ja-JP is not available
[05/04/18, 20:14:47:328] info: Loading dictionary for language ja-JP
[05/04/18, 20:14:47:328] info: Returning local copy: /home/nitoli/.config/Slack/dictionaries/ja-JP.bdic
[05/04/18, 20:14:47:330] info: Failed to read file /home/nitoli/.config/Slack/dictionaries/ja-JP.bdic: File exists but is most likely bogus
[05/04/18, 20:14:47:331] info: Actually downloading https://redirector.gvt1.com/edgedl/chrome/dict/ja-jp-3-0.bdic
[05/04/18, 20:14:47:606] info: Unloading spellchecker
[05/04/18, 20:14:47:664] info: Store: MAIN_WINDOW_FOCUSED
[05/04/18, 20:14:47:666] info: Restoring spellchecker
[05/04/18, 20:14:47:666] info: Requesting to load ja-JP, alternatives are ["ja-JP","ja-JP","ja-JP"]
[05/04/18, 20:14:47:666] info: Loading dictionary for language ja-JP
[05/04/18, 20:14:47:667] info: Returning local copy: /home/nitoli/.config/Slack/dictionaries/ja-JP.bdic
[05/04/18, 20:14:47:685] info: Loading dictionary for language ja-JP
[05/04/18, 20:14:47:685] info: Returning local copy: /home/nitoli/.config/Slack/dictionaries/ja-JP.bdic
[05/04/18, 20:14:47:685] info: Failed to read file /home/nitoli/.config/Slack/dictionaries/ja-JP.bdic: File exists but is most likely bogus
[05/04/18, 20:14:47:686] info: Actually downloading https://redirector.gvt1.com/edgedl/chrome/dict/ja-jp-3-0.bdic
[05/04/18, 20:14:47:689] info: Failed to read file /home/nitoli/.config/Slack/dictionaries/ja-JP.bdic: File exists but is most likely bogus
[05/04/18, 20:14:47:690] info: Can't clear out file, bailing
[05/04/18, 20:14:47:690] info: dictionary for ja-JP_ja-JP is not available
[05/04/18, 20:14:47:855] info: Loading dictionary for language ja-JP
[05/04/18, 20:14:47:856] info: Returning local copy: /home/nitoli/.config/Slack/dictionaries/ja-JP.bdic
[05/04/18, 20:14:47:858] info: Failed to read file /home/nitoli/.config/Slack/dictionaries/ja-JP.bdic: File exists but is most likely bogus
[05/04/18, 20:14:47:859] info: Actually downloading https://redirector.gvt1.com/edgedl/chrome/dict/ja-jp-3-0.bdic
[05/04/18, 20:14:47:886] info: Store: SELECT_TEAM T4HEMM0UR
[05/04/18, 20:14:47:893] info: Unloading spellchecker
[05/04/18, 20:14:47:900] info: Unloading spellchecker
[05/04/18, 20:14:48:007] info: Loading dictionary for language ja-JP
[05/04/18, 20:14:48:007] info: Returning local copy: /home/nitoli/.config/Slack/dictionaries/ja-JP.bdic
[05/04/18, 20:14:48:009] info: Failed to read file /home/nitoli/.config/Slack/dictionaries/ja-JP.bdic: File exists but is most likely bogus
[05/04/18, 20:14:48:016] info: Actually downloading https://redirector.gvt1.com/edgedl/chrome/dict/ja-jp-3-0.bdic
[05/04/18, 20:14:48:179] info: dictionary for ja-JP_ja-JP is not available
[05/04/18, 20:55:09:135] info: Store: NEW_NOTIFICATION
{
  "avatarImage": "https://ca.slack-edge.com/T5YEC6G73-U5Z2SMFB6-65b51f7cdf65-512",
  "channel": "C8Y1H7TEE",
  "content": "[REDACTED]",
  "id": "RoyghrhOwXnv232",
  "imageUri": null,
  "launchUri": "slack://channel?id=C8Y1H7TEE&message=1525434908.000459&team=T5YEC6G73",
  "msg": "1525434908.000459",
  "silent": true,
  "subtitle": "",
  "teamId": "T5YEC6G73",
  "title": "[REDACTED]"
}
[05/04/18, 20:55:22:251] info: Store: FOREGROUND_APP
[05/04/18, 20:55:29:758] info: Store: MAIN_WINDOW_FOCUSED
[05/04/18, 20:55:34:220] info: Store: MAIN_WINDOW_FOCUSED
[05/04/18, 20:55:34:341] info: Store: SELECT_TEAM T5YEC6G73
[05/04/18, 20:55:34:362] info: Store: UPDATE_SETTINGS
{
  "locale": "en-US"
}
[05/04/18, 20:55:34:362] info: TranslationLookup: locale set to en-US for renderer
[05/04/18, 21:16:26:522] info: Store: NEW_NOTIFICATION
{
  "avatarImage": "https://ca.slack-edge.com/T5YEC6G73-U5Z2SMFB6-65b51f7cdf65-512",
  "channel": "C8Y1H7TEE",
  "content": "[REDACTED]",
  "id": "G5kZSBiQDrAv44g",
  "imageUri": null,
  "launchUri": "slack://channel?id=C8Y1H7TEE&message=1525436186.000104&team=T5YEC6G73",
  "msg": "1525436186.000104",
  "silent": true,
  "subtitle": "",
  "teamId": "T5YEC6G73",
  "title": "[REDACTED]"
}
[05/04/18, 21:16:38:585] info: Store: FOREGROUND_APP
[05/04/18, 21:16:38:599] info: Store: MAIN_WINDOW_FOCUSED
[05/04/18, 21:20:40:666] info: Store: NEW_NOTIFICATION
{
  "avatarImage": "https://ca.slack-edge.com/T5YEC6G73-U60Q04VT6-a7586f1eca91-512",
  "channel": "C8Y1H7TEE",
  "content": "[REDACTED]",
  "id": "Oyv7f5sr1WyVD13",
  "imageUri": null,
  "launchUri": "slack://channel?id=C8Y1H7TEE&message=1525436440.000119&team=T5YEC6G73",
  "msg": "1525436440.000119",
  "silent": true,
  "subtitle": "",
  "teamId": "T5YEC6G73",
  "title": "[REDACTED]"
}
[05/04/18, 21:22:03:767] info: Store: NEW_NOTIFICATION
{
  "avatarImage": "https://ca.slack-edge.com/T5YEC6G73-U5Z2SMFB6-65b51f7cdf65-512",
  "channel": "C8Y1H7TEE",
  "content": "[REDACTED]",
  "id": "nrAZc6tZqvAyXy2",
  "imageUri": null,
  "launchUri": "slack://channel?id=C8Y1H7TEE&message=1525436523.000128&team=T5YEC6G73",
  "msg": "1525436523.000128",
  "silent": true,
  "subtitle": "",
  "teamId": "T5YEC6G73",
  "title": "[REDACTED]"
}
[05/04/18, 21:24:18:305] info: Store: NEW_NOTIFICATION
{
  "avatarImage": "https://ca.slack-edge.com/T5YEC6G73-U5Z2SMFB6-65b51f7cdf65-512",
  "channel": "C8Y1H7TEE",
  "content": "[REDACTED]",
  "id": "rRG0I2uykLppzLG",
  "imageUri": null,
  "launchUri": "slack://channel?id=C8Y1H7TEE&message=1525436657.000456&team=T5YEC6G73",
  "msg": "1525436657.000456",
  "silent": true,
  "subtitle": "",
  "teamId": "T5YEC6G73",
  "title": "[REDACTED]"
}
[05/04/18, 21:24:33:135] info: Store: NEW_NOTIFICATION
{
  "avatarImage": "https://ca.slack-edge.com/T5YEC6G73-U5Z2SMFB6-65b51f7cdf65-512",
  "channel": "C8Y1H7TEE",
  "content": "[REDACTED]",
  "id": "32qls9CDVOxxO0O",
  "imageUri": null,
  "launchUri": "slack://channel?id=C8Y1H7TEE&message=1525436672.000397&team=T5YEC6G73",
  "msg": "1525436672.000397",
  "silent": true,
  "subtitle": "",
  "teamId": "T5YEC6G73",
  "title": "[REDACTED]"
}
[05/04/18, 21:29:34:608] info: Store: NEW_NOTIFICATION
{
  "avatarImage": "https://ca.slack-edge.com/T5YEC6G73-U5Z2SMFB6-65b51f7cdf65-512",
  "channel": "C8Y1H7TEE",
  "content": "[REDACTED]",
  "id": "APLnsnFYKB7D7ZL",
  "imageUri": null,
  "launchUri": "slack://channel?id=C8Y1H7TEE&message=1525436974.000149&team=T5YEC6G73",
  "msg": "1525436974.000149",
  "silent": true,
  "subtitle": "",
  "teamId": "T5YEC6G73",
  "title": "[REDACTED]"
}
[05/04/18, 21:30:25:702] info: Store: NEW_NOTIFICATION
{
  "avatarImage": "https://ca.slack-edge.com/T5YEC6G73-U5Z2SMFB6-65b51f7cdf65-512",
  "channel": "C8Y1H7TEE",
  "content": "[REDACTED]",
  "id": "pQDgUyHGlxAmqy2",
  "imageUri": null,
  "launchUri": "slack://channel?id=C8Y1H7TEE&message=1525437025.000177&team=T5YEC6G73",
  "msg": "1525437025.000177",
  "silent": true,
  "subtitle": "",
  "teamId": "T5YEC6G73",
  "title": "[REDACTED]"
}
[05/04/18, 21:31:21:002] info: Store: NEW_NOTIFICATION
{
  "avatarImage": "https://ca.slack-edge.com/T5YEC6G73-U5Z2SMFB6-65b51f7cdf65-512",
  "channel": "C8Y1H7TEE",
  "content": "[REDACTED]",
  "id": "rRG0I4IykLpZKPv",
  "imageUri": null,
  "launchUri": "slack://channel?id=C8Y1H7TEE&message=1525437080.000306&team=T5YEC6G73",
  "msg": "1525437080.000306",
  "silent": true,
  "subtitle": "",
  "teamId": "T5YEC6G73",
  "title": "[REDACTED]"
}
[05/04/18, 21:32:38:561] info: Store: NEW_NOTIFICATION
{
  "avatarImage": "https://ca.slack-edge.com/T5YEC6G73-U5Z2SMFB6-65b51f7cdf65-512",
  "channel": "C8Y1H7TEE",
  "content": "[REDACTED]",
  "id": "1rojcxSXZm6j7R4",
  "imageUri": null,
  "launchUri": "slack://channel?id=C8Y1H7TEE&message=1525437158.000084&team=T5YEC6G73",
  "msg": "1525437158.000084",
  "silent": true,
  "subtitle": "",
  "teamId": "T5YEC6G73",
  "title": "[REDACTED]"
}
