[05/07/18, 21:15:52:536] info: ╔════════════════════════════════════════════════════════════════════════════╗
[05/07/18, 21:15:52:537] info: ║      Slack 3.1.1, linux 4.16.6-1-zen on x64 at 05/07/18, 21:15:52:521      ║
[05/07/18, 21:15:52:537] info: ╚════════════════════════════════════════════════════════════════════════════╝
[05/07/18, 21:15:52:877] info: Initializing local storage instance at path: /home/nitoli/.config/Slack/local-settings.json
[05/07/18, 21:15:53:940] error: Calls failed to load, bailing
[05/07/18, 21:15:53:952] info: cld3::loadModule: loading cld3 module
[05/07/18, 21:15:54:083] info: cld3Loader::loadModule: running environment is NODE
[05/07/18, 21:15:54:084] info: cld3Loader::loadModule: constructed module object for runtime
[05/07/18, 21:15:54:756] info: cld3Loader::initializeRuntime: successfully initialized module
[05/07/18, 21:15:54:756] info: cld3Loader::loadModule: initialized wasm binary Runtime
[05/07/18, 21:15:54:762] warn: updateSpellcheckerLanguage: Tried to update language, but spellchecker not initialized
[05/07/18, 21:15:54:763] info: SSBIntegration: Main window preload script loaded 3160.697695
[05/07/18, 21:15:54:779] info: Store: UPSERT_WEB_CONTENTS
{
  "id": 3,
  "state": "loaded",
  "teamId": "T5YEC6G73"
}
[05/07/18, 21:15:54:782] info: Store: UPSERT_WEB_CONTENTS
{
  "id": 3,
  "state": "empty-page",
  "teamId": "T5YEC6G73"
}
[05/07/18, 21:15:54:783] info: Store: UPSERT_WEB_CONTENTS
{
  "id": 4,
  "state": "loaded",
  "teamId": "T02R0MMHK"
}
[05/07/18, 21:15:54:783] info: Store: UPSERT_WEB_CONTENTS
{
  "id": 3,
  "state": "page-will-navigate",
  "teamId": "T5YEC6G73"
}
[05/07/18, 21:15:54:784] info: Store: UPSERT_WEB_CONTENTS
{
  "id": 4,
  "state": "empty-page",
  "teamId": "T02R0MMHK"
}
[05/07/18, 21:15:54:784] info: Store: UPSERT_WEB_CONTENTS
{
  "id": 4,
  "state": "page-will-navigate",
  "teamId": "T02R0MMHK"
}
[05/07/18, 21:15:54:785] info: Store: UPSERT_WEB_CONTENTS
{
  "id": 5,
  "state": "loaded",
  "teamId": "T4HEMM0UR"
}
[05/07/18, 21:15:54:785] info: Store: UPSERT_WEB_CONTENTS
{
  "id": 5,
  "state": "empty-page",
  "teamId": "T4HEMM0UR"
}
[05/07/18, 21:15:54:786] info: Store: UPSERT_WEB_CONTENTS
{
  "id": 5,
  "state": "page-will-navigate",
  "teamId": "T4HEMM0UR"
}
[05/07/18, 21:15:54:787] info: Store: UPSERT_WEB_CONTENTS
{
  "id": 7,
  "state": "loaded",
  "teamId": "T0GFBAM8C"
}
[05/07/18, 21:15:54:800] info: Store: UPSERT_WEB_CONTENTS
{
  "id": 7,
  "state": "empty-page",
  "teamId": "T0GFBAM8C"
}
[05/07/18, 21:15:54:807] info: Store: UPSERT_WEB_CONTENTS
{
  "id": 7,
  "state": "page-will-navigate",
  "teamId": "T0GFBAM8C"
}
[05/07/18, 21:15:54:808] info: Window is unloading, winssb is no longer accessible
[05/07/18, 21:15:54:828] info: Store: UPSERT_WEB_CONTENTS
{
  "id": 6,
  "state": "loaded",
  "teamId": "T5LFW0CUB"
}
[05/07/18, 21:15:54:856] info: Store: UPSERT_WEB_CONTENTS
{
  "id": 6,
  "state": "empty-page",
  "teamId": "T5LFW0CUB"
}
[05/07/18, 21:15:54:879] info: Store: UPSERT_WEB_CONTENTS
{
  "id": 6,
  "state": "page-will-navigate",
  "teamId": "T5LFW0CUB"
}
[05/07/18, 21:15:55:300] info: Store: SET_NETWORK_STATUS offline
[05/07/18, 21:15:55:822] info: Store: UPDATE_SESSION_STATUS
{
  "hasValidSession": true,
  "teamId": "T4HEMM0UR"
}
[05/07/18, 21:15:55:846] info: Store: UPDATE_SESSION_STATUS
{
  "hasValidSession": true,
  "teamId": "T02R0MMHK"
}
[05/07/18, 21:15:55:847] info: Store: UPDATE_SESSION_STATUS
{
  "hasValidSession": true,
  "teamId": "T5YEC6G73"
}
[05/07/18, 21:15:55:849] info: Store: UPDATE_SESSION_STATUS
{
  "hasValidSession": true,
  "teamId": "T0GFBAM8C"
}
[05/07/18, 21:15:55:855] info: Store: UPDATE_SESSION_STATUS
{
  "hasValidSession": true,
  "teamId": "T5LFW0CUB"
}
[05/07/18, 21:15:56:238] info: Store: SET_NETWORK_STATUS online
[05/07/18, 21:15:56:245] info: Store: MAIN_WINDOW_SHOWN
