[04/17/18, 01:07:41:567] info: ╔══════════════════════════════════════════════════════════════════════════════╗
[04/17/18, 01:07:41:572] info: ║      Slack 3.1.1, linux 4.15.15-1-ARCH on x64 at 04/17/18, 01:07:41:565      ║
[04/17/18, 01:07:41:573] info: ╚══════════════════════════════════════════════════════════════════════════════╝
[04/17/18, 01:07:41:692] info: Initializing local storage instance at path: /home/nitoli/.config/Slack/local-settings.json
[04/17/18, 01:07:42:116] error: Calls failed to load, bailing
[04/17/18, 01:07:42:121] info: cld3::loadModule: loading cld3 module
[04/17/18, 01:07:42:149] info: cld3Loader::loadModule: running environment is NODE
[04/17/18, 01:07:42:149] info: cld3Loader::loadModule: constructed module object for runtime
[04/17/18, 01:07:42:413] info: cld3Loader::initializeRuntime: successfully initialized module
[04/17/18, 01:07:42:413] info: cld3Loader::loadModule: initialized wasm binary Runtime
[04/17/18, 01:07:42:416] warn: updateSpellcheckerLanguage: Tried to update language, but spellchecker not initialized
[04/17/18, 01:07:42:417] info: SSBIntegration: Main window preload script loaded 1250.852108
[04/17/18, 01:07:46:371] info: Store: UPSERT_WEB_CONTENTS
{
  "id": 3,
  "state": "loaded",
  "teamId": "T5YEC6G73"
}
[04/17/18, 01:07:47:321] info: postLoadTaskSetup: Desktop client fully loaded
{
  "loadedTime": 83696.195113
}
[04/17/18, 01:07:47:697] info: Store: UPDATE_SESSION_STATUS
{
  "hasValidSession": true,
  "teamId": "T5YEC6G73"
}
[04/17/18, 01:07:47:699] info: Store: SELECT_CHANNEL C5ZRU2HSB
[04/17/18, 01:07:47:700] info: Store: UPDATE_TEAM_LOCALE
{
  "locale": "ja-JP",
  "teamId": "T5YEC6G73"
}
[04/17/18, 01:07:47:700] info: Store: UPDATE_SETTINGS
{
  "locale": "ja-JP"
}
[04/17/18, 01:07:47:701] info: TranslationLookup: locale set to ja-JP for renderer
[04/17/18, 01:07:47:862] info: Store: UPDATE_TEAM_THEME
{
  "teamId": "T5YEC6G73",
  "theme": {
    "active_item": "#4C9689",
    "active_item_text": "#FFFFFF",
    "active_presence": "#38978D",
    "badge": "#EB4D5C",
    "column_bg": "#4D394B",
    "hover_item": "#3E313C",
    "menu_bg": "#3E313C",
    "text_color": "#FFFFFF"
  }
}
[04/17/18, 01:07:47:863] info: Store: UPDATE_TEAM_ICONS
{
  "icons": {
    "image_102": "https://slack-files2.s3-us-west-2.amazonaws.com/avatars/2017-06-28/205110093367_6705e64b9b4a8299bd1f_102.png",
    "image_132": "https://slack-files2.s3-us-west-2.amazonaws.com/avatars/2017-06-28/205110093367_6705e64b9b4a8299bd1f_132.png",
    "image_230": "https://slack-files2.s3-us-west-2.amazonaws.com/avatars/2017-06-28/205110093367_6705e64b9b4a8299bd1f_230.png",
    "image_34": "https://slack-files2.s3-us-west-2.amazonaws.com/avatars/2017-06-28/205110093367_6705e64b9b4a8299bd1f_34.png",
    "image_44": "https://slack-files2.s3-us-west-2.amazonaws.com/avatars/2017-06-28/205110093367_6705e64b9b4a8299bd1f_44.png",
    "image_68": "https://slack-files2.s3-us-west-2.amazonaws.com/avatars/2017-06-28/205110093367_6705e64b9b4a8299bd1f_68.png",
    "image_88": "https://slack-files2.s3-us-west-2.amazonaws.com/avatars/2017-06-28/205110093367_6705e64b9b4a8299bd1f_88.png",
    "image_original": "https://slack-files2.s3-us-west-2.amazonaws.com/avatars/2017-06-28/205110093367_6705e64b9b4a8299bd1f_original.png"
  },
  "teamId": "T5YEC6G73"
}
[04/17/18, 01:07:47:863] info: Store: UPDATE_TEAM_LOCALE
{
  "locale": "ja-JP",
  "teamId": "T5YEC6G73"
}
[04/17/18, 01:07:47:864] info: Store: UPSERT_WEB_CONTENTS
{
  "id": 3,
  "state": "webapp-loaded",
  "teamId": "T5YEC6G73"
}
[04/17/18, 01:07:47:922] info: Store: STORE_API_TOKEN
{
  "teamId": "T5YEC6G73",
  "token": "xoxs-⋯"
}
[04/17/18, 01:07:48:960] info: Raw Locale list: ["C","en_US.utf8","POSIX",""]
[04/17/18, 01:07:48:960] info: Filtered Locale list: ["en_US"]
[04/17/18, 01:07:48:961] info: Counts: {"en":["en_US"]}
[04/17/18, 01:07:48:961] info: Setting en
[04/17/18, 01:07:48:961] info: Result: {"en":"en-US"}
[04/17/18, 01:07:48:963] info: Requesting to load ja-JP, alternatives are ["ja-JP","ja-JP","ja-JP"]
[04/17/18, 01:07:48:964] info: Loading dictionary for language ja-JP
[04/17/18, 01:07:48:964] info: Actually downloading https://redirector.gvt1.com/edgedl/chrome/dict/ja-jp-3-0.bdic
[04/17/18, 01:07:49:004] info: Requesting to load ja-JP, alternatives are ["ja-JP","ja-JP","ja-JP"]
[04/17/18, 01:07:49:005] info: Loading dictionary for language ja-JP
[04/17/18, 01:07:49:005] info: Actually downloading https://redirector.gvt1.com/edgedl/chrome/dict/ja-jp-3-0.bdic
[04/17/18, 01:07:50:268] info: Loading dictionary for language ja-JP
[04/17/18, 01:07:50:269] info: Returning local copy: /home/nitoli/.config/Slack/dictionaries/ja-JP.bdic
[04/17/18, 01:07:50:273] info: Failed to read file /home/nitoli/.config/Slack/dictionaries/ja-JP.bdic: File exists but is most likely bogus
[04/17/18, 01:07:50:274] info: Actually downloading https://redirector.gvt1.com/edgedl/chrome/dict/ja-jp-3-0.bdic
[04/17/18, 01:07:50:436] info: Loading dictionary for language ja-JP
[04/17/18, 01:07:50:437] info: Returning local copy: /home/nitoli/.config/Slack/dictionaries/ja-JP.bdic
[04/17/18, 01:07:50:439] info: Failed to read file /home/nitoli/.config/Slack/dictionaries/ja-JP.bdic: File exists but is most likely bogus
[04/17/18, 01:07:50:440] info: Actually downloading https://redirector.gvt1.com/edgedl/chrome/dict/ja-jp-3-0.bdic
[04/17/18, 01:07:50:655] info: Loading dictionary for language ja-JP
[04/17/18, 01:07:50:655] info: Returning local copy: /home/nitoli/.config/Slack/dictionaries/ja-JP.bdic
[04/17/18, 01:07:50:657] info: Failed to read file /home/nitoli/.config/Slack/dictionaries/ja-JP.bdic: File exists but is most likely bogus
[04/17/18, 01:07:50:659] info: Actually downloading https://redirector.gvt1.com/edgedl/chrome/dict/ja-jp-3-0.bdic
[04/17/18, 01:07:50:855] info: Loading dictionary for language ja-JP
[04/17/18, 01:07:50:856] info: Returning local copy: /home/nitoli/.config/Slack/dictionaries/ja-JP.bdic
[04/17/18, 01:07:50:858] info: Failed to read file /home/nitoli/.config/Slack/dictionaries/ja-JP.bdic: File exists but is most likely bogus
[04/17/18, 01:07:50:860] info: Actually downloading https://redirector.gvt1.com/edgedl/chrome/dict/ja-jp-3-0.bdic
[04/17/18, 01:07:51:063] info: dictionary for ja-JP_ja-JP is not available
[04/17/18, 01:07:51:065] info: Actually installing spell check provider to Electron
[04/17/18, 01:07:51:264] info: dictionary for ja-JP_ja-JP is not available
[04/17/18, 01:07:56:171] warn: Unable to read quiet hours setting: windows-quiet-hours works only on Windows
[04/17/18, 01:07:56:171] warn: Unable to read quiet hours setting: windows-quiet-hours works only on Windows
[04/17/18, 01:07:56:188] info: Store: NEW_NOTIFICATION
{
  "avatarImage": "https://ca.slack-edge.com/T5YEC6G73-U603XNVAP-83d16d22ab82-512",
  "channel": "DA5E079JP",
  "content": "[REDACTED]",
  "id": "xrKHJhwJMn8GpA",
  "imageUri": null,
  "launchUri": "slack://channel?id=DA5E079JP&message=1523894880.000166&team=T5YEC6G73",
  "msg": "1523894880.000166",
  "silent": true,
  "subtitle": "",
  "teamId": "T5YEC6G73",
  "title": "[REDACTED]"
}
[04/17/18, 01:08:03:200] info: Unloading spellchecker
[04/17/18, 01:08:03:204] info: Unloading spellchecker
[04/17/18, 01:12:14:155] info: Restoring spellchecker
[04/17/18, 01:12:14:156] info: Requesting to load ja-JP, alternatives are ["ja-JP","ja-JP","ja-JP"]
[04/17/18, 01:12:14:157] info: Loading dictionary for language ja-JP
[04/17/18, 01:12:14:157] info: Returning local copy: /home/nitoli/.config/Slack/dictionaries/ja-JP.bdic
[04/17/18, 01:12:14:176] info: Failed to read file /home/nitoli/.config/Slack/dictionaries/ja-JP.bdic: File exists but is most likely bogus
[04/17/18, 01:12:14:176] info: Actually downloading https://redirector.gvt1.com/edgedl/chrome/dict/ja-jp-3-0.bdic
[04/17/18, 01:12:15:446] info: Store: RELOAD
{
  "everything": false
}
[04/17/18, 01:12:15:459] info: Window is unloading, winssb is no longer accessible
[04/17/18, 01:12:15:698] info: Loading dictionary for language ja-JP
[04/17/18, 01:12:15:698] info: Returning local copy: /home/nitoli/.config/Slack/dictionaries/ja-JP.bdic
[04/17/18, 01:12:15:699] info: Failed to read file /home/nitoli/.config/Slack/dictionaries/ja-JP.bdic: File exists but is most likely bogus
[04/17/18, 01:12:15:699] info: Actually downloading https://redirector.gvt1.com/edgedl/chrome/dict/ja-jp-3-0.bdic
[04/17/18, 01:12:16:163] info: Loading dictionary for language ja-JP
[04/17/18, 01:12:16:163] info: Returning local copy: /home/nitoli/.config/Slack/dictionaries/ja-JP.bdic
[04/17/18, 01:12:16:164] info: Failed to read file /home/nitoli/.config/Slack/dictionaries/ja-JP.bdic: File exists but is most likely bogus
[04/17/18, 01:12:16:164] info: Actually downloading https://redirector.gvt1.com/edgedl/chrome/dict/ja-jp-3-0.bdic
[04/17/18, 01:12:16:644] info: dictionary for ja-JP_ja-JP is not available
[04/29/18, 14:27:22:669] info: ╔════════════════════════════════════════════════════════════════════════════╗
[04/29/18, 14:27:22:671] info: ║      Slack 3.1.1, linux 4.16.4-1-zen on x64 at 04/29/18, 14:27:22:666      ║
[04/29/18, 14:27:22:671] info: ╚════════════════════════════════════════════════════════════════════════════╝
[04/29/18, 14:27:22:831] info: Initializing local storage instance at path: /home/nitoli/.config/Slack/local-settings.json
[04/29/18, 14:27:23:289] error: Calls failed to load, bailing
[04/29/18, 14:27:23:291] info: cld3::loadModule: loading cld3 module
[04/29/18, 14:27:23:321] info: cld3Loader::loadModule: running environment is NODE
[04/29/18, 14:27:23:321] info: cld3Loader::loadModule: constructed module object for runtime
[04/29/18, 14:27:23:715] info: cld3Loader::initializeRuntime: successfully initialized module
[04/29/18, 14:27:23:715] info: cld3Loader::loadModule: initialized wasm binary Runtime
[04/29/18, 14:27:23:724] warn: updateSpellcheckerLanguage: Tried to update language, but spellchecker not initialized
[04/29/18, 14:27:23:725] info: SSBIntegration: Main window preload script loaded 1692.370956
[04/29/18, 14:27:31:379] info: Store: SELECT_CHANNEL CA96US34P
[04/29/18, 14:27:31:382] info: Store: UPDATE_TEAM_LOCALE
{
  "locale": "en-US"
}
[04/29/18, 14:27:31:385] info: Store: UPDATE_SETTINGS
{
  "locale": "en-US"
}
[04/29/18, 14:27:31:390] info: Store: UPSERT_WEB_CONTENTS
{
  "id": 3,
  "state": "loaded",
  "teamId": "T5YEC6G73"
}
[04/29/18, 14:27:31:391] info: Store: SELECT_CHANNEL C4JRHEPK9
[04/29/18, 14:27:31:393] info: Store: UPDATE_TEAM_LOCALE
{
  "locale": "ja-JP"
}
[04/29/18, 14:27:31:394] info: Store: UPDATE_SESSION_STATUS
{
  "hasValidSession": true,
  "teamId": "T5YEC6G73"
}
[04/29/18, 14:27:31:395] info: Store: UPDATE_TEAM_LOCALE
{
  "locale": "en-US"
}
[04/29/18, 14:27:31:396] info: Store: UPSERT_WEB_CONTENTS
{
  "id": 3,
  "state": "webapp-loaded",
  "teamId": "T5YEC6G73"
}
[04/29/18, 14:27:31:401] info: Store: UPSERT_WEB_CONTENTS
{
  "id": 5,
  "state": "loaded",
  "teamId": "T4HEMM0UR"
}
[04/29/18, 14:27:31:448] info: Store: UPDATE_TEAM_THEME
{
  "teamId": "T5YEC6G73",
  "theme": {
    "active_item": "#4C9689",
    "active_item_text": "#FFFFFF",
    "active_presence": "#38978D",
    "badge": "#EB4D5C",
    "column_bg": "#4D394B",
    "hover_item": "#3E313C",
    "menu_bg": "#3E313C",
    "text_color": "#FFFFFF"
  }
}
[04/29/18, 14:27:31:452] info: Store: STORE_API_TOKEN
{
  "teamId": "T5YEC6G73",
  "token": "xoxs-⋯"
}
[04/29/18, 14:27:31:453] info: Store: UPDATE_SESSION_STATUS
{
  "hasValidSession": true,
  "teamId": "T4HEMM0UR"
}
[04/29/18, 14:27:31:456] info: Store: SELECT_CHANNEL C02TQ0GUS
[04/29/18, 14:27:31:459] info: Store: UPDATE_TEAM_LOCALE
{
  "locale": "en-US"
}
[04/29/18, 14:27:31:460] info: Store: UPDATE_TEAM_LOCALE
{
  "locale": "ja-JP"
}
[04/29/18, 14:27:31:461] info: Store: UPDATE_TEAM_ICONS
{
  "icons": {
    "image_102": "https://slack-files2.s3-us-west-2.amazonaws.com/avatars/2017-06-28/205110093367_6705e64b9b4a8299bd1f_102.png",
    "image_132": "https://slack-files2.s3-us-west-2.amazonaws.com/avatars/2017-06-28/205110093367_6705e64b9b4a8299bd1f_132.png",
    "image_230": "https://slack-files2.s3-us-west-2.amazonaws.com/avatars/2017-06-28/205110093367_6705e64b9b4a8299bd1f_230.png",
    "image_34": "https://slack-files2.s3-us-west-2.amazonaws.com/avatars/2017-06-28/205110093367_6705e64b9b4a8299bd1f_34.png",
    "image_44": "https://slack-files2.s3-us-west-2.amazonaws.com/avatars/2017-06-28/205110093367_6705e64b9b4a8299bd1f_44.png",
    "image_68": "https://slack-files2.s3-us-west-2.amazonaws.com/avatars/2017-06-28/205110093367_6705e64b9b4a8299bd1f_68.png",
    "image_88": "https://slack-files2.s3-us-west-2.amazonaws.com/avatars/2017-06-28/205110093367_6705e64b9b4a8299bd1f_88.png",
    "image_original": "https://slack-files2.s3-us-west-2.amazonaws.com/avatars/2017-06-28/205110093367_6705e64b9b4a8299bd1f_original.png"
  },
  "teamId": "T5YEC6G73"
}
[04/29/18, 14:27:31:462] info: Store: UPSERT_WEB_CONTENTS
{
  "id": 5,
  "state": "webapp-loaded",
  "teamId": "T4HEMM0UR"
}
[04/29/18, 14:27:31:548] info: Store: STORE_API_TOKEN
{
  "teamId": "T4HEMM0UR",
  "token": "xoxs-⋯"
}
[04/29/18, 14:27:31:548] info: Store: UPDATE_TEAM_THEME
{
  "teamId": "T4HEMM0UR",
  "theme": {
    "active_item": "#4C9689",
    "active_item_text": "#FFFFFF",
    "active_presence": "#38978D",
    "badge": "#EB4D5C",
    "column_bg": "#4D394B",
    "hover_item": "#3E313C",
    "menu_bg": "#3E313C",
    "text_color": "#FFFFFF"
  }
}
[04/29/18, 14:27:31:554] info: Store: UPDATE_TEAM_ICONS
{
  "icons": {
    "image_102": "https://slack-files2.s3-us-west-2.amazonaws.com/avatars/2017-03-15/154610708258_f98e05c23845866960a5_102.png",
    "image_132": "https://slack-files2.s3-us-west-2.amazonaws.com/avatars/2017-03-15/154610708258_f98e05c23845866960a5_132.png",
    "image_230": "https://slack-files2.s3-us-west-2.amazonaws.com/avatars/2017-03-15/154610708258_f98e05c23845866960a5_230.png",
    "image_34": "https://slack-files2.s3-us-west-2.amazonaws.com/avatars/2017-03-15/154610708258_f98e05c23845866960a5_34.png",
    "image_44": "https://slack-files2.s3-us-west-2.amazonaws.com/avatars/2017-03-15/154610708258_f98e05c23845866960a5_44.png",
    "image_68": "https://slack-files2.s3-us-west-2.amazonaws.com/avatars/2017-03-15/154610708258_f98e05c23845866960a5_68.png",
    "image_88": "https://slack-files2.s3-us-west-2.amazonaws.com/avatars/2017-03-15/154610708258_f98e05c23845866960a5_88.png",
    "image_original": "https://slack-files2.s3-us-west-2.amazonaws.com/avatars/2017-03-15/154610708258_f98e05c23845866960a5_original.png"
  },
  "teamId": "T4HEMM0UR"
}
[04/29/18, 14:27:31:625] info: Store: UPSERT_WEB_CONTENTS
{
  "id": 4,
  "state": "loaded",
  "teamId": "T02R0MMHK"
}
[04/29/18, 14:27:31:843] info: Store: UPDATE_TEAM_LOCALE
{
  "locale": "en-US"
}
[04/29/18, 14:27:31:848] info: Store: UPSERT_WEB_CONTENTS
{
  "id": 4,
  "state": "webapp-loaded",
  "teamId": "T02R0MMHK"
}
[04/29/18, 14:27:32:023] info: Store: STORE_API_TOKEN
{
  "teamId": "T02R0MMHK",
  "token": "xoxs-⋯"
}
[04/29/18, 14:27:32:031] info: Store: UPDATE_TEAM_THEME
{
  "teamId": "T02R0MMHK",
  "theme": {
    "active_item": "#4C9689",
    "active_item_text": "#FFFFFF",
    "active_presence": "#38978D",
    "badge": "#EB4D5C",
    "column_bg": "#4D394B",
    "hover_item": "#3E313C",
    "menu_bg": "#3E313C",
    "text_color": "#FFFFFF"
  }
}
[04/29/18, 14:27:32:208] info: Store: UPDATE_TEAM_ICONS
{
  "icons": {
    "image_102": "https://slack-files2.s3-us-west-2.amazonaws.com/avatars/2015-01-14/3400695805_06e3ed8a8ae7228d7c54_102.jpg",
    "image_132": "https://slack-files2.s3-us-west-2.amazonaws.com/avatars/2015-01-14/3400695805_06e3ed8a8ae7228d7c54_132.jpg",
    "image_230": "https://slack-files2.s3-us-west-2.amazonaws.com/avatars/2015-01-14/3400695805_06e3ed8a8ae7228d7c54_132.jpg",
    "image_34": "https://slack-files2.s3-us-west-2.amazonaws.com/avatars/2015-01-14/3400695805_06e3ed8a8ae7228d7c54_34.jpg",
    "image_44": "https://slack-files2.s3-us-west-2.amazonaws.com/avatars/2015-01-14/3400695805_06e3ed8a8ae7228d7c54_44.jpg",
    "image_68": "https://slack-files2.s3-us-west-2.amazonaws.com/avatars/2015-01-14/3400695805_06e3ed8a8ae7228d7c54_68.jpg",
    "image_88": "https://slack-files2.s3-us-west-2.amazonaws.com/avatars/2015-01-14/3400695805_06e3ed8a8ae7228d7c54_88.jpg",
    "image_original": "https://slack-files2.s3-us-west-2.amazonaws.com/avatars/2015-01-14/3400695805_06e3ed8a8ae7228d7c54_original.jpg"
  },
  "teamId": "T02R0MMHK"
}
[04/29/18, 14:27:32:421] info: Store: UPDATE_SESSION_STATUS
{
  "hasValidSession": true,
  "teamId": "T02R0MMHK"
}
[04/29/18, 14:29:47:181] info: Store: SELECT_CHANNEL C8Y1H7TEE
[04/29/18, 14:30:12:252] info: Store: MAIN_WINDOW_FOCUSED
[04/29/18, 14:30:12:383] info: Store: SELECT_TEAM T4HEMM0UR
[04/29/18, 14:30:12:393] info: Store: UPDATE_SETTINGS
{
  "locale": "ja-JP"
}
[04/29/18, 14:30:12:394] info: TranslationLookup: locale set to ja-JP for renderer
[04/29/18, 14:30:14:115] info: Raw Locale list: ["C","en_US.utf8","POSIX",""]
[04/29/18, 14:30:14:115] info: Filtered Locale list: ["en_US"]
[04/29/18, 14:30:14:115] info: Counts: {"en":["en_US"]}
[04/29/18, 14:30:14:115] info: Setting en
[04/29/18, 14:30:14:116] info: Result: {"en":"en-US"}
[04/29/18, 14:30:14:117] info: Requesting to load ja-JP, alternatives are ["ja-JP","ja-JP","ja-JP"]
[04/29/18, 14:30:14:118] info: Loading dictionary for language ja-JP
[04/29/18, 14:30:14:118] info: Returning local copy: /home/nitoli/.config/Slack/dictionaries/ja-JP.bdic
[04/29/18, 14:30:14:120] info: Failed to read file /home/nitoli/.config/Slack/dictionaries/ja-JP.bdic: File exists but is most likely bogus
[04/29/18, 14:30:14:121] info: Actually downloading https://redirector.gvt1.com/edgedl/chrome/dict/ja-jp-3-0.bdic
[04/29/18, 14:30:14:623] info: Loading dictionary for language ja-JP
[04/29/18, 14:30:14:623] info: Returning local copy: /home/nitoli/.config/Slack/dictionaries/ja-JP.bdic
[04/29/18, 14:30:14:628] info: Failed to read file /home/nitoli/.config/Slack/dictionaries/ja-JP.bdic: File exists but is most likely bogus
[04/29/18, 14:30:14:630] info: Actually downloading https://redirector.gvt1.com/edgedl/chrome/dict/ja-jp-3-0.bdic
[04/29/18, 14:30:14:864] info: Loading dictionary for language ja-JP
[04/29/18, 14:30:14:864] info: Returning local copy: /home/nitoli/.config/Slack/dictionaries/ja-JP.bdic
[04/29/18, 14:30:14:870] info: Failed to read file /home/nitoli/.config/Slack/dictionaries/ja-JP.bdic: File exists but is most likely bogus
[04/29/18, 14:30:14:870] info: Actually downloading https://redirector.gvt1.com/edgedl/chrome/dict/ja-jp-3-0.bdic
[04/29/18, 14:30:15:118] info: dictionary for ja-JP_ja-JP is not available
[04/29/18, 14:30:15:119] info: Actually installing spell check provider to Electron
[04/29/18, 14:30:16:846] info: Unloading spellchecker
[04/29/18, 14:30:16:849] info: Store: MAIN_WINDOW_FOCUSED
[04/29/18, 14:30:16:853] info: Restoring spellchecker
[04/29/18, 14:30:16:857] info: Requesting to load ja-JP, alternatives are ["ja-JP","ja-JP","ja-JP"]
[04/29/18, 14:30:16:859] info: Loading dictionary for language ja-JP
[04/29/18, 14:30:16:861] info: Returning local copy: /home/nitoli/.config/Slack/dictionaries/ja-JP.bdic
[04/29/18, 14:30:16:864] info: Failed to read file /home/nitoli/.config/Slack/dictionaries/ja-JP.bdic: File exists but is most likely bogus
[04/29/18, 14:30:16:865] info: Actually downloading https://redirector.gvt1.com/edgedl/chrome/dict/ja-jp-3-0.bdic
[04/29/18, 14:30:16:984] info: Store: SELECT_TEAM T02R0MMHK
[04/29/18, 14:30:17:002] info: Unloading spellchecker
[04/29/18, 14:30:17:002] info: Store: UPDATE_SETTINGS
{
  "locale": "en-US"
}
[04/29/18, 14:30:17:003] info: TranslationLookup: locale set to en-US for renderer
[04/29/18, 14:30:17:004] info: Unloading spellchecker
[04/29/18, 14:30:17:116] info: Loading dictionary for language ja-JP
[04/29/18, 14:30:17:117] info: Returning local copy: /home/nitoli/.config/Slack/dictionaries/ja-JP.bdic
[04/29/18, 14:30:17:119] info: Failed to read file /home/nitoli/.config/Slack/dictionaries/ja-JP.bdic: File exists but is most likely bogus
[04/29/18, 14:30:17:119] info: Actually downloading https://redirector.gvt1.com/edgedl/chrome/dict/ja-jp-3-0.bdic
[04/29/18, 14:30:17:371] info: Loading dictionary for language ja-JP
[04/29/18, 14:30:17:371] info: Returning local copy: /home/nitoli/.config/Slack/dictionaries/ja-JP.bdic
[04/29/18, 14:30:17:371] info: Failed to read file /home/nitoli/.config/Slack/dictionaries/ja-JP.bdic: File exists but is most likely bogus
[04/29/18, 14:30:17:372] info: Actually downloading https://redirector.gvt1.com/edgedl/chrome/dict/ja-jp-3-0.bdic
[04/29/18, 14:30:17:605] info: dictionary for ja-JP_ja-JP is not available
[04/29/18, 14:30:36:426] info: Store: MAIN_WINDOW_FOCUSED
[04/29/18, 14:30:36:569] info: Store: SELECT_TEAM T5YEC6G73
[04/29/18, 14:30:48:525] info: Store: MAIN_WINDOW_FOCUSED
[04/29/18, 14:30:48:628] info: Store: SELECT_TEAM T02R0MMHK
[04/29/18, 14:30:55:796] info: Store: MAIN_WINDOW_FOCUSED
[04/29/18, 14:30:55:872] info: Store: SELECT_TEAM T5YEC6G73
[04/29/18, 14:30:57:416] info: Store: MAIN_WINDOW_FOCUSED
[04/29/18, 14:30:57:490] info: Store: SELECT_TEAM T02R0MMHK
[04/29/18, 14:31:32:371] info: Store: SELECT_CHANNEL C04Q8GKJA
[04/29/18, 14:31:44:448] info: Store: MAIN_WINDOW_FOCUSED
[04/29/18, 14:31:44:548] info: Store: SELECT_TEAM T5YEC6G73
[04/29/18, 14:31:50:766] info: Store: SELECT_CHANNEL CA96US34P
[04/29/18, 14:32:51:167] info: Store: SELECT_CHANNEL C8Y1H7TEE
[04/29/18, 14:37:12:737] info: Store: MAIN_WINDOW_FOCUSED
[04/29/18, 14:37:12:839] info: Store: SELECT_TEAM T02R0MMHK
[04/29/18, 14:37:13:846] info: Store: MAIN_WINDOW_FOCUSED
[04/29/18, 14:37:13:980] info: Store: SELECT_TEAM T4HEMM0UR
[04/29/18, 14:37:13:989] info: Restoring spellchecker
[04/29/18, 14:37:13:990] info: Requesting to load ja-JP, alternatives are ["ja-JP","ja-JP","ja-JP"]
[04/29/18, 14:37:13:990] info: Loading dictionary for language ja-JP
[04/29/18, 14:37:13:991] info: Actually downloading https://redirector.gvt1.com/edgedl/chrome/dict/ja-jp-3-0.bdic
[04/29/18, 14:37:14:068] info: Restoring spellchecker
[04/29/18, 14:37:14:069] info: Requesting to load ja-JP, alternatives are ["ja-JP","ja-JP","ja-JP"]
[04/29/18, 14:37:14:070] info: Loading dictionary for language ja-JP
[04/29/18, 14:37:14:070] info: Actually downloading https://redirector.gvt1.com/edgedl/chrome/dict/ja-jp-3-0.bdic
[04/29/18, 14:37:14:137] info: Store: UPDATE_SETTINGS
{
  "locale": "ja-JP"
}
[04/29/18, 14:37:14:137] info: TranslationLookup: locale set to ja-JP for renderer
[04/29/18, 14:37:14:766] info: Loading dictionary for language ja-JP
[04/29/18, 14:37:14:767] info: Returning local copy: /home/nitoli/.config/Slack/dictionaries/ja-JP.bdic
[04/29/18, 14:37:14:769] info: Failed to read file /home/nitoli/.config/Slack/dictionaries/ja-JP.bdic: File exists but is most likely bogus
[04/29/18, 14:37:14:770] info: Actually downloading https://redirector.gvt1.com/edgedl/chrome/dict/ja-jp-3-0.bdic
[04/29/18, 14:37:14:896] info: Loading dictionary for language ja-JP
[04/29/18, 14:37:14:896] info: Returning local copy: /home/nitoli/.config/Slack/dictionaries/ja-JP.bdic
[04/29/18, 14:37:14:898] info: Failed to read file /home/nitoli/.config/Slack/dictionaries/ja-JP.bdic: File exists but is most likely bogus
[04/29/18, 14:37:14:899] info: Actually downloading https://redirector.gvt1.com/edgedl/chrome/dict/ja-jp-3-0.bdic
[04/29/18, 14:37:15:215] info: Loading dictionary for language ja-JP
[04/29/18, 14:37:15:215] info: Returning local copy: /home/nitoli/.config/Slack/dictionaries/ja-JP.bdic
[04/29/18, 14:37:15:217] info: Failed to read file /home/nitoli/.config/Slack/dictionaries/ja-JP.bdic: File exists but is most likely bogus
[04/29/18, 14:37:15:218] info: Actually downloading https://redirector.gvt1.com/edgedl/chrome/dict/ja-jp-3-0.bdic
[04/29/18, 14:37:15:324] info: Loading dictionary for language ja-JP
[04/29/18, 14:37:15:324] info: Returning local copy: /home/nitoli/.config/Slack/dictionaries/ja-JP.bdic
[04/29/18, 14:37:15:326] info: Failed to read file /home/nitoli/.config/Slack/dictionaries/ja-JP.bdic: File exists but is most likely bogus
[04/29/18, 14:37:15:328] info: Actually downloading https://redirector.gvt1.com/edgedl/chrome/dict/ja-jp-3-0.bdic
[04/29/18, 14:37:15:641] info: dictionary for ja-JP_ja-JP is not available
[04/29/18, 14:37:15:789] info: dictionary for ja-JP_ja-JP is not available
[04/29/18, 14:37:17:461] info: Unloading spellchecker
[04/29/18, 14:37:17:468] info: Store: MAIN_WINDOW_FOCUSED
[04/29/18, 14:37:17:469] info: Restoring spellchecker
[04/29/18, 14:37:17:470] info: Requesting to load ja-JP, alternatives are ["ja-JP","ja-JP","ja-JP"]
[04/29/18, 14:37:17:470] info: Loading dictionary for language ja-JP
[04/29/18, 14:37:17:470] info: Returning local copy: /home/nitoli/.config/Slack/dictionaries/ja-JP.bdic
[04/29/18, 14:37:17:482] info: Failed to read file /home/nitoli/.config/Slack/dictionaries/ja-JP.bdic: File exists but is most likely bogus
[04/29/18, 14:37:17:482] info: Actually downloading https://redirector.gvt1.com/edgedl/chrome/dict/ja-jp-3-0.bdic
[04/29/18, 14:37:17:593] info: Store: SELECT_TEAM T5YEC6G73
[04/29/18, 14:37:17:608] info: Unloading spellchecker
[04/29/18, 14:37:17:614] info: Unloading spellchecker
[04/29/18, 14:37:17:622] info: Store: UPDATE_SETTINGS
{
  "locale": "en-US"
}
[04/29/18, 14:37:17:623] info: TranslationLookup: locale set to en-US for renderer
[04/29/18, 14:37:17:732] info: Loading dictionary for language ja-JP
[04/29/18, 14:37:17:733] info: Returning local copy: /home/nitoli/.config/Slack/dictionaries/ja-JP.bdic
[04/29/18, 14:37:17:733] info: Failed to read file /home/nitoli/.config/Slack/dictionaries/ja-JP.bdic: File exists but is most likely bogus
[04/29/18, 14:37:17:734] info: Actually downloading https://redirector.gvt1.com/edgedl/chrome/dict/ja-jp-3-0.bdic
[04/29/18, 14:37:18:069] info: Loading dictionary for language ja-JP
[04/29/18, 14:37:18:070] info: Returning local copy: /home/nitoli/.config/Slack/dictionaries/ja-JP.bdic
[04/29/18, 14:37:18:072] info: Failed to read file /home/nitoli/.config/Slack/dictionaries/ja-JP.bdic: File exists but is most likely bogus
[04/29/18, 14:37:18:074] info: Actually downloading https://redirector.gvt1.com/edgedl/chrome/dict/ja-jp-3-0.bdic
[04/29/18, 14:37:18:535] info: dictionary for ja-JP_ja-JP is not available
[04/29/18, 14:37:18:624] info: Store: MAIN_WINDOW_FOCUSED
[04/29/18, 14:37:18:720] info: Store: SELECT_TEAM T02R0MMHK
[04/29/18, 14:37:23:506] info: Store: MAIN_WINDOW_FOCUSED
[04/29/18, 14:37:23:743] info: Store: SELECT_TEAM T5YEC6G73
[04/29/18, 14:37:29:923] info: Store: SELECT_CHANNEL DA15P1C1M
[04/29/18, 14:38:00:285] info: Store: SET_FULL_SCREEN
[04/29/18, 14:44:38:994] info: Store: FOREGROUND_APP
[04/29/18, 14:44:39:005] info: Store: MAIN_WINDOW_FOCUSED
[04/29/18, 14:44:41:539] info: Store: SELECT_CHANNEL C8Y1H7TEE
[04/29/18, 16:03:24:873] info: Store: FOREGROUND_APP
[04/29/18, 16:03:24:887] info: Store: MAIN_WINDOW_FOCUSED
