[05/07/18, 21:07:23:277] info: ╔════════════════════════════════════════════════════════════════════════════╗
[05/07/18, 21:07:23:286] info: ║      Slack 3.1.1, linux 4.16.6-1-zen on x64 at 05/07/18, 21:07:23:270      ║
[05/07/18, 21:07:23:286] info: ╚════════════════════════════════════════════════════════════════════════════╝
[05/07/18, 21:07:23:542] info: Initializing local storage instance at path: /home/nitoli/.config/Slack/local-settings.json
[05/07/18, 21:07:24:420] error: Calls failed to load, bailing
[05/07/18, 21:07:24:422] info: cld3::loadModule: loading cld3 module
[05/07/18, 21:07:24:524] info: cld3Loader::loadModule: running environment is NODE
[05/07/18, 21:07:24:525] info: cld3Loader::loadModule: constructed module object for runtime
[05/07/18, 21:07:25:408] info: cld3Loader::initializeRuntime: successfully initialized module
[05/07/18, 21:07:25:408] info: cld3Loader::loadModule: initialized wasm binary Runtime
[05/07/18, 21:07:25:421] warn: updateSpellcheckerLanguage: Tried to update language, but spellchecker not initialized
[05/07/18, 21:07:25:422] info: SSBIntegration: Main window preload script loaded 2946.678167
[05/07/18, 21:07:25:460] info: Store: UPSERT_WEB_CONTENTS
{
  "id": 7,
  "state": "loaded",
  "teamId": "T0GFBAM8C"
}
[05/07/18, 21:07:25:463] info: Store: UPSERT_WEB_CONTENTS
{
  "id": 7,
  "state": "empty-page",
  "teamId": "T0GFBAM8C"
}
[05/07/18, 21:07:25:467] info: Store: UPSERT_WEB_CONTENTS
{
  "id": 7,
  "state": "page-will-navigate",
  "teamId": "T0GFBAM8C"
}
[05/07/18, 21:07:25:476] info: Store: UPSERT_WEB_CONTENTS
{
  "id": 6,
  "state": "loaded",
  "teamId": "T5LFW0CUB"
}
[05/07/18, 21:07:25:490] info: Store: UPSERT_WEB_CONTENTS
{
  "id": 6,
  "state": "empty-page",
  "teamId": "T5LFW0CUB"
}
[05/07/18, 21:07:25:501] info: Store: UPSERT_WEB_CONTENTS
{
  "id": 3,
  "state": "loaded",
  "teamId": "T5YEC6G73"
}
[05/07/18, 21:07:25:514] info: Store: UPSERT_WEB_CONTENTS
{
  "id": 6,
  "state": "page-will-navigate",
  "teamId": "T5LFW0CUB"
}
[05/07/18, 21:07:25:521] info: Window is unloading, winssb is no longer accessible
[05/07/18, 21:07:25:536] info: Store: UPSERT_WEB_CONTENTS
{
  "id": 3,
  "state": "empty-page",
  "teamId": "T5YEC6G73"
}
[05/07/18, 21:07:25:550] info: Store: UPSERT_WEB_CONTENTS
{
  "id": 4,
  "state": "loaded",
  "teamId": "T02R0MMHK"
}
[05/07/18, 21:07:25:557] info: Store: UPSERT_WEB_CONTENTS
{
  "id": 3,
  "state": "page-will-navigate",
  "teamId": "T5YEC6G73"
}
[05/07/18, 21:07:25:595] info: Store: UPSERT_WEB_CONTENTS
{
  "id": 4,
  "state": "empty-page",
  "teamId": "T02R0MMHK"
}
[05/07/18, 21:07:25:604] info: Store: UPSERT_WEB_CONTENTS
{
  "id": 4,
  "state": "page-will-navigate",
  "teamId": "T02R0MMHK"
}
[05/07/18, 21:07:25:619] info: Store: UPSERT_WEB_CONTENTS
{
  "id": 5,
  "state": "loaded",
  "teamId": "T4HEMM0UR"
}
[05/07/18, 21:07:25:634] info: Store: UPSERT_WEB_CONTENTS
{
  "id": 5,
  "state": "empty-page",
  "teamId": "T4HEMM0UR"
}
[05/07/18, 21:07:25:642] info: Store: UPSERT_WEB_CONTENTS
{
  "id": 5,
  "state": "page-will-navigate",
  "teamId": "T4HEMM0UR"
}
[05/07/18, 21:07:25:750] info: Store: SET_NETWORK_STATUS offline
[05/07/18, 21:07:26:220] info: Store: UPDATE_SESSION_STATUS
{
  "hasValidSession": true,
  "teamId": "T0GFBAM8C"
}
[05/07/18, 21:07:26:236] info: Store: UPDATE_SESSION_STATUS
{
  "hasValidSession": true,
  "teamId": "T5LFW0CUB"
}
[05/07/18, 21:07:26:239] info: Store: UPDATE_SESSION_STATUS
{
  "hasValidSession": true,
  "teamId": "T4HEMM0UR"
}
[05/07/18, 21:07:26:262] info: Store: UPDATE_SESSION_STATUS
{
  "hasValidSession": true,
  "teamId": "T02R0MMHK"
}
[05/07/18, 21:07:26:265] info: Store: UPDATE_SESSION_STATUS
{
  "hasValidSession": true,
  "teamId": "T5YEC6G73"
}
