[05/02/18, 13:21:21:948] info: ╔════════════════════════════════════════════════════════════════════════════╗
[05/02/18, 13:21:21:949] info: ║      Slack 3.1.1, linux 4.16.5-1-zen on x64 at 05/02/18, 13:21:21:944      ║
[05/02/18, 13:21:21:949] info: ╚════════════════════════════════════════════════════════════════════════════╝
[05/02/18, 13:21:22:068] info: Initializing local storage instance at path: /home/nitoli/.config/Slack/local-settings.json
[05/02/18, 13:21:22:443] error: Calls failed to load, bailing
[05/02/18, 13:21:22:446] info: cld3::loadModule: loading cld3 module
[05/02/18, 13:21:22:474] info: cld3Loader::loadModule: running environment is NODE
[05/02/18, 13:21:22:474] info: cld3Loader::loadModule: constructed module object for runtime
[05/02/18, 13:21:22:792] info: cld3Loader::initializeRuntime: successfully initialized module
[05/02/18, 13:21:22:792] info: cld3Loader::loadModule: initialized wasm binary Runtime
[05/02/18, 13:21:22:799] warn: updateSpellcheckerLanguage: Tried to update language, but spellchecker not initialized
[05/02/18, 13:21:22:800] info: SSBIntegration: Main window preload script loaded 1131.156282
[05/02/18, 13:21:25:971] info: Store: UPSERT_WEB_CONTENTS
{
  "id": 3,
  "state": "loaded",
  "teamId": "T02R0MMHK"
}
[05/02/18, 13:21:25:982] info: Store: MAIN_WINDOW_SHOWN
[05/02/18, 13:21:28:024] info: Store: UPDATE_SESSION_STATUS
{
  "hasValidSession": true,
  "teamId": "T02R0MMHK"
}
[05/02/18, 13:21:28:390] info: postLoadTaskSetup: Desktop client fully loaded
{
  "loadedTime": 9550.454295
}
[05/02/18, 13:21:28:893] info: Store: SELECT_CHANNEL C02TQ0GUS
[05/02/18, 13:21:28:893] info: Store: UPDATE_TEAM_LOCALE
{
  "locale": "en-US",
  "teamId": "T02R0MMHK"
}
[05/02/18, 13:21:28:894] info: Store: UPDATE_SETTINGS
{
  "locale": "en-US"
}
[05/02/18, 13:21:28:894] info: Store: UPDATE_TEAM_THEME
{
  "teamId": "T02R0MMHK",
  "theme": {
    "active_item": "#4C9689",
    "active_item_text": "#FFFFFF",
    "active_presence": "#38978D",
    "badge": "#EB4D5C",
    "column_bg": "#4D394B",
    "hover_item": "#3E313C",
    "menu_bg": "#3E313C",
    "text_color": "#FFFFFF"
  }
}
[05/02/18, 13:21:29:072] info: Store: UPDATE_TEAM_ICONS
{
  "icons": {
    "image_102": "https://slack-files2.s3-us-west-2.amazonaws.com/avatars/2015-01-14/3400695805_06e3ed8a8ae7228d7c54_102.jpg",
    "image_132": "https://slack-files2.s3-us-west-2.amazonaws.com/avatars/2015-01-14/3400695805_06e3ed8a8ae7228d7c54_132.jpg",
    "image_230": "https://slack-files2.s3-us-west-2.amazonaws.com/avatars/2015-01-14/3400695805_06e3ed8a8ae7228d7c54_132.jpg",
    "image_34": "https://slack-files2.s3-us-west-2.amazonaws.com/avatars/2015-01-14/3400695805_06e3ed8a8ae7228d7c54_34.jpg",
    "image_44": "https://slack-files2.s3-us-west-2.amazonaws.com/avatars/2015-01-14/3400695805_06e3ed8a8ae7228d7c54_44.jpg",
    "image_68": "https://slack-files2.s3-us-west-2.amazonaws.com/avatars/2015-01-14/3400695805_06e3ed8a8ae7228d7c54_68.jpg",
    "image_88": "https://slack-files2.s3-us-west-2.amazonaws.com/avatars/2015-01-14/3400695805_06e3ed8a8ae7228d7c54_88.jpg",
    "image_original": "https://slack-files2.s3-us-west-2.amazonaws.com/avatars/2015-01-14/3400695805_06e3ed8a8ae7228d7c54_original.jpg"
  },
  "teamId": "T02R0MMHK"
}
[05/02/18, 13:21:29:080] info: Store: UPDATE_TEAM_LOCALE
{
  "locale": "en-US",
  "teamId": "T02R0MMHK"
}
[05/02/18, 13:21:29:082] info: Store: UPSERT_WEB_CONTENTS
{
  "id": 3,
  "state": "webapp-loaded",
  "teamId": "T02R0MMHK"
}
[05/02/18, 13:21:29:084] info: Store: SELECT_CHANNEL C8Y1H7TEE
[05/02/18, 13:21:29:085] info: Store: UPDATE_TEAM_LOCALE
{
  "locale": "en-US"
}
[05/02/18, 13:21:29:088] info: Store: UPSERT_WEB_CONTENTS
{
  "id": 4,
  "state": "loaded",
  "teamId": "T5YEC6G73"
}
[05/02/18, 13:21:29:090] info: Store: SELECT_CHANNEL C4JRHEQB1
[05/02/18, 13:21:29:090] info: Store: UPDATE_TEAM_LOCALE
{
  "locale": "ja-JP"
}
[05/02/18, 13:21:29:106] info: Store: UPDATE_TEAM_THEME
{
  "teamId": "T5YEC6G73",
  "theme": {
    "active_item": "#4C9689",
    "active_item_text": "#FFFFFF",
    "active_presence": "#38978D",
    "badge": "#EB4D5C",
    "column_bg": "#4D394B",
    "hover_item": "#3E313C",
    "menu_bg": "#3E313C",
    "text_color": "#FFFFFF"
  }
}
[05/02/18, 13:21:29:107] info: Store: UPDATE_SESSION_STATUS
{
  "hasValidSession": true,
  "teamId": "T5YEC6G73"
}
[05/02/18, 13:21:29:208] info: Store: STORE_API_TOKEN
{
  "teamId": "T02R0MMHK",
  "token": "xoxs-⋯"
}
[05/02/18, 13:21:29:248] info: Store: UPSERT_WEB_CONTENTS
{
  "id": 5,
  "state": "loaded",
  "teamId": "T4HEMM0UR"
}
[05/02/18, 13:21:29:366] info: Store: UPDATE_TEAM_ICONS
{
  "icons": {
    "image_102": "https://slack-files2.s3-us-west-2.amazonaws.com/avatars/2017-06-28/205110093367_6705e64b9b4a8299bd1f_102.png",
    "image_132": "https://slack-files2.s3-us-west-2.amazonaws.com/avatars/2017-06-28/205110093367_6705e64b9b4a8299bd1f_132.png",
    "image_230": "https://slack-files2.s3-us-west-2.amazonaws.com/avatars/2017-06-28/205110093367_6705e64b9b4a8299bd1f_230.png",
    "image_34": "https://slack-files2.s3-us-west-2.amazonaws.com/avatars/2017-06-28/205110093367_6705e64b9b4a8299bd1f_34.png",
    "image_44": "https://slack-files2.s3-us-west-2.amazonaws.com/avatars/2017-06-28/205110093367_6705e64b9b4a8299bd1f_44.png",
    "image_68": "https://slack-files2.s3-us-west-2.amazonaws.com/avatars/2017-06-28/205110093367_6705e64b9b4a8299bd1f_68.png",
    "image_88": "https://slack-files2.s3-us-west-2.amazonaws.com/avatars/2017-06-28/205110093367_6705e64b9b4a8299bd1f_88.png",
    "image_original": "https://slack-files2.s3-us-west-2.amazonaws.com/avatars/2017-06-28/205110093367_6705e64b9b4a8299bd1f_original.png"
  },
  "teamId": "T5YEC6G73"
}
[05/02/18, 13:21:29:370] info: Store: UPDATE_TEAM_LOCALE
{
  "locale": "en-US",
  "teamId": "T5YEC6G73"
}
[05/02/18, 13:21:29:371] info: Store: UPSERT_WEB_CONTENTS
{
  "id": 4,
  "state": "webapp-loaded",
  "teamId": "T5YEC6G73"
}
[05/02/18, 13:21:29:914] info: Store: UPDATE_SESSION_STATUS
{
  "hasValidSession": true,
  "teamId": "T4HEMM0UR"
}
[05/02/18, 13:21:30:124] info: Store: STORE_API_TOKEN
{
  "teamId": "T5YEC6G73",
  "token": "xoxs-⋯"
}
[05/02/18, 13:21:30:125] info: Store: UPDATE_TEAM_LOCALE
{
  "locale": "ja-JP"
}
[05/02/18, 13:21:30:125] info: Store: UPSERT_WEB_CONTENTS
{
  "id": 5,
  "state": "webapp-loaded",
  "teamId": "T4HEMM0UR"
}
[05/02/18, 13:21:30:126] info: Store: STORE_API_TOKEN
{
  "teamId": "T4HEMM0UR",
  "token": "xoxs-⋯"
}
[05/02/18, 13:21:30:126] info: Store: UPDATE_TEAM_THEME
{
  "teamId": "T4HEMM0UR",
  "theme": {
    "active_item": "#4C9689",
    "active_item_text": "#FFFFFF",
    "active_presence": "#38978D",
    "badge": "#EB4D5C",
    "column_bg": "#4D394B",
    "hover_item": "#3E313C",
    "menu_bg": "#3E313C",
    "text_color": "#FFFFFF"
  }
}
[05/02/18, 13:21:30:147] info: Store: UPDATE_TEAM_ICONS
{
  "icons": {
    "image_102": "https://slack-files2.s3-us-west-2.amazonaws.com/avatars/2017-03-15/154610708258_f98e05c23845866960a5_102.png",
    "image_132": "https://slack-files2.s3-us-west-2.amazonaws.com/avatars/2017-03-15/154610708258_f98e05c23845866960a5_132.png",
    "image_230": "https://slack-files2.s3-us-west-2.amazonaws.com/avatars/2017-03-15/154610708258_f98e05c23845866960a5_230.png",
    "image_34": "https://slack-files2.s3-us-west-2.amazonaws.com/avatars/2017-03-15/154610708258_f98e05c23845866960a5_34.png",
    "image_44": "https://slack-files2.s3-us-west-2.amazonaws.com/avatars/2017-03-15/154610708258_f98e05c23845866960a5_44.png",
    "image_68": "https://slack-files2.s3-us-west-2.amazonaws.com/avatars/2017-03-15/154610708258_f98e05c23845866960a5_68.png",
    "image_88": "https://slack-files2.s3-us-west-2.amazonaws.com/avatars/2017-03-15/154610708258_f98e05c23845866960a5_88.png",
    "image_original": "https://slack-files2.s3-us-west-2.amazonaws.com/avatars/2017-03-15/154610708258_f98e05c23845866960a5_original.png"
  },
  "teamId": "T4HEMM0UR"
}
[05/02/18, 13:21:30:738] info: Couldn't detect language for text of length '1658': Not enough reliable text, ignoring sample
[05/02/18, 13:22:29:994] info: Unloading spellchecker
[05/02/18, 13:22:30:039] info: Store: MAIN_WINDOW_FOCUSED
[05/02/18, 13:22:30:090] info: Store: SELECT_TEAM T5YEC6G73
[05/02/18, 13:22:30:097] info: Unloading spellchecker
[05/02/18, 13:22:30:099] info: Unloading spellchecker
[05/02/18, 14:46:25:720] info: Store: SET_FULL_SCREEN
[05/02/18, 14:48:04:661] info: Store: FOREGROUND_APP
[05/02/18, 14:48:04:683] info: Store: MAIN_WINDOW_FOCUSED
[05/02/18, 14:48:07:510] info: Store: SELECT_CHANNEL DA0493S4S
[05/02/18, 14:53:27:136] error: May-2 14:53:27.136 T02R0MMHK SOCKET-MANAGER: Closing socket because #4105: client went offline
[05/02/18, 14:53:27:522] info: Store: SET_NETWORK_STATUS offline
[05/02/18, 14:53:32:583] info: Store: SET_NETWORK_STATUS online
[05/02/18, 14:53:34:367] info: Store: UPDATE_TEAM_ICONS
{
  "icons": {
    "image_102": "https://slack-files2.s3-us-west-2.amazonaws.com/avatars/2015-01-14/3400695805_06e3ed8a8ae7228d7c54_102.jpg",
    "image_132": "https://slack-files2.s3-us-west-2.amazonaws.com/avatars/2015-01-14/3400695805_06e3ed8a8ae7228d7c54_132.jpg",
    "image_230": "https://slack-files2.s3-us-west-2.amazonaws.com/avatars/2015-01-14/3400695805_06e3ed8a8ae7228d7c54_132.jpg",
    "image_34": "https://slack-files2.s3-us-west-2.amazonaws.com/avatars/2015-01-14/3400695805_06e3ed8a8ae7228d7c54_34.jpg",
    "image_44": "https://slack-files2.s3-us-west-2.amazonaws.com/avatars/2015-01-14/3400695805_06e3ed8a8ae7228d7c54_44.jpg",
    "image_68": "https://slack-files2.s3-us-west-2.amazonaws.com/avatars/2015-01-14/3400695805_06e3ed8a8ae7228d7c54_68.jpg",
    "image_88": "https://slack-files2.s3-us-west-2.amazonaws.com/avatars/2015-01-14/3400695805_06e3ed8a8ae7228d7c54_88.jpg",
    "image_original": "https://slack-files2.s3-us-west-2.amazonaws.com/avatars/2015-01-14/3400695805_06e3ed8a8ae7228d7c54_original.jpg"
  },
  "teamId": "T02R0MMHK"
}
[05/02/18, 14:53:34:367] info: Store: UPDATE_TEAM_LOCALE
{
  "locale": "en-US",
  "teamId": "T02R0MMHK"
}
[05/02/18, 14:53:34:714] info: Store: UPDATE_TEAM_ICONS
{
  "icons": {
    "image_102": "https://slack-files2.s3-us-west-2.amazonaws.com/avatars/2017-06-28/205110093367_6705e64b9b4a8299bd1f_102.png",
    "image_132": "https://slack-files2.s3-us-west-2.amazonaws.com/avatars/2017-06-28/205110093367_6705e64b9b4a8299bd1f_132.png",
    "image_230": "https://slack-files2.s3-us-west-2.amazonaws.com/avatars/2017-06-28/205110093367_6705e64b9b4a8299bd1f_230.png",
    "image_34": "https://slack-files2.s3-us-west-2.amazonaws.com/avatars/2017-06-28/205110093367_6705e64b9b4a8299bd1f_34.png",
    "image_44": "https://slack-files2.s3-us-west-2.amazonaws.com/avatars/2017-06-28/205110093367_6705e64b9b4a8299bd1f_44.png",
    "image_68": "https://slack-files2.s3-us-west-2.amazonaws.com/avatars/2017-06-28/205110093367_6705e64b9b4a8299bd1f_68.png",
    "image_88": "https://slack-files2.s3-us-west-2.amazonaws.com/avatars/2017-06-28/205110093367_6705e64b9b4a8299bd1f_88.png",
    "image_original": "https://slack-files2.s3-us-west-2.amazonaws.com/avatars/2017-06-28/205110093367_6705e64b9b4a8299bd1f_original.png"
  },
  "teamId": "T5YEC6G73"
}
[05/02/18, 14:53:34:808] info: Store: UPDATE_TEAM_ICONS
{
  "icons": {
    "image_102": "https://slack-files2.s3-us-west-2.amazonaws.com/avatars/2017-03-15/154610708258_f98e05c23845866960a5_102.png",
    "image_132": "https://slack-files2.s3-us-west-2.amazonaws.com/avatars/2017-03-15/154610708258_f98e05c23845866960a5_132.png",
    "image_230": "https://slack-files2.s3-us-west-2.amazonaws.com/avatars/2017-03-15/154610708258_f98e05c23845866960a5_230.png",
    "image_34": "https://slack-files2.s3-us-west-2.amazonaws.com/avatars/2017-03-15/154610708258_f98e05c23845866960a5_34.png",
    "image_44": "https://slack-files2.s3-us-west-2.amazonaws.com/avatars/2017-03-15/154610708258_f98e05c23845866960a5_44.png",
    "image_68": "https://slack-files2.s3-us-west-2.amazonaws.com/avatars/2017-03-15/154610708258_f98e05c23845866960a5_68.png",
    "image_88": "https://slack-files2.s3-us-west-2.amazonaws.com/avatars/2017-03-15/154610708258_f98e05c23845866960a5_88.png",
    "image_original": "https://slack-files2.s3-us-west-2.amazonaws.com/avatars/2017-03-15/154610708258_f98e05c23845866960a5_original.png"
  },
  "teamId": "T4HEMM0UR"
}
[05/02/18, 14:53:34:846] info: Store: UPDATE_TEAM_LOCALE
{
  "locale": "en-US",
  "teamId": "T5YEC6G73"
}
[05/02/18, 14:53:35:062] info: Store: UPDATE_TEAM_LOCALE
{
  "locale": "ja-JP",
  "teamId": "T4HEMM0UR"
}
[05/02/18, 15:19:04:965] error: May-2 15:19:04.964 T02R0MMHK SOCKET-MANAGER: Closing socket because #4108: unexpected socket closure
[05/02/18, 15:19:36:262] error: May-2 15:19:36.262 T02R0MMHK SOCKET-MANAGER: Closing socket because we spent 30000 ms in wait_for_connectivity state; giving up
[05/02/18, 15:44:26:582] info: Store: SELECT_CHANNEL C8Y1H7TEE
[05/02/18, 16:10:19:629] error: May-2 16:10:19.628 T02R0MMHK SOCKET-MANAGER: Closing socket because #4108: unexpected socket closure
[05/02/18, 16:10:51:262] error: May-2 16:10:51.261 T02R0MMHK SOCKET-MANAGER: Closing socket because we spent 30000 ms in wait_for_connectivity state; giving up
[05/02/18, 16:35:25:025] error: May-2 16:35:25.250 T02R0MMHK SOCKET-MANAGER: Closing socket because #4105: client went offline
[05/02/18, 16:35:25:914] info: Store: SET_NETWORK_STATUS offline
[05/02/18, 16:35:35:914] info: Store: SET_NETWORK_STATUS online
[05/02/18, 16:35:55:913] error: May-2 16:35:55.912 T02R0MMHK SOCKET-MANAGER: Closing socket because we spent 30000 ms in wait_for_connectivity state; giving up
[05/02/18, 16:35:58:294] info: Store: UPDATE_TEAM_ICONS
{
  "icons": {
    "image_102": "https://slack-files2.s3-us-west-2.amazonaws.com/avatars/2017-06-28/205110093367_6705e64b9b4a8299bd1f_102.png",
    "image_132": "https://slack-files2.s3-us-west-2.amazonaws.com/avatars/2017-06-28/205110093367_6705e64b9b4a8299bd1f_132.png",
    "image_230": "https://slack-files2.s3-us-west-2.amazonaws.com/avatars/2017-06-28/205110093367_6705e64b9b4a8299bd1f_230.png",
    "image_34": "https://slack-files2.s3-us-west-2.amazonaws.com/avatars/2017-06-28/205110093367_6705e64b9b4a8299bd1f_34.png",
    "image_44": "https://slack-files2.s3-us-west-2.amazonaws.com/avatars/2017-06-28/205110093367_6705e64b9b4a8299bd1f_44.png",
    "image_68": "https://slack-files2.s3-us-west-2.amazonaws.com/avatars/2017-06-28/205110093367_6705e64b9b4a8299bd1f_68.png",
    "image_88": "https://slack-files2.s3-us-west-2.amazonaws.com/avatars/2017-06-28/205110093367_6705e64b9b4a8299bd1f_88.png",
    "image_original": "https://slack-files2.s3-us-west-2.amazonaws.com/avatars/2017-06-28/205110093367_6705e64b9b4a8299bd1f_original.png"
  },
  "teamId": "T5YEC6G73"
}
[05/02/18, 16:35:58:397] info: Store: UPDATE_TEAM_LOCALE
{
  "locale": "en-US",
  "teamId": "T5YEC6G73"
}
[05/02/18, 16:36:01:333] info: Store: UPDATE_TEAM_ICONS
{
  "icons": {
    "image_102": "https://slack-files2.s3-us-west-2.amazonaws.com/avatars/2017-03-15/154610708258_f98e05c23845866960a5_102.png",
    "image_132": "https://slack-files2.s3-us-west-2.amazonaws.com/avatars/2017-03-15/154610708258_f98e05c23845866960a5_132.png",
    "image_230": "https://slack-files2.s3-us-west-2.amazonaws.com/avatars/2017-03-15/154610708258_f98e05c23845866960a5_230.png",
    "image_34": "https://slack-files2.s3-us-west-2.amazonaws.com/avatars/2017-03-15/154610708258_f98e05c23845866960a5_34.png",
    "image_44": "https://slack-files2.s3-us-west-2.amazonaws.com/avatars/2017-03-15/154610708258_f98e05c23845866960a5_44.png",
    "image_68": "https://slack-files2.s3-us-west-2.amazonaws.com/avatars/2017-03-15/154610708258_f98e05c23845866960a5_68.png",
    "image_88": "https://slack-files2.s3-us-west-2.amazonaws.com/avatars/2017-03-15/154610708258_f98e05c23845866960a5_88.png",
    "image_original": "https://slack-files2.s3-us-west-2.amazonaws.com/avatars/2017-03-15/154610708258_f98e05c23845866960a5_original.png"
  },
  "teamId": "T4HEMM0UR"
}
[05/02/18, 16:36:01:501] info: Store: UPDATE_TEAM_LOCALE
{
  "locale": "ja-JP",
  "teamId": "T4HEMM0UR"
}
[05/02/18, 16:36:02:384] info: Store: UPDATE_TEAM_ICONS
{
  "icons": {
    "image_102": "https://slack-files2.s3-us-west-2.amazonaws.com/avatars/2015-01-14/3400695805_06e3ed8a8ae7228d7c54_102.jpg",
    "image_132": "https://slack-files2.s3-us-west-2.amazonaws.com/avatars/2015-01-14/3400695805_06e3ed8a8ae7228d7c54_132.jpg",
    "image_230": "https://slack-files2.s3-us-west-2.amazonaws.com/avatars/2015-01-14/3400695805_06e3ed8a8ae7228d7c54_132.jpg",
    "image_34": "https://slack-files2.s3-us-west-2.amazonaws.com/avatars/2015-01-14/3400695805_06e3ed8a8ae7228d7c54_34.jpg",
    "image_44": "https://slack-files2.s3-us-west-2.amazonaws.com/avatars/2015-01-14/3400695805_06e3ed8a8ae7228d7c54_44.jpg",
    "image_68": "https://slack-files2.s3-us-west-2.amazonaws.com/avatars/2015-01-14/3400695805_06e3ed8a8ae7228d7c54_68.jpg",
    "image_88": "https://slack-files2.s3-us-west-2.amazonaws.com/avatars/2015-01-14/3400695805_06e3ed8a8ae7228d7c54_88.jpg",
    "image_original": "https://slack-files2.s3-us-west-2.amazonaws.com/avatars/2015-01-14/3400695805_06e3ed8a8ae7228d7c54_original.jpg"
  },
  "teamId": "T02R0MMHK"
}
[05/02/18, 16:36:02:386] info: Store: UPDATE_TEAM_LOCALE
{
  "locale": "en-US",
  "teamId": "T02R0MMHK"
}
[05/02/18, 18:45:37:452] info: Store: FOREGROUND_APP
[05/02/18, 18:45:37:474] info: Store: MAIN_WINDOW_FOCUSED
[05/02/18, 18:45:41:875] info: Store: MAIN_WINDOW_FOCUSED
[05/02/18, 18:45:42:015] info: Store: SELECT_TEAM T02R0MMHK
[05/02/18, 18:45:45:066] info: Store: SELECT_CHANNEL DAG75330Q
[05/02/18, 18:45:49:796] info: Unloading spellchecker
[05/02/18, 18:45:49:817] info: Unloading spellchecker
[05/02/18, 18:45:50:946] info: Couldn't get hint text from messages in channel: Failed to fetch recent messages
[05/02/18, 18:49:31:423] info: Store: SELECT_CHANNEL DA7ARNLMP
[05/02/18, 18:49:37:378] info: Couldn't get hint text from messages in channel: Failed to fetch recent messages
[05/02/18, 18:56:29:713] info: Unloading spellchecker
[05/02/18, 19:36:33:918] info: Store: UNLOAD_WEB_CONTENTS T4HEMM0UR
[05/02/18, 19:45:17:145] info: Store: FOREGROUND_APP
[05/02/18, 19:45:17:222] info: Store: MAIN_WINDOW_FOCUSED
[05/02/18, 19:45:19:795] info: Unloading spellchecker
[05/02/18, 19:45:19:811] info: Store: MAIN_WINDOW_FOCUSED
[05/02/18, 19:45:19:868] info: Store: SELECT_TEAM T5YEC6G73
[05/02/18, 19:45:19:885] info: Unloading spellchecker
[05/02/18, 19:45:19:889] info: Unloading spellchecker
[05/02/18, 19:45:21:191] info: Store: SELECT_CHANNEL DA0493S4S
[05/02/18, 19:48:22:629] info: Store: MAIN_WINDOW_FOCUSED
[05/02/18, 19:48:22:725] info: Store: SELECT_TEAM T02R0MMHK
[05/02/18, 19:48:25:054] info: Store: SELECT_CHANNEL C02TQ0GUS
[05/02/18, 19:48:25:338] info: Couldn't detect language for text of length '1717': Not enough reliable text, ignoring sample
[05/02/18, 19:48:54:110] info: Unloading spellchecker
[05/02/18, 19:48:54:111] info: Unloading spellchecker
[05/02/18, 20:09:31:007] info: Unloading spellchecker
[05/02/18, 20:09:31:040] info: Store: MAIN_WINDOW_FOCUSED
[05/02/18, 20:09:31:210] info: Store: SELECT_TEAM T5YEC6G73
[05/02/18, 20:09:31:225] info: Unloading spellchecker
[05/02/18, 20:09:31:230] info: Unloading spellchecker
[05/02/18, 20:11:59:669] info: Store: MAIN_WINDOW_FOCUSED
[05/02/18, 20:11:59:802] info: Store: SHOW_LOGIN_DIALOG
[05/02/18, 20:12:23:337] info: Store: ADD_NEW_TEAM
{
  "id": "UAGUSJRBL",
  "name": "[REDACTED]",
  "team_id": "T5LFW0CUB",
  "team_name": "[REDACTED]",
  "team_url": "[REDACTED]"
}
[05/02/18, 20:12:23:343] info: Store: UPSERT_WEB_CONTENTS
{
  "id": 52,
  "state": "unloaded",
  "teamId": "T5LFW0CUB"
}
[05/02/18, 20:12:23:392] info: Store: MAIN_WINDOW_FOCUSED
[05/02/18, 20:12:23:402] info: Store: MAIN_WINDOW_FOCUSED
[05/02/18, 20:12:27:528] info: Store: UPSERT_WEB_CONTENTS
{
  "id": 52,
  "state": "loaded",
  "teamId": "T5LFW0CUB"
}
[05/02/18, 20:12:27:839] info: Store: UPDATE_SESSION_STATUS
{
  "hasValidSession": true,
  "teamId": "T5LFW0CUB"
}
[05/02/18, 20:12:28:506] info: Store: UPDATE_TEAM_ICONS
{
  "icons": {
    "image_102": "https://slack-files2.s3-us-west-2.amazonaws.com/avatars/2017-08-21/229801110004_7754c1684d8336d012c4_102.jpg",
    "image_132": "https://slack-files2.s3-us-west-2.amazonaws.com/avatars/2017-08-21/229801110004_7754c1684d8336d012c4_132.jpg",
    "image_230": "https://slack-files2.s3-us-west-2.amazonaws.com/avatars/2017-08-21/229801110004_7754c1684d8336d012c4_230.jpg",
    "image_34": "https://slack-files2.s3-us-west-2.amazonaws.com/avatars/2017-08-21/229801110004_7754c1684d8336d012c4_34.jpg",
    "image_44": "https://slack-files2.s3-us-west-2.amazonaws.com/avatars/2017-08-21/229801110004_7754c1684d8336d012c4_44.jpg",
    "image_68": "https://slack-files2.s3-us-west-2.amazonaws.com/avatars/2017-08-21/229801110004_7754c1684d8336d012c4_68.jpg",
    "image_88": "https://slack-files2.s3-us-west-2.amazonaws.com/avatars/2017-08-21/229801110004_7754c1684d8336d012c4_88.jpg",
    "image_original": "https://slack-files2.s3-us-west-2.amazonaws.com/avatars/2017-08-21/229801110004_7754c1684d8336d012c4_original.jpg"
  },
  "teamId": "T5LFW0CUB"
}
[05/02/18, 20:12:29:056] info: Store: SELECT_CHANNEL C5L1C6CBB
[05/02/18, 20:12:29:077] info: Store: UPDATE_TEAM_LOCALE
{
  "locale": "ja-JP",
  "teamId": "T5LFW0CUB"
}
[05/02/18, 20:12:29:087] info: Store: UPDATE_SETTINGS
{
  "locale": "ja-JP"
}
[05/02/18, 20:12:29:090] info: TranslationLookup: locale set to ja-JP for renderer
[05/02/18, 20:12:29:560] info: Store: UPDATE_TEAM_THEME
{
  "teamId": "T5LFW0CUB",
  "theme": {
    "active_item": "#4C9689",
    "active_item_text": "#FFFFFF",
    "active_presence": "#38978D",
    "badge": "#EB4D5C",
    "column_bg": "#4D394B",
    "hover_item": "#3E313C",
    "menu_bg": "#3E313C",
    "text_color": "#FFFFFF"
  }
}
[05/02/18, 20:12:29:624] info: Store: SELECT_CHANNEL DAGCR0QAV
[05/02/18, 20:12:29:649] info: Store: UPSERT_WEB_CONTENTS
{
  "id": 52,
  "state": "webapp-loaded",
  "teamId": "T5LFW0CUB"
}
[05/02/18, 20:12:30:186] info: Store: STORE_API_TOKEN
{
  "teamId": "T5LFW0CUB",
  "token": "xoxs-⋯"
}
[05/02/18, 20:12:49:375] info: Store: SELECT_CHANNEL C865XL4M6
[05/02/18, 20:13:05:159] info: Store: SELECT_CHANNEL C5LG58E0H
[05/02/18, 20:18:26:640] info: Store: FOREGROUND_APP
[05/02/18, 20:18:28:582] info: Store: MAIN_WINDOW_FOCUSED
[05/02/18, 20:18:30:933] info: Store: SELECT_CHANNEL G80MPJULU
[05/02/18, 20:18:36:967] info: Store: SELECT_CHANNEL C865XL4M6
[05/02/18, 20:18:37:691] info: Store: SELECT_CHANNEL G7GGG2GPN
[05/02/18, 20:18:50:542] info: Store: SELECT_CHANNEL G80MPJULU
[05/02/18, 20:18:52:380] info: Store: SELECT_CHANNEL G7GGG2GPN
[05/02/18, 20:18:53:581] info: Store: SELECT_CHANNEL G80MPJULU
[05/03/18, 06:35:08:019] info: Store: NEW_NOTIFICATION
{
  "avatarImage": "https://ca.slack-edge.com/T5LFW0CUB-U5LG7UH5Z-c9da55558db0-512",
  "channel": "G80MPJULU",
  "content": "[REDACTED]",
  "id": "RBLqFrhOw0mR7oY",
  "imageUri": null,
  "launchUri": "slack://channel?id=G80MPJULU&message=1525264521.000301&team=T5LFW0CUB",
  "msg": "1525264521.000301",
  "silent": true,
  "subtitle": "",
  "teamId": "T5LFW0CUB",
  "title": "[REDACTED]"
}
