[05/07/18, 21:09:41:975] info: ╔════════════════════════════════════════════════════════════════════════════╗
[05/07/18, 21:09:41:976] info: ║      Slack 3.1.1, linux 4.16.6-1-zen on x64 at 05/07/18, 21:09:41:971      ║
[05/07/18, 21:09:41:976] info: ╚════════════════════════════════════════════════════════════════════════════╝
[05/07/18, 21:09:42:098] info: Initializing local storage instance at path: /home/nitoli/.config/Slack/local-settings.json
[05/07/18, 21:09:42:849] error: Calls failed to load, bailing
[05/07/18, 21:09:42:851] info: cld3::loadModule: loading cld3 module
[05/07/18, 21:09:42:909] info: cld3Loader::loadModule: running environment is NODE
[05/07/18, 21:09:42:910] info: cld3Loader::loadModule: constructed module object for runtime
[05/07/18, 21:09:43:594] info: cld3Loader::initializeRuntime: successfully initialized module
[05/07/18, 21:09:43:594] info: cld3Loader::loadModule: initialized wasm binary Runtime
[05/07/18, 21:09:43:605] warn: updateSpellcheckerLanguage: Tried to update language, but spellchecker not initialized
[05/07/18, 21:09:43:606] info: SSBIntegration: Main window preload script loaded 2504.583583
[05/07/18, 21:09:43:626] info: Store: UPDATE_SESSION_STATUS
{
  "hasValidSession": true,
  "teamId": "T4HEMM0UR"
}
[05/07/18, 21:09:43:628] info: Store: UPDATE_SESSION_STATUS
{
  "hasValidSession": true,
  "teamId": "T5LFW0CUB"
}
[05/07/18, 21:09:43:629] info: Store: UPDATE_SESSION_STATUS
{
  "hasValidSession": true,
  "teamId": "T02R0MMHK"
}
[05/07/18, 21:09:43:631] info: Store: UPDATE_SESSION_STATUS
{
  "hasValidSession": true,
  "teamId": "T5YEC6G73"
}
[05/07/18, 21:09:43:632] info: Store: SET_NETWORK_STATUS online
[05/07/18, 21:09:43:632] info: Store: MAIN_WINDOW_SHOWN
[05/07/18, 21:09:43:633] info: Store: UPDATE_SESSION_STATUS
{
  "hasValidSession": true,
  "teamId": "T0GFBAM8C"
}
[05/07/18, 21:09:43:637] info: Store: UPSERT_WEB_CONTENTS
{
  "id": 3,
  "state": "loaded",
  "teamId": "T5YEC6G73"
}
[05/07/18, 21:09:43:638] info: Store: UPSERT_WEB_CONTENTS
{
  "id": 5,
  "state": "loaded",
  "teamId": "T4HEMM0UR"
}
[05/07/18, 21:09:43:640] info: Store: UPSERT_WEB_CONTENTS
{
  "id": 3,
  "state": "empty-page",
  "teamId": "T5YEC6G73"
}
[05/07/18, 21:09:43:640] info: Store: UPSERT_WEB_CONTENTS
{
  "id": 7,
  "state": "loaded",
  "teamId": "T0GFBAM8C"
}
[05/07/18, 21:09:43:649] info: Store: UPSERT_WEB_CONTENTS
{
  "id": 5,
  "state": "empty-page",
  "teamId": "T4HEMM0UR"
}
[05/07/18, 21:09:43:651] info: Store: UPSERT_WEB_CONTENTS
{
  "id": 5,
  "state": "page-will-navigate",
  "teamId": "T4HEMM0UR"
}
[05/07/18, 21:09:43:663] info: Store: UPSERT_WEB_CONTENTS
{
  "id": 7,
  "state": "empty-page",
  "teamId": "T0GFBAM8C"
}
[05/07/18, 21:09:43:674] info: Store: UPSERT_WEB_CONTENTS
{
  "id": 3,
  "state": "page-will-navigate",
  "teamId": "T5YEC6G73"
}
[05/07/18, 21:09:43:695] info: Store: UPSERT_WEB_CONTENTS
{
  "id": 7,
  "state": "page-will-navigate",
  "teamId": "T0GFBAM8C"
}
[05/07/18, 21:09:43:700] info: Window is unloading, winssb is no longer accessible
[05/07/18, 21:09:43:781] info: Store: UPSERT_WEB_CONTENTS
{
  "id": 4,
  "state": "loaded",
  "teamId": "T02R0MMHK"
}
[05/07/18, 21:09:43:803] info: Store: UPSERT_WEB_CONTENTS
{
  "id": 6,
  "state": "loaded",
  "teamId": "T5LFW0CUB"
}
[05/07/18, 21:09:43:813] info: Store: UPSERT_WEB_CONTENTS
{
  "id": 4,
  "state": "empty-page",
  "teamId": "T02R0MMHK"
}
[05/07/18, 21:09:43:820] info: Store: UPSERT_WEB_CONTENTS
{
  "id": 4,
  "state": "page-will-navigate",
  "teamId": "T02R0MMHK"
}
[05/07/18, 21:09:43:837] info: Store: UPSERT_WEB_CONTENTS
{
  "id": 6,
  "state": "empty-page",
  "teamId": "T5LFW0CUB"
}
[05/07/18, 21:09:43:841] info: Store: UPSERT_WEB_CONTENTS
{
  "id": 6,
  "state": "page-will-navigate",
  "teamId": "T5LFW0CUB"
}
[05/07/18, 21:09:43:988] info: Store: UPDATE_SESSION_STATUS
{
  "hasValidSession": true,
  "teamId": "T4HEMM0UR"
}
[05/07/18, 21:09:44:013] info: Store: UPDATE_SESSION_STATUS
{
  "hasValidSession": true,
  "teamId": "T5YEC6G73"
}
[05/07/18, 21:09:44:026] info: Store: UPDATE_SESSION_STATUS
{
  "hasValidSession": true,
  "teamId": "T0GFBAM8C"
}
[05/07/18, 21:09:44:157] info: Store: UPDATE_SESSION_STATUS
{
  "hasValidSession": true,
  "teamId": "T02R0MMHK"
}
[05/07/18, 21:09:44:179] info: Store: UPDATE_SESSION_STATUS
{
  "hasValidSession": true,
  "teamId": "T5LFW0CUB"
}
