[05/07/18, 16:59:49:043] info: ╔════════════════════════════════════════════════════════════════════════════╗
[05/07/18, 16:59:49:044] info: ║      Slack 3.1.1, linux 4.16.6-1-zen on x64 at 05/07/18, 16:59:49:036      ║
[05/07/18, 16:59:49:044] info: ╚════════════════════════════════════════════════════════════════════════════╝
[05/07/18, 16:59:49:285] info: Initializing local storage instance at path: /home/nitoli/.config/Slack/local-settings.json
[05/07/18, 16:59:50:131] error: Calls failed to load, bailing
[05/07/18, 16:59:50:135] info: cld3::loadModule: loading cld3 module
[05/07/18, 16:59:50:196] info: cld3Loader::loadModule: running environment is NODE
[05/07/18, 16:59:50:197] info: cld3Loader::loadModule: constructed module object for runtime
[05/07/18, 16:59:50:801] info: cld3Loader::initializeRuntime: successfully initialized module
[05/07/18, 16:59:50:801] info: cld3Loader::loadModule: initialized wasm binary Runtime
[05/07/18, 16:59:50:817] warn: updateSpellcheckerLanguage: Tried to update language, but spellchecker not initialized
[05/07/18, 16:59:50:818] info: SSBIntegration: Main window preload script loaded 2638.349507
[05/07/18, 16:59:50:843] info: Store: UPSERT_WEB_CONTENTS
{
  "id": 3,
  "state": "loaded",
  "teamId": "T5YEC6G73"
}
[05/07/18, 16:59:50:845] info: Store: UPSERT_WEB_CONTENTS
{
  "id": 3,
  "state": "empty-page",
  "teamId": "T5YEC6G73"
}
[05/07/18, 16:59:50:846] info: Store: UPSERT_WEB_CONTENTS
{
  "id": 3,
  "state": "page-will-navigate",
  "teamId": "T5YEC6G73"
}
[05/07/18, 16:59:50:852] info: Store: UPSERT_WEB_CONTENTS
{
  "id": 5,
  "state": "loaded",
  "teamId": "T4HEMM0UR"
}
[05/07/18, 16:59:50:879] info: Store: UPSERT_WEB_CONTENTS
{
  "id": 5,
  "state": "empty-page",
  "teamId": "T4HEMM0UR"
}
[05/07/18, 16:59:50:885] info: Store: UPSERT_WEB_CONTENTS
{
  "id": 5,
  "state": "page-will-navigate",
  "teamId": "T4HEMM0UR"
}
[05/07/18, 16:59:50:890] info: Window is unloading, winssb is no longer accessible
[05/07/18, 16:59:51:264] info: Store: UPSERT_WEB_CONTENTS
{
  "id": 7,
  "state": "loaded",
  "teamId": "T0GFBAM8C"
}
[05/07/18, 16:59:51:284] info: Store: UPSERT_WEB_CONTENTS
{
  "id": 7,
  "state": "empty-page",
  "teamId": "T0GFBAM8C"
}
[05/07/18, 16:59:51:293] info: Store: UPSERT_WEB_CONTENTS
{
  "id": 7,
  "state": "page-will-navigate",
  "teamId": "T0GFBAM8C"
}
[05/07/18, 16:59:51:324] info: Store: UPSERT_WEB_CONTENTS
{
  "id": 6,
  "state": "loaded",
  "teamId": "T5LFW0CUB"
}
[05/07/18, 16:59:51:350] info: Store: UPSERT_WEB_CONTENTS
{
  "id": 6,
  "state": "empty-page",
  "teamId": "T5LFW0CUB"
}
[05/07/18, 16:59:51:364] info: Store: UPSERT_WEB_CONTENTS
{
  "id": 6,
  "state": "page-will-navigate",
  "teamId": "T5LFW0CUB"
}
[05/07/18, 16:59:51:412] info: Store: UPSERT_WEB_CONTENTS
{
  "id": 4,
  "state": "loaded",
  "teamId": "T02R0MMHK"
}
[05/07/18, 16:59:51:430] info: Store: UPSERT_WEB_CONTENTS
{
  "id": 4,
  "state": "empty-page",
  "teamId": "T02R0MMHK"
}
[05/07/18, 16:59:51:437] info: Store: UPSERT_WEB_CONTENTS
{
  "id": 4,
  "state": "page-will-navigate",
  "teamId": "T02R0MMHK"
}
[05/07/18, 16:59:51:518] info: Store: SET_NETWORK_STATUS offline
[05/07/18, 16:59:51:894] info: Store: UPDATE_SESSION_STATUS
{
  "hasValidSession": true,
  "teamId": "T5YEC6G73"
}
[05/07/18, 16:59:51:915] info: Store: UPDATE_SESSION_STATUS
{
  "hasValidSession": true,
  "teamId": "T5LFW0CUB"
}
[05/07/18, 16:59:51:919] info: Store: UPDATE_SESSION_STATUS
{
  "hasValidSession": true,
  "teamId": "T02R0MMHK"
}
[05/07/18, 16:59:51:923] info: Store: UPDATE_SESSION_STATUS
{
  "hasValidSession": true,
  "teamId": "T4HEMM0UR"
}
[05/07/18, 16:59:51:927] info: Store: UPDATE_SESSION_STATUS
{
  "hasValidSession": true,
  "teamId": "T0GFBAM8C"
}
