[05/07/18, 21:18:08:825] info: ╔════════════════════════════════════════════════════════════════════════════╗
[05/07/18, 21:18:08:832] info: ║      Slack 3.1.1, linux 4.16.6-1-zen on x64 at 05/07/18, 21:18:08:811      ║
[05/07/18, 21:18:08:832] info: ╚════════════════════════════════════════════════════════════════════════════╝
[05/07/18, 21:18:09:099] info: Initializing local storage instance at path: /home/nitoli/.config/Slack/local-settings.json
[05/07/18, 21:18:10:228] error: Calls failed to load, bailing
[05/07/18, 21:18:10:234] info: cld3::loadModule: loading cld3 module
[05/07/18, 21:18:10:319] info: cld3Loader::loadModule: running environment is NODE
[05/07/18, 21:18:10:319] info: cld3Loader::loadModule: constructed module object for runtime
[05/07/18, 21:18:11:335] info: cld3Loader::initializeRuntime: successfully initialized module
[05/07/18, 21:18:11:336] info: cld3Loader::loadModule: initialized wasm binary Runtime
[05/07/18, 21:18:11:370] warn: updateSpellcheckerLanguage: Tried to update language, but spellchecker not initialized
[05/07/18, 21:18:11:371] info: SSBIntegration: Main window preload script loaded 3642.294678
[05/07/18, 21:18:11:418] info: Store: UPSERT_WEB_CONTENTS
{
  "id": 7,
  "state": "loaded",
  "teamId": "T0GFBAM8C"
}
[05/07/18, 21:18:11:423] info: Store: UPSERT_WEB_CONTENTS
{
  "id": 7,
  "state": "empty-page",
  "teamId": "T0GFBAM8C"
}
[05/07/18, 21:18:11:425] info: Store: UPSERT_WEB_CONTENTS
{
  "id": 7,
  "state": "page-will-navigate",
  "teamId": "T0GFBAM8C"
}
[05/07/18, 21:18:11:448] info: Store: UPSERT_WEB_CONTENTS
{
  "id": 5,
  "state": "loaded",
  "teamId": "T4HEMM0UR"
}
[05/07/18, 21:18:11:457] info: Store: UPSERT_WEB_CONTENTS
{
  "id": 5,
  "state": "empty-page",
  "teamId": "T4HEMM0UR"
}
[05/07/18, 21:18:11:466] info: Store: UPSERT_WEB_CONTENTS
{
  "id": 5,
  "state": "page-will-navigate",
  "teamId": "T4HEMM0UR"
}
[05/07/18, 21:18:11:475] info: Window is unloading, winssb is no longer accessible
[05/07/18, 21:18:11:680] info: Store: UPSERT_WEB_CONTENTS
{
  "id": 4,
  "state": "loaded",
  "teamId": "T02R0MMHK"
}
[05/07/18, 21:18:11:717] info: Store: UPSERT_WEB_CONTENTS
{
  "id": 4,
  "state": "empty-page",
  "teamId": "T02R0MMHK"
}
[05/07/18, 21:18:11:720] info: Store: UPSERT_WEB_CONTENTS
{
  "id": 4,
  "state": "page-will-navigate",
  "teamId": "T02R0MMHK"
}
