[05/07/18, 18:28:04:658] info: ╔════════════════════════════════════════════════════════════════════════════╗
[05/07/18, 18:28:04:666] info: ║      Slack 3.1.1, linux 4.16.6-1-zen on x64 at 05/07/18, 18:28:04:651      ║
[05/07/18, 18:28:04:666] info: ╚════════════════════════════════════════════════════════════════════════════╝
[05/07/18, 18:28:04:896] info: Initializing local storage instance at path: /home/nitoli/.config/Slack/local-settings.json
[05/07/18, 18:28:05:652] error: Calls failed to load, bailing
[05/07/18, 18:28:05:654] info: cld3::loadModule: loading cld3 module
[05/07/18, 18:28:05:709] info: cld3Loader::loadModule: running environment is NODE
[05/07/18, 18:28:05:709] info: cld3Loader::loadModule: constructed module object for runtime
[05/07/18, 18:28:06:387] info: cld3Loader::initializeRuntime: successfully initialized module
[05/07/18, 18:28:06:387] info: cld3Loader::loadModule: initialized wasm binary Runtime
[05/07/18, 18:28:06:397] warn: updateSpellcheckerLanguage: Tried to update language, but spellchecker not initialized
[05/07/18, 18:28:06:398] info: SSBIntegration: Main window preload script loaded 2703.954462
[05/07/18, 18:28:06:420] info: Store: SET_NETWORK_STATUS online
[05/07/18, 18:28:06:427] info: Store: UPSERT_WEB_CONTENTS
{
  "id": 7,
  "state": "loaded",
  "teamId": "T0GFBAM8C"
}
[05/07/18, 18:28:06:444] info: Store: UPSERT_WEB_CONTENTS
{
  "id": 5,
  "state": "loaded",
  "teamId": "T4HEMM0UR"
}
[05/07/18, 18:28:06:454] info: Store: UPSERT_WEB_CONTENTS
{
  "id": 7,
  "state": "empty-page",
  "teamId": "T0GFBAM8C"
}
[05/07/18, 18:28:06:468] info: Store: UPSERT_WEB_CONTENTS
{
  "id": 7,
  "state": "page-will-navigate",
  "teamId": "T0GFBAM8C"
}
[05/07/18, 18:28:06:469] info: Store: UPSERT_WEB_CONTENTS
{
  "id": 5,
  "state": "empty-page",
  "teamId": "T4HEMM0UR"
}
[05/07/18, 18:28:06:483] info: Store: UPSERT_WEB_CONTENTS
{
  "id": 5,
  "state": "page-will-navigate",
  "teamId": "T4HEMM0UR"
}
[05/07/18, 18:28:06:492] info: Window is unloading, winssb is no longer accessible
[05/07/18, 18:28:06:497] info: Store: UPSERT_WEB_CONTENTS
{
  "id": 3,
  "state": "loaded",
  "teamId": "T5YEC6G73"
}
[05/07/18, 18:28:06:509] info: Store: MAIN_WINDOW_SHOWN
[05/07/18, 18:28:06:599] info: Store: UPSERT_WEB_CONTENTS
{
  "id": 3,
  "state": "empty-page",
  "teamId": "T5YEC6G73"
}
[05/07/18, 18:28:06:606] info: Store: UPSERT_WEB_CONTENTS
{
  "id": 3,
  "state": "page-will-navigate",
  "teamId": "T5YEC6G73"
}
[05/07/18, 18:28:06:621] info: Store: UPSERT_WEB_CONTENTS
{
  "id": 4,
  "state": "loaded",
  "teamId": "T02R0MMHK"
}
[05/07/18, 18:28:06:668] info: Store: UPSERT_WEB_CONTENTS
{
  "id": 4,
  "state": "empty-page",
  "teamId": "T02R0MMHK"
}
[05/07/18, 18:28:06:684] info: Store: UPSERT_WEB_CONTENTS
{
  "id": 4,
  "state": "page-will-navigate",
  "teamId": "T02R0MMHK"
}
[05/07/18, 18:28:06:735] info: Store: UPSERT_WEB_CONTENTS
{
  "id": 6,
  "state": "loaded",
  "teamId": "T5LFW0CUB"
}
[05/07/18, 18:28:06:754] info: Store: UPSERT_WEB_CONTENTS
{
  "id": 6,
  "state": "empty-page",
  "teamId": "T5LFW0CUB"
}
[05/07/18, 18:28:06:758] info: Store: UPSERT_WEB_CONTENTS
{
  "id": 6,
  "state": "page-will-navigate",
  "teamId": "T5LFW0CUB"
}
[05/07/18, 18:28:06:810] info: Store: UPDATE_SESSION_STATUS
{
  "hasValidSession": true,
  "teamId": "T0GFBAM8C"
}
[05/07/18, 18:28:06:834] info: Store: UPDATE_SESSION_STATUS
{
  "hasValidSession": true,
  "teamId": "T4HEMM0UR"
}
[05/07/18, 18:28:06:839] info: Store: UPDATE_SESSION_STATUS
{
  "hasValidSession": true,
  "teamId": "T5YEC6G73"
}
[05/07/18, 18:28:07:026] info: Store: UPDATE_SESSION_STATUS
{
  "hasValidSession": true,
  "teamId": "T5YEC6G73"
}
[05/07/18, 18:28:07:044] info: Store: UPDATE_SESSION_STATUS
{
  "hasValidSession": true,
  "teamId": "T02R0MMHK"
}
[05/07/18, 18:28:07:190] info: Store: UPDATE_SESSION_STATUS
{
  "hasValidSession": true,
  "teamId": "T5LFW0CUB"
}
[05/07/18, 21:10:55:657] info: ╔════════════════════════════════════════════════════════════════════════════╗
[05/07/18, 21:10:55:658] info: ║      Slack 3.1.1, linux 4.16.6-1-zen on x64 at 05/07/18, 21:10:55:653      ║
[05/07/18, 21:10:55:658] info: ╚════════════════════════════════════════════════════════════════════════════╝
[05/07/18, 21:10:55:922] info: Initializing local storage instance at path: /home/nitoli/.config/Slack/local-settings.json
[05/07/18, 21:10:57:006] error: Calls failed to load, bailing
[05/07/18, 21:10:57:009] info: cld3::loadModule: loading cld3 module
[05/07/18, 21:10:57:137] info: cld3Loader::loadModule: running environment is NODE
[05/07/18, 21:10:57:137] info: cld3Loader::loadModule: constructed module object for runtime
[05/07/18, 21:10:57:790] info: cld3Loader::initializeRuntime: successfully initialized module
[05/07/18, 21:10:57:790] info: cld3Loader::loadModule: initialized wasm binary Runtime
[05/07/18, 21:10:57:799] warn: updateSpellcheckerLanguage: Tried to update language, but spellchecker not initialized
[05/07/18, 21:10:57:800] info: SSBIntegration: Main window preload script loaded 3235.380787
[05/07/18, 21:10:57:830] info: Store: UPSERT_WEB_CONTENTS
{
  "id": 3,
  "state": "loaded",
  "teamId": "T5YEC6G73"
}
[05/07/18, 21:10:57:832] info: Store: UPSERT_WEB_CONTENTS
{
  "id": 5,
  "state": "loaded",
  "teamId": "T4HEMM0UR"
}
[05/07/18, 21:10:57:833] info: Store: UPSERT_WEB_CONTENTS
{
  "id": 3,
  "state": "empty-page",
  "teamId": "T5YEC6G73"
}
[05/07/18, 21:10:57:833] info: Store: UPSERT_WEB_CONTENTS
{
  "id": 3,
  "state": "page-will-navigate",
  "teamId": "T5YEC6G73"
}
[05/07/18, 21:10:57:833] info: Store: UPSERT_WEB_CONTENTS
{
  "id": 5,
  "state": "empty-page",
  "teamId": "T4HEMM0UR"
}
[05/07/18, 21:10:57:834] info: Store: UPSERT_WEB_CONTENTS
{
  "id": 5,
  "state": "page-will-navigate",
  "teamId": "T4HEMM0UR"
}
[05/07/18, 21:10:57:839] info: Store: UPSERT_WEB_CONTENTS
{
  "id": 4,
  "state": "loaded",
  "teamId": "T02R0MMHK"
}
[05/07/18, 21:10:57:843] info: Store: UPSERT_WEB_CONTENTS
{
  "id": 6,
  "state": "loaded",
  "teamId": "T5LFW0CUB"
}
[05/07/18, 21:10:57:850] info: Store: UPSERT_WEB_CONTENTS
{
  "id": 4,
  "state": "empty-page",
  "teamId": "T02R0MMHK"
}
[05/07/18, 21:10:57:866] info: Store: UPSERT_WEB_CONTENTS
{
  "id": 4,
  "state": "page-will-navigate",
  "teamId": "T02R0MMHK"
}
[05/07/18, 21:10:57:867] info: Window is unloading, winssb is no longer accessible
[05/07/18, 21:10:57:878] info: Store: UPSERT_WEB_CONTENTS
{
  "id": 6,
  "state": "empty-page",
  "teamId": "T5LFW0CUB"
}
[05/07/18, 21:10:57:890] info: Store: UPSERT_WEB_CONTENTS
{
  "id": 6,
  "state": "page-will-navigate",
  "teamId": "T5LFW0CUB"
}
[05/07/18, 21:10:58:008] info: Store: UPSERT_WEB_CONTENTS
{
  "id": 7,
  "state": "loaded",
  "teamId": "T0GFBAM8C"
}
[05/07/18, 21:10:58:017] info: Store: UPSERT_WEB_CONTENTS
{
  "id": 7,
  "state": "empty-page",
  "teamId": "T0GFBAM8C"
}
[05/07/18, 21:10:58:022] info: Store: UPSERT_WEB_CONTENTS
{
  "id": 7,
  "state": "page-will-navigate",
  "teamId": "T0GFBAM8C"
}
[05/07/18, 21:10:58:205] info: Store: SET_NETWORK_STATUS offline
[05/07/18, 21:10:58:601] info: Store: UPDATE_SESSION_STATUS
{
  "hasValidSession": true,
  "teamId": "T4HEMM0UR"
}
[05/07/18, 21:10:58:621] info: Store: UPDATE_SESSION_STATUS
{
  "hasValidSession": true,
  "teamId": "T02R0MMHK"
}
[05/07/18, 21:10:58:623] info: Store: UPDATE_SESSION_STATUS
{
  "hasValidSession": true,
  "teamId": "T5LFW0CUB"
}
[05/07/18, 21:10:58:629] info: Store: UPDATE_SESSION_STATUS
{
  "hasValidSession": true,
  "teamId": "T5YEC6G73"
}
[05/07/18, 21:10:58:633] info: Store: UPDATE_SESSION_STATUS
{
  "hasValidSession": true,
  "teamId": "T0GFBAM8C"
}
[05/10/18, 18:53:51:559] info: ╔════════════════════════════════════════════════════════════════════════════╗
[05/10/18, 18:53:51:562] info: ║      Slack 3.1.1, linux 4.16.7-1-zen on x64 at 05/10/18, 18:53:51:531      ║
[05/10/18, 18:53:51:562] info: ╚════════════════════════════════════════════════════════════════════════════╝
[05/10/18, 18:53:52:016] info: Initializing local storage instance at path: /home/nitoli/.config/Slack/local-settings.json
[05/10/18, 18:53:52:880] error: Calls failed to load, bailing
[05/10/18, 18:53:52:883] info: cld3::loadModule: loading cld3 module
[05/10/18, 18:53:52:941] info: cld3Loader::loadModule: running environment is NODE
[05/10/18, 18:53:52:941] info: cld3Loader::loadModule: constructed module object for runtime
[05/10/18, 18:53:53:789] info: cld3Loader::initializeRuntime: successfully initialized module
[05/10/18, 18:53:53:789] info: cld3Loader::loadModule: initialized wasm binary Runtime
[05/10/18, 18:53:53:825] warn: updateSpellcheckerLanguage: Tried to update language, but spellchecker not initialized
[05/10/18, 18:53:53:826] info: SSBIntegration: Main window preload script loaded 4056.413341
[05/10/18, 18:53:53:849] info: Store: SET_NETWORK_STATUS online
[05/10/18, 18:53:53:858] info: Store: UPSERT_WEB_CONTENTS
{
  "id": 4,
  "state": "loaded",
  "teamId": "T02R0MMHK"
}
[05/10/18, 18:53:53:859] info: Store: UPSERT_WEB_CONTENTS
{
  "id": 4,
  "state": "empty-page",
  "teamId": "T02R0MMHK"
}
[05/10/18, 18:53:53:860] info: Store: UPSERT_WEB_CONTENTS
{
  "id": 4,
  "state": "page-will-navigate",
  "teamId": "T02R0MMHK"
}
[05/10/18, 18:53:53:860] info: Store: UPSERT_WEB_CONTENTS
{
  "id": 7,
  "state": "loaded",
  "teamId": "T0GFBAM8C"
}
[05/10/18, 18:53:53:860] info: Store: UPSERT_WEB_CONTENTS
{
  "id": 5,
  "state": "loaded",
  "teamId": "T4HEMM0UR"
}
[05/10/18, 18:53:53:868] info: Store: UPSERT_WEB_CONTENTS
{
  "id": 3,
  "state": "loaded",
  "teamId": "T5YEC6G73"
}
[05/10/18, 18:53:53:902] info: Store: MAIN_WINDOW_SHOWN
[05/10/18, 18:53:53:963] info: Store: UPSERT_WEB_CONTENTS
{
  "id": 5,
  "state": "empty-page",
  "teamId": "T4HEMM0UR"
}
[05/10/18, 18:53:53:968] info: Store: UPSERT_WEB_CONTENTS
{
  "id": 7,
  "state": "empty-page",
  "teamId": "T0GFBAM8C"
}
[05/10/18, 18:53:54:017] info: Store: UPSERT_WEB_CONTENTS
{
  "id": 3,
  "state": "empty-page",
  "teamId": "T5YEC6G73"
}
[05/10/18, 18:53:54:028] info: Store: UPSERT_WEB_CONTENTS
{
  "id": 5,
  "state": "page-will-navigate",
  "teamId": "T4HEMM0UR"
}
[05/10/18, 18:53:54:052] info: Store: UPSERT_WEB_CONTENTS
{
  "id": 7,
  "state": "page-will-navigate",
  "teamId": "T0GFBAM8C"
}
[05/10/18, 18:53:54:055] info: Store: UPSERT_WEB_CONTENTS
{
  "id": 3,
  "state": "page-will-navigate",
  "teamId": "T5YEC6G73"
}
[05/10/18, 18:53:54:058] info: Window is unloading, winssb is no longer accessible
[05/10/18, 18:53:54:093] info: Store: UPDATE_SESSION_STATUS
{
  "hasValidSession": true,
  "teamId": "T0GFBAM8C"
}
[05/10/18, 18:53:54:147] info: Store: UPDATE_SESSION_STATUS
{
  "hasValidSession": true,
  "teamId": "T02R0MMHK"
}
[05/10/18, 18:53:54:167] info: Store: UPDATE_SESSION_STATUS
{
  "hasValidSession": true,
  "teamId": "T4HEMM0UR"
}
[05/10/18, 18:53:54:189] info: Store: UPSERT_WEB_CONTENTS
{
  "id": 6,
  "state": "loaded",
  "teamId": "T5LFW0CUB"
}
[05/10/18, 18:53:54:191] info: Store: UPDATE_SESSION_STATUS
{
  "hasValidSession": true,
  "teamId": "T5YEC6G73"
}
[05/10/18, 18:53:54:212] info: Store: UPSERT_WEB_CONTENTS
{
  "id": 6,
  "state": "empty-page",
  "teamId": "T5LFW0CUB"
}
[05/10/18, 18:53:54:215] info: Store: UPSERT_WEB_CONTENTS
{
  "id": 6,
  "state": "page-will-navigate",
  "teamId": "T5LFW0CUB"
}
[05/10/18, 18:53:54:365] info: Store: UPDATE_SESSION_STATUS
{
  "hasValidSession": true,
  "teamId": "T0GFBAM8C"
}
[05/10/18, 18:53:54:385] info: Store: UPDATE_SESSION_STATUS
{
  "hasValidSession": true,
  "teamId": "T5YEC6G73"
}
[05/10/18, 18:53:54:385] info: Store: UPDATE_SESSION_STATUS
{
  "hasValidSession": true,
  "teamId": "T4HEMM0UR"
}
[05/10/18, 18:53:54:511] info: Store: UPDATE_SESSION_STATUS
{
  "hasValidSession": true,
  "teamId": "T5LFW0CUB"
}
