[05/07/18, 14:31:47:652] info: ╔════════════════════════════════════════════════════════════════════════════╗
[05/07/18, 14:31:47:653] info: ║      Slack 3.1.1, linux 4.16.6-1-zen on x64 at 05/07/18, 14:31:47:642      ║
[05/07/18, 14:31:47:653] info: ╚════════════════════════════════════════════════════════════════════════════╝
[05/07/18, 14:31:47:901] info: Initializing local storage instance at path: /home/nitoli/.config/Slack/local-settings.json
[05/07/18, 14:31:48:703] error: Calls failed to load, bailing
[05/07/18, 14:31:48:706] info: cld3::loadModule: loading cld3 module
[05/07/18, 14:31:48:746] info: cld3Loader::loadModule: running environment is NODE
[05/07/18, 14:31:48:746] info: cld3Loader::loadModule: constructed module object for runtime
[05/07/18, 14:31:49:528] info: cld3Loader::initializeRuntime: successfully initialized module
[05/07/18, 14:31:49:529] info: cld3Loader::loadModule: initialized wasm binary Runtime
[05/07/18, 14:31:49:564] warn: updateSpellcheckerLanguage: Tried to update language, but spellchecker not initialized
[05/07/18, 14:31:49:566] info: SSBIntegration: Main window preload script loaded 2823.010499
[05/07/18, 14:31:49:588] info: Store: UPSERT_WEB_CONTENTS
{
  "id": 5,
  "state": "loaded",
  "teamId": "T4HEMM0UR"
}
[05/07/18, 14:31:49:596] info: Store: UPSERT_WEB_CONTENTS
{
  "id": 5,
  "state": "empty-page",
  "teamId": "T4HEMM0UR"
}
[05/07/18, 14:31:49:596] info: Store: UPSERT_WEB_CONTENTS
{
  "id": 5,
  "state": "page-will-navigate",
  "teamId": "T4HEMM0UR"
}
[05/07/18, 14:31:49:597] info: Store: UPSERT_WEB_CONTENTS
{
  "id": 3,
  "state": "loaded",
  "teamId": "T5YEC6G73"
}
[05/07/18, 14:31:49:597] info: Store: UPSERT_WEB_CONTENTS
{
  "id": 4,
  "state": "loaded",
  "teamId": "T02R0MMHK"
}
[05/07/18, 14:31:49:599] info: Store: UPSERT_WEB_CONTENTS
{
  "id": 4,
  "state": "empty-page",
  "teamId": "T02R0MMHK"
}
[05/07/18, 14:31:49:602] info: Store: UPSERT_WEB_CONTENTS
{
  "id": 3,
  "state": "empty-page",
  "teamId": "T5YEC6G73"
}
[05/07/18, 14:31:49:603] info: Store: UPSERT_WEB_CONTENTS
{
  "id": 4,
  "state": "page-will-navigate",
  "teamId": "T02R0MMHK"
}
[05/07/18, 14:31:49:604] info: Store: UPSERT_WEB_CONTENTS
{
  "id": 3,
  "state": "page-will-navigate",
  "teamId": "T5YEC6G73"
}
[05/07/18, 14:31:49:605] info: Store: UPSERT_WEB_CONTENTS
{
  "id": 7,
  "state": "loaded",
  "teamId": "T0GFBAM8C"
}
[05/07/18, 14:31:49:639] info: Store: UPSERT_WEB_CONTENTS
{
  "id": 7,
  "state": "empty-page",
  "teamId": "T0GFBAM8C"
}
[05/07/18, 14:31:49:647] info: Store: UPSERT_WEB_CONTENTS
{
  "id": 7,
  "state": "page-will-navigate",
  "teamId": "T0GFBAM8C"
}
[05/07/18, 14:31:49:661] info: Window is unloading, winssb is no longer accessible
[05/07/18, 14:31:49:693] info: Store: UPSERT_WEB_CONTENTS
{
  "id": 6,
  "state": "loaded",
  "teamId": "T5LFW0CUB"
}
[05/07/18, 14:31:49:757] info: Store: UPSERT_WEB_CONTENTS
{
  "id": 6,
  "state": "empty-page",
  "teamId": "T5LFW0CUB"
}
[05/07/18, 14:31:49:770] info: Store: UPSERT_WEB_CONTENTS
{
  "id": 6,
  "state": "page-will-navigate",
  "teamId": "T5LFW0CUB"
}
